1.2083 	WARNING 	We strongly recommend you activate the PTB sound engine in PsychoPy prefs as the preferred audio engine. Its timing is vastly superior. Your prefs are currently set to use ['sounddevice', 'PTB', 'pyo', 'pygame'] (in that order).
4.8519 	EXP 	Created window1 = Window(allowGUI=True, allowStencil=False, autoLog=True, backendConf=UNKNOWN, bitsMode=UNKNOWN, blendMode='avg', bpc=(8, 8, 8), color=array([0., 0., 0.]), colorSpace='rgb', depthBits=8, fullscr=<method-wrapper '__getattribute__' of attributeSetter object at 0x00000145D419D250>, gamma=None, gammaErrorPolicy='raise', lms=UNKNOWN, monitor=<psychopy.monitors.calibTools.Monitor object at 0x00000145D45B13D0>, multiSample=False, name='window1', numSamples=2, pos=(0, 0), screen=0, size=array([1920, 1080]), stencilBits=0, stereo=False, units='height', useFBO=True, useRetina=False, viewOri=0.0, viewPos=None, viewScale=None, waitBlanking=True, winType='pyglet')
4.8519 	EXP 	window1: mouseVisible = True
4.8519 	EXP 	window1: mouseVisible = False
4.8519 	EXP 	window1: Attempting to measure frame rate of screen (0) ...
4.8520 	EXP 	window1: recordFrameIntervals = False
4.9215 	EXP 	window1: recordFrameIntervals = True
4.9979 	EXP 	Screen (0) actual frame rate measured at 144.25Hz
4.9979 	EXP 	window1: recordFrameIntervals = False
6.2715 	EXP 	Created textBlank500 = TextStim(__class__=<class 'psychopy.visual.text.TextStim'>, alignHoriz=method-wrapper(...), alignText='center', alignVert=method-wrapper(...), anchorHoriz='center', anchorVert='center', antialias=True, autoDraw=False, autoLog=True, bold=False, color=array([0., 0., 0.]), colorSpace='rgb', contrast=1.0, depth=0.0, flipHoriz=False, flipVert=False, font='Open Sans', fontFiles=[], height=0.05, italic=False, languageStyle='LTR', name='textBlank500', opacity=1.0, ori=0.0, pos=array([0., 0.]), rgb=UNKNOWN, text='', units='height', win=Window(...), wrapWidth=1)
6.2727 	EXP 	Created fixationITI = ShapeStim(__class__=<class 'psychopy.visual.shape.ShapeStim'>, anchor=('center', 'center'), autoDraw=False, autoLog=True, closeShape=True, color=method-wrapper(...), colorSpace='rgb', contrast=None, depth=0.0, fillColor=array([0., 0., 0.]), fillColorSpace='rgb', fillRGB=array([0., 0., 0.]), interpolate=True, lineColor=array([1, 1, 1]), lineColorSpace='rgb', lineRGB=array([1, 1, 1]), lineWidth=1.0, name='fixationITI', opacity=1.0, ori=0.0, pos=array([0., 0.]), size=array([0.1, 0.1]), units='height', vertices=ndarray(...), win=Window(...), windingRule=None)
6.2733 	EXP 	Created polygonCol = Rect(__class__=<class 'psychopy.visual.rect.Rect'>, anchor=('center', 'center'), autoDraw=False, autoLog=True, closeShape=True, color=method-wrapper(...), colorSpace='rgb', contrast=None, depth=0.0, fillColor=array([1, 1, 1]), fillColorSpace='rgb', fillRGB=array([1, 1, 1]), interpolate=True, lineColor=array([1, 1, 1]), lineColorSpace='rgb', lineRGB=array([1, 1, 1]), lineWidth=1.0, name='polygonCol', opacity=1.0, ori=0.0, pos=array([0., 0.]), size=array([0.55, 0.55]), units='height', vertices=ndarray(...), win=Window(...))
6.2739 	EXP 	Created polygonWh = Rect(__class__=<class 'psychopy.visual.rect.Rect'>, anchor=('center', 'center'), autoDraw=False, autoLog=True, closeShape=True, color=method-wrapper(...), colorSpace='rgb', contrast=None, depth=-1.0, fillColor=array([1, 1, 1]), fillColorSpace='rgb', fillRGB=array([1, 1, 1]), interpolate=True, lineColor=array([1, 1, 1]), lineColorSpace='rgb', lineRGB=array([1, 1, 1]), lineWidth=1.0, name='polygonWh', opacity=1.0, ori=0.0, pos=array([0., 0.]), size=array([0.5, 0.5]), units='height', vertices=ndarray(...), win=Window(...))
6.2742 	EXP 	Created textCue = TextStim(__class__=<class 'psychopy.visual.text.TextStim'>, alignHoriz=method-wrapper(...), alignText='center', alignVert=method-wrapper(...), anchorHoriz='center', anchorVert='center', antialias=True, autoDraw=False, autoLog=True, bold=False, color=array([1, 1, 1]), colorSpace='rgb', contrast=1.0, depth=-2.0, flipHoriz=False, flipVert=False, font='Open Sans', fontFiles=[], height=0.05, italic=False, languageStyle='LTR', name='textCue', opacity=1.0, ori=0.0, pos=array([0.  , 0.35]), rgb=UNKNOWN, text='', units='height', win=Window(...), wrapWidth=1)
6.2800 	EXP 	Created imagePractice = ImageStim(__class__=<class 'psychopy.visual.image.ImageStim'>, anchor=('center', 'center'), autoLog=True, color=array([0., 0., 0.]), colorSpace='rgb', contrast=1.0, depth=-3.0, flipHoriz=False, flipVert=False, image='sin', interpolate=True, mask=None, maskParams=None, name='imagePractice', opacity=1.0, ori=0.0, pos=array([0., 0.]), size=array([0.5, 0.5]), texRes=128.0, units='height', win=Window(...))
6.2805 	EXP 	Created polygonText = Rect(__class__=<class 'psychopy.visual.rect.Rect'>, anchor=('center', 'center'), autoDraw=False, autoLog=True, closeShape=True, color=method-wrapper(...), colorSpace='rgb', contrast=None, depth=-4.0, fillColor=array([0.9216, 0.9216, 0.9216]), fillColorSpace='rgb', fillRGB=array([0.9216, 0.9216, 0.9216]), interpolate=True, lineColor=array([0.9216, 0.9216, 0.9216]), lineColorSpace='rgb', lineRGB=array([0.9216, 0.9216, 0.9216]), lineWidth=1.0, name='polygonText', opacity=1.0, ori=0.0, pos=array([0., 0.]), size=array([0.2, 0.1]), units='height', vertices=ndarray(...), win=Window(...))
6.2808 	EXP 	Created textPractice = TextStim(__class__=<class 'psychopy.visual.text.TextStim'>, alignHoriz=method-wrapper(...), alignText='center', alignVert=method-wrapper(...), anchorHoriz='center', anchorVert='center', antialias=True, autoDraw=False, autoLog=True, bold=False, color=array([-1., -1., -1.]), colorSpace='rgb', contrast=1.0, depth=-5.0, flipHoriz=False, flipVert=False, font='Open Sans', fontFiles=[], height=0.05, italic=False, languageStyle='LTR', name='textPractice', opacity=1.0, ori=0.0, pos=array([0., 0.]), rgb=UNKNOWN, text='', units='height', win=Window(...), wrapWidth=1)
6.4608 	EXP 	Created textBlank500 = TextStim(__class__=<class 'psychopy.visual.text.TextStim'>, alignHoriz=method-wrapper(...), alignText='center', alignVert=method-wrapper(...), anchorHoriz='center', anchorVert='center', antialias=True, autoDraw=False, autoLog=True, bold=False, color=array([0., 0., 0.]), colorSpace='rgb', contrast=1.0, depth=0.0, flipHoriz=False, flipVert=False, font='Open Sans', fontFiles=[], height=0.05, italic=False, languageStyle='LTR', name='textBlank500', opacity=1.0, ori=0.0, pos=array([0., 0.]), rgb=UNKNOWN, text='', units='height', win=Window(...), wrapWidth=1)
6.4614 	EXP 	Created textBlank500 = TextStim(__class__=<class 'psychopy.visual.text.TextStim'>, alignHoriz=method-wrapper(...), alignText='center', alignVert=method-wrapper(...), anchorHoriz='center', anchorVert='center', antialias=True, autoDraw=False, autoLog=True, bold=False, color=array([0., 0., 0.]), colorSpace='rgb', contrast=1.0, depth=0.0, flipHoriz=False, flipVert=False, font='Open Sans', fontFiles=[], height=0.05, italic=False, languageStyle='LTR', name='textBlank500', opacity=1.0, ori=0.0, pos=array([0., 0.]), rgb=UNKNOWN, text='', units='height', win=Window(...), wrapWidth=1)
6.4947 	EXP 	textboxInstr1: autoLog = True
6.4947 	EXP 	textboxInstr1_2: autoLog = True
6.4947 	EXP 	textboxInstr1_3: autoLog = True
6.4947 	EXP 	textboxInstr1_4: autoLog = True
6.4947 	EXP 	textboxInstr1_5: autoLog = True
6.4947 	EXP 	textboxInstr1_6: autoLog = True
6.4947 	EXP 	textboxInstr1_7: autoLog = True
6.4947 	EXP 	textboxInstr1_8: autoLog = True
6.4947 	EXP 	textboxInstr1_9: autoLog = True
6.4947 	EXP 	textboxInstr1_10: autoLog = True
6.4947 	EXP 	textboxInstr2: autoLog = True
6.4947 	EXP 	textboxInstr3: autoLog = True
6.4947 	EXP 	textboxInstrPractice: autoLog = True
6.4947 	EXP 	textboxInstrPractice_2: autoLog = True
6.4947 	EXP 	textboxInstrPractice_3: autoLog = True
6.4947 	EXP 	textboxInstrPractice_4: autoLog = True
6.4947 	EXP 	textboxInstrPractice_5: autoLog = True
6.4947 	EXP 	textboxInstrPractice_6: autoLog = True
6.4947 	EXP 	textboxInstrPractice_7: autoLog = True
6.4947 	EXP 	textboxInstrPractice_8: autoLog = True
6.4947 	EXP 	textboxInstrPractice_9: autoLog = True
6.4947 	EXP 	textboxInstrPractice_10: autoLog = True
6.4947 	EXP 	textboxInstrPractice_11: autoLog = True
6.4947 	EXP 	textboxInstrPractice_12: autoLog = True
6.4947 	EXP 	textboxInstrPractice_13: autoLog = True
6.4947 	EXP 	textboxInstrPractice_14: autoLog = True
6.4947 	EXP 	textboxInstrPractice_15: autoLog = True
6.4947 	EXP 	textboxInstrPractice_16: autoLog = True
6.4947 	EXP 	textboxInstrPractice_17: autoLog = True
6.4947 	EXP 	textboxEndPracrice: autoLog = True
6.4947 	EXP 	textboxInstr1: autoDraw = True
6.4947 	EXP 	textboxInstr1_2: autoDraw = True
6.4947 	EXP 	textboxInstr1_3: autoDraw = True
6.4947 	EXP 	textboxInstr1_4: autoDraw = True
6.4947 	EXP 	textboxInstr1_5: autoDraw = True
6.4947 	EXP 	textboxInstr1_6: autoDraw = True
6.4947 	EXP 	textboxInstr1_7: autoDraw = True
6.4947 	EXP 	textboxInstr1_8: autoDraw = True
6.4947 	EXP 	textboxInstr1_9: autoDraw = True
6.4947 	EXP 	textboxInstr1_10: autoDraw = True
7.6003 	DATA 	Keypress: space
7.6234 	EXP 	textboxInstr1: autoDraw = False
7.6234 	EXP 	textboxInstr1_2: autoDraw = False
7.6234 	EXP 	textboxInstr1_3: autoDraw = False
7.6234 	EXP 	textboxInstr1_4: autoDraw = False
7.6234 	EXP 	textboxInstr1_5: autoDraw = False
7.6234 	EXP 	textboxInstr1_6: autoDraw = False
7.6234 	EXP 	textboxInstr1_7: autoDraw = False
7.6234 	EXP 	textboxInstr1_8: autoDraw = False
7.6234 	EXP 	textboxInstr1_9: autoDraw = False
7.6234 	EXP 	textboxInstr1_10: autoDraw = False
7.6234 	EXP 	textboxInstr2: autoDraw = True
7.8893 	DATA 	Keypress: space
7.8940 	EXP 	textboxInstr2: autoDraw = False
7.8940 	EXP 	textboxInstr3: autoDraw = True
8.1238 	DATA 	Keypress: space
8.1370 	EXP 	textboxInstr3: autoDraw = False
8.1370 	EXP 	textboxInstrPractice: autoDraw = True
8.1370 	EXP 	textboxInstrPractice_2: autoDraw = True
8.1370 	EXP 	textboxInstrPractice_3: autoDraw = True
8.1370 	EXP 	textboxInstrPractice_4: autoDraw = True
8.1370 	EXP 	textboxInstrPractice_5: autoDraw = True
8.1370 	EXP 	textboxInstrPractice_6: autoDraw = True
8.1370 	EXP 	textboxInstrPractice_7: autoDraw = True
8.1370 	EXP 	textboxInstrPractice_8: autoDraw = True
8.1370 	EXP 	textboxInstrPractice_9: autoDraw = True
8.1370 	EXP 	textboxInstrPractice_10: autoDraw = True
8.1370 	EXP 	textboxInstrPractice_11: autoDraw = True
8.1370 	EXP 	textboxInstrPractice_12: autoDraw = True
8.1370 	EXP 	textboxInstrPractice_13: autoDraw = True
8.1370 	EXP 	textboxInstrPractice_14: autoDraw = True
8.1370 	EXP 	textboxInstrPractice_15: autoDraw = True
8.1370 	EXP 	textboxInstrPractice_16: autoDraw = True
8.1370 	EXP 	textboxInstrPractice_17: autoDraw = True
8.4301 	DATA 	Keypress: space
8.4360 	EXP 	textboxInstrPractice: autoDraw = False
8.4360 	EXP 	textboxInstrPractice_2: autoDraw = False
8.4360 	EXP 	textboxInstrPractice_3: autoDraw = False
8.4360 	EXP 	textboxInstrPractice_4: autoDraw = False
8.4360 	EXP 	textboxInstrPractice_5: autoDraw = False
8.4360 	EXP 	textboxInstrPractice_6: autoDraw = False
8.4360 	EXP 	textboxInstrPractice_7: autoDraw = False
8.4360 	EXP 	textboxInstrPractice_8: autoDraw = False
8.4360 	EXP 	textboxInstrPractice_9: autoDraw = False
8.4360 	EXP 	textboxInstrPractice_10: autoDraw = False
8.4360 	EXP 	textboxInstrPractice_11: autoDraw = False
8.4360 	EXP 	textboxInstrPractice_12: autoDraw = False
8.4360 	EXP 	textboxInstrPractice_13: autoDraw = False
8.4360 	EXP 	textboxInstrPractice_14: autoDraw = False
8.4360 	EXP 	textboxInstrPractice_15: autoDraw = False
8.4360 	EXP 	textboxInstrPractice_16: autoDraw = False
8.4360 	EXP 	textboxInstrPractice_17: autoDraw = False
8.4360 	EXP 	textBlank500: autoDraw = True
8.9351 	EXP 	Imported repswitch_practice1_version1.xlsx as conditions, 12 conditions, 4 params
8.9354 	EXP 	Created sequence: sequential, trialTypes=12, nReps=1, seed=None
8.9356 	EXP 	New trial (rep=0, index=0): {'image': 'REPSWITCH1_Practice/PICTURE_612.png', 'correctAns': 'rana', 'respModal': 'TECLEA', 'frameColor': 'darkblue'}
8.9427 	EXP 	textBlank500: autoDraw = False
8.9427 	EXP 	textBlank500: autoDraw = False
8.9427 	EXP 	fixationITI: autoDraw = True
10.0267 	EXP 	fixationITI: autoDraw = False
10.0267 	EXP 	fixationITI: autoDraw = False
10.0267 	EXP 	polygonCol: fillColor = <psychopy.colors.Color: darkblue, alpha=1.0>
10.0267 	EXP 	polygonCol: borderColor = <psychopy.colors.Color: darkblue, alpha=1.0>
10.0267 	EXP 	textCue: foreColor = <psychopy.colors.Color: darkblue, alpha=1.0>
10.0267 	EXP 	imagePractice: image = 'REPSWITCH1_Practice/PICTURE_612.png'
10.0267 	EXP 	polygonCol: autoDraw = True
10.0267 	EXP 	polygonWh: autoDraw = True
10.0267 	EXP 	textCue: autoDraw = True
10.0267 	EXP 	imagePractice: autoDraw = True
10.0267 	EXP 	polygonText: autoDraw = True
10.0267 	EXP 	textPractice: autoDraw = True
10.0267 	EXP 	textPractice: height = 0.05
10.0267 	EXP 	textPractice: height = 0.05
10.0267 	EXP 	textPractice: height = 0.05
10.0267 	EXP 	textPractice: text = ''
10.0343 	DATA 	Keypress: space
10.8667 	DATA 	Keypress: space
12.9442 	DATA 	Keypress: space
13.0405 	EXP 	polygonCol: autoDraw = False
13.0405 	EXP 	polygonWh: autoDraw = False
13.0405 	EXP 	textCue: autoDraw = False
13.0405 	EXP 	imagePractice: autoDraw = False
13.0405 	EXP 	polygonText: autoDraw = False
13.0405 	EXP 	textPractice: autoDraw = False
13.0405 	EXP 	textBlank500: autoDraw = True
13.5338 	EXP 	New trial (rep=0, index=1): {'image': 'REPSWITCH1_Practice/PICTURE_599.png', 'correctAns': 'nube', 'respModal': 'HABLA', 'frameColor': 'gold'}
13.5404 	EXP 	textBlank500: autoDraw = False
13.5404 	EXP 	textBlank500: autoDraw = False
13.5404 	EXP 	fixationITI: autoDraw = True
14.5757 	EXP 	fixationITI: autoDraw = False
14.5757 	EXP 	fixationITI: autoDraw = False
14.5757 	EXP 	polygonCol: fillColor = <psychopy.colors.Color: gold, alpha=1.0>
14.5757 	EXP 	polygonCol: borderColor = <psychopy.colors.Color: gold, alpha=1.0>
14.5757 	EXP 	textCue: foreColor = <psychopy.colors.Color: gold, alpha=1.0>
14.5757 	EXP 	imagePractice: image = 'REPSWITCH1_Practice/PICTURE_599.png'
14.5757 	EXP 	polygonCol: autoDraw = True
14.5757 	EXP 	polygonWh: autoDraw = True
14.5757 	EXP 	textCue: autoDraw = True
14.5757 	EXP 	imagePractice: autoDraw = True
14.5757 	EXP 	polygonText: autoDraw = True
14.5757 	EXP 	textPractice: autoDraw = True
14.6596 	DATA 	Keypress: space
15.3254 	DATA 	Keypress: space
17.6037 	EXP 	polygonCol: autoDraw = False
17.6037 	EXP 	polygonWh: autoDraw = False
17.6037 	EXP 	textCue: autoDraw = False
17.6037 	EXP 	imagePractice: autoDraw = False
17.6037 	EXP 	polygonText: autoDraw = False
17.6037 	EXP 	textPractice: autoDraw = False
17.6037 	EXP 	textBlank500: autoDraw = True
18.0968 	EXP 	New trial (rep=0, index=2): {'image': 'REPSWITCH1_Practice/PICTURE_570.png', 'correctAns': 'toro', 'respModal': 'TECLEA', 'frameColor': 'darkblue'}
18.1036 	EXP 	textBlank500: autoDraw = False
18.1036 	EXP 	fixationITI: autoDraw = True
18.7989 	DATA 	Keypress: escape
19.0883 	EXP 	window1: mouseVisible = True
