Scenario - caja.sce
Logfile written - 11/10/2023 14:34:09

Subject	Trial	Event Type	Code	Time	TTime	Uncertainty	Duration	Uncertainty	ReqTime	ReqDur	Stim Type	Pair Index

010101	1	Response	98	55682	45613	1
010101	3	Sound	snd_novia	59945	8	208			0		other	0
010101	3	Key Input	78	77743	17806	1
010101	3	Key Input	79	82432	22495	1
010101	3	Key Input	66	86952	27015	1
010101	3	Key Input	79	88762	28825	1
010101	3	Text Input	NOBO	89937	30000	0
010101	5	Sound	snd_fresa	94178	0	1			0		other	0
010101	5	Key Input	71	111982	17805	1
010101	5	Key Input	82	115272	21094	1
010101	5	Key Input	69	118842	24665	1
010101	5	Text Input	GRE	124178	30000	0
010101	7	Sound	snd_huella	128349	0	1			0		other	0
010101	7	Key Input	72	152342	23993	1
010101	7	Key Input	73	156232	27883	1
010101	7	Text Input	HI	158349	30000	0
010101	9	Sound	snd_gafas	162520	0	1			0		other	0
010101	9	Key Input	71	185082	22562	1
010101	9	Key Input	65	188092	25572	1
010101	9	Text Input	GA	192520	30000	0
010101	11	Sound	snd_pistola	196761	0	1			0		other	0
010101	11	Key Input	80	208172	11411	1
010101	11	Key Input	73	211642	14881	1
010101	11	Key Input	68	213382	16621	1
010101	11	Key Input	84	217271	20511	1
010101	11	Key Input	79	218012	21251	1
010101	11	Key Input	76	221511	24751	1
010101	11	Key Input	65	222422	25661	1
010101	11	Text Input	PIDTOLA	226761	30000	0
010101	13	Sound	snd_pimiento	230932	0	1			0		other	0
010101	13	Key Input	80	243072	12140	1
010101	13	Key Input	73	245532	14600	1
010101	13	Key Input	77	250912	19980	1
010101	13	Key Input	73	251882	20950	1
010101	13	Key Input	69	253322	22390	1
010101	13	Key Input	78	255492	24560	1
010101	13	Key Input	84	256632	25700	1
010101	13	Key Input	79	258142	27210	1
010101	13	Text Input	PIMIENTO	260932	30000	0
010101	15	Sound	snd_hada	265103	0	1			0		other	0
010101	15	Key Input	65	277312	12209	1
010101	15	Key Input	78	280432	15329	1
010101	15	Key Input	65	282382	17279	1
010101	15	Text Input	ANA	295103	30000	0
010101	17	Sound	snd_molino	299344	0	1			0		other	0
010101	17	Key Input	77	311182	11838	1
010101	17	Key Input	79	312441	13098	1
010101	17	Key Input	76	316131	16788	1
010101	17	Key Input	73	318441	19098	1
010101	17	Key Input	78	321632	22288	1
010101	17	Key Input	79	323122	23779	1
010101	17	Text Input	MOLINO	329343	30000	0
010101	19	Sound	snd_foca	333515	0	1			0		other	0
010101	19	Key Input	71	348401	14887	1
010101	19	Key Input	79	350341	16826	1
010101	19	Key Input	88	360301	26787	1
010101	19	Text Input	GOX	363515	30000	0
010101	21	Sound	snd_cartera	367686	0	1			0		other	0
010101	21	Key Input	86	381552	13866	1
010101	21	Key Input	65	385772	18086	1
010101	21	Key Input	82	390232	22546	1
010101	21	Key Input	84	393872	26186	1
010101	21	Key Input	69	396491	28806	1
010101	21	Text Input	VARTE	397686	30000	0
010101	23	Sound	snd_humo	401926	0	1			0		other	0
010101	23	Key Input	72	414762	12836	1
010101	23	Key Input	85	416962	15036	1
010101	23	Key Input	77	420622	18696	1
010101	23	Key Input	79	422032	20106	1
010101	23	Text Input	HUMO	431926	30000	0
010101	25	Sound	snd_sangre	436167	0	1			0		other	0
010101	25	Key Input	83	447402	11235	1
010101	25	Key Input	65	448902	12735	1
010101	25	Key Input	78	452612	16445	1
010101	25	Key Input	71	459682	23515	1
010101	25	Key Input	52	461672	25505	1
010101	25	Key Input	82	464092	27925	1
010101	25	Text Input	SANG4R	466167	30000	0
010101	27	Sound	snd_cafetera	470338	0	1			0		other	0
010101	27	Key Input	86	494812	24474	1
010101	27	Key Input	65	497552	27214	1
010101	27	Text Input	VA	500338	30000	0
010101	29	Sound	snd_caramelo	504579	0	1			0		other	0
010101	29	Key Input	86	515762	11183	1
010101	29	Key Input	65	518502	13923	1
010101	29	Key Input	82	524242	19663	1
010101	29	Key Input	65	526072	21493	1
010101	29	Key Input	77	530731	26153	1
010101	29	Key Input	69	532412	27833	1
010101	29	Text Input	VARAME	534579	30000	0
010101	31	Sound	snd_persiana	538819	0	1			0		other	0
010101	31	Key Input	80	549842	11023	1
010101	31	Key Input	69	550982	12163	1
010101	31	Key Input	82	553271	14452	1
010101	31	Key Input	83	557442	18623	1
010101	31	Key Input	79	559022	20203	1
010101	31	Key Input	65	560822	22003	1
010101	31	Key Input	78	565141	26322	1
010101	31	Key Input	65	566111	27292	1
010101	31	Text Input	PERSOANA	568819	30000	0
010101	33	Sound	snd_cresta	573060	0	1			0		other	0
010101	33	Key Input	86	585862	12802	1
010101	33	Key Input	82	590272	17212	1
010101	33	Key Input	69	591062	18002	1
010101	33	Key Input	83	594852	21792	1
010101	33	Key Input	84	599662	26602	1
010101	33	Key Input	65	600961	27902	1
010101	33	Text Input	VRESTA	603060	30000	0
010101	35	Sound	snd_paja	607231	0	1			0		other	0
010101	35	Key Input	80	615371	8140	1
010101	35	Key Input	65	617311	10080	1
010101	35	Key Input	74	628551	21321	1
010101	35	Key Input	65	630061	22830	1
010101	35	Text Input	PAJA	637231	30000	0
010101	37	Sound	snd_cepillo	641402	0	1			0		other	0
010101	37	Key Input	67	652232	10830	1
010101	37	Key Input	69	656522	15120	1
010101	37	Key Input	80	659922	18520	1
010101	37	Key Input	73	662222	20820	1
010101	37	Key Input	76	667402	26000	1
010101	37	Key Input	76	669052	27650	1
010101	37	Text Input	CEPILL	671402	30000	0
010101	39	Sound	snd_columpio	675573	0	1			0		other	0
010101	39	Key Input	67	688592	13019	1
010101	39	Key Input	79	691552	15979	1
010101	39	Key Input	209	698962	23389	1
010101	39	Key Input	73	702232	26659	1
010101	39	Key Input	44	705252	29679	1
010101	39	Text Input	COÑI,	705573	30000	0
010101	41	Sound	snd_dinero	709744	0	1			0		other	0
010101	41	Key Input	83	727542	17798	1
010101	41	Key Input	79	729942	20197	1
010101	41	Key Input	78	736062	26317	1
010101	41	Key Input	69	737312	27567	1
010101	41	Text Input	SONE	739744	30000	0
010101	43	Sound	snd_naranja	743985	0	1			0		other	0
010101	43	Key Input	78	756391	12406	1
010101	43	Key Input	65	758681	14696	1
010101	43	Key Input	82	763631	19646	1
010101	43	Key Input	65	765331	21346	1
010101	43	Text Input	NARA	773985	30000	0
010101	45	Sound	snd_taza	778156	0	1			0		other	0
010101	45	Key Input	84	791742	13586	1
010101	45	Key Input	65	794581	16425	1
010101	45	Key Input	90	800011	21855	1
010101	45	Key Input	65	801362	23206	1
010101	45	Text Input	TAZA	808156	30000	0
010101	47	Sound	snd_regadera	812327	0	1			0		other	0
010101	47	Key Input	82	828081	15754	1
010101	47	Key Input	69	828531	16204	1
010101	47	Key Input	71	833771	21444	1
010101	47	Key Input	65	835391	23064	1
010101	47	Key Input	70	837950	25623	1
010101	47	Key Input	69	838761	26434	1
010101	47	Text Input	REGAFE	842327	30000	0
010101	49	Sound	snd_labio	846568	0	1			0		other	0
010101	49	Key Input	76	859161	12594	1
010101	49	Key Input	65	860882	14314	1
010101	49	Key Input	86	866571	20003	1
010101	49	Key Input	73	867762	21194	1
010101	49	Key Input	79	868852	22284	1
010101	49	Text Input	LAVIO	876568	30000	0
010101	51	Sound	snd_lobo	880809	0	1			0		other	0
010101	51	Key Input	76	892752	11944	1
010101	51	Key Input	79	895212	14403	1
010101	51	Key Input	67	902521	21713	1
010101	51	Key Input	79	903841	23033	1
010101	51	Text Input	LOCO	910808	30000	0
010101	53	Sound	snd_carpeta	915049	0	1			0		other	0
010101	53	Key Input	67	926632	11583	1
010101	53	Key Input	65	929232	14183	1
010101	53	Key Input	82	932842	17793	1
010101	53	Key Input	80	938052	23003	1
010101	53	Key Input	69	939472	24423	1
010101	53	Key Input	89	942852	27803	1
010101	53	Key Input	65	943822	28773	1
010101	53	Text Input	CARPEYA	945049	30000	0
010101	55	Sound	snd_tortuga	949220	0	1			0		other	0
010101	55	Key Input	84	960812	11592	1
010101	55	Key Input	79	964852	15632	1
010101	55	Key Input	82	967181	17962	1
010101	55	Key Input	84	969271	20052	1
010101	55	Key Input	73	974722	25502	1
010101	55	Text Input	TORTI	979220	30000	0
010101	57	Sound	snd_pollo	983808	0	1			0		other	0
010101	57	Key Input	80	993992	10184	1
010101	57	Key Input	79	995972	12164	1
010101	57	Key Input	76	998501	14694	1
010101	57	Key Input	76	1000392	16584	1
010101	57	Key Input	79	1005081	21274	1
010101	57	Text Input	POLLO	1013808	30000	0
010101	59	Sound	snd_cereza	1017979	0	1			0		other	0
010101	59	Key Input	86	1031042	13063	1
010101	59	Key Input	69	1034691	16712	1
010101	59	Key Input	82	1037672	19693	1
010101	59	Key Input	69	1038512	20533	1
010101	59	Key Input	88	1042872	24893	1
010101	59	Key Input	65	1043591	25612	1
010101	59	Text Input	VEREXA	1047979	30000	0
010101	61	Sound	snd_abeja	1052220	0	1			0		other	0
010101	61	Key Input	65	1061942	9722	1
010101	61	Key Input	78	1064641	12422	1
010101	61	Key Input	69	1067962	15742	1
010101	61	Key Input	75	1074142	21922	1
010101	61	Key Input	65	1076331	24112	1
010101	61	Text Input	ANEKA	1082220	30000	0


Event Type	Code	Type	Response	RT	RT Uncertainty	Time	Uncertainty	Duration	Uncertainty	ReqTime	ReqDur

Sound	snd_novia	other				59945	208			0
Sound	snd_fresa	other				94178	1			0
Sound	snd_huella	other				128349	1			0
Sound	snd_gafas	other				162520	1			0
Sound	snd_pistola	other				196761	1			0
Sound	snd_pimiento	other				230932	1			0
Sound	snd_hada	other				265103	1			0
Sound	snd_molino	other				299344	1			0
Sound	snd_foca	other				333515	1			0
Sound	snd_cartera	other				367686	1			0
Sound	snd_humo	other				401926	1			0
Sound	snd_sangre	other				436167	1			0
Sound	snd_cafetera	other				470338	1			0
Sound	snd_caramelo	other				504579	1			0
Sound	snd_persiana	other				538819	1			0
Sound	snd_cresta	other				573060	1			0
Sound	snd_paja	other				607231	1			0
Sound	snd_cepillo	other				641402	1			0
Sound	snd_columpio	other				675573	1			0
Sound	snd_dinero	other				709744	1			0
Sound	snd_naranja	other				743985	1			0
Sound	snd_taza	other				778156	1			0
Sound	snd_regadera	other				812327	1			0
Sound	snd_labio	other				846568	1			0
Sound	snd_lobo	other				880809	1			0
Sound	snd_carpeta	other				915049	1			0
Sound	snd_tortuga	other				949220	1			0
Sound	snd_pollo	other				983808	1			0
Sound	snd_cereza	other				1017979	1			0
Sound	snd_abeja	other				1052220	1			0
