Scenario - caja.sce
Logfile written - 11/16/2023 12:56:43

Subject	Trial	Event Type	Code	Time	TTime	Uncertainty	Duration	Uncertainty	ReqTime	ReqDur	Stim Type	Pair Index

040202	1	Response	98	81723	71654	1
040202	3	Sound	snd_cepillo	85851	8	212			0		other	0
040202	3	Key Input	67	94133	8290	1
040202	3	Key Input	67	95072	9229	1
040202	3	Key Input	69	99383	13540	1
040202	3	Key Input	210	102873	17030	1
040202	3	Key Input	209	105173	19330	1
040202	3	Key Input	209	106623	20780	1
040202	3	Key Input	80	111513	25670	1
040202	3	Text Input	CCEÒÑÑP	115843	30000	0
040202	5	Sound	snd_pistola	120015	0	1			0		other	0
040202	5	Key Input	210	131982	11968	1
040202	5	Key Input	83	137202	17188	1
040202	5	Key Input	84	139432	19418	1
040202	5	Key Input	80	141252	21238	1
040202	5	Key Input	65	144232	24218	1
040202	5	Text Input	ÒSTPA	150014	30000	0
040202	7	Sound	snd_humo	154186	0	1			0		other	0
040202	7	Key Input	74	164343	10158	1
040202	7	Key Input	73	166372	12187	1
040202	7	Key Input	44	170092	15907	1
040202	7	Key Input	80	172032	17847	1
040202	7	Text Input	JI,P	184185	30000	0
040202	9	Sound	snd_lobo	188565	0	1			0		other	0
040202	9	Key Input	209	196623	8058	1
040202	9	Key Input	80	198902	10338	1
040202	9	Key Input	78	205543	16978	1
040202	9	Key Input	79	208653	20088	1
040202	9	Text Input	ÑPNO	218565	30000	0
040202	11	Sound	snd_huella	222736	0	1			0		other	0
040202	11	Key Input	74	235563	12827	1
040202	11	Key Input	73	241223	18487	1
040202	11	Key Input	69	242543	19807	1
040202	11	Key Input	76	244223	21487	1
040202	11	Key Input	76	245812	23076	1
040202	11	Key Input	65	246523	23787	1
040202	11	Text Input	JIELLA	252736	30000	0
040202	13	Sound	snd_persiana	256907	0	1			0		other	0
040202	13	Key Input	80	268143	11235	1
040202	13	Key Input	69	269382	12475	1
040202	13	Key Input	82	270112	13205	1
040202	13	Key Input	83	272462	15555	1
040202	13	Key Input	73	273472	16565	1
040202	13	Key Input	65	274782	17875	1
040202	13	Key Input	78	275623	18716	1
040202	13	Key Input	65	276703	19796	1
040202	13	Text Input	PERSIANA	286907	30000	0
040202	15	Sound	snd_naranja	291148	0	1			0		other	0
040202	15	Key Input	78	299473	8325	1
040202	15	Key Input	65	300473	9325	1
040202	15	Key Input	82	302133	10985	1
040202	15	Key Input	65	306133	14985	1
040202	15	Key Input	78	307093	15945	1
040202	15	Key Input	74	309073	17925	1
040202	15	Key Input	65	309663	18515	1
040202	15	Text Input	NARANJA	321148	30000	0
040202	17	Sound	snd_hada	325389	0	1			0		other	0
040202	17	Key Input	72	337183	11794	1
040202	17	Key Input	65	338552	13164	1
040202	17	Key Input	66	339472	14084	1
040202	17	Key Input	65	340582	15194	1
040202	17	Text Input	HABA	355388	30000	0
040202	19	Sound	snd_foca	359560	0	1			0		other	0
040202	19	Key Input	70	369292	9733	1
040202	19	Key Input	79	370652	11093	1
040202	19	Key Input	67	371952	12393	1
040202	19	Key Input	65	373592	14033	1
040202	19	Text Input	FOCA	389560	30000	0
040202	21	Sound	snd_columpio	393731	0	1			0		other	0
040202	21	Key Input	67	402693	8962	1
040202	21	Key Input	79	403522	9792	1
040202	21	Key Input	76	405772	12041	1
040202	21	Key Input	85	407872	14141	1
040202	21	Key Input	77	411752	18022	1
040202	21	Key Input	80	414962	21232	1
040202	21	Key Input	73	417172	23442	1
040202	21	Key Input	79	419012	25281	1
040202	21	Text Input	COLUMPIO	423731	30000	0
040202	23	Sound	snd_pollo	427971	0	1			0		other	0
040202	23	Key Input	80	434832	6861	1
040202	23	Key Input	79	436952	8981	1
040202	23	Key Input	76	438812	10841	1
040202	23	Key Input	76	440112	12141	1
040202	23	Key Input	79	441882	13911	1
040202	23	Text Input	POLLO	457971	30000	0
040202	25	Sound	snd_caramelo	462143	0	1			0		other	0
040202	25	Key Input	67	468412	6270	1
040202	25	Key Input	65	470012	7870	1
040202	25	Key Input	82	471092	8949	1
040202	25	Key Input	65	472572	10430	1
040202	25	Key Input	77	473502	11360	1
040202	25	Key Input	69	474792	12650	1
040202	25	Key Input	76	479712	17570	1
040202	25	Key Input	79	484363	22221	1
040202	25	Text Input	CARAMELO	492142	30000	0
040202	27	Sound	snd_carpeta	496244	0	1			0		other	0
040202	27	Key Input	67	502923	6679	1
040202	27	Key Input	65	504693	8449	1
040202	27	Key Input	82	505873	9629	1
040202	27	Key Input	80	507612	11368	1
040202	27	Key Input	69	508563	12319	1
040202	27	Key Input	84	509713	13469	1
040202	27	Key Input	65	511683	15439	1
040202	27	Text Input	CARPETA	526244	30000	0
040202	29	Sound	snd_taza	530485	0	1			0		other	0
040202	29	Key Input	84	538002	7518	1
040202	29	Key Input	65	539952	9468	1
040202	29	Key Input	90	542122	11637	1
040202	29	Key Input	65	543852	13367	1
040202	29	Text Input	TAZA	560485	30000	0
040202	31	Sound	snd_tortuga	564656	0	1			0		other	0
040202	31	Key Input	84	571583	6927	1
040202	31	Key Input	79	573111	8456	1
040202	31	Key Input	82	574183	9527	1
040202	31	Key Input	84	576383	11727	1
040202	31	Key Input	85	578813	14157	1
040202	31	Key Input	71	582053	17397	1
040202	31	Key Input	65	584162	19507	1
040202	31	Text Input	TORTUGA	594656	30000	0
040202	33	Sound	snd_paja	598827	0	1			0		other	0
040202	33	Key Input	80	606003	7176	1
040202	33	Key Input	65	607533	8706	1
040202	33	Key Input	76	609013	10186	1
040202	33	Key Input	65	609863	11036	1
040202	33	Text Input	PALA	628827	30000	0
040202	35	Sound	snd_novia	632998	0	1			0		other	0
040202	35	Key Input	78	642382	9384	1
040202	35	Key Input	79	644932	11934	1
040202	35	Key Input	86	646712	13714	1
040202	35	Key Input	73	647922	14924	1
040202	35	Key Input	65	649132	16134	1
040202	35	Text Input	NOVIA	662998	30000	0
040202	37	Sound	snd_pimiento	667169	0	1			0		other	0
040202	37	Key Input	80	674942	7773	1
040202	37	Key Input	73	677492	10323	1
040202	37	Key Input	77	679812	12643	1
040202	37	Key Input	73	681862	14693	1
040202	37	Key Input	69	683662	16493	1
040202	37	Key Input	78	684382	17213	1
040202	37	Key Input	84	686572	19403	1
040202	37	Key Input	79	687652	20483	1
040202	37	Text Input	PIMIENTO	697169	30000	0
040202	39	Sound	snd_abeja	701341	0	1			0		other	0
040202	39	Key Input	65	709253	7913	1
040202	39	Key Input	78	710522	9182	1
040202	39	Key Input	66	710572	9232	1
040202	39	Key Input	69	714973	13632	1
040202	39	Key Input	74	716273	14932	1
040202	39	Key Input	65	717733	16392	1
040202	39	Text Input	ANBEJA	731340	30000	0
040202	41	Sound	snd_regadera	735512	0	1			0		other	0
040202	41	Key Input	82	745883	10371	1
040202	41	Key Input	69	746603	11091	1
040202	41	Key Input	71	748533	13021	1
040202	41	Key Input	65	750402	14891	1
040202	41	Key Input	68	752462	16951	1
040202	41	Key Input	69	753803	18291	1
040202	41	Key Input	82	755353	19841	1
040202	41	Key Input	65	757103	21591	1
040202	41	Text Input	REGADERA	765511	30000	0
040202	43	Sound	snd_molino	769822	0	1			0		other	0
040202	43	Key Input	77	778632	8811	1
040202	43	Key Input	79	780962	11141	1
040202	43	Key Input	76	783082	13261	1
040202	43	Key Input	73	785392	15571	1
040202	43	Key Input	79	785412	15590	1
040202	43	Key Input	78	790462	20641	1
040202	43	Key Input	79	792572	22751	1
040202	43	Text Input	MOLIONO	799822	30000	0
040202	45	Sound	snd_sangre	803993	0	1			0		other	0
040202	45	Key Input	65	814261	10269	1
040202	45	Key Input	78	816042	12049	1
040202	45	Key Input	71	822622	18630	1
040202	45	Key Input	82	823642	19650	1
040202	45	Key Input	69	824633	20640	1
040202	45	Text Input	ANGRE	833993	30000	0
040202	47	Sound	snd_fresa	838233	0	1			0		other	0
040202	47	Key Input	70	846492	8259	1
040202	47	Key Input	82	848642	10409	1
040202	47	Key Input	69	849792	11559	1
040202	47	Key Input	83	852132	13899	1
040202	47	Key Input	65	853132	14899	1
040202	47	Text Input	FRESA	868233	30000	0
040202	49	Sound	snd_labio	872405	0	1			0		other	0
040202	49	Key Input	76	881802	9398	1
040202	49	Key Input	65	882692	10288	1
040202	49	Key Input	66	885802	13398	1
040202	49	Key Input	73	892572	20168	1
040202	49	Key Input	79	895022	22618	1
040202	49	Text Input	LABIO	902404	30000	0
040202	51	Sound	snd_cresta	906576	0	1			0		other	0
040202	51	Key Input	67	914042	7467	1
040202	51	Key Input	82	916792	10217	1
040202	51	Key Input	69	917892	11317	1
040202	51	Key Input	83	919793	13217	1
040202	51	Key Input	80	920682	14107	1
040202	51	Key Input	65	921792	15217	1
040202	51	Text Input	CRESPA	936575	30000	0
040202	53	Sound	snd_dinero	940816	0	1			0		other	0
040202	53	Key Input	68	948063	7247	1
040202	53	Key Input	73	949122	8306	1
040202	53	Key Input	78	951272	10456	1
040202	53	Key Input	69	951762	10946	1
040202	53	Key Input	82	952522	11706	1
040202	53	Key Input	79	953753	12937	1
040202	53	Text Input	DINERO	970816	30000	0
040202	55	Sound	snd_cafetera	975057	0	1			0		other	0
040202	55	Key Input	67	982562	7506	1
040202	55	Key Input	65	984222	9165	1
040202	55	Key Input	70	986032	10975	1
040202	55	Key Input	69	987972	12915	1
040202	55	Key Input	84	989492	14435	1
040202	55	Key Input	69	991012	15955	1
040202	55	Key Input	82	992122	17065	1
040202	55	Key Input	65	994252	19195	1
040202	55	Text Input	CAFETERA	1005057	30000	0
040202	57	Sound	snd_gafas	1009297	0	1			0		other	0
040202	57	Key Input	70	1017492	8195	1
040202	57	Key Input	71	1017501	8204	1
040202	57	Key Input	65	1022882	13585	1
040202	57	Key Input	68	1024821	15524	1
040202	57	Key Input	65	1026162	16865	1
040202	57	Key Input	83	1031632	22335	1
040202	57	Text Input	FGADAS	1039297	30000	0
040202	59	Sound	snd_cartera	1043469	0	1			0		other	0
040202	59	Key Input	67	1051162	7694	1
040202	59	Key Input	65	1052812	9343	1
040202	59	Key Input	82	1053862	10393	1
040202	59	Key Input	84	1055963	12495	1
040202	59	Key Input	69	1057172	13703	1
040202	59	Key Input	82	1058422	14953	1
040202	59	Key Input	65	1060102	16633	1
040202	59	Text Input	CARTERA	1073468	30000	0
040202	61	Sound	snd_cereza	1077640	0	1			0		other	0
040202	61	Key Input	67	1086462	8823	1
040202	61	Key Input	69	1088421	10782	1
040202	61	Key Input	82	1089312	11672	1
040202	61	Key Input	69	1091242	13602	1
040202	61	Key Input	90	1093912	16272	1
040202	61	Key Input	65	1096612	18972	1
040202	61	Text Input	CEREZA	1107640	30000	0

Visual picture detection failed over to using scan line information only at the following times:
type	time	timeout	presentation
fail	43887.5	34.725	94
restore	44011.3	0	95
fail	49214.6	34.725	108
restore	49619.3	0	109


Event Type	Code	Type	Response	RT	RT Uncertainty	Time	Uncertainty	Duration	Uncertainty	ReqTime	ReqDur

Sound	snd_cepillo	other				85851	212			0
Sound	snd_pistola	other				120015	1			0
Sound	snd_humo	other				154186	1			0
Sound	snd_lobo	other				188565	1			0
Sound	snd_huella	other				222736	1			0
Sound	snd_persiana	other				256907	1			0
Sound	snd_naranja	other				291148	1			0
Sound	snd_hada	other				325389	1			0
Sound	snd_foca	other				359560	1			0
Sound	snd_columpio	other				393731	1			0
Sound	snd_pollo	other				427971	1			0
Sound	snd_caramelo	other				462143	1			0
Sound	snd_carpeta	other				496244	1			0
Sound	snd_taza	other				530485	1			0
Sound	snd_tortuga	other				564656	1			0
Sound	snd_paja	other				598827	1			0
Sound	snd_novia	other				632998	1			0
Sound	snd_pimiento	other				667169	1			0
Sound	snd_abeja	other				701341	1			0
Sound	snd_regadera	other				735512	1			0
Sound	snd_molino	other				769822	1			0
Sound	snd_sangre	other				803993	1			0
Sound	snd_fresa	other				838233	1			0
Sound	snd_labio	other				872405	1			0
Sound	snd_cresta	other				906576	1			0
Sound	snd_dinero	other				940816	1			0
Sound	snd_cafetera	other				975057	1			0
Sound	snd_gafas	other				1009297	1			0
Sound	snd_cartera	other				1043469	1			0
Sound	snd_cereza	other				1077640	1			0
