Scenario - caja.sce
Logfile written - 11/22/2023 14:32:19

Subject	Trial	Event Type	Code	Time	TTime	Uncertainty	Duration	Uncertainty	ReqTime	ReqDur	Stim Type	Pair Index

090101	1	Response	98	84131	74062	1
090101	3	Sound	snd_novia	88282	8	204			0		other	0
090101	3	Key Input	78	97151	8877	1
090101	3	Key Input	79	99831	11557	1
090101	3	Key Input	86	101550	13276	1
090101	3	Key Input	73	103500	15226	1
090101	3	Key Input	65	104791	16517	1
090101	3	Text Input	NOVIA	118274	30000	0
090101	5	Sound	snd_foca	122445	0	1			0		other	0
090101	5	Key Input	70	130621	8176	1
090101	5	Key Input	79	132651	10205	1
090101	5	Key Input	67	134311	11865	1
090101	5	Key Input	65	135231	12785	1
090101	5	Text Input	FOCA	152445	30000	0
090101	7	Sound	snd_hada	156617	0	1			0		other	0
090101	7	Key Input	72	168970	12354	1
090101	7	Key Input	65	172731	16114	1
090101	7	Key Input	68	173980	17364	1
090101	7	Key Input	65	174681	18064	1
090101	7	Text Input	HADA	186616	30000	0
090101	9	Sound	snd_humo	190788	0	1			0		other	0
090101	9	Key Input	71	198911	8124	1
090101	9	Key Input	85	200150	9363	1
090101	9	Key Input	8	203501	12713	1
090101	9	Key Input	8	204761	13973	1
090101	9	Key Input	72	207741	16953	1
090101	9	Key Input	74	207750	16963	1
090101	9	Key Input	85	210870	20083	1
090101	9	Key Input	8	214580	23793	1
090101	9	Key Input	8	216110	25323	1
090101	9	Key Input	85	219101	28313	1
090101	9	Text Input	HU	220788	30000	0
090101	11	Sound	snd_columpio	224959	0	1			0		other	0
090101	11	Key Input	67	233541	8582	1
090101	11	Key Input	79	235581	10622	1
090101	11	Key Input	76	237490	12532	1
090101	11	Key Input	85	240011	15052	1
090101	11	Key Input	77	243021	18062	1
090101	11	Key Input	80	248951	23992	1
090101	11	Key Input	73	250861	25902	1
090101	11	Key Input	79	251670	26712	1
090101	11	Text Input	COLUMPIO	254959	30000	0
090101	13	Sound	snd_sangre	259130	0	1			0		other	0
090101	13	Key Input	83	266431	7301	1
090101	13	Key Input	65	267591	8461	1
090101	13	Key Input	77	272630	13501	1
090101	13	Key Input	8	276360	17231	1
090101	13	Key Input	78	279030	19901	1
090101	13	Key Input	71	280470	21341	1
090101	13	Key Input	82	283091	23961	1
090101	13	Key Input	69	284121	24991	1
090101	13	Text Input	SANGRE	289130	30000	0
090101	15	Sound	snd_dinero	293301	0	1			0		other	0
090101	15	Key Input	68	301121	7820	1
090101	15	Key Input	73	301871	8570	1
090101	15	Key Input	78	304030	10730	1
090101	15	Key Input	69	305270	11970	1
090101	15	Key Input	82	305821	12520	1
090101	15	Key Input	79	306430	13130	1
090101	15	Text Input	DINERO	323301	30000	0
090101	17	Sound	snd_pimiento	327472	0	1			0		other	0
090101	17	Key Input	161	340871	13399	1
090101	17	Key Input	80	343891	16418	1
090101	17	Key Input	73	349260	21788	1
090101	17	Key Input	77	352040	24568	1
090101	17	Key Input	73	353560	26088	1
090101	17	Key Input	69	355130	27658	1
090101	17	Key Input	78	355870	28398	1
090101	17	Key Input	84	357270	29798	1
090101	17	Text Input	¡PIMIENT	357472	30000	0
090101	19	Sound	snd_carpeta	361643	0	1			0		other	0
090101	19	Key Input	67	368621	6977	1
090101	19	Key Input	65	369580	7937	1
090101	19	Key Input	82	371100	9457	1
090101	19	Key Input	80	372240	10597	1
090101	19	Key Input	69	373560	11917	1
090101	19	Key Input	84	375310	13667	1
090101	19	Key Input	65	376030	14387	1
090101	19	Text Input	CARPETA	391643	30000	0
090101	21	Sound	snd_lobo	395815	0	1			0		other	0
090101	21	Key Input	76	402881	7066	1
090101	21	Key Input	79	405010	9196	1
090101	21	Key Input	78	405790	9976	1
090101	21	Key Input	79	407681	11866	1
090101	21	Key Input	8	410440	14626	1
090101	21	Key Input	8	412080	16266	1
090101	21	Key Input	66	413290	17476	1
090101	21	Key Input	79	414210	18396	1
090101	21	Text Input	LOBO	425814	30000	0
090101	23	Sound	snd_naranja	429986	0	1			0		other	0
090101	23	Key Input	78	437481	7495	1
090101	23	Key Input	65	438510	8525	1
090101	23	Key Input	82	444500	14515	1
090101	23	Key Input	65	445230	15245	1
090101	23	Key Input	78	445850	15864	1
090101	23	Key Input	74	448050	18065	1
090101	23	Key Input	65	450380	20395	1
090101	23	Text Input	NARANJA	459986	30000	0
090101	25	Sound	snd_fresa	464157	0	1			0		other	0
090101	25	Key Input	70	472091	7934	1
090101	25	Key Input	82	474950	10794	1
090101	25	Key Input	69	475530	11374	1
090101	25	Key Input	83	477700	13544	1
090101	25	Key Input	65	478440	14284	1
090101	25	Text Input	FRESA	494157	30000	0
090101	27	Sound	snd_persiana	498328	0	1			0		other	0
090101	27	Key Input	80	506891	8563	1
090101	27	Key Input	69	507880	9553	1
090101	27	Key Input	82	508480	10153	1
090101	27	Key Input	83	510710	12383	1
090101	27	Key Input	73	511870	13542	1
090101	27	Key Input	65	515010	16683	1
090101	27	Key Input	78	516010	17682	1
090101	27	Key Input	65	517241	18913	1
090101	27	Text Input	PERSIANA	528328	30000	0
090101	29	Sound	snd_regadera	532499	0	1			0		other	0
090101	29	Key Input	82	540971	8472	1
090101	29	Key Input	69	541830	9332	1
090101	29	Key Input	71	543860	11361	1
090101	29	Key Input	65	544730	12231	1
090101	29	Key Input	68	546730	14232	1
090101	29	Key Input	69	547600	15102	1
090101	29	Key Input	82	548730	16231	1
090101	29	Key Input	65	549740	17241	1
090101	29	Text Input	REGADERA	562499	30000	0
090101	31	Sound	snd_paja	566670	0	1			0		other	0
090101	31	Key Input	80	573290	6620	1
090101	31	Key Input	65	575040	8370	1
090101	31	Key Input	74	576660	9990	1
090101	31	Key Input	65	577689	11019	1
090101	31	Text Input	PAJA	596670	30000	0
090101	33	Sound	snd_gafas	600842	0	1			0		other	0
090101	33	Key Input	71	608670	7829	1
090101	33	Key Input	65	609870	9029	1
090101	33	Key Input	70	611580	10739	1
090101	33	Key Input	65	614900	14059	1
090101	33	Key Input	83	615909	15068	1
090101	33	Text Input	GAFAS	630841	30000	0
090101	35	Sound	snd_cafetera	635013	0	1			0		other	0
090101	35	Key Input	67	643921	8908	1
090101	35	Key Input	65	644980	9967	1
090101	35	Key Input	70	646630	11618	1
090101	35	Key Input	69	648290	13278	1
090101	35	Key Input	82	649790	14778	1
090101	35	Key Input	8	654410	19397	1
090101	35	Key Input	84	655760	20748	1
090101	35	Key Input	69	656400	21388	1
090101	35	Key Input	82	657470	22458	1
090101	35	Key Input	65	658630	23618	1
090101	35	Text Input	CAFETERA	665012	30000	0
090101	37	Sound	snd_cereza	669184	0	1			0		other	0
090101	37	Key Input	67	678950	9767	1
090101	37	Key Input	69	680370	11187	1
090101	37	Key Input	82	681690	12507	1
090101	37	Key Input	69	682560	13377	1
090101	37	Key Input	90	686990	17807	1
090101	37	Key Input	65	688350	19167	1
090101	37	Text Input	CEREZA	699184	30000	0
090101	39	Sound	snd_abeja	703355	0	1			0		other	0
090101	39	Key Input	65	713330	9976	1
090101	39	Key Input	66	714820	11466	1
090101	39	Key Input	65	716170	12816	1
090101	39	Key Input	74	718900	15546	1
090101	39	Key Input	8	721850	18496	1
090101	39	Key Input	8	723390	20035	1
090101	39	Key Input	69	724310	20956	1
090101	39	Key Input	74	725740	22386	1
090101	39	Key Input	65	726740	23386	1
090101	39	Text Input	ABEJA	733355	30000	0
090101	41	Sound	snd_molino	737526	0	1			0		other	0
090101	41	Key Input	77	746480	8955	1
090101	41	Key Input	79	748140	10614	1
090101	41	Key Input	76	750200	12674	1
090101	41	Key Input	73	751880	14354	1
090101	41	Key Input	78	753230	15704	1
090101	41	Key Input	79	754660	17134	1
090101	41	Text Input	MOLINO	767526	30000	0
090101	43	Sound	snd_pistola	771697	0	1			0		other	0
090101	43	Key Input	80	777320	5623	1
090101	43	Key Input	73	782970	11273	1
090101	43	Key Input	83	784580	12883	1
090101	43	Key Input	84	785600	13903	1
090101	43	Key Input	79	786500	14803	1
090101	43	Key Input	76	788770	17073	1
090101	43	Key Input	65	789890	18193	1
090101	43	Text Input	PISTOLA	801697	30000	0
090101	45	Sound	snd_pollo	805868	0	1			0		other	0
090101	45	Key Input	79	812200	6332	1
090101	45	Key Input	8	818781	12912	1
090101	45	Key Input	80	822030	16162	1
090101	45	Key Input	79	825140	19272	1
090101	45	Key Input	76	827490	21622	1
090101	45	Key Input	76	828640	22772	1
090101	45	Key Input	79	830310	24442	1
090101	45	Text Input	POLLO	835868	30000	0
090101	47	Sound	snd_taza	840040	0	1			0		other	0
090101	47	Key Input	84	847700	7661	1
090101	47	Key Input	65	848590	8551	1
090101	47	Key Input	90	851090	11051	1
090101	47	Key Input	65	853031	12991	1
090101	47	Text Input	TAZA	870039	30000	0
090101	49	Sound	snd_labio	874211	0	1			0		other	0
090101	49	Key Input	76	882340	8130	1
090101	49	Key Input	65	882970	8760	1
090101	49	Key Input	66	887120	12910	1
090101	49	Key Input	73	888230	14020	1
090101	49	Key Input	79	889230	15020	1
090101	49	Text Input	LABIO	904210	30000	0
090101	51	Sound	snd_caramelo	908382	0	1			0		other	0
090101	51	Key Input	67	915520	7139	1
090101	51	Key Input	65	916300	7919	1
090101	51	Key Input	82	918010	9629	1
090101	51	Key Input	65	918880	10498	1
090101	51	Key Input	77	919960	11579	1
090101	51	Key Input	69	921580	13199	1
090101	51	Key Input	76	922420	14039	1
090101	51	Key Input	79	924490	16109	1
090101	51	Text Input	CARAMELO	938382	30000	0
090101	53	Sound	snd_cepillo	942553	0	1			0		other	0
090101	53	Key Input	67	949761	7208	1
090101	53	Key Input	69	950850	8297	1
090101	53	Key Input	80	951620	9068	1
090101	53	Key Input	73	954800	12248	1
090101	53	Key Input	76	957410	14858	1
090101	53	Key Input	76	958670	16117	1
090101	53	Key Input	79	960620	18068	1
090101	53	Text Input	CEPILLO	972553	30000	0
090101	55	Sound	snd_huella	976724	0	1			0		other	0
090101	55	Key Input	71	985451	8727	1
090101	55	Key Input	72	985451	8727	1
090101	55	Key Input	8	989480	12756	1
090101	55	Key Input	8	990840	14116	1
090101	55	Key Input	72	992060	15336	1
090101	55	Key Input	85	993290	16566	1
090101	55	Key Input	69	994870	18147	1
090101	55	Key Input	76	997240	20516	1
090101	55	Key Input	76	998950	22226	1
090101	55	Key Input	65	1000270	23546	1
090101	55	Text Input	HUELLA	1006724	30000	0
090101	57	Sound	snd_tortuga	1010895	0	1			0		other	0
090101	57	Key Input	84	1018490	7595	1
090101	57	Key Input	79	1019810	8915	1
090101	57	Key Input	82	1020850	9955	1
090101	57	Key Input	84	1023230	12335	1
090101	57	Key Input	85	1024330	13435	1
090101	57	Key Input	71	1026810	15915	1
090101	57	Key Input	65	1031140	20245	1
090101	57	Text Input	TORTUGA	1040895	30000	0
090101	59	Sound	snd_cartera	1045066	0	1			0		other	0
090101	59	Key Input	67	1052470	7404	1
090101	59	Key Input	65	1053100	8034	1
090101	59	Key Input	82	1054460	9394	1
090101	59	Key Input	84	1056560	11494	1
090101	59	Key Input	69	1057500	12434	1
090101	59	Key Input	82	1058490	13424	1
090101	59	Key Input	65	1059450	14384	1
090101	59	Text Input	CARTERA	1075066	30000	0
090101	61	Sound	snd_cresta	1079238	0	1			0		other	0
090101	61	Key Input	67	1089950	10713	1
090101	61	Key Input	82	1092070	12832	1
090101	61	Key Input	69	1092840	13602	1
090101	61	Key Input	83	1094269	15032	1
090101	61	Key Input	84	1095839	16602	1
090101	61	Key Input	65	1096629	17392	1
090101	61	Text Input	CRESTA	1109237	30000	0

Visual picture detection failed over to using scan line information only at the following times:
type	time	timeout	presentation
fail	75468.1	34.725	197
restore	76752.6	0	198


Event Type	Code	Type	Response	RT	RT Uncertainty	Time	Uncertainty	Duration	Uncertainty	ReqTime	ReqDur

Sound	snd_novia	other				88282	204			0
Sound	snd_foca	other				122445	1			0
Sound	snd_hada	other				156617	1			0
Sound	snd_humo	other				190788	1			0
Sound	snd_columpio	other				224959	1			0
Sound	snd_sangre	other				259130	1			0
Sound	snd_dinero	other				293301	1			0
Sound	snd_pimiento	other				327472	1			0
Sound	snd_carpeta	other				361643	1			0
Sound	snd_lobo	other				395815	1			0
Sound	snd_naranja	other				429986	1			0
Sound	snd_fresa	other				464157	1			0
Sound	snd_persiana	other				498328	1			0
Sound	snd_regadera	other				532499	1			0
Sound	snd_paja	other				566670	1			0
Sound	snd_gafas	other				600842	1			0
Sound	snd_cafetera	other				635013	1			0
Sound	snd_cereza	other				669184	1			0
Sound	snd_abeja	other				703355	1			0
Sound	snd_molino	other				737526	1			0
Sound	snd_pistola	other				771697	1			0
Sound	snd_pollo	other				805868	1			0
Sound	snd_taza	other				840040	1			0
Sound	snd_labio	other				874211	1			0
Sound	snd_caramelo	other				908382	1			0
Sound	snd_cepillo	other				942553	1			0
Sound	snd_huella	other				976724	1			0
Sound	snd_tortuga	other				1010895	1			0
Sound	snd_cartera	other				1045066	1			0
Sound	snd_cresta	other				1079238	1			0
