Scenario - caja.sce
Logfile written - 11/30/2023 12:25:17

Subject	Trial	Event Type	Code	Time	TTime	Uncertainty	Duration	Uncertainty	ReqTime	ReqDur	Stim Type	Pair Index

180201	1	Response	98	87225	77156	1
180201	3	Sound	snd_huella	91337	7	207			0		other	0
180201	3	Key Input	71	102854	11524	1
180201	3	Key Input	85	104284	12954	1
180201	3	Key Input	69	107704	16374	1
180201	3	Key Input	75	112864	21535	1
180201	3	Key Input	75	115064	23734	1
180201	3	Key Input	65	116064	24734	1
180201	3	Text Input	GUEKKA	121330	30000	0
180201	5	Sound	snd_cartera	125432	0	1			0		other	0
180201	5	Key Input	67	137695	12264	1
180201	5	Key Input	65	139004	13573	1
180201	5	Key Input	82	140454	15022	1
180201	5	Key Input	84	142664	17232	1
180201	5	Key Input	69	144094	18662	1
180201	5	Key Input	82	146404	20973	1
180201	5	Key Input	69	148154	22723	1
180201	5	Key Input	65	151514	26083	1
180201	5	Text Input	CARTEREA	155432	30000	0
180201	7	Sound	snd_gafas	159533	0	1			0		other	0
180201	7	Key Input	71	171634	12101	1
180201	7	Key Input	65	175214	15681	1
180201	7	Key Input	70	176814	17281	1
180201	7	Key Input	65	178634	19101	1
180201	7	Key Input	83	180604	21071	1
180201	7	Text Input	GAFAS	189533	30000	0
180201	9	Sound	snd_caramelo	193635	0	1			0		other	0
180201	9	Key Input	67	204695	11060	1
180201	9	Key Input	65	206224	12589	1
180201	9	Key Input	82	207554	13919	1
180201	9	Key Input	65	208584	14949	1
180201	9	Key Input	77	211884	18249	1
180201	9	Key Input	69	213524	19889	1
180201	9	Key Input	79	216934	23299	1
180201	9	Text Input	CARAMEO	223635	30000	0
180201	11	Sound	snd_pollo	227876	0	1			0		other	0
180201	11	Key Input	80	235024	7149	1
180201	11	Key Input	79	236234	8359	1
180201	11	Key Input	76	239424	11548	1
180201	11	Key Input	76	240914	13038	1
180201	11	Key Input	79	243004	15129	1
180201	11	Key Input	80	243005	15130	1
180201	11	Text Input	POLLOP	257876	30000	0
180201	13	Sound	snd_naranja	261977	0	1			0		other	0
180201	13	Key Input	78	272784	10807	1
180201	13	Key Input	65	274594	12617	1
180201	13	Key Input	82	277944	15967	1
180201	13	Key Input	65	281365	19388	1
180201	13	Key Input	66	284874	22897	1
180201	13	Key Input	75	289394	27417	1
180201	13	Key Input	65	291274	29297	1
180201	13	Text Input	NARABKA	291977	30000	0
180201	15	Sound	snd_lobo	296079	0	1			0		other	0
180201	15	Key Input	76	306784	10705	1
180201	15	Key Input	79	308804	12726	1
180201	15	Key Input	86	311634	15555	1
180201	15	Key Input	79	313674	17595	1
180201	15	Text Input	LOVO	326079	30000	0
180201	17	Sound	snd_pistola	330181	0	1			0		other	0
180201	17	Key Input	80	339075	8895	1
180201	17	Key Input	73	342084	11903	1
180201	17	Key Input	83	345964	15784	1
180201	17	Key Input	84	350635	20454	1
180201	17	Key Input	79	352434	22254	1
180201	17	Key Input	76	355005	24824	1
180201	17	Key Input	65	356175	25994	1
180201	17	Text Input	PISTOLA	360181	30000	0
180201	19	Sound	snd_cafetera	364283	0	1			0		other	0
180201	19	Key Input	67	375845	11563	1
180201	19	Key Input	65	377585	13302	1
180201	19	Key Input	71	380314	16032	1
180201	19	Key Input	69	382115	17833	1
180201	19	Key Input	84	384065	19782	1
180201	19	Key Input	69	386194	21912	1
180201	19	Key Input	82	387755	23473	1
180201	19	Key Input	65	389535	25252	1
180201	19	Text Input	CAGETERA	394282	30000	0
180201	21	Sound	snd_dinero	398384	0	1			0		other	0
180201	21	Key Input	68	407735	9351	1
180201	21	Key Input	73	409275	10891	1
180201	21	Key Input	78	412395	14011	1
180201	21	Key Input	77	412444	14061	1
180201	21	Key Input	69	415514	17131	1
180201	21	Key Input	82	417845	19461	1
180201	21	Key Input	79	419094	20711	1
180201	21	Text Input	DINMERO	428384	30000	0
180201	23	Sound	snd_cereza	432486	0	1			0		other	0
180201	23	Key Input	86	443985	11499	1
180201	23	Key Input	69	447554	15069	1
180201	23	Key Input	82	449004	16519	1
180201	23	Key Input	69	450885	18399	1
180201	23	Key Input	83	453225	20739	1
180201	23	Key Input	90	458314	25829	1
180201	23	Key Input	65	461344	28859	1
180201	23	Text Input	VERESZA	462486	30000	0
180201	25	Sound	snd_paja	466588	0	1			0		other	0
180201	25	Key Input	80	473575	6987	1
180201	25	Key Input	65	475695	9107	1
180201	25	Key Input	72	476855	10267	1
180201	25	Key Input	65	478945	12357	1
180201	25	Text Input	PAHA	496587	30000	0
180201	27	Sound	snd_novia	500689	0	1			0		other	0
180201	27	Key Input	78	510685	9996	1
180201	27	Key Input	79	511994	11305	1
180201	27	Key Input	86	516685	15996	1
180201	27	Key Input	73	520594	19905	1
180201	27	Key Input	65	522465	21776	1
180201	27	Text Input	NOVIA	530689	30000	0
180201	29	Sound	snd_tortuga	534860	0	1			0		other	0
180201	29	Key Input	84	545875	11015	1
180201	29	Key Input	79	547774	12914	1
180201	29	Key Input	82	550264	15404	1
180201	29	Key Input	82	558705	23845	1
180201	29	Key Input	85	562804	27944	1
180201	29	Key Input	73	562844	27984	1
180201	29	Text Input	TORRUI	564860	30000	0
180201	31	Sound	snd_cresta	569240	0	1			0		other	0
180201	31	Key Input	67	583024	13785	1
180201	31	Key Input	82	585244	16004	1
180201	31	Key Input	69	586564	17324	1
180201	31	Key Input	83	588614	19374	1
180201	31	Key Input	84	590484	21244	1
180201	31	Key Input	65	591654	22414	1
180201	31	Text Input	CRESTA	599240	30000	0
180201	33	Sound	snd_columpio	603342	0	1			0		other	0
180201	33	Key Input	88	614924	11583	1
180201	33	Key Input	79	615714	12373	1
180201	33	Key Input	76	622444	19103	1
180201	33	Key Input	75	622454	19113	1
180201	33	Key Input	85	625114	21772	1
180201	33	Key Input	78	627334	23993	1
180201	33	Key Input	79	629914	26573	1
180201	33	Key Input	73	631973	28632	1
180201	33	Key Input	79	633313	29972	1
180201	33	Text Input	XOLKUNOIO	633341	30000	0
180201	35	Sound	snd_humo	637443	0	1			0		other	0
180201	35	Key Input	70	646805	9362	1
180201	35	Key Input	85	647644	10201	1
180201	35	Key Input	78	650833	13390	1
180201	35	Key Input	77	650884	13441	1
180201	35	Key Input	73	652233	14790	1
180201	35	Text Input	FUNMI	667443	30000	0
180201	37	Sound	snd_molino	671545	0	1			0		other	0
180201	37	Key Input	77	681944	10400	1
180201	37	Key Input	79	682864	11319	1
180201	37	Key Input	73	688094	16549	1
180201	37	Key Input	78	691715	20170	1
180201	37	Key Input	79	693164	21619	1
180201	37	Text Input	MOINO	701545	30000	0
180201	39	Sound	snd_pimiento	705647	0	1			0		other	0
180201	39	Key Input	80	723814	18168	1
180201	39	Key Input	73	725273	19627	1
180201	39	Key Input	77	729124	23477	1
180201	39	Key Input	73	731364	25717	1
180201	39	Key Input	69	732644	26998	1
180201	39	Key Input	78	733434	27787	1
180201	39	Key Input	84	735144	29497	1
180201	39	Text Input	PIMIENT	735647	30000	0
180201	41	Sound	snd_sangre	739748	0	1			0		other	0
180201	41	Key Input	83	748184	8436	1
180201	41	Key Input	65	750534	10786	1
180201	41	Key Input	32	751074	11326	1
180201	41	Response	98	751074	11326	1
180201	41	Key Input	78	751075	11327	1
180201	41	Key Input	84	756144	16396	1
180201	41	Key Input	69	757884	18136	1
180201	41	Text Input	SA NTE	769748	30000	0
180201	43	Sound	snd_carpeta	773850	0	1			0		other	0
180201	43	Key Input	67	783564	9714	1
180201	43	Key Input	65	785264	11414	1
180201	43	Key Input	82	786384	12534	1
180201	43	Key Input	80	794084	20234	1
180201	43	Key Input	69	795604	21754	1
180201	43	Key Input	84	798164	24314	1
180201	43	Key Input	65	799634	25784	1
180201	43	Text Input	CARPETA	803850	30000	0
180201	45	Sound	snd_regadera	807952	0	1			0		other	0
180201	45	Key Input	82	821184	13233	1
180201	45	Key Input	69	822704	14752	1
180201	45	Key Input	71	824504	16552	1
180201	45	Key Input	65	826404	18452	1
180201	45	Key Input	68	831205	23253	1
180201	45	Key Input	69	833314	25362	1
180201	45	Key Input	84	835514	27562	1
180201	45	Key Input	65	837274	29322	1
180201	45	Text Input	REGADETA	837952	30000	0
180201	47	Sound	snd_abeja	842053	0	1			0		other	0
180201	47	Key Input	65	852254	10201	1
180201	47	Key Input	66	854864	12811	1
180201	47	Key Input	69	856314	14261	1
180201	47	Key Input	74	860694	18641	1
180201	47	Key Input	65	862554	20501	1
180201	47	Text Input	ABEJA	872053	30000	0
180201	49	Sound	snd_cepillo	876155	0	1			0		other	0
180201	49	Key Input	67	886144	9989	1
180201	49	Key Input	69	888224	12069	1
180201	49	Key Input	79	890874	14719	1
180201	49	Key Input	85	895034	18879	1
180201	49	Key Input	76	901004	24849	1
180201	49	Key Input	76	902334	26179	1
180201	49	Key Input	79	903954	27799	1
180201	49	Text Input	CEOULLO	906155	30000	0
180201	51	Sound	snd_foca	910257	0	1			0		other	0
180201	51	Key Input	70	920724	10468	1
180201	51	Key Input	79	922374	12117	1
180201	51	Key Input	67	930334	20077	1
180201	51	Key Input	65	932714	22457	1
180201	51	Text Input	FOCA	940257	30000	0
180201	53	Sound	snd_labio	944359	0	1			0		other	0
180201	53	Key Input	76	953804	9446	1
180201	53	Key Input	65	954814	10456	1
180201	53	Key Input	86	957494	13136	1
180201	53	Key Input	73	958733	14375	1
180201	53	Key Input	79	959404	15046	1
180201	53	Text Input	LAVIO	974358	30000	0
180201	55	Sound	snd_fresa	978460	0	1			0		other	0
180201	55	Key Input	70	990324	11864	1
180201	55	Key Input	82	992924	14464	1
180201	55	Key Input	69	994564	16104	1
180201	55	Key Input	83	996664	18204	1
180201	55	Key Input	65	998484	20024	1
180201	55	Text Input	FRESA	1008460	30000	0
180201	57	Sound	snd_hada	1012562	0	1			0		other	0
180201	57	Key Input	72	1024314	11752	1
180201	57	Key Input	65	1028264	15703	1
180201	57	Key Input	66	1031964	19403	1
180201	57	Key Input	65	1033664	21103	1
180201	57	Text Input	HABA	1042562	30000	0
180201	59	Sound	snd_persiana	1046664	0	1			0		other	0
180201	59	Key Input	80	1055425	8761	1
180201	59	Key Input	69	1057854	11191	1
180201	59	Key Input	82	1060444	13781	1
180201	59	Key Input	83	1064324	17661	1
180201	59	Key Input	73	1065674	19011	1
180201	59	Key Input	65	1068844	22181	1
180201	59	Key Input	65	1071174	24511	1
180201	59	Key Input	78	1074004	27341	1
180201	59	Text Input	PERSIAAN	1076663	30000	0
180201	61	Sound	snd_taza	1080765	0	1			0		other	0
180201	61	Key Input	90	1097424	16659	1
180201	61	Key Input	65	1099884	19119	1
180201	61	Key Input	67	1101774	21009	1
180201	61	Key Input	65	1104124	23359	1
180201	61	Text Input	ZACA	1110765	30000	0


Event Type	Code	Type	Response	RT	RT Uncertainty	Time	Uncertainty	Duration	Uncertainty	ReqTime	ReqDur

Sound	snd_huella	other				91337	207			0
Sound	snd_cartera	other				125432	1			0
Sound	snd_gafas	other				159533	1			0
Sound	snd_caramelo	other				193635	1			0
Sound	snd_pollo	other				227876	1			0
Sound	snd_naranja	other				261977	1			0
Sound	snd_lobo	other				296079	1			0
Sound	snd_pistola	other				330181	1			0
Sound	snd_cafetera	other				364283	1			0
Sound	snd_dinero	other				398384	1			0
Sound	snd_cereza	other				432486	1			0
Sound	snd_paja	other				466588	1			0
Sound	snd_novia	other				500689	1			0
Sound	snd_tortuga	other				534860	1			0
Sound	snd_cresta	other				569240	1			0
Sound	snd_columpio	other				603342	1			0
Sound	snd_humo	other				637443	1			0
Sound	snd_molino	other				671545	1			0
Sound	snd_pimiento	other				705647	1			0
Sound	snd_sangre	other				739748	1			0
Sound	snd_carpeta	other				773850	1			0
Sound	snd_regadera	other				807952	1			0
Sound	snd_abeja	other				842053	1			0
Sound	snd_cepillo	other				876155	1			0
Sound	snd_foca	other				910257	1			0
Sound	snd_labio	other				944359	1			0
Sound	snd_fresa	other				978460	1			0
Sound	snd_hada	other				1012562	1			0
Sound	snd_persiana	other				1046664	1			0
Sound	snd_taza	other				1080765	1			0
