Scenario - caja.sce
Logfile written - 12/01/2023 15:55:08

Subject	Trial	Event Type	Code	Time	TTime	Uncertainty	Duration	Uncertainty	ReqTime	ReqDur	Stim Type	Pair Index

230104	1	Response	98	33189	23120	1
230104	3	Sound	snd_gafas	37303	7	201			0		other	0
230104	3	Key Input	72	59440	22145	1
230104	3	Key Input	74	64170	26875	1
230104	3	Key Input	65	65770	28475	1
230104	3	Text Input	HJA	67295	30000	0
230104	5	Sound	snd_pimiento	71397	0	1			0		other	0
230104	5	Key Input	80	100410	29013	1
230104	5	Text Input	P	101397	30000	0
230104	7	Sound	snd_lobo	105499	0	1			0		other	0
230104	7	Key Input	209	120340	14841	1
230104	7	Key Input	76	126500	21001	1
230104	7	Key Input	79	128520	23021	1
230104	7	Key Input	78	131180	25681	1
230104	7	Key Input	79	132720	27221	1
230104	7	Text Input	ÑLONO	135499	30000	0
230104	9	Sound	snd_regadera	139600	0	1			0		other	0
230104	9	Key Input	82	152890	13290	1
230104	9	Key Input	69	154530	14930	1
230104	9	Key Input	71	156940	17340	1
230104	9	Key Input	65	158470	18870	1
230104	9	Key Input	68	164890	25290	1
230104	9	Key Input	69	166210	26610	1
230104	9	Key Input	82	167570	27970	1
230104	9	Text Input	REGADER	169600	30000	0
230104	11	Sound	snd_hada	173911	0	1			0		other	0
230104	11	Key Input	72	184500	10590	1
230104	11	Key Input	65	186730	12820	1
230104	11	Key Input	68	191160	17250	1
230104	11	Key Input	65	192850	18940	1
230104	11	Text Input	HADA	203910	30000	0
230104	13	Sound	snd_cafetera	208082	0	1			0		other	0
230104	13	Key Input	67	218980	10899	1
230104	13	Key Input	65	220840	12758	1
230104	13	Key Input	70	225060	16979	1
230104	13	Key Input	87	232870	24789	1
230104	13	Key Input	82	236750	28668	1
230104	13	Text Input	CAFWR	238081	30000	0
230104	15	Sound	snd_persiana	242253	0	1			0		other	0
230104	15	Key Input	80	255910	13657	1
230104	15	Key Input	69	258180	15927	1
230104	15	Key Input	82	258260	16007	1
230104	15	Key Input	82	260560	18307	1
230104	15	Key Input	83	264490	22237	1
230104	15	Key Input	73	265010	22757	1
230104	15	Key Input	78	266690	24437	1
230104	15	Key Input	65	267340	25087	1
230104	15	Key Input	65	271380	29127	1
230104	15	Text Input	PERRSINAA	272253	30000	0
230104	17	Sound	snd_paja	276355	0	1			0		other	0
230104	17	Key Input	80	285480	9125	1
230104	17	Key Input	65	287629	11275	1
230104	17	Key Input	75	290090	13736	1
230104	17	Key Input	74	294219	17865	1
230104	17	Key Input	65	294850	18495	1
230104	17	Text Input	PAKJA	306354	30000	0
230104	19	Sound	snd_humo	310526	0	1			0		other	0
230104	19	Key Input	72	323639	13114	1
230104	19	Key Input	73	326549	16024	1
230104	19	Key Input	44	330249	19724	1
230104	19	Key Input	79	331809	21284	1
230104	19	Text Input	HI,O	340526	30000	0
230104	21	Sound	snd_abeja	344627	0	1			0		other	0
230104	21	Key Input	65	355299	10672	1
230104	21	Key Input	66	359689	15062	1
230104	21	Key Input	69	362359	17732	1
230104	21	Key Input	74	364709	20082	1
230104	21	Key Input	65	366179	21552	1
230104	21	Text Input	ABEJA	374627	30000	0
230104	23	Sound	snd_foca	378729	0	1			0		other	0
230104	23	Key Input	82	392859	14131	1
230104	23	Key Input	79	397959	19230	1
230104	23	Key Input	88	401419	22690	1
230104	23	Key Input	65	402739	24010	1
230104	23	Text Input	ROXA	408729	30000	0
230104	25	Sound	snd_cereza	412831	0	1			0		other	0
230104	25	Key Input	67	425800	12969	1
230104	25	Key Input	69	428860	16029	1
230104	25	Key Input	82	432880	20049	1
230104	25	Key Input	69	434410	21579	1
230104	25	Text Input	CERE	442831	30000	0
230104	27	Sound	snd_novia	446932	0	1			0		other	0
230104	27	Key Input	78	457329	10397	1
230104	27	Key Input	79	459739	12807	1
230104	27	Key Input	86	463909	16977	1
230104	27	Key Input	73	465679	18746	1
230104	27	Key Input	65	467829	20897	1
230104	27	Text Input	NOVIA	476932	30000	0
230104	29	Sound	snd_carpeta	481034	0	1			0		other	0
230104	29	Key Input	67	488929	7895	1
230104	29	Key Input	65	490968	9934	1
230104	29	Key Input	39	499669	18635	1
230104	29	Key Input	87	503479	22445	1
230104	29	Key Input	82	504529	23495	1
230104	29	Text Input	CA'WR	511034	30000	0
230104	31	Sound	snd_tortuga	515136	0	1			0		other	0
230104	31	Key Input	84	529579	14443	1
230104	31	Key Input	48	533469	18333	1
230104	31	Key Input	69	535228	20093	1
230104	31	Key Input	82	536009	20873	1
230104	31	Key Input	84	540719	25583	1
230104	31	Key Input	56	544959	29823	1
230104	31	Text Input	T0ERT8	545136	30000	0
230104	33	Sound	snd_cartera	549238	0	1			0		other	0
230104	33	Key Input	67	564560	15323	1
230104	33	Key Input	65	567359	18122	1
230104	33	Key Input	83	569269	20032	1
230104	33	Key Input	53	575999	26762	1
230104	33	Key Input	82	576419	27182	1
230104	33	Key Input	69	577789	28552	1
230104	33	Text Input	CAS5RE	579237	30000	0
230104	35	Sound	snd_taza	583409	0	1			0		other	0
230104	35	Key Input	82	598950	15542	1
230104	35	Key Input	65	601540	18131	1
230104	35	Text Input	RA	613408	30000	0
230104	37	Sound	snd_sangre	617510	0	1			0		other	0
230104	37	Key Input	83	633810	16300	1
230104	37	Key Input	65	636880	19369	1
230104	37	Key Input	78	640300	22789	1
230104	37	Key Input	70	645080	27569	1
230104	37	Text Input	SANF	647510	30000	0
230104	39	Sound	snd_columpio	651682	0	1			0		other	0
230104	39	Key Input	67	672020	20338	1
230104	39	Key Input	80	676710	25028	1
230104	39	Text Input	CP	681681	30000	0
230104	41	Sound	snd_cresta	686061	0	1			0		other	0
230104	41	Key Input	86	705490	19429	1
230104	41	Key Input	82	708549	22489	1
230104	41	Key Input	65	711770	25709	1
230104	41	Key Input	87	712429	26369	1
230104	41	Key Input	82	714939	28879	1
230104	41	Text Input	VRAWR	716061	30000	0
230104	43	Sound	snd_naranja	720232	0	1			0		other	0
230104	43	Key Input	78	732830	12598	1
230104	43	Key Input	65	734699	14468	1
230104	43	Key Input	82	739640	19408	1
230104	43	Key Input	65	742219	21987	1
230104	43	Key Input	76	746269	26037	1
230104	43	Key Input	78	749139	28907	1
230104	43	Text Input	NARALN	750232	30000	0
230104	45	Sound	snd_labio	754334	0	1			0		other	0
230104	45	Key Input	76	769740	15406	1
230104	45	Key Input	65	772979	18646	1
230104	45	Key Input	66	776829	22496	1
230104	45	Key Input	73	779879	25546	1
230104	45	Key Input	79	781099	26766	1
230104	45	Text Input	LABIO	784334	30000	0
230104	47	Sound	snd_pistola	788436	0	1			0		other	0
230104	47	Key Input	80	799450	11015	1
230104	47	Key Input	73	806189	17754	1
230104	47	Key Input	83	808049	19614	1
230104	47	Key Input	84	811859	23423	1
230104	47	Key Input	79	813649	25214	1
230104	47	Text Input	PISTO	818435	30000	0
230104	49	Sound	snd_dinero	822537	0	1			0		other	0
230104	49	Key Input	68	839229	16692	1
230104	49	Key Input	57	849129	26592	1
230104	49	Text Input	D9	852537	30000	0
230104	51	Sound	snd_molino	856639	0	1			0		other	0
230104	51	Key Input	77	867959	11320	1
230104	51	Key Input	79	869999	13360	1
230104	51	Key Input	78	872498	15860	1
230104	51	Key Input	76	881379	24740	1
230104	51	Key Input	57	882138	25500	1
230104	51	Key Input	74	883529	26890	1
230104	51	Key Input	74	885268	28630	1
230104	51	Key Input	78	885278	28640	1
230104	51	Key Input	57	885439	28800	1
230104	51	Text Input	MONL9JJN9	886639	30000	0
230104	53	Sound	snd_cepillo	890741	0	1			0		other	0
230104	53	Key Input	67	907409	16669	1
230104	53	Key Input	69	909899	19158	1
230104	53	Key Input	39	914769	24029	1
230104	53	Key Input	57	917809	27069	1
230104	53	Key Input	48	917839	27099	1
230104	53	Text Input	CE'90	920740	30000	0
230104	55	Sound	snd_fresa	924842	0	1			0		other	0
230104	57	Sound	snd_caramelo	958944	0	1			0		other	0
230104	57	Key Input	67	975210	16266	1
230104	57	Key Input	65	977949	19005	1
230104	57	Key Input	82	981719	22775	1
230104	57	Key Input	65	984430	25486	1
230104	57	Key Input	44	987769	28825	1
230104	57	Key Input	77	987789	28845	1
230104	57	Text Input	CARA,M	988944	30000	0
230104	59	Sound	snd_pollo	993046	0	1			0		other	0
230104	59	Key Input	80	1005609	12564	1
230104	59	Key Input	79	1009799	16753	1
230104	59	Key Input	76	1014509	21463	1
230104	59	Key Input	76	1016339	23293	1
230104	59	Key Input	79	1018169	25123	1
230104	59	Text Input	POLLO	1023046	30000	0
230104	61	Sound	snd_huella	1027147	0	1			0		other	0
230104	61	Key Input	72	1037020	9872	1
230104	61	Key Input	56	1042829	15682	1
230104	61	Key Input	69	1050869	23722	1
230104	61	Key Input	85	1052489	25342	1
230104	61	Key Input	65	1054349	27202	1
230104	61	Text Input	H8EUA	1057147	30000	0


Event Type	Code	Type	Response	RT	RT Uncertainty	Time	Uncertainty	Duration	Uncertainty	ReqTime	ReqDur

Sound	snd_gafas	other				37303	201			0
Sound	snd_pimiento	other				71397	1			0
Sound	snd_lobo	other				105499	1			0
Sound	snd_regadera	other				139600	1			0
Sound	snd_hada	other				173911	1			0
Sound	snd_cafetera	other				208082	1			0
Sound	snd_persiana	other				242253	1			0
Sound	snd_paja	other				276355	1			0
Sound	snd_humo	other				310526	1			0
Sound	snd_abeja	other				344627	1			0
Sound	snd_foca	other				378729	1			0
Sound	snd_cereza	other				412831	1			0
Sound	snd_novia	other				446932	1			0
Sound	snd_carpeta	other				481034	1			0
Sound	snd_tortuga	other				515136	1			0
Sound	snd_cartera	other				549238	1			0
Sound	snd_taza	other				583409	1			0
Sound	snd_sangre	other				617510	1			0
Sound	snd_columpio	other				651682	1			0
Sound	snd_cresta	other				686061	1			0
Sound	snd_naranja	other				720232	1			0
Sound	snd_labio	other				754334	1			0
Sound	snd_pistola	other				788436	1			0
Sound	snd_dinero	other				822537	1			0
Sound	snd_molino	other				856639	1			0
Sound	snd_cepillo	other				890741	1			0
Sound	snd_fresa	other				924842	1			0
Sound	snd_caramelo	other				958944	1			0
Sound	snd_pollo	other				993046	1			0
Sound	snd_huella	other				1027147	1			0
