Scenario - caja.sce
Logfile written - 12/04/2023 15:31:16

Subject	Trial	Event Type	Code	Time	TTime	Uncertainty	Duration	Uncertainty	ReqTime	ReqDur	Stim Type	Pair Index

260201	1	Response	98	43661	33591	1
260201	3	Sound	snd_cafetera	47720	7	205			0		other	0
260201	3	Key Input	67	58641	10927	1
260201	3	Key Input	65	61170	13457	1
260201	3	Key Input	70	64301	16588	1
260201	3	Key Input	69	67030	19317	1
260201	3	Key Input	84	69740	22027	1
260201	3	Key Input	69	72471	24758	1
260201	3	Key Input	82	72920	25207	1
260201	3	Text Input	CAFETER	77713	30000	0
260201	5	Sound	snd_cresta	81815	0	1			0		other	0
260201	5	Key Input	67	90821	9006	1
260201	5	Key Input	82	97081	15266	1
260201	5	Key Input	69	98100	16285	1
260201	5	Key Input	83	100640	18825	1
260201	5	Key Input	89	102290	20476	1
260201	5	Key Input	65	103731	21916	1
260201	5	Text Input	CRESYA	111815	30000	0
260201	7	Sound	snd_pimiento	115917	0	1			0		other	0
260201	7	Key Input	80	128130	12214	1
260201	7	Key Input	73	131350	15434	1
260201	7	Key Input	77	134800	18883	1
260201	7	Key Input	73	138690	22773	1
260201	7	Key Input	69	140620	24703	1
260201	7	Key Input	78	142051	26134	1
260201	7	Key Input	78	143230	27313	1
260201	7	Key Input	84	143540	27624	1
260201	7	Key Input	69	144730	28813	1
260201	7	Text Input	PIMIENNTE	145917	30000	0
260201	9	Sound	snd_columpio	150019	0	1			0		other	0
260201	9	Key Input	67	161840	11822	1
260201	9	Key Input	79	163300	13282	1
260201	9	Key Input	76	165810	15792	1
260201	9	Key Input	85	173430	23411	1
260201	9	Key Input	77	179960	29942	1
260201	9	Text Input	COLUM	180018	30000	0
260201	11	Sound	snd_molino	184120	0	1			0		other	0
260201	11	Key Input	77	194630	10510	1
260201	11	Key Input	79	197160	13041	1
260201	11	Key Input	209	204210	20091	1
260201	11	Key Input	73	207990	23870	1
260201	11	Key Input	78	210790	26670	1
260201	11	Key Input	79	211771	27651	1
260201	11	Text Input	MOÑINO	214120	30000	0
260201	13	Sound	snd_gafas	218291	0	1			0		other	0
260201	13	Key Input	67	226400	8109	1
260201	13	Key Input	8	231840	13549	1
260201	13	Key Input	70	234490	16199	1
260201	13	Key Input	65	238660	20369	1
260201	13	Key Input	8	238870	20579	1
260201	13	Key Input	8	242890	24599	1
260201	13	Key Input	70	245320	27029	1
260201	13	Key Input	65	247939	29648	1
260201	13	Text Input	FA	248291	30000	0
260201	15	Sound	snd_naranja	252393	0	1			0		other	0
260201	15	Key Input	78	261370	8978	1
260201	15	Key Input	65	263600	11207	1
260201	15	Key Input	82	266139	13747	1
260201	15	Key Input	65	269010	16617	1
260201	15	Key Input	78	270480	18087	1
260201	15	Key Input	74	275180	22788	1
260201	15	Key Input	65	276570	24177	1
260201	15	Text Input	NARANJA	282393	30000	0
260201	17	Sound	snd_paja	286773	0	1			0		other	0
260201	17	Key Input	80	295191	8418	1
260201	17	Key Input	65	297550	10778	1
260201	17	Key Input	75	302250	15478	1
260201	17	Key Input	65	304010	17238	1
260201	17	Text Input	PAKA	316772	30000	0
260201	19	Sound	snd_persiana	320874	0	1			0		other	0
260201	19	Key Input	80	331020	10146	1
260201	19	Key Input	69	333220	12346	1
260201	19	Key Input	82	333700	12826	1
260201	19	Key Input	83	337520	16646	1
260201	19	Key Input	73	338770	17896	1
260201	19	Key Input	65	340800	19926	1
260201	19	Key Input	78	341960	21086	1
260201	19	Key Input	65	342870	21996	1
260201	19	Text Input	PERSIANA	350874	30000	0
260201	21	Sound	snd_carpeta	354976	0	1			0		other	0
260201	21	Key Input	67	364390	9415	1
260201	21	Key Input	65	367130	12155	1
260201	21	Key Input	82	370800	15825	1
260201	21	Key Input	80	373850	18875	1
260201	21	Key Input	69	377130	22155	1
260201	21	Key Input	84	381540	26565	1
260201	21	Key Input	89	381540	26565	1
260201	21	Key Input	65	383680	28705	1
260201	21	Text Input	CARPETYA	384976	30000	0
260201	23	Sound	snd_sangre	389147	0	1			0		other	0
260201	23	Key Input	83	398540	9394	1
260201	23	Key Input	65	403870	14723	1
260201	23	Key Input	78	405470	16323	1
260201	23	Key Input	70	408080	18934	1
260201	23	Key Input	8	412870	23723	1
260201	23	Text Input	SAN	419147	30000	0
260201	25	Sound	snd_hada	423249	0	1			0		other	0
260201	25	Key Input	72	437270	14022	1
260201	25	Key Input	65	439110	15862	1
260201	25	Key Input	68	440870	17622	1
260201	25	Key Input	65	444130	20882	1
260201	25	Text Input	HADA	453249	30000	0
260201	27	Sound	snd_pollo	457351	0	1			0		other	0
260201	27	Key Input	79	476160	18810	1
260201	27	Key Input	73	478300	20950	1
260201	27	Key Input	76	481080	23730	1
260201	27	Key Input	76	482600	25250	1
260201	27	Key Input	79	484460	27110	1
260201	27	Text Input	OILLO	487350	30000	0
260201	29	Sound	snd_abeja	491452	0	1			0		other	0
260201	29	Key Input	65	501460	10008	1
260201	29	Key Input	86	505150	13698	1
260201	29	Key Input	69	507760	16308	1
260201	29	Key Input	8	512420	20968	1
260201	29	Key Input	8	514030	22578	1
260201	29	Key Input	78	518681	27229	1
260201	29	Key Input	69	520240	28788	1
260201	29	Text Input	ANE	521452	30000	0
260201	31	Sound	snd_cartera	525554	0	1			0		other	0
260201	31	Key Input	67	537750	12197	1
260201	31	Key Input	65	540650	15096	1
260201	31	Key Input	82	544140	18586	1
260201	31	Key Input	84	546900	21346	1
260201	31	Key Input	69	548750	23196	1
260201	31	Key Input	82	549560	24007	1
260201	31	Key Input	65	552170	26617	1
260201	31	Text Input	CARTERA	555554	30000	0
260201	33	Sound	snd_caramelo	559656	0	1			0		other	0
260201	33	Key Input	67	568020	8365	1
260201	33	Key Input	65	570380	10725	1
260201	33	Key Input	82	572470	12815	1
260201	33	Key Input	65	575120	15465	1
260201	33	Key Input	44	579530	19875	1
260201	33	Key Input	69	581220	21565	1
260201	33	Key Input	80	588800	29145	1
260201	33	Text Input	CARA,EP	589655	30000	0
260201	35	Sound	snd_taza	593827	0	1			0		other	0
260201	35	Key Input	84	601540	7714	1
260201	35	Key Input	65	605340	11514	1
260201	35	Key Input	90	608730	14904	1
260201	35	Key Input	65	610820	16994	1
260201	35	Text Input	TAZA	623827	30000	0
260201	37	Sound	snd_lobo	627998	0	1			0		other	0
260201	37	Key Input	209	637220	9222	1
260201	37	Key Input	78	643390	15393	1
260201	37	Key Input	79	646939	18942	1
260201	37	Key Input	80	646939	18942	1
260201	37	Text Input	ÑNOP	657998	30000	0
260201	39	Sound	snd_labio	662100	0	1			0		other	0
260201	39	Key Input	76	670490	8391	1
260201	39	Key Input	65	674960	12860	1
260201	39	Key Input	66	679649	17550	1
260201	39	Key Input	73	683430	21331	1
260201	39	Key Input	79	684160	22061	1
260201	39	Text Input	LABIO	692099	30000	0
260201	41	Sound	snd_tortuga	696201	0	1			0		other	0
260201	41	Key Input	84	708060	11859	1
260201	41	Key Input	80	709680	13479	1
260201	41	Key Input	82	711810	15609	1
260201	41	Key Input	84	717290	21089	1
260201	41	Key Input	73	719000	22799	1
260201	41	Key Input	74	722170	25969	1
260201	41	Key Input	71	725990	29789	1
260201	41	Text Input	TPRTIJG	726201	30000	0
260201	43	Sound	snd_novia	730442	0	1			0		other	0
260201	43	Key Input	78	739480	9039	1
260201	43	Key Input	79	740669	10228	1
260201	43	Key Input	86	743360	12918	1
260201	43	Key Input	73	745149	14708	1
260201	43	Key Input	65	748550	18108	1
260201	43	Text Input	NOVIA	760442	30000	0
260201	45	Sound	snd_foca	764544	0	1			0		other	0
260201	45	Key Input	70	774760	10217	1
260201	45	Key Input	79	776690	12146	1
260201	45	Key Input	67	782370	17827	1
260201	45	Key Input	65	784889	20346	1
260201	45	Text Input	FOCA	794543	30000	0
260201	47	Sound	snd_cereza	798645	0	1			0		other	0
260201	47	Key Input	67	809280	10635	1
260201	47	Key Input	69	812540	13895	1
260201	47	Key Input	82	813380	14735	1
260201	47	Key Input	65	818060	19415	1
260201	47	Key Input	8	822310	23665	1
260201	47	Key Input	69	823150	24505	1
260201	47	Key Input	90	827751	29106	1
260201	47	Text Input	CEREZ	828645	30000	0
260201	49	Sound	snd_cepillo	832816	0	1			0		other	0
260201	49	Key Input	67	842179	9363	1
260201	49	Key Input	69	845010	12194	1
260201	49	Key Input	79	858070	25254	1
260201	49	Key Input	73	858350	25534	1
260201	49	Key Input	76	861940	29124	1
260201	49	Text Input	CEOIL	862816	30000	0
260201	51	Sound	snd_pistola	866918	0	1			0		other	0
260201	51	Key Input	210	888690	21772	1
260201	51	Key Input	73	891850	24932	1
260201	51	Key Input	84	895140	28222	1
260201	51	Key Input	76	896650	29732	1
260201	51	Text Input	ÒITL	896918	30000	0
260201	53	Sound	snd_regadera	901020	0	1			0		other	0
260201	53	Key Input	82	914140	13121	1
260201	53	Key Input	69	915330	14310	1
260201	53	Key Input	71	918210	17190	1
260201	53	Key Input	65	920720	19700	1
260201	53	Key Input	68	924300	23280	1
260201	53	Key Input	69	928240	27220	1
260201	53	Key Input	82	928260	27240	1
260201	53	Text Input	REGADER	931020	30000	0
260201	55	Sound	snd_dinero	935191	0	1			0		other	0
260201	55	Key Input	68	943200	8009	1
260201	55	Key Input	79	945420	10229	1
260201	55	Key Input	73	945630	10439	1
260201	55	Key Input	78	951180	15989	1
260201	55	Key Input	69	953380	18189	1
260201	55	Key Input	82	954180	18989	1
260201	55	Key Input	79	955360	20169	1
260201	55	Text Input	DOINERO	965191	30000	0
260201	57	Sound	snd_humo	969293	0	1			0		other	0
260201	57	Key Input	72	981290	11998	1
260201	57	Key Input	73	982790	13497	1
260201	57	Key Input	77	987180	17887	1
260201	57	Key Input	79	988160	18867	1
260201	57	Text Input	HIMO	999293	30000	0
260201	59	Sound	snd_fresa	1003464	0	1			0		other	0
260201	59	Key Input	70	1015130	11666	1
260201	59	Key Input	82	1018410	14946	1
260201	59	Key Input	69	1020020	16556	1
260201	59	Key Input	83	1023420	19956	1
260201	59	Key Input	65	1024220	20756	1
260201	59	Text Input	FRESA	1033464	30000	0
260201	61	Sound	snd_huella	1037566	0	1			0		other	0
260201	61	Key Input	72	1048930	11365	1
260201	61	Key Input	73	1050650	13085	1
260201	61	Key Input	69	1052840	15274	1
260201	61	Key Input	209	1055260	17695	1
260201	61	Key Input	209	1056660	19094	1
260201	61	Key Input	65	1057840	20275	1
260201	61	Key Input	8	1065150	27585	1
260201	61	Key Input	8	1066840	29275	1
260201	61	Text Input	HIEÑ	1067565	30000	0

Visual picture detection failed over to using scan line information only at the following times:
type	time	timeout	presentation
fail	33879.3	34.725	85
restore	34080.2	0	86


Event Type	Code	Type	Response	RT	RT Uncertainty	Time	Uncertainty	Duration	Uncertainty	ReqTime	ReqDur

Sound	snd_cafetera	other				47720	205			0
Sound	snd_cresta	other				81815	1			0
Sound	snd_pimiento	other				115917	1			0
Sound	snd_columpio	other				150019	1			0
Sound	snd_molino	other				184120	1			0
Sound	snd_gafas	other				218291	1			0
Sound	snd_naranja	other				252393	1			0
Sound	snd_paja	other				286773	1			0
Sound	snd_persiana	other				320874	1			0
Sound	snd_carpeta	other				354976	1			0
Sound	snd_sangre	other				389147	1			0
Sound	snd_hada	other				423249	1			0
Sound	snd_pollo	other				457351	1			0
Sound	snd_abeja	other				491452	1			0
Sound	snd_cartera	other				525554	1			0
Sound	snd_caramelo	other				559656	1			0
Sound	snd_taza	other				593827	1			0
Sound	snd_lobo	other				627998	1			0
Sound	snd_labio	other				662100	1			0
Sound	snd_tortuga	other				696201	1			0
Sound	snd_novia	other				730442	1			0
Sound	snd_foca	other				764544	1			0
Sound	snd_cereza	other				798645	1			0
Sound	snd_cepillo	other				832816	1			0
Sound	snd_pistola	other				866918	1			0
Sound	snd_regadera	other				901020	1			0
Sound	snd_dinero	other				935191	1			0
Sound	snd_humo	other				969293	1			0
Sound	snd_fresa	other				1003464	1			0
Sound	snd_huella	other				1037566	1			0
