Scenario - caja.sce
Logfile written - 12/04/2023 19:07:17

Subject	Trial	Event Type	Code	Time	TTime	Uncertainty	Duration	Uncertainty	ReqTime	ReqDur	Stim Type	Pair Index

280202	1	Response	98	31212	21143	1
280202	3	Sound	snd_molino	35288	7	212			0		other	0
280202	3	Key Input	77	47653	12372	1
280202	3	Key Input	79	55192	19912	1
280202	3	Key Input	76	57342	22062	1
280202	3	Key Input	73	59152	23871	1
280202	3	Key Input	78	60953	25672	1
280202	3	Key Input	79	62902	27622	1
280202	3	Text Input	MOLINO	65281	30000	0
280202	5	Sound	snd_taza	69452	0	1			0		other	0
280202	5	Key Input	84	77823	8371	1
280202	5	Key Input	65	80113	10661	1
280202	5	Key Input	90	82043	12591	1
280202	5	Key Input	65	84312	14860	1
280202	5	Text Input	TAZA	99452	30000	0
280202	7	Sound	snd_huella	103554	0	1			0		other	0
280202	7	Key Input	72	112133	8579	1
280202	7	Key Input	85	116152	12598	1
280202	7	Key Input	69	118252	14699	1
280202	7	Key Input	76	119492	15939	1
280202	7	Key Input	76	121182	17629	1
280202	7	Key Input	65	123832	20279	1
280202	7	Text Input	HUELLA	133554	30000	0
280202	9	Sound	snd_cresta	137656	0	1			0		other	0
280202	9	Key Input	67	146173	8517	1
280202	9	Key Input	82	148272	10617	1
280202	9	Key Input	69	149032	11376	1
280202	9	Key Input	84	151562	13907	1
280202	9	Key Input	8	156222	18567	1
280202	9	Key Input	83	157082	19427	1
280202	9	Key Input	8	157572	19917	1
280202	9	Key Input	65	159812	22156	1
280202	9	Key Input	8	164122	26467	1
280202	9	Key Input	83	165282	27627	1
280202	9	Key Input	84	167122	29467	1
280202	9	Text Input	CREST	167656	30000	0
280202	11	Sound	snd_columpio	171757	0	1			0		other	0
280202	11	Key Input	67	180482	8725	1
280202	11	Key Input	79	181442	9685	1
280202	11	Key Input	76	183272	11515	1
280202	11	Key Input	85	185312	13555	1
280202	11	Key Input	77	187202	15445	1
280202	11	Key Input	80	189102	17345	1
280202	11	Key Input	73	190982	19225	1
280202	11	Key Input	79	192513	20755	1
280202	11	Text Input	COLUMPIO	201757	30000	0
280202	13	Sound	snd_labio	205859	0	1			0		other	0
280202	13	Key Input	76	213963	8104	1
280202	13	Key Input	65	215692	9833	1
280202	13	Key Input	66	216702	10843	1
280202	13	Key Input	73	218982	13123	1
280202	13	Key Input	79	220632	14773	1
280202	13	Text Input	LABIO	235859	30000	0
280202	15	Sound	snd_hada	239961	0	1			0		other	0
280202	15	Key Input	72	249153	9192	1
280202	15	Key Input	65	251552	11592	1
280202	15	Key Input	70	253122	13162	1
280202	15	Key Input	65	254742	14782	1
280202	15	Key Input	8	257352	17392	1
280202	15	Key Input	8	258922	18962	1
280202	15	Key Input	68	259732	19772	1
280202	15	Key Input	65	261302	21342	1
280202	15	Text Input	HADA	269961	30000	0
280202	17	Sound	snd_paja	274063	0	1			0		other	0
280202	17	Key Input	80	280882	6820	1
280202	17	Key Input	65	282122	8060	1
280202	17	Key Input	74	283482	9420	1
280202	17	Key Input	74	284292	10230	1
280202	17	Key Input	65	285002	10940	1
280202	17	Key Input	8	290942	16880	1
280202	17	Key Input	8	292602	18540	1
280202	17	Key Input	65	293042	18980	1
280202	17	Text Input	PAJA	304062	30000	0
280202	19	Sound	snd_naranja	308164	0	1			0		other	0
280202	19	Key Input	78	317572	9409	1
280202	19	Key Input	65	318892	10728	1
280202	19	Key Input	84	320922	12758	1
280202	19	Key Input	65	321392	13228	1
280202	19	Key Input	8	326092	17928	1
280202	19	Key Input	82	327462	19298	1
280202	19	Key Input	82	328352	20188	1
280202	19	Key Input	65	328612	20448	1
280202	19	Key Input	78	330232	22068	1
280202	19	Key Input	65	335312	27148	1
280202	19	Key Input	74	335742	27578	1
280202	19	Text Input	NATRRANAJ	338164	30000	0
280202	21	Sound	snd_persiana	342335	0	1			0		other	0
280202	21	Key Input	80	354493	12157	1
280202	21	Key Input	69	355952	13617	1
280202	21	Key Input	82	356662	14327	1
280202	21	Key Input	83	358822	16487	1
280202	21	Key Input	73	360662	18327	1
280202	21	Key Input	65	362992	20657	1
280202	21	Key Input	78	363652	21317	1
280202	21	Key Input	65	365442	23107	1
280202	21	Text Input	PERSIANA	372335	30000	0
280202	23	Sound	snd_gafas	376437	0	1			0		other	0
280202	23	Key Input	71	384882	8446	1
280202	23	Key Input	65	391762	15325	1
280202	23	Key Input	68	394242	17805	1
280202	23	Key Input	8	397762	21325	1
280202	23	Key Input	70	399442	23005	1
280202	23	Key Input	65	401022	24585	1
280202	23	Key Input	83	403522	27085	1
280202	23	Text Input	GAFAS	406437	30000	0
280202	25	Sound	snd_caramelo	410539	0	1			0		other	0
280202	25	Key Input	67	417682	7144	1
280202	25	Key Input	65	419612	9074	1
280202	25	Key Input	82	420362	9824	1
280202	25	Key Input	69	425371	14833	1
280202	25	Key Input	8	428732	18193	1
280202	25	Key Input	65	430282	19743	1
280202	25	Key Input	77	432002	21464	1
280202	25	Key Input	69	433351	22813	1
280202	25	Key Input	76	434532	23993	1
280202	25	Key Input	79	436252	25714	1
280202	25	Text Input	CARAMELO	440539	30000	0
280202	27	Sound	snd_humo	444641	0	1			0		other	0
280202	27	Key Input	72	452852	8211	1
280202	27	Key Input	85	456822	12182	1
280202	27	Key Input	77	459552	14912	1
280202	27	Key Input	79	461492	16852	1
280202	27	Text Input	HUMO	474640	30000	0
280202	29	Sound	snd_sangre	478812	0	1			0		other	0
280202	29	Key Input	83	487952	9140	1
280202	29	Key Input	65	489122	10310	1
280202	29	Key Input	78	491152	12340	1
280202	29	Key Input	71	497802	18991	1
280202	29	Key Input	82	500922	22111	1
280202	29	Key Input	69	502122	23311	1
280202	29	Text Input	SANGRE	508812	30000	0
280202	31	Sound	snd_fresa	512913	0	1			0		other	0
280202	31	Key Input	70	523563	10649	1
280202	31	Key Input	82	526282	13369	1
280202	31	Key Input	69	526632	13719	1
280202	31	Key Input	83	528912	15999	1
280202	31	Key Input	65	532532	19619	1
280202	31	Text Input	FRESA	542913	30000	0
280202	33	Sound	snd_pistola	547015	0	1			0		other	0
280202	33	Key Input	80	555992	8978	1
280202	33	Key Input	83	559092	12077	1
280202	33	Key Input	8	562642	15627	1
280202	33	Key Input	83	569442	22427	1
280202	33	Key Input	84	572521	25507	1
280202	33	Key Input	79	573872	26857	1
280202	33	Key Input	76	575721	28707	1
280202	33	Text Input	PSTOL	577015	30000	0
280202	35	Sound	snd_pollo	581186	0	1			0		other	0
280202	35	Key Input	80	589502	8316	1
280202	35	Key Input	79	591263	10077	1
280202	35	Key Input	76	592982	11796	1
280202	35	Key Input	76	594371	13185	1
280202	35	Key Input	79	595802	14616	1
280202	35	Text Input	POLLO	611186	30000	0
280202	37	Sound	snd_foca	615288	0	1			0		other	0
280202	37	Key Input	70	624733	9445	1
280202	37	Key Input	79	627172	11884	1
280202	37	Key Input	67	629042	13755	1
280202	37	Key Input	65	630962	15674	1
280202	37	Text Input	FOCA	645288	30000	0
280202	39	Sound	snd_abeja	649390	0	1			0		other	0
280202	39	Key Input	72	657302	7913	1
280202	39	Key Input	8	661002	11613	1
280202	39	Key Input	65	662402	13013	1
280202	39	Key Input	66	663682	14293	1
280202	39	Key Input	69	665662	16273	1
280202	39	Key Input	74	665932	16543	1
280202	39	Key Input	65	670432	21042	1
280202	39	Text Input	ABEJA	679389	30000	0
280202	41	Sound	snd_cepillo	683561	0	1			0		other	0
280202	41	Key Input	67	691392	7832	1
280202	41	Key Input	69	693232	9672	1
280202	41	Key Input	80	695012	11452	1
280202	41	Key Input	85	697022	13462	1
280202	41	Key Input	76	699232	15672	1
280202	41	Key Input	76	700892	17331	1
280202	41	Key Input	79	704892	21332	1
280202	41	Text Input	CEPULLO	713561	30000	0
280202	43	Sound	snd_cartera	717663	0	1			0		other	0
280202	43	Key Input	67	723803	6140	1
280202	43	Key Input	65	725562	7900	1
280202	43	Key Input	82	726522	8860	1
280202	43	Key Input	84	728592	10930	1
280202	43	Key Input	69	729782	12120	1
280202	43	Key Input	82	731482	13820	1
280202	43	Key Input	65	733332	15669	1
280202	43	Text Input	CARTERA	747662	30000	0
280202	45	Sound	snd_dinero	751764	0	1			0		other	0
280202	45	Key Input	68	761042	9278	1
280202	45	Key Input	73	767462	15698	1
280202	45	Key Input	78	769532	17768	1
280202	45	Key Input	69	770672	18908	1
280202	45	Key Input	82	771382	19618	1
280202	45	Key Input	79	772212	20448	1
280202	45	Text Input	DINERO	781764	30000	0
280202	47	Sound	snd_pimiento	785866	0	1			0		other	0
280202	47	Key Input	80	796202	10337	1
280202	47	Key Input	73	798392	12527	1
280202	47	Key Input	77	800092	14226	1
280202	47	Key Input	73	801742	15876	1
280202	47	Key Input	69	803052	17186	1
280202	47	Key Input	78	803972	18106	1
280202	47	Key Input	84	805702	19837	1
280202	47	Key Input	79	806072	20206	1
280202	47	Text Input	PIMIENTO	815866	30000	0
280202	49	Sound	snd_novia	820245	0	1			0		other	0
280202	49	Key Input	78	827432	7187	1
280202	49	Key Input	79	829492	9247	1
280202	49	Key Input	86	831702	11457	1
280202	49	Key Input	73	832712	12467	1
280202	49	Key Input	65	834762	14517	1
280202	49	Text Input	NOVIA	850245	30000	0
280202	51	Sound	snd_cafetera	854347	0	1			0		other	0
280202	51	Key Input	67	861292	6945	1
280202	51	Key Input	65	863092	8745	1
280202	51	Key Input	70	867162	12815	1
280202	51	Key Input	69	869302	14955	1
280202	51	Key Input	84	872172	17825	1
280202	51	Key Input	69	873772	19425	1
280202	51	Key Input	82	874912	20565	1
280202	51	Key Input	65	876971	22625	1
280202	51	Text Input	CAFETERA	884347	30000	0
280202	53	Sound	snd_tortuga	888449	0	1			0		other	0
280202	53	Key Input	84	897582	9134	1
280202	53	Key Input	79	898812	10363	1
280202	53	Key Input	82	900262	11813	1
280202	53	Key Input	84	902072	13624	1
280202	53	Key Input	73	903252	14804	1
280202	53	Key Input	8	906892	18443	1
280202	53	Key Input	85	909222	20773	1
280202	53	Key Input	71	910472	22023	1
280202	53	Key Input	65	912732	24283	1
280202	53	Text Input	TORTUGA	918449	30000	0
280202	55	Sound	snd_cereza	922551	0	1			0		other	0
280202	55	Key Input	67	933372	10822	1
280202	55	Key Input	69	935202	12651	1
280202	55	Key Input	82	935952	13402	1
280202	55	Key Input	69	938381	15831	1
280202	55	Key Input	90	941732	19182	1
280202	55	Key Input	65	943952	21402	1
280202	55	Text Input	CEREZA	952550	30000	0
280202	57	Sound	snd_lobo	956652	0	1			0		other	0
280202	57	Key Input	209	964392	7741	1
280202	57	Key Input	80	965932	9280	1
280202	57	Key Input	8	969712	13060	1
280202	57	Key Input	8	971062	14410	1
280202	57	Key Input	76	972922	16270	1
280202	57	Key Input	79	974802	18150	1
280202	57	Key Input	66	976852	20200	1
280202	57	Key Input	78	976852	20200	1
280202	57	Key Input	8	980102	23450	1
280202	57	Key Input	79	983052	26400	1
280202	57	Text Input	LOBO	986652	30000	0
280202	59	Sound	snd_carpeta	990754	0	1			0		other	0
280202	59	Key Input	67	997002	6249	1
280202	59	Key Input	65	998792	8038	1
280202	59	Key Input	82	1002852	12098	1
280202	59	Key Input	80	1005402	14648	1
280202	59	Key Input	69	1007142	16388	1
280202	59	Key Input	84	1008582	17828	1
280202	59	Key Input	65	1010182	19428	1
280202	59	Text Input	CARPETA	1020754	30000	0
280202	61	Sound	snd_regadera	1024856	0	1			0		other	0
280202	61	Key Input	82	1034922	10066	1
280202	61	Key Input	69	1035682	10826	1
280202	61	Key Input	71	1037452	12597	1
280202	61	Key Input	65	1039562	14706	1
280202	61	Key Input	68	1041002	16147	1
280202	61	Key Input	69	1043912	19056	1
280202	61	Key Input	82	1045042	20187	1
280202	61	Key Input	65	1046552	21696	1
280202	61	Text Input	REGADERA	1054855	30000	0

Visual picture detection failed over to using scan line information only at the following times:
type	time	timeout	presentation
fail	6097.87	34.725	9
restore	6290.56	0	10


Event Type	Code	Type	Response	RT	RT Uncertainty	Time	Uncertainty	Duration	Uncertainty	ReqTime	ReqDur

Sound	snd_molino	other				35288	212			0
Sound	snd_taza	other				69452	1			0
Sound	snd_huella	other				103554	1			0
Sound	snd_cresta	other				137656	1			0
Sound	snd_columpio	other				171757	1			0
Sound	snd_labio	other				205859	1			0
Sound	snd_hada	other				239961	1			0
Sound	snd_paja	other				274063	1			0
Sound	snd_naranja	other				308164	1			0
Sound	snd_persiana	other				342335	1			0
Sound	snd_gafas	other				376437	1			0
Sound	snd_caramelo	other				410539	1			0
Sound	snd_humo	other				444641	1			0
Sound	snd_sangre	other				478812	1			0
Sound	snd_fresa	other				512913	1			0
Sound	snd_pistola	other				547015	1			0
Sound	snd_pollo	other				581186	1			0
Sound	snd_foca	other				615288	1			0
Sound	snd_abeja	other				649390	1			0
Sound	snd_cepillo	other				683561	1			0
Sound	snd_cartera	other				717663	1			0
Sound	snd_dinero	other				751764	1			0
Sound	snd_pimiento	other				785866	1			0
Sound	snd_novia	other				820245	1			0
Sound	snd_cafetera	other				854347	1			0
Sound	snd_tortuga	other				888449	1			0
Sound	snd_cereza	other				922551	1			0
Sound	snd_lobo	other				956652	1			0
Sound	snd_carpeta	other				990754	1			0
Sound	snd_regadera	other				1024856	1			0
