Scenario - caja.sce
Logfile written - 12/05/2023 10:19:23

Subject	Trial	Event Type	Code	Time	TTime	Uncertainty	Duration	Uncertainty	ReqTime	ReqDur	Stim Type	Pair Index

290103	1	Response	98	30837	20698	1
290103	3	Sound	snd_lobo	35010	7	209			0		other	0
290103	3	Key Input	76	44268	9265	1
290103	3	Key Input	79	47827	12824	1
290103	3	Key Input	78	50617	15614	1
290103	3	Key Input	79	52787	17784	1
290103	3	Text Input	LONO	65003	30000	0
290103	5	Sound	snd_regadera	69175	0	1			0		other	0
290103	5	Key Input	70	83097	13923	1
290103	5	Key Input	69	85057	15883	1
290103	5	Key Input	86	90527	21353	1
290103	5	Text Input	FEV	99174	30000	0
290103	7	Sound	snd_abeja	103415	0	1			0		other	0
290103	7	Key Input	90	115917	12502	1
290103	7	Key Input	78	124257	20842	1
290103	7	Key Input	83	126367	22952	1
290103	7	Text Input	ZNS	133415	30000	0
290103	9	Sound	snd_cresta	137586	0	1			0		other	0
290103	9	Key Input	67	147948	10362	1
290103	9	Key Input	82	149807	12221	1
290103	9	Key Input	69	152497	14911	1
290103	9	Key Input	83	154747	17161	1
290103	9	Key Input	84	155807	18221	1
290103	9	Key Input	65	157157	19571	1
290103	9	Text Input	CRESTA	167586	30000	0
290103	11	Sound	snd_cepillo	171758	0	1			0		other	0
290103	11	Key Input	67	181997	10240	1
290103	11	Key Input	69	184787	13029	1
290103	11	Key Input	80	186547	14790	1
290103	11	Key Input	73	189147	17390	1
290103	11	Key Input	76	192177	20420	1
290103	11	Key Input	76	193277	21520	1
290103	11	Key Input	79	195357	23600	1
290103	11	Text Input	CEPILLO	201757	30000	0
290103	13	Sound	snd_labio	205929	0	1			0		other	0
290103	13	Key Input	76	217127	11199	1
290103	13	Key Input	209	217137	11208	1
290103	13	Key Input	65	218957	13029	1
290103	13	Key Input	78	223557	17629	1
290103	13	Key Input	73	227327	21399	1
290103	13	Key Input	79	229257	23329	1
290103	13	Text Input	LÑANIO	235928	30000	0
290103	15	Sound	snd_humo	240100	0	1			0		other	0
290103	15	Key Input	74	248338	8238	1
290103	15	Key Input	72	257067	16968	1
290103	15	Key Input	73	259167	19067	1
290103	15	Key Input	77	261677	21577	1
290103	15	Key Input	80	264207	24107	1
290103	15	Text Input	JHIMP	270100	30000	0
290103	17	Sound	snd_pistola	274271	0	1			0		other	0
290103	17	Key Input	80	288027	13757	1
290103	17	Key Input	73	291267	16996	1
290103	17	Key Input	68	296127	21856	1
290103	17	Key Input	89	299577	25306	1
290103	17	Key Input	79	301037	26766	1
290103	17	Key Input	76	302567	28296	1
290103	17	Text Input	PIDYOL	304271	30000	0
290103	19	Sound	snd_dinero	308442	0	1			0		other	0
290103	19	Key Input	68	320067	11625	1
290103	19	Key Input	73	322777	14335	1
290103	19	Key Input	69	325586	17144	1
290103	19	Key Input	8	329747	21305	1
290103	19	Key Input	78	332547	24105	1
290103	19	Key Input	69	333777	25335	1
290103	19	Key Input	82	335667	27225	1
290103	19	Key Input	79	336787	28345	1
290103	19	Text Input	DINERO	338442	30000	0
290103	21	Sound	snd_novia	342613	0	1			0		other	0
290103	21	Key Input	77	351117	8504	1
290103	21	Key Input	79	352897	10284	1
290103	21	Key Input	70	356897	14284	1
290103	21	Key Input	73	358567	15954	1
290103	21	Key Input	65	362727	20114	1
290103	21	Text Input	MOFIA	372613	30000	0
290103	23	Sound	snd_foca	376784	0	1			0		other	0
290103	23	Key Input	70	386737	9953	1
290103	23	Key Input	79	388977	12193	1
290103	23	Key Input	67	392007	15223	1
290103	23	Key Input	65	393087	16303	1
290103	23	Text Input	FOCA	406784	30000	0
290103	25	Sound	snd_caramelo	410956	1	1			0		other	0
290103	25	Key Input	67	419687	8732	1
290103	25	Key Input	65	421367	10411	1
290103	25	Key Input	82	422557	11602	1
290103	25	Key Input	65	424257	13302	1
290103	25	Key Input	77	426337	15382	1
290103	25	Key Input	69	427786	16831	1
290103	25	Key Input	80	432387	21432	1
290103	25	Key Input	79	436897	25942	1
290103	25	Text Input	CARAMEPO	440955	30000	0
290103	27	Sound	snd_taza	445127	0	1			0		other	0
290103	27	Key Input	84	452897	7771	1
290103	27	Key Input	65	461486	16360	1
290103	27	Key Input	88	472627	27500	1
290103	27	Key Input	65	474756	29630	1
290103	27	Text Input	TAXA	475127	30000	0
290103	29	Sound	snd_carpeta	479437	0	1			0		other	0
290103	29	Key Input	67	489537	10100	1
290103	29	Key Input	65	491916	12480	1
290103	29	Key Input	82	493866	14430	1
290103	29	Key Input	84	496006	16570	1
290103	29	Key Input	8	500686	21250	1
290103	29	Key Input	79	509127	29690	1
290103	29	Text Input	CARO	509437	30000	0
290103	31	Sound	snd_cereza	513608	0	1			0		other	0
290103	31	Key Input	67	524397	10789	1
290103	31	Key Input	69	529106	15499	1
290103	31	Key Input	82	533786	20179	1
290103	31	Key Input	69	536676	23069	1
290103	31	Key Input	90	541386	27779	1
290103	31	Key Input	65	543486	29879	1
290103	31	Text Input	CEREZA	543608	30000	0
290103	33	Sound	snd_cartera	547779	0	1			0		other	0
290103	33	Key Input	67	555727	7948	1
290103	33	Key Input	65	557196	9417	1
290103	33	Key Input	82	559006	11227	1
290103	33	Key Input	84	561976	14197	1
290103	33	Key Input	69	564516	16737	1
290103	33	Key Input	84	569206	21427	1
290103	33	Key Input	65	571236	23457	1
290103	33	Text Input	CARTETA	577779	30000	0
290103	35	Sound	snd_tortuga	581950	0	1			0		other	0
290103	35	Key Input	84	590767	8817	1
290103	35	Key Input	79	592287	10337	1
290103	35	Key Input	82	593826	11876	1
290103	35	Key Input	84	598987	17037	1
290103	35	Key Input	85	599787	17837	1
290103	35	Key Input	71	602047	20097	1
290103	35	Key Input	65	603617	21667	1
290103	35	Text Input	TORTUGA	611950	30000	0
290103	37	Sound	snd_molino	616122	0	1			0		other	0
290103	37	Key Input	77	625147	9026	1
290103	37	Key Input	79	628246	12125	1
290103	37	Key Input	76	632167	16046	1
290103	37	Key Input	73	635976	19855	1
290103	37	Key Input	78	638917	22796	1
290103	37	Key Input	79	641087	24966	1
290103	37	Text Input	MOLINO	646121	30000	0
290103	39	Sound	snd_fresa	650571	0	1			0		other	0
290103	39	Key Input	70	661037	10467	1
290103	39	Key Input	82	663707	13137	1
290103	39	Key Input	69	666397	15827	1
290103	39	Key Input	83	669177	18607	1
290103	39	Key Input	65	671497	20927	1
290103	39	Text Input	FRESA	680570	30000	0
290103	41	Sound	snd_persiana	684742	0	1			0		other	0
290103	41	Key Input	80	694936	10195	1
290103	41	Key Input	69	696677	11935	1
290103	41	Key Input	82	698817	14075	1
290103	41	Key Input	83	702526	17785	1
290103	41	Key Input	73	703797	19055	1
290103	41	Key Input	65	705327	20586	1
290103	41	Key Input	78	705857	21115	1
290103	41	Key Input	65	707147	22406	1
290103	41	Text Input	PERSIANA	714741	30000	0
290103	43	Sound	snd_hada	718913	0	1			0		other	0
290103	43	Key Input	71	729746	10834	1
290103	43	Key Input	65	731577	12664	1
290103	43	Key Input	68	734347	15434	1
290103	43	Key Input	65	735897	16984	1
290103	43	Text Input	GADA	748913	30000	0
290103	45	Sound	snd_pimiento	753084	0	1			0		other	0
290103	45	Key Input	80	762277	9193	1
290103	45	Key Input	73	765417	12333	1
290103	45	Key Input	77	769417	16333	1
290103	45	Key Input	73	771167	18083	1
290103	45	Key Input	69	772077	18993	1
290103	45	Key Input	78	773217	20133	1
290103	45	Key Input	84	773977	20893	1
290103	45	Key Input	79	774887	21803	1
290103	45	Text Input	PIMIENTO	783084	30000	0
290103	47	Sound	snd_huella	787186	0	1			0		other	0
290103	47	Key Input	72	795607	8422	1
290103	47	Key Input	85	797297	10112	1
290103	47	Key Input	69	798667	11481	1
290103	47	Key Input	209	800626	13441	1
290103	47	Key Input	209	801917	14731	1
290103	47	Key Input	65	802827	15641	1
290103	47	Text Input	HUEÑÑA	817185	30000	0
290103	49	Sound	snd_paja	821357	0	1			0		other	0
290103	49	Key Input	80	828717	7361	1
290103	49	Key Input	65	834016	12660	1
290103	49	Key Input	75	835856	14500	1
290103	49	Key Input	65	836826	15470	1
290103	49	Text Input	PAKA	851357	30000	0
290103	51	Sound	snd_pollo	855528	0	1			0		other	0
290103	51	Key Input	80	861777	6249	1
290103	51	Key Input	79	864417	8889	1
290103	51	Key Input	76	867166	11639	1
290103	51	Key Input	76	868347	12819	1
290103	51	Key Input	79	869967	14439	1
290103	51	Text Input	POLLO	885528	30000	0
290103	53	Sound	snd_naranja	889699	1	1			0		other	0
290103	53	Key Input	78	898787	9088	1
290103	53	Key Input	65	901887	12188	1
290103	53	Key Input	82	903627	13928	1
290103	53	Key Input	65	907607	17908	1
290103	53	Key Input	78	909747	20048	1
290103	53	Key Input	74	911897	22198	1
290103	53	Key Input	65	913237	23538	1
290103	53	Text Input	NARANJA	919699	30000	0
290103	55	Sound	snd_gafas	923870	0	1			0		other	0
290103	55	Key Input	72	932397	8527	1
290103	55	Key Input	71	936627	12757	1
290103	55	Key Input	65	940017	16147	1
290103	55	Key Input	68	943726	19856	1
290103	55	Key Input	65	945307	21437	1
290103	55	Key Input	83	950137	26267	1
290103	55	Text Input	HGADAS	953870	30000	0
290103	57	Sound	snd_columpio	958041	0	1			0		other	0
290103	57	Key Input	67	966957	8916	1
290103	57	Key Input	79	968185	10144	1
290103	57	Key Input	76	970947	12905	1
290103	57	Key Input	85	973917	15876	1
290103	57	Key Input	77	976527	18486	1
290103	57	Key Input	80	979007	20966	1
290103	57	Key Input	73	981697	23656	1
290103	57	Key Input	79	983876	25835	1
290103	57	Text Input	COLUMPIO	988041	30000	0
290103	59	Sound	snd_cafetera	992213	0	1			0		other	0
290103	59	Key Input	67	1001017	8805	1
290103	59	Key Input	65	1004207	11994	1
290103	59	Key Input	70	1008577	16364	1
290103	59	Key Input	69	1010797	18584	1
290103	59	Key Input	84	1014466	22254	1
290103	59	Key Input	69	1016097	23884	1
290103	59	Key Input	82	1017417	25204	1
290103	59	Key Input	65	1019047	26834	1
290103	59	Text Input	CAFETERA	1022212	30000	0
290103	61	Sound	snd_sangre	1026384	0	1			0		other	0
290103	61	Key Input	83	1034877	8493	1
290103	61	Key Input	65	1036807	10423	1
290103	61	Key Input	78	1037527	11143	1
290103	61	Key Input	71	1039987	13603	1
290103	61	Key Input	82	1043207	16823	1
290103	61	Key Input	69	1045027	18643	1
290103	61	Text Input	SANGRE	1056384	30000	0

Visual picture detection failed over to using scan line information only at the following times:
type	time	timeout	presentation
fail	78308.8	34.725	194
restore	78711.9	0	195


Event Type	Code	Type	Response	RT	RT Uncertainty	Time	Uncertainty	Duration	Uncertainty	ReqTime	ReqDur

Sound	snd_lobo	other				35010	209			0
Sound	snd_regadera	other				69175	1			0
Sound	snd_abeja	other				103415	1			0
Sound	snd_cresta	other				137586	1			0
Sound	snd_cepillo	other				171758	1			0
Sound	snd_labio	other				205929	1			0
Sound	snd_humo	other				240100	1			0
Sound	snd_pistola	other				274271	1			0
Sound	snd_dinero	other				308442	1			0
Sound	snd_novia	other				342613	1			0
Sound	snd_foca	other				376784	1			0
Sound	snd_caramelo	other				410956	1			0
Sound	snd_taza	other				445127	1			0
Sound	snd_carpeta	other				479437	1			0
Sound	snd_cereza	other				513608	1			0
Sound	snd_cartera	other				547779	1			0
Sound	snd_tortuga	other				581950	1			0
Sound	snd_molino	other				616122	1			0
Sound	snd_fresa	other				650571	1			0
Sound	snd_persiana	other				684742	1			0
Sound	snd_hada	other				718913	1			0
Sound	snd_pimiento	other				753084	1			0
Sound	snd_huella	other				787186	1			0
Sound	snd_paja	other				821357	1			0
Sound	snd_pollo	other				855528	1			0
Sound	snd_naranja	other				889699	1			0
Sound	snd_gafas	other				923870	1			0
Sound	snd_columpio	other				958041	1			0
Sound	snd_cafetera	other				992213	1			0
Sound	snd_sangre	other				1026384	1			0
