Scenario - caja.sce
Logfile written - 12/05/2023 16:04:40

Subject	Trial	Event Type	Code	Time	TTime	Uncertainty	Duration	Uncertainty	ReqTime	ReqDur	Stim Type	Pair Index

310104	1	Response	98	56439	46370	1
310104	3	Sound	snd_pollo	60500	8	203			0		other	0
310104	3	Key Input	80	67160	6667	1
310104	3	Key Input	79	68429	7936	1
310104	3	Key Input	76	73040	12547	1
310104	3	Key Input	76	74250	13757	1
310104	3	Key Input	79	76070	15577	1
310104	3	Text Input	POLLO	90493	30000	0
310104	5	Sound	snd_persiana	94595	0	1			0		other	0
310104	5	Key Input	80	103000	8405	1
310104	5	Key Input	69	104480	9885	1
310104	5	Key Input	82	105180	10585	1
310104	5	Key Input	83	108070	13475	1
310104	5	Key Input	73	109030	14435	1
310104	5	Key Input	65	110160	15565	1
310104	5	Key Input	78	110920	16325	1
310104	5	Key Input	65	112089	17495	1
310104	5	Text Input	PERSIANA	124594	30000	0
310104	7	Sound	snd_cresta	129023	327	1			0		other	0
310104	7	Key Input	67	137770	9074	1
310104	7	Key Input	82	138660	9963	1
310104	7	Key Input	69	139709	11013	1
310104	7	Key Input	83	142129	13433	1
310104	7	Key Input	80	143680	14984	1
310104	7	Key Input	65	144820	16123	1
310104	7	Text Input	CRESPA	158696	30000	0
310104	9	Sound	snd_caramelo	162798	0	1			0		other	0
310104	9	Key Input	67	169580	6782	1
310104	9	Key Input	65	170930	8132	1
310104	9	Key Input	82	172150	9352	1
310104	9	Key Input	65	173480	10682	1
310104	9	Key Input	77	175589	12792	1
310104	9	Key Input	69	178060	15262	1
310104	9	Key Input	76	181640	18842	1
310104	9	Key Input	79	184679	21881	1
310104	9	Text Input	CARAMELO	192798	30000	0
310104	11	Sound	snd_huella	196900	0	1			0		other	0
310104	11	Key Input	72	205400	8500	1
310104	11	Key Input	85	206260	9360	1
310104	11	Key Input	69	207460	10560	1
310104	11	Key Input	76	209259	12360	1
310104	11	Key Input	76	210650	13750	1
310104	11	Key Input	65	214349	17450	1
310104	11	Text Input	HUELLA	226900	30000	0
310104	13	Sound	snd_naranja	231001	0	1			0		other	0
310104	13	Key Input	78	237790	6789	1
310104	13	Key Input	65	239489	8488	1
310104	13	Key Input	82	242029	11028	1
310104	13	Key Input	65	243550	12549	1
310104	13	Key Input	78	244710	13708	1
310104	13	Key Input	75	246660	15659	1
310104	13	Key Input	65	247529	16528	1
310104	13	Key Input	8	251449	20448	1
310104	13	Key Input	8	252630	21628	1
310104	13	Key Input	74	255629	24628	1
310104	13	Key Input	65	256949	25948	1
310104	13	Text Input	NARANJA	261001	30000	0
310104	15	Sound	snd_molino	265242	0	1			0		other	0
310104	15	Key Input	77	274839	9598	1
310104	15	Key Input	79	275590	10348	1
310104	15	Key Input	76	280209	14968	1
310104	15	Key Input	73	282479	17237	1
310104	15	Key Input	78	284759	19518	1
310104	15	Key Input	79	286499	21258	1
310104	15	Text Input	MOLINO	295242	30000	0
310104	17	Sound	snd_columpio	299344	0	1			0		other	0
310104	17	Key Input	67	307350	8006	1
310104	17	Key Input	79	308360	9016	1
310104	17	Key Input	76	309819	10476	1
310104	17	Key Input	85	311529	12186	1
310104	17	Key Input	77	313329	13986	1
310104	17	Key Input	80	314669	15326	1
310104	17	Key Input	73	317699	18356	1
310104	17	Key Input	79	318149	18806	1
310104	17	Text Input	COLUMPIO	329344	30000	0
310104	19	Sound	snd_foca	333445	0	1			0		other	0
310104	19	Key Input	70	343869	10424	1
310104	19	Key Input	79	345989	12544	1
310104	19	Key Input	67	348280	14834	1
310104	19	Key Input	65	349829	16384	1
310104	19	Text Input	FOCA	363445	30000	0
310104	21	Sound	snd_gafas	367547	0	1			0		other	0
310104	21	Key Input	71	377900	10353	1
310104	21	Key Input	65	380139	12592	1
310104	21	Key Input	68	383949	16402	1
310104	21	Key Input	8	388929	21383	1
310104	21	Key Input	70	390220	22673	1
310104	21	Key Input	65	391259	23713	1
310104	21	Key Input	83	393809	26263	1
310104	21	Text Input	GAFAS	397547	30000	0
310104	23	Sound	snd_cepillo	401718	0	1			0		other	0
310104	23	Key Input	67	408880	7162	1
310104	23	Key Input	69	409999	8281	1
310104	23	Key Input	80	411559	9841	1
310104	23	Key Input	73	413229	11511	1
310104	23	Key Input	76	416999	15281	1
310104	23	Key Input	76	418419	16701	1
310104	23	Key Input	79	420770	19052	1
310104	23	Text Input	CEPILLO	431718	30000	0
310104	25	Sound	snd_humo	435820	0	1			0		other	0
310104	25	Key Input	72	443300	7480	1
310104	25	Key Input	85	444209	8390	1
310104	25	Key Input	76	447049	11230	1
310104	25	Key Input	79	448559	12740	1
310104	25	Key Input	8	452749	16930	1
310104	25	Key Input	8	453989	18170	1
310104	25	Key Input	77	456399	20579	1
310104	25	Key Input	79	457619	21799	1
310104	25	Text Input	HUMO	465820	30000	0
310104	27	Sound	snd_pistola	470061	0	1			0		other	0
310104	27	Key Input	80	476860	6799	1
310104	27	Key Input	73	478999	8939	1
310104	27	Key Input	83	482750	12689	1
310104	27	Key Input	79	484329	14269	1
310104	27	Key Input	84	486189	16129	1
310104	27	Key Input	76	487409	17349	1
310104	27	Key Input	65	488999	18939	1
310104	27	Key Input	8	493299	23239	1
310104	27	Key Input	8	495199	25139	1
310104	27	Key Input	8	496710	26649	1
310104	27	Text Input	PISO	500060	30000	0
310104	29	Sound	snd_novia	504162	0	1			0		other	0
310104	29	Key Input	78	512770	8608	1
310104	29	Key Input	79	513789	9627	1
310104	29	Key Input	86	514929	10767	1
310104	29	Key Input	73	516219	12057	1
310104	29	Key Input	65	517169	13007	1
310104	29	Text Input	NOVIA	534162	30000	0
310104	31	Sound	snd_abeja	538264	0	1			0		other	0
310104	31	Key Input	65	545980	7716	1
310104	31	Key Input	66	550319	12056	1
310104	31	Key Input	69	553339	15076	1
310104	31	Key Input	74	555709	17446	1
310104	31	Key Input	65	559679	21416	1
310104	31	Text Input	ABEJA	568264	30000	0
310104	33	Sound	snd_lobo	572435	0	1			0		other	0
310104	33	Key Input	76	579150	6715	1
310104	33	Key Input	79	580439	8004	1
310104	33	Key Input	66	582879	10444	1
310104	33	Key Input	79	583619	11185	1
310104	33	Text Input	LOBO	602435	30000	0
310104	35	Sound	snd_cereza	606537	0	1			0		other	0
310104	35	Key Input	67	614800	8263	1
310104	35	Key Input	69	616150	9613	1
310104	35	Key Input	82	617489	10952	1
310104	35	Key Input	69	618399	11862	1
310104	35	Key Input	90	624429	17893	1
310104	35	Key Input	65	626559	20022	1
310104	35	Text Input	CEREZA	636537	30000	0
310104	37	Sound	snd_dinero	640639	0	1			0		other	0
310104	37	Key Input	68	650069	9431	1
310104	37	Key Input	73	651769	11131	1
310104	37	Key Input	78	653649	13011	1
310104	37	Key Input	69	654549	13910	1
310104	37	Key Input	82	655318	14680	1
310104	37	Key Input	79	656499	15860	1
310104	37	Text Input	DINERO	670638	30000	0
310104	39	Sound	snd_carpeta	674740	0	1			0		other	0
310104	39	Key Input	67	679979	5239	1
310104	39	Key Input	65	681829	7089	1
310104	39	Key Input	82	682449	7709	1
310104	39	Key Input	80	683969	9229	1
310104	39	Key Input	69	684829	10089	1
310104	39	Key Input	84	686109	11369	1
310104	39	Key Input	65	688209	13469	1
310104	39	Text Input	CARPETA	704740	30000	0
310104	41	Sound	snd_cartera	708842	0	1			0		other	0
310104	41	Key Input	67	714519	5677	1
310104	41	Key Input	65	716589	7747	1
310104	41	Key Input	82	717380	8538	1
310104	41	Key Input	84	720018	11177	1
310104	41	Key Input	69	720839	11997	1
310104	41	Key Input	82	722129	13287	1
310104	41	Key Input	65	726529	17687	1
310104	41	Text Input	CARTERA	738842	30000	0
310104	43	Sound	snd_taza	742944	0	1			0		other	0
310104	43	Key Input	84	749179	6236	1
310104	43	Key Input	65	751089	8145	1
310104	43	Key Input	90	754589	11645	1
310104	43	Key Input	65	756528	13585	1
310104	43	Text Input	TAZA	772943	30000	0
310104	45	Sound	snd_tortuga	777045	0	1			0		other	0
310104	45	Key Input	84	786049	9004	1
310104	45	Key Input	79	787729	10683	1
310104	45	Key Input	82	788589	11544	1
310104	45	Key Input	84	790419	13374	1
310104	45	Key Input	85	791289	14244	1
310104	45	Key Input	71	793919	16874	1
310104	45	Key Input	65	796089	19044	1
310104	45	Text Input	TORTUGA	807045	30000	0
310104	47	Sound	snd_cafetera	811147	0	1			0		other	0
310104	47	Key Input	67	816600	5453	1
310104	47	Key Input	65	818169	7022	1
310104	47	Key Input	70	820099	8952	1
310104	47	Key Input	69	821189	10043	1
310104	47	Key Input	84	822949	11802	1
310104	47	Key Input	69	824019	12872	1
310104	47	Key Input	82	825349	14202	1
310104	47	Key Input	65	830939	19792	1
310104	47	Text Input	CAFETERA	841147	30000	0
310104	49	Sound	snd_labio	845249	0	1			0		other	0
310104	49	Key Input	76	852699	7451	1
310104	49	Key Input	65	854149	8901	1
310104	49	Key Input	66	856069	10821	1
310104	49	Key Input	73	857399	12151	1
310104	49	Key Input	79	858649	13401	1
310104	49	Key Input	79	859409	14161	1
310104	49	Key Input	8	865929	20681	1
310104	49	Text Input	LABIO	875249	30000	0
310104	51	Sound	snd_regadera	879350	0	1			0		other	0
310104	51	Key Input	82	887110	7760	1
310104	51	Key Input	69	888559	9209	1
310104	51	Key Input	71	890678	11328	1
310104	51	Key Input	65	892569	13219	1
310104	51	Key Input	68	896649	17299	1
310104	51	Key Input	69	898139	18789	1
310104	51	Key Input	82	899009	19658	1
310104	51	Key Input	65	902889	23539	1
310104	51	Text Input	REGADERA	909350	30000	0
310104	53	Sound	snd_paja	913452	0	1			0		other	0
310104	53	Key Input	80	920508	7056	1
310104	53	Key Input	65	924209	10757	1
310104	53	Key Input	74	926818	13366	1
310104	53	Key Input	65	928009	14557	1
310104	53	Text Input	PAJA	943452	30000	0
310104	55	Sound	snd_fresa	947554	0	1			0		other	0
310104	55	Key Input	70	956469	8916	1
310104	55	Key Input	82	958819	11266	1
310104	55	Key Input	69	959809	12256	1
310104	55	Key Input	83	962229	14676	1
310104	55	Key Input	65	963348	15795	1
310104	55	Text Input	FRESA	977554	30000	0
310104	57	Sound	snd_hada	981725	0	1			0		other	0
310104	57	Key Input	65	990599	8875	1
310104	57	Key Input	8	993199	11475	1
310104	57	Key Input	72	996429	14705	1
310104	57	Key Input	65	997739	16014	1
310104	57	Key Input	68	999519	17794	1
310104	57	Key Input	65	1000949	19224	1
310104	57	Text Input	HADA	1011725	30000	0
310104	59	Sound	snd_pimiento	1015827	0	1			0		other	0
310104	59	Key Input	80	1025759	9933	1
310104	59	Key Input	73	1027629	11803	1
310104	59	Key Input	77	1029619	13793	1
310104	59	Key Input	73	1030679	14853	1
310104	59	Key Input	69	1031739	15913	1
310104	59	Key Input	78	1032869	17043	1
310104	59	Key Input	84	1034179	18353	1
310104	59	Key Input	79	1040439	24613	1
310104	59	Text Input	PIMIENTO	1045827	30000	0
310104	61	Sound	snd_sangre	1049998	0	1			0		other	0
310104	61	Key Input	83	1057519	7522	1
310104	61	Key Input	65	1059759	9761	1
310104	61	Key Input	78	1061579	11581	1
310104	61	Key Input	71	1063159	13161	1
310104	61	Key Input	82	1064029	14031	1
310104	61	Key Input	69	1064689	14691	1
310104	61	Text Input	SANGRE	1079998	30000	0

Visual picture detection failed over to using scan line information only at the following times:
type	time	timeout	presentation
fail	12869.6	34.725	22
restore	12970	0	23


Event Type	Code	Type	Response	RT	RT Uncertainty	Time	Uncertainty	Duration	Uncertainty	ReqTime	ReqDur

Sound	snd_pollo	other				60500	203			0
Sound	snd_persiana	other				94595	1			0
Sound	snd_cresta	other				129023	1			0
Sound	snd_caramelo	other				162798	1			0
Sound	snd_huella	other				196900	1			0
Sound	snd_naranja	other				231001	1			0
Sound	snd_molino	other				265242	1			0
Sound	snd_columpio	other				299344	1			0
Sound	snd_foca	other				333445	1			0
Sound	snd_gafas	other				367547	1			0
Sound	snd_cepillo	other				401718	1			0
Sound	snd_humo	other				435820	1			0
Sound	snd_pistola	other				470061	1			0
Sound	snd_novia	other				504162	1			0
Sound	snd_abeja	other				538264	1			0
Sound	snd_lobo	other				572435	1			0
Sound	snd_cereza	other				606537	1			0
Sound	snd_dinero	other				640639	1			0
Sound	snd_carpeta	other				674740	1			0
Sound	snd_cartera	other				708842	1			0
Sound	snd_taza	other				742944	1			0
Sound	snd_tortuga	other				777045	1			0
Sound	snd_cafetera	other				811147	1			0
Sound	snd_labio	other				845249	1			0
Sound	snd_regadera	other				879350	1			0
Sound	snd_paja	other				913452	1			0
Sound	snd_fresa	other				947554	1			0
Sound	snd_hada	other				981725	1			0
Sound	snd_pimiento	other				1015827	1			0
Sound	snd_sangre	other				1049998	1			0
