Scenario - caja_training.sce
Logfile written - 12/11/2023 17:13:39

Subject	Trial	Event Type	Code	Time	TTime	Uncertainty	Duration	Uncertainty	ReqTime	ReqDur	Stim Type	Pair Index

330101	1	Response	98	89413	79344	1
330101	3	Sound	snd_pulpo	93560	8	395			0		other	0
330101	3	Key Input	80	104313	10761	1
330101	3	Key Input	85	107143	13590	1
330101	3	Key Input	76	109353	15800	1
330101	3	Key Input	80	112953	19400	1
330101	3	Key Input	79	114583	21030	1
330101	3	Text Input	PULPO	123553	30000	0
330101	5	Sound	snd_puente	127724	0	1			0		other	0
330101	5	Key Input	80	139752	12029	1
330101	5	Key Input	85	142953	15229	1
330101	5	Key Input	87	144793	17069	1
330101	5	Key Input	78	146553	18829	1
330101	5	Key Input	8	149973	22249	1
330101	5	Key Input	8	151643	23919	1
330101	5	Key Input	69	153113	25389	1
330101	5	Key Input	78	154593	26869	1
330101	5	Key Input	84	155872	28149	1
330101	5	Key Input	69	156762	29039	1
330101	5	Text Input	PUENTE	157724	30000	0
330101	7	Sound	snd_puente	161826	0	1			0		other	0
330101	7	Key Input	80	170493	8668	1
330101	7	Key Input	85	172913	11088	1
330101	7	Key Input	78	174163	12338	1
330101	7	Key Input	84	175823	13998	1
330101	7	Key Input	8	177292	15467	1
330101	7	Key Input	8	179132	17306	1
330101	7	Key Input	69	180072	18247	1
330101	7	Key Input	84	180813	18988	1
330101	7	Key Input	78	181373	19547	1
330101	7	Key Input	69	183362	21537	1
330101	7	Key Input	8	186993	25168	1
330101	7	Key Input	8	189143	27318	1
330101	7	Key Input	78	190553	28728	1
330101	7	Text Input	PUETN	191825	30000	0
330101	9	Sound	snd_pulpo	195927	0	1			0		other	0
330101	9	Key Input	80	204043	8116	1
330101	9	Key Input	85	207263	11336	1
330101	9	Key Input	76	210863	14936	1
330101	9	Key Input	80	215613	19686	1
330101	9	Key Input	210	218123	22196	1
330101	9	Text Input	PULPÒ	225927	30000	0
330101	11	Sound	snd_casa	230098	0	1			0		other	0
330101	11	Key Input	67	238143	8044	1
330101	11	Key Input	65	240043	9945	1
330101	11	Key Input	83	243552	13454	1
330101	11	Key Input	65	245253	15154	1
330101	11	Text Input	CASA	260098	30000	0
330101	13	Sound	snd_mono	264270	0	1			0		other	0
330101	13	Key Input	77	273703	9433	1
330101	13	Key Input	79	275183	10914	1
330101	13	Key Input	78	277053	12784	1
330101	13	Key Input	79	278123	13854	1
330101	13	Text Input	MONO	294269	30000	0
330101	15	Sound	snd_mono	298441	0	1			0		other	0
330101	15	Key Input	77	306513	8073	1
330101	15	Key Input	79	308023	9582	1
330101	15	Key Input	78	309663	11222	1
330101	15	Key Input	79	310423	11982	1
330101	15	Text Input	MONO	328441	30000	0
330101	17	Sound	snd_casa	332542	0	1			0		other	0
330101	17	Key Input	67	340913	8370	1
330101	17	Key Input	65	341873	9331	1
330101	17	Key Input	83	345622	13080	1
330101	17	Key Input	65	346692	14150	1
330101	17	Text Input	CASA	362542	30000	0
330101	19	Response	98	403073	36429	1


Event Type	Code	Type	Response	RT	RT Uncertainty	Time	Uncertainty	Duration	Uncertainty	ReqTime	ReqDur

Sound	snd_pulpo	other				93560	395			0
Sound	snd_puente	other				127724	1			0
Sound	snd_puente	other				161826	1			0
Sound	snd_pulpo	other				195927	1			0
Sound	snd_casa	other				230098	1			0
Sound	snd_mono	other				264270	1			0
Sound	snd_mono	other				298441	1			0
Sound	snd_casa	other				332542	1			0
