Scenario - caja.sce
Logfile written - 12/12/2023 18:34:19

Subject	Trial	Event Type	Code	Time	TTime	Uncertainty	Duration	Uncertainty	ReqTime	ReqDur	Stim Type	Pair Index

360202	1	Response	98	60392	50322	1
360202	3	Sound	snd_pollo	64459	7	204			0		other	0
360202	3	Key Input	80	74981	10530	1
360202	3	Key Input	79	77132	12680	1
360202	3	Key Input	76	80211	15759	1
360202	3	Key Input	76	81891	17440	1
360202	3	Key Input	79	83561	19110	1
360202	3	Text Input	POLLO	94452	30000	0
360202	5	Sound	snd_pimiento	98553	0	1			0		other	0
360202	5	Key Input	80	109971	11418	1
360202	5	Key Input	73	113241	14688	1
360202	5	Key Input	77	116881	18328	1
360202	5	Key Input	73	120412	21858	1
360202	5	Key Input	69	123551	24998	1
360202	5	Key Input	78	124952	26399	1
360202	5	Key Input	82	127922	29368	1
360202	5	Text Input	PIMIENR	128553	30000	0
360202	7	Sound	snd_tortuga	132655	0	1			0		other	0
360202	7	Key Input	82	143712	11057	1
360202	7	Key Input	84	153382	20727	1
360202	7	Key Input	73	154892	22237	1
360202	7	Key Input	69	156682	24027	1
360202	7	Key Input	85	157691	25037	1
360202	7	Key Input	82	159282	26627	1
360202	7	Key Input	72	162522	29867	1
360202	7	Text Input	RTIEURH	162655	30000	0
360202	9	Sound	snd_fresa	166757	0	1			0		other	0
360202	9	Key Input	70	177982	11225	1
360202	9	Key Input	69	179552	12795	1
360202	9	Key Input	82	181692	14935	1
360202	9	Key Input	83	183282	16525	1
360202	9	Key Input	65	185441	18685	1
360202	9	Text Input	FERSA	196757	30000	0
360202	11	Sound	snd_hada	200859	0	1			0		other	0
360202	11	Key Input	71	213582	12723	1
360202	11	Key Input	65	218552	17693	1
360202	11	Key Input	83	220661	19803	1
360202	11	Key Input	65	222721	21863	1
360202	11	Text Input	GASA	230858	30000	0
360202	13	Sound	snd_naranja	234960	0	1			0		other	0
360202	13	Key Input	78	246172	11212	1
360202	13	Key Input	65	247331	12372	1
360202	13	Key Input	82	251441	16482	1
360202	13	Key Input	65	253311	18352	1
360202	13	Key Input	66	258671	23711	1
360202	13	Text Input	NARAB	264960	30000	0
360202	15	Sound	snd_carpeta	269131	0	1			0		other	0
360202	15	Key Input	67	279031	9900	1
360202	15	Key Input	65	280061	10930	1
360202	15	Key Input	82	284141	15010	1
360202	15	Key Input	79	286181	17050	1
360202	15	Key Input	69	287842	18711	1
360202	15	Key Input	82	290931	21800	1
360202	15	Key Input	85	292221	23090	1
360202	15	Key Input	65	294141	25010	1
360202	15	Text Input	CAROERUA	299131	30000	0
360202	17	Sound	snd_sangre	303233	1	1			0		other	0
360202	17	Key Input	83	313382	10149	1
360202	17	Key Input	65	315391	12159	1
360202	17	Key Input	66	318391	15158	1
360202	17	Key Input	70	324691	21459	1
360202	17	Key Input	69	325891	22659	1
360202	17	Text Input	SABFE	333233	30000	0
360202	19	Sound	snd_cepillo	337335	0	1			0		other	0
360202	19	Key Input	68	348761	11427	1
360202	19	Key Input	69	350381	13046	1
360202	19	Key Input	82	352891	15556	1
360202	19	Key Input	56	355401	18066	1
360202	19	Key Input	57	359061	21726	1
360202	19	Text Input	DER89	367335	30000	0
360202	21	Sound	snd_cafetera	371436	0	1			0		other	0
360202	21	Key Input	67	381072	9636	1
360202	21	Key Input	65	382781	11345	1
360202	21	Key Input	68	386592	15156	1
360202	21	Key Input	69	388681	17245	1
360202	21	Key Input	82	390921	19485	1
360202	21	Key Input	69	393611	22175	1
360202	21	Key Input	65	397321	25885	1
360202	21	Text Input	CADEREA	401436	30000	0
360202	23	Sound	snd_caramelo	405538	0	1			0		other	0
360202	23	Key Input	67	413542	8004	1
360202	23	Key Input	65	416521	10983	1
360202	23	Key Input	82	418821	13284	1
360202	23	Key Input	65	420711	15174	1
360202	23	Key Input	77	423211	17674	1
360202	23	Key Input	69	427671	22134	1
360202	23	Key Input	73	431421	25884	1
360202	23	Text Input	CARAMEI	435538	30000	0
360202	25	Sound	snd_labio	439640	0	1			0		other	0
360202	25	Key Input	76	452671	13032	1
360202	25	Key Input	65	455561	15922	1
360202	25	Key Input	86	460211	20572	1
360202	25	Key Input	85	468231	28592	1
360202	25	Text Input	LAVU	469640	30000	0
360202	27	Sound	snd_regadera	473742	0	1			0		other	0
360202	27	Key Input	82	486541	12800	1
360202	27	Key Input	69	488541	14800	1
360202	27	Key Input	68	495621	21880	1
360202	27	Key Input	65	498881	25140	1
360202	27	Key Input	83	502181	28440	1
360202	27	Text Input	REDAS	503741	30000	0
360202	29	Sound	snd_cereza	507843	0	1			0		other	0
360202	29	Key Input	67	517281	9438	1
360202	29	Key Input	69	519541	11698	1
360202	29	Key Input	82	521591	13749	1
360202	29	Key Input	90	524051	16208	1
360202	29	Key Input	65	526451	18608	1
360202	29	Text Input	CERZA	537843	30000	0
360202	31	Sound	snd_columpio	541945	0	1			0		other	0
360202	31	Key Input	67	550852	8907	1
360202	31	Key Input	80	553661	11717	1
360202	31	Key Input	76	556761	14817	1
360202	31	Key Input	73	559981	18036	1
360202	31	Key Input	77	563151	21207	1
360202	31	Text Input	CPLIM	571945	30000	0
360202	33	Sound	snd_dinero	576047	0	1			0		other	0
360202	33	Key Input	68	587571	11524	1
360202	33	Key Input	85	590841	14795	1
360202	33	Key Input	78	594980	18934	1
360202	33	Key Input	32	595031	18985	1
360202	33	Response	98	595031	18985	1
360202	33	Key Input	69	597291	21244	1
360202	33	Key Input	82	599301	23254	1
360202	33	Key Input	79	600931	24884	1
360202	33	Key Input	79	602411	26365	1
360202	33	Text Input	DUN EROO	606046	30000	0
360202	35	Sound	snd_abeja	610148	0	1			0		other	0
360202	35	Key Input	65	621691	11543	1
360202	35	Key Input	66	623141	12993	1
360202	35	Key Input	69	625170	15022	1
360202	35	Key Input	74	631480	21332	1
360202	35	Key Input	65	632511	22363	1
360202	35	Text Input	ABEJA	640148	30000	0
360202	37	Sound	snd_molino	644319	0	1			0		other	0
360202	37	Key Input	77	654211	9892	1
360202	37	Key Input	79	656890	12571	1
360202	37	Key Input	72	665051	20732	1
360202	37	Key Input	76	671441	27122	1
360202	37	Key Input	73	673501	29182	1
360202	37	Text Input	MOHLI	674319	30000	0
360202	39	Sound	snd_gafas	678421	0	1			0		other	0
360202	39	Key Input	71	689241	10821	1
360202	39	Key Input	65	691631	13210	1
360202	39	Key Input	68	696431	18010	1
360202	39	Key Input	70	704201	25781	1
360202	39	Key Input	65	704811	26390	1
360202	39	Key Input	83	706601	28180	1
360202	39	Text Input	GADFAS	708421	30000	0
360202	41	Sound	snd_lobo	712523	0	1			0		other	0
360202	41	Key Input	209	724401	11879	1
360202	41	Key Input	79	726671	14149	1
360202	41	Key Input	78	728811	16289	1
360202	41	Key Input	73	730672	18149	1
360202	41	Key Input	76	732881	20359	1
360202	41	Key Input	209	732901	20379	1
360202	41	Key Input	79	734341	21819	1
360202	41	Text Input	ÑONILÑO	742523	30000	0
360202	43	Sound	snd_huella	746694	0	1			0		other	0
360202	43	Key Input	72	760931	14238	1
360202	43	Key Input	85	765651	18958	1
360202	43	Key Input	69	767591	20898	1
360202	43	Key Input	76	770381	23688	1
360202	43	Key Input	76	772001	25307	1
360202	43	Key Input	65	772471	25778	1
360202	43	Text Input	HUELLA	776694	30000	0
360202	45	Sound	snd_humo	780796	0	1			0		other	0
360202	45	Key Input	74	790942	10146	1
360202	45	Key Input	73	796381	15586	1
360202	45	Key Input	77	800411	19616	1
360202	45	Key Input	44	800411	19616	1
360202	45	Key Input	69	805571	24776	1
360202	45	Text Input	JIM,E	810795	30000	0
360202	47	Sound	snd_persiana	815175	0	1			0		other	0
360202	47	Key Input	80	826641	11467	1
360202	47	Key Input	69	828401	13226	1
360202	47	Key Input	82	831201	16026	1
360202	47	Key Input	83	833911	18737	1
360202	47	Key Input	85	838991	23816	1
360202	47	Text Input	PERSU	845175	30000	0
360202	49	Sound	snd_cresta	849485	0	1			0		other	0
360202	49	Key Input	86	860221	10736	1
360202	49	Key Input	82	863571	14086	1
360202	49	Key Input	69	866141	16656	1
360202	49	Key Input	84	870061	20576	1
360202	49	Key Input	65	871251	21766	1
360202	49	Text Input	VRETA	879485	30000	0
360202	51	Sound	snd_paja	883587	0	1			0		other	0
360202	51	Key Input	210	903721	20135	1
360202	51	Key Input	65	908441	24854	1
360202	51	Key Input	83	911681	28094	1
360202	51	Key Input	74	912611	29024	1
360202	51	Text Input	ÒASJ	913587	30000	0
360202	53	Sound	snd_foca	917689	0	1			0		other	0
360202	53	Key Input	70	928061	10373	1
360202	53	Key Input	73	930041	12353	1
360202	53	Key Input	67	931571	13882	1
360202	53	Key Input	65	936171	18483	1
360202	53	Text Input	FICA	947688	30000	0
360202	55	Sound	snd_pistola	951790	0	1			0		other	0
360202	55	Key Input	80	961961	10171	1
360202	55	Key Input	73	968120	16330	1
360202	55	Key Input	83	971091	19301	1
360202	55	Key Input	53	976271	24481	1
360202	55	Key Input	79	978121	26331	1
360202	55	Key Input	76	980731	28941	1
360202	55	Text Input	PIS5OL	981790	30000	0
360202	57	Sound	snd_novia	985892	0	1			0		other	0
360202	57	Key Input	66	996681	10789	1
360202	57	Key Input	73	1002511	16619	1
360202	57	Key Input	69	1004331	18439	1
360202	57	Key Input	78	1005871	19979	1
360202	57	Key Input	85	1007911	22019	1
360202	57	Key Input	65	1008891	22999	1
360202	57	Text Input	BIENUA	1015892	30000	0
360202	59	Sound	snd_taza	1019994	0	1			0		other	0
360202	59	Key Input	84	1030851	10858	1
360202	59	Key Input	65	1033091	13097	1
360202	59	Key Input	90	1035071	15078	1
360202	59	Key Input	65	1038771	18778	1
360202	59	Text Input	TAZA	1049993	30000	0
360202	61	Sound	snd_cartera	1054095	0	1			0		other	0
360202	61	Key Input	67	1062811	8716	1
360202	61	Key Input	65	1064641	10546	1
360202	61	Key Input	82	1067500	13405	1
360202	61	Key Input	84	1070300	16205	1
360202	61	Key Input	69	1071801	17706	1
360202	61	Key Input	82	1073711	19616	1
360202	61	Key Input	65	1074991	20896	1
360202	61	Text Input	CARTERA	1084095	30000	0

Visual picture detection failed over to using scan line information only at the following times:
type	time	timeout	presentation
fail	12793.2	34.725	19
restore	12855.4	0	20
fail	72884.4	34.725	172
restore	73067.3	0	173


Event Type	Code	Type	Response	RT	RT Uncertainty	Time	Uncertainty	Duration	Uncertainty	ReqTime	ReqDur

Sound	snd_pollo	other				64459	204			0
Sound	snd_pimiento	other				98553	1			0
Sound	snd_tortuga	other				132655	1			0
Sound	snd_fresa	other				166757	1			0
Sound	snd_hada	other				200859	1			0
Sound	snd_naranja	other				234960	1			0
Sound	snd_carpeta	other				269131	1			0
Sound	snd_sangre	other				303233	1			0
Sound	snd_cepillo	other				337335	1			0
Sound	snd_cafetera	other				371436	1			0
Sound	snd_caramelo	other				405538	1			0
Sound	snd_labio	other				439640	1			0
Sound	snd_regadera	other				473742	1			0
Sound	snd_cereza	other				507843	1			0
Sound	snd_columpio	other				541945	1			0
Sound	snd_dinero	other				576047	1			0
Sound	snd_abeja	other				610148	1			0
Sound	snd_molino	other				644319	1			0
Sound	snd_gafas	other				678421	1			0
Sound	snd_lobo	other				712523	1			0
Sound	snd_huella	other				746694	1			0
Sound	snd_humo	other				780796	1			0
Sound	snd_persiana	other				815175	1			0
Sound	snd_cresta	other				849485	1			0
Sound	snd_paja	other				883587	1			0
Sound	snd_foca	other				917689	1			0
Sound	snd_pistola	other				951790	1			0
Sound	snd_novia	other				985892	1			0
Sound	snd_taza	other				1019994	1			0
Sound	snd_cartera	other				1054095	1			0
