Scenario - caja.sce
Logfile written - 12/14/2023 14:27:31

Subject	Trial	Event Type	Code	Time	TTime	Uncertainty	Duration	Uncertainty	ReqTime	ReqDur	Stim Type	Pair Index

410101	1	Response	98	37119	27050	1
410101	3	Sound	snd_hada	41261	7	203			0		other	0
410101	3	Key Input	72	51230	9976	1
410101	3	Key Input	65	52329	11075	1
410101	3	Key Input	65	54609	13356	1
410101	3	Key Input	8	59219	17965	1
410101	3	Key Input	68	59949	18696	1
410101	3	Key Input	65	60549	19295	1
410101	3	Text Input	HADA	71254	30000	0
410101	5	Sound	snd_cepillo	75426	0	1			0		other	0
410101	5	Key Input	67	84360	8935	1
410101	5	Key Input	69	85399	9974	1
410101	5	Key Input	80	86129	10704	1
410101	5	Key Input	73	87179	11754	1
410101	5	Key Input	76	89539	14114	1
410101	5	Key Input	76	90989	15564	1
410101	5	Key Input	79	92910	17484	1
410101	5	Text Input	CEPILLO	105425	30000	0
410101	7	Sound	snd_paja	109597	0	1			0		other	0
410101	7	Key Input	80	115869	6273	1
410101	7	Key Input	65	117009	7413	1
410101	7	Key Input	74	118199	8603	1
410101	7	Key Input	65	118899	9303	1
410101	7	Text Input	PAJA	139596	30000	0
410101	9	Sound	snd_cafetera	143698	0	1			0		other	0
410101	9	Key Input	67	151110	7412	1
410101	9	Key Input	65	151789	8092	1
410101	9	Key Input	71	154179	10481	1
410101	9	Key Input	69	154929	11231	1
410101	9	Key Input	8	159479	15781	1
410101	9	Key Input	8	160558	16861	1
410101	9	Key Input	70	161479	17781	1
410101	9	Key Input	69	162199	18501	1
410101	9	Key Input	84	164569	20871	1
410101	9	Key Input	69	164978	21280	1
410101	9	Key Input	82	166419	22721	1
410101	9	Key Input	65	167219	23521	1
410101	9	Text Input	CAFETERA	173698	30000	0
410101	11	Sound	snd_dinero	178078	1	1			0		other	0
410101	11	Key Input	76	185799	7722	1
410101	11	Key Input	8	189119	11042	1
410101	11	Key Input	68	190319	12242	1
410101	11	Key Input	73	191439	13362	1
410101	11	Key Input	78	192759	14682	1
410101	11	Key Input	69	193559	15482	1
410101	11	Key Input	82	194109	16032	1
410101	11	Key Input	79	194799	16722	1
410101	11	Text Input	DINERO	208077	30000	0
410101	13	Sound	snd_taza	212249	0	1			0		other	0
410101	13	Key Input	84	221040	8791	1
410101	13	Key Input	65	221719	9471	1
410101	13	Key Input	90	224089	11841	1
410101	13	Key Input	65	225869	13621	1
410101	13	Text Input	TAZA	242249	30000	0
410101	15	Sound	snd_naranja	246420	0	1			0		other	0
410101	15	Key Input	78	254060	7640	1
410101	15	Key Input	65	255299	8879	1
410101	15	Key Input	82	257109	10689	1
410101	15	Key Input	65	257739	11320	1
410101	15	Key Input	78	258680	12260	1
410101	15	Key Input	74	260499	14080	1
410101	15	Key Input	65	261029	14610	1
410101	15	Text Input	NARANJA	276420	30000	0
410101	17	Sound	snd_huella	280591	0	1			0		other	0
410101	17	Key Input	72	290020	9429	1
410101	17	Key Input	85	290700	10109	1
410101	17	Key Input	69	291939	11348	1
410101	17	Key Input	76	293359	12768	1
410101	17	Key Input	76	294979	14388	1
410101	17	Key Input	65	297369	16778	1
410101	17	Text Input	HUELLA	310591	30000	0
410101	19	Sound	snd_persiana	314832	0	1			0		other	0
410101	19	Key Input	80	324170	9338	1
410101	19	Key Input	69	324669	9838	1
410101	19	Key Input	82	325289	10458	1
410101	19	Key Input	83	326739	11908	1
410101	19	Key Input	73	328819	13988	1
410101	19	Key Input	65	330049	15218	1
410101	19	Key Input	78	331279	16448	1
410101	19	Key Input	65	331889	17058	1
410101	19	Text Input	PERSIANA	344832	30000	0
410101	21	Sound	snd_carpeta	349072	0	1			0		other	0
410101	21	Key Input	67	356539	7467	1
410101	21	Key Input	65	357229	8157	1
410101	21	Key Input	82	359529	10457	1
410101	21	Key Input	80	361029	11957	1
410101	21	Key Input	69	361819	12747	1
410101	21	Key Input	84	363259	14187	1
410101	21	Key Input	65	363939	14867	1
410101	21	Text Input	CARPETA	379072	30000	0
410101	23	Sound	snd_sangre	383244	0	1			0		other	0
410101	23	Key Input	83	391889	8646	1
410101	23	Key Input	65	392429	9186	1
410101	23	Key Input	78	394069	10826	1
410101	23	Key Input	71	395628	12385	1
410101	23	Key Input	82	397839	14596	1
410101	23	Key Input	69	398559	15316	1
410101	23	Text Input	SANGRE	413243	30000	0
410101	25	Sound	snd_pimiento	417415	0	1			0		other	0
410101	25	Key Input	80	427589	10175	1
410101	25	Key Input	73	431039	13625	1
410101	25	Key Input	77	433739	16324	1
410101	25	Key Input	73	434689	17274	1
410101	25	Key Input	69	435538	18124	1
410101	25	Key Input	78	436499	19084	1
410101	25	Key Input	84	437279	19865	1
410101	25	Key Input	79	438098	20684	1
410101	25	Text Input	PIMIENTO	447415	30000	0
410101	27	Sound	snd_abeja	451655	0	1			0		other	0
410101	27	Key Input	65	460760	9105	1
410101	27	Key Input	66	461789	10134	1
410101	27	Key Input	69	462839	11184	1
410101	27	Key Input	74	463929	12274	1
410101	27	Key Input	65	464909	13254	1
410101	27	Text Input	ABEJA	481655	30000	0
410101	29	Sound	snd_cereza	485826	0	1			0		other	0
410101	29	Key Input	67	494869	9043	1
410101	29	Key Input	69	496669	10843	1
410101	29	Key Input	82	498769	12943	1
410101	29	Key Input	69	498889	13063	1
410101	29	Key Input	90	501799	15973	1
410101	29	Key Input	65	503439	17613	1
410101	29	Text Input	CEREZA	515826	30000	0
410101	31	Sound	snd_lobo	519998	0	1			0		other	0
410101	31	Key Input	76	527469	7472	1
410101	31	Key Input	79	529909	9911	1
410101	31	Key Input	66	531378	11381	1
410101	31	Key Input	79	532279	12281	1
410101	31	Text Input	LOBO	549997	30000	0
410101	33	Sound	snd_cartera	554169	0	1			0		other	0
410101	33	Key Input	67	560939	6771	1
410101	33	Key Input	65	561609	7441	1
410101	33	Key Input	82	564139	9971	1
410101	33	Key Input	84	566339	12171	1
410101	33	Key Input	69	566829	12661	1
410101	33	Key Input	82	568069	13900	1
410101	33	Key Input	65	568919	14751	1
410101	33	Text Input	CARTERA	584168	30000	0
410101	35	Sound	snd_humo	588340	0	1			0		other	0
410101	35	Key Input	80	602259	13920	1
410101	35	Key Input	85	604799	16460	1
410101	35	Key Input	77	607669	19329	1
410101	35	Key Input	79	607929	19590	1
410101	35	Text Input	PUMO	618340	30000	0
410101	37	Sound	snd_molino	622511	0	1			0		other	0
410101	37	Key Input	77	631439	8928	1
410101	37	Key Input	79	632119	9608	1
410101	37	Key Input	76	634069	11558	1
410101	37	Key Input	73	634909	12398	1
410101	37	Key Input	78	636449	13938	1
410101	37	Key Input	79	637268	14758	1
410101	37	Text Input	MOLINO	652511	30000	0
410101	39	Sound	snd_columpio	656682	0	1			0		other	0
410101	39	Key Input	67	666639	9957	1
410101	39	Key Input	79	667729	11047	1
410101	39	Key Input	76	669469	12787	1
410101	39	Key Input	85	671209	14527	1
410101	39	Key Input	77	673119	16437	1
410101	39	Key Input	80	675238	18556	1
410101	39	Key Input	79	680289	23607	1
410101	39	Key Input	8	683419	26737	1
410101	39	Key Input	73	685569	28887	1
410101	39	Key Input	79	686099	29417	1
410101	39	Text Input	COLUMPIO	686682	30000	0
410101	41	Sound	snd_labio	690853	0	1			0		other	0
410101	41	Key Input	76	700219	9366	1
410101	41	Key Input	65	700979	10126	1
410101	41	Key Input	66	702730	11877	1
410101	41	Key Input	73	703529	12676	1
410101	41	Key Input	79	704159	13306	1
410101	41	Text Input	LABIO	720853	30000	0
410101	43	Sound	snd_pollo	725094	0	1			0		other	0
410101	43	Key Input	80	731760	6666	1
410101	43	Key Input	79	735519	10426	1
410101	43	Key Input	76	737289	12195	1
410101	43	Key Input	76	738429	13335	1
410101	43	Key Input	79	739689	14595	1
410101	43	Text Input	POLLO	755094	30000	0
410101	45	Sound	snd_tortuga	759265	0	1			0		other	0
410101	45	Key Input	84	767249	7985	1
410101	45	Key Input	79	768289	9024	1
410101	45	Key Input	82	769329	10064	1
410101	45	Key Input	84	771579	12314	1
410101	45	Key Input	85	772569	13304	1
410101	45	Key Input	71	774219	14955	1
410101	45	Key Input	65	774729	15464	1
410101	45	Text Input	TORTUGA	789265	30000	0
410101	47	Sound	snd_pistola	793436	0	1			0		other	0
410101	47	Key Input	80	805019	11583	1
410101	47	Key Input	73	806968	13533	1
410101	47	Key Input	83	807719	14283	1
410101	47	Key Input	84	809469	16033	1
410101	47	Key Input	79	810199	16763	1
410101	47	Key Input	76	811849	18413	1
410101	47	Key Input	65	812599	19163	1
410101	47	Text Input	PISTOLA	823436	30000	0
410101	49	Sound	snd_novia	827607	0	1			0		other	0
410101	49	Key Input	78	836820	9212	1
410101	49	Key Input	79	837599	9992	1
410101	49	Key Input	86	838999	11392	1
410101	49	Key Input	73	840139	12532	1
410101	49	Key Input	65	841439	13832	1
410101	49	Text Input	NOVIA	857607	30000	0
410101	51	Sound	snd_cresta	861778	0	1			0		other	0
410101	51	Key Input	67	869349	7571	1
410101	51	Key Input	82	871849	10071	1
410101	51	Key Input	69	872619	10841	1
410101	51	Key Input	83	873278	11500	1
410101	51	Key Input	84	875049	13271	1
410101	51	Key Input	65	875399	13621	1
410101	51	Text Input	CRESTA	891778	30000	0
410101	53	Sound	snd_gafas	895950	0	1			0		other	0
410101	53	Key Input	71	907099	11150	1
410101	53	Key Input	65	907679	11730	1
410101	53	Key Input	70	911759	15810	1
410101	53	Key Input	65	912289	16340	1
410101	53	Key Input	83	914189	18240	1
410101	53	Text Input	GAFAS	925949	30000	0
410101	55	Sound	snd_caramelo	930121	0	1			0		other	0
410101	55	Key Input	67	938469	8349	1
410101	55	Key Input	65	939389	9268	1
410101	55	Key Input	82	940829	10708	1
410101	55	Key Input	65	941749	11628	1
410101	55	Key Input	77	942669	12548	1
410101	55	Key Input	69	943589	13468	1
410101	55	Key Input	76	944299	14178	1
410101	55	Key Input	79	945939	15818	1
410101	55	Text Input	CARAMELO	960121	30000	0
410101	57	Sound	snd_regadera	964292	0	1			0		other	0
410101	57	Key Input	82	974159	9868	1
410101	57	Key Input	69	974769	10477	1
410101	57	Key Input	71	977039	12747	1
410101	57	Key Input	65	977399	13107	1
410101	57	Key Input	68	981989	17697	1
410101	57	Key Input	69	983169	18877	1
410101	57	Key Input	82	984329	20037	1
410101	57	Key Input	65	985249	20957	1
410101	57	Text Input	REGADERA	994292	30000	0
410101	59	Sound	snd_foca	998463	0	1			0		other	0
410101	59	Key Input	70	1007469	9006	1
410101	59	Key Input	79	1008669	10206	1
410101	59	Key Input	67	1009669	11206	1
410101	59	Key Input	65	1010449	11986	1
410101	59	Text Input	FOCA	1028463	30000	0
410101	61	Sound	snd_fresa	1032634	0	1			0		other	0
410101	61	Key Input	70	1041349	8715	1
410101	61	Key Input	82	1043239	10605	1
410101	61	Key Input	69	1043939	11305	1
410101	61	Key Input	65	1045479	12845	1
410101	61	Key Input	8	1050349	17715	1
410101	61	Key Input	83	1050779	18145	1
410101	61	Key Input	65	1051488	18854	1
410101	61	Text Input	FRESA	1062634	30000	0

Visual picture detection failed over to using scan line information only at the following times:
type	time	timeout	presentation
fail	13960	34.725	28
restore	14364.3	0	29


Event Type	Code	Type	Response	RT	RT Uncertainty	Time	Uncertainty	Duration	Uncertainty	ReqTime	ReqDur

Sound	snd_hada	other				41261	203			0
Sound	snd_cepillo	other				75426	1			0
Sound	snd_paja	other				109597	1			0
Sound	snd_cafetera	other				143698	1			0
Sound	snd_dinero	other				178078	1			0
Sound	snd_taza	other				212249	1			0
Sound	snd_naranja	other				246420	1			0
Sound	snd_huella	other				280591	1			0
Sound	snd_persiana	other				314832	1			0
Sound	snd_carpeta	other				349072	1			0
Sound	snd_sangre	other				383244	1			0
Sound	snd_pimiento	other				417415	1			0
Sound	snd_abeja	other				451655	1			0
Sound	snd_cereza	other				485826	1			0
Sound	snd_lobo	other				519998	1			0
Sound	snd_cartera	other				554169	1			0
Sound	snd_humo	other				588340	1			0
Sound	snd_molino	other				622511	1			0
Sound	snd_columpio	other				656682	1			0
Sound	snd_labio	other				690853	1			0
Sound	snd_pollo	other				725094	1			0
Sound	snd_tortuga	other				759265	1			0
Sound	snd_pistola	other				793436	1			0
Sound	snd_novia	other				827607	1			0
Sound	snd_cresta	other				861778	1			0
Sound	snd_gafas	other				895950	1			0
Sound	snd_caramelo	other				930121	1			0
Sound	snd_regadera	other				964292	1			0
Sound	snd_foca	other				998463	1			0
Sound	snd_fresa	other				1032634	1			0
