Scenario - caja.sce
Logfile written - 01/26/2024 10:06:24

Subject	Trial	Event Type	Code	Time	TTime	Uncertainty	Duration	Uncertainty	ReqTime	ReqDur	Stim Type	Pair Index

470104	1	Response	98	32738	22669	1
470104	3	Sound	snd_huella	36885	7	205			0		other	0
470104	3	Key Input	72	45578	8700	1
470104	3	Key Input	85	47838	10959	1
470104	3	Key Input	69	50488	13610	1
470104	3	Key Input	76	51838	14959	1
470104	3	Key Input	76	53447	16569	1
470104	3	Key Input	65	54158	17279	1
470104	3	Text Input	HUELLA	66878	30000	0
470104	5	Sound	snd_cereza	71119	0	1			0		other	0
470104	5	Key Input	67	80628	9509	1
470104	5	Key Input	69	82388	11269	1
470104	5	Key Input	82	82908	11789	1
470104	5	Key Input	82	86518	15399	1
470104	5	Key Input	8	91528	20409	1
470104	5	Key Input	69	93058	21939	1
470104	5	Key Input	90	95987	24868	1
470104	5	Key Input	65	98208	27089	1
470104	5	Text Input	CEREZA	101119	30000	0
470104	7	Sound	snd_taza	105290	0	1			0		other	0
470104	7	Key Input	84	115597	10307	1
470104	7	Key Input	65	117457	12167	1
470104	7	Key Input	90	119867	14577	1
470104	7	Key Input	65	121937	16647	1
470104	7	Text Input	TAZA	135290	30000	0
470104	9	Sound	snd_persiana	139462	0	1			0		other	0
470104	9	Key Input	80	150228	10767	1
470104	9	Key Input	69	153018	13557	1
470104	9	Key Input	82	153527	14066	1
470104	9	Key Input	83	155868	16407	1
470104	9	Key Input	73	157328	17866	1
470104	9	Key Input	65	158738	19277	1
470104	9	Key Input	78	159678	20217	1
470104	9	Key Input	65	163687	24226	1
470104	9	Text Input	PERSIANA	169461	30000	0
470104	11	Sound	snd_hada	173633	0	1			0		other	0
470104	11	Key Input	72	182658	9026	1
470104	11	Key Input	65	184018	10385	1
470104	11	Key Input	66	185518	11885	1
470104	11	Key Input	65	186068	12435	1
470104	11	Text Input	HABA	203632	30000	0
470104	13	Sound	snd_lobo	207804	0	1			0		other	0
470104	13	Key Input	76	215308	7504	1
470104	13	Key Input	79	216998	9194	1
470104	13	Key Input	66	218808	11004	1
470104	13	Key Input	79	219608	11804	1
470104	13	Text Input	LOBO	237804	30000	0
470104	15	Sound	snd_carpeta	241975	0	1			0		other	0
470104	15	Key Input	67	248828	6853	1
470104	15	Key Input	65	250018	8043	1
470104	15	Key Input	82	253478	11503	1
470104	15	Key Input	80	255558	13583	1
470104	15	Key Input	69	257548	15573	1
470104	15	Key Input	84	259187	17212	1
470104	15	Key Input	65	261108	19133	1
470104	15	Text Input	CARPETA	271975	30000	0
470104	17	Sound	snd_paja	276146	0	1			0		other	0
470104	17	Key Input	80	283378	7232	1
470104	17	Key Input	65	284828	8682	1
470104	17	Key Input	75	286688	10542	1
470104	17	Key Input	65	287308	11162	1
470104	17	Key Input	8	290908	14762	1
470104	17	Key Input	8	292368	16222	1
470104	17	Key Input	65	295057	18911	1
470104	17	Key Input	74	299968	23822	1
470104	17	Key Input	8	303228	27082	1
470104	17	Key Input	8	304998	28852	1
470104	17	Key Input	8	305708	29562	1
470104	17	Text Input	P	306146	30000	0
470104	19	Sound	snd_abeja	310317	0	1			0		other	0
470104	19	Key Input	80	312808	2491	1
470104	19	Key Input	8	317778	7461	1
470104	19	Key Input	65	321498	11181	1
470104	19	Key Input	78	328708	18391	1
470104	19	Key Input	69	330588	20271	1
470104	19	Key Input	75	332957	22640	1
470104	19	Key Input	65	334447	24130	1
470104	19	Key Input	8	338487	28170	1
470104	19	Key Input	8	340068	29751	1
470104	19	Text Input	ANE	340317	30000	0
470104	21	Sound	snd_cartera	344488	0	1			0		other	0
470104	21	Key Input	67	355437	10949	1
470104	21	Key Input	65	357048	12560	1
470104	21	Key Input	69	362218	17730	1
470104	21	Key Input	8	368077	23589	1
470104	21	Key Input	69	370327	25839	1
470104	21	Key Input	82	373908	29419	1
470104	21	Text Input	CAER	374488	30000	0
470104	23	Sound	snd_cafetera	378660	0	1			0		other	0
470104	23	Key Input	67	388407	9748	1
470104	23	Key Input	65	390968	12308	1
470104	23	Key Input	70	393638	14978	1
470104	23	Key Input	69	396128	17468	1
470104	23	Key Input	82	397748	19088	1
470104	23	Key Input	8	402188	23528	1
470104	23	Text Input	CAFE	408659	30000	0
470104	25	Sound	snd_sangre	412831	0	1			0		other	0
470104	25	Key Input	83	425047	12217	1
470104	25	Key Input	65	426488	13657	1
470104	25	Key Input	77	427938	15107	1
470104	25	Key Input	71	430258	17427	1
470104	25	Key Input	82	434957	22127	1
470104	25	Key Input	69	435168	22337	1
470104	25	Text Input	SAMGRE	442831	30000	0
470104	27	Sound	snd_caramelo	447002	0	1			0		other	0
470104	27	Key Input	67	456788	9787	1
470104	27	Key Input	65	458048	11046	1
470104	27	Key Input	82	460098	13096	1
470104	27	Key Input	65	461468	14466	1
470104	27	Key Input	77	466658	19656	1
470104	27	Key Input	69	469208	22206	1
470104	27	Key Input	76	471677	24675	1
470104	27	Text Input	CARAMEL	477002	30000	0
470104	29	Sound	snd_pollo	481173	0	1			0		other	0
470104	29	Key Input	80	490358	9185	1
470104	29	Key Input	79	493428	12255	1
470104	29	Key Input	76	495598	14425	1
470104	29	Key Input	76	497037	15864	1
470104	29	Key Input	79	498797	17624	1
470104	29	Text Input	POLLO	511173	30000	0
470104	31	Sound	snd_pimiento	515344	0	1			0		other	0
470104	31	Key Input	80	527427	12084	1
470104	31	Key Input	73	529487	14143	1
470104	31	Key Input	77	532367	17023	1
470104	31	Key Input	73	534807	19463	1
470104	31	Key Input	69	536327	20983	1
470104	31	Key Input	78	537258	21914	1
470104	31	Key Input	84	538547	23204	1
470104	31	Key Input	79	539678	24334	1
470104	31	Text Input	PIMIENTO	545344	30000	0
470104	33	Sound	snd_humo	549515	0	1			0		other	0
470104	33	Key Input	72	557708	8193	1
470104	33	Key Input	85	559158	9643	1
470104	33	Key Input	77	561657	12143	1
470104	33	Key Input	79	563207	13692	1
470104	33	Text Input	HUMO	579515	30000	0
470104	35	Sound	snd_cepillo	583686	0	1			0		other	0
470104	35	Key Input	67	591608	7922	1
470104	35	Key Input	69	593438	9752	1
470104	35	Key Input	80	595057	11371	1
470104	35	Key Input	79	600797	17111	1
470104	35	Key Input	8	605958	22271	1
470104	35	Key Input	73	608657	24971	1
470104	35	Key Input	76	611897	28211	1
470104	35	Key Input	76	613518	29832	1
470104	35	Text Input	CEPILL	613686	30000	0
470104	37	Sound	snd_cresta	617858	0	1			0		other	0
470104	37	Key Input	84	629128	11270	1
470104	37	Key Input	8	632607	14750	1
470104	37	Key Input	67	634238	16380	1
470104	37	Key Input	82	636167	18310	1
470104	37	Key Input	69	639277	21420	1
470104	37	Key Input	83	641397	23540	1
470104	37	Key Input	84	643357	25500	1
470104	37	Key Input	65	645037	27180	1
470104	37	Text Input	CRESTA	647857	30000	0
470104	39	Sound	snd_naranja	652029	0	1			0		other	0
470104	39	Key Input	78	659158	7129	1
470104	39	Key Input	65	660337	8309	1
470104	39	Key Input	82	662007	9979	1
470104	39	Key Input	65	665087	13059	1
470104	39	Key Input	78	671857	19829	1
470104	39	Key Input	75	674347	22319	1
470104	39	Key Input	65	676428	24399	1
470104	39	Key Input	8	679767	27739	1
470104	39	Key Input	8	681357	29329	1
470104	39	Text Input	NARAN	682029	30000	0
470104	41	Sound	snd_novia	686200	0	1			0		other	0
470104	41	Key Input	77	698388	12188	1
470104	41	Key Input	80	700307	14108	1
470104	41	Key Input	86	706038	19838	1
470104	41	Key Input	79	707947	21748	1
470104	41	Key Input	65	709857	23658	1
470104	41	Key Input	8	713627	27428	1
470104	41	Key Input	8	715277	29078	1
470104	41	Text Input	MPV	716200	30000	0
470104	43	Sound	snd_fresa	720510	0	1			0		other	0
470104	43	Key Input	70	731428	10918	1
470104	43	Key Input	82	733309	12799	1
470104	43	Key Input	69	733947	13438	1
470104	43	Key Input	83	736287	15778	1
470104	43	Key Input	65	737477	16968	1
470104	43	Text Input	FRESA	750510	30000	0
470104	45	Sound	snd_columpio	754681	0	1			0		other	0
470104	45	Key Input	67	763267	8587	1
470104	45	Key Input	80	765208	10527	1
470104	45	Key Input	209	767807	13126	1
470104	45	Key Input	209	768828	14147	1
470104	45	Key Input	73	771227	16546	1
470104	45	Key Input	8	779038	24357	1
470104	45	Key Input	8	780747	26066	1
470104	45	Key Input	8	783456	28775	1
470104	45	Text Input	CP	784681	30000	0
470104	47	Sound	snd_labio	788922	0	1			0		other	0
470104	47	Key Input	76	802798	13876	1
470104	47	Key Input	65	805228	16306	1
470104	47	Key Input	78	808407	19485	1
470104	47	Key Input	79	815347	26426	1
470104	47	Key Input	80	817287	28366	1
470104	47	Text Input	LANOP	818921	30000	0
470104	49	Sound	snd_pistola	823093	0	1			0		other	0
470104	49	Key Input	8	825667	2574	1
470104	49	Key Input	204	838777	15685	1
470104	49	Key Input	8	843557	20464	1
470104	49	Key Input	210	852117	29025	1
470104	49	Text Input	Ò	853093	30000	0
470104	51	Sound	snd_molino	857264	0	1			0		other	0
470104	51	Key Input	209	859087	1824	1
470104	51	Key Input	65	859656	2393	1
470104	51	Key Input	44	872267	15003	1
470104	51	Key Input	80	873448	16184	1
470104	51	Key Input	209	875547	18284	1
470104	51	Key Input	73	877847	20584	1
470104	51	Key Input	79	877897	20634	1
470104	51	Key Input	8	883567	26304	1
470104	51	Key Input	8	885157	27894	1
470104	51	Key Input	8	886677	29414	1
470104	51	Text Input	ÑA,P	887264	30000	0
470104	53	Sound	snd_tortuga	891435	0	1			0		other	0
470104	53	Key Input	84	905447	14012	1
470104	53	Key Input	80	908417	16983	1
470104	53	Key Input	82	910007	18573	1
470104	53	Key Input	84	915237	23803	1
470104	53	Key Input	73	917107	25673	1
470104	53	Text Input	TPRTI	921435	30000	0
470104	55	Sound	snd_foca	925676	0	1			0		other	0
470104	55	Key Input	71	941027	15351	1
470104	55	Text Input	G	955675	30000	0
470104	57	Sound	snd_dinero	959847	0	1			0		other	0
470104	57	Key Input	192	962437	2591	1
470104	57	Key Input	70	978378	18531	1
470104	57	Key Input	79	982507	22661	1
470104	57	Text Input	ÀFO	989847	30000	0
470104	59	Sound	snd_regadera	994018	0	1			0		other	0
470104	59	Key Input	82	1007888	13870	1
470104	59	Key Input	69	1011677	17659	1
470104	59	Key Input	71	1017508	23490	1
470104	59	Key Input	65	1021248	27230	1
470104	59	Text Input	REGA	1024018	30000	0
470104	61	Sound	snd_gafas	1028189	0	1			0		other	0
470104	61	Key Input	82	1030027	1838	1
470104	61	Key Input	65	1032397	4208	1
470104	61	Key Input	71	1044477	16288	1
470104	61	Key Input	65	1046417	18228	1
470104	61	Key Input	70	1050017	21828	1
470104	61	Key Input	65	1051157	22968	1
470104	61	Key Input	83	1052238	24049	1
470104	61	Text Input	RAGAFAS	1058189	30000	0


Event Type	Code	Type	Response	RT	RT Uncertainty	Time	Uncertainty	Duration	Uncertainty	ReqTime	ReqDur

Sound	snd_huella	other				36885	205			0
Sound	snd_cereza	other				71119	1			0
Sound	snd_taza	other				105290	1			0
Sound	snd_persiana	other				139462	1			0
Sound	snd_hada	other				173633	1			0
Sound	snd_lobo	other				207804	1			0
Sound	snd_carpeta	other				241975	1			0
Sound	snd_paja	other				276146	1			0
Sound	snd_abeja	other				310317	1			0
Sound	snd_cartera	other				344488	1			0
Sound	snd_cafetera	other				378660	1			0
Sound	snd_sangre	other				412831	1			0
Sound	snd_caramelo	other				447002	1			0
Sound	snd_pollo	other				481173	1			0
Sound	snd_pimiento	other				515344	1			0
Sound	snd_humo	other				549515	1			0
Sound	snd_cepillo	other				583686	1			0
Sound	snd_cresta	other				617858	1			0
Sound	snd_naranja	other				652029	1			0
Sound	snd_novia	other				686200	1			0
Sound	snd_fresa	other				720510	1			0
Sound	snd_columpio	other				754681	1			0
Sound	snd_labio	other				788922	1			0
Sound	snd_pistola	other				823093	1			0
Sound	snd_molino	other				857264	1			0
Sound	snd_tortuga	other				891435	1			0
Sound	snd_foca	other				925676	1			0
Sound	snd_dinero	other				959847	1			0
Sound	snd_regadera	other				994018	1			0
Sound	snd_gafas	other				1028189	1			0
