Scenario - caja.sce
Logfile written - 01/26/2024 12:06:12

Subject	Trial	Event Type	Code	Time	TTime	Uncertainty	Duration	Uncertainty	ReqTime	ReqDur	Stim Type	Pair Index

480204	1	Response	98	45907	35838	1
480204	3	Sound	snd_gafas	50082	7	209			0		other	0
480204	3	Key Input	71	58737	8662	1
480204	3	Key Input	65	60997	10922	1
480204	3	Key Input	68	65476	15402	1
480204	3	Key Input	65	67267	17192	1
480204	3	Key Input	8	69627	19552	1
480204	3	Key Input	8	71006	20932	1
480204	3	Key Input	70	71817	21742	1
480204	3	Key Input	65	73697	23622	1
480204	3	Key Input	83	74357	24282	1
480204	3	Text Input	GAFAS	80075	30000	0
480204	5	Sound	snd_pollo	84177	0	1			0		other	0
480204	5	Key Input	80	91137	6961	1
480204	5	Key Input	79	93477	9300	1
480204	5	Key Input	76	95747	11570	1
480204	5	Key Input	79	98406	14230	1
480204	5	Key Input	8	101637	17460	1
480204	5	Key Input	76	106257	22080	1
480204	5	Key Input	79	107717	23541	1
480204	5	Text Input	POLLO	114176	30000	0
480204	7	Sound	snd_naranja	118348	0	1			0		other	0
480204	7	Key Input	78	127457	9109	1
480204	7	Key Input	65	128287	9939	1
480204	7	Key Input	82	130357	12009	1
480204	7	Key Input	65	130847	12499	1
480204	7	Key Input	78	131937	13589	1
480204	7	Key Input	74	133727	15379	1
480204	7	Key Input	65	134557	16209	1
480204	7	Text Input	NARANJA	148347	30000	0
480204	9	Sound	snd_cartera	152449	0	1			0		other	0
480204	9	Key Input	67	161437	8988	1
480204	9	Key Input	65	163496	11047	1
480204	9	Key Input	82	164447	11998	1
480204	9	Key Input	84	166767	14318	1
480204	9	Key Input	69	167687	15237	1
480204	9	Key Input	82	168687	16238	1
480204	9	Key Input	65	170437	17988	1
480204	9	Text Input	CARTERA	182449	30000	0
480204	11	Sound	snd_foca	186551	0	1			0		other	0
480204	11	Key Input	70	195327	8776	1
480204	11	Key Input	67	197857	11306	1
480204	11	Key Input	8	202307	15756	1
480204	11	Key Input	73	206937	20386	1
480204	11	Key Input	8	210237	23686	1
480204	11	Key Input	79	211877	25326	1
480204	11	Key Input	67	213577	27026	1
480204	11	Key Input	65	215117	28566	1
480204	11	Text Input	FOCA	216551	30000	0
480204	13	Sound	snd_cresta	220653	0	1			0		other	0
480204	13	Key Input	67	228287	7634	1
480204	13	Key Input	82	230747	10094	1
480204	13	Key Input	69	231597	10944	1
480204	13	Key Input	83	233227	12574	1
480204	13	Key Input	84	234647	13994	1
480204	13	Key Input	65	236387	15734	1
480204	13	Text Input	CRESTA	250653	30000	0
480204	15	Sound	snd_novia	254754	0	1			0		other	0
480204	15	Key Input	78	265187	10433	1
480204	15	Key Input	79	266216	11462	1
480204	15	Key Input	86	267457	12702	1
480204	15	Key Input	73	268597	13842	1
480204	15	Key Input	65	269856	15102	1
480204	15	Text Input	NOVIA	284754	30000	0
480204	17	Sound	snd_pimiento	288856	0	1			0		other	0
480204	17	Key Input	80	299107	10251	1
480204	17	Key Input	73	301007	12151	1
480204	17	Key Input	77	303867	15011	1
480204	17	Key Input	73	304707	15851	1
480204	17	Key Input	69	305637	16781	1
480204	17	Key Input	78	306657	17801	1
480204	17	Key Input	84	307827	18971	1
480204	17	Key Input	79	308326	19470	1
480204	17	Text Input	PIMIENTO	318856	30000	0
480204	19	Sound	snd_caramelo	323027	0	1			0		other	0
480204	19	Key Input	67	330087	7060	1
480204	19	Key Input	65	331807	8780	1
480204	19	Key Input	82	332426	9399	1
480204	19	Key Input	65	333257	10230	1
480204	19	Key Input	77	334307	11280	1
480204	19	Key Input	69	335596	12569	1
480204	19	Key Input	76	336236	13209	1
480204	19	Key Input	79	337566	14539	1
480204	19	Text Input	CARAMELO	353027	30000	0
480204	21	Sound	snd_humo	357129	0	1			0		other	0
480204	21	Key Input	72	365257	8128	1
480204	21	Key Input	85	366146	9018	1
480204	21	Key Input	77	369107	11978	1
480204	21	Key Input	79	369316	12187	1
480204	21	Text Input	HUMO	387129	30000	0
480204	23	Sound	snd_carpeta	391231	0	1			0		other	0
480204	23	Key Input	67	397886	6656	1
480204	23	Key Input	65	399756	8526	1
480204	23	Key Input	82	400596	9366	1
480204	23	Key Input	80	402017	10786	1
480204	23	Key Input	69	403087	11856	1
480204	23	Key Input	84	404707	13476	1
480204	23	Key Input	65	406346	15116	1
480204	23	Text Input	CARPETA	421231	30000	0
480204	25	Sound	snd_molino	425332	0	1			0		other	0
480204	25	Key Input	77	433756	8424	1
480204	25	Key Input	79	434507	9174	1
480204	25	Key Input	76	436866	11534	1
480204	25	Key Input	73	442877	17545	1
480204	25	Key Input	78	444866	19534	1
480204	25	Key Input	79	445957	20624	1
480204	25	Text Input	MOLINO	455332	30000	0
480204	27	Sound	snd_hada	459434	0	1			0		other	0
480204	27	Key Input	72	467777	8343	1
480204	27	Key Input	65	469067	9633	1
480204	27	Key Input	66	469987	10553	1
480204	27	Key Input	65	471327	11893	1
480204	27	Text Input	HABA	489434	30000	0
480204	29	Sound	snd_cereza	493536	0	1			0		other	0
480204	29	Key Input	67	503507	9971	1
480204	29	Key Input	69	504886	11351	1
480204	29	Key Input	82	505856	12321	1
480204	29	Key Input	69	509227	15691	1
480204	29	Key Input	90	512077	18541	1
480204	29	Key Input	65	513297	19761	1
480204	29	Text Input	CEREZA	523536	30000	0
480204	31	Sound	snd_cafetera	527964	326	1			0		other	0
480204	31	Key Input	67	533137	5499	1
480204	31	Key Input	65	535296	7659	1
480204	31	Key Input	70	537146	9509	1
480204	31	Key Input	69	538277	10639	1
480204	31	Key Input	84	540297	12659	1
480204	31	Key Input	69	541076	13439	1
480204	31	Key Input	82	542597	14959	1
480204	31	Key Input	65	544867	17229	1
480204	31	Text Input	CAFETERA	557637	30000	0
480204	33	Sound	snd_dinero	561739	0	1			0		other	0
480204	33	Key Input	68	568797	7058	1
480204	33	Key Input	73	569717	7978	1
480204	33	Key Input	78	571146	9407	1
480204	33	Key Input	69	571516	9777	1
480204	33	Key Input	82	573136	11397	1
480204	33	Key Input	79	573596	11858	1
480204	33	Text Input	DINERO	591739	30000	0
480204	35	Sound	snd_sangre	595841	0	1			0		other	0
480204	35	Key Input	83	603557	7716	1
480204	35	Key Input	65	604397	8556	1
480204	35	Key Input	78	605446	9606	1
480204	35	Key Input	71	606726	10886	1
480204	35	Key Input	82	608687	12846	1
480204	35	Key Input	69	609255	13415	1
480204	35	Text Input	SANGRE	625841	30000	0
480204	37	Sound	snd_abeja	630012	0	1			0		other	0
480204	37	Key Input	65	638447	8435	1
480204	37	Key Input	66	639616	9604	1
480204	37	Key Input	69	640796	10784	1
480204	37	Key Input	74	642316	12304	1
480204	37	Key Input	65	643415	13403	1
480204	37	Text Input	ABEJA	660012	30000	0
480204	39	Sound	snd_lobo	664114	0	1			0		other	0
480204	39	Key Input	76	671637	7523	1
480204	39	Key Input	79	673097	8983	1
480204	39	Key Input	66	675316	11203	1
480204	39	Key Input	79	676006	11892	1
480204	39	Text Input	LOBO	694114	30000	0
480204	41	Sound	snd_cepillo	698216	0	1			0		other	0
480204	41	Key Input	67	705217	7002	1
480204	41	Key Input	69	706796	8581	1
480204	41	Key Input	82	707556	9341	1
480204	41	Key Input	80	708486	10271	1
480204	41	Key Input	73	708966	10751	1
480204	41	Key Input	8	712816	14601	1
480204	41	Key Input	8	714116	15900	1
480204	41	Key Input	8	715746	17531	1
480204	41	Key Input	80	718816	20601	1
480204	41	Key Input	73	720896	22681	1
480204	41	Key Input	76	723576	25361	1
480204	41	Key Input	76	724976	26761	1
480204	41	Key Input	79	726436	28221	1
480204	41	Text Input	CEPILLO	728215	30000	0
480204	43	Sound	snd_taza	732387	0	1			0		other	0
480204	43	Key Input	84	740946	8560	1
480204	43	Key Input	65	742946	10559	1
480204	43	Key Input	90	745176	12789	1
480204	43	Key Input	65	745746	13359	1
480204	43	Text Input	TAZA	762387	30000	0
480204	45	Sound	snd_pistola	766488	0	1			0		other	0
480204	45	Key Input	72	775416	8928	1
480204	45	Key Input	8	778196	11708	1
480204	45	Key Input	80	780266	13778	1
480204	45	Key Input	73	781146	14658	1
480204	45	Key Input	83	782546	16058	1
480204	45	Key Input	84	784326	17838	1
480204	45	Key Input	79	784916	18428	1
480204	45	Key Input	76	786426	19938	1
480204	45	Key Input	65	787096	20608	1
480204	45	Text Input	PISTOLA	796488	30000	0
480204	47	Sound	snd_persiana	800590	0	1			0		other	0
480204	47	Key Input	80	809166	8576	1
480204	47	Key Input	69	809906	9316	1
480204	47	Key Input	82	811266	10676	1
480204	47	Key Input	83	812805	12216	1
480204	47	Key Input	73	813497	12907	1
480204	47	Key Input	65	814845	14256	1
480204	47	Key Input	78	815465	14876	1
480204	47	Key Input	65	816876	16286	1
480204	47	Text Input	PERSIANA	830590	30000	0
480204	49	Sound	snd_huella	834692	0	1			0		other	0
480204	49	Key Input	72	842516	7824	1
480204	49	Key Input	85	843375	8684	1
480204	49	Key Input	69	844196	9504	1
480204	49	Key Input	76	845906	11214	1
480204	49	Key Input	76	847406	12714	1
480204	49	Key Input	65	848405	13714	1
480204	49	Text Input	HUELLA	864692	30000	0
480204	51	Sound	snd_paja	868793	0	1			0		other	0
480204	51	Key Input	65	876776	7983	1
480204	51	Key Input	8	879126	10332	1
480204	51	Key Input	80	881566	12772	1
480204	51	Key Input	65	882906	14112	1
480204	51	Key Input	74	883646	14852	1
480204	51	Key Input	65	885055	16262	1
480204	51	Text Input	PAJA	898793	30000	0
480204	53	Sound	snd_regadera	902895	0	1			0		other	0
480204	53	Key Input	82	911426	8531	1
480204	53	Key Input	69	911875	8980	1
480204	53	Key Input	71	913646	10751	1
480204	53	Key Input	65	915116	12221	1
480204	53	Key Input	68	917006	14111	1
480204	53	Key Input	69	918735	15840	1
480204	53	Key Input	82	920406	17511	1
480204	53	Key Input	65	920716	17821	1
480204	53	Key Input	8	924076	21181	1
480204	53	Key Input	65	928686	25791	1
480204	53	Text Input	REGADERA	932895	30000	0
480204	55	Sound	snd_columpio	936997	0	1			0		other	0
480204	55	Key Input	67	946926	9929	1
480204	55	Key Input	79	947806	10809	1
480204	55	Key Input	76	950156	13159	1
480204	55	Key Input	85	952276	15279	1
480204	55	Key Input	77	954596	17599	1
480204	55	Key Input	80	956527	19530	1
480204	55	Key Input	73	958766	21769	1
480204	55	Key Input	79	960837	23840	1
480204	55	Text Input	COLUMPIO	966997	30000	0
480204	57	Sound	snd_fresa	971099	0	1			0		other	0
480204	57	Key Input	70	978676	7578	1
480204	57	Key Input	82	980877	9778	1
480204	57	Key Input	69	981206	10108	1
480204	57	Key Input	83	983826	12727	1
480204	57	Key Input	65	984306	13207	1
480204	57	Text Input	FRESA	1001098	30000	0
480204	59	Sound	snd_tortuga	1005200	0	1			0		other	0
480204	59	Key Input	84	1012046	6846	1
480204	59	Key Input	79	1013426	8226	1
480204	59	Key Input	82	1014605	9405	1
480204	59	Key Input	84	1018836	13636	1
480204	59	Key Input	85	1019686	14486	1
480204	59	Key Input	71	1021206	16006	1
480204	59	Key Input	65	1023075	17875	1
480204	59	Text Input	TORTUGA	1035200	30000	0
480204	61	Sound	snd_labio	1039302	0	1			0		other	0
480204	61	Key Input	76	1046386	7084	1
480204	61	Key Input	65	1047296	7994	1
480204	61	Key Input	66	1049236	9934	1
480204	61	Key Input	73	1049966	10664	1
480204	61	Key Input	79	1051906	12604	1
480204	61	Text Input	LABIO	1069302	30000	0

Visual picture detection failed over to using scan line information only at the following times:
type	time	timeout	presentation
fail	12751.5	34.725	27
restore	12828.8	0	28
fail	44596	34.725	119
restore	45533.3	0	120
fail	52763.7	34.725	137
restore	52864	0	138


Event Type	Code	Type	Response	RT	RT Uncertainty	Time	Uncertainty	Duration	Uncertainty	ReqTime	ReqDur

Sound	snd_gafas	other				50082	209			0
Sound	snd_pollo	other				84177	1			0
Sound	snd_naranja	other				118348	1			0
Sound	snd_cartera	other				152449	1			0
Sound	snd_foca	other				186551	1			0
Sound	snd_cresta	other				220653	1			0
Sound	snd_novia	other				254754	1			0
Sound	snd_pimiento	other				288856	1			0
Sound	snd_caramelo	other				323027	1			0
Sound	snd_humo	other				357129	1			0
Sound	snd_carpeta	other				391231	1			0
Sound	snd_molino	other				425332	1			0
Sound	snd_hada	other				459434	1			0
Sound	snd_cereza	other				493536	1			0
Sound	snd_cafetera	other				527964	1			0
Sound	snd_dinero	other				561739	1			0
Sound	snd_sangre	other				595841	1			0
Sound	snd_abeja	other				630012	1			0
Sound	snd_lobo	other				664114	1			0
Sound	snd_cepillo	other				698216	1			0
Sound	snd_taza	other				732387	1			0
Sound	snd_pistola	other				766488	1			0
Sound	snd_persiana	other				800590	1			0
Sound	snd_huella	other				834692	1			0
Sound	snd_paja	other				868793	1			0
Sound	snd_regadera	other				902895	1			0
Sound	snd_columpio	other				936997	1			0
Sound	snd_fresa	other				971099	1			0
Sound	snd_tortuga	other				1005200	1			0
Sound	snd_labio	other				1039302	1			0
