Scenario - caja.sce
Logfile written - 01/26/2024 15:03:32

Subject	Trial	Event Type	Code	Time	TTime	Uncertainty	Duration	Uncertainty	ReqTime	ReqDur	Stim Type	Pair Index

490101	1	Response	98	65281	55211	1
490101	3	Sound	snd_cepillo	69460	8	212			0		other	0
490101	3	Key Input	67	77871	8419	1
490101	3	Key Input	69	79540	10088	1
490101	3	Key Input	69	79560	10108	1
490101	3	Key Input	80	80480	11028	1
490101	3	Key Input	73	81950	12498	1
490101	3	Key Input	8	86501	17048	1
490101	3	Key Input	8	87810	18358	1
490101	3	Key Input	8	89500	20048	1
490101	3	Key Input	80	92370	22918	1
490101	3	Key Input	73	94780	25328	1
490101	3	Key Input	76	99060	29608	1
490101	3	Text Input	CEPIL	99452	30000	0
490101	5	Sound	snd_pistola	103554	0	1			0		other	0
490101	5	Key Input	80	110740	7187	1
490101	5	Key Input	73	112810	9256	1
490101	5	Key Input	83	114240	10686	1
490101	5	Key Input	84	116090	12537	1
490101	5	Key Input	79	117080	13527	1
490101	5	Key Input	76	119070	15517	1
490101	5	Key Input	65	120320	16767	1
490101	5	Text Input	PISTOLA	133554	30000	0
490101	7	Sound	snd_regadera	137656	0	1			0		other	0
490101	7	Key Input	82	146291	8635	1
490101	7	Key Input	69	147180	9525	1
490101	7	Key Input	71	149310	11655	1
490101	7	Key Input	65	151420	13764	1
490101	7	Key Input	68	153430	15775	1
490101	7	Key Input	69	154830	17175	1
490101	7	Key Input	82	155960	18305	1
490101	7	Key Input	65	156920	19265	1
490101	7	Text Input	REGADERA	167656	30000	0
490101	9	Sound	snd_novia	171758	0	1			0		other	0
490101	9	Key Input	78	179571	7813	1
490101	9	Key Input	79	181260	9503	1
490101	9	Key Input	86	182820	11063	1
490101	9	Key Input	73	184250	12493	1
490101	9	Key Input	65	185360	13603	1
490101	9	Text Input	NOVIA	201757	30000	0
490101	11	Sound	snd_carpeta	205859	0	1			0		other	0
490101	11	Key Input	67	211591	5732	1
490101	11	Key Input	65	212950	7091	1
490101	11	Key Input	82	214290	8431	1
490101	11	Key Input	80	215770	9911	1
490101	11	Key Input	69	216860	11001	1
490101	11	Key Input	84	219060	13201	1
490101	11	Key Input	65	220340	14481	1
490101	11	Text Input	CARPETA	235859	30000	0
490101	13	Sound	snd_tortuga	239961	0	1			0		other	0
490101	13	Key Input	84	247590	7630	1
490101	13	Key Input	79	249010	9049	1
490101	13	Key Input	82	250170	10209	1
490101	13	Key Input	84	252020	12059	1
490101	13	Key Input	85	253390	13429	1
490101	13	Key Input	71	256940	16980	1
490101	13	Key Input	65	258880	18920	1
490101	13	Text Input	TORTUGA	269961	30000	0
490101	15	Sound	snd_taza	274063	1	1			0		other	0
490101	15	Key Input	84	282390	8329	1
490101	15	Key Input	65	283840	9778	1
490101	15	Key Input	90	285900	11839	1
490101	15	Key Input	65	287490	13428	1
490101	15	Text Input	TAZA	304062	30000	0
490101	17	Sound	snd_labio	308234	0	1			0		other	0
490101	17	Key Input	76	315440	7206	1
490101	17	Key Input	65	317100	8866	1
490101	17	Key Input	66	319540	11307	1
490101	17	Key Input	73	320900	12666	1
490101	17	Key Input	79	321430	13197	1
490101	17	Text Input	LABIO	338234	30000	0
490101	19	Sound	snd_naranja	342335	0	1			0		other	0
490101	19	Key Input	78	349670	7335	1
490101	19	Key Input	65	351330	8995	1
490101	19	Key Input	82	352690	10355	1
490101	19	Key Input	65	353900	11565	1
490101	19	Key Input	78	355120	12785	1
490101	19	Key Input	74	357110	14775	1
490101	19	Key Input	65	358400	16065	1
490101	19	Text Input	NARANJA	372335	30000	0
490101	21	Sound	snd_pollo	376437	0	1			0		other	0
490101	21	Key Input	80	382600	6164	1
490101	21	Key Input	79	384370	7933	1
490101	21	Key Input	76	386820	10383	1
490101	21	Key Input	76	388260	11823	1
490101	21	Key Input	79	389810	13373	1
490101	21	Text Input	POLLO	406437	30000	0
490101	23	Sound	snd_humo	410539	0	1			0		other	0
490101	23	Key Input	72	428990	18452	1
490101	23	Key Input	85	430030	19492	1
490101	23	Key Input	77	432270	21732	1
490101	23	Key Input	79	433790	23252	1
490101	23	Text Input	HUMO	440539	30000	0
490101	25	Sound	snd_huella	444641	0	1			0		other	0
490101	25	Key Input	72	453661	9020	1
490101	25	Key Input	85	454610	9970	1
490101	25	Key Input	69	456240	11600	1
490101	25	Key Input	76	457730	13090	1
490101	25	Key Input	76	459430	14790	1
490101	25	Key Input	65	460400	15760	1
490101	25	Text Input	HUELLA	474640	30000	0
490101	27	Sound	snd_caramelo	478742	0	1			0		other	0
490101	27	Key Input	67	486280	7538	1
490101	27	Key Input	65	488210	9468	1
490101	27	Key Input	82	489990	11248	1
490101	27	Key Input	65	491060	12318	1
490101	27	Key Input	77	492470	13728	1
490101	27	Key Input	69	496079	17337	1
490101	27	Key Input	76	499490	20748	1
490101	27	Key Input	79	501140	22398	1
490101	27	Text Input	CARAMELO	508742	30000	0
490101	29	Sound	snd_molino	512844	0	1			0		other	0
490101	29	Key Input	77	521330	8487	1
490101	29	Key Input	79	522780	9936	1
490101	29	Key Input	76	524540	11696	1
490101	29	Key Input	73	526680	13836	1
490101	29	Key Input	78	527830	14986	1
490101	29	Key Input	79	529350	16506	1
490101	29	Text Input	MOLINO	542844	30000	0
490101	31	Sound	snd_columpio	546946	0	1			0		other	0
490101	31	Key Input	67	556490	9545	1
490101	31	Key Input	79	557280	10335	1
490101	31	Key Input	76	560880	13935	1
490101	31	Key Input	85	563320	16374	1
490101	31	Key Input	77	566350	19405	1
490101	31	Key Input	80	567710	20765	1
490101	31	Key Input	73	571430	24485	1
490101	31	Key Input	79	573660	26715	1
490101	31	Text Input	COLUMPIO	576945	30000	0
490101	33	Sound	snd_hada	581047	0	1			0		other	0
490101	33	Key Input	65	587400	6353	1
490101	33	Key Input	8	590630	9583	1
490101	33	Key Input	72	593800	12753	1
490101	33	Key Input	65	595260	14213	1
490101	33	Key Input	68	596480	15433	1
490101	33	Key Input	65	597330	16283	1
490101	33	Text Input	HADA	611047	30000	0
490101	35	Sound	snd_dinero	615219	0	1			0		other	0
490101	35	Key Input	68	622660	7442	1
490101	35	Key Input	73	625430	10212	1
490101	35	Key Input	78	627589	12371	1
490101	35	Key Input	69	628900	13682	1
490101	35	Key Input	82	629680	14462	1
490101	35	Key Input	79	630850	15632	1
490101	35	Text Input	DINERO	645218	30000	0
490101	37	Sound	snd_lobo	649320	0	1			0		other	0
490101	37	Key Input	76	657310	7990	1
490101	37	Key Input	79	659370	10050	1
490101	37	Key Input	66	660670	11350	1
490101	37	Key Input	79	661800	12480	1
490101	37	Text Input	LOBO	679320	30000	0
490101	39	Sound	snd_gafas	683561	0	1			0		other	0
490101	39	Key Input	72	695290	11730	1
490101	39	Key Input	8	699370	15809	1
490101	39	Key Input	71	701100	17539	1
490101	39	Key Input	65	702970	19409	1
490101	39	Key Input	70	706250	22689	1
490101	39	Key Input	65	707220	23659	1
490101	39	Key Input	83	708570	25009	1
490101	39	Text Input	GAFAS	713561	30000	0
490101	41	Sound	snd_cereza	717662	0	1			0		other	0
490101	41	Key Input	67	725440	7778	1
490101	41	Key Input	69	726910	9248	1
490101	41	Key Input	82	728270	10608	1
490101	41	Key Input	69	729220	11557	1
490101	41	Key Input	90	732560	14898	1
490101	41	Key Input	65	737220	19558	1
490101	41	Text Input	CEREZA	747662	30000	0
490101	43	Sound	snd_fresa	751834	0	1			0		other	0
490101	43	Key Input	71	763570	11737	1
490101	43	Key Input	8	767321	15487	1
490101	43	Key Input	70	769110	17277	1
490101	43	Key Input	82	770810	18977	1
490101	43	Key Input	69	772150	20317	1
490101	43	Key Input	83	774771	22937	1
490101	43	Key Input	65	775900	24067	1
490101	43	Text Input	FRESA	781834	30000	0
490101	45	Sound	snd_sangre	786005	0	1			0		other	0
490101	45	Key Input	83	794410	8405	1
490101	45	Key Input	65	795640	9636	1
490101	45	Key Input	78	796900	10895	1
490101	45	Key Input	71	799130	13126	1
490101	45	Key Input	82	800110	14106	1
490101	45	Key Input	69	802211	16206	1
490101	45	Text Input	SANGRE	816005	30000	0
490101	47	Sound	snd_paja	820107	0	1			0		other	0
490101	47	Key Input	80	826050	5944	1
490101	47	Key Input	65	827960	7854	1
490101	47	Key Input	74	829360	9254	1
490101	47	Key Input	65	830740	10634	1
490101	47	Text Input	PAJA	850106	30000	0
490101	49	Sound	snd_cresta	854208	0	1			0		other	0
490101	49	Key Input	67	861150	6943	1
490101	49	Key Input	82	862970	8762	1
490101	49	Key Input	69	865320	11112	1
490101	49	Key Input	83	866770	12562	1
490101	49	Key Input	80	868680	14472	1
490101	49	Key Input	65	870510	16302	1
490101	49	Text Input	CRESPA	884208	30000	0
490101	51	Sound	snd_abeja	888310	0	1			0		other	0
490101	51	Key Input	65	897060	8751	1
490101	51	Key Input	66	899940	11630	1
490101	51	Key Input	69	902260	13950	1
490101	51	Key Input	74	903670	15360	1
490101	51	Key Input	65	904920	16610	1
490101	51	Text Input	ABEJA	918310	30000	0
490101	53	Sound	snd_cafetera	922412	0	1			0		other	0
490101	53	Key Input	67	931200	8789	1
490101	53	Key Input	65	932600	10189	1
490101	53	Key Input	71	935910	13498	1
490101	53	Key Input	8	939680	17268	1
490101	53	Key Input	70	941290	18878	1
490101	53	Key Input	69	942330	19918	1
490101	53	Key Input	84	946110	23699	1
490101	53	Key Input	69	947280	24869	1
490101	53	Key Input	82	948620	26209	1
490101	53	Key Input	65	949870	27458	1
490101	53	Text Input	CAFETERA	952411	30000	0
490101	55	Sound	snd_cartera	956513	0	1			0		other	0
490101	55	Key Input	67	967300	10787	1
490101	55	Key Input	65	968370	11857	1
490101	55	Key Input	82	970020	13507	1
490101	55	Key Input	84	972130	15617	1
490101	55	Key Input	69	972850	16337	1
490101	55	Key Input	82	974380	17867	1
490101	55	Key Input	65	976010	19497	1
490101	55	Text Input	CARTERA	986513	30000	0
490101	57	Sound	snd_pimiento	990615	0	1			0		other	0
490101	57	Key Input	80	1000020	9406	1
490101	57	Key Input	73	1002130	11515	1
490101	57	Key Input	77	1004760	14145	1
490101	57	Key Input	73	1006390	15775	1
490101	57	Key Input	69	1007840	17225	1
490101	57	Key Input	78	1008880	18265	1
490101	57	Key Input	84	1010490	19875	1
490101	57	Key Input	79	1011690	21075	1
490101	57	Text Input	PIMIENTO	1020615	30000	0
490101	59	Sound	snd_persiana	1024717	0	1			0		other	0
490101	59	Key Input	80	1031960	7244	1
490101	59	Key Input	69	1033060	8343	1
490101	59	Key Input	82	1034000	9283	1
490101	59	Key Input	83	1035570	10853	1
490101	59	Key Input	73	1037110	12393	1
490101	59	Key Input	65	1039550	14834	1
490101	59	Key Input	78	1041210	16493	1
490101	59	Key Input	65	1042110	17393	1
490101	59	Text Input	PERSIANA	1054717	30000	0
490101	61	Sound	snd_foca	1058818	0	1			0		other	0
490101	61	Key Input	70	1067450	8632	1
490101	61	Key Input	79	1068380	9562	1
490101	61	Key Input	67	1069900	11082	1
490101	61	Key Input	65	1070910	12092	1
490101	61	Text Input	FOCA	1088818	30000	0


Event Type	Code	Type	Response	RT	RT Uncertainty	Time	Uncertainty	Duration	Uncertainty	ReqTime	ReqDur

Sound	snd_cepillo	other				69460	212			0
Sound	snd_pistola	other				103554	1			0
Sound	snd_regadera	other				137656	1			0
Sound	snd_novia	other				171758	1			0
Sound	snd_carpeta	other				205859	1			0
Sound	snd_tortuga	other				239961	1			0
Sound	snd_taza	other				274063	1			0
Sound	snd_labio	other				308234	1			0
Sound	snd_naranja	other				342335	1			0
Sound	snd_pollo	other				376437	1			0
Sound	snd_humo	other				410539	1			0
Sound	snd_huella	other				444641	1			0
Sound	snd_caramelo	other				478742	1			0
Sound	snd_molino	other				512844	1			0
Sound	snd_columpio	other				546946	1			0
Sound	snd_hada	other				581047	1			0
Sound	snd_dinero	other				615219	1			0
Sound	snd_lobo	other				649320	1			0
Sound	snd_gafas	other				683561	1			0
Sound	snd_cereza	other				717662	1			0
Sound	snd_fresa	other				751834	1			0
Sound	snd_sangre	other				786005	1			0
Sound	snd_paja	other				820107	1			0
Sound	snd_cresta	other				854208	1			0
Sound	snd_abeja	other				888310	1			0
Sound	snd_cafetera	other				922412	1			0
Sound	snd_cartera	other				956513	1			0
Sound	snd_pimiento	other				990615	1			0
Sound	snd_persiana	other				1024717	1			0
Sound	snd_foca	other				1058818	1			0
