5.0600 	INFO 	Loaded monitor calibration from ['2020_07_06 18:31']
7.1861 	EXP 	Created window1 = Window(allowGUI=True, allowStencil=False, autoLog=True, backendConf=UNKNOWN, bitsMode=UNKNOWN, blendMode='avg', bpc=(8, 8, 8), color=array([0, 0, 0]), colorSpace='rgb', depthBits=8, fullscr=<method-wrapper '__getattribute__' of attributeSetter object at 0x0000022EFBE72880>, gamma=None, gammaErrorPolicy='raise', lms=UNKNOWN, monitor=<psychopy.monitors.calibTools.Monitor object at 0x0000022EFCDE27C0>, multiSample=False, name='window1', numSamples=2, pos=(228, 72), screen=0, size=array([1080,  720]), stencilBits=0, stereo=False, units='height', useFBO=True, useRetina=False, viewOri=0.0, viewPos=None, viewScale=None, waitBlanking=True, winType='pyglet')
7.1863 	EXP 	window1: mouseVisible = True
7.1864 	EXP 	window1: mouseVisible = True
7.1864 	EXP 	window1: Attempting to measure frame rate of screen (0) ...
7.1865 	EXP 	window1: recordFrameIntervals = False
7.3526 	EXP 	window1: recordFrameIntervals = True
7.5361 	EXP 	Screen (0) actual frame rate measured at 60.02Hz
7.5362 	EXP 	window1: recordFrameIntervals = False
7.5875 	WARNING 	launchHubServer: If using the iohub mouse or eyetracker devices, fullScr should be True.
10.9951 	INFO 	keyboard.Keyboard is using iohub backend.
11.0029 	EXP 	Created stim = Rect(__class__=<class 'psychopy.visual.rect.Rect'>, anchor=('center', 'center'), autoDraw=False, autoLog=True, closeShape=True, color=method-wrapper(...), colorSpace='rgb', contrast=None, depth=-1.0, fillColor=array([1, 1, 1]), fillColorSpace='rgb', fillRGB=array([1, 1, 1]), interpolate=True, lineColor=array([1, 1, 1]), lineColorSpace='rgb', lineRGB=array([1, 1, 1]), lineWidth=1, name='stim', opacity=1.0, ori=0.0, pos=array([0., 0.]), size=array([0.5, 0.5]), units='height', vertices=ndarray(...), win=Window(...))
11.2636 	EXP 	Created inst = TextStim(__class__=<class 'psychopy.visual.text.TextStim'>, alignHoriz=method-wrapper(...), alignText='center', alignVert=method-wrapper(...), anchorHoriz='center', anchorVert='center', antialias=True, autoDraw=False, autoLog=True, bold=False, color=array([-1, -1, -1]), colorSpace='rgb', contrast=1.0, depth=-2.0, flipHoriz=False, flipVert=False, font='Arial', fontFiles=[], height=0.025, italic=False, languageStyle='LTR', name='inst', opacity=1.0, ori=0, pos=array([ 0. , -0.4]), rgb=UNKNOWN, text=str(...), units='height', win=Window(...), wrapWidth=1)
11.2662 	EXP 	Created poslog = TextStim(__class__=<class 'psychopy.visual.text.TextStim'>, alignHoriz=method-wrapper(...), alignText='center', alignVert=method-wrapper(...), anchorHoriz='center', anchorVert='center', antialias=True, autoDraw=False, autoLog=True, bold=False, color=array([-1, -1, -1]), colorSpace='rgb', contrast=1.0, depth=-3.0, flipHoriz=False, flipVert=False, font='Arial', fontFiles=[], height=0.05, italic=False, languageStyle='LTR', name='poslog', opacity=1.0, ori=0, pos=array([0., 0.]), rgb=UNKNOWN, text='', units='height', win=Window(...), wrapWidth=1)
11.3276 	EXP 	stim: autoDraw = True
11.3276 	EXP 	inst: autoDraw = True
11.3276 	EXP 	poslog: autoDraw = True
17.0910 	DATA 	Keypress: escape
17.1176 	EXP 	stim: autoDraw = False
17.1176 	EXP 	inst: autoDraw = False
17.1176 	EXP 	poslog: autoDraw = False
17.1225 	INFO 	saved data to 'D:\\GitHub\\experiment1\\workingwithspatialunits-master\\data/_unitDemo2_2023-06-19_14h21.34.764.csv'
17.1257 	INFO 	saved data to D:\GitHub\experiment1\workingwithspatialunits-master\data/_unitDemo2_2023-06-19_14h21.34.764.psydat
17.3030 	EXP 	window1: mouseVisible = True
17.4702 	DEBUG 	Saving data for unitDemo2 ExperimentHandler
