Scenario - caja.sce
Logfile written - 10/06/2023 10:19:16

Subject	Trial	Event Type	Code	Time	TTime	Uncertainty	Duration	Uncertainty	ReqTime	ReqDur	Stim Type	Pair Index

000201	1	Response	98	39994	29786	1
000201	3	Sound	snd_taza	44416	314	236			0		other	0
000201	3	Key Input	89	64795	20694	1
000201	3	Key Input	90	67195	23093	1
000201	3	Text Input	YZ	74102	30000	0
000201	5	Sound	snd_paja	78412	5	1			0		other	0
000201	5	Key Input	80	87834	9426	1
000201	5	Key Input	65	90235	11827	1
000201	5	Key Input	74	92635	14227	1
000201	5	Key Input	75	92792	14384	3
000201	5	Key Input	65	94875	16467	1
000201	5	Text Input	PAJKA	108408	30000	0
000201	7	Sound	snd_abeja	112515	6	1			0		other	0
000201	7	Key Input	65	121275	8767	1
000201	7	Key Input	78	123515	11007	1
000201	7	Key Input	69	128794	16286	1
000201	7	Key Input	74	134554	22046	1
000201	7	Key Input	65	136315	23807	1
000201	7	Text Input	ANEJA	142508	30000	0
000201	9	Sound	snd_cereza	146686	7	1			0		other	0
000201	9	Key Input	86	156475	9796	1
000201	9	Key Input	69	158075	11395	1
000201	9	Key Input	82	160154	13475	1
000201	9	Key Input	69	162235	15555	1
000201	9	Key Input	88	165595	18915	1
000201	9	Key Input	65	169115	22436	1
000201	9	Text Input	VEREXA	176679	30000	0
000201	11	Sound	snd_regadera	181090	304	1			0		other	0
000201	11	Key Input	84	191995	11209	1
000201	11	Key Input	69	193595	12809	1
000201	11	Key Input	71	195515	14729	1
000201	11	Key Input	65	198075	17289	1
000201	11	Key Input	68	203515	22729	1
000201	11	Key Input	69	205115	24329	1
000201	11	Key Input	82	207035	26249	1
000201	11	Text Input	TEGADER	210786	30000	0
000201	13	Sound	snd_carpeta	214958	2	1			0		other	0
000201	13	Key Input	67	224635	9679	1
000201	13	Key Input	65	225435	10479	1
000201	13	Key Input	65	230235	15279	1
000201	13	Key Input	69	234075	19119	1
000201	13	Key Input	79	236955	21999	1
000201	13	Key Input	87	238715	23759	1
000201	13	Key Input	84	240795	25839	1
000201	13	Key Input	65	241915	26959	1
000201	13	Text Input	CAAEOWTA	244956	30000	0
000201	15	Sound	snd_molino	249130	6	1			0		other	0
000201	15	Key Input	77	258715	9592	1
000201	15	Key Input	79	259995	10872	1
000201	15	Key Input	76	262234	13111	1
000201	15	Key Input	73	265275	16152	1
000201	15	Key Input	78	267195	18071	1
000201	15	Key Input	73	268795	19671	1
000201	15	Text Input	MOLINI	279123	30000	0
000201	17	Sound	snd_tortuga	283301	7	1			0		other	0
000201	17	Key Input	84	291835	8541	1
000201	17	Key Input	79	294075	10780	1
000201	17	Key Input	82	294875	11580	1
000201	17	Key Input	82	296475	13180	1
000201	17	Key Input	84	301275	17980	1
000201	17	Key Input	85	302715	19420	1
000201	17	Key Input	71	304795	21500	1
000201	17	Key Input	65	305595	22301	1
000201	17	Text Input	TORRTUGA	313294	30000	0
000201	19	Sound	snd_gafas	317472	6	1			0		other	0
000201	19	Key Input	70	326235	8768	1
000201	19	Key Input	65	328315	10848	1
000201	19	Key Input	68	331515	14048	1
000201	19	Key Input	65	332954	15487	1
000201	19	Key Input	83	335355	17888	1
000201	19	Text Input	FADAS	347467	30000	0
000201	21	Sound	snd_hada	351711	6	1			0		other	0
000201	21	Key Input	65	369115	17410	1
000201	21	Key Input	66	374395	22689	1
000201	21	Key Input	65	375515	23809	1
000201	21	Text Input	ABA	381705	30000	0
000201	23	Sound	snd_foca	385885	8	1			0		other	0
000201	23	Key Input	70	398235	12358	1
000201	23	Key Input	79	399355	13478	1
000201	23	Key Input	67	402074	16197	1
000201	23	Key Input	65	402715	16837	1
000201	23	Text Input	FOCA	415877	30000	0
000201	25	Sound	snd_novia	420054	5	1			0		other	0
000201	25	Key Input	78	429435	9386	1
000201	25	Key Input	79	431035	10985	1
000201	25	Key Input	86	432794	12745	1
000201	25	Key Input	73	435194	15145	1
000201	25	Key Input	83	440315	20265	1
000201	25	Text Input	NOVIS	450049	30000	0
000201	27	Sound	snd_humo	454457	302	1			0		other	0
000201	27	Key Input	72	462715	8560	1
000201	27	Key Input	73	466234	12080	1
000201	27	Key Input	85	466394	12240	1
000201	27	Key Input	77	473594	19440	1
000201	27	Key Input	79	476155	22000	1
000201	27	Text Input	HIUMO	484155	30000	0
000201	29	Sound	snd_pimiento	488327	6	1			0		other	0
000201	29	Key Input	80	498075	9754	1
000201	29	Key Input	73	500315	11994	1
000201	29	Key Input	77	505275	16954	1
000201	29	Key Input	73	506395	18074	1
000201	29	Key Input	82	507516	19195	1
000201	29	Key Input	78	508635	20314	1
000201	29	Key Input	84	509594	21274	1
000201	29	Key Input	79	510234	21913	1
000201	29	Text Input	PIMIRNTO	518321	30000	0
000201	31	Sound	snd_sangre	522499	7	1			0		other	0
000201	31	Key Input	83	530555	8063	1
000201	31	Key Input	65	532154	9662	1
000201	31	Key Input	78	533595	11102	1
000201	31	Key Input	71	535834	13342	1
000201	31	Key Input	82	540634	18142	1
000201	31	Key Input	69	542234	19742	1
000201	31	Text Input	SANGRE	552492	30000	0
000201	33	Sound	snd_columpio	556669	6	1			0		other	0
000201	33	Key Input	67	565915	9251	1
000201	33	Key Input	79	566715	10051	1
000201	33	Key Input	76	568794	12131	1
000201	33	Key Input	85	571514	14851	1
000201	33	Key Input	77	573755	17091	1
000201	33	Key Input	80	575834	19171	1
000201	33	Key Input	73	579195	22531	1
000201	33	Key Input	79	582234	25571	1
000201	33	Text Input	COLUMPIO	586663	30000	0
000201	35	Sound	snd_cepillo	591074	304	1			0		other	0
000201	35	Key Input	67	602555	11785	1
000201	35	Key Input	69	605114	14345	1
000201	35	Key Input	80	609755	18985	1
000201	35	Key Input	73	613594	22824	1
000201	35	Key Input	76	616474	25704	1
000201	35	Key Input	76	617914	27144	1
000201	35	Key Input	79	619674	28905	1
000201	35	Text Input	CEPILLO	620770	30000	0
000201	37	Sound	snd_labio	625174	302	1			0		other	0
000201	37	Key Input	76	637915	13044	1
000201	37	Key Input	65	640154	15283	1
000201	37	Key Input	66	641434	16563	1
000201	37	Key Input	73	643994	19123	1
000201	37	Key Input	79	645594	20723	1
000201	37	Text Input	LABIO	654872	30000	0
000201	39	Sound	snd_caramelo	659044	7	1			0		other	0
000201	39	Key Input	88	673115	14077	1
000201	39	Key Input	65	677275	18237	1
000201	39	Key Input	82	679515	20477	1
000201	39	Key Input	65	681114	22077	1
000201	39	Key Input	77	683034	23997	1
000201	39	Key Input	69	683834	24797	1
000201	39	Key Input	75	685275	26237	1
000201	39	Key Input	79	686714	27677	1
000201	39	Key Input	73	686874	27836	1
000201	39	Text Input	XARAMEKOI	689038	30000	0
000201	41	Sound	snd_cresta	693214	4	1			0		other	0
000201	41	Key Input	67	700635	7425	1
000201	41	Key Input	82	702554	9344	1
000201	41	Key Input	69	704474	11264	1
000201	41	Key Input	83	707675	14465	1
000201	41	Key Input	84	710394	17184	1
000201	41	Key Input	65	711034	17824	1
000201	41	Text Input	CRESTA	723210	30000	0
000201	43	Sound	snd_pollo	727386	6	1			0		other	0
000201	43	Key Input	80	735195	7815	1
000201	43	Key Input	79	737434	10054	1
000201	43	Key Input	79	739194	11814	1
000201	43	Key Input	76	743194	15814	1
000201	43	Key Input	76	744154	16774	1
000201	43	Key Input	79	746234	18854	1
000201	43	Text Input	POOLLO	757380	30000	0
000201	45	Sound	snd_huella	761489	8	1			0		other	0
000201	45	Key Input	72	770715	9233	1
000201	45	Key Input	85	771834	10353	1
000201	45	Key Input	69	773114	11633	1
000201	45	Key Input	76	774874	13393	1
000201	45	Key Input	76	775994	14513	1
000201	45	Key Input	65	777114	15633	1
000201	45	Text Input	HUELLA	791482	30000	0
000201	47	Sound	snd_fresa	795659	6	1			0		other	0
000201	47	Key Input	70	805435	9782	1
000201	47	Key Input	82	808154	12502	1
000201	47	Key Input	69	810714	15062	1
000201	47	Key Input	83	813274	17622	1
000201	47	Key Input	65	815194	19542	1
000201	47	Text Input	FRESA	825653	30000	0
000201	49	Sound	snd_dinero	829832	8	1			0		other	0
000201	49	Key Input	68	839034	9210	1
000201	49	Key Input	73	839514	9690	1
000201	49	Key Input	78	841594	11770	1
000201	49	Key Input	69	842234	12410	1
000201	49	Key Input	82	844314	14490	1
000201	49	Key Input	79	845434	15610	1
000201	49	Text Input	DINERO	859824	30000	0
000201	51	Sound	snd_lobo	864070	2	1			0		other	0
000201	51	Key Input	76	872955	8886	1
000201	51	Key Input	79	875193	11125	1
000201	51	Key Input	78	879355	15286	1
000201	51	Key Input	79	885594	21526	1
000201	51	Text Input	LONO	894068	30000	0
000201	53	Sound	snd_cafetera	898243	8	1			0		other	0
000201	53	Key Input	67	906874	8639	1
000201	53	Key Input	65	907834	9598	1
000201	53	Key Input	70	909914	11679	1
000201	53	Key Input	69	911515	13280	1
000201	53	Key Input	84	912954	14719	1
000201	53	Key Input	69	914233	15998	1
000201	53	Key Input	82	915354	17119	1
000201	53	Key Input	65	916954	18719	1
000201	53	Text Input	CAFETERA	928236	30000	0
000201	55	Sound	snd_naranja	932414	7	1			0		other	0
000201	55	Key Input	78	941594	9188	1
000201	55	Key Input	65	943513	11107	1
000201	55	Key Input	82	944474	12067	1
000201	55	Key Input	65	946233	13827	1
000201	55	Key Input	78	947033	14627	1
000201	55	Key Input	74	948954	16547	1
000201	55	Key Input	65	950075	17668	1
000201	55	Text Input	NARANJA	962407	30000	0
000201	57	Sound	snd_pistola	966584	6	1			0		other	0
000201	57	Key Input	80	975514	8937	1
000201	57	Key Input	85	978233	11656	1
000201	57	Key Input	73	978233	11656	1
000201	57	Key Input	83	982394	15816	1
000201	57	Key Input	84	986074	19497	1
000201	57	Key Input	73	990394	23816	1
000201	57	Key Input	75	992634	26056	1
000201	57	Key Input	65	993915	27337	1
000201	57	Text Input	PUISTIKA	996578	30000	0
000201	59	Sound	snd_persiana	1000756	7	1			0		other	0
000201	59	Key Input	79	1011834	11085	1
000201	59	Key Input	69	1013754	13005	1
000201	59	Key Input	82	1020314	19565	1
000201	59	Key Input	83	1023834	23085	1
000201	59	Key Input	73	1024794	24045	1
000201	59	Key Input	65	1027034	26285	1
000201	59	Key Input	78	1027674	26925	1
000201	59	Key Input	65	1029114	28365	1
000201	59	Text Input	OERSIANA	1030749	30000	0
000201	61	Sound	snd_cartera	1034926	7	1			0		other	0
000201	61	Key Input	67	1042394	7474	1
000201	61	Key Input	65	1043354	8434	1
000201	61	Key Input	82	1050554	15634	1
000201	61	Key Input	84	1052154	17234	1
000201	61	Key Input	69	1052954	18034	1
000201	61	Key Input	82	1054554	19634	1
000201	61	Key Input	65	1055514	20594	1
000201	61	Text Input	CARTERA	1064920	30000	0

Visual picture detection failed over to using scan line information only at the following times:
type	time	timeout	presentation
fail	4000.37	34.725	2
restore	4404.26	0	3
fail	4410.15	34.725	3
restore	4512.64	0	4
fail	6486.8	34.725	5
restore	6719.92	0	6
fail	9028.8	34.725	11
restore	9263.83	0	12
fail	10841.5	34.725	15
restore	11245.3	0	16


Event Type	Code	Type	Response	RT	RT Uncertainty	Time	Uncertainty	Duration	Uncertainty	ReqTime	ReqDur

Sound	snd_taza	other				44416	236			0
Sound	snd_paja	other				78412	1			0
Sound	snd_abeja	other				112515	1			0
Sound	snd_cereza	other				146686	1			0
Sound	snd_regadera	other				181090	1			0
Sound	snd_carpeta	other				214958	1			0
Sound	snd_molino	other				249130	1			0
Sound	snd_tortuga	other				283301	1			0
Sound	snd_gafas	other				317472	1			0
Sound	snd_hada	other				351711	1			0
Sound	snd_foca	other				385885	1			0
Sound	snd_novia	other				420054	1			0
Sound	snd_humo	other				454457	1			0
Sound	snd_pimiento	other				488327	1			0
Sound	snd_sangre	other				522499	1			0
Sound	snd_columpio	other				556669	1			0
Sound	snd_cepillo	other				591074	1			0
Sound	snd_labio	other				625174	1			0
Sound	snd_caramelo	other				659044	1			0
Sound	snd_cresta	other				693214	1			0
Sound	snd_pollo	other				727386	1			0
Sound	snd_huella	other				761489	1			0
Sound	snd_fresa	other				795659	1			0
Sound	snd_dinero	other				829832	1			0
Sound	snd_lobo	other				864070	1			0
Sound	snd_cafetera	other				898243	1			0
Sound	snd_naranja	other				932414	1			0
Sound	snd_pistola	other				966584	1			0
Sound	snd_persiana	other				1000756	1			0
Sound	snd_cartera	other				1034926	1			0
