3.6669 	EXP 	Created window1 = Window(allowGUI=True, allowStencil=False, autoLog=True, backendConf=UNKNOWN, bitsMode=UNKNOWN, blendMode='avg', bpc=(8, 8, 8), color=array([0, 0, 0]), colorSpace='rgb', depthBits=8, fullscr=<method-wrapper '__getattribute__' of attributeSetter object at 0x00000170B8DD8F70>, gamma=None, gammaErrorPolicy='raise', lms=UNKNOWN, monitor=<psychopy.monitors.calibTools.Monitor object at 0x00000170BF255100>, multiSample=False, name='window1', numSamples=2, pos=(0, 0), screen=0, size=array([1920, 1080]), stencilBits=0, stereo=False, units='height', useFBO=True, useRetina=False, viewOri=0.0, viewPos=None, viewScale=None, waitBlanking=True, winType='pyglet')
3.6670 	EXP 	window1: mouseVisible = True
3.6670 	EXP 	window1: mouseVisible = False
3.6670 	EXP 	window1: Attempting to measure frame rate of screen (0) ...
3.6670 	EXP 	window1: recordFrameIntervals = False
3.7362 	EXP 	window1: recordFrameIntervals = True
3.8126 	EXP 	Screen (0) actual frame rate measured at 143.93Hz
3.8126 	EXP 	window1: recordFrameIntervals = False
5.0593 	EXP 	Created fixationITI = ShapeStim(__class__=<class 'psychopy.visual.shape.ShapeStim'>, anchor=('center', 'center'), autoDraw=False, autoLog=True, closeShape=True, color=method-wrapper(...), colorSpace='rgb', contrast=None, depth=0.0, fillColor=array([1, 1, 1]), fillColorSpace='rgb', fillRGB=array([1, 1, 1]), interpolate=True, lineColor=array([1, 1, 1]), lineColorSpace='rgb', lineRGB=array([1, 1, 1]), lineWidth=1.0, name='fixationITI', opacity=1.0, ori=0.0, pos=array([0., 0.]), size=array([0.1, 0.1]), units='height', vertices=ndarray(...), win=Window(...), windingRule=None)
5.0598 	EXP 	Created polygonCol = Rect(__class__=<class 'psychopy.visual.rect.Rect'>, anchor=('center', 'center'), autoDraw=False, autoLog=True, closeShape=True, color=method-wrapper(...), colorSpace='rgb', contrast=None, depth=0.0, fillColor=array([1, 1, 1]), fillColorSpace='rgb', fillRGB=array([1, 1, 1]), interpolate=True, lineColor=array([1, 1, 1]), lineColorSpace='rgb', lineRGB=array([1, 1, 1]), lineWidth=1.0, name='polygonCol', opacity=1.0, ori=0.0, pos=array([0., 0.]), size=array([0.55, 0.55]), units='height', vertices=ndarray(...), win=Window(...))
5.0603 	EXP 	Created polygonWh = Rect(__class__=<class 'psychopy.visual.rect.Rect'>, anchor=('center', 'center'), autoDraw=False, autoLog=True, closeShape=True, color=method-wrapper(...), colorSpace='rgb', contrast=None, depth=-1.0, fillColor=array([1, 1, 1]), fillColorSpace='rgb', fillRGB=array([1, 1, 1]), interpolate=True, lineColor=array([1, 1, 1]), lineColorSpace='rgb', lineRGB=array([1, 1, 1]), lineWidth=1.0, name='polygonWh', opacity=1.0, ori=0.0, pos=array([0., 0.]), size=array([0.5, 0.5]), units='height', vertices=ndarray(...), win=Window(...))
5.0709 	EXP 	Created textCue = TextStim(__class__=<class 'psychopy.visual.text.TextStim'>, alignHoriz=method-wrapper(...), alignText='center', alignVert=method-wrapper(...), anchorHoriz='center', anchorVert='center', antialias=True, autoDraw=False, autoLog=True, bold=False, color=array([1, 1, 1]), colorSpace='rgb', contrast=1.0, depth=-2.0, flipHoriz=False, flipVert=False, font='Open Sans', fontFiles=[], height=0.05, italic=False, languageStyle='LTR', name='textCue', opacity=1.0, ori=0.0, pos=array([0.  , 0.35]), rgb=UNKNOWN, text='', units='height', win=Window(...), wrapWidth=1)
5.0776 	EXP 	Created imagePractice = ImageStim(__class__=<class 'psychopy.visual.image.ImageStim'>, anchor=('center', 'center'), autoLog=True, color=array([1, 1, 1]), colorSpace='rgb', contrast=1.0, depth=-3.0, flipHoriz=False, flipVert=False, image='sin', interpolate=True, mask=None, maskParams=None, name='imagePractice', opacity=1.0, ori=0.0, pos=array([0., 0.]), size=array([0.5, 0.5]), texRes=128.0, units='height', win=Window(...))
5.0781 	EXP 	Created polygonText = Rect(__class__=<class 'psychopy.visual.rect.Rect'>, anchor=('center', 'center'), autoDraw=False, autoLog=True, closeShape=True, color=method-wrapper(...), colorSpace='rgb', contrast=None, depth=-4.0, fillColor=array([0.9216, 0.9216, 0.9216]), fillColorSpace='rgb', fillRGB=array([0.9216, 0.9216, 0.9216]), interpolate=True, lineColor=array([0.9216, 0.9216, 0.9216]), lineColorSpace='rgb', lineRGB=array([0.9216, 0.9216, 0.9216]), lineWidth=1.0, name='polygonText', opacity=1.0, ori=0.0, pos=array([0., 0.]), size=array([0.2, 0.1]), units='height', vertices=ndarray(...), win=Window(...))
5.0784 	EXP 	Created textPractice = TextStim(__class__=<class 'psychopy.visual.text.TextStim'>, alignHoriz=method-wrapper(...), alignText='center', alignVert=method-wrapper(...), anchorHoriz='center', anchorVert='center', antialias=True, autoDraw=False, autoLog=True, bold=False, color=array([-1., -1., -1.]), colorSpace='rgb', contrast=1.0, depth=-5.0, flipHoriz=False, flipVert=False, font='Open Sans', fontFiles=[], height=0.05, italic=False, languageStyle='LTR', name='textPractice', opacity=1.0, ori=0.0, pos=array([0., 0.]), rgb=UNKNOWN, text='', units='height', win=Window(...), wrapWidth=1)
5.1646 	EXP 	Created textBlankLoop = TextStim(__class__=<class 'psychopy.visual.text.TextStim'>, alignHoriz=method-wrapper(...), alignText='center', alignVert=method-wrapper(...), anchorHoriz='center', anchorVert='center', antialias=True, autoDraw=False, autoLog=True, bold=False, color=array([1, 1, 1]), colorSpace='rgb', contrast=1.0, depth=0.0, flipHoriz=False, flipVert=False, font='Open Sans', fontFiles=[], height=0.05, italic=False, languageStyle='LTR', name='textBlankLoop', opacity=1.0, ori=0.0, pos=array([0., 0.]), rgb=UNKNOWN, text='', units='height', win=Window(...), wrapWidth=1)
5.1975 	EXP 	textboxInstr1: autoLog = True
5.1975 	EXP 	textboxInstr1_2: autoLog = True
5.1975 	EXP 	textboxInstr1_3: autoLog = True
5.1975 	EXP 	textboxInstr1_4: autoLog = True
5.1975 	EXP 	textboxInstr1_5: autoLog = True
5.1975 	EXP 	textboxInstr1_6: autoLog = True
5.1975 	EXP 	textboxInstr1_7: autoLog = True
5.1975 	EXP 	textboxInstr1_8: autoLog = True
5.1975 	EXP 	textboxInstr1_9: autoLog = True
5.1975 	EXP 	textboxInstr1_10: autoLog = True
5.1975 	EXP 	textboxInstr2: autoLog = True
5.1975 	EXP 	textboxInstr3: autoLog = True
5.1975 	EXP 	textboxInstrPractice: autoLog = True
5.1975 	EXP 	textboxInstrPractice_2: autoLog = True
5.1975 	EXP 	textboxInstrPractice_3: autoLog = True
5.1975 	EXP 	textboxInstrPractice_4: autoLog = True
5.1975 	EXP 	textboxInstrPractice_5: autoLog = True
5.1975 	EXP 	textboxInstrPractice_6: autoLog = True
5.1975 	EXP 	textboxInstrPractice_7: autoLog = True
5.1975 	EXP 	textboxInstrPractice_8: autoLog = True
5.1975 	EXP 	textboxInstrPractice_9: autoLog = True
5.1975 	EXP 	textboxInstrPractice_10: autoLog = True
5.1975 	EXP 	textboxInstrPractice_11: autoLog = True
5.1975 	EXP 	textboxInstrPractice_12: autoLog = True
5.1975 	EXP 	textboxInstrPractice_13: autoLog = True
5.1975 	EXP 	textboxInstrPractice_14: autoLog = True
5.1975 	EXP 	textboxInstrPractice_15: autoLog = True
5.1975 	EXP 	textboxInstrPractice_16: autoLog = True
5.1975 	EXP 	textboxInstrPractice_17: autoLog = True
5.1975 	EXP 	textboxEndPracrice: autoLog = True
5.1975 	EXP 	textboxInstr1: autoDraw = True
5.1975 	EXP 	textboxInstr1_2: autoDraw = True
5.1975 	EXP 	textboxInstr1_3: autoDraw = True
5.1975 	EXP 	textboxInstr1_4: autoDraw = True
5.1975 	EXP 	textboxInstr1_5: autoDraw = True
5.1975 	EXP 	textboxInstr1_6: autoDraw = True
5.1975 	EXP 	textboxInstr1_7: autoDraw = True
5.1975 	EXP 	textboxInstr1_8: autoDraw = True
5.1975 	EXP 	textboxInstr1_9: autoDraw = True
5.1975 	EXP 	textboxInstr1_10: autoDraw = True
6.8108 	DATA 	Keypress: space
6.8214 	EXP 	textboxInstr1: autoDraw = False
6.8214 	EXP 	textboxInstr1_2: autoDraw = False
6.8214 	EXP 	textboxInstr1_3: autoDraw = False
6.8214 	EXP 	textboxInstr1_4: autoDraw = False
6.8214 	EXP 	textboxInstr1_5: autoDraw = False
6.8214 	EXP 	textboxInstr1_6: autoDraw = False
6.8214 	EXP 	textboxInstr1_7: autoDraw = False
6.8214 	EXP 	textboxInstr1_8: autoDraw = False
6.8214 	EXP 	textboxInstr1_9: autoDraw = False
6.8214 	EXP 	textboxInstr1_10: autoDraw = False
6.8214 	EXP 	textboxInstr2: autoDraw = True
7.2606 	DATA 	Keypress: space
7.2657 	EXP 	textboxInstr2: autoDraw = False
7.2657 	EXP 	textboxInstr3: autoDraw = True
7.7043 	DATA 	Keypress: space
7.7381 	EXP 	textboxInstr3: autoDraw = False
7.7381 	EXP 	textboxInstrPractice: autoDraw = True
7.7381 	EXP 	textboxInstrPractice_2: autoDraw = True
7.7381 	EXP 	textboxInstrPractice_3: autoDraw = True
7.7381 	EXP 	textboxInstrPractice_4: autoDraw = True
7.7381 	EXP 	textboxInstrPractice_5: autoDraw = True
7.7381 	EXP 	textboxInstrPractice_6: autoDraw = True
7.7381 	EXP 	textboxInstrPractice_7: autoDraw = True
7.7381 	EXP 	textboxInstrPractice_8: autoDraw = True
7.7381 	EXP 	textboxInstrPractice_9: autoDraw = True
7.7381 	EXP 	textboxInstrPractice_10: autoDraw = True
7.7381 	EXP 	textboxInstrPractice_11: autoDraw = True
7.7381 	EXP 	textboxInstrPractice_12: autoDraw = True
7.7381 	EXP 	textboxInstrPractice_13: autoDraw = True
7.7381 	EXP 	textboxInstrPractice_14: autoDraw = True
7.7381 	EXP 	textboxInstrPractice_15: autoDraw = True
7.7381 	EXP 	textboxInstrPractice_16: autoDraw = True
7.7381 	EXP 	textboxInstrPractice_17: autoDraw = True
8.1475 	EXP 	Imported repswitch_practice1_version1.xlsx as conditions, 12 conditions, 4 params
8.1478 	EXP 	Created sequence: sequential, trialTypes=12, nReps=1, seed=None
8.1479 	EXP 	New trial (rep=0, index=0): {'image': 'REPSWITCH1_Practice/PICTURE_612.png', 'correctAns': 'rana', 'respModal': 'TECLEA', 'frameColor': 'darkblue'}
8.1486 	DATA 	Keypress: space
8.1548 	EXP 	textboxInstrPractice: autoDraw = False
8.1548 	EXP 	textboxInstrPractice_2: autoDraw = False
8.1548 	EXP 	textboxInstrPractice_3: autoDraw = False
8.1548 	EXP 	textboxInstrPractice_4: autoDraw = False
8.1548 	EXP 	textboxInstrPractice_5: autoDraw = False
8.1548 	EXP 	textboxInstrPractice_6: autoDraw = False
8.1548 	EXP 	textboxInstrPractice_7: autoDraw = False
8.1548 	EXP 	textboxInstrPractice_8: autoDraw = False
8.1548 	EXP 	textboxInstrPractice_9: autoDraw = False
8.1548 	EXP 	textboxInstrPractice_10: autoDraw = False
8.1548 	EXP 	textboxInstrPractice_11: autoDraw = False
8.1548 	EXP 	textboxInstrPractice_12: autoDraw = False
8.1548 	EXP 	textboxInstrPractice_13: autoDraw = False
8.1548 	EXP 	textboxInstrPractice_14: autoDraw = False
8.1548 	EXP 	textboxInstrPractice_15: autoDraw = False
8.1548 	EXP 	textboxInstrPractice_16: autoDraw = False
8.1548 	EXP 	textboxInstrPractice_17: autoDraw = False
8.1548 	EXP 	fixationITI: autoDraw = True
9.2108 	EXP 	fixationITI: autoDraw = False
9.2108 	EXP 	fixationITI: autoDraw = False
9.2108 	EXP 	polygonCol: fillColor = <psychopy.colors.Color: darkblue, alpha=1.0>
9.2108 	EXP 	polygonCol: borderColor = <psychopy.colors.Color: darkblue, alpha=1.0>
9.2108 	EXP 	textCue: foreColor = <psychopy.colors.Color: darkblue, alpha=1.0>
9.2108 	EXP 	imagePractice: image = 'REPSWITCH1_Practice/PICTURE_612.png'
9.2108 	EXP 	polygonCol: autoDraw = True
9.2108 	EXP 	polygonWh: autoDraw = True
9.2108 	EXP 	textCue: autoDraw = True
9.2108 	EXP 	imagePractice: autoDraw = True
9.2108 	EXP 	polygonText: autoDraw = True
9.2108 	EXP 	textPractice: autoDraw = True
9.2108 	EXP 	textPractice: height = 0.05
9.2108 	EXP 	textPractice: height = 0.05
9.2108 	EXP 	textPractice: height = 0.05
9.2108 	EXP 	textPractice: text = ''
12.2247 	EXP 	polygonCol: autoDraw = False
12.2247 	EXP 	polygonWh: autoDraw = False
12.2247 	EXP 	textCue: autoDraw = False
12.2247 	EXP 	imagePractice: autoDraw = False
12.2247 	EXP 	polygonText: autoDraw = False
12.2247 	EXP 	textPractice: autoDraw = False
12.2247 	EXP 	textBlankLoop: autoDraw = True
12.7179 	EXP 	New trial (rep=0, index=1): {'image': 'REPSWITCH1_Practice/PICTURE_599.png', 'correctAns': 'nube', 'respModal': 'HABLA', 'frameColor': 'gold'}
12.7247 	EXP 	textBlankLoop: autoDraw = False
12.7247 	EXP 	fixationITI: autoDraw = True
13.8291 	EXP 	fixationITI: autoDraw = False
13.8291 	EXP 	fixationITI: autoDraw = False
13.8291 	EXP 	polygonCol: fillColor = <psychopy.colors.Color: gold, alpha=1.0>
13.8291 	EXP 	polygonCol: borderColor = <psychopy.colors.Color: gold, alpha=1.0>
13.8291 	EXP 	textCue: foreColor = <psychopy.colors.Color: gold, alpha=1.0>
13.8291 	EXP 	imagePractice: image = 'REPSWITCH1_Practice/PICTURE_599.png'
13.8291 	EXP 	polygonCol: autoDraw = True
13.8291 	EXP 	polygonWh: autoDraw = True
13.8291 	EXP 	textCue: autoDraw = True
13.8291 	EXP 	imagePractice: autoDraw = True
13.8291 	EXP 	polygonText: autoDraw = True
13.8291 	EXP 	textPractice: autoDraw = True
16.8496 	EXP 	polygonCol: autoDraw = False
16.8496 	EXP 	polygonWh: autoDraw = False
16.8496 	EXP 	textCue: autoDraw = False
16.8496 	EXP 	imagePractice: autoDraw = False
16.8496 	EXP 	polygonText: autoDraw = False
16.8496 	EXP 	textPractice: autoDraw = False
16.8496 	EXP 	textBlankLoop: autoDraw = True
17.3437 	EXP 	New trial (rep=0, index=2): {'image': 'REPSWITCH1_Practice/PICTURE_570.png', 'correctAns': 'toro', 'respModal': 'TECLEA', 'frameColor': 'darkblue'}
17.3504 	EXP 	textBlankLoop: autoDraw = False
17.3504 	EXP 	textBlankLoop: autoDraw = False
17.3504 	EXP 	fixationITI: autoDraw = True
18.4824 	EXP 	fixationITI: autoDraw = False
18.4824 	EXP 	fixationITI: autoDraw = False
18.4824 	EXP 	polygonCol: fillColor = <psychopy.colors.Color: darkblue, alpha=1.0>
18.4824 	EXP 	polygonCol: borderColor = <psychopy.colors.Color: darkblue, alpha=1.0>
18.4824 	EXP 	textCue: foreColor = <psychopy.colors.Color: darkblue, alpha=1.0>
18.4824 	EXP 	imagePractice: image = 'REPSWITCH1_Practice/PICTURE_570.png'
18.4824 	EXP 	polygonCol: autoDraw = True
18.4824 	EXP 	polygonWh: autoDraw = True
18.4824 	EXP 	textCue: autoDraw = True
18.4824 	EXP 	imagePractice: autoDraw = True
18.4824 	EXP 	polygonText: autoDraw = True
18.4824 	EXP 	textPractice: autoDraw = True
21.5035 	EXP 	polygonCol: autoDraw = False
21.5035 	EXP 	polygonWh: autoDraw = False
21.5035 	EXP 	textCue: autoDraw = False
21.5035 	EXP 	imagePractice: autoDraw = False
21.5035 	EXP 	polygonText: autoDraw = False
21.5035 	EXP 	textPractice: autoDraw = False
21.5035 	EXP 	textBlankLoop: autoDraw = True
21.9971 	EXP 	New trial (rep=0, index=3): {'image': 'REPSWITCH1_Practice/PICTURE_570.png', 'correctAns': 'toro', 'respModal': 'TECLEA', 'frameColor': 'darkblue'}
22.0038 	EXP 	textBlankLoop: autoDraw = False
22.0038 	EXP 	textBlankLoop: autoDraw = False
22.0038 	EXP 	fixationITI: autoDraw = True
22.2682 	DATA 	Keypress: escape
22.8763 	EXP 	window1: mouseVisible = True
