17.6535 	EXP 	Created window1 = Window(allowGUI=True, allowStencil=False, autoLog=True, backendConf=UNKNOWN, bitsMode=UNKNOWN, blendMode='avg', bpc=(8, 8, 8), color=array([0, 0, 0]), colorSpace='rgb', depthBits=8, fullscr=<method-wrapper '__getattribute__' of attributeSetter object at 0x000001D48A18A850>, gamma=None, gammaErrorPolicy='raise', lms=UNKNOWN, monitor=<psychopy.monitors.calibTools.Monitor object at 0x000001D48C1103A0>, multiSample=False, name='window1', numSamples=2, pos=(0, 0), screen=0, size=array([1920, 1080]), stencilBits=0, stereo=False, units='height', useFBO=True, useRetina=False, viewOri=0.0, viewPos=None, viewScale=None, waitBlanking=True, winType='pyglet')
17.6536 	EXP 	window1: mouseVisible = True
17.6536 	EXP 	window1: mouseVisible = False
17.6537 	EXP 	window1: Attempting to measure frame rate of screen (0) ...
17.6537 	EXP 	window1: recordFrameIntervals = False
17.8186 	EXP 	window1: recordFrameIntervals = True
18.0021 	EXP 	Screen (0) actual frame rate measured at 60.00Hz
18.0021 	EXP 	window1: recordFrameIntervals = False
21.0822 	EXP 	Created textWelcomeFam = TextStim(__class__=<class 'psychopy.visual.text.TextStim'>, alignHoriz=method-wrapper(...), alignText='center', alignVert=method-wrapper(...), anchorHoriz='center', anchorVert='center', antialias=True, autoDraw=False, autoLog=True, bold=False, color=array([1, 1, 1]), colorSpace='rgb', contrast=1.0, depth=0.0, flipHoriz=False, flipVert=False, font='Open Sans', fontFiles=[], height=0.05, italic=False, languageStyle='LTR', name='textWelcomeFam', opacity=1.0, ori=0.0, pos=array([0., 0.]), rgb=UNKNOWN, text='Bienvenido/a al experimento!', units='height', win=Window(...), wrapWidth=1)
21.2665 	EXP 	Created fixationITI = ShapeStim(__class__=<class 'psychopy.visual.shape.ShapeStim'>, anchor=('center', 'center'), autoDraw=False, autoLog=True, closeShape=True, color=method-wrapper(...), colorSpace='rgb', contrast=None, depth=0.0, fillColor=array([1, 1, 1]), fillColorSpace='rgb', fillRGB=array([1, 1, 1]), interpolate=True, lineColor=array([1, 1, 1]), lineColorSpace='rgb', lineRGB=array([1, 1, 1]), lineWidth=1.0, name='fixationITI', opacity=1.0, ori=0.0, pos=array([0., 0.]), size=array([0.1, 0.1]), units='height', vertices=ndarray(...), win=Window(...), windingRule=None)
21.2682 	EXP 	Created polygonWhiteFam = Rect(__class__=<class 'psychopy.visual.rect.Rect'>, anchor=('center', 'center'), autoDraw=False, autoLog=True, closeShape=True, color=method-wrapper(...), colorSpace='rgb', contrast=None, depth=0.0, fillColor=array([1, 1, 1]), fillColorSpace='rgb', fillRGB=array([1, 1, 1]), interpolate=True, lineColor=array([1, 1, 1]), lineColorSpace='rgb', lineRGB=array([1, 1, 1]), lineWidth=1.0, name='polygonWhiteFam', opacity=1.0, ori=0.0, pos=array([0., 0.]), size=array([0.5, 0.5]), units='height', vertices=ndarray(...), win=Window(...))
21.3154 	EXP 	Created imageFam = ImageStim(__class__=<class 'psychopy.visual.image.ImageStim'>, anchor=('center', 'center'), autoLog=True, color=array([1, 1, 1]), colorSpace='rgb', contrast=1.0, depth=-1.0, flipHoriz=False, flipVert=False, image='sin', interpolate=True, mask=None, maskParams=None, name='imageFam', opacity=1.0, ori=0.0, pos=array([0., 0.]), size=array([0.5, 0.5]), texRes=128.0, units='height', win=Window(...))
21.3166 	EXP 	Created textFam = TextStim(__class__=<class 'psychopy.visual.text.TextStim'>, alignHoriz=method-wrapper(...), alignText='center', alignVert=method-wrapper(...), anchorHoriz='center', anchorVert='center', antialias=True, autoDraw=False, autoLog=True, bold=False, color=array([1, 1, 1]), colorSpace='rgb', contrast=1.0, depth=-2.0, flipHoriz=False, flipVert=False, font='Open Sans', fontFiles=[], height=0.05, italic=False, languageStyle='LTR', name='textFam', opacity=1.0, ori=0.0, pos=array([ 0. , -0.3]), rgb=UNKNOWN, text='', units='height', win=Window(...), wrapWidth=1)
22.6105 	EXP 	Created textBlankLoop = TextStim(__class__=<class 'psychopy.visual.text.TextStim'>, alignHoriz=method-wrapper(...), alignText='center', alignVert=method-wrapper(...), anchorHoriz='center', anchorVert='center', antialias=True, autoDraw=False, autoLog=True, bold=False, color=array([1, 1, 1]), colorSpace='rgb', contrast=1.0, depth=0.0, flipHoriz=False, flipVert=False, font='Open Sans', fontFiles=[], height=0.05, italic=False, languageStyle='LTR', name='textBlankLoop', opacity=1.0, ori=0.0, pos=array([0., 0.]), rgb=UNKNOWN, text='', units='height', win=Window(...), wrapWidth=1)
22.6634 	EXP 	textboxInstrFam: autoLog = True
22.6634 	EXP 	textboxEndFam: autoLog = True
22.6634 	EXP 	textWelcomeFam: autoDraw = True
24.6669 	EXP 	textWelcomeFam: autoDraw = False
24.6669 	EXP 	textboxInstrFam: autoDraw = True
26.9697 	DATA 	Keypress: space
26.9972 	EXP 	Imported repswitch_fam.xlsx as conditions, 45 conditions, 2 params
27.0987 	EXP 	Created sequence: random, trialTypes=45, nReps=1, seed=None
27.0990 	EXP 	New trial (rep=0, index=0): {'image': 'REPSWITCH1_Fam/PICTURE_663.png', 'correctAns': 'columna'}
27.1285 	EXP 	textboxInstrFam: autoDraw = False
27.1285 	EXP 	fixationITI: autoDraw = True
28.4200 	EXP 	fixationITI: autoDraw = False
28.4200 	EXP 	fixationITI: autoDraw = False
28.4200 	EXP 	imageFam: image = 'REPSWITCH1_Fam/PICTURE_663.png'
28.4200 	EXP 	polygonWhiteFam: autoDraw = True
28.4200 	EXP 	imageFam: autoDraw = True
31.7829 	EXP 	textFam: autoDraw = True
34.2823 	EXP 	textFam: autoDraw = False
34.5593 	EXP 	polygonWhiteFam: autoDraw = False
34.5593 	EXP 	imageFam: autoDraw = False
34.5593 	EXP 	textFam: autoDraw = False
34.5593 	EXP 	textBlankLoop: autoDraw = True
35.0485 	EXP 	New trial (rep=0, index=1): {'image': 'REPSWITCH1_Fam/PICTURE_142.png', 'correctAns': 'vaso'}
35.0645 	EXP 	textBlankLoop: autoDraw = False
35.0645 	EXP 	textBlankLoop: autoDraw = False
35.0645 	EXP 	fixationITI: autoDraw = True
36.1695 	EXP 	fixationITI: autoDraw = False
36.1695 	EXP 	fixationITI: autoDraw = False
36.1695 	EXP 	imageFam: image = 'REPSWITCH1_Fam/PICTURE_142.png'
36.1695 	EXP 	polygonWhiteFam: autoDraw = True
36.1695 	EXP 	imageFam: autoDraw = True
39.6310 	EXP 	textFam: autoDraw = True
42.1306 	EXP 	textFam: autoDraw = False
42.2801 	EXP 	polygonWhiteFam: autoDraw = False
42.2801 	EXP 	imageFam: autoDraw = False
42.2801 	EXP 	textFam: autoDraw = False
42.2801 	EXP 	textBlankLoop: autoDraw = True
42.7634 	EXP 	New trial (rep=0, index=2): {'image': 'REPSWITCH1_Fam/PICTURE_464.png', 'correctAns': 'goma'}
42.7794 	EXP 	textBlankLoop: autoDraw = False
42.7794 	EXP 	textBlankLoop: autoDraw = False
42.7794 	EXP 	fixationITI: autoDraw = True
43.9079 	EXP 	fixationITI: autoDraw = False
43.9079 	EXP 	fixationITI: autoDraw = False
43.9079 	EXP 	imageFam: image = 'REPSWITCH1_Fam/PICTURE_464.png'
43.9079 	EXP 	polygonWhiteFam: autoDraw = True
43.9079 	EXP 	imageFam: autoDraw = True
47.2958 	EXP 	textFam: autoDraw = True
49.7954 	EXP 	textFam: autoDraw = False
50.0175 	EXP 	polygonWhiteFam: autoDraw = False
50.0175 	EXP 	imageFam: autoDraw = False
50.0175 	EXP 	textFam: autoDraw = False
50.0175 	EXP 	textBlankLoop: autoDraw = True
50.5116 	EXP 	New trial (rep=0, index=3): {'image': 'REPSWITCH1_Fam/PICTURE_590.png', 'correctAns': 'escoba'}
50.5275 	EXP 	textBlankLoop: autoDraw = False
50.5275 	EXP 	textBlankLoop: autoDraw = False
50.5275 	EXP 	fixationITI: autoDraw = True
51.7713 	EXP 	fixationITI: autoDraw = False
51.7713 	EXP 	fixationITI: autoDraw = False
51.7713 	EXP 	imageFam: image = 'REPSWITCH1_Fam/PICTURE_590.png'
51.7713 	EXP 	polygonWhiteFam: autoDraw = True
51.7713 	EXP 	imageFam: autoDraw = True
55.1607 	EXP 	textFam: autoDraw = True
57.6601 	EXP 	textFam: autoDraw = False
57.8642 	EXP 	polygonWhiteFam: autoDraw = False
57.8642 	EXP 	imageFam: autoDraw = False
57.8642 	EXP 	textFam: autoDraw = False
57.8642 	EXP 	textBlankLoop: autoDraw = True
58.3597 	EXP 	New trial (rep=0, index=4): {'image': 'REPSWITCH1_Fam/PICTURE_48.png', 'correctAns': 'bombero'}
58.3756 	EXP 	textBlankLoop: autoDraw = False
58.3756 	EXP 	textBlankLoop: autoDraw = False
58.3756 	EXP 	fixationITI: autoDraw = True
59.6495 	EXP 	fixationITI: autoDraw = False
59.6495 	EXP 	fixationITI: autoDraw = False
59.6495 	EXP 	imageFam: image = 'REPSWITCH1_Fam/PICTURE_48.png'
59.6495 	EXP 	polygonWhiteFam: autoDraw = True
59.6495 	EXP 	imageFam: autoDraw = True
63.1088 	EXP 	textFam: autoDraw = True
65.6082 	EXP 	textFam: autoDraw = False
65.8219 	EXP 	polygonWhiteFam: autoDraw = False
65.8219 	EXP 	imageFam: autoDraw = False
65.8219 	EXP 	textFam: autoDraw = False
65.8219 	EXP 	textBlankLoop: autoDraw = True
66.3078 	EXP 	New trial (rep=0, index=5): {'image': 'REPSWITCH1_Fam/PICTURE_673.png', 'correctAns': 'tenedor'}
66.3237 	EXP 	textBlankLoop: autoDraw = False
66.3237 	EXP 	textBlankLoop: autoDraw = False
66.3237 	EXP 	fixationITI: autoDraw = True
67.4778 	EXP 	fixationITI: autoDraw = False
67.4778 	EXP 	fixationITI: autoDraw = False
67.4778 	EXP 	imageFam: image = 'REPSWITCH1_Fam/PICTURE_673.png'
67.4778 	EXP 	polygonWhiteFam: autoDraw = True
67.4778 	EXP 	imageFam: autoDraw = True
70.9404 	EXP 	textFam: autoDraw = True
73.4398 	EXP 	textFam: autoDraw = False
73.6239 	EXP 	polygonWhiteFam: autoDraw = False
73.6239 	EXP 	imageFam: autoDraw = False
73.6239 	EXP 	textFam: autoDraw = False
73.6239 	EXP 	textBlankLoop: autoDraw = True
74.1222 	EXP 	New trial (rep=0, index=6): {'image': 'REPSWITCH1_Fam/PICTURE_552.png', 'correctAns': 'manzana'}
74.1386 	EXP 	textBlankLoop: autoDraw = False
74.1386 	EXP 	fixationITI: autoDraw = True
75.4342 	EXP 	fixationITI: autoDraw = False
75.4342 	EXP 	fixationITI: autoDraw = False
75.4342 	EXP 	imageFam: image = 'REPSWITCH1_Fam/PICTURE_552.png'
75.4342 	EXP 	polygonWhiteFam: autoDraw = True
75.4342 	EXP 	imageFam: autoDraw = True
78.8217 	EXP 	textFam: autoDraw = True
81.3211 	EXP 	textFam: autoDraw = False
81.5157 	EXP 	polygonWhiteFam: autoDraw = False
81.5157 	EXP 	imageFam: autoDraw = False
81.5157 	EXP 	textFam: autoDraw = False
81.5157 	EXP 	textBlankLoop: autoDraw = True
82.0041 	EXP 	New trial (rep=0, index=7): {'image': 'REPSWITCH1_Fam/PICTURE_599.png', 'correctAns': 'nube'}
82.0200 	EXP 	textBlankLoop: autoDraw = False
82.0200 	EXP 	textBlankLoop: autoDraw = False
82.0200 	EXP 	fixationITI: autoDraw = True
83.2211 	EXP 	fixationITI: autoDraw = False
83.2211 	EXP 	fixationITI: autoDraw = False
83.2211 	EXP 	imageFam: image = 'REPSWITCH1_Fam/PICTURE_599.png'
83.2211 	EXP 	polygonWhiteFam: autoDraw = True
83.2211 	EXP 	imageFam: autoDraw = True
86.7032 	EXP 	textFam: autoDraw = True
89.2026 	EXP 	textFam: autoDraw = False
89.4120 	EXP 	polygonWhiteFam: autoDraw = False
89.4120 	EXP 	imageFam: autoDraw = False
89.4120 	EXP 	polygonWhiteFam: autoDraw = False
89.4120 	EXP 	imageFam: autoDraw = False
89.4120 	EXP 	textFam: autoDraw = False
89.4120 	EXP 	textBlankLoop: autoDraw = True
89.9021 	EXP 	New trial (rep=0, index=8): {'image': 'REPSWITCH1_Fam/PICTURE_340.png', 'correctAns': 'espejo'}
89.9182 	EXP 	textBlankLoop: autoDraw = False
89.9182 	EXP 	textBlankLoop: autoDraw = False
89.9182 	EXP 	fixationITI: autoDraw = True
91.1343 	EXP 	fixationITI: autoDraw = False
91.1343 	EXP 	fixationITI: autoDraw = False
91.1343 	EXP 	imageFam: image = 'REPSWITCH1_Fam/PICTURE_340.png'
91.1343 	EXP 	polygonWhiteFam: autoDraw = True
91.1343 	EXP 	imageFam: autoDraw = True
94.5846 	EXP 	textFam: autoDraw = True
97.0842 	EXP 	textFam: autoDraw = False
97.2807 	EXP 	polygonWhiteFam: autoDraw = False
97.2807 	EXP 	imageFam: autoDraw = False
97.2807 	EXP 	textFam: autoDraw = False
97.2807 	EXP 	textBlankLoop: autoDraw = True
97.7671 	EXP 	New trial (rep=0, index=9): {'image': 'REPSWITCH1_Fam/PICTURE_152.png', 'correctAns': 'caracol'}
97.7830 	EXP 	textBlankLoop: autoDraw = False
97.7830 	EXP 	textBlankLoop: autoDraw = False
97.7830 	EXP 	fixationITI: autoDraw = True
98.9480 	EXP 	fixationITI: autoDraw = False
98.9480 	EXP 	fixationITI: autoDraw = False
98.9480 	EXP 	imageFam: image = 'REPSWITCH1_Fam/PICTURE_152.png'
98.9480 	EXP 	polygonWhiteFam: autoDraw = True
98.9480 	EXP 	imageFam: autoDraw = True
102.4161 	EXP 	textFam: autoDraw = True
104.9156 	EXP 	textFam: autoDraw = False
105.1063 	EXP 	polygonWhiteFam: autoDraw = False
105.1063 	EXP 	imageFam: autoDraw = False
105.1063 	EXP 	polygonWhiteFam: autoDraw = False
105.1063 	EXP 	imageFam: autoDraw = False
105.1063 	EXP 	textFam: autoDraw = False
105.1063 	EXP 	textBlankLoop: autoDraw = True
105.5985 	EXP 	New trial (rep=0, index=10): {'image': 'REPSWITCH1_Fam/PICTURE_570.png', 'correctAns': 'toro'}
105.6144 	EXP 	textBlankLoop: autoDraw = False
105.6144 	EXP 	textBlankLoop: autoDraw = False
105.6144 	EXP 	fixationITI: autoDraw = True
106.9537 	EXP 	fixationITI: autoDraw = False
106.9537 	EXP 	fixationITI: autoDraw = False
106.9537 	EXP 	imageFam: image = 'REPSWITCH1_Fam/PICTURE_570.png'
106.9537 	EXP 	polygonWhiteFam: autoDraw = True
106.9537 	EXP 	imageFam: autoDraw = True
110.3310 	EXP 	textFam: autoDraw = True
112.8304 	EXP 	textFam: autoDraw = False
113.0252 	EXP 	polygonWhiteFam: autoDraw = False
113.0252 	EXP 	imageFam: autoDraw = False
113.0252 	EXP 	textFam: autoDraw = False
113.0252 	EXP 	textBlankLoop: autoDraw = True
113.5132 	EXP 	New trial (rep=0, index=11): {'image': 'REPSWITCH1_Fam/PICTURE_19.png', 'correctAns': 'pavo'}
113.5292 	EXP 	textBlankLoop: autoDraw = False
113.5292 	EXP 	textBlankLoop: autoDraw = False
113.5292 	EXP 	fixationITI: autoDraw = True
114.6519 	EXP 	fixationITI: autoDraw = False
114.6519 	EXP 	fixationITI: autoDraw = False
114.6519 	EXP 	imageFam: image = 'REPSWITCH1_Fam/PICTURE_19.png'
114.6519 	EXP 	polygonWhiteFam: autoDraw = True
114.6519 	EXP 	imageFam: autoDraw = True
118.1125 	EXP 	textFam: autoDraw = True
120.6119 	EXP 	textFam: autoDraw = False
120.8275 	EXP 	polygonWhiteFam: autoDraw = False
120.8275 	EXP 	imageFam: autoDraw = False
120.8275 	EXP 	textFam: autoDraw = False
120.8275 	EXP 	textBlankLoop: autoDraw = True
121.3113 	EXP 	New trial (rep=0, index=12): {'image': 'REPSWITCH1_Fam/PICTURE_264.png', 'correctAns': 'mano'}
121.3273 	EXP 	textBlankLoop: autoDraw = False
121.3273 	EXP 	textBlankLoop: autoDraw = False
121.3273 	EXP 	fixationITI: autoDraw = True
122.4116 	EXP 	fixationITI: autoDraw = False
122.4116 	EXP 	fixationITI: autoDraw = False
122.4116 	EXP 	imageFam: image = 'REPSWITCH1_Fam/PICTURE_264.png'
122.4116 	EXP 	polygonWhiteFam: autoDraw = True
122.4116 	EXP 	imageFam: autoDraw = True
125.8772 	EXP 	textFam: autoDraw = True
128.3767 	EXP 	textFam: autoDraw = False
128.5775 	EXP 	polygonWhiteFam: autoDraw = False
128.5775 	EXP 	imageFam: autoDraw = False
128.5775 	EXP 	textFam: autoDraw = False
128.5775 	EXP 	textBlankLoop: autoDraw = True
129.0759 	EXP 	New trial (rep=0, index=13): {'image': 'REPSWITCH1_Fam/PICTURE_235.png', 'correctAns': 'aguja'}
129.0922 	EXP 	textBlankLoop: autoDraw = False
129.0922 	EXP 	fixationITI: autoDraw = True
130.1787 	EXP 	fixationITI: autoDraw = False
130.1787 	EXP 	fixationITI: autoDraw = False
130.1787 	EXP 	imageFam: image = 'REPSWITCH1_Fam/PICTURE_235.png'
130.1787 	EXP 	polygonWhiteFam: autoDraw = True
130.1787 	EXP 	imageFam: autoDraw = True
133.6420 	EXP 	textFam: autoDraw = True
136.1415 	EXP 	textFam: autoDraw = False
136.3801 	EXP 	polygonWhiteFam: autoDraw = False
136.3801 	EXP 	imageFam: autoDraw = False
136.3801 	EXP 	textFam: autoDraw = False
136.3801 	EXP 	textBlankLoop: autoDraw = True
136.8744 	EXP 	New trial (rep=0, index=14): {'image': 'REPSWITCH1_Fam/PICTURE_733.png', 'correctAns': 'gafas'}
136.8903 	EXP 	textBlankLoop: autoDraw = False
136.8903 	EXP 	textBlankLoop: autoDraw = False
136.8903 	EXP 	fixationITI: autoDraw = True
138.0425 	EXP 	fixationITI: autoDraw = False
138.0425 	EXP 	fixationITI: autoDraw = False
138.0425 	EXP 	imageFam: image = 'REPSWITCH1_Fam/PICTURE_733.png'
138.0425 	EXP 	polygonWhiteFam: autoDraw = True
138.0425 	EXP 	imageFam: autoDraw = True
141.5069 	EXP 	textFam: autoDraw = True
144.0063 	EXP 	textFam: autoDraw = False
144.1782 	EXP 	polygonWhiteFam: autoDraw = False
144.1782 	EXP 	imageFam: autoDraw = False
144.1782 	EXP 	textFam: autoDraw = False
144.1782 	EXP 	textBlankLoop: autoDraw = True
144.6726 	EXP 	New trial (rep=0, index=15): {'image': 'REPSWITCH1_Fam/PICTURE_687.png', 'correctAns': 'camisa'}
144.6885 	EXP 	textBlankLoop: autoDraw = False
144.6885 	EXP 	textBlankLoop: autoDraw = False
144.6885 	EXP 	fixationITI: autoDraw = True
146.0464 	EXP 	fixationITI: autoDraw = False
146.0464 	EXP 	fixationITI: autoDraw = False
146.0464 	EXP 	imageFam: image = 'REPSWITCH1_Fam/PICTURE_687.png'
146.0464 	EXP 	polygonWhiteFam: autoDraw = True
146.0464 	EXP 	imageFam: autoDraw = True
149.4383 	EXP 	textFam: autoDraw = True
151.9377 	EXP 	textFam: autoDraw = False
152.0584 	EXP 	polygonWhiteFam: autoDraw = False
152.0584 	EXP 	imageFam: autoDraw = False
152.0584 	EXP 	textFam: autoDraw = False
152.0584 	EXP 	textBlankLoop: autoDraw = True
152.5540 	EXP 	New trial (rep=0, index=16): {'image': 'REPSWITCH1_Fam/PICTURE_381.png', 'correctAns': 'fresa'}
152.5699 	EXP 	textBlankLoop: autoDraw = False
152.5699 	EXP 	textBlankLoop: autoDraw = False
152.5699 	EXP 	fixationITI: autoDraw = True
153.7744 	EXP 	fixationITI: autoDraw = False
153.7744 	EXP 	fixationITI: autoDraw = False
153.7744 	EXP 	imageFam: image = 'REPSWITCH1_Fam/PICTURE_381.png'
153.7744 	EXP 	polygonWhiteFam: autoDraw = True
153.7744 	EXP 	imageFam: autoDraw = True
157.2366 	EXP 	textFam: autoDraw = True
159.7359 	EXP 	textFam: autoDraw = False
159.8453 	EXP 	polygonWhiteFam: autoDraw = False
159.8453 	EXP 	imageFam: autoDraw = False
159.8453 	EXP 	textFam: autoDraw = False
159.8453 	EXP 	textBlankLoop: autoDraw = True
160.3355 	EXP 	New trial (rep=0, index=17): {'image': 'REPSWITCH1_Fam/PICTURE_178.png', 'correctAns': 'puente'}
160.3514 	EXP 	textBlankLoop: autoDraw = False
160.3514 	EXP 	textBlankLoop: autoDraw = False
160.3514 	EXP 	fixationITI: autoDraw = True
161.4857 	EXP 	fixationITI: autoDraw = False
161.4857 	EXP 	fixationITI: autoDraw = False
161.4857 	EXP 	imageFam: image = 'REPSWITCH1_Fam/PICTURE_178.png'
161.4857 	EXP 	polygonWhiteFam: autoDraw = True
161.4857 	EXP 	imageFam: autoDraw = True
164.9679 	EXP 	textFam: autoDraw = True
167.4674 	EXP 	textFam: autoDraw = False
167.6586 	EXP 	polygonWhiteFam: autoDraw = False
167.6586 	EXP 	imageFam: autoDraw = False
167.6586 	EXP 	polygonWhiteFam: autoDraw = False
167.6586 	EXP 	imageFam: autoDraw = False
167.6586 	EXP 	textFam: autoDraw = False
167.6586 	EXP 	textBlankLoop: autoDraw = True
168.1502 	EXP 	New trial (rep=0, index=18): {'image': 'REPSWITCH1_Fam/PICTURE_199.png', 'correctAns': 'falda'}
168.1663 	EXP 	textBlankLoop: autoDraw = False
168.1663 	EXP 	textBlankLoop: autoDraw = False
168.1663 	EXP 	fixationITI: autoDraw = True
169.3112 	EXP 	fixationITI: autoDraw = False
169.3112 	EXP 	fixationITI: autoDraw = False
169.3112 	EXP 	imageFam: image = 'REPSWITCH1_Fam/PICTURE_199.png'
169.3112 	EXP 	polygonWhiteFam: autoDraw = True
169.3112 	EXP 	imageFam: autoDraw = True
172.7828 	EXP 	textFam: autoDraw = True
175.2826 	EXP 	textFam: autoDraw = False
175.4794 	EXP 	polygonWhiteFam: autoDraw = False
175.4794 	EXP 	imageFam: autoDraw = False
175.4794 	EXP 	polygonWhiteFam: autoDraw = False
175.4794 	EXP 	imageFam: autoDraw = False
175.4794 	EXP 	textFam: autoDraw = False
175.4794 	EXP 	textBlankLoop: autoDraw = True
175.9650 	EXP 	New trial (rep=0, index=19): {'image': 'REPSWITCH1_Fam/PICTURE_271.png', 'correctAns': 'conejo'}
175.9810 	EXP 	textBlankLoop: autoDraw = False
175.9810 	EXP 	textBlankLoop: autoDraw = False
175.9810 	EXP 	fixationITI: autoDraw = True
177.3057 	EXP 	fixationITI: autoDraw = False
177.3057 	EXP 	fixationITI: autoDraw = False
177.3057 	EXP 	imageFam: image = 'REPSWITCH1_Fam/PICTURE_271.png'
177.3057 	EXP 	polygonWhiteFam: autoDraw = True
177.3057 	EXP 	imageFam: autoDraw = True
180.6644 	EXP 	textFam: autoDraw = True
183.1637 	EXP 	textFam: autoDraw = False
183.3585 	EXP 	polygonWhiteFam: autoDraw = False
183.3585 	EXP 	imageFam: autoDraw = False
183.3585 	EXP 	textFam: autoDraw = False
183.3585 	EXP 	textBlankLoop: autoDraw = True
183.8466 	EXP 	New trial (rep=0, index=20): {'image': 'REPSWITCH1_Fam/PICTURE_517.png', 'correctAns': 'cuerda'}
183.8625 	EXP 	textBlankLoop: autoDraw = False
183.8625 	EXP 	textBlankLoop: autoDraw = False
183.8625 	EXP 	fixationITI: autoDraw = True
185.0468 	EXP 	fixationITI: autoDraw = False
185.0468 	EXP 	fixationITI: autoDraw = False
185.0468 	EXP 	imageFam: image = 'REPSWITCH1_Fam/PICTURE_517.png'
185.0468 	EXP 	polygonWhiteFam: autoDraw = True
185.0468 	EXP 	imageFam: autoDraw = True
188.5291 	EXP 	textFam: autoDraw = True
191.0285 	EXP 	textFam: autoDraw = False
191.1508 	EXP 	polygonWhiteFam: autoDraw = False
191.1508 	EXP 	imageFam: autoDraw = False
191.1508 	EXP 	polygonWhiteFam: autoDraw = False
191.1508 	EXP 	imageFam: autoDraw = False
191.1508 	EXP 	textFam: autoDraw = False
191.1508 	EXP 	textBlankLoop: autoDraw = True
191.6447 	EXP 	New trial (rep=0, index=21): {'image': 'REPSWITCH1_Fam/PICTURE_8.png', 'correctAns': 'pierna'}
191.6607 	EXP 	textBlankLoop: autoDraw = False
191.6607 	EXP 	textBlankLoop: autoDraw = False
191.6607 	EXP 	fixationITI: autoDraw = True
192.7914 	EXP 	fixationITI: autoDraw = False
192.7914 	EXP 	fixationITI: autoDraw = False
192.7914 	EXP 	imageFam: image = 'REPSWITCH1_Fam/PICTURE_8.png'
192.7914 	EXP 	polygonWhiteFam: autoDraw = True
192.7914 	EXP 	imageFam: autoDraw = True
196.2605 	EXP 	textFam: autoDraw = True
198.7599 	EXP 	textFam: autoDraw = False
198.8654 	EXP 	polygonWhiteFam: autoDraw = False
198.8654 	EXP 	imageFam: autoDraw = False
198.8654 	EXP 	polygonWhiteFam: autoDraw = False
198.8654 	EXP 	imageFam: autoDraw = False
198.8654 	EXP 	textFam: autoDraw = False
198.8654 	EXP 	textBlankLoop: autoDraw = True
199.3596 	EXP 	New trial (rep=0, index=22): {'image': 'REPSWITCH1_Fam/PICTURE_128.png', 'correctAns': 'muñeca'}
199.3754 	EXP 	textBlankLoop: autoDraw = False
199.3754 	EXP 	textBlankLoop: autoDraw = False
199.3754 	EXP 	fixationITI: autoDraw = True
200.6264 	EXP 	fixationITI: autoDraw = False
200.6264 	EXP 	fixationITI: autoDraw = False
200.6264 	EXP 	imageFam: image = 'REPSWITCH1_Fam/PICTURE_128.png'
200.6264 	EXP 	polygonWhiteFam: autoDraw = True
200.6264 	EXP 	imageFam: autoDraw = True
204.1086 	EXP 	textFam: autoDraw = True
206.6081 	EXP 	textFam: autoDraw = False
206.8119 	EXP 	polygonWhiteFam: autoDraw = False
206.8119 	EXP 	imageFam: autoDraw = False
206.8119 	EXP 	polygonWhiteFam: autoDraw = False
206.8119 	EXP 	imageFam: autoDraw = False
206.8119 	EXP 	textFam: autoDraw = False
206.8119 	EXP 	textBlankLoop: autoDraw = True
207.3077 	EXP 	New trial (rep=0, index=23): {'image': 'REPSWITCH1_Fam/PICTURE_12.png', 'correctAns': 'sirena'}
207.3236 	EXP 	textBlankLoop: autoDraw = False
207.3236 	EXP 	textBlankLoop: autoDraw = False
207.3236 	EXP 	fixationITI: autoDraw = True
208.5259 	EXP 	fixationITI: autoDraw = False
208.5259 	EXP 	fixationITI: autoDraw = False
208.5259 	EXP 	imageFam: image = 'REPSWITCH1_Fam/PICTURE_12.png'
208.5259 	EXP 	polygonWhiteFam: autoDraw = True
208.5259 	EXP 	imageFam: autoDraw = True
211.9401 	EXP 	textFam: autoDraw = True
214.4395 	EXP 	textFam: autoDraw = False
214.5815 	EXP 	polygonWhiteFam: autoDraw = False
214.5815 	EXP 	imageFam: autoDraw = False
214.5815 	EXP 	textFam: autoDraw = False
214.5815 	EXP 	textBlankLoop: autoDraw = True
215.0725 	EXP 	New trial (rep=0, index=24): {'image': 'REPSWITCH1_Fam/PICTURE_338.png', 'correctAns': 'regalo'}
215.0885 	EXP 	textBlankLoop: autoDraw = False
215.0885 	EXP 	textBlankLoop: autoDraw = False
215.0885 	EXP 	fixationITI: autoDraw = True
216.1607 	EXP 	fixationITI: autoDraw = False
216.1607 	EXP 	fixationITI: autoDraw = False
216.1607 	EXP 	imageFam: image = 'REPSWITCH1_Fam/PICTURE_338.png'
216.1607 	EXP 	polygonWhiteFam: autoDraw = True
216.1607 	EXP 	imageFam: autoDraw = True
219.6217 	EXP 	textFam: autoDraw = True
222.1210 	EXP 	textFam: autoDraw = False
222.3238 	EXP 	polygonWhiteFam: autoDraw = False
222.3238 	EXP 	imageFam: autoDraw = False
222.3238 	EXP 	textFam: autoDraw = False
222.3238 	EXP 	textBlankLoop: autoDraw = True
222.8206 	EXP 	New trial (rep=0, index=25): {'image': 'REPSWITCH1_Fam/PICTURE_612.png', 'correctAns': 'rana'}
222.8366 	EXP 	textBlankLoop: autoDraw = False
222.8366 	EXP 	textBlankLoop: autoDraw = False
222.8366 	EXP 	fixationITI: autoDraw = True
224.2336 	EXP 	fixationITI: autoDraw = False
224.2336 	EXP 	fixationITI: autoDraw = False
224.2336 	EXP 	imageFam: image = 'REPSWITCH1_Fam/PICTURE_612.png'
224.2336 	EXP 	polygonWhiteFam: autoDraw = True
224.2336 	EXP 	imageFam: autoDraw = True
227.5865 	EXP 	textFam: autoDraw = True
230.0858 	EXP 	textFam: autoDraw = False
230.2705 	EXP 	polygonWhiteFam: autoDraw = False
230.2705 	EXP 	imageFam: autoDraw = False
230.2705 	EXP 	textFam: autoDraw = False
230.2705 	EXP 	textBlankLoop: autoDraw = True
230.7683 	EXP 	New trial (rep=0, index=26): {'image': 'REPSWITCH1_Fam/PICTURE_646.png', 'correctAns': 'tronco'}
230.7848 	EXP 	textBlankLoop: autoDraw = False
230.7848 	EXP 	fixationITI: autoDraw = True
231.9722 	EXP 	fixationITI: autoDraw = False
231.9722 	EXP 	fixationITI: autoDraw = False
231.9722 	EXP 	imageFam: image = 'REPSWITCH1_Fam/PICTURE_646.png'
231.9722 	EXP 	polygonWhiteFam: autoDraw = True
231.9722 	EXP 	imageFam: autoDraw = True
235.3679 	EXP 	textFam: autoDraw = True
237.8675 	EXP 	textFam: autoDraw = False
237.9739 	EXP 	polygonWhiteFam: autoDraw = False
237.9739 	EXP 	imageFam: autoDraw = False
237.9739 	EXP 	textFam: autoDraw = False
237.9739 	EXP 	textBlankLoop: autoDraw = True
238.4669 	EXP 	New trial (rep=0, index=27): {'image': 'REPSWITCH1_Fam/PICTURE_169.png', 'correctAns': 'espalda'}
238.4829 	EXP 	textBlankLoop: autoDraw = False
238.4829 	EXP 	textBlankLoop: autoDraw = False
238.4829 	EXP 	fixationITI: autoDraw = True
239.5637 	EXP 	fixationITI: autoDraw = False
239.5637 	EXP 	fixationITI: autoDraw = False
239.5637 	EXP 	imageFam: image = 'REPSWITCH1_Fam/PICTURE_169.png'
239.5637 	EXP 	polygonWhiteFam: autoDraw = True
239.5637 	EXP 	imageFam: autoDraw = True
243.0327 	EXP 	textFam: autoDraw = True
245.5321 	EXP 	textFam: autoDraw = False
245.7833 	EXP 	polygonWhiteFam: autoDraw = False
245.7833 	EXP 	imageFam: autoDraw = False
245.7833 	EXP 	polygonWhiteFam: autoDraw = False
245.7833 	EXP 	imageFam: autoDraw = False
245.7833 	EXP 	textFam: autoDraw = False
245.7833 	EXP 	textBlankLoop: autoDraw = True
246.2815 	EXP 	New trial (rep=0, index=28): {'image': 'REPSWITCH1_Fam/PICTURE_498.png', 'correctAns': 'taza'}
246.2977 	EXP 	textBlankLoop: autoDraw = False
246.2977 	EXP 	fixationITI: autoDraw = True
247.4486 	EXP 	fixationITI: autoDraw = False
247.4486 	EXP 	fixationITI: autoDraw = False
247.4486 	EXP 	imageFam: image = 'REPSWITCH1_Fam/PICTURE_498.png'
247.4486 	EXP 	polygonWhiteFam: autoDraw = True
247.4486 	EXP 	imageFam: autoDraw = True
250.9310 	EXP 	textFam: autoDraw = True
253.4302 	EXP 	textFam: autoDraw = False
253.6199 	EXP 	polygonWhiteFam: autoDraw = False
253.6199 	EXP 	imageFam: autoDraw = False
253.6199 	EXP 	polygonWhiteFam: autoDraw = False
253.6199 	EXP 	imageFam: autoDraw = False
253.6199 	EXP 	textFam: autoDraw = False
253.6199 	EXP 	textBlankLoop: autoDraw = True
254.1130 	EXP 	New trial (rep=0, index=29): {'image': 'REPSWITCH1_Fam/PICTURE_35.png', 'correctAns': 'oreja'}
254.1292 	EXP 	textBlankLoop: autoDraw = False
254.1292 	EXP 	textBlankLoop: autoDraw = False
254.1292 	EXP 	fixationITI: autoDraw = True
255.2062 	EXP 	fixationITI: autoDraw = False
255.2062 	EXP 	fixationITI: autoDraw = False
255.2062 	EXP 	imageFam: image = 'REPSWITCH1_Fam/PICTURE_35.png'
255.2062 	EXP 	polygonWhiteFam: autoDraw = True
255.2062 	EXP 	imageFam: autoDraw = True
258.6792 	EXP 	textFam: autoDraw = True
261.1785 	EXP 	textFam: autoDraw = False
261.3897 	EXP 	polygonWhiteFam: autoDraw = False
261.3897 	EXP 	imageFam: autoDraw = False
261.3897 	EXP 	polygonWhiteFam: autoDraw = False
261.3897 	EXP 	imageFam: autoDraw = False
261.3897 	EXP 	textFam: autoDraw = False
261.3897 	EXP 	textBlankLoop: autoDraw = True
261.8781 	EXP 	New trial (rep=0, index=30): {'image': 'REPSWITCH1_Fam/PICTURE_446.png', 'correctAns': 'cerdo'}
261.8941 	EXP 	textBlankLoop: autoDraw = False
261.8941 	EXP 	textBlankLoop: autoDraw = False
261.8941 	EXP 	fixationITI: autoDraw = True
263.2537 	EXP 	fixationITI: autoDraw = False
263.2537 	EXP 	fixationITI: autoDraw = False
263.2537 	EXP 	imageFam: image = 'REPSWITCH1_Fam/PICTURE_446.png'
263.2537 	EXP 	polygonWhiteFam: autoDraw = True
263.2537 	EXP 	imageFam: autoDraw = True
266.6440 	EXP 	textFam: autoDraw = True
269.1435 	EXP 	textFam: autoDraw = False
269.3246 	EXP 	polygonWhiteFam: autoDraw = False
269.3246 	EXP 	imageFam: autoDraw = False
269.3246 	EXP 	textFam: autoDraw = False
269.3246 	EXP 	textBlankLoop: autoDraw = True
269.8094 	EXP 	New trial (rep=0, index=31): {'image': 'REPSWITCH1_Fam/PICTURE_320.png', 'correctAns': 'iglesia'}
269.8254 	EXP 	textBlankLoop: autoDraw = False
269.8254 	EXP 	textBlankLoop: autoDraw = False
269.8254 	EXP 	fixationITI: autoDraw = True
270.9598 	EXP 	fixationITI: autoDraw = False
270.9598 	EXP 	fixationITI: autoDraw = False
270.9598 	EXP 	imageFam: image = 'REPSWITCH1_Fam/PICTURE_320.png'
270.9598 	EXP 	polygonWhiteFam: autoDraw = True
270.9598 	EXP 	imageFam: autoDraw = True
274.4419 	EXP 	textFam: autoDraw = True
276.9413 	EXP 	textFam: autoDraw = False
277.1383 	EXP 	polygonWhiteFam: autoDraw = False
277.1383 	EXP 	imageFam: autoDraw = False
277.1383 	EXP 	polygonWhiteFam: autoDraw = False
277.1383 	EXP 	imageFam: autoDraw = False
277.1383 	EXP 	textFam: autoDraw = False
277.1383 	EXP 	textBlankLoop: autoDraw = True
277.6243 	EXP 	New trial (rep=0, index=32): {'image': 'REPSWITCH1_Fam/PICTURE_719.png', 'correctAns': 'baño'}
277.6402 	EXP 	textBlankLoop: autoDraw = False
277.6402 	EXP 	textBlankLoop: autoDraw = False
277.6402 	EXP 	fixationITI: autoDraw = True
278.8621 	EXP 	fixationITI: autoDraw = False
278.8621 	EXP 	fixationITI: autoDraw = False
278.8621 	EXP 	imageFam: image = 'REPSWITCH1_Fam/PICTURE_719.png'
278.8621 	EXP 	polygonWhiteFam: autoDraw = True
278.8621 	EXP 	imageFam: autoDraw = True
282.3235 	EXP 	textFam: autoDraw = True
284.8229 	EXP 	textFam: autoDraw = False
284.9916 	EXP 	polygonWhiteFam: autoDraw = False
284.9916 	EXP 	imageFam: autoDraw = False
284.9916 	EXP 	textFam: autoDraw = False
284.9916 	EXP 	textBlankLoop: autoDraw = True
285.4887 	EXP 	New trial (rep=0, index=33): {'image': 'REPSWITCH1_Fam/PICTURE_175.png', 'correctAns': 'pintor'}
285.5051 	EXP 	textBlankLoop: autoDraw = False
285.5051 	EXP 	fixationITI: autoDraw = True
286.7510 	EXP 	fixationITI: autoDraw = False
286.7510 	EXP 	fixationITI: autoDraw = False
286.7510 	EXP 	imageFam: image = 'REPSWITCH1_Fam/PICTURE_175.png'
286.7510 	EXP 	polygonWhiteFam: autoDraw = True
286.7510 	EXP 	imageFam: autoDraw = True
290.1382 	EXP 	textFam: autoDraw = True
292.6377 	EXP 	textFam: autoDraw = False
292.8272 	EXP 	polygonWhiteFam: autoDraw = False
292.8272 	EXP 	imageFam: autoDraw = False
292.8272 	EXP 	textFam: autoDraw = False
292.8272 	EXP 	textBlankLoop: autoDraw = True
293.3204 	EXP 	New trial (rep=0, index=34): {'image': 'REPSWITCH1_Fam/PICTURE_110.png', 'correctAns': 'mesa'}
293.3365 	EXP 	textBlankLoop: autoDraw = False
293.3365 	EXP 	textBlankLoop: autoDraw = False
293.3365 	EXP 	fixationITI: autoDraw = True
294.6071 	EXP 	fixationITI: autoDraw = False
294.6071 	EXP 	fixationITI: autoDraw = False
294.6071 	EXP 	imageFam: image = 'REPSWITCH1_Fam/PICTURE_110.png'
294.6071 	EXP 	polygonWhiteFam: autoDraw = True
294.6071 	EXP 	imageFam: autoDraw = True
297.9864 	EXP 	textFam: autoDraw = True
300.4858 	EXP 	textFam: autoDraw = False
300.5965 	EXP 	polygonWhiteFam: autoDraw = False
300.5965 	EXP 	imageFam: autoDraw = False
300.5965 	EXP 	textFam: autoDraw = False
300.5965 	EXP 	textBlankLoop: autoDraw = True
301.0854 	EXP 	New trial (rep=0, index=35): {'image': 'REPSWITCH1_Fam/PICTURE_16.png', 'correctAns': 'cazador'}
301.1014 	EXP 	textBlankLoop: autoDraw = False
301.1014 	EXP 	textBlankLoop: autoDraw = False
301.1014 	EXP 	fixationITI: autoDraw = True
302.3150 	EXP 	fixationITI: autoDraw = False
302.3150 	EXP 	fixationITI: autoDraw = False
302.3150 	EXP 	imageFam: image = 'REPSWITCH1_Fam/PICTURE_16.png'
302.3150 	EXP 	polygonWhiteFam: autoDraw = True
302.3150 	EXP 	imageFam: autoDraw = True
305.7846 	EXP 	textFam: autoDraw = True
308.2840 	EXP 	textFam: autoDraw = False
308.4817 	EXP 	polygonWhiteFam: autoDraw = False
308.4817 	EXP 	imageFam: autoDraw = False
308.4817 	EXP 	polygonWhiteFam: autoDraw = False
308.4817 	EXP 	imageFam: autoDraw = False
308.4817 	EXP 	textFam: autoDraw = False
308.4817 	EXP 	textBlankLoop: autoDraw = True
308.9669 	EXP 	New trial (rep=0, index=36): {'image': 'REPSWITCH1_Fam/PICTURE_30.png', 'correctAns': 'granja'}
308.9828 	EXP 	textBlankLoop: autoDraw = False
308.9828 	EXP 	textBlankLoop: autoDraw = False
308.9828 	EXP 	fixationITI: autoDraw = True
310.2132 	EXP 	fixationITI: autoDraw = False
310.2132 	EXP 	fixationITI: autoDraw = False
310.2132 	EXP 	imageFam: image = 'REPSWITCH1_Fam/PICTURE_30.png'
310.2132 	EXP 	polygonWhiteFam: autoDraw = True
310.2132 	EXP 	imageFam: autoDraw = True
313.6826 	EXP 	textFam: autoDraw = True
316.1821 	EXP 	textFam: autoDraw = False
316.4288 	EXP 	polygonWhiteFam: autoDraw = False
316.4288 	EXP 	imageFam: autoDraw = False
316.4288 	EXP 	polygonWhiteFam: autoDraw = False
316.4288 	EXP 	imageFam: autoDraw = False
316.4288 	EXP 	textFam: autoDraw = False
316.4288 	EXP 	textBlankLoop: autoDraw = True
316.9149 	EXP 	New trial (rep=0, index=37): {'image': 'REPSWITCH1_Fam/PICTURE_610.png', 'correctAns': 'miel'}
316.9309 	EXP 	textBlankLoop: autoDraw = False
316.9309 	EXP 	textBlankLoop: autoDraw = False
316.9309 	EXP 	fixationITI: autoDraw = True
318.0623 	EXP 	fixationITI: autoDraw = False
318.0623 	EXP 	fixationITI: autoDraw = False
318.0623 	EXP 	imageFam: image = 'REPSWITCH1_Fam/PICTURE_610.png'
318.0623 	EXP 	polygonWhiteFam: autoDraw = True
318.0623 	EXP 	imageFam: autoDraw = True
321.5309 	EXP 	textFam: autoDraw = True
324.0302 	EXP 	textFam: autoDraw = False
324.5138 	EXP 	polygonWhiteFam: autoDraw = False
324.5138 	EXP 	imageFam: autoDraw = False
324.5138 	EXP 	polygonWhiteFam: autoDraw = False
324.5138 	EXP 	imageFam: autoDraw = False
324.5138 	EXP 	textFam: autoDraw = False
324.5138 	EXP 	textBlankLoop: autoDraw = True
325.0126 	EXP 	New trial (rep=0, index=38): {'image': 'REPSWITCH1_Fam/PICTURE_319.png', 'correctAns': 'vaca'}
325.0290 	EXP 	textBlankLoop: autoDraw = False
325.0290 	EXP 	fixationITI: autoDraw = True
326.1299 	EXP 	fixationITI: autoDraw = False
326.1299 	EXP 	fixationITI: autoDraw = False
326.1299 	EXP 	imageFam: image = 'REPSWITCH1_Fam/PICTURE_319.png'
326.1299 	EXP 	polygonWhiteFam: autoDraw = True
326.1299 	EXP 	imageFam: autoDraw = True
329.6123 	EXP 	textFam: autoDraw = True
332.1116 	EXP 	textFam: autoDraw = False
332.2281 	EXP 	polygonWhiteFam: autoDraw = False
332.2281 	EXP 	imageFam: autoDraw = False
332.2281 	EXP 	polygonWhiteFam: autoDraw = False
332.2281 	EXP 	imageFam: autoDraw = False
332.2281 	EXP 	textFam: autoDraw = False
332.2281 	EXP 	textBlankLoop: autoDraw = True
332.7111 	EXP 	New trial (rep=0, index=39): {'image': 'REPSWITCH1_Fam/PICTURE_614.png', 'correctAns': 'reina'}
332.7271 	EXP 	textBlankLoop: autoDraw = False
332.7271 	EXP 	textBlankLoop: autoDraw = False
332.7271 	EXP 	fixationITI: autoDraw = True
333.8514 	EXP 	fixationITI: autoDraw = False
333.8514 	EXP 	fixationITI: autoDraw = False
333.8514 	EXP 	imageFam: image = 'REPSWITCH1_Fam/PICTURE_614.png'
333.8514 	EXP 	polygonWhiteFam: autoDraw = True
333.8514 	EXP 	imageFam: autoDraw = True
337.2772 	EXP 	textFam: autoDraw = True
339.7765 	EXP 	textFam: autoDraw = False
339.9647 	EXP 	polygonWhiteFam: autoDraw = False
339.9647 	EXP 	imageFam: autoDraw = False
339.9647 	EXP 	textFam: autoDraw = False
339.9647 	EXP 	textBlankLoop: autoDraw = True
340.4593 	EXP 	New trial (rep=0, index=40): {'image': 'REPSWITCH1_Fam/PICTURE_728.png', 'correctAns': 'pulpo'}
340.4753 	EXP 	textBlankLoop: autoDraw = False
340.4753 	EXP 	textBlankLoop: autoDraw = False
340.4753 	EXP 	fixationITI: autoDraw = True
341.6128 	EXP 	fixationITI: autoDraw = False
341.6128 	EXP 	fixationITI: autoDraw = False
341.6128 	EXP 	imageFam: image = 'REPSWITCH1_Fam/PICTURE_728.png'
341.6128 	EXP 	polygonWhiteFam: autoDraw = True
341.6128 	EXP 	imageFam: autoDraw = True
345.0753 	EXP 	textFam: autoDraw = True
347.5746 	EXP 	textFam: autoDraw = False
347.7265 	EXP 	polygonWhiteFam: autoDraw = False
347.7265 	EXP 	imageFam: autoDraw = False
347.7265 	EXP 	textFam: autoDraw = False
347.7265 	EXP 	textBlankLoop: autoDraw = True
348.2238 	EXP 	New trial (rep=0, index=41): {'image': 'REPSWITCH1_Fam/PICTURE_576.png', 'correctAns': 'guante'}
348.2401 	EXP 	textBlankLoop: autoDraw = False
348.2401 	EXP 	fixationITI: autoDraw = True
349.3800 	EXP 	fixationITI: autoDraw = False
349.3800 	EXP 	fixationITI: autoDraw = False
349.3800 	EXP 	imageFam: image = 'REPSWITCH1_Fam/PICTURE_576.png'
349.3800 	EXP 	polygonWhiteFam: autoDraw = True
349.3800 	EXP 	imageFam: autoDraw = True
352.8399 	EXP 	textFam: autoDraw = True
355.3395 	EXP 	textFam: autoDraw = False
355.5374 	EXP 	polygonWhiteFam: autoDraw = False
355.5374 	EXP 	imageFam: autoDraw = False
355.5374 	EXP 	textFam: autoDraw = False
355.5374 	EXP 	textBlankLoop: autoDraw = True
356.0223 	EXP 	New trial (rep=0, index=42): {'image': 'REPSWITCH1_Fam/PICTURE_391.png', 'correctAns': 'cadena'}
356.0383 	EXP 	textBlankLoop: autoDraw = False
356.0383 	EXP 	textBlankLoop: autoDraw = False
356.0383 	EXP 	fixationITI: autoDraw = True
357.2740 	EXP 	fixationITI: autoDraw = False
357.2740 	EXP 	fixationITI: autoDraw = False
357.2740 	EXP 	imageFam: image = 'REPSWITCH1_Fam/PICTURE_391.png'
357.2740 	EXP 	polygonWhiteFam: autoDraw = True
357.2740 	EXP 	imageFam: autoDraw = True
360.6548 	EXP 	textFam: autoDraw = True
363.1543 	EXP 	textFam: autoDraw = False
363.2970 	EXP 	polygonWhiteFam: autoDraw = False
363.2970 	EXP 	imageFam: autoDraw = False
363.2970 	EXP 	textFam: autoDraw = False
363.2970 	EXP 	textBlankLoop: autoDraw = True
363.7870 	EXP 	New trial (rep=0, index=43): {'image': 'REPSWITCH1_Fam/PICTURE_135.png', 'correctAns': 'traje'}
363.8031 	EXP 	textBlankLoop: autoDraw = False
363.8031 	EXP 	textBlankLoop: autoDraw = False
363.8031 	EXP 	fixationITI: autoDraw = True
365.0206 	EXP 	fixationITI: autoDraw = False
365.0206 	EXP 	fixationITI: autoDraw = False
365.0206 	EXP 	imageFam: image = 'REPSWITCH1_Fam/PICTURE_135.png'
365.0206 	EXP 	polygonWhiteFam: autoDraw = True
365.0206 	EXP 	imageFam: autoDraw = True
368.5031 	EXP 	textFam: autoDraw = True
371.0024 	EXP 	textFam: autoDraw = False
371.1102 	EXP 	polygonWhiteFam: autoDraw = False
371.1102 	EXP 	imageFam: autoDraw = False
371.1102 	EXP 	polygonWhiteFam: autoDraw = False
371.1102 	EXP 	imageFam: autoDraw = False
371.1102 	EXP 	textFam: autoDraw = False
371.1102 	EXP 	textBlankLoop: autoDraw = True
371.6020 	EXP 	New trial (rep=0, index=44): {'image': 'REPSWITCH1_Fam/PICTURE_242.png', 'correctAns': 'cartero'}
371.6179 	EXP 	textBlankLoop: autoDraw = False
371.6179 	EXP 	textBlankLoop: autoDraw = False
371.6179 	EXP 	fixationITI: autoDraw = True
372.7773 	EXP 	fixationITI: autoDraw = False
372.7773 	EXP 	fixationITI: autoDraw = False
372.7773 	EXP 	imageFam: image = 'REPSWITCH1_Fam/PICTURE_242.png'
372.7773 	EXP 	polygonWhiteFam: autoDraw = True
372.7773 	EXP 	imageFam: autoDraw = True
376.2512 	EXP 	textFam: autoDraw = True
378.7505 	EXP 	textFam: autoDraw = False
378.8750 	EXP 	polygonWhiteFam: autoDraw = False
378.8750 	EXP 	imageFam: autoDraw = False
378.8750 	EXP 	polygonWhiteFam: autoDraw = False
378.8750 	EXP 	imageFam: autoDraw = False
378.8750 	EXP 	textFam: autoDraw = False
378.8750 	EXP 	textBlankLoop: autoDraw = True
379.3828 	EXP 	textBlankLoop: autoDraw = False
379.3828 	EXP 	textBlankLoop: autoDraw = False
379.3828 	EXP 	textboxEndFam: autoDraw = True
390.6022 	DATA 	Keypress: space
390.6026 	DATA 	Keypress: space
390.6052 	EXP 	textboxEndFam: autoDraw = False
390.7583 	EXP 	window1: mouseVisible = True
