133.7573 	WARNING 	User requested fullscreen with size [1536  864], but screen is actually [1920, 1080]. Using actual size
142.1692 	EXP 	Created window1 = Window(allowGUI=True, allowStencil=False, autoLog=True, backendConf=UNKNOWN, bitsMode=UNKNOWN, blendMode='avg', bpc=(8, 8, 8), color=array([0, 0, 0]), colorSpace='rgb', depthBits=8, fullscr=<method-wrapper '__getattribute__' of attributeSetter object at 0x0000020AA71D4910>, gamma=None, gammaErrorPolicy='raise', lms=UNKNOWN, monitor=<psychopy.monitors.calibTools.Monitor object at 0x0000020AA91564C0>, multiSample=False, name='window1', numSamples=2, pos=(0, 0), screen=0, size=array([1920, 1080]), stencilBits=0, stereo=False, units='height', useFBO=True, useRetina=False, viewOri=0.0, viewPos=None, viewScale=None, waitBlanking=True, winType='pyglet')
142.1695 	EXP 	window1: mouseVisible = True
142.1697 	EXP 	window1: mouseVisible = False
142.1697 	EXP 	window1: Attempting to measure frame rate of screen (0) ...
142.1698 	EXP 	window1: recordFrameIntervals = False
142.3344 	EXP 	window1: recordFrameIntervals = True
142.5179 	EXP 	Screen (0) actual frame rate measured at 60.04Hz
142.5180 	EXP 	window1: recordFrameIntervals = False
152.1562 	EXP 	Created textWelcome = TextStim(__class__=<class 'psychopy.visual.text.TextStim'>, alignHoriz=method-wrapper(...), alignText='center', alignVert=method-wrapper(...), anchorHoriz='center', anchorVert='center', antialias=True, autoDraw=False, autoLog=True, bold=False, color=array([1, 1, 1]), colorSpace='rgb', contrast=1.0, depth=0.0, flipHoriz=False, flipVert=False, font='Open Sans', fontFiles=[], height=0.04, italic=False, languageStyle='LTR', name='textWelcome', opacity=1.0, ori=0.0, pos=array([0., 0.]), rgb=UNKNOWN, text='¡Ahora vamos a comenzar con el experimento!', units='height', win=Window(...), wrapWidth=1)
153.4387 	EXP 	Created textBlank500 = TextStim(__class__=<class 'psychopy.visual.text.TextStim'>, alignHoriz=method-wrapper(...), alignText='center', alignVert=method-wrapper(...), anchorHoriz='center', anchorVert='center', antialias=True, autoDraw=False, autoLog=True, bold=False, color=array([1, 1, 1]), colorSpace='rgb', contrast=1.0, depth=0.0, flipHoriz=False, flipVert=False, font='Open Sans', fontFiles=[], height=0.05, italic=False, languageStyle='LTR', name='textBlank500', opacity=1.0, ori=0.0, pos=array([0., 0.]), rgb=UNKNOWN, text='', units='height', win=Window(...), wrapWidth=1)
153.4527 	EXP 	Created fixationITI = ShapeStim(__class__=<class 'psychopy.visual.shape.ShapeStim'>, anchor=('center', 'center'), autoDraw=False, autoLog=True, closeShape=True, color=method-wrapper(...), colorSpace='rgb', contrast=None, depth=0.0, fillColor=array([1, 1, 1]), fillColorSpace='rgb', fillRGB=array([1, 1, 1]), interpolate=True, lineColor=array([1, 1, 1]), lineColorSpace='rgb', lineRGB=array([1, 1, 1]), lineWidth=1.0, name='fixationITI', opacity=1.0, ori=0.0, pos=array([0., 0.]), size=array([0.1, 0.1]), units='height', vertices=ndarray(...), win=Window(...), windingRule=None)
153.4574 	EXP 	Created polygonColour = Rect(__class__=<class 'psychopy.visual.rect.Rect'>, anchor=('center', 'center'), autoDraw=False, autoLog=True, closeShape=True, color=method-wrapper(...), colorSpace='rgb', contrast=None, depth=0.0, fillColor=array([1, 1, 1]), fillColorSpace='rgb', fillRGB=array([1, 1, 1]), interpolate=True, lineColor=array([1, 1, 1]), lineColorSpace='rgb', lineRGB=array([1, 1, 1]), lineWidth=1.0, name='polygonColour', opacity=1.0, ori=0.0, pos=array([0., 0.]), size=array([0.55, 0.55]), units='height', vertices=ndarray(...), win=Window(...))
153.4617 	EXP 	Created polygonWhite = Rect(__class__=<class 'psychopy.visual.rect.Rect'>, anchor=('center', 'center'), autoDraw=False, autoLog=True, closeShape=True, color=method-wrapper(...), colorSpace='rgb', contrast=None, depth=-1.0, fillColor=array([1, 1, 1]), fillColorSpace='rgb', fillRGB=array([1, 1, 1]), interpolate=True, lineColor=array([1, 1, 1]), lineColorSpace='rgb', lineRGB=array([1, 1, 1]), lineWidth=1.0, name='polygonWhite', opacity=1.0, ori=0.0, pos=array([0., 0.]), size=array([0.5, 0.5]), units='height', vertices=ndarray(...), win=Window(...))
153.5367 	EXP 	Created imageObject = ImageStim(__class__=<class 'psychopy.visual.image.ImageStim'>, anchor=('center', 'center'), autoLog=True, color=array([1, 1, 1]), colorSpace='rgb', contrast=1.0, depth=-2.0, flipHoriz=False, flipVert=False, image='sin', interpolate=True, mask=None, maskParams=None, name='imageObject', opacity=1.0, ori=0.0, pos=array([0., 0.]), size=array([0.5, 0.5]), texRes=128.0, units='height', win=Window(...))
153.5402 	EXP 	Created polygonType = Rect(__class__=<class 'psychopy.visual.rect.Rect'>, anchor=('center', 'center'), autoDraw=False, autoLog=True, closeShape=True, color=method-wrapper(...), colorSpace='rgb', contrast=None, depth=-3.0, fillColor=array([0.9216, 0.9216, 0.9216]), fillColorSpace='rgb', fillRGB=array([0.9216, 0.9216, 0.9216]), interpolate=True, lineColor=array([0.9216, 0.9216, 0.9216]), lineColorSpace='rgb', lineRGB=array([0.9216, 0.9216, 0.9216]), lineWidth=1.0, name='polygonType', opacity=1.0, ori=0.0, pos=array([0., 0.]), size=array([0.3, 0.1]), units='height', vertices=ndarray(...), win=Window(...))
153.5418 	EXP 	Created textInput = TextStim(__class__=<class 'psychopy.visual.text.TextStim'>, alignHoriz=method-wrapper(...), alignText='center', alignVert=method-wrapper(...), anchorHoriz='center', anchorVert='center', antialias=True, autoDraw=False, autoLog=True, bold=False, color=array([-1., -1., -1.]), colorSpace='rgb', contrast=1.0, depth=-4.0, flipHoriz=False, flipVert=False, font='Open Sans', fontFiles=[], height=0.05, italic=False, languageStyle='LTR', name='textInput', opacity=1.0, ori=0.0, pos=array([0., 0.]), rgb=UNKNOWN, text='', units='height', win=Window(...), wrapWidth=1)
155.2714 	EXP 	Created textBlankLoop = TextStim(__class__=<class 'psychopy.visual.text.TextStim'>, alignHoriz=method-wrapper(...), alignText='center', alignVert=method-wrapper(...), anchorHoriz='center', anchorVert='center', antialias=True, autoDraw=False, autoLog=True, bold=False, color=array([1, 1, 1]), colorSpace='rgb', contrast=1.0, depth=0.0, flipHoriz=False, flipVert=False, font='Open Sans', fontFiles=[], height=0.05, italic=False, languageStyle='LTR', name='textBlankLoop', opacity=1.0, ori=0.0, pos=array([0., 0.]), rgb=UNKNOWN, text='', units='height', win=Window(...), wrapWidth=1)
155.3316 	EXP 	Created textBlank2 = TextStim(__class__=<class 'psychopy.visual.text.TextStim'>, alignHoriz=method-wrapper(...), alignText='center', alignVert=method-wrapper(...), anchorHoriz='center', anchorVert='center', antialias=True, autoDraw=False, autoLog=True, bold=False, color=array([1, 1, 1]), colorSpace='rgb', contrast=1.0, depth=0.0, flipHoriz=False, flipVert=False, font='Open Sans', fontFiles=[], height=0.05, italic=False, languageStyle='LTR', name='textBlank2', opacity=1.0, ori=0.0, pos=array([0., 0.]), rgb=UNKNOWN, text='', units='height', win=Window(...), wrapWidth=1)
155.4895 	DATA 	Mouse: Left button down, pos=(1224,771)
155.4906 	DATA 	Mouse:  Left button up, pos=(1224,771)
155.5351 	EXP 	textboxInstrMain1: autoLog = True
155.5351 	EXP 	textboxInstrMain1_2: autoLog = True
155.5351 	EXP 	textboxInstrMain1_3: autoLog = True
155.5351 	EXP 	textboxInstrMain2: autoLog = True
155.5351 	EXP 	textboxInstrMain2_2: autoLog = True
155.5351 	EXP 	textboxInstrMain2_3: autoLog = True
155.5351 	EXP 	textboxInstrMain2_4: autoLog = True
155.5351 	EXP 	textboxInstrMain2_5: autoLog = True
155.5351 	EXP 	textboxInstrMain2_6: autoLog = True
155.5351 	EXP 	textboxInstrMain2_7: autoLog = True
155.5351 	EXP 	textboxInstrMain2_8: autoLog = True
155.5351 	EXP 	textboxInstrMain2_9: autoLog = True
155.5351 	EXP 	textboxInstrMain2_10: autoLog = True
155.5351 	EXP 	textboxInstrMain2_11: autoLog = True
155.5351 	EXP 	textboxInstrMain2_12: autoLog = True
155.5351 	EXP 	textboxPause: autoLog = True
155.5351 	EXP 	textboxGoodbye: autoLog = True
155.5351 	EXP 	textWelcome: autoDraw = True
157.9780 	EXP 	textWelcome: autoDraw = False
157.9780 	EXP 	textboxInstrMain1: autoDraw = True
157.9780 	EXP 	textboxInstrMain1_2: autoDraw = True
157.9780 	EXP 	textboxInstrMain1_3: autoDraw = True
159.3233 	DATA 	Keypress: space
159.4072 	EXP 	textboxInstrMain1: autoDraw = False
159.4072 	EXP 	textboxInstrMain1_2: autoDraw = False
159.4072 	EXP 	textboxInstrMain1_3: autoDraw = False
159.4072 	EXP 	textboxInstrMain2: autoDraw = True
159.4072 	EXP 	textboxInstrMain2_2: autoDraw = True
159.4072 	EXP 	textboxInstrMain2_3: autoDraw = True
159.4072 	EXP 	textboxInstrMain2_4: autoDraw = True
159.4072 	EXP 	textboxInstrMain2_5: autoDraw = True
159.4072 	EXP 	textboxInstrMain2_6: autoDraw = True
159.4072 	EXP 	textboxInstrMain2_7: autoDraw = True
159.4072 	EXP 	textboxInstrMain2_8: autoDraw = True
159.4072 	EXP 	textboxInstrMain2_9: autoDraw = True
159.4072 	EXP 	textboxInstrMain2_10: autoDraw = True
159.4072 	EXP 	textboxInstrMain2_11: autoDraw = True
159.4072 	EXP 	textboxInstrMain2_12: autoDraw = True
160.1492 	DATA 	Keypress: space
160.1566 	EXP 	textboxInstrMain2: autoDraw = False
160.1566 	EXP 	textboxInstrMain2_2: autoDraw = False
160.1566 	EXP 	textboxInstrMain2_3: autoDraw = False
160.1566 	EXP 	textboxInstrMain2_4: autoDraw = False
160.1566 	EXP 	textboxInstrMain2_5: autoDraw = False
160.1566 	EXP 	textboxInstrMain2_6: autoDraw = False
160.1566 	EXP 	textboxInstrMain2_7: autoDraw = False
160.1566 	EXP 	textboxInstrMain2_8: autoDraw = False
160.1566 	EXP 	textboxInstrMain2_9: autoDraw = False
160.1566 	EXP 	textboxInstrMain2_10: autoDraw = False
160.1566 	EXP 	textboxInstrMain2_11: autoDraw = False
160.1566 	EXP 	textboxInstrMain2_12: autoDraw = False
160.1566 	EXP 	textBlank500: autoDraw = True
160.9522 	EXP 	Imported repswitch_V1L1.xlsx as conditions, 408 conditions, 17 params
161.0602 	EXP 	Created sequence: sequential, trialTypes=408, nReps=1, seed=None
161.0626 	EXP 	New trial (rep=0, index=0): {'image': 'REPSWITCH1/PICTURE_340.png', 'correctAns': 'espejo', 'respModal': 'type', 'frameColor': 'darkblue', 'repSwitch': 'filler', 'sequence': 1, 'target': 'F', 'set': 1, 'block': 1, 'list': 1, 'exp_version': 1, 'stimulus': 'Extra1', 'baseline': 0, 'baseline_condition': None, 'trial_no': 1, 'psychopy_trial': 0, 'Column1': 1}
161.0949 	EXP 	textBlank500: autoDraw = False
161.0949 	EXP 	textBlank500: autoDraw = False
161.0949 	EXP 	fixationITI: autoDraw = True
162.9129 	EXP 	fixationITI: autoDraw = False
162.9129 	EXP 	fixationITI: autoDraw = False
162.9129 	EXP 	polygonColour: fillColor = <psychopy.colors.Color: darkblue, alpha=1.0>
162.9129 	EXP 	polygonColour: borderColor = <psychopy.colors.Color: darkblue, alpha=1.0>
162.9129 	EXP 	imageObject: image = 'REPSWITCH1/PICTURE_340.png'
162.9129 	EXP 	polygonColour: autoDraw = True
162.9129 	EXP 	polygonWhite: autoDraw = True
162.9129 	EXP 	imageObject: autoDraw = True
162.9129 	EXP 	polygonType: autoDraw = True
162.9129 	EXP 	textInput: autoDraw = True
162.9129 	EXP 	textInput: height = 0.05
162.9129 	EXP 	textInput: height = 0.05
162.9129 	EXP 	textInput: height = 0.05
162.9129 	EXP 	textInput: text = ''
163.7394 	DATA 	Keypress: e
163.9063 	DATA 	Keypress: s
163.9881 	DATA 	Keypress: p
164.1541 	DATA 	Keypress: e
164.4222 	DATA 	Keypress: j
164.5178 	DATA 	Keypress: o
165.4022 	EXP 	polygonColour: autoDraw = False
165.4022 	EXP 	polygonWhite: autoDraw = False
165.4022 	EXP 	imageObject: autoDraw = False
165.4022 	EXP 	polygonType: autoDraw = False
165.4022 	EXP 	textInput: autoDraw = False
165.4022 	EXP 	textBlankLoop: autoDraw = True
165.9025 	EXP 	New trial (rep=0, index=1): {'image': 'REPSWITCH1/PICTURE_391.png', 'correctAns': 'cadena', 'respModal': 'speak', 'frameColor': 'gold', 'repSwitch': 'filler', 'sequence': 2, 'target': 'F', 'set': 1, 'block': 1, 'list': 1, 'exp_version': 1, 'stimulus': 'Extra2', 'baseline': 0, 'baseline_condition': None, 'trial_no': 2, 'psychopy_trial': 1, 'Column1': 2}
165.9122 	EXP 	textBlankLoop: autoDraw = False
165.9122 	EXP 	textboxPause: autoDraw = False
165.9122 	EXP 	fixationITI: autoDraw = True
167.0503 	EXP 	fixationITI: autoDraw = False
167.0503 	EXP 	fixationITI: autoDraw = False
167.0503 	EXP 	polygonColour: fillColor = <psychopy.colors.Color: gold, alpha=1.0>
167.0503 	EXP 	polygonColour: borderColor = <psychopy.colors.Color: gold, alpha=1.0>
167.0503 	EXP 	imageObject: image = 'REPSWITCH1/PICTURE_391.png'
167.0503 	EXP 	polygonColour: autoDraw = True
167.0503 	EXP 	polygonWhite: autoDraw = True
167.0503 	EXP 	imageObject: autoDraw = True
167.0503 	EXP 	polygonType: autoDraw = True
167.0503 	EXP 	textInput: autoDraw = True
170.2507 	EXP 	polygonColour: autoDraw = False
170.2507 	EXP 	polygonWhite: autoDraw = False
170.2507 	EXP 	imageObject: autoDraw = False
170.2507 	EXP 	polygonType: autoDraw = False
170.2507 	EXP 	textInput: autoDraw = False
170.2507 	EXP 	textBlankLoop: autoDraw = True
170.7513 	EXP 	New trial (rep=0, index=2): {'image': 'REPSWITCH1/PICTURE_178.png', 'correctAns': 'puente', 'respModal': 'speak', 'frameColor': 'gold', 'repSwitch': 'nontarget', 'sequence': 2, 'target': 'NT', 'set': 1, 'block': 1, 'list': 1, 'exp_version': 1, 'stimulus': 'Stim1_Set1', 'baseline': 1, 'baseline_condition': 'repeat', 'trial_no': 3, 'psychopy_trial': 2, 'Column1': 3}
170.7610 	EXP 	textBlankLoop: autoDraw = False
170.7610 	EXP 	textBlankLoop: autoDraw = False
170.7610 	EXP 	textboxPause: autoDraw = False
170.7610 	EXP 	fixationITI: autoDraw = True
172.0956 	EXP 	fixationITI: autoDraw = False
172.0956 	EXP 	fixationITI: autoDraw = False
172.0956 	EXP 	polygonColour: fillColor = <psychopy.colors.Color: gold, alpha=1.0>
172.0956 	EXP 	polygonColour: borderColor = <psychopy.colors.Color: gold, alpha=1.0>
172.0956 	EXP 	imageObject: image = 'REPSWITCH1/PICTURE_178.png'
172.0956 	EXP 	polygonColour: autoDraw = True
172.0956 	EXP 	polygonWhite: autoDraw = True
172.0956 	EXP 	imageObject: autoDraw = True
172.0956 	EXP 	polygonType: autoDraw = True
172.0956 	EXP 	textInput: autoDraw = True
175.1886 	EXP 	polygonColour: autoDraw = False
175.1886 	EXP 	polygonWhite: autoDraw = False
175.1886 	EXP 	imageObject: autoDraw = False
175.1886 	EXP 	polygonType: autoDraw = False
175.1886 	EXP 	textInput: autoDraw = False
175.1886 	EXP 	textBlankLoop: autoDraw = True
175.6836 	EXP 	New trial (rep=0, index=3): {'image': 'REPSWITCH1/PICTURE_178.png', 'correctAns': 'puente', 'respModal': 'speak', 'frameColor': 'gold', 'repSwitch': 'repeat', 'sequence': 2, 'target': 'T', 'set': 1, 'block': 1, 'list': 1, 'exp_version': 1, 'stimulus': 'Stim1_Set1', 'baseline': 0, 'baseline_condition': None, 'trial_no': 4, 'psychopy_trial': 3, 'Column1': 4}
175.6931 	EXP 	textBlankLoop: autoDraw = False
175.6931 	EXP 	textBlankLoop: autoDraw = False
175.6931 	EXP 	textboxPause: autoDraw = False
175.6931 	EXP 	fixationITI: autoDraw = True
176.8201 	EXP 	fixationITI: autoDraw = False
176.8201 	EXP 	fixationITI: autoDraw = False
176.8201 	EXP 	polygonColour: fillColor = <psychopy.colors.Color: gold, alpha=1.0>
176.8201 	EXP 	polygonColour: borderColor = <psychopy.colors.Color: gold, alpha=1.0>
176.8201 	EXP 	imageObject: image = 'REPSWITCH1/PICTURE_178.png'
176.8201 	EXP 	polygonColour: autoDraw = True
176.8201 	EXP 	polygonWhite: autoDraw = True
176.8201 	EXP 	imageObject: autoDraw = True
176.8201 	EXP 	polygonType: autoDraw = True
176.8201 	EXP 	textInput: autoDraw = True
180.0254 	EXP 	polygonColour: autoDraw = False
180.0254 	EXP 	polygonWhite: autoDraw = False
180.0254 	EXP 	imageObject: autoDraw = False
180.0254 	EXP 	polygonType: autoDraw = False
180.0254 	EXP 	textInput: autoDraw = False
180.0254 	EXP 	polygonColour: autoDraw = False
180.0254 	EXP 	polygonWhite: autoDraw = False
180.0254 	EXP 	imageObject: autoDraw = False
180.0254 	EXP 	polygonType: autoDraw = False
180.0254 	EXP 	textInput: autoDraw = False
180.0254 	EXP 	textBlankLoop: autoDraw = True
180.5152 	EXP 	New trial (rep=0, index=4): {'image': 'REPSWITCH1/PICTURE_319.png', 'correctAns': 'vaca', 'respModal': 'type', 'frameColor': 'darkblue', 'repSwitch': 'filler', 'sequence': 1, 'target': 'F', 'set': 1, 'block': 1, 'list': 1, 'exp_version': 1, 'stimulus': 'Stim1_Set4', 'baseline': 0, 'baseline_condition': None, 'trial_no': 5, 'psychopy_trial': 4, 'Column1': 5}
180.5251 	EXP 	textBlankLoop: autoDraw = False
180.5251 	EXP 	textBlankLoop: autoDraw = False
180.5251 	EXP 	textboxPause: autoDraw = False
180.5251 	EXP 	fixationITI: autoDraw = True
181.6848 	EXP 	fixationITI: autoDraw = False
181.6848 	EXP 	fixationITI: autoDraw = False
181.6848 	EXP 	polygonColour: fillColor = <psychopy.colors.Color: darkblue, alpha=1.0>
181.6848 	EXP 	polygonColour: borderColor = <psychopy.colors.Color: darkblue, alpha=1.0>
181.6848 	EXP 	imageObject: image = 'REPSWITCH1/PICTURE_319.png'
181.6848 	EXP 	polygonColour: autoDraw = True
181.6848 	EXP 	polygonWhite: autoDraw = True
181.6848 	EXP 	imageObject: autoDraw = True
181.6848 	EXP 	polygonType: autoDraw = True
181.6848 	EXP 	textInput: autoDraw = True
182.5823 	DATA 	Keypress: v
182.6911 	DATA 	Keypress: a
183.0321 	DATA 	Keypress: c
183.1346 	DATA 	Keypress: a
184.7789 	EXP 	polygonColour: autoDraw = False
184.7789 	EXP 	polygonWhite: autoDraw = False
184.7789 	EXP 	imageObject: autoDraw = False
184.7789 	EXP 	polygonType: autoDraw = False
184.7789 	EXP 	textInput: autoDraw = False
184.7789 	EXP 	textBlankLoop: autoDraw = True
185.2789 	EXP 	New trial (rep=0, index=5): {'image': 'REPSWITCH1/PICTURE_381.png', 'correctAns': 'fresa', 'respModal': 'speak', 'frameColor': 'gold', 'repSwitch': 'nontarget', 'sequence': 2, 'target': 'NT', 'set': 1, 'block': 1, 'list': 1, 'exp_version': 1, 'stimulus': 'Stim2_Set1', 'baseline': 1, 'baseline_condition': 'switch', 'trial_no': 6, 'psychopy_trial': 5, 'Column1': 6}
185.2907 	EXP 	textBlankLoop: autoDraw = False
185.2907 	EXP 	textboxPause: autoDraw = False
185.2907 	EXP 	fixationITI: autoDraw = True
186.5858 	EXP 	fixationITI: autoDraw = False
186.5858 	EXP 	fixationITI: autoDraw = False
186.5858 	EXP 	polygonColour: fillColor = <psychopy.colors.Color: gold, alpha=1.0>
186.5858 	EXP 	polygonColour: borderColor = <psychopy.colors.Color: gold, alpha=1.0>
186.5858 	EXP 	imageObject: image = 'REPSWITCH1/PICTURE_381.png'
186.5858 	EXP 	polygonColour: autoDraw = True
186.5858 	EXP 	polygonWhite: autoDraw = True
186.5858 	EXP 	imageObject: autoDraw = True
186.5858 	EXP 	polygonType: autoDraw = True
186.5858 	EXP 	textInput: autoDraw = True
189.6390 	EXP 	polygonColour: autoDraw = False
189.6390 	EXP 	polygonWhite: autoDraw = False
189.6390 	EXP 	imageObject: autoDraw = False
189.6390 	EXP 	polygonType: autoDraw = False
189.6390 	EXP 	textInput: autoDraw = False
189.6390 	EXP 	textBlankLoop: autoDraw = True
190.1306 	EXP 	New trial (rep=0, index=6): {'image': 'REPSWITCH1/PICTURE_381.png', 'correctAns': 'fresa', 'respModal': 'speak', 'frameColor': 'gold', 'repSwitch': 'repeat', 'sequence': 2, 'target': 'T', 'set': 1, 'block': 1, 'list': 1, 'exp_version': 1, 'stimulus': 'Stim2_Set1', 'baseline': 0, 'baseline_condition': None, 'trial_no': 7, 'psychopy_trial': 6, 'Column1': 7}
190.1407 	EXP 	textBlankLoop: autoDraw = False
190.1407 	EXP 	textBlankLoop: autoDraw = False
190.1407 	EXP 	textboxPause: autoDraw = False
190.1407 	EXP 	fixationITI: autoDraw = True
191.3483 	EXP 	fixationITI: autoDraw = False
191.3483 	EXP 	fixationITI: autoDraw = False
191.3483 	EXP 	polygonColour: fillColor = <psychopy.colors.Color: gold, alpha=1.0>
191.3483 	EXP 	polygonColour: borderColor = <psychopy.colors.Color: gold, alpha=1.0>
191.3483 	EXP 	imageObject: image = 'REPSWITCH1/PICTURE_381.png'
191.3483 	EXP 	polygonColour: autoDraw = True
191.3483 	EXP 	polygonWhite: autoDraw = True
191.3483 	EXP 	imageObject: autoDraw = True
191.3483 	EXP 	polygonType: autoDraw = True
191.3483 	EXP 	textInput: autoDraw = True
194.5233 	EXP 	polygonColour: autoDraw = False
194.5233 	EXP 	polygonWhite: autoDraw = False
194.5233 	EXP 	imageObject: autoDraw = False
194.5233 	EXP 	polygonType: autoDraw = False
194.5233 	EXP 	textInput: autoDraw = False
194.5233 	EXP 	textBlankLoop: autoDraw = True
195.0281 	EXP 	New trial (rep=0, index=7): {'image': 'REPSWITCH1/PICTURE_719.png', 'correctAns': 'baño', 'respModal': 'type', 'frameColor': 'darkblue', 'repSwitch': 'filler', 'sequence': 1, 'target': 'F', 'set': 1, 'block': 1, 'list': 1, 'exp_version': 1, 'stimulus': 'Stim2_Set4', 'baseline': 1, 'baseline_condition': 'switch', 'trial_no': 8, 'psychopy_trial': 7, 'Column1': 8}
195.0384 	EXP 	textBlankLoop: autoDraw = False
195.0384 	EXP 	textboxPause: autoDraw = False
195.0384 	EXP 	fixationITI: autoDraw = True
196.1819 	EXP 	fixationITI: autoDraw = False
196.1819 	EXP 	fixationITI: autoDraw = False
196.1819 	EXP 	polygonColour: fillColor = <psychopy.colors.Color: darkblue, alpha=1.0>
196.1819 	EXP 	polygonColour: borderColor = <psychopy.colors.Color: darkblue, alpha=1.0>
196.1819 	EXP 	imageObject: image = 'REPSWITCH1/PICTURE_719.png'
196.1819 	EXP 	polygonColour: autoDraw = True
196.1819 	EXP 	polygonWhite: autoDraw = True
196.1819 	EXP 	imageObject: autoDraw = True
196.1819 	EXP 	polygonType: autoDraw = True
196.1819 	EXP 	textInput: autoDraw = True
197.2122 	DATA 	Keypress: b
197.3316 	DATA 	Keypress: a
198.0294 	DATA 	Keypress: n
198.1463 	DATA 	Keypress: o
199.3503 	EXP 	polygonColour: autoDraw = False
199.3503 	EXP 	polygonWhite: autoDraw = False
199.3503 	EXP 	imageObject: autoDraw = False
199.3503 	EXP 	polygonType: autoDraw = False
199.3503 	EXP 	textInput: autoDraw = False
199.3503 	EXP 	textBlankLoop: autoDraw = True
199.8441 	EXP 	New trial (rep=0, index=8): {'image': 'REPSWITCH1/PICTURE_135.png', 'correctAns': 'traje', 'respModal': 'speak', 'frameColor': 'gold', 'repSwitch': 'nontarget', 'sequence': 2, 'target': 'NT', 'set': 1, 'block': 1, 'list': 1, 'exp_version': 1, 'stimulus': 'Stim3_Set1', 'baseline': 0, 'baseline_condition': None, 'trial_no': 9, 'psychopy_trial': 8, 'Column1': 9}
199.8539 	EXP 	textBlankLoop: autoDraw = False
199.8539 	EXP 	textBlankLoop: autoDraw = False
199.8539 	EXP 	textboxPause: autoDraw = False
199.8539 	EXP 	fixationITI: autoDraw = True
201.0851 	EXP 	fixationITI: autoDraw = False
201.0851 	EXP 	fixationITI: autoDraw = False
201.0851 	EXP 	polygonColour: fillColor = <psychopy.colors.Color: gold, alpha=1.0>
201.0851 	EXP 	polygonColour: borderColor = <psychopy.colors.Color: gold, alpha=1.0>
201.0851 	EXP 	imageObject: image = 'REPSWITCH1/PICTURE_135.png'
201.0851 	EXP 	polygonColour: autoDraw = True
201.0851 	EXP 	polygonWhite: autoDraw = True
201.0851 	EXP 	imageObject: autoDraw = True
201.0851 	EXP 	polygonType: autoDraw = True
201.0851 	EXP 	textInput: autoDraw = True
201.4307 	DATA 	Keypress: escape
202.9659 	EXP 	window1: mouseVisible = True
