8.4572 	EXP 	Created window1 = Window(allowGUI=True, allowStencil=False, autoLog=True, backendConf=UNKNOWN, bitsMode=UNKNOWN, blendMode='avg', bpc=(8, 8, 8), color=array([0, 0, 0]), colorSpace='rgb', depthBits=8, fullscr=<method-wrapper '__getattribute__' of attributeSetter object at 0x0000020BC4AD7850>, gamma=None, gammaErrorPolicy='raise', lms=UNKNOWN, monitor=<psychopy.monitors.calibTools.Monitor object at 0x0000020BC6A5A430>, multiSample=False, name='window1', numSamples=2, pos=(192, 108), screen=0, size=array([1536,  864]), stencilBits=0, stereo=False, units='height', useFBO=True, useRetina=False, viewOri=0.0, viewPos=None, viewScale=None, waitBlanking=True, winType='pyglet')
8.4574 	EXP 	window1: mouseVisible = True
8.4575 	EXP 	window1: mouseVisible = True
8.4576 	EXP 	window1: Attempting to measure frame rate of screen (0) ...
8.4576 	EXP 	window1: recordFrameIntervals = False
8.6219 	EXP 	window1: recordFrameIntervals = True
8.8055 	EXP 	Screen (0) actual frame rate measured at 60.00Hz
8.8056 	EXP 	window1: recordFrameIntervals = False
8.8443 	WARNING 	launchHubServer: If using the iohub mouse or eyetracker devices, fullScr should be True.
10.8677 	EXP 	Created textWelcome = TextStim(__class__=<class 'psychopy.visual.text.TextStim'>, alignHoriz=method-wrapper(...), alignText='center', alignVert=method-wrapper(...), anchorHoriz='center', anchorVert='center', antialias=True, autoDraw=False, autoLog=True, bold=False, color=array([1, 1, 1]), colorSpace='rgb', contrast=1.0, depth=0.0, flipHoriz=False, flipVert=False, font='Open Sans', fontFiles=[], height=0.05, italic=False, languageStyle='LTR', name='textWelcome', opacity=1.0, ori=0.0, pos=array([0., 0.]), rgb=UNKNOWN, text='We are going to start the experiment!', units='height', win=Window(...), wrapWidth=1)
10.8687 	EXP 	Created textBlank500 = TextStim(__class__=<class 'psychopy.visual.text.TextStim'>, alignHoriz=method-wrapper(...), alignText='center', alignVert=method-wrapper(...), anchorHoriz='center', anchorVert='center', antialias=True, autoDraw=False, autoLog=True, bold=False, color=array([1, 1, 1]), colorSpace='rgb', contrast=1.0, depth=0.0, flipHoriz=False, flipVert=False, font='Open Sans', fontFiles=[], height=0.05, italic=False, languageStyle='LTR', name='textBlank500', opacity=1.0, ori=0.0, pos=array([0., 0.]), rgb=UNKNOWN, text='', units='height', win=Window(...), wrapWidth=1)
11.2721 	EXP 	Created textBlank500 = TextStim(__class__=<class 'psychopy.visual.text.TextStim'>, alignHoriz=method-wrapper(...), alignText='center', alignVert=method-wrapper(...), anchorHoriz='center', anchorVert='center', antialias=True, autoDraw=False, autoLog=True, bold=False, color=array([1, 1, 1]), colorSpace='rgb', contrast=1.0, depth=0.0, flipHoriz=False, flipVert=False, font='Open Sans', fontFiles=[], height=0.05, italic=False, languageStyle='LTR', name='textBlank500', opacity=1.0, ori=0.0, pos=array([0., 0.]), rgb=UNKNOWN, text='', units='height', win=Window(...), wrapWidth=1)
11.2738 	EXP 	Created fixationITI = ShapeStim(__class__=<class 'psychopy.visual.shape.ShapeStim'>, anchor=('center', 'center'), autoDraw=False, autoLog=True, closeShape=True, color=method-wrapper(...), colorSpace='rgb', contrast=None, depth=0.0, fillColor=array([1, 1, 1]), fillColorSpace='rgb', fillRGB=array([1, 1, 1]), interpolate=True, lineColor=array([1, 1, 1]), lineColorSpace='rgb', lineRGB=array([1, 1, 1]), lineWidth=1.0, name='fixationITI', opacity=1.0, ori=0.0, pos=array([0., 0.]), size=array([0.1, 0.1]), units='height', vertices=ndarray(...), win=Window(...), windingRule=None)
11.2750 	EXP 	Created polygonColour = Rect(__class__=<class 'psychopy.visual.rect.Rect'>, anchor=('center', 'center'), autoDraw=False, autoLog=True, closeShape=True, color=method-wrapper(...), colorSpace='rgb', contrast=None, depth=0.0, fillColor=array([1, 1, 1]), fillColorSpace='rgb', fillRGB=array([1, 1, 1]), interpolate=True, lineColor=array([1, 1, 1]), lineColorSpace='rgb', lineRGB=array([1, 1, 1]), lineWidth=1.0, name='polygonColour', opacity=1.0, ori=0.0, pos=array([0., 0.]), size=array([0.55, 0.55]), units='height', vertices=ndarray(...), win=Window(...))
11.2762 	EXP 	Created polygonWhite = Rect(__class__=<class 'psychopy.visual.rect.Rect'>, anchor=('center', 'center'), autoDraw=False, autoLog=True, closeShape=True, color=method-wrapper(...), colorSpace='rgb', contrast=None, depth=-1.0, fillColor=array([1, 1, 1]), fillColorSpace='rgb', fillRGB=array([1, 1, 1]), interpolate=True, lineColor=array([1, 1, 1]), lineColorSpace='rgb', lineRGB=array([1, 1, 1]), lineWidth=1.0, name='polygonWhite', opacity=1.0, ori=0.0, pos=array([0., 0.]), size=array([0.5, 0.5]), units='height', vertices=ndarray(...), win=Window(...))
11.2811 	EXP 	Created imageObject = ImageStim(__class__=<class 'psychopy.visual.image.ImageStim'>, anchor=('center', 'center'), autoLog=True, color=array([1, 1, 1]), colorSpace='rgb', contrast=1.0, depth=-2.0, flipHoriz=False, flipVert=False, image='sin', interpolate=True, mask=None, maskParams=None, name='imageObject', opacity=1.0, ori=0.0, pos=array([0., 0.]), size=array([0.5, 0.5]), texRes=128.0, units='height', win=Window(...))
11.2831 	EXP 	Created polygonType = Rect(__class__=<class 'psychopy.visual.rect.Rect'>, anchor=('center', 'center'), autoDraw=False, autoLog=True, closeShape=True, color=method-wrapper(...), colorSpace='rgb', contrast=None, depth=-3.0, fillColor=array([0.9216, 0.9216, 0.9216]), fillColorSpace='rgb', fillRGB=array([0.9216, 0.9216, 0.9216]), interpolate=True, lineColor=array([0.9216, 0.9216, 0.9216]), lineColorSpace='rgb', lineRGB=array([0.9216, 0.9216, 0.9216]), lineWidth=1.0, name='polygonType', opacity=1.0, ori=0.0, pos=array([0., 0.]), size=array([0.3, 0.1]), units='height', vertices=ndarray(...), win=Window(...))
11.2840 	EXP 	Created textInput = TextStim(__class__=<class 'psychopy.visual.text.TextStim'>, alignHoriz=method-wrapper(...), alignText='center', alignVert=method-wrapper(...), anchorHoriz='center', anchorVert='center', antialias=True, autoDraw=False, autoLog=True, bold=False, color=array([-1., -1., -1.]), colorSpace='rgb', contrast=1.0, depth=-4.0, flipHoriz=False, flipVert=False, font='Open Sans', fontFiles=[], height=0.05, italic=False, languageStyle='LTR', name='textInput', opacity=1.0, ori=0.0, pos=array([0., 0.]), rgb=UNKNOWN, text='', units='height', win=Window(...), wrapWidth=1)
12.3301 	EXP 	Created textBlank500 = TextStim(__class__=<class 'psychopy.visual.text.TextStim'>, alignHoriz=method-wrapper(...), alignText='center', alignVert=method-wrapper(...), anchorHoriz='center', anchorVert='center', antialias=True, autoDraw=False, autoLog=True, bold=False, color=array([1, 1, 1]), colorSpace='rgb', contrast=1.0, depth=0.0, flipHoriz=False, flipVert=False, font='Open Sans', fontFiles=[], height=0.05, italic=False, languageStyle='LTR', name='textBlank500', opacity=1.0, ori=0.0, pos=array([0., 0.]), rgb=UNKNOWN, text='', units='height', win=Window(...), wrapWidth=1)
12.3582 	EXP 	Created textBlank500 = TextStim(__class__=<class 'psychopy.visual.text.TextStim'>, alignHoriz=method-wrapper(...), alignText='center', alignVert=method-wrapper(...), anchorHoriz='center', anchorVert='center', antialias=True, autoDraw=False, autoLog=True, bold=False, color=array([1, 1, 1]), colorSpace='rgb', contrast=1.0, depth=0.0, flipHoriz=False, flipVert=False, font='Open Sans', fontFiles=[], height=0.05, italic=False, languageStyle='LTR', name='textBlank500', opacity=1.0, ori=0.0, pos=array([0., 0.]), rgb=UNKNOWN, text='', units='height', win=Window(...), wrapWidth=1)
12.4055 	EXP 	textboxInstrMain1: autoLog = True
12.4055 	EXP 	textboxInstrMain1_2: autoLog = True
12.4055 	EXP 	textboxInstrMain1_3: autoLog = True
12.4055 	EXP 	textboxInstrMain2: autoLog = True
12.4055 	EXP 	textboxInstrMain2_2: autoLog = True
12.4055 	EXP 	textboxInstrMain2_3: autoLog = True
12.4055 	EXP 	textboxInstrMain2_4: autoLog = True
12.4055 	EXP 	textboxInstrMain2_5: autoLog = True
12.4055 	EXP 	textboxInstrMain2_6: autoLog = True
12.4055 	EXP 	textboxInstrMain2_7: autoLog = True
12.4055 	EXP 	textboxInstrMain2_8: autoLog = True
12.4055 	EXP 	textboxInstrMain2_9: autoLog = True
12.4055 	EXP 	textboxInstrMain2_10: autoLog = True
12.4055 	EXP 	textboxInstrMain2_11: autoLog = True
12.4055 	EXP 	textboxInstrMain2_12: autoLog = True
12.4055 	EXP 	textboxPause: autoLog = True
12.4055 	EXP 	textboxGoodbye: autoLog = True
12.4055 	EXP 	textWelcome: autoDraw = True
14.4030 	EXP 	textWelcome: autoDraw = False
14.4030 	EXP 	textBlank500: autoDraw = True
14.9184 	EXP 	textBlank500: autoDraw = False
14.9184 	EXP 	textboxInstrMain1: autoDraw = True
14.9184 	EXP 	textboxInstrMain1_2: autoDraw = True
14.9184 	EXP 	textboxInstrMain1_3: autoDraw = True
15.8244 	DATA 	Keypress: space
15.8685 	EXP 	textboxInstrMain1: autoDraw = False
15.8685 	EXP 	textboxInstrMain1_2: autoDraw = False
15.8685 	EXP 	textboxInstrMain1_3: autoDraw = False
15.8685 	EXP 	textboxInstrMain2: autoDraw = True
15.8685 	EXP 	textboxInstrMain2_2: autoDraw = True
15.8685 	EXP 	textboxInstrMain2_3: autoDraw = True
15.8685 	EXP 	textboxInstrMain2_4: autoDraw = True
15.8685 	EXP 	textboxInstrMain2_5: autoDraw = True
15.8685 	EXP 	textboxInstrMain2_6: autoDraw = True
15.8685 	EXP 	textboxInstrMain2_7: autoDraw = True
15.8685 	EXP 	textboxInstrMain2_8: autoDraw = True
15.8685 	EXP 	textboxInstrMain2_9: autoDraw = True
15.8685 	EXP 	textboxInstrMain2_10: autoDraw = True
15.8685 	EXP 	textboxInstrMain2_11: autoDraw = True
15.8685 	EXP 	textboxInstrMain2_12: autoDraw = True
16.9325 	DATA 	Keypress: space
16.9690 	EXP 	textboxInstrMain2: autoDraw = False
16.9690 	EXP 	textboxInstrMain2_2: autoDraw = False
16.9690 	EXP 	textboxInstrMain2_3: autoDraw = False
16.9690 	EXP 	textboxInstrMain2_4: autoDraw = False
16.9690 	EXP 	textboxInstrMain2_5: autoDraw = False
16.9690 	EXP 	textboxInstrMain2_6: autoDraw = False
16.9690 	EXP 	textboxInstrMain2_7: autoDraw = False
16.9690 	EXP 	textboxInstrMain2_8: autoDraw = False
16.9690 	EXP 	textboxInstrMain2_9: autoDraw = False
16.9690 	EXP 	textboxInstrMain2_10: autoDraw = False
16.9690 	EXP 	textboxInstrMain2_11: autoDraw = False
16.9690 	EXP 	textboxInstrMain2_12: autoDraw = False
16.9690 	EXP 	textBlank500: autoDraw = True
17.5641 	EXP 	Imported repswitch.xlsx as conditions, 384 conditions, 11 params
17.5684 	EXP 	Created sequence: sequential, trialTypes=384, nReps=1, seed=None
17.5687 	EXP 	New trial (rep=0, index=0): {'image': 'REPSWITCH1/PICTURE_178.png', 'correctAns': 'puente', 'respModal': 'speak', 'frameColor': 'yellow', 'repSwitch': 'nontarget', 'sequence': 2, 'target': 'NT', 'set': 1, 'stimulus': 'Stim1_Set1', 'order': 1, 'psychopy_order': 0}
17.5842 	EXP 	textBlank500: autoDraw = False
17.5842 	EXP 	textBlank500: autoDraw = False
17.5842 	EXP 	fixationITI: autoDraw = True
18.7022 	EXP 	fixationITI: autoDraw = False
18.7022 	EXP 	fixationITI: autoDraw = False
18.7022 	EXP 	polygonColour: fillColor = <psychopy.colors.Color: yellow, alpha=1.0>
18.7022 	EXP 	polygonColour: borderColor = <psychopy.colors.Color: yellow, alpha=1.0>
18.7022 	EXP 	imageObject: image = 'REPSWITCH1/PICTURE_178.png'
18.7022 	EXP 	polygonColour: autoDraw = True
18.7022 	EXP 	polygonWhite: autoDraw = True
18.7022 	EXP 	imageObject: autoDraw = True
18.7022 	EXP 	polygonType: autoDraw = True
18.7022 	EXP 	textInput: autoDraw = True
18.7022 	EXP 	textInput: height = 0.05
18.7022 	EXP 	textInput: height = 0.05
18.7022 	EXP 	textInput: height = 0.05
18.7022 	EXP 	textInput: text = ''
19.2213 	DATA 	Keypress: p
19.4386 	DATA 	Keypress: u
19.5048 	DATA 	Keypress: e
19.6549 	DATA 	Keypress: n
19.7385 	DATA 	Keypress: t
19.8213 	DATA 	Keypress: e
21.6832 	EXP 	polygonColour: autoDraw = False
21.6832 	EXP 	polygonWhite: autoDraw = False
21.6832 	EXP 	imageObject: autoDraw = False
21.6832 	EXP 	polygonType: autoDraw = False
21.6832 	EXP 	textInput: autoDraw = False
21.6832 	EXP 	textBlank500: autoDraw = True
22.1525 	EXP 	New trial (rep=0, index=1): {'image': 'REPSWITCH1/PICTURE_178.png', 'correctAns': 'puente', 'respModal': 'speak', 'frameColor': 'yellow', 'repSwitch': 'repeat', 'sequence': 2, 'target': 'T', 'set': 1, 'stimulus': 'Stim1_Set1', 'order': 2, 'psychopy_order': 1}
22.1678 	EXP 	textBlank500: autoDraw = False
22.1678 	EXP 	textboxPause: autoDraw = False
22.1678 	EXP 	fixationITI: autoDraw = True
23.3854 	EXP 	fixationITI: autoDraw = False
23.3854 	EXP 	fixationITI: autoDraw = False
23.3854 	EXP 	polygonColour: fillColor = <psychopy.colors.Color: yellow, alpha=1.0>
23.3854 	EXP 	polygonColour: borderColor = <psychopy.colors.Color: yellow, alpha=1.0>
23.3854 	EXP 	imageObject: image = 'REPSWITCH1/PICTURE_178.png'
23.3854 	EXP 	polygonColour: autoDraw = True
23.3854 	EXP 	polygonWhite: autoDraw = True
23.3854 	EXP 	imageObject: autoDraw = True
23.3854 	EXP 	polygonType: autoDraw = True
23.3854 	EXP 	textInput: autoDraw = True
23.7372 	DATA 	Keypress: p
23.9708 	DATA 	Keypress: u
24.0869 	DATA 	Keypress: e
24.1870 	DATA 	Keypress: n
24.2874 	DATA 	Keypress: t
24.3870 	DATA 	Keypress: e
26.4122 	EXP 	window1: mouseVisible = True
