8.8618 	EXP 	Created window1 = Window(allowGUI=True, allowStencil=False, autoLog=True, backendConf=UNKNOWN, bitsMode=UNKNOWN, blendMode='avg', bpc=(8, 8, 8), color=array([0, 0, 0]), colorSpace='rgb', depthBits=8, fullscr=<method-wrapper '__getattribute__' of attributeSetter object at 0x0000011B361D1760>, gamma=None, gammaErrorPolicy='raise', lms=UNKNOWN, monitor=<psychopy.monitors.calibTools.Monitor object at 0x0000011B38156340>, multiSample=False, name='window1', numSamples=2, pos=(192, 108), screen=0, size=array([1536,  864]), stencilBits=0, stereo=False, units='height', useFBO=True, useRetina=False, viewOri=0.0, viewPos=None, viewScale=None, waitBlanking=True, winType='pyglet')
8.8621 	EXP 	window1: mouseVisible = True
8.8623 	EXP 	window1: mouseVisible = True
8.8623 	EXP 	window1: Attempting to measure frame rate of screen (0) ...
8.8624 	EXP 	window1: recordFrameIntervals = False
9.0270 	EXP 	window1: recordFrameIntervals = True
9.2107 	EXP 	Screen (0) actual frame rate measured at 60.00Hz
9.2108 	EXP 	window1: recordFrameIntervals = False
9.2565 	WARNING 	launchHubServer: If using the iohub mouse or eyetracker devices, fullScr should be True.
11.1763 	EXP 	Created textWelcome = TextStim(__class__=<class 'psychopy.visual.text.TextStim'>, alignHoriz=method-wrapper(...), alignText='center', alignVert=method-wrapper(...), anchorHoriz='center', anchorVert='center', antialias=True, autoDraw=False, autoLog=True, bold=False, color=array([1, 1, 1]), colorSpace='rgb', contrast=1.0, depth=0.0, flipHoriz=False, flipVert=False, font='Open Sans', fontFiles=[], height=0.05, italic=False, languageStyle='LTR', name='textWelcome', opacity=1.0, ori=0.0, pos=array([0., 0.]), rgb=UNKNOWN, text='We are going to start the experiment!', units='height', win=Window(...), wrapWidth=1)
11.1773 	EXP 	Created textBlank500 = TextStim(__class__=<class 'psychopy.visual.text.TextStim'>, alignHoriz=method-wrapper(...), alignText='center', alignVert=method-wrapper(...), anchorHoriz='center', anchorVert='center', antialias=True, autoDraw=False, autoLog=True, bold=False, color=array([1, 1, 1]), colorSpace='rgb', contrast=1.0, depth=0.0, flipHoriz=False, flipVert=False, font='Open Sans', fontFiles=[], height=0.05, italic=False, languageStyle='LTR', name='textBlank500', opacity=1.0, ori=0.0, pos=array([0., 0.]), rgb=UNKNOWN, text='', units='height', win=Window(...), wrapWidth=1)
11.2157 	EXP 	Created textInstrMain1 = TextStim(__class__=<class 'psychopy.visual.text.TextStim'>, alignHoriz=method-wrapper(...), alignText='center', alignVert=method-wrapper(...), anchorHoriz='center', anchorVert='center', antialias=True, autoDraw=False, autoLog=True, bold=False, color=array([1, 1, 1]), colorSpace='rgb', contrast=1.0, depth=0.0, flipHoriz=False, flipVert=False, font='Open Sans', fontFiles=[], height=0.04, italic=False, languageStyle='LTR', name='textInstrMain1', opacity=1.0, ori=0.0, pos=array([0., 0.]), rgb=UNKNOWN, text=str(...), units='height', win=Window(...), wrapWidth=1)
11.2337 	EXP 	Created textInstrMain2 = TextStim(__class__=<class 'psychopy.visual.text.TextStim'>, alignHoriz=method-wrapper(...), alignText='center', alignVert=method-wrapper(...), anchorHoriz='center', anchorVert='center', antialias=True, autoDraw=False, autoLog=True, bold=False, color=array([1, 1, 1]), colorSpace='rgb', contrast=1.0, depth=0.0, flipHoriz=False, flipVert=False, font='Open Sans', fontFiles=[], height=0.05, italic=False, languageStyle='LTR', name='textInstrMain2', opacity=1.0, ori=0.0, pos=array([0., 0.]), rgb=UNKNOWN, text=str(...), units='height', win=Window(...), wrapWidth=1)
11.2347 	EXP 	Created textBlank500 = TextStim(__class__=<class 'psychopy.visual.text.TextStim'>, alignHoriz=method-wrapper(...), alignText='center', alignVert=method-wrapper(...), anchorHoriz='center', anchorVert='center', antialias=True, autoDraw=False, autoLog=True, bold=False, color=array([1, 1, 1]), colorSpace='rgb', contrast=1.0, depth=0.0, flipHoriz=False, flipVert=False, font='Open Sans', fontFiles=[], height=0.05, italic=False, languageStyle='LTR', name='textBlank500', opacity=1.0, ori=0.0, pos=array([0., 0.]), rgb=UNKNOWN, text='', units='height', win=Window(...), wrapWidth=1)
11.2380 	EXP 	Created fixationITI = ShapeStim(__class__=<class 'psychopy.visual.shape.ShapeStim'>, anchor=('center', 'center'), autoDraw=False, autoLog=True, closeShape=True, color=method-wrapper(...), colorSpace='rgb', contrast=None, depth=0.0, fillColor=array([1, 1, 1]), fillColorSpace='rgb', fillRGB=array([1, 1, 1]), interpolate=True, lineColor=array([1, 1, 1]), lineColorSpace='rgb', lineRGB=array([1, 1, 1]), lineWidth=1.0, name='fixationITI', opacity=1.0, ori=0.0, pos=array([0., 0.]), size=array([0.1, 0.1]), units='height', vertices=ndarray(...), win=Window(...), windingRule=None)
11.2392 	EXP 	Created polygonColour = Rect(__class__=<class 'psychopy.visual.rect.Rect'>, anchor=('center', 'center'), autoDraw=False, autoLog=True, closeShape=True, color=method-wrapper(...), colorSpace='rgb', contrast=None, depth=0.0, fillColor=array([1, 1, 1]), fillColorSpace='rgb', fillRGB=array([1, 1, 1]), interpolate=True, lineColor=array([1, 1, 1]), lineColorSpace='rgb', lineRGB=array([1, 1, 1]), lineWidth=1.0, name='polygonColour', opacity=1.0, ori=0.0, pos=array([0., 0.]), size=array([0.55, 0.55]), units='height', vertices=ndarray(...), win=Window(...))
11.2404 	EXP 	Created polygonWhite = Rect(__class__=<class 'psychopy.visual.rect.Rect'>, anchor=('center', 'center'), autoDraw=False, autoLog=True, closeShape=True, color=method-wrapper(...), colorSpace='rgb', contrast=None, depth=-1.0, fillColor=array([1, 1, 1]), fillColorSpace='rgb', fillRGB=array([1, 1, 1]), interpolate=True, lineColor=array([1, 1, 1]), lineColorSpace='rgb', lineRGB=array([1, 1, 1]), lineWidth=1.0, name='polygonWhite', opacity=1.0, ori=0.0, pos=array([0., 0.]), size=array([0.5, 0.5]), units='height', vertices=ndarray(...), win=Window(...))
11.2567 	EXP 	Created imageObject = ImageStim(__class__=<class 'psychopy.visual.image.ImageStim'>, anchor=('center', 'center'), autoLog=True, color=array([1, 1, 1]), colorSpace='rgb', contrast=1.0, depth=-2.0, flipHoriz=False, flipVert=False, image='sin', interpolate=True, mask=None, maskParams=None, name='imageObject', opacity=1.0, ori=0.0, pos=array([0., 0.]), size=array([0.5, 0.5]), texRes=128.0, units='height', win=Window(...))
11.2578 	EXP 	Created polygonType = Rect(__class__=<class 'psychopy.visual.rect.Rect'>, anchor=('center', 'center'), autoDraw=False, autoLog=True, closeShape=True, color=method-wrapper(...), colorSpace='rgb', contrast=None, depth=-3.0, fillColor=array([0.9216, 0.9216, 0.9216]), fillColorSpace='rgb', fillRGB=array([0.9216, 0.9216, 0.9216]), interpolate=True, lineColor=array([0.9216, 0.9216, 0.9216]), lineColorSpace='rgb', lineRGB=array([0.9216, 0.9216, 0.9216]), lineWidth=1.0, name='polygonType', opacity=1.0, ori=0.0, pos=array([0., 0.]), size=array([0.3, 0.1]), units='height', vertices=ndarray(...), win=Window(...))
11.2583 	EXP 	Created textInput = TextStim(__class__=<class 'psychopy.visual.text.TextStim'>, alignHoriz=method-wrapper(...), alignText='center', alignVert=method-wrapper(...), anchorHoriz='center', anchorVert='center', antialias=True, autoDraw=False, autoLog=True, bold=False, color=array([-1., -1., -1.]), colorSpace='rgb', contrast=1.0, depth=-4.0, flipHoriz=False, flipVert=False, font='Open Sans', fontFiles=[], height=0.05, italic=False, languageStyle='LTR', name='textInput', opacity=1.0, ori=0.0, pos=array([0., 0.]), rgb=UNKNOWN, text='', units='height', win=Window(...), wrapWidth=1)
12.2944 	EXP 	Created textBlank500 = TextStim(__class__=<class 'psychopy.visual.text.TextStim'>, alignHoriz=method-wrapper(...), alignText='center', alignVert=method-wrapper(...), anchorHoriz='center', anchorVert='center', antialias=True, autoDraw=False, autoLog=True, bold=False, color=array([1, 1, 1]), colorSpace='rgb', contrast=1.0, depth=0.0, flipHoriz=False, flipVert=False, font='Open Sans', fontFiles=[], height=0.05, italic=False, languageStyle='LTR', name='textBlank500', opacity=1.0, ori=0.0, pos=array([0., 0.]), rgb=UNKNOWN, text='', units='height', win=Window(...), wrapWidth=1)
12.2992 	EXP 	Created textPause = TextStim(__class__=<class 'psychopy.visual.text.TextStim'>, alignHoriz=method-wrapper(...), alignText='center', alignVert=method-wrapper(...), anchorHoriz='center', anchorVert='center', antialias=True, autoDraw=False, autoLog=True, bold=False, color=array([1, 1, 1]), colorSpace='rgb', contrast=1.0, depth=0.0, flipHoriz=False, flipVert=False, font='Open Sans', fontFiles=[], height=0.05, italic=False, languageStyle='LTR', name='textPause', opacity=1.0, ori=0.0, pos=array([0., 0.]), rgb=UNKNOWN, text='Short break!\n\nPress SPACE to continue.', units='height', win=Window(...), wrapWidth=1)
12.3002 	EXP 	Created textBlank500 = TextStim(__class__=<class 'psychopy.visual.text.TextStim'>, alignHoriz=method-wrapper(...), alignText='center', alignVert=method-wrapper(...), anchorHoriz='center', anchorVert='center', antialias=True, autoDraw=False, autoLog=True, bold=False, color=array([1, 1, 1]), colorSpace='rgb', contrast=1.0, depth=0.0, flipHoriz=False, flipVert=False, font='Open Sans', fontFiles=[], height=0.05, italic=False, languageStyle='LTR', name='textBlank500', opacity=1.0, ori=0.0, pos=array([0., 0.]), rgb=UNKNOWN, text='', units='height', win=Window(...), wrapWidth=1)
12.3050 	EXP 	Created textGoodbye = TextStim(__class__=<class 'psychopy.visual.text.TextStim'>, alignHoriz=method-wrapper(...), alignText='center', alignVert=method-wrapper(...), anchorHoriz='center', anchorVert='center', antialias=True, autoDraw=False, autoLog=True, bold=False, color=array([1, 1, 1]), colorSpace='rgb', contrast=1.0, depth=0.0, flipHoriz=False, flipVert=False, font='Open Sans', fontFiles=[], height=0.05, italic=False, languageStyle='LTR', name='textGoodbye', opacity=1.0, ori=0.0, pos=array([0., 0.]), rgb=UNKNOWN, text=str(...), units='height', win=Window(...), wrapWidth=1)
12.3275 	EXP 	textWelcome: autoDraw = True
14.3254 	EXP 	textWelcome: autoDraw = False
14.3254 	EXP 	textBlank500: autoDraw = True
14.8254 	EXP 	textBlank500: autoDraw = False
14.8254 	EXP 	textInstrMain1: autoDraw = True
15.4106 	DATA 	Keypress: space
15.4254 	EXP 	textInstrMain1: autoDraw = False
15.4254 	EXP 	textInstrMain2: autoDraw = True
15.9267 	DATA 	Keypress: space
15.9413 	EXP 	textInstrMain2: autoDraw = False
15.9413 	EXP 	textBlank500: autoDraw = True
16.5552 	EXP 	Imported repswitch.xlsx as conditions, 384 conditions, 11 params
16.5596 	EXP 	Created sequence: sequential, trialTypes=384, nReps=1, seed=None
16.5599 	EXP 	New trial (rep=0, index=0): {'image': 'REPSWITCH1/PICTURE_178.png', 'correctAns': 'puente', 'respModal': 'speak', 'frameColor': 'yellow', 'repSwitch': 'nontarget', 'sequence': 2, 'target': 'NT', 'set': 1, 'stimulus': 'Stim1_Set1', 'order': 1, 'psychopy_order': 0}
16.5732 	EXP 	textBlank500: autoDraw = False
16.5732 	EXP 	textBlank500: autoDraw = False
16.5732 	EXP 	fixationITI: autoDraw = True
17.6572 	EXP 	fixationITI: autoDraw = False
17.6572 	EXP 	fixationITI: autoDraw = False
17.6572 	EXP 	polygonColour: fillColor = <psychopy.colors.Color: yellow, alpha=1.0>
17.6572 	EXP 	polygonColour: borderColor = <psychopy.colors.Color: yellow, alpha=1.0>
17.6572 	EXP 	imageObject: image = 'REPSWITCH1/PICTURE_178.png'
17.6572 	EXP 	polygonColour: autoDraw = True
17.6572 	EXP 	polygonWhite: autoDraw = True
17.6572 	EXP 	imageObject: autoDraw = True
17.6572 	EXP 	polygonType: autoDraw = True
17.6572 	EXP 	textInput: autoDraw = True
17.6572 	EXP 	textInput: height = 0.05
17.6572 	EXP 	textInput: height = 0.05
17.6572 	EXP 	textInput: height = 0.05
17.6572 	EXP 	textInput: text = ''
18.2773 	DATA 	Keypress: p
18.4950 	DATA 	Keypress: u
18.6105 	DATA 	Keypress: e
18.7270 	DATA 	Keypress: n
18.7936 	DATA 	Keypress: t
18.8940 	DATA 	Keypress: e
20.6232 	EXP 	polygonColour: autoDraw = False
20.6232 	EXP 	polygonWhite: autoDraw = False
20.6232 	EXP 	imageObject: autoDraw = False
20.6232 	EXP 	polygonType: autoDraw = False
20.6232 	EXP 	textInput: autoDraw = False
20.6232 	EXP 	textBlank500: autoDraw = True
21.1072 	EXP 	New trial (rep=0, index=1): {'image': 'REPSWITCH1/PICTURE_178.png', 'correctAns': 'puente', 'respModal': 'speak', 'frameColor': 'yellow', 'repSwitch': 'repeat', 'sequence': 2, 'target': 'T', 'set': 1, 'stimulus': 'Stim1_Set1', 'order': 2, 'psychopy_order': 1}
21.1234 	EXP 	textBlank500: autoDraw = False
21.1234 	EXP 	textPause: autoDraw = False
21.1234 	EXP 	fixationITI: autoDraw = True
22.5063 	EXP 	fixationITI: autoDraw = False
22.5063 	EXP 	fixationITI: autoDraw = False
22.5063 	EXP 	polygonColour: fillColor = <psychopy.colors.Color: yellow, alpha=1.0>
22.5063 	EXP 	polygonColour: borderColor = <psychopy.colors.Color: yellow, alpha=1.0>
22.5063 	EXP 	imageObject: image = 'REPSWITCH1/PICTURE_178.png'
22.5063 	EXP 	polygonColour: autoDraw = True
22.5063 	EXP 	polygonWhite: autoDraw = True
22.5063 	EXP 	imageObject: autoDraw = True
22.5063 	EXP 	polygonType: autoDraw = True
22.5063 	EXP 	textInput: autoDraw = True
23.0929 	DATA 	Keypress: p
23.3092 	DATA 	Keypress: u
23.4423 	DATA 	Keypress: e
23.5599 	DATA 	Keypress: n
23.6761 	DATA 	Keypress: t
23.7597 	DATA 	Keypress: e
25.4059 	EXP 	polygonColour: autoDraw = False
25.4059 	EXP 	polygonWhite: autoDraw = False
25.4059 	EXP 	imageObject: autoDraw = False
25.4059 	EXP 	polygonType: autoDraw = False
25.4059 	EXP 	textInput: autoDraw = False
25.4059 	EXP 	textBlank500: autoDraw = True
25.8892 	EXP 	New trial (rep=0, index=2): {'image': 'REPSWITCH1/PICTURE_319.png', 'correctAns': 'vaca', 'respModal': 'type', 'frameColor': 'darkblue', 'repSwitch': 'filler', 'sequence': 1, 'target': 'F', 'set': 1, 'stimulus': 'Stim1_Set4', 'order': 3, 'psychopy_order': 2}
25.9053 	EXP 	textBlank500: autoDraw = False
25.9053 	EXP 	textPause: autoDraw = False
25.9053 	EXP 	fixationITI: autoDraw = True
27.3885 	EXP 	fixationITI: autoDraw = False
27.3885 	EXP 	fixationITI: autoDraw = False
27.3885 	EXP 	polygonColour: fillColor = <psychopy.colors.Color: darkblue, alpha=1.0>
27.3885 	EXP 	polygonColour: borderColor = <psychopy.colors.Color: darkblue, alpha=1.0>
27.3885 	EXP 	imageObject: image = 'REPSWITCH1/PICTURE_319.png'
27.3885 	EXP 	polygonColour: autoDraw = True
27.3885 	EXP 	polygonWhite: autoDraw = True
27.3885 	EXP 	imageObject: autoDraw = True
27.3885 	EXP 	polygonType: autoDraw = True
27.3885 	EXP 	textInput: autoDraw = True
28.2911 	DATA 	Keypress: v
28.4416 	DATA 	Keypress: a
29.0744 	DATA 	Keypress: c
29.1581 	DATA 	Keypress: a
30.2708 	EXP 	polygonColour: autoDraw = False
30.2708 	EXP 	polygonWhite: autoDraw = False
30.2708 	EXP 	imageObject: autoDraw = False
30.2708 	EXP 	polygonType: autoDraw = False
30.2708 	EXP 	textInput: autoDraw = False
30.2708 	EXP 	textBlank500: autoDraw = True
30.7553 	EXP 	New trial (rep=0, index=3): {'image': 'REPSWITCH1/PICTURE_142.png', 'correctAns': 'vaso', 'respModal': 'speak', 'frameColor': 'yellow', 'repSwitch': 'nontarget', 'sequence': 2, 'target': 'NT', 'set': 1, 'stimulus': 'Stim2_Set1', 'order': 4, 'psychopy_order': 3}
30.7711 	EXP 	textBlank500: autoDraw = False
30.7711 	EXP 	textBlank500: autoDraw = False
30.7711 	EXP 	textPause: autoDraw = False
30.7711 	EXP 	fixationITI: autoDraw = True
31.9705 	EXP 	fixationITI: autoDraw = False
31.9705 	EXP 	fixationITI: autoDraw = False
31.9705 	EXP 	polygonColour: fillColor = <psychopy.colors.Color: yellow, alpha=1.0>
31.9705 	EXP 	polygonColour: borderColor = <psychopy.colors.Color: yellow, alpha=1.0>
31.9705 	EXP 	imageObject: image = 'REPSWITCH1/PICTURE_142.png'
31.9705 	EXP 	polygonColour: autoDraw = True
31.9705 	EXP 	polygonWhite: autoDraw = True
31.9705 	EXP 	imageObject: autoDraw = True
31.9705 	EXP 	polygonType: autoDraw = True
31.9705 	EXP 	textInput: autoDraw = True
32.6900 	DATA 	Keypress: v
32.7740 	DATA 	Keypress: a
33.0072 	DATA 	Keypress: s
33.1427 	DATA 	Keypress: o
34.8702 	EXP 	polygonColour: autoDraw = False
34.8702 	EXP 	polygonWhite: autoDraw = False
34.8702 	EXP 	imageObject: autoDraw = False
34.8702 	EXP 	polygonType: autoDraw = False
34.8702 	EXP 	textInput: autoDraw = False
34.8702 	EXP 	textBlank500: autoDraw = True
35.3538 	EXP 	New trial (rep=0, index=4): {'image': 'REPSWITCH1/PICTURE_142.png', 'correctAns': 'vaso', 'respModal': 'speak', 'frameColor': 'yellow', 'repSwitch': 'repeat', 'sequence': 2, 'target': 'T', 'set': 1, 'stimulus': 'Stim2_Set1', 'order': 5, 'psychopy_order': 4}
35.3699 	EXP 	textBlank500: autoDraw = False
35.3699 	EXP 	textPause: autoDraw = False
35.3699 	EXP 	fixationITI: autoDraw = True
36.4363 	EXP 	fixationITI: autoDraw = False
36.4363 	EXP 	fixationITI: autoDraw = False
36.4363 	EXP 	polygonColour: fillColor = <psychopy.colors.Color: yellow, alpha=1.0>
36.4363 	EXP 	polygonColour: borderColor = <psychopy.colors.Color: yellow, alpha=1.0>
36.4363 	EXP 	imageObject: image = 'REPSWITCH1/PICTURE_142.png'
36.4363 	EXP 	polygonColour: autoDraw = True
36.4363 	EXP 	polygonWhite: autoDraw = True
36.4363 	EXP 	imageObject: autoDraw = True
36.4363 	EXP 	polygonType: autoDraw = True
36.4363 	EXP 	textInput: autoDraw = True
37.3059 	DATA 	Keypress: v
37.3726 	DATA 	Keypress: a
37.5226 	DATA 	Keypress: s
37.6561 	DATA 	Keypress: o
39.4358 	EXP 	polygonColour: autoDraw = False
39.4358 	EXP 	polygonWhite: autoDraw = False
39.4358 	EXP 	imageObject: autoDraw = False
39.4358 	EXP 	polygonType: autoDraw = False
39.4358 	EXP 	textInput: autoDraw = False
39.4358 	EXP 	textBlank500: autoDraw = True
39.9195 	EXP 	New trial (rep=0, index=5): {'image': 'REPSWITCH1/PICTURE_719.png', 'correctAns': 'baño', 'respModal': 'type', 'frameColor': 'darkblue', 'repSwitch': 'filler', 'sequence': 1, 'target': 'F', 'set': 1, 'stimulus': 'Stim2_Set4', 'order': 6, 'psychopy_order': 5}
39.9357 	EXP 	textBlank500: autoDraw = False
39.9357 	EXP 	textPause: autoDraw = False
39.9357 	EXP 	fixationITI: autoDraw = True
41.2349 	EXP 	fixationITI: autoDraw = False
41.2349 	EXP 	fixationITI: autoDraw = False
41.2349 	EXP 	polygonColour: fillColor = <psychopy.colors.Color: darkblue, alpha=1.0>
41.2349 	EXP 	polygonColour: borderColor = <psychopy.colors.Color: darkblue, alpha=1.0>
41.2349 	EXP 	imageObject: image = 'REPSWITCH1/PICTURE_719.png'
41.2349 	EXP 	polygonColour: autoDraw = True
41.2349 	EXP 	polygonWhite: autoDraw = True
41.2349 	EXP 	imageObject: autoDraw = True
41.2349 	EXP 	polygonType: autoDraw = True
41.2349 	EXP 	textInput: autoDraw = True
42.7048 	DATA 	Keypress: b
42.8549 	DATA 	Keypress: a
43.3883 	DATA 	Keypress: n
43.5719 	DATA 	Keypress: o
44.1678 	EXP 	polygonColour: autoDraw = False
44.1678 	EXP 	polygonWhite: autoDraw = False
44.1678 	EXP 	imageObject: autoDraw = False
44.1678 	EXP 	polygonType: autoDraw = False
44.1678 	EXP 	textInput: autoDraw = False
44.1678 	EXP 	textBlank500: autoDraw = True
44.6519 	EXP 	New trial (rep=0, index=6): {'image': 'REPSWITCH1/PICTURE_135.png', 'correctAns': 'traje', 'respModal': 'speak', 'frameColor': 'yellow', 'repSwitch': 'nontarget', 'sequence': 2, 'target': 'NT', 'set': 1, 'stimulus': 'Stim3_Set1', 'order': 7, 'psychopy_order': 6}
44.6678 	EXP 	textBlank500: autoDraw = False
44.6678 	EXP 	textPause: autoDraw = False
44.6678 	EXP 	fixationITI: autoDraw = True
45.7334 	EXP 	fixationITI: autoDraw = False
45.7334 	EXP 	fixationITI: autoDraw = False
45.7334 	EXP 	polygonColour: fillColor = <psychopy.colors.Color: yellow, alpha=1.0>
45.7334 	EXP 	polygonColour: borderColor = <psychopy.colors.Color: yellow, alpha=1.0>
45.7334 	EXP 	imageObject: image = 'REPSWITCH1/PICTURE_135.png'
45.7334 	EXP 	polygonColour: autoDraw = True
45.7334 	EXP 	polygonWhite: autoDraw = True
45.7334 	EXP 	imageObject: autoDraw = True
45.7334 	EXP 	polygonType: autoDraw = True
45.7334 	EXP 	textInput: autoDraw = True
46.8540 	DATA 	Keypress: t
47.0537 	DATA 	Keypress: r
47.1534 	DATA 	Keypress: a
47.3538 	DATA 	Keypress: j
47.4540 	DATA 	Keypress: e
48.7169 	EXP 	polygonColour: autoDraw = False
48.7169 	EXP 	polygonWhite: autoDraw = False
48.7169 	EXP 	imageObject: autoDraw = False
48.7169 	EXP 	polygonType: autoDraw = False
48.7169 	EXP 	textInput: autoDraw = False
48.7169 	EXP 	textBlank500: autoDraw = True
49.2002 	EXP 	New trial (rep=0, index=7): {'image': 'REPSWITCH1/PICTURE_135.png', 'correctAns': 'traje', 'respModal': 'type', 'frameColor': 'darkblue', 'repSwitch': 'switch', 'sequence': 1, 'target': 'T', 'set': 1, 'stimulus': 'Stim3_Set1', 'order': 8, 'psychopy_order': 7}
49.2166 	EXP 	textBlank500: autoDraw = False
49.2166 	EXP 	textPause: autoDraw = False
49.2166 	EXP 	fixationITI: autoDraw = True
50.4340 	EXP 	fixationITI: autoDraw = False
50.4340 	EXP 	fixationITI: autoDraw = False
50.4340 	EXP 	polygonColour: fillColor = <psychopy.colors.Color: darkblue, alpha=1.0>
50.4340 	EXP 	polygonColour: borderColor = <psychopy.colors.Color: darkblue, alpha=1.0>
50.4340 	EXP 	imageObject: image = 'REPSWITCH1/PICTURE_135.png'
50.4340 	EXP 	polygonColour: autoDraw = True
50.4340 	EXP 	polygonWhite: autoDraw = True
50.4340 	EXP 	imageObject: autoDraw = True
50.4340 	EXP 	polygonType: autoDraw = True
50.4340 	EXP 	textInput: autoDraw = True
51.3192 	DATA 	Keypress: t
51.4030 	DATA 	Keypress: r
51.6189 	DATA 	Keypress: a
51.7026 	DATA 	Keypress: j
51.8358 	DATA 	Keypress: e
53.4324 	EXP 	polygonColour: autoDraw = False
53.4324 	EXP 	polygonWhite: autoDraw = False
53.4324 	EXP 	imageObject: autoDraw = False
53.4324 	EXP 	polygonType: autoDraw = False
53.4324 	EXP 	textInput: autoDraw = False
53.4324 	EXP 	polygonColour: autoDraw = False
53.4324 	EXP 	polygonWhite: autoDraw = False
53.4324 	EXP 	imageObject: autoDraw = False
53.4324 	EXP 	polygonType: autoDraw = False
53.4324 	EXP 	textInput: autoDraw = False
53.4324 	EXP 	textBlank500: autoDraw = True
53.9162 	EXP 	New trial (rep=0, index=8): {'image': 'REPSWITCH1/PICTURE_128.png', 'correctAns': 'muñeca', 'respModal': 'type', 'frameColor': 'darkblue', 'repSwitch': 'nontarget', 'sequence': 1, 'target': 'NT', 'set': 1, 'stimulus': 'Stim4_Set1', 'order': 9, 'psychopy_order': 8}
53.9321 	EXP 	textBlank500: autoDraw = False
53.9321 	EXP 	textBlank500: autoDraw = False
53.9321 	EXP 	textPause: autoDraw = False
53.9321 	EXP 	fixationITI: autoDraw = True
55.1980 	EXP 	fixationITI: autoDraw = False
55.1980 	EXP 	fixationITI: autoDraw = False
55.1980 	EXP 	polygonColour: fillColor = <psychopy.colors.Color: darkblue, alpha=1.0>
55.1980 	EXP 	polygonColour: borderColor = <psychopy.colors.Color: darkblue, alpha=1.0>
55.1980 	EXP 	imageObject: image = 'REPSWITCH1/PICTURE_128.png'
55.1980 	EXP 	polygonColour: autoDraw = True
55.1980 	EXP 	polygonWhite: autoDraw = True
55.1980 	EXP 	imageObject: autoDraw = True
55.1980 	EXP 	polygonType: autoDraw = True
55.1980 	EXP 	textInput: autoDraw = True
56.0858 	DATA 	Keypress: m
56.3347 	DATA 	Keypress: u
56.5514 	DATA 	Keypress: n
56.6678 	DATA 	Keypress: e
56.8512 	DATA 	Keypress: c
56.9346 	DATA 	Keypress: a
58.0644 	EXP 	polygonColour: autoDraw = False
58.0644 	EXP 	polygonWhite: autoDraw = False
58.0644 	EXP 	imageObject: autoDraw = False
58.0644 	EXP 	polygonType: autoDraw = False
58.0644 	EXP 	textInput: autoDraw = False
58.0644 	EXP 	textBlank500: autoDraw = True
58.5482 	EXP 	New trial (rep=0, index=9): {'image': 'REPSWITCH1/PICTURE_128.png', 'correctAns': 'muñeca', 'respModal': 'speak', 'frameColor': 'yellow', 'repSwitch': 'switch', 'sequence': 2, 'target': 'T', 'set': 1, 'stimulus': 'Stim4_Set1', 'order': 10, 'psychopy_order': 9}
58.5645 	EXP 	textBlank500: autoDraw = False
58.5645 	EXP 	textBlank500: autoDraw = False
58.5645 	EXP 	textPause: autoDraw = False
58.5645 	EXP 	fixationITI: autoDraw = True
59.6817 	EXP 	fixationITI: autoDraw = False
59.6817 	EXP 	fixationITI: autoDraw = False
59.6817 	EXP 	polygonColour: fillColor = <psychopy.colors.Color: yellow, alpha=1.0>
59.6817 	EXP 	polygonColour: borderColor = <psychopy.colors.Color: yellow, alpha=1.0>
59.6817 	EXP 	imageObject: image = 'REPSWITCH1/PICTURE_128.png'
59.6817 	EXP 	polygonColour: autoDraw = True
59.6817 	EXP 	polygonWhite: autoDraw = True
59.6817 	EXP 	imageObject: autoDraw = True
59.6817 	EXP 	polygonType: autoDraw = True
59.6817 	EXP 	textInput: autoDraw = True
60.5340 	DATA 	Keypress: m
60.7333 	DATA 	Keypress: u
60.9167 	DATA 	Keypress: n
61.0169 	DATA 	Keypress: e
61.2167 	DATA 	Keypress: c
61.3001 	DATA 	Keypress: a
62.6957 	EXP 	polygonColour: autoDraw = False
62.6957 	EXP 	polygonWhite: autoDraw = False
62.6957 	EXP 	imageObject: autoDraw = False
62.6957 	EXP 	polygonType: autoDraw = False
62.6957 	EXP 	textInput: autoDraw = False
62.6957 	EXP 	polygonColour: autoDraw = False
62.6957 	EXP 	polygonWhite: autoDraw = False
62.6957 	EXP 	imageObject: autoDraw = False
62.6957 	EXP 	polygonType: autoDraw = False
62.6957 	EXP 	textInput: autoDraw = False
62.6957 	EXP 	textBlank500: autoDraw = True
63.1803 	EXP 	New trial (rep=0, index=10): {'image': 'REPSWITCH1/PICTURE_8.png', 'correctAns': 'pierna', 'respModal': 'speak', 'frameColor': 'yellow', 'repSwitch': 'filler', 'sequence': 2, 'target': 'F', 'set': 1, 'stimulus': 'Stim3_Set4', 'order': 11, 'psychopy_order': 10}
63.1963 	EXP 	textBlank500: autoDraw = False
63.1963 	EXP 	textPause: autoDraw = False
63.1963 	EXP 	fixationITI: autoDraw = True
64.5792 	EXP 	fixationITI: autoDraw = False
64.5792 	EXP 	fixationITI: autoDraw = False
64.5792 	EXP 	polygonColour: fillColor = <psychopy.colors.Color: yellow, alpha=1.0>
64.5792 	EXP 	polygonColour: borderColor = <psychopy.colors.Color: yellow, alpha=1.0>
64.5792 	EXP 	imageObject: image = 'REPSWITCH1/PICTURE_8.png'
64.5792 	EXP 	polygonColour: autoDraw = True
64.5792 	EXP 	polygonWhite: autoDraw = True
64.5792 	EXP 	imageObject: autoDraw = True
64.5792 	EXP 	polygonType: autoDraw = True
64.5792 	EXP 	textInput: autoDraw = True
65.4155 	DATA 	Keypress: p
65.5657 	DATA 	Keypress: i
65.6991 	DATA 	Keypress: e
65.8656 	DATA 	Keypress: n
65.9159 	DATA 	Keypress: r
66.4158 	DATA 	Keypress: backspace
66.5654 	DATA 	Keypress: backspace
66.6153 	DATA 	Keypress: r
66.7824 	DATA 	Keypress: n
66.8323 	DATA 	Keypress: a
67.4624 	EXP 	polygonColour: autoDraw = False
67.4624 	EXP 	polygonWhite: autoDraw = False
67.4624 	EXP 	imageObject: autoDraw = False
67.4624 	EXP 	polygonType: autoDraw = False
67.4624 	EXP 	textInput: autoDraw = False
67.4624 	EXP 	textBlank500: autoDraw = True
67.9457 	EXP 	New trial (rep=0, index=11): {'image': 'REPSWITCH1/PICTURE_19.png', 'correctAns': 'pavo', 'respModal': 'speak', 'frameColor': 'yellow', 'repSwitch': 'nontarget', 'sequence': 2, 'target': 'NT', 'set': 1, 'stimulus': 'Stim5_Set1', 'order': 12, 'psychopy_order': 11}
67.9622 	EXP 	textBlank500: autoDraw = False
67.9622 	EXP 	textPause: autoDraw = False
67.9622 	EXP 	fixationITI: autoDraw = True
69.3448 	EXP 	fixationITI: autoDraw = False
69.3448 	EXP 	fixationITI: autoDraw = False
69.3448 	EXP 	polygonColour: fillColor = <psychopy.colors.Color: yellow, alpha=1.0>
69.3448 	EXP 	polygonColour: borderColor = <psychopy.colors.Color: yellow, alpha=1.0>
69.3448 	EXP 	imageObject: image = 'REPSWITCH1/PICTURE_19.png'
69.3448 	EXP 	polygonColour: autoDraw = True
69.3448 	EXP 	polygonWhite: autoDraw = True
69.3448 	EXP 	imageObject: autoDraw = True
69.3448 	EXP 	polygonType: autoDraw = True
69.3448 	EXP 	textInput: autoDraw = True
70.3321 	DATA 	Keypress: p
70.5810 	DATA 	Keypress: v
70.9309 	DATA 	Keypress: backspace
71.2647 	DATA 	Keypress: a
71.4311 	DATA 	Keypress: v
71.4976 	DATA 	Keypress: o
72.2278 	EXP 	polygonColour: autoDraw = False
72.2278 	EXP 	polygonWhite: autoDraw = False
72.2278 	EXP 	imageObject: autoDraw = False
72.2278 	EXP 	polygonType: autoDraw = False
72.2278 	EXP 	textInput: autoDraw = False
72.2278 	EXP 	textBlank500: autoDraw = True
72.7118 	EXP 	New trial (rep=0, index=12): {'image': 'REPSWITCH1/PICTURE_19.png', 'correctAns': 'pavo', 'respModal': 'type', 'frameColor': 'darkblue', 'repSwitch': 'switch', 'sequence': 1, 'target': 'T', 'set': 1, 'stimulus': 'Stim5_Set1', 'order': 13, 'psychopy_order': 12}
72.7276 	EXP 	textBlank500: autoDraw = False
72.7276 	EXP 	textBlank500: autoDraw = False
72.7276 	EXP 	textPause: autoDraw = False
72.7276 	EXP 	fixationITI: autoDraw = True
73.8937 	EXP 	fixationITI: autoDraw = False
73.8937 	EXP 	fixationITI: autoDraw = False
73.8937 	EXP 	polygonColour: fillColor = <psychopy.colors.Color: darkblue, alpha=1.0>
73.8937 	EXP 	polygonColour: borderColor = <psychopy.colors.Color: darkblue, alpha=1.0>
73.8937 	EXP 	imageObject: image = 'REPSWITCH1/PICTURE_19.png'
73.8937 	EXP 	polygonColour: autoDraw = True
73.8937 	EXP 	polygonWhite: autoDraw = True
73.8937 	EXP 	imageObject: autoDraw = True
73.8937 	EXP 	polygonType: autoDraw = True
73.8937 	EXP 	textInput: autoDraw = True
74.6305 	DATA 	Keypress: p
74.7138 	DATA 	Keypress: a
74.9133 	DATA 	Keypress: v
75.0135 	DATA 	Keypress: o
76.8770 	EXP 	polygonColour: autoDraw = False
76.8770 	EXP 	polygonWhite: autoDraw = False
76.8770 	EXP 	imageObject: autoDraw = False
76.8770 	EXP 	polygonType: autoDraw = False
76.8770 	EXP 	textInput: autoDraw = False
76.8770 	EXP 	textBlank500: autoDraw = True
77.3609 	EXP 	New trial (rep=0, index=13): {'image': 'REPSWITCH1/PICTURE_498.png', 'correctAns': 'taza', 'respModal': 'speak', 'frameColor': 'yellow', 'repSwitch': 'filler', 'sequence': 2, 'target': 'F', 'set': 1, 'stimulus': 'Stim4_Set4', 'order': 14, 'psychopy_order': 13}
77.3765 	EXP 	textBlank500: autoDraw = False
77.3765 	EXP 	textBlank500: autoDraw = False
77.3765 	EXP 	textPause: autoDraw = False
77.3765 	EXP 	fixationITI: autoDraw = True
78.6091 	EXP 	fixationITI: autoDraw = False
78.6091 	EXP 	fixationITI: autoDraw = False
78.6091 	EXP 	polygonColour: fillColor = <psychopy.colors.Color: yellow, alpha=1.0>
78.6091 	EXP 	polygonColour: borderColor = <psychopy.colors.Color: yellow, alpha=1.0>
78.6091 	EXP 	imageObject: image = 'REPSWITCH1/PICTURE_498.png'
78.6091 	EXP 	polygonColour: autoDraw = True
78.6091 	EXP 	polygonWhite: autoDraw = True
78.6091 	EXP 	imageObject: autoDraw = True
78.6091 	EXP 	polygonType: autoDraw = True
78.6091 	EXP 	textInput: autoDraw = True
79.5620 	DATA 	Keypress: a
79.9288 	DATA 	Keypress: backspace
80.1619 	DATA 	Keypress: t
80.2626 	DATA 	Keypress: a
80.5457 	DATA 	Keypress: z
80.7458 	DATA 	Keypress: a
81.4919 	EXP 	polygonColour: autoDraw = False
81.4919 	EXP 	polygonWhite: autoDraw = False
81.4919 	EXP 	imageObject: autoDraw = False
81.4919 	EXP 	polygonType: autoDraw = False
81.4919 	EXP 	textInput: autoDraw = False
81.4919 	EXP 	textBlank500: autoDraw = True
81.9762 	EXP 	New trial (rep=0, index=14): {'image': 'REPSWITCH1/PICTURE_16.png', 'correctAns': 'cazador', 'respModal': 'type', 'frameColor': 'darkblue', 'repSwitch': 'nontarget', 'sequence': 1, 'target': 'NT', 'set': 1, 'stimulus': 'Stim6_Set1', 'order': 15, 'psychopy_order': 14}
81.9919 	EXP 	textBlank500: autoDraw = False
81.9919 	EXP 	textBlank500: autoDraw = False
81.9919 	EXP 	textPause: autoDraw = False
81.9919 	EXP 	fixationITI: autoDraw = True
83.2414 	EXP 	fixationITI: autoDraw = False
83.2414 	EXP 	fixationITI: autoDraw = False
83.2414 	EXP 	polygonColour: fillColor = <psychopy.colors.Color: darkblue, alpha=1.0>
83.2414 	EXP 	polygonColour: borderColor = <psychopy.colors.Color: darkblue, alpha=1.0>
83.2414 	EXP 	imageObject: image = 'REPSWITCH1/PICTURE_16.png'
83.2414 	EXP 	polygonColour: autoDraw = True
83.2414 	EXP 	polygonWhite: autoDraw = True
83.2414 	EXP 	imageObject: autoDraw = True
83.2414 	EXP 	polygonType: autoDraw = True
83.2414 	EXP 	textInput: autoDraw = True
84.3280 	DATA 	Keypress: c
84.3947 	DATA 	Keypress: a
84.6944 	DATA 	Keypress: z
84.8610 	DATA 	Keypress: a
85.0275 	DATA 	Keypress: d
85.1449 	DATA 	Keypress: o
85.2611 	DATA 	Keypress: r
86.1078 	EXP 	polygonColour: autoDraw = False
86.1078 	EXP 	polygonWhite: autoDraw = False
86.1078 	EXP 	imageObject: autoDraw = False
86.1078 	EXP 	polygonType: autoDraw = False
86.1078 	EXP 	textInput: autoDraw = False
86.1078 	EXP 	textBlank500: autoDraw = True
86.5919 	EXP 	New trial (rep=0, index=15): {'image': 'REPSWITCH1/PICTURE_16.png', 'correctAns': 'cazador', 'respModal': 'type', 'frameColor': 'darkblue', 'repSwitch': 'repeat', 'sequence': 1, 'target': 'T', 'set': 1, 'stimulus': 'Stim6_Set1', 'order': 16, 'psychopy_order': 15}
86.6076 	EXP 	textBlank500: autoDraw = False
86.6076 	EXP 	textBlank500: autoDraw = False
86.6076 	EXP 	textPause: autoDraw = False
86.6076 	EXP 	fixationITI: autoDraw = True
87.7071 	EXP 	fixationITI: autoDraw = False
87.7071 	EXP 	fixationITI: autoDraw = False
87.7071 	EXP 	polygonColour: fillColor = <psychopy.colors.Color: darkblue, alpha=1.0>
87.7071 	EXP 	polygonColour: borderColor = <psychopy.colors.Color: darkblue, alpha=1.0>
87.7071 	EXP 	imageObject: image = 'REPSWITCH1/PICTURE_16.png'
87.7071 	EXP 	polygonColour: autoDraw = True
87.7071 	EXP 	polygonWhite: autoDraw = True
87.7071 	EXP 	imageObject: autoDraw = True
87.7071 	EXP 	polygonType: autoDraw = True
87.7071 	EXP 	textInput: autoDraw = True
88.3768 	DATA 	Keypress: c
88.7769 	DATA 	Keypress: a
89.1267 	DATA 	Keypress: a
89.7103 	DATA 	Keypress: d
89.8433 	DATA 	Keypress: o
89.9599 	DATA 	Keypress: r
90.7067 	EXP 	polygonColour: autoDraw = False
90.7067 	EXP 	polygonWhite: autoDraw = False
90.7067 	EXP 	imageObject: autoDraw = False
90.7067 	EXP 	polygonType: autoDraw = False
90.7067 	EXP 	textInput: autoDraw = False
90.7067 	EXP 	textBlank500: autoDraw = True
91.1899 	EXP 	New trial (rep=0, index=16): {'image': 'REPSWITCH1/PICTURE_687.png', 'correctAns': 'camisa', 'respModal': 'speak', 'frameColor': 'yellow', 'repSwitch': 'filler', 'sequence': 2, 'target': 'F', 'set': 1, 'stimulus': 'Stim5_Set4', 'order': 17, 'psychopy_order': 16}
91.2065 	EXP 	textBlank500: autoDraw = False
91.2065 	EXP 	textPause: autoDraw = False
91.2065 	EXP 	fixationITI: autoDraw = True
92.2890 	EXP 	fixationITI: autoDraw = False
92.2890 	EXP 	fixationITI: autoDraw = False
92.2890 	EXP 	polygonColour: fillColor = <psychopy.colors.Color: yellow, alpha=1.0>
92.2890 	EXP 	polygonColour: borderColor = <psychopy.colors.Color: yellow, alpha=1.0>
92.2890 	EXP 	imageObject: image = 'REPSWITCH1/PICTURE_687.png'
92.2890 	EXP 	polygonColour: autoDraw = True
92.2890 	EXP 	polygonWhite: autoDraw = True
92.2890 	EXP 	imageObject: autoDraw = True
92.2890 	EXP 	polygonType: autoDraw = True
92.2890 	EXP 	textInput: autoDraw = True
93.2093 	DATA 	Keypress: c
93.2596 	DATA 	Keypress: a
93.3927 	DATA 	Keypress: m
93.4928 	DATA 	Keypress: i
93.6592 	DATA 	Keypress: s
93.7263 	DATA 	Keypress: a
95.2722 	EXP 	polygonColour: autoDraw = False
95.2722 	EXP 	polygonWhite: autoDraw = False
95.2722 	EXP 	imageObject: autoDraw = False
95.2722 	EXP 	polygonType: autoDraw = False
95.2722 	EXP 	textInput: autoDraw = False
95.2722 	EXP 	textBlank500: autoDraw = True
95.7566 	EXP 	New trial (rep=0, index=17): {'image': 'REPSWITCH1/PICTURE_142.png', 'correctAns': 'vaso', 'respModal': 'type', 'frameColor': 'darkblue', 'repSwitch': 'nontarget', 'sequence': 1, 'target': 'NT', 'set': 1, 'stimulus': 'Stim7_Set1', 'order': 18, 'psychopy_order': 17}
95.7722 	EXP 	textBlank500: autoDraw = False
95.7722 	EXP 	textPause: autoDraw = False
95.7722 	EXP 	fixationITI: autoDraw = True
96.9216 	EXP 	fixationITI: autoDraw = False
96.9216 	EXP 	fixationITI: autoDraw = False
96.9216 	EXP 	polygonColour: fillColor = <psychopy.colors.Color: darkblue, alpha=1.0>
96.9216 	EXP 	polygonColour: borderColor = <psychopy.colors.Color: darkblue, alpha=1.0>
96.9216 	EXP 	imageObject: image = 'REPSWITCH1/PICTURE_142.png'
96.9216 	EXP 	polygonColour: autoDraw = True
96.9216 	EXP 	polygonWhite: autoDraw = True
96.9216 	EXP 	imageObject: autoDraw = True
96.9216 	EXP 	polygonType: autoDraw = True
96.9216 	EXP 	textInput: autoDraw = True
97.6917 	DATA 	Keypress: v
97.7746 	DATA 	Keypress: a
97.9750 	DATA 	Keypress: s
98.1084 	DATA 	Keypress: o
99.9209 	EXP 	polygonColour: autoDraw = False
99.9209 	EXP 	polygonWhite: autoDraw = False
99.9209 	EXP 	imageObject: autoDraw = False
99.9209 	EXP 	polygonType: autoDraw = False
99.9209 	EXP 	textInput: autoDraw = False
99.9209 	EXP 	textBlank500: autoDraw = True
100.4046 	EXP 	New trial (rep=0, index=18): {'image': 'REPSWITCH1/PICTURE_142.png', 'correctAns': 'vaso', 'respModal': 'type', 'frameColor': 'darkblue', 'repSwitch': 'repeat', 'sequence': 1, 'target': 'T', 'set': 1, 'stimulus': 'Stim7_Set1', 'order': 19, 'psychopy_order': 18}
100.4209 	EXP 	textBlank500: autoDraw = False
100.4209 	EXP 	textPause: autoDraw = False
100.4209 	EXP 	fixationITI: autoDraw = True
101.5884 	EXP 	fixationITI: autoDraw = False
101.5884 	EXP 	fixationITI: autoDraw = False
101.5884 	EXP 	polygonColour: fillColor = <psychopy.colors.Color: darkblue, alpha=1.0>
101.5884 	EXP 	polygonColour: borderColor = <psychopy.colors.Color: darkblue, alpha=1.0>
101.5884 	EXP 	imageObject: image = 'REPSWITCH1/PICTURE_142.png'
101.5884 	EXP 	polygonColour: autoDraw = True
101.5884 	EXP 	polygonWhite: autoDraw = True
101.5884 	EXP 	imageObject: autoDraw = True
101.5884 	EXP 	polygonType: autoDraw = True
101.5884 	EXP 	textInput: autoDraw = True
102.3066 	DATA 	Keypress: v
102.3903 	DATA 	Keypress: a
102.5400 	DATA 	Keypress: s
102.6568 	DATA 	Keypress: o
104.6018 	EXP 	polygonColour: autoDraw = False
104.6018 	EXP 	polygonWhite: autoDraw = False
104.6018 	EXP 	imageObject: autoDraw = False
104.6018 	EXP 	polygonType: autoDraw = False
104.6018 	EXP 	textInput: autoDraw = False
104.6018 	EXP 	polygonColour: autoDraw = False
104.6018 	EXP 	polygonWhite: autoDraw = False
104.6018 	EXP 	imageObject: autoDraw = False
104.6018 	EXP 	polygonType: autoDraw = False
104.6018 	EXP 	textInput: autoDraw = False
104.6018 	EXP 	textBlank500: autoDraw = True
105.0868 	EXP 	New trial (rep=0, index=19): {'image': 'REPSWITCH1/PICTURE_338.png', 'correctAns': 'regalo', 'respModal': 'speak', 'frameColor': 'yellow', 'repSwitch': 'filler', 'sequence': 2, 'target': 'F', 'set': 1, 'stimulus': 'Stim6_Set4', 'order': 20, 'psychopy_order': 19}
105.1033 	EXP 	textBlank500: autoDraw = False
105.1033 	EXP 	textPause: autoDraw = False
105.1033 	EXP 	fixationITI: autoDraw = True
106.2860 	EXP 	fixationITI: autoDraw = False
106.2860 	EXP 	fixationITI: autoDraw = False
106.2860 	EXP 	polygonColour: fillColor = <psychopy.colors.Color: yellow, alpha=1.0>
106.2860 	EXP 	polygonColour: borderColor = <psychopy.colors.Color: yellow, alpha=1.0>
106.2860 	EXP 	imageObject: image = 'REPSWITCH1/PICTURE_338.png'
106.2860 	EXP 	polygonColour: autoDraw = True
106.2860 	EXP 	polygonWhite: autoDraw = True
106.2860 	EXP 	imageObject: autoDraw = True
106.2860 	EXP 	polygonType: autoDraw = True
106.2860 	EXP 	textInput: autoDraw = True
107.0223 	DATA 	Keypress: r
107.1056 	DATA 	Keypress: e
107.2554 	DATA 	Keypress: g
107.3559 	DATA 	Keypress: a
107.4891 	DATA 	Keypress: l
107.6559 	DATA 	Keypress: 9
108.1058 	DATA 	Keypress: o
109.2019 	EXP 	polygonColour: autoDraw = False
109.2019 	EXP 	polygonWhite: autoDraw = False
109.2019 	EXP 	imageObject: autoDraw = False
109.2019 	EXP 	polygonType: autoDraw = False
109.2019 	EXP 	textInput: autoDraw = False
109.2019 	EXP 	textBlank500: autoDraw = True
109.6857 	EXP 	New trial (rep=0, index=20): {'image': 'REPSWITCH1/PICTURE_169.png', 'correctAns': 'espalda', 'respModal': 'type', 'frameColor': 'darkblue', 'repSwitch': 'nontarget', 'sequence': 1, 'target': 'NT', 'set': 1, 'stimulus': 'Stim8_Set1', 'order': 21, 'psychopy_order': 20}
109.7021 	EXP 	textBlank500: autoDraw = False
109.7021 	EXP 	textPause: autoDraw = False
109.7021 	EXP 	fixationITI: autoDraw = True
111.0183 	EXP 	fixationITI: autoDraw = False
111.0183 	EXP 	fixationITI: autoDraw = False
111.0183 	EXP 	polygonColour: fillColor = <psychopy.colors.Color: darkblue, alpha=1.0>
111.0183 	EXP 	polygonColour: borderColor = <psychopy.colors.Color: darkblue, alpha=1.0>
111.0183 	EXP 	imageObject: image = 'REPSWITCH1/PICTURE_169.png'
111.0183 	EXP 	polygonColour: autoDraw = True
111.0183 	EXP 	polygonWhite: autoDraw = True
111.0183 	EXP 	imageObject: autoDraw = True
111.0183 	EXP 	polygonType: autoDraw = True
111.0183 	EXP 	textInput: autoDraw = True
112.3212 	DATA 	Keypress: e
112.5050 	DATA 	Keypress: s
112.5881 	DATA 	Keypress: p
112.7547 	DATA 	Keypress: a
112.9379 	DATA 	Keypress: l
113.2046 	DATA 	Keypress: d
113.2877 	DATA 	Keypress: a
113.9177 	EXP 	polygonColour: autoDraw = False
113.9177 	EXP 	polygonWhite: autoDraw = False
113.9177 	EXP 	imageObject: autoDraw = False
113.9177 	EXP 	polygonType: autoDraw = False
113.9177 	EXP 	textInput: autoDraw = False
113.9177 	EXP 	textBlank500: autoDraw = True
114.4015 	EXP 	New trial (rep=0, index=21): {'image': 'REPSWITCH1/PICTURE_169.png', 'correctAns': 'espalda', 'respModal': 'speak', 'frameColor': 'yellow', 'repSwitch': 'switch', 'sequence': 2, 'target': 'T', 'set': 1, 'stimulus': 'Stim8_Set1', 'order': 22, 'psychopy_order': 21}
114.4175 	EXP 	textBlank500: autoDraw = False
114.4175 	EXP 	textPause: autoDraw = False
114.4175 	EXP 	fixationITI: autoDraw = True
115.6003 	EXP 	fixationITI: autoDraw = False
115.6003 	EXP 	fixationITI: autoDraw = False
115.6003 	EXP 	polygonColour: fillColor = <psychopy.colors.Color: yellow, alpha=1.0>
115.6003 	EXP 	polygonColour: borderColor = <psychopy.colors.Color: yellow, alpha=1.0>
115.6003 	EXP 	imageObject: image = 'REPSWITCH1/PICTURE_169.png'
115.6003 	EXP 	polygonColour: autoDraw = True
115.6003 	EXP 	polygonWhite: autoDraw = True
115.6003 	EXP 	imageObject: autoDraw = True
115.6003 	EXP 	polygonType: autoDraw = True
115.6003 	EXP 	textInput: autoDraw = True
116.4705 	DATA 	Keypress: e
116.6701 	DATA 	Keypress: s
116.7874 	DATA 	Keypress: p
116.9207 	DATA 	Keypress: a
117.0704 	DATA 	Keypress: l
117.2199 	DATA 	Keypress: d
117.2865 	DATA 	Keypress: a
118.6000 	EXP 	polygonColour: autoDraw = False
118.6000 	EXP 	polygonWhite: autoDraw = False
118.6000 	EXP 	imageObject: autoDraw = False
118.6000 	EXP 	polygonType: autoDraw = False
118.6000 	EXP 	textInput: autoDraw = False
118.6000 	EXP 	textBlank500: autoDraw = True
119.0837 	EXP 	New trial (rep=0, index=22): {'image': 'REPSWITCH1/PICTURE_48.png', 'correctAns': 'bombero', 'respModal': 'type', 'frameColor': 'darkblue', 'repSwitch': 'filler', 'sequence': 1, 'target': 'F', 'set': 1, 'stimulus': 'Stim7_Set4', 'order': 23, 'psychopy_order': 22}
119.0999 	EXP 	textBlank500: autoDraw = False
119.0999 	EXP 	textPause: autoDraw = False
119.0999 	EXP 	fixationITI: autoDraw = True
120.3156 	EXP 	fixationITI: autoDraw = False
120.3156 	EXP 	fixationITI: autoDraw = False
120.3156 	EXP 	polygonColour: fillColor = <psychopy.colors.Color: darkblue, alpha=1.0>
120.3156 	EXP 	polygonColour: borderColor = <psychopy.colors.Color: darkblue, alpha=1.0>
120.3156 	EXP 	imageObject: image = 'REPSWITCH1/PICTURE_48.png'
120.3156 	EXP 	polygonColour: autoDraw = True
120.3156 	EXP 	polygonWhite: autoDraw = True
120.3156 	EXP 	imageObject: autoDraw = True
120.3156 	EXP 	polygonType: autoDraw = True
120.3156 	EXP 	textInput: autoDraw = True
122.3686 	DATA 	Keypress: b
122.5519 	DATA 	Keypress: o
122.7694 	DATA 	Keypress: m
122.9020 	DATA 	Keypress: b
122.9525 	DATA 	Keypress: e
123.0859 	DATA 	Keypress: r
123.1685 	DATA 	Keypress: o
123.2154 	EXP 	polygonColour: autoDraw = False
123.2154 	EXP 	polygonWhite: autoDraw = False
123.2154 	EXP 	imageObject: autoDraw = False
123.2154 	EXP 	polygonType: autoDraw = False
123.2154 	EXP 	textInput: autoDraw = False
123.2154 	EXP 	textBlank500: autoDraw = True
123.6988 	EXP 	New trial (rep=0, index=23): {'image': 'REPSWITCH1/PICTURE_728.png', 'correctAns': 'pulpo', 'respModal': 'type', 'frameColor': 'darkblue', 'repSwitch': 'filler', 'sequence': 1, 'target': 'F', 'set': 1, 'stimulus': 'Stim8_Set4', 'order': 24, 'psychopy_order': 23}
123.7155 	EXP 	textBlank500: autoDraw = False
123.7155 	EXP 	textPause: autoDraw = False
123.7155 	EXP 	fixationITI: autoDraw = True
125.1314 	EXP 	fixationITI: autoDraw = False
125.1314 	EXP 	fixationITI: autoDraw = False
125.1314 	EXP 	polygonColour: fillColor = <psychopy.colors.Color: darkblue, alpha=1.0>
125.1314 	EXP 	polygonColour: borderColor = <psychopy.colors.Color: darkblue, alpha=1.0>
125.1314 	EXP 	imageObject: image = 'REPSWITCH1/PICTURE_728.png'
125.1314 	EXP 	polygonColour: autoDraw = True
125.1314 	EXP 	polygonWhite: autoDraw = True
125.1314 	EXP 	imageObject: autoDraw = True
125.1314 	EXP 	polygonType: autoDraw = True
125.1314 	EXP 	textInput: autoDraw = True
125.9515 	DATA 	Keypress: p
126.2510 	DATA 	Keypress: u
126.5844 	DATA 	Keypress: l
126.7342 	DATA 	Keypress: p
126.8512 	DATA 	Keypress: o
128.0311 	EXP 	polygonColour: autoDraw = False
128.0311 	EXP 	polygonWhite: autoDraw = False
128.0311 	EXP 	imageObject: autoDraw = False
128.0311 	EXP 	polygonType: autoDraw = False
128.0311 	EXP 	textInput: autoDraw = False
128.0311 	EXP 	textBlank500: autoDraw = True
128.5146 	EXP 	New trial (rep=0, index=24): {'image': 'REPSWITCH1/PICTURE_178.png', 'correctAns': 'puente', 'respModal': 'speak', 'frameColor': 'yellow', 'repSwitch': 'filler', 'sequence': 2, 'target': 'F', 'set': 2, 'stimulus': 'Stim1_Set1', 'order': 25, 'psychopy_order': 24}
128.5309 	EXP 	textBlank500: autoDraw = False
128.5309 	EXP 	textPause: autoDraw = False
128.5309 	EXP 	fixationITI: autoDraw = True
129.6804 	EXP 	fixationITI: autoDraw = False
129.6804 	EXP 	fixationITI: autoDraw = False
129.6804 	EXP 	polygonColour: fillColor = <psychopy.colors.Color: yellow, alpha=1.0>
129.6804 	EXP 	polygonColour: borderColor = <psychopy.colors.Color: yellow, alpha=1.0>
129.6804 	EXP 	imageObject: image = 'REPSWITCH1/PICTURE_178.png'
129.6804 	EXP 	polygonColour: autoDraw = True
129.6804 	EXP 	polygonWhite: autoDraw = True
129.6804 	EXP 	imageObject: autoDraw = True
129.6804 	EXP 	polygonType: autoDraw = True
129.6804 	EXP 	textInput: autoDraw = True
130.4333 	DATA 	Keypress: p
130.6672 	DATA 	Keypress: u
130.8168 	DATA 	Keypress: e
130.9000 	DATA 	Keypress: n
131.0168 	DATA 	Keypress: t
131.1000 	DATA 	Keypress: e
132.6633 	EXP 	polygonColour: autoDraw = False
132.6633 	EXP 	polygonWhite: autoDraw = False
132.6633 	EXP 	imageObject: autoDraw = False
132.6633 	EXP 	polygonType: autoDraw = False
132.6633 	EXP 	textInput: autoDraw = False
132.6633 	EXP 	textBlank500: autoDraw = True
133.1475 	EXP 	New trial (rep=0, index=25): {'image': 'REPSWITCH1/PICTURE_175.png', 'correctAns': 'pintor', 'respModal': 'type', 'frameColor': 'darkblue', 'repSwitch': 'nontarget', 'sequence': 1, 'target': 'NT', 'set': 2, 'stimulus': 'Stim1_Set2', 'order': 26, 'psychopy_order': 25}
133.1631 	EXP 	textBlank500: autoDraw = False
133.1631 	EXP 	textBlank500: autoDraw = False
133.1631 	EXP 	textPause: autoDraw = False
133.1631 	EXP 	fixationITI: autoDraw = True
134.3956 	EXP 	fixationITI: autoDraw = False
134.3956 	EXP 	fixationITI: autoDraw = False
134.3956 	EXP 	polygonColour: fillColor = <psychopy.colors.Color: darkblue, alpha=1.0>
134.3956 	EXP 	polygonColour: borderColor = <psychopy.colors.Color: darkblue, alpha=1.0>
134.3956 	EXP 	imageObject: image = 'REPSWITCH1/PICTURE_175.png'
134.3956 	EXP 	polygonColour: autoDraw = True
134.3956 	EXP 	polygonWhite: autoDraw = True
134.3956 	EXP 	imageObject: autoDraw = True
134.3956 	EXP 	polygonType: autoDraw = True
134.3956 	EXP 	textInput: autoDraw = True
135.1655 	DATA 	Keypress: p
135.3325 	DATA 	Keypress: i
135.5170 	DATA 	Keypress: n
135.6497 	DATA 	Keypress: t
135.7489 	DATA 	Keypress: o
135.8990 	DATA 	Keypress: r
137.2788 	EXP 	polygonColour: autoDraw = False
137.2788 	EXP 	polygonWhite: autoDraw = False
137.2788 	EXP 	imageObject: autoDraw = False
137.2788 	EXP 	polygonType: autoDraw = False
137.2788 	EXP 	textInput: autoDraw = False
137.2788 	EXP 	textBlank500: autoDraw = True
137.7629 	EXP 	New trial (rep=0, index=26): {'image': 'REPSWITCH1/PICTURE_175.png', 'correctAns': 'pintor', 'respModal': 'type', 'frameColor': 'darkblue', 'repSwitch': 'repeat', 'sequence': 1, 'target': 'T', 'set': 2, 'stimulus': 'Stim1_Set2', 'order': 27, 'psychopy_order': 26}
137.7786 	EXP 	textBlank500: autoDraw = False
137.7786 	EXP 	textBlank500: autoDraw = False
137.7786 	EXP 	textPause: autoDraw = False
137.7786 	EXP 	fixationITI: autoDraw = True
138.9615 	EXP 	fixationITI: autoDraw = False
138.9615 	EXP 	fixationITI: autoDraw = False
138.9615 	EXP 	polygonColour: fillColor = <psychopy.colors.Color: darkblue, alpha=1.0>
138.9615 	EXP 	polygonColour: borderColor = <psychopy.colors.Color: darkblue, alpha=1.0>
138.9615 	EXP 	imageObject: image = 'REPSWITCH1/PICTURE_175.png'
138.9615 	EXP 	polygonColour: autoDraw = True
138.9615 	EXP 	polygonWhite: autoDraw = True
138.9615 	EXP 	imageObject: autoDraw = True
138.9615 	EXP 	polygonType: autoDraw = True
138.9615 	EXP 	textInput: autoDraw = True
141.1312 	DATA 	Keypress: p
141.3140 	DATA 	Keypress: i
141.5313 	DATA 	Keypress: n
141.7807 	DATA 	Keypress: t
141.9611 	EXP 	polygonColour: autoDraw = False
141.9611 	EXP 	polygonWhite: autoDraw = False
141.9611 	EXP 	imageObject: autoDraw = False
141.9611 	EXP 	polygonType: autoDraw = False
141.9611 	EXP 	textInput: autoDraw = False
141.9611 	EXP 	textBlank500: autoDraw = True
142.0294 	DATA 	Keypress: o
142.2787 	DATA 	Keypress: r
142.4444 	EXP 	New trial (rep=0, index=27): {'image': 'REPSWITCH1/PICTURE_142.png', 'correctAns': 'vaso', 'respModal': 'speak', 'frameColor': 'yellow', 'repSwitch': 'filler', 'sequence': 2, 'target': 'F', 'set': 2, 'stimulus': 'Stim2_Set1', 'order': 28, 'psychopy_order': 27}
142.4607 	EXP 	textBlank500: autoDraw = False
142.4607 	EXP 	textPause: autoDraw = False
142.4607 	EXP 	fixationITI: autoDraw = True
143.5118 	EXP 	fixationITI: autoDraw = False
143.5118 	EXP 	fixationITI: autoDraw = False
143.5118 	EXP 	polygonColour: fillColor = <psychopy.colors.Color: yellow, alpha=1.0>
143.5118 	EXP 	polygonColour: borderColor = <psychopy.colors.Color: yellow, alpha=1.0>
143.5118 	EXP 	imageObject: image = 'REPSWITCH1/PICTURE_142.png'
143.5118 	EXP 	polygonColour: autoDraw = True
143.5118 	EXP 	polygonWhite: autoDraw = True
143.5118 	EXP 	imageObject: autoDraw = True
143.5118 	EXP 	polygonType: autoDraw = True
143.5118 	EXP 	textInput: autoDraw = True
144.3302 	DATA 	Keypress: v
144.3968 	DATA 	Keypress: a
144.5302 	DATA 	Keypress: s
144.6138 	DATA 	Keypress: o
146.5252 	EXP 	polygonColour: autoDraw = False
146.5252 	EXP 	polygonWhite: autoDraw = False
146.5252 	EXP 	imageObject: autoDraw = False
146.5252 	EXP 	polygonType: autoDraw = False
146.5252 	EXP 	textInput: autoDraw = False
146.5252 	EXP 	polygonColour: autoDraw = False
146.5252 	EXP 	polygonWhite: autoDraw = False
146.5252 	EXP 	imageObject: autoDraw = False
146.5252 	EXP 	polygonType: autoDraw = False
146.5252 	EXP 	textInput: autoDraw = False
146.5252 	EXP 	textBlank500: autoDraw = True
147.0099 	EXP 	New trial (rep=0, index=28): {'image': 'REPSWITCH1/PICTURE_152.png', 'correctAns': 'caracol', 'respModal': 'type', 'frameColor': 'darkblue', 'repSwitch': 'nontarget', 'sequence': 1, 'target': 'NT', 'set': 2, 'stimulus': 'Stim2_Set2', 'order': 29, 'psychopy_order': 28}
147.0265 	EXP 	textBlank500: autoDraw = False
147.0265 	EXP 	textPause: autoDraw = False
147.0265 	EXP 	fixationITI: autoDraw = True
148.2092 	EXP 	fixationITI: autoDraw = False
148.2092 	EXP 	fixationITI: autoDraw = False
148.2092 	EXP 	polygonColour: fillColor = <psychopy.colors.Color: darkblue, alpha=1.0>
148.2092 	EXP 	polygonColour: borderColor = <psychopy.colors.Color: darkblue, alpha=1.0>
148.2092 	EXP 	imageObject: image = 'REPSWITCH1/PICTURE_152.png'
148.2092 	EXP 	polygonColour: autoDraw = True
148.2092 	EXP 	polygonWhite: autoDraw = True
148.2092 	EXP 	imageObject: autoDraw = True
148.2092 	EXP 	polygonType: autoDraw = True
148.2092 	EXP 	textInput: autoDraw = True
149.3288 	DATA 	Keypress: c
149.3956 	DATA 	Keypress: a
149.5460 	DATA 	Keypress: r
149.6289 	DATA 	Keypress: a
149.7786 	DATA 	Keypress: c
149.8627 	DATA 	Keypress: o
150.3123 	DATA 	Keypress: l
151.1087 	EXP 	polygonColour: autoDraw = False
151.1087 	EXP 	polygonWhite: autoDraw = False
151.1087 	EXP 	imageObject: autoDraw = False
151.1087 	EXP 	polygonType: autoDraw = False
151.1087 	EXP 	textInput: autoDraw = False
151.1087 	EXP 	textBlank500: autoDraw = True
151.5924 	EXP 	New trial (rep=0, index=29): {'image': 'REPSWITCH1/PICTURE_152.png', 'correctAns': 'caracol', 'respModal': 'type', 'frameColor': 'darkblue', 'repSwitch': 'repeat', 'sequence': 1, 'target': 'T', 'set': 2, 'stimulus': 'Stim2_Set2', 'order': 30, 'psychopy_order': 29}
151.6090 	EXP 	textBlank500: autoDraw = False
151.6090 	EXP 	textPause: autoDraw = False
151.6090 	EXP 	fixationITI: autoDraw = True
152.8911 	EXP 	fixationITI: autoDraw = False
152.8911 	EXP 	fixationITI: autoDraw = False
152.8911 	EXP 	polygonColour: fillColor = <psychopy.colors.Color: darkblue, alpha=1.0>
152.8911 	EXP 	polygonColour: borderColor = <psychopy.colors.Color: darkblue, alpha=1.0>
152.8911 	EXP 	imageObject: image = 'REPSWITCH1/PICTURE_152.png'
152.8911 	EXP 	polygonColour: autoDraw = True
152.8911 	EXP 	polygonWhite: autoDraw = True
152.8911 	EXP 	imageObject: autoDraw = True
152.8911 	EXP 	polygonType: autoDraw = True
152.8911 	EXP 	textInput: autoDraw = True
153.5783 	DATA 	Keypress: c
153.6451 	DATA 	Keypress: a
153.7944 	DATA 	Keypress: r
153.8777 	DATA 	Keypress: a
154.0280 	DATA 	Keypress: c
154.1114 	DATA 	Keypress: o
154.3112 	DATA 	Keypress: l
155.8744 	EXP 	polygonColour: autoDraw = False
155.8744 	EXP 	polygonWhite: autoDraw = False
155.8744 	EXP 	imageObject: autoDraw = False
155.8744 	EXP 	polygonType: autoDraw = False
155.8744 	EXP 	textInput: autoDraw = False
155.8744 	EXP 	textBlank500: autoDraw = True
156.3583 	EXP 	New trial (rep=0, index=30): {'image': 'REPSWITCH1/PICTURE_264.png', 'correctAns': 'mano', 'respModal': 'type', 'frameColor': 'darkblue', 'repSwitch': 'nontarget', 'sequence': 1, 'target': 'NT', 'set': 2, 'stimulus': 'Stim3_Set2', 'order': 31, 'psychopy_order': 30}
156.3740 	EXP 	textBlank500: autoDraw = False
156.3740 	EXP 	textBlank500: autoDraw = False
156.3740 	EXP 	textPause: autoDraw = False
156.3740 	EXP 	fixationITI: autoDraw = True
157.4901 	EXP 	fixationITI: autoDraw = False
157.4901 	EXP 	fixationITI: autoDraw = False
157.4901 	EXP 	polygonColour: fillColor = <psychopy.colors.Color: darkblue, alpha=1.0>
157.4901 	EXP 	polygonColour: borderColor = <psychopy.colors.Color: darkblue, alpha=1.0>
157.4901 	EXP 	imageObject: image = 'REPSWITCH1/PICTURE_264.png'
157.4901 	EXP 	polygonColour: autoDraw = True
157.4901 	EXP 	polygonWhite: autoDraw = True
157.4901 	EXP 	imageObject: autoDraw = True
157.4901 	EXP 	polygonType: autoDraw = True
157.4901 	EXP 	textInput: autoDraw = True
158.3598 	DATA 	Keypress: m
158.4601 	DATA 	Keypress: a
158.5599 	DATA 	Keypress: n
158.6934 	DATA 	Keypress: o
160.4729 	EXP 	polygonColour: autoDraw = False
160.4729 	EXP 	polygonWhite: autoDraw = False
160.4729 	EXP 	imageObject: autoDraw = False
160.4729 	EXP 	polygonType: autoDraw = False
160.4729 	EXP 	textInput: autoDraw = False
160.4729 	EXP 	textBlank500: autoDraw = True
160.9567 	EXP 	New trial (rep=0, index=31): {'image': 'REPSWITCH1/PICTURE_264.png', 'correctAns': 'mano', 'respModal': 'speak', 'frameColor': 'yellow', 'repSwitch': 'switch', 'sequence': 2, 'target': 'T', 'set': 2, 'stimulus': 'Stim3_Set2', 'order': 32, 'psychopy_order': 31}
160.9729 	EXP 	textBlank500: autoDraw = False
160.9729 	EXP 	textPause: autoDraw = False
160.9729 	EXP 	fixationITI: autoDraw = True
162.1892 	EXP 	fixationITI: autoDraw = False
162.1892 	EXP 	fixationITI: autoDraw = False
162.1892 	EXP 	polygonColour: fillColor = <psychopy.colors.Color: yellow, alpha=1.0>
162.1892 	EXP 	polygonColour: borderColor = <psychopy.colors.Color: yellow, alpha=1.0>
162.1892 	EXP 	imageObject: image = 'REPSWITCH1/PICTURE_264.png'
162.1892 	EXP 	polygonColour: autoDraw = True
162.1892 	EXP 	polygonWhite: autoDraw = True
162.1892 	EXP 	imageObject: autoDraw = True
162.1892 	EXP 	polygonType: autoDraw = True
162.1892 	EXP 	textInput: autoDraw = True
162.9923 	DATA 	Keypress: m
163.1256 	DATA 	Keypress: a
163.2258 	DATA 	Keypress: n
163.3261 	DATA 	Keypress: o
165.1884 	EXP 	polygonColour: autoDraw = False
165.1884 	EXP 	polygonWhite: autoDraw = False
165.1884 	EXP 	imageObject: autoDraw = False
165.1884 	EXP 	polygonType: autoDraw = False
165.1884 	EXP 	textInput: autoDraw = False
165.1884 	EXP 	textBlank500: autoDraw = True
165.6726 	EXP 	New trial (rep=0, index=32): {'image': 'REPSWITCH1/PICTURE_517.png', 'correctAns': 'cuerda', 'respModal': 'speak', 'frameColor': 'yellow', 'repSwitch': 'nontarget', 'sequence': 2, 'target': 'NT', 'set': 2, 'stimulus': 'Stim4_Set2', 'order': 33, 'psychopy_order': 32}
165.6886 	EXP 	textBlank500: autoDraw = False
165.6886 	EXP 	textPause: autoDraw = False
165.6886 	EXP 	fixationITI: autoDraw = True
166.6400 	DATA 	Keypress: escape
167.2955 	EXP 	window1: mouseVisible = True
