22.3750 	WARNING 	Couldn't measure a consistent frame rate!
  - Is your graphics card set to sync to vertical blank?
  - Are you running other processes on your computer?

22.3757 	EXP 	Created window1 = Window(allowGUI=True, allowStencil=False, autoLog=True, backendConf=UNKNOWN, bitsMode=UNKNOWN, blendMode='avg', bpc=(8, 8, 8), color=array([0, 0, 0]), colorSpace='rgb', depthBits=8, fullscr=<method-wrapper '__getattribute__' of attributeSetter object at 0x000002E081AFC700>, gamma=None, gammaErrorPolicy='raise', lms=UNKNOWN, monitor=<psychopy.monitors.calibTools.Monitor object at 0x000002E083AA0220>, multiSample=False, name='window1', numSamples=2, pos=(192, 108), screen=0, size=array([1536,  864]), stencilBits=0, stereo=False, units='height', useFBO=True, useRetina=False, viewOri=0.0, viewPos=None, viewScale=None, waitBlanking=True, winType='pyglet')
22.3758 	EXP 	window1: mouseVisible = True
22.3759 	EXP 	window1: mouseVisible = True
22.3759 	EXP 	window1: Attempting to measure frame rate of screen (0) ...
22.3759 	EXP 	window1: recordFrameIntervals = False
22.5798 	EXP 	window1: recordFrameIntervals = True
22.6692 	WARNING 	t of last frame was 25.74ms (=1/38)
22.6974 	WARNING 	t of last frame was 28.21ms (=1/35)
22.7322 	WARNING 	t of last frame was 22.15ms (=1/45)
22.7536 	WARNING 	t of last frame was 21.40ms (=1/46)
22.7797 	WARNING 	Multiple dropped frames have occurred - I'll stop bothering you about them!
24.5331 	WARNING 	Couldn't measure a consistent frame rate!
  - Is your graphics card set to sync to vertical blank?
  - Are you running other processes on your computer?

24.5880 	WARNING 	launchHubServer: If using the iohub mouse or eyetracker devices, fullScr should be True.
28.8354 	EXP 	Created textWelcomeFam = TextStim(__class__=<class 'psychopy.visual.text.TextStim'>, alignHoriz=method-wrapper(...), alignText='center', alignVert=method-wrapper(...), anchorHoriz='center', anchorVert='center', antialias=True, autoDraw=False, autoLog=True, bold=False, color=array([1, 1, 1]), colorSpace='rgb', contrast=1.0, depth=0.0, flipHoriz=False, flipVert=False, font='Open Sans', fontFiles=[], height=0.05, italic=False, languageStyle='LTR', name='textWelcomeFam', opacity=1.0, ori=0.0, pos=array([0., 0.]), rgb=UNKNOWN, text='Welcome to the experiment!', units='height', win=Window(...), wrapWidth=1)
28.8371 	EXP 	Created textBlank500 = TextStim(__class__=<class 'psychopy.visual.text.TextStim'>, alignHoriz=method-wrapper(...), alignText='center', alignVert=method-wrapper(...), anchorHoriz='center', anchorVert='center', antialias=True, autoDraw=False, autoLog=True, bold=False, color=array([1, 1, 1]), colorSpace='rgb', contrast=1.0, depth=0.0, flipHoriz=False, flipVert=False, font='Open Sans', fontFiles=[], height=0.05, italic=False, languageStyle='LTR', name='textBlank500', opacity=1.0, ori=0.0, pos=array([0., 0.]), rgb=UNKNOWN, text='', units='height', win=Window(...), wrapWidth=1)
29.0257 	EXP 	Created textBlank500 = TextStim(__class__=<class 'psychopy.visual.text.TextStim'>, alignHoriz=method-wrapper(...), alignText='center', alignVert=method-wrapper(...), anchorHoriz='center', anchorVert='center', antialias=True, autoDraw=False, autoLog=True, bold=False, color=array([1, 1, 1]), colorSpace='rgb', contrast=1.0, depth=0.0, flipHoriz=False, flipVert=False, font='Open Sans', fontFiles=[], height=0.05, italic=False, languageStyle='LTR', name='textBlank500', opacity=1.0, ori=0.0, pos=array([0., 0.]), rgb=UNKNOWN, text='', units='height', win=Window(...), wrapWidth=1)
29.0286 	EXP 	Created fixationITI = ShapeStim(__class__=<class 'psychopy.visual.shape.ShapeStim'>, anchor=('center', 'center'), autoDraw=False, autoLog=True, closeShape=True, color=method-wrapper(...), colorSpace='rgb', contrast=None, depth=0.0, fillColor=array([1, 1, 1]), fillColorSpace='rgb', fillRGB=array([1, 1, 1]), interpolate=True, lineColor=array([1, 1, 1]), lineColorSpace='rgb', lineRGB=array([1, 1, 1]), lineWidth=1.0, name='fixationITI', opacity=1.0, ori=0.0, pos=array([0., 0.]), size=array([0.1, 0.1]), units='height', vertices=ndarray(...), win=Window(...), windingRule=None)
29.0314 	EXP 	Created polygonWhiteFam = Rect(__class__=<class 'psychopy.visual.rect.Rect'>, anchor=('center', 'center'), autoDraw=False, autoLog=True, closeShape=True, color=method-wrapper(...), colorSpace='rgb', contrast=None, depth=0.0, fillColor=array([1, 1, 1]), fillColorSpace='rgb', fillRGB=array([1, 1, 1]), interpolate=True, lineColor=array([1, 1, 1]), lineColorSpace='rgb', lineRGB=array([1, 1, 1]), lineWidth=1.0, name='polygonWhiteFam', opacity=1.0, ori=0.0, pos=array([0., 0.]), size=array([0.5, 0.5]), units='height', vertices=ndarray(...), win=Window(...))
29.0521 	EXP 	Created imageFam = ImageStim(__class__=<class 'psychopy.visual.image.ImageStim'>, anchor=('center', 'center'), autoLog=True, color=array([1, 1, 1]), colorSpace='rgb', contrast=1.0, depth=-1.0, flipHoriz=False, flipVert=False, image='sin', interpolate=True, mask=None, maskParams=None, name='imageFam', opacity=1.0, ori=0.0, pos=array([0., 0.]), size=array([0.5, 0.5]), texRes=128.0, units='height', win=Window(...))
29.0539 	EXP 	Created textFam = TextStim(__class__=<class 'psychopy.visual.text.TextStim'>, alignHoriz=method-wrapper(...), alignText='center', alignVert=method-wrapper(...), anchorHoriz='center', anchorVert='center', antialias=True, autoDraw=False, autoLog=True, bold=False, color=array([1, 1, 1]), colorSpace='rgb', contrast=1.0, depth=-2.0, flipHoriz=False, flipVert=False, font='Open Sans', fontFiles=[], height=0.05, italic=False, languageStyle='LTR', name='textFam', opacity=1.0, ori=0.0, pos=array([ 0. , -0.3]), rgb=UNKNOWN, text='', units='height', win=Window(...), wrapWidth=1)
29.2284 	EXP 	Created textBlank500 = TextStim(__class__=<class 'psychopy.visual.text.TextStim'>, alignHoriz=method-wrapper(...), alignText='center', alignVert=method-wrapper(...), anchorHoriz='center', anchorVert='center', antialias=True, autoDraw=False, autoLog=True, bold=False, color=array([1, 1, 1]), colorSpace='rgb', contrast=1.0, depth=0.0, flipHoriz=False, flipVert=False, font='Open Sans', fontFiles=[], height=0.05, italic=False, languageStyle='LTR', name='textBlank500', opacity=1.0, ori=0.0, pos=array([0., 0.]), rgb=UNKNOWN, text='', units='height', win=Window(...), wrapWidth=1)
29.2342 	EXP 	Created textBlank500 = TextStim(__class__=<class 'psychopy.visual.text.TextStim'>, alignHoriz=method-wrapper(...), alignText='center', alignVert=method-wrapper(...), anchorHoriz='center', anchorVert='center', antialias=True, autoDraw=False, autoLog=True, bold=False, color=array([1, 1, 1]), colorSpace='rgb', contrast=1.0, depth=0.0, flipHoriz=False, flipVert=False, font='Open Sans', fontFiles=[], height=0.05, italic=False, languageStyle='LTR', name='textBlank500', opacity=1.0, ori=0.0, pos=array([0., 0.]), rgb=UNKNOWN, text='', units='height', win=Window(...), wrapWidth=1)
29.2980 	DATA 	Mouse: Left button down, pos=(408,281)
29.2984 	DATA 	Mouse:  Left button up, pos=(408,281)
29.3570 	EXP 	textboxInstrFam: autoLog = True
29.3570 	EXP 	textboxEndFam: autoLog = True
29.3570 	EXP 	textWelcomeFam: autoDraw = True
30.8595 	DATA 	Mouse: Left button down, pos=(705,368)
30.9604 	DATA 	Mouse:  Left button up, pos=(705,368)
31.3101 	EXP 	textWelcomeFam: autoDraw = False
31.3101 	EXP 	textBlank500: autoDraw = True
31.8220 	EXP 	textBlank500: autoDraw = False
31.8220 	EXP 	textboxInstrFam: autoDraw = True
33.6596 	DATA 	Keypress: space
33.6734 	EXP 	textboxInstrFam: autoDraw = False
33.6734 	EXP 	textBlank500: autoDraw = True
34.1908 	EXP 	Imported repswitch_fam.xlsx as conditions, 39 conditions, 2 params
34.1922 	EXP 	Created sequence: random, trialTypes=39, nReps=1, seed=None
34.1925 	EXP 	New trial (rep=0, index=0): {'image': 'REPSWITCH1_Fam/PICTURE_135.png', 'correctAns': 'traje'}
34.2073 	EXP 	textBlank500: autoDraw = False
34.2073 	EXP 	textBlank500: autoDraw = False
34.2073 	EXP 	fixationITI: autoDraw = True
35.6417 	EXP 	fixationITI: autoDraw = False
35.6417 	EXP 	fixationITI: autoDraw = False
35.6417 	EXP 	imageFam: image = 'REPSWITCH1_Fam/PICTURE_135.png'
35.6417 	EXP 	polygonWhiteFam: autoDraw = True
35.6417 	EXP 	imageFam: autoDraw = True
36.8258 	DATA 	Keypress: t
36.9928 	DATA 	Keypress: t
37.1477 	DATA 	Keypress: t
37.2954 	DATA 	Keypress: t
37.4463 	DATA 	Keypress: t
38.9383 	EXP 	textFam: autoDraw = True
41.4391 	EXP 	textFam: autoDraw = False
41.6514 	EXP 	polygonWhiteFam: autoDraw = False
41.6514 	EXP 	imageFam: autoDraw = False
41.6514 	EXP 	textFam: autoDraw = False
41.6514 	EXP 	textBlank500: autoDraw = True
42.1385 	EXP 	New trial (rep=0, index=1): {'image': 'REPSWITCH1_Practice/PICTURE_733.png', 'correctAns': 'gafas'}
42.1589 	EXP 	textBlank500: autoDraw = False
42.1589 	EXP 	fixationITI: autoDraw = True
43.3691 	EXP 	fixationITI: autoDraw = False
43.3691 	EXP 	fixationITI: autoDraw = False
43.3691 	EXP 	imageFam: image = 'REPSWITCH1_Practice/PICTURE_733.png'
43.3691 	EXP 	polygonWhiteFam: autoDraw = True
43.3691 	EXP 	imageFam: autoDraw = True
46.8364 	EXP 	textFam: autoDraw = True
49.5334 	EXP 	polygonWhiteFam: autoDraw = False
49.5334 	EXP 	imageFam: autoDraw = False
49.5334 	EXP 	textFam: autoDraw = False
49.5334 	EXP 	textBlank500: autoDraw = True
50.0198 	EXP 	New trial (rep=0, index=2): {'image': 'REPSWITCH1_Fam/PICTURE_271.png', 'correctAns': 'conejo'}
50.0347 	EXP 	textBlank500: autoDraw = False
50.0347 	EXP 	fixationITI: autoDraw = True
51.3549 	EXP 	fixationITI: autoDraw = False
51.3549 	EXP 	fixationITI: autoDraw = False
51.3549 	EXP 	imageFam: image = 'REPSWITCH1_Fam/PICTURE_271.png'
51.3549 	EXP 	polygonWhiteFam: autoDraw = True
51.3549 	EXP 	imageFam: autoDraw = True
54.6847 	EXP 	textFam: autoDraw = True
57.1892 	EXP 	textFam: autoDraw = False
57.3805 	EXP 	polygonWhiteFam: autoDraw = False
57.3805 	EXP 	imageFam: autoDraw = False
57.3805 	EXP 	textFam: autoDraw = False
57.3805 	EXP 	textBlank500: autoDraw = True
57.8786 	EXP 	New trial (rep=0, index=3): {'image': 'REPSWITCH1_Fam/PICTURE_610.png', 'correctAns': 'miel'}
57.9007 	EXP 	textBlank500: autoDraw = False
57.9007 	EXP 	fixationITI: autoDraw = True
58.5651 	DATA 	Mouse: Left button down, pos=(1299,658)
58.6700 	DATA 	Mouse:  Left button up, pos=(1299,658)
58.9819 	EXP 	fixationITI: autoDraw = False
58.9819 	EXP 	fixationITI: autoDraw = False
58.9819 	EXP 	imageFam: image = 'REPSWITCH1_Fam/PICTURE_610.png'
58.9819 	EXP 	polygonWhiteFam: autoDraw = True
58.9819 	EXP 	imageFam: autoDraw = True
59.1725 	DATA 	Keypress: escape
59.8024 	EXP 	window1: mouseVisible = True
