10.9684 	EXP 	Created window1 = Window(allowGUI=True, allowStencil=False, autoLog=True, backendConf=UNKNOWN, bitsMode=UNKNOWN, blendMode='avg', bpc=(8, 8, 8), color=array([0, 0, 0]), colorSpace='rgb', depthBits=8, fullscr=<method-wrapper '__getattribute__' of attributeSetter object at 0x000001E23E76FE80>, gamma=None, gammaErrorPolicy='raise', lms=UNKNOWN, monitor=<psychopy.monitors.calibTools.Monitor object at 0x000001E244BF9A60>, multiSample=False, name='window1', numSamples=2, pos=(0, 0), screen=0, size=array([1920, 1080]), stencilBits=0, stereo=False, units='height', useFBO=True, useRetina=False, viewOri=0.0, viewPos=None, viewScale=None, waitBlanking=True, winType='pyglet')
10.9685 	EXP 	window1: mouseVisible = True
10.9685 	EXP 	window1: mouseVisible = False
10.9685 	EXP 	window1: Attempting to measure frame rate of screen (0) ...
10.9686 	EXP 	window1: recordFrameIntervals = False
11.0377 	EXP 	window1: recordFrameIntervals = True
11.1142 	EXP 	Screen (0) actual frame rate measured at 144.13Hz
11.1142 	EXP 	window1: recordFrameIntervals = False
12.2520 	EXP 	Created textWelcomeFam = TextStim(__class__=<class 'psychopy.visual.text.TextStim'>, alignHoriz=method-wrapper(...), alignText='center', alignVert=method-wrapper(...), anchorHoriz='center', anchorVert='center', antialias=True, autoDraw=False, autoLog=True, bold=False, color=array([1, 1, 1]), colorSpace='rgb', contrast=1.0, depth=0.0, flipHoriz=False, flipVert=False, font='Open Sans', fontFiles=[], height=0.05, italic=False, languageStyle='LTR', name='textWelcomeFam', opacity=1.0, ori=0.0, pos=array([0., 0.]), rgb=UNKNOWN, text='Bienvenido/a al experimento!', units='height', win=Window(...), wrapWidth=1)
12.2933 	EXP 	Created fixationITI = ShapeStim(__class__=<class 'psychopy.visual.shape.ShapeStim'>, anchor=('center', 'center'), autoDraw=False, autoLog=True, closeShape=True, color=method-wrapper(...), colorSpace='rgb', contrast=None, depth=0.0, fillColor=array([1, 1, 1]), fillColorSpace='rgb', fillRGB=array([1, 1, 1]), interpolate=True, lineColor=array([1, 1, 1]), lineColorSpace='rgb', lineRGB=array([1, 1, 1]), lineWidth=1.0, name='fixationITI', opacity=1.0, ori=0.0, pos=array([0., 0.]), size=array([0.1, 0.1]), units='height', vertices=ndarray(...), win=Window(...), windingRule=None)
12.2938 	EXP 	Created polygonWhiteFam = Rect(__class__=<class 'psychopy.visual.rect.Rect'>, anchor=('center', 'center'), autoDraw=False, autoLog=True, closeShape=True, color=method-wrapper(...), colorSpace='rgb', contrast=None, depth=0.0, fillColor=array([1, 1, 1]), fillColorSpace='rgb', fillRGB=array([1, 1, 1]), interpolate=True, lineColor=array([1, 1, 1]), lineColorSpace='rgb', lineRGB=array([1, 1, 1]), lineWidth=1.0, name='polygonWhiteFam', opacity=1.0, ori=0.0, pos=array([0., 0.]), size=array([0.5, 0.5]), units='height', vertices=ndarray(...), win=Window(...))
12.2967 	EXP 	Created imageFam = ImageStim(__class__=<class 'psychopy.visual.image.ImageStim'>, anchor=('center', 'center'), autoLog=True, color=array([1, 1, 1]), colorSpace='rgb', contrast=1.0, depth=-1.0, flipHoriz=False, flipVert=False, image='sin', interpolate=True, mask=None, maskParams=None, name='imageFam', opacity=1.0, ori=0.0, pos=array([0., 0.]), size=array([0.5, 0.5]), texRes=128.0, units='height', win=Window(...))
12.2971 	EXP 	Created textFam = TextStim(__class__=<class 'psychopy.visual.text.TextStim'>, alignHoriz=method-wrapper(...), alignText='center', alignVert=method-wrapper(...), anchorHoriz='center', anchorVert='center', antialias=True, autoDraw=False, autoLog=True, bold=False, color=array([1, 1, 1]), colorSpace='rgb', contrast=1.0, depth=-2.0, flipHoriz=False, flipVert=False, font='Open Sans', fontFiles=[], height=0.05, italic=False, languageStyle='LTR', name='textFam', opacity=1.0, ori=0.0, pos=array([ 0. , -0.3]), rgb=UNKNOWN, text='', units='height', win=Window(...), wrapWidth=1)
12.3463 	EXP 	Created textBlankLoop = TextStim(__class__=<class 'psychopy.visual.text.TextStim'>, alignHoriz=method-wrapper(...), alignText='center', alignVert=method-wrapper(...), anchorHoriz='center', anchorVert='center', antialias=True, autoDraw=False, autoLog=True, bold=False, color=array([1, 1, 1]), colorSpace='rgb', contrast=1.0, depth=0.0, flipHoriz=False, flipVert=False, font='Open Sans', fontFiles=[], height=0.05, italic=False, languageStyle='LTR', name='textBlankLoop', opacity=1.0, ori=0.0, pos=array([0., 0.]), rgb=UNKNOWN, text='', units='height', win=Window(...), wrapWidth=1)
12.3671 	EXP 	textboxInstrFam: autoLog = True
12.3671 	EXP 	textboxEndFam: autoLog = True
12.3671 	EXP 	textWelcomeFam: autoDraw = True
14.3730 	EXP 	textWelcomeFam: autoDraw = False
14.3730 	EXP 	textboxInstrFam: autoDraw = True
19.3175 	EXP 	Imported repswitch_fam.xlsx as conditions, 45 conditions, 2 params
19.3180 	EXP 	Created sequence: random, trialTypes=45, nReps=1, seed=None
19.3182 	EXP 	New trial (rep=0, index=0): {'image': 'REPSWITCH1_Fam/PICTURE_646.png', 'correctAns': 'tronco'}
19.3188 	DATA 	Keypress: space
19.3249 	EXP 	textboxInstrFam: autoDraw = False
19.3249 	EXP 	fixationITI: autoDraw = True
20.3879 	EXP 	fixationITI: autoDraw = False
20.3879 	EXP 	fixationITI: autoDraw = False
20.3879 	EXP 	imageFam: image = 'REPSWITCH1_Fam/PICTURE_646.png'
20.3879 	EXP 	polygonWhiteFam: autoDraw = True
20.3879 	EXP 	imageFam: autoDraw = True
23.8665 	EXP 	textFam: autoDraw = True
26.3668 	EXP 	textFam: autoDraw = False
26.4085 	EXP 	polygonWhiteFam: autoDraw = False
26.4085 	EXP 	imageFam: autoDraw = False
26.4085 	EXP 	textFam: autoDraw = False
26.4085 	EXP 	textBlankLoop: autoDraw = True
26.9028 	EXP 	New trial (rep=0, index=1): {'image': 'REPSWITCH1_Fam/PICTURE_178.png', 'correctAns': 'puente'}
26.9092 	EXP 	textBlankLoop: autoDraw = False
26.9092 	EXP 	textBlankLoop: autoDraw = False
26.9092 	EXP 	fixationITI: autoDraw = True
28.1040 	EXP 	fixationITI: autoDraw = False
28.1040 	EXP 	fixationITI: autoDraw = False
28.1040 	EXP 	imageFam: image = 'REPSWITCH1_Fam/PICTURE_178.png'
28.1040 	EXP 	polygonWhiteFam: autoDraw = True
28.1040 	EXP 	imageFam: autoDraw = True
31.5902 	EXP 	textFam: autoDraw = True
34.0900 	EXP 	textFam: autoDraw = False
34.1387 	EXP 	polygonWhiteFam: autoDraw = False
34.1387 	EXP 	imageFam: autoDraw = False
34.1387 	EXP 	polygonWhiteFam: autoDraw = False
34.1387 	EXP 	imageFam: autoDraw = False
34.1387 	EXP 	textFam: autoDraw = False
34.1387 	EXP 	textBlankLoop: autoDraw = True
34.6327 	EXP 	New trial (rep=0, index=2): {'image': 'REPSWITCH1_Fam/PICTURE_663.png', 'correctAns': 'columna'}
34.6395 	EXP 	textBlankLoop: autoDraw = False
34.6395 	EXP 	fixationITI: autoDraw = True
35.7299 	EXP 	fixationITI: autoDraw = False
35.7299 	EXP 	fixationITI: autoDraw = False
35.7299 	EXP 	imageFam: image = 'REPSWITCH1_Fam/PICTURE_663.png'
35.7299 	EXP 	polygonWhiteFam: autoDraw = True
35.7299 	EXP 	imageFam: autoDraw = True
39.2162 	EXP 	textFam: autoDraw = True
41.7159 	EXP 	textFam: autoDraw = False
41.7647 	EXP 	polygonWhiteFam: autoDraw = False
41.7647 	EXP 	imageFam: autoDraw = False
41.7647 	EXP 	polygonWhiteFam: autoDraw = False
41.7647 	EXP 	imageFam: autoDraw = False
41.7647 	EXP 	textFam: autoDraw = False
41.7647 	EXP 	textBlankLoop: autoDraw = True
42.2581 	EXP 	New trial (rep=0, index=3): {'image': 'REPSWITCH1_Fam/PICTURE_576.png', 'correctAns': 'guante'}
42.2647 	EXP 	textBlankLoop: autoDraw = False
42.2647 	EXP 	fixationITI: autoDraw = True
43.4325 	EXP 	fixationITI: autoDraw = False
43.4325 	EXP 	fixationITI: autoDraw = False
43.4325 	EXP 	imageFam: image = 'REPSWITCH1_Fam/PICTURE_576.png'
43.4325 	EXP 	polygonWhiteFam: autoDraw = True
43.4325 	EXP 	imageFam: autoDraw = True
46.9186 	EXP 	textFam: autoDraw = True
49.4192 	EXP 	textFam: autoDraw = False
49.4610 	EXP 	polygonWhiteFam: autoDraw = False
49.4610 	EXP 	imageFam: autoDraw = False
49.4610 	EXP 	textFam: autoDraw = False
49.4610 	EXP 	textBlankLoop: autoDraw = True
49.9541 	EXP 	New trial (rep=0, index=4): {'image': 'REPSWITCH1_Fam/PICTURE_719.png', 'correctAns': 'baño'}
49.9610 	EXP 	textBlankLoop: autoDraw = False
49.9610 	EXP 	fixationITI: autoDraw = True
51.1209 	EXP 	fixationITI: autoDraw = False
51.1209 	EXP 	fixationITI: autoDraw = False
51.1209 	EXP 	imageFam: image = 'REPSWITCH1_Fam/PICTURE_719.png'
51.1209 	EXP 	polygonWhiteFam: autoDraw = True
51.1209 	EXP 	imageFam: autoDraw = True
54.6067 	EXP 	textFam: autoDraw = True
57.1068 	EXP 	textFam: autoDraw = False
57.1556 	EXP 	polygonWhiteFam: autoDraw = False
57.1556 	EXP 	imageFam: autoDraw = False
57.1556 	EXP 	polygonWhiteFam: autoDraw = False
57.1556 	EXP 	imageFam: autoDraw = False
57.1556 	EXP 	textFam: autoDraw = False
57.1556 	EXP 	textBlankLoop: autoDraw = True
57.6487 	EXP 	New trial (rep=0, index=5): {'image': 'REPSWITCH1_Fam/PICTURE_235.png', 'correctAns': 'aguja'}
57.6555 	EXP 	textBlankLoop: autoDraw = False
57.6555 	EXP 	fixationITI: autoDraw = True
58.6982 	EXP 	fixationITI: autoDraw = False
58.6982 	EXP 	fixationITI: autoDraw = False
58.6982 	EXP 	imageFam: image = 'REPSWITCH1_Fam/PICTURE_235.png'
58.6982 	EXP 	polygonWhiteFam: autoDraw = True
58.6982 	EXP 	imageFam: autoDraw = True
62.1844 	EXP 	textFam: autoDraw = True
64.6843 	EXP 	textFam: autoDraw = False
64.7186 	EXP 	polygonWhiteFam: autoDraw = False
64.7186 	EXP 	imageFam: autoDraw = False
64.7186 	EXP 	textFam: autoDraw = False
64.7186 	EXP 	textBlankLoop: autoDraw = True
65.2124 	EXP 	New trial (rep=0, index=6): {'image': 'REPSWITCH1_Fam/PICTURE_48.png', 'correctAns': 'bombero'}
65.2191 	EXP 	textBlankLoop: autoDraw = False
65.2191 	EXP 	textBlankLoop: autoDraw = False
65.2191 	EXP 	fixationITI: autoDraw = True
66.3519 	EXP 	fixationITI: autoDraw = False
66.3519 	EXP 	fixationITI: autoDraw = False
66.3519 	EXP 	imageFam: image = 'REPSWITCH1_Fam/PICTURE_48.png'
66.3519 	EXP 	polygonWhiteFam: autoDraw = True
66.3519 	EXP 	imageFam: autoDraw = True
69.8382 	EXP 	textFam: autoDraw = True
72.3381 	EXP 	textFam: autoDraw = False
72.3728 	EXP 	polygonWhiteFam: autoDraw = False
72.3728 	EXP 	imageFam: autoDraw = False
72.3728 	EXP 	textFam: autoDraw = False
72.3728 	EXP 	textBlankLoop: autoDraw = True
72.8664 	EXP 	New trial (rep=0, index=7): {'image': 'REPSWITCH1_Fam/PICTURE_446.png', 'correctAns': 'cerdo'}
72.8726 	EXP 	textBlankLoop: autoDraw = False
72.8726 	EXP 	textBlankLoop: autoDraw = False
72.8726 	EXP 	fixationITI: autoDraw = True
74.0891 	EXP 	fixationITI: autoDraw = False
74.0891 	EXP 	fixationITI: autoDraw = False
74.0891 	EXP 	imageFam: image = 'REPSWITCH1_Fam/PICTURE_446.png'
74.0891 	EXP 	polygonWhiteFam: autoDraw = True
74.0891 	EXP 	imageFam: autoDraw = True
77.5754 	EXP 	textFam: autoDraw = True
80.0751 	EXP 	textFam: autoDraw = False
80.1240 	EXP 	polygonWhiteFam: autoDraw = False
80.1240 	EXP 	imageFam: autoDraw = False
80.1240 	EXP 	polygonWhiteFam: autoDraw = False
80.1240 	EXP 	imageFam: autoDraw = False
80.1240 	EXP 	textFam: autoDraw = False
80.1240 	EXP 	textBlankLoop: autoDraw = True
80.6180 	EXP 	New trial (rep=0, index=8): {'image': 'REPSWITCH1_Fam/PICTURE_19.png', 'correctAns': 'pavo'}
80.6248 	EXP 	textBlankLoop: autoDraw = False
80.6248 	EXP 	fixationITI: autoDraw = True
81.6735 	EXP 	fixationITI: autoDraw = False
81.6735 	EXP 	fixationITI: autoDraw = False
81.6735 	EXP 	imageFam: image = 'REPSWITCH1_Fam/PICTURE_19.png'
81.6735 	EXP 	polygonWhiteFam: autoDraw = True
81.6735 	EXP 	imageFam: autoDraw = True
85.1592 	EXP 	textFam: autoDraw = True
87.6595 	EXP 	textFam: autoDraw = False
87.7081 	EXP 	polygonWhiteFam: autoDraw = False
87.7081 	EXP 	imageFam: autoDraw = False
87.7081 	EXP 	polygonWhiteFam: autoDraw = False
87.7081 	EXP 	imageFam: autoDraw = False
87.7081 	EXP 	textFam: autoDraw = False
87.7081 	EXP 	textBlankLoop: autoDraw = True
88.2015 	EXP 	New trial (rep=0, index=9): {'image': 'REPSWITCH1_Fam/PICTURE_340.png', 'correctAns': 'espejo'}
88.2082 	EXP 	textBlankLoop: autoDraw = False
88.2082 	EXP 	textBlankLoop: autoDraw = False
88.2082 	EXP 	fixationITI: autoDraw = True
89.3134 	EXP 	fixationITI: autoDraw = False
89.3134 	EXP 	fixationITI: autoDraw = False
89.3134 	EXP 	imageFam: image = 'REPSWITCH1_Fam/PICTURE_340.png'
89.3134 	EXP 	polygonWhiteFam: autoDraw = True
89.3134 	EXP 	imageFam: autoDraw = True
92.7991 	EXP 	textFam: autoDraw = True
95.2994 	EXP 	textFam: autoDraw = False
95.3339 	EXP 	polygonWhiteFam: autoDraw = False
95.3339 	EXP 	imageFam: autoDraw = False
95.3339 	EXP 	textFam: autoDraw = False
95.3339 	EXP 	textBlankLoop: autoDraw = True
95.8284 	EXP 	New trial (rep=0, index=10): {'image': 'REPSWITCH1_Fam/PICTURE_242.png', 'correctAns': 'cartero'}
95.8351 	EXP 	textBlankLoop: autoDraw = False
95.8351 	EXP 	textBlankLoop: autoDraw = False
95.8351 	EXP 	fixationITI: autoDraw = True
96.9324 	EXP 	fixationITI: autoDraw = False
96.9324 	EXP 	fixationITI: autoDraw = False
96.9324 	EXP 	imageFam: image = 'REPSWITCH1_Fam/PICTURE_242.png'
96.9324 	EXP 	polygonWhiteFam: autoDraw = True
96.9324 	EXP 	imageFam: autoDraw = True
100.4187 	EXP 	textFam: autoDraw = True
102.9189 	EXP 	textFam: autoDraw = False
102.9607 	EXP 	polygonWhiteFam: autoDraw = False
102.9607 	EXP 	imageFam: autoDraw = False
102.9607 	EXP 	textFam: autoDraw = False
102.9607 	EXP 	textBlankLoop: autoDraw = True
103.4540 	EXP 	New trial (rep=0, index=11): {'image': 'REPSWITCH1_Fam/PICTURE_110.png', 'correctAns': 'mesa'}
103.4610 	EXP 	textBlankLoop: autoDraw = False
103.4610 	EXP 	fixationITI: autoDraw = True
104.6140 	EXP 	fixationITI: autoDraw = False
104.6140 	EXP 	fixationITI: autoDraw = False
104.6140 	EXP 	imageFam: image = 'REPSWITCH1_Fam/PICTURE_110.png'
104.6140 	EXP 	polygonWhiteFam: autoDraw = True
104.6140 	EXP 	imageFam: autoDraw = True
108.1003 	EXP 	textFam: autoDraw = True
110.6000 	EXP 	textFam: autoDraw = False
110.6485 	EXP 	polygonWhiteFam: autoDraw = False
110.6485 	EXP 	imageFam: autoDraw = False
110.6485 	EXP 	polygonWhiteFam: autoDraw = False
110.6485 	EXP 	imageFam: autoDraw = False
110.6485 	EXP 	textFam: autoDraw = False
110.6485 	EXP 	textBlankLoop: autoDraw = True
111.1419 	EXP 	New trial (rep=0, index=12): {'image': 'REPSWITCH1_Fam/PICTURE_552.png', 'correctAns': 'manzana'}
111.1487 	EXP 	textBlankLoop: autoDraw = False
111.1487 	EXP 	fixationITI: autoDraw = True
112.2052 	EXP 	fixationITI: autoDraw = False
112.2052 	EXP 	fixationITI: autoDraw = False
112.2052 	EXP 	imageFam: image = 'REPSWITCH1_Fam/PICTURE_552.png'
112.2052 	EXP 	polygonWhiteFam: autoDraw = True
112.2052 	EXP 	imageFam: autoDraw = True
115.6910 	EXP 	textFam: autoDraw = True
118.1913 	EXP 	textFam: autoDraw = False
118.2399 	EXP 	polygonWhiteFam: autoDraw = False
118.2399 	EXP 	imageFam: autoDraw = False
118.2399 	EXP 	polygonWhiteFam: autoDraw = False
118.2399 	EXP 	imageFam: autoDraw = False
118.2399 	EXP 	textFam: autoDraw = False
118.2399 	EXP 	textBlankLoop: autoDraw = True
118.7341 	EXP 	New trial (rep=0, index=13): {'image': 'REPSWITCH1_Fam/PICTURE_142.png', 'correctAns': 'vaso'}
118.7409 	EXP 	textBlankLoop: autoDraw = False
118.7409 	EXP 	fixationITI: autoDraw = True
119.7965 	EXP 	fixationITI: autoDraw = False
119.7965 	EXP 	fixationITI: autoDraw = False
119.7965 	EXP 	imageFam: image = 'REPSWITCH1_Fam/PICTURE_142.png'
119.7965 	EXP 	polygonWhiteFam: autoDraw = True
119.7965 	EXP 	imageFam: autoDraw = True
123.2827 	EXP 	textFam: autoDraw = True
125.7825 	EXP 	textFam: autoDraw = False
125.8311 	EXP 	polygonWhiteFam: autoDraw = False
125.8311 	EXP 	imageFam: autoDraw = False
125.8311 	EXP 	polygonWhiteFam: autoDraw = False
125.8311 	EXP 	imageFam: autoDraw = False
125.8311 	EXP 	textFam: autoDraw = False
125.8311 	EXP 	textBlankLoop: autoDraw = True
126.3252 	EXP 	New trial (rep=0, index=14): {'image': 'REPSWITCH1_Fam/PICTURE_169.png', 'correctAns': 'espalda'}
126.3321 	EXP 	textBlankLoop: autoDraw = False
126.3321 	EXP 	fixationITI: autoDraw = True
127.4433 	EXP 	fixationITI: autoDraw = False
127.4433 	EXP 	fixationITI: autoDraw = False
127.4433 	EXP 	imageFam: image = 'REPSWITCH1_Fam/PICTURE_169.png'
127.4433 	EXP 	polygonWhiteFam: autoDraw = True
127.4433 	EXP 	imageFam: autoDraw = True
130.9296 	EXP 	textFam: autoDraw = True
133.4302 	EXP 	textFam: autoDraw = False
133.4717 	EXP 	polygonWhiteFam: autoDraw = False
133.4717 	EXP 	imageFam: autoDraw = False
133.4717 	EXP 	textFam: autoDraw = False
133.4717 	EXP 	textBlankLoop: autoDraw = True
133.9652 	EXP 	New trial (rep=0, index=15): {'image': 'REPSWITCH1_Fam/PICTURE_612.png', 'correctAns': 'rana'}
133.9720 	EXP 	textBlankLoop: autoDraw = False
133.9720 	EXP 	fixationITI: autoDraw = True
135.0138 	EXP 	fixationITI: autoDraw = False
135.0138 	EXP 	fixationITI: autoDraw = False
135.0138 	EXP 	imageFam: image = 'REPSWITCH1_Fam/PICTURE_612.png'
135.0138 	EXP 	polygonWhiteFam: autoDraw = True
135.0138 	EXP 	imageFam: autoDraw = True
138.4994 	EXP 	textFam: autoDraw = True
141.0003 	EXP 	textFam: autoDraw = False
141.0423 	EXP 	polygonWhiteFam: autoDraw = False
141.0423 	EXP 	imageFam: autoDraw = False
141.0423 	EXP 	textFam: autoDraw = False
141.0423 	EXP 	textBlankLoop: autoDraw = True
141.5355 	EXP 	New trial (rep=0, index=16): {'image': 'REPSWITCH1_Fam/PICTURE_464.png', 'correctAns': 'goma'}
141.5423 	EXP 	textBlankLoop: autoDraw = False
141.5423 	EXP 	fixationITI: autoDraw = True
142.6953 	EXP 	fixationITI: autoDraw = False
142.6953 	EXP 	fixationITI: autoDraw = False
142.6953 	EXP 	imageFam: image = 'REPSWITCH1_Fam/PICTURE_464.png'
142.6953 	EXP 	polygonWhiteFam: autoDraw = True
142.6953 	EXP 	imageFam: autoDraw = True
146.1815 	EXP 	textFam: autoDraw = True
148.6812 	EXP 	textFam: autoDraw = False
148.7298 	EXP 	polygonWhiteFam: autoDraw = False
148.7298 	EXP 	imageFam: autoDraw = False
148.7298 	EXP 	polygonWhiteFam: autoDraw = False
148.7298 	EXP 	imageFam: autoDraw = False
148.7298 	EXP 	textFam: autoDraw = False
148.7298 	EXP 	textBlankLoop: autoDraw = True
149.2232 	EXP 	New trial (rep=0, index=17): {'image': 'REPSWITCH1_Fam/PICTURE_590.png', 'correctAns': 'escoba'}
149.2302 	EXP 	textBlankLoop: autoDraw = False
149.2302 	EXP 	fixationITI: autoDraw = True
150.3006 	EXP 	fixationITI: autoDraw = False
150.3006 	EXP 	fixationITI: autoDraw = False
150.3006 	EXP 	imageFam: image = 'REPSWITCH1_Fam/PICTURE_590.png'
150.3006 	EXP 	polygonWhiteFam: autoDraw = True
150.3006 	EXP 	imageFam: autoDraw = True
153.7866 	EXP 	textFam: autoDraw = True
156.2865 	EXP 	textFam: autoDraw = False
156.3349 	EXP 	polygonWhiteFam: autoDraw = False
156.3349 	EXP 	imageFam: autoDraw = False
156.3349 	EXP 	polygonWhiteFam: autoDraw = False
156.3349 	EXP 	imageFam: autoDraw = False
156.3349 	EXP 	textFam: autoDraw = False
156.3349 	EXP 	textBlankLoop: autoDraw = True
156.8284 	EXP 	New trial (rep=0, index=18): {'image': 'REPSWITCH1_Fam/PICTURE_152.png', 'correctAns': 'caracol'}
156.8352 	EXP 	textBlankLoop: autoDraw = False
156.8352 	EXP 	fixationITI: autoDraw = True
158.0167 	EXP 	fixationITI: autoDraw = False
158.0167 	EXP 	fixationITI: autoDraw = False
158.0167 	EXP 	imageFam: image = 'REPSWITCH1_Fam/PICTURE_152.png'
158.0167 	EXP 	polygonWhiteFam: autoDraw = True
158.0167 	EXP 	imageFam: autoDraw = True
161.5029 	EXP 	textFam: autoDraw = True
164.0035 	EXP 	textFam: autoDraw = False
164.0452 	EXP 	polygonWhiteFam: autoDraw = False
164.0452 	EXP 	imageFam: autoDraw = False
164.0452 	EXP 	textFam: autoDraw = False
164.0452 	EXP 	textBlankLoop: autoDraw = True
164.5385 	EXP 	New trial (rep=0, index=19): {'image': 'REPSWITCH1_Fam/PICTURE_391.png', 'correctAns': 'cadena'}
164.5453 	EXP 	textBlankLoop: autoDraw = False
164.5453 	EXP 	fixationITI: autoDraw = True
165.6081 	EXP 	fixationITI: autoDraw = False
165.6081 	EXP 	fixationITI: autoDraw = False
165.6081 	EXP 	imageFam: image = 'REPSWITCH1_Fam/PICTURE_391.png'
165.6081 	EXP 	polygonWhiteFam: autoDraw = True
165.6081 	EXP 	imageFam: autoDraw = True
169.0937 	EXP 	textFam: autoDraw = True
171.5939 	EXP 	textFam: autoDraw = False
171.6426 	EXP 	polygonWhiteFam: autoDraw = False
171.6426 	EXP 	imageFam: autoDraw = False
171.6426 	EXP 	polygonWhiteFam: autoDraw = False
171.6426 	EXP 	imageFam: autoDraw = False
171.6426 	EXP 	textFam: autoDraw = False
171.6426 	EXP 	textBlankLoop: autoDraw = True
172.1360 	EXP 	New trial (rep=0, index=20): {'image': 'REPSWITCH1_Fam/PICTURE_12.png', 'correctAns': 'sirena'}
172.1427 	EXP 	textBlankLoop: autoDraw = False
172.1427 	EXP 	fixationITI: autoDraw = True
173.2409 	EXP 	fixationITI: autoDraw = False
173.2409 	EXP 	fixationITI: autoDraw = False
173.2409 	EXP 	imageFam: image = 'REPSWITCH1_Fam/PICTURE_12.png'
173.2409 	EXP 	polygonWhiteFam: autoDraw = True
173.2409 	EXP 	imageFam: autoDraw = True
176.7271 	EXP 	textFam: autoDraw = True
179.2270 	EXP 	textFam: autoDraw = False
179.2756 	EXP 	polygonWhiteFam: autoDraw = False
179.2756 	EXP 	imageFam: autoDraw = False
179.2756 	EXP 	polygonWhiteFam: autoDraw = False
179.2756 	EXP 	imageFam: autoDraw = False
179.2756 	EXP 	textFam: autoDraw = False
179.2756 	EXP 	textBlankLoop: autoDraw = True
179.7697 	EXP 	New trial (rep=0, index=21): {'image': 'REPSWITCH1_Fam/PICTURE_264.png', 'correctAns': 'mano'}
179.7766 	EXP 	textBlankLoop: autoDraw = False
179.7766 	EXP 	fixationITI: autoDraw = True
180.9851 	EXP 	fixationITI: autoDraw = False
180.9851 	EXP 	fixationITI: autoDraw = False
180.9851 	EXP 	imageFam: image = 'REPSWITCH1_Fam/PICTURE_264.png'
180.9851 	EXP 	polygonWhiteFam: autoDraw = True
180.9851 	EXP 	imageFam: autoDraw = True
184.4712 	EXP 	textFam: autoDraw = True
186.9719 	EXP 	textFam: autoDraw = False
187.0135 	EXP 	polygonWhiteFam: autoDraw = False
187.0135 	EXP 	imageFam: autoDraw = False
187.0135 	EXP 	textFam: autoDraw = False
187.0135 	EXP 	textBlankLoop: autoDraw = True
187.5067 	EXP 	New trial (rep=0, index=22): {'image': 'REPSWITCH1_Fam/PICTURE_199.png', 'correctAns': 'falda'}
187.5133 	EXP 	textBlankLoop: autoDraw = False
187.5133 	EXP 	fixationITI: autoDraw = True
188.5902 	EXP 	fixationITI: autoDraw = False
188.5902 	EXP 	fixationITI: autoDraw = False
188.5902 	EXP 	imageFam: image = 'REPSWITCH1_Fam/PICTURE_199.png'
188.5902 	EXP 	polygonWhiteFam: autoDraw = True
188.5902 	EXP 	imageFam: autoDraw = True
192.0764 	EXP 	textFam: autoDraw = True
194.5761 	EXP 	textFam: autoDraw = False
194.6256 	EXP 	polygonWhiteFam: autoDraw = False
194.6256 	EXP 	imageFam: autoDraw = False
194.6256 	EXP 	polygonWhiteFam: autoDraw = False
194.6256 	EXP 	imageFam: autoDraw = False
194.6256 	EXP 	textFam: autoDraw = False
194.6256 	EXP 	textBlankLoop: autoDraw = True
195.1187 	EXP 	New trial (rep=0, index=23): {'image': 'REPSWITCH1_Fam/PICTURE_128.png', 'correctAns': 'muñeca'}
195.1256 	EXP 	textBlankLoop: autoDraw = False
195.1256 	EXP 	fixationITI: autoDraw = True
196.2023 	EXP 	fixationITI: autoDraw = False
196.2023 	EXP 	fixationITI: autoDraw = False
196.2023 	EXP 	imageFam: image = 'REPSWITCH1_Fam/PICTURE_128.png'
196.2023 	EXP 	polygonWhiteFam: autoDraw = True
196.2023 	EXP 	imageFam: autoDraw = True
199.6886 	EXP 	textFam: autoDraw = True
202.1882 	EXP 	textFam: autoDraw = False
202.2368 	EXP 	polygonWhiteFam: autoDraw = False
202.2368 	EXP 	imageFam: autoDraw = False
202.2368 	EXP 	polygonWhiteFam: autoDraw = False
202.2368 	EXP 	imageFam: autoDraw = False
202.2368 	EXP 	textFam: autoDraw = False
202.2368 	EXP 	textBlankLoop: autoDraw = True
202.7312 	EXP 	New trial (rep=0, index=24): {'image': 'REPSWITCH1_Fam/PICTURE_16.png', 'correctAns': 'cazador'}
202.7378 	EXP 	textBlankLoop: autoDraw = False
202.7378 	EXP 	fixationITI: autoDraw = True
203.8632 	EXP 	fixationITI: autoDraw = False
203.8632 	EXP 	fixationITI: autoDraw = False
203.8632 	EXP 	imageFam: image = 'REPSWITCH1_Fam/PICTURE_16.png'
203.8632 	EXP 	polygonWhiteFam: autoDraw = True
203.8632 	EXP 	imageFam: autoDraw = True
207.3496 	EXP 	textFam: autoDraw = True
209.8495 	EXP 	textFam: autoDraw = False
209.8913 	EXP 	polygonWhiteFam: autoDraw = False
209.8913 	EXP 	imageFam: autoDraw = False
209.8913 	EXP 	textFam: autoDraw = False
209.8913 	EXP 	textBlankLoop: autoDraw = True
210.3847 	EXP 	New trial (rep=0, index=25): {'image': 'REPSWITCH1_Fam/PICTURE_728.png', 'correctAns': 'pulpo'}
210.3917 	EXP 	textBlankLoop: autoDraw = False
210.3917 	EXP 	fixationITI: autoDraw = True
211.5306 	EXP 	fixationITI: autoDraw = False
211.5306 	EXP 	fixationITI: autoDraw = False
211.5306 	EXP 	imageFam: image = 'REPSWITCH1_Fam/PICTURE_728.png'
211.5306 	EXP 	polygonWhiteFam: autoDraw = True
211.5306 	EXP 	imageFam: autoDraw = True
215.0168 	EXP 	textFam: autoDraw = True
217.5166 	EXP 	textFam: autoDraw = False
217.5653 	EXP 	polygonWhiteFam: autoDraw = False
217.5653 	EXP 	imageFam: autoDraw = False
217.5653 	EXP 	polygonWhiteFam: autoDraw = False
217.5653 	EXP 	imageFam: autoDraw = False
217.5653 	EXP 	textFam: autoDraw = False
217.5653 	EXP 	textBlankLoop: autoDraw = True
218.0586 	EXP 	New trial (rep=0, index=26): {'image': 'REPSWITCH1_Fam/PICTURE_733.png', 'correctAns': 'gafas'}
218.0654 	EXP 	textBlankLoop: autoDraw = False
218.0654 	EXP 	fixationITI: autoDraw = True
219.1497 	EXP 	fixationITI: autoDraw = False
219.1497 	EXP 	fixationITI: autoDraw = False
219.1497 	EXP 	imageFam: image = 'REPSWITCH1_Fam/PICTURE_733.png'
219.1497 	EXP 	polygonWhiteFam: autoDraw = True
219.1497 	EXP 	imageFam: autoDraw = True
222.6360 	EXP 	textFam: autoDraw = True
225.1358 	EXP 	textFam: autoDraw = False
225.1844 	EXP 	polygonWhiteFam: autoDraw = False
225.1844 	EXP 	imageFam: autoDraw = False
225.1844 	EXP 	polygonWhiteFam: autoDraw = False
225.1844 	EXP 	imageFam: autoDraw = False
225.1844 	EXP 	textFam: autoDraw = False
225.1844 	EXP 	textBlankLoop: autoDraw = True
225.6777 	EXP 	New trial (rep=0, index=27): {'image': 'REPSWITCH1_Fam/PICTURE_338.png', 'correctAns': 'regalo'}
225.6844 	EXP 	textBlankLoop: autoDraw = False
225.6844 	EXP 	fixationITI: autoDraw = True
226.7760 	EXP 	fixationITI: autoDraw = False
226.7760 	EXP 	fixationITI: autoDraw = False
226.7760 	EXP 	imageFam: image = 'REPSWITCH1_Fam/PICTURE_338.png'
226.7760 	EXP 	polygonWhiteFam: autoDraw = True
226.7760 	EXP 	imageFam: autoDraw = True
230.2619 	EXP 	textFam: autoDraw = True
232.7624 	EXP 	textFam: autoDraw = False
232.8043 	EXP 	polygonWhiteFam: autoDraw = False
232.8043 	EXP 	imageFam: autoDraw = False
232.8043 	EXP 	textFam: autoDraw = False
232.8043 	EXP 	textBlankLoop: autoDraw = True
233.2976 	EXP 	New trial (rep=0, index=28): {'image': 'REPSWITCH1_Fam/PICTURE_517.png', 'correctAns': 'cuerda'}
233.3043 	EXP 	textBlankLoop: autoDraw = False
233.3043 	EXP 	fixationITI: autoDraw = True
234.4642 	EXP 	fixationITI: autoDraw = False
234.4642 	EXP 	fixationITI: autoDraw = False
234.4642 	EXP 	imageFam: image = 'REPSWITCH1_Fam/PICTURE_517.png'
234.4642 	EXP 	polygonWhiteFam: autoDraw = True
234.4642 	EXP 	imageFam: autoDraw = True
237.9504 	EXP 	textFam: autoDraw = True
240.4501 	EXP 	textFam: autoDraw = False
240.4987 	EXP 	polygonWhiteFam: autoDraw = False
240.4987 	EXP 	imageFam: autoDraw = False
240.4987 	EXP 	polygonWhiteFam: autoDraw = False
240.4987 	EXP 	imageFam: autoDraw = False
240.4987 	EXP 	textFam: autoDraw = False
240.4987 	EXP 	textBlankLoop: autoDraw = True
240.9921 	EXP 	New trial (rep=0, index=29): {'image': 'REPSWITCH1_Fam/PICTURE_135.png', 'correctAns': 'traje'}
240.9993 	EXP 	textBlankLoop: autoDraw = False
240.9993 	EXP 	fixationITI: autoDraw = True
242.1318 	EXP 	fixationITI: autoDraw = False
242.1318 	EXP 	fixationITI: autoDraw = False
242.1318 	EXP 	imageFam: image = 'REPSWITCH1_Fam/PICTURE_135.png'
242.1318 	EXP 	polygonWhiteFam: autoDraw = True
242.1318 	EXP 	imageFam: autoDraw = True
245.6181 	EXP 	textFam: autoDraw = True
248.1178 	EXP 	textFam: autoDraw = False
248.1667 	EXP 	polygonWhiteFam: autoDraw = False
248.1667 	EXP 	imageFam: autoDraw = False
248.1667 	EXP 	polygonWhiteFam: autoDraw = False
248.1667 	EXP 	imageFam: autoDraw = False
248.1667 	EXP 	textFam: autoDraw = False
248.1667 	EXP 	textBlankLoop: autoDraw = True
248.6598 	EXP 	New trial (rep=0, index=30): {'image': 'REPSWITCH1_Fam/PICTURE_599.png', 'correctAns': 'nube'}
248.6666 	EXP 	textBlankLoop: autoDraw = False
248.6666 	EXP 	fixationITI: autoDraw = True
249.6875 	EXP 	fixationITI: autoDraw = False
249.6875 	EXP 	fixationITI: autoDraw = False
249.6875 	EXP 	imageFam: image = 'REPSWITCH1_Fam/PICTURE_599.png'
249.6875 	EXP 	polygonWhiteFam: autoDraw = True
249.6875 	EXP 	imageFam: autoDraw = True
253.1817 	EXP 	textFam: autoDraw = True
255.6822 	EXP 	textFam: autoDraw = False
255.7172 	EXP 	polygonWhiteFam: autoDraw = False
255.7172 	EXP 	imageFam: autoDraw = False
255.7172 	EXP 	polygonWhiteFam: autoDraw = False
255.7172 	EXP 	imageFam: autoDraw = False
255.7172 	EXP 	textFam: autoDraw = False
255.7172 	EXP 	textBlankLoop: autoDraw = True
256.2104 	EXP 	New trial (rep=0, index=31): {'image': 'REPSWITCH1_Fam/PICTURE_319.png', 'correctAns': 'vaca'}
256.2169 	EXP 	textBlankLoop: autoDraw = False
256.2169 	EXP 	textBlankLoop: autoDraw = False
256.2169 	EXP 	fixationITI: autoDraw = True
257.2935 	EXP 	fixationITI: autoDraw = False
257.2935 	EXP 	fixationITI: autoDraw = False
257.2935 	EXP 	imageFam: image = 'REPSWITCH1_Fam/PICTURE_319.png'
257.2935 	EXP 	polygonWhiteFam: autoDraw = True
257.2935 	EXP 	imageFam: autoDraw = True
260.7799 	EXP 	textFam: autoDraw = True
263.2796 	EXP 	textFam: autoDraw = False
263.3283 	EXP 	polygonWhiteFam: autoDraw = False
263.3283 	EXP 	imageFam: autoDraw = False
263.3283 	EXP 	polygonWhiteFam: autoDraw = False
263.3283 	EXP 	imageFam: autoDraw = False
263.3283 	EXP 	textFam: autoDraw = False
263.3283 	EXP 	textBlankLoop: autoDraw = True
263.8224 	EXP 	New trial (rep=0, index=32): {'image': 'REPSWITCH1_Fam/PICTURE_8.png', 'correctAns': 'pierna'}
263.8291 	EXP 	textBlankLoop: autoDraw = False
263.8291 	EXP 	fixationITI: autoDraw = True
264.8987 	EXP 	fixationITI: autoDraw = False
264.8987 	EXP 	fixationITI: autoDraw = False
264.8987 	EXP 	imageFam: image = 'REPSWITCH1_Fam/PICTURE_8.png'
264.8987 	EXP 	polygonWhiteFam: autoDraw = True
264.8987 	EXP 	imageFam: autoDraw = True
268.3849 	EXP 	textFam: autoDraw = True
270.8848 	EXP 	textFam: autoDraw = False
270.9334 	EXP 	polygonWhiteFam: autoDraw = False
270.9334 	EXP 	imageFam: autoDraw = False
270.9334 	EXP 	polygonWhiteFam: autoDraw = False
270.9334 	EXP 	imageFam: autoDraw = False
270.9334 	EXP 	textFam: autoDraw = False
270.9334 	EXP 	textBlankLoop: autoDraw = True
271.4276 	EXP 	New trial (rep=0, index=33): {'image': 'REPSWITCH1_Fam/PICTURE_381.png', 'correctAns': 'fresa'}
271.4343 	EXP 	textBlankLoop: autoDraw = False
271.4343 	EXP 	fixationITI: autoDraw = True
272.5595 	EXP 	fixationITI: autoDraw = False
272.5595 	EXP 	fixationITI: autoDraw = False
272.5595 	EXP 	imageFam: image = 'REPSWITCH1_Fam/PICTURE_381.png'
272.5595 	EXP 	polygonWhiteFam: autoDraw = True
272.5595 	EXP 	imageFam: autoDraw = True
276.0450 	EXP 	textFam: autoDraw = True
278.5454 	EXP 	textFam: autoDraw = False
278.5941 	EXP 	polygonWhiteFam: autoDraw = False
278.5941 	EXP 	imageFam: autoDraw = False
278.5941 	EXP 	polygonWhiteFam: autoDraw = False
278.5941 	EXP 	imageFam: autoDraw = False
278.5941 	EXP 	textFam: autoDraw = False
278.5941 	EXP 	textBlankLoop: autoDraw = True
279.0874 	EXP 	New trial (rep=0, index=34): {'image': 'REPSWITCH1_Fam/PICTURE_175.png', 'correctAns': 'pintor'}
279.0942 	EXP 	textBlankLoop: autoDraw = False
279.0942 	EXP 	fixationITI: autoDraw = True
280.2688 	EXP 	fixationITI: autoDraw = False
280.2688 	EXP 	fixationITI: autoDraw = False
280.2688 	EXP 	imageFam: image = 'REPSWITCH1_Fam/PICTURE_175.png'
280.2688 	EXP 	polygonWhiteFam: autoDraw = True
280.2688 	EXP 	imageFam: autoDraw = True
283.7550 	EXP 	textFam: autoDraw = True
286.2558 	EXP 	textFam: autoDraw = False
286.2896 	EXP 	polygonWhiteFam: autoDraw = False
286.2896 	EXP 	imageFam: autoDraw = False
286.2896 	EXP 	textFam: autoDraw = False
286.2896 	EXP 	textBlankLoop: autoDraw = True
286.7837 	EXP 	New trial (rep=0, index=35): {'image': 'REPSWITCH1_Fam/PICTURE_271.png', 'correctAns': 'conejo'}
286.7904 	EXP 	textBlankLoop: autoDraw = False
286.7904 	EXP 	textBlankLoop: autoDraw = False
286.7904 	EXP 	fixationITI: autoDraw = True
287.8602 	EXP 	fixationITI: autoDraw = False
287.8602 	EXP 	fixationITI: autoDraw = False
287.8602 	EXP 	imageFam: image = 'REPSWITCH1_Fam/PICTURE_271.png'
287.8602 	EXP 	polygonWhiteFam: autoDraw = True
287.8602 	EXP 	imageFam: autoDraw = True
291.3457 	EXP 	textFam: autoDraw = True
293.8460 	EXP 	textFam: autoDraw = False
293.8945 	EXP 	polygonWhiteFam: autoDraw = False
293.8945 	EXP 	imageFam: autoDraw = False
293.8945 	EXP 	polygonWhiteFam: autoDraw = False
293.8945 	EXP 	imageFam: autoDraw = False
293.8945 	EXP 	textFam: autoDraw = False
293.8945 	EXP 	textBlankLoop: autoDraw = True
294.3880 	EXP 	New trial (rep=0, index=36): {'image': 'REPSWITCH1_Fam/PICTURE_320.png', 'correctAns': 'iglesia'}
294.3947 	EXP 	textBlankLoop: autoDraw = False
294.3947 	EXP 	fixationITI: autoDraw = True
295.6319 	EXP 	fixationITI: autoDraw = False
295.6319 	EXP 	fixationITI: autoDraw = False
295.6319 	EXP 	imageFam: image = 'REPSWITCH1_Fam/PICTURE_320.png'
295.6319 	EXP 	polygonWhiteFam: autoDraw = True
295.6319 	EXP 	imageFam: autoDraw = True
299.1182 	EXP 	textFam: autoDraw = True
301.6180 	EXP 	textFam: autoDraw = False
301.6527 	EXP 	polygonWhiteFam: autoDraw = False
301.6527 	EXP 	imageFam: autoDraw = False
301.6527 	EXP 	textFam: autoDraw = False
301.6527 	EXP 	textBlankLoop: autoDraw = True
302.1460 	EXP 	New trial (rep=0, index=37): {'image': 'REPSWITCH1_Fam/PICTURE_570.png', 'correctAns': 'toro'}
302.1527 	EXP 	textBlankLoop: autoDraw = False
302.1527 	EXP 	textBlankLoop: autoDraw = False
302.1527 	EXP 	fixationITI: autoDraw = True
303.2927 	EXP 	fixationITI: autoDraw = False
303.2927 	EXP 	fixationITI: autoDraw = False
303.2927 	EXP 	imageFam: image = 'REPSWITCH1_Fam/PICTURE_570.png'
303.2927 	EXP 	polygonWhiteFam: autoDraw = True
303.2927 	EXP 	imageFam: autoDraw = True
306.7788 	EXP 	textFam: autoDraw = True
309.2787 	EXP 	textFam: autoDraw = False
309.3273 	EXP 	polygonWhiteFam: autoDraw = False
309.3273 	EXP 	imageFam: autoDraw = False
309.3273 	EXP 	polygonWhiteFam: autoDraw = False
309.3273 	EXP 	imageFam: autoDraw = False
309.3273 	EXP 	textFam: autoDraw = False
309.3273 	EXP 	textBlankLoop: autoDraw = True
309.8206 	EXP 	New trial (rep=0, index=38): {'image': 'REPSWITCH1_Fam/PICTURE_35.png', 'correctAns': 'oreja'}
309.8274 	EXP 	textBlankLoop: autoDraw = False
309.8274 	EXP 	fixationITI: autoDraw = True
310.9048 	EXP 	fixationITI: autoDraw = False
310.9048 	EXP 	fixationITI: autoDraw = False
310.9048 	EXP 	imageFam: image = 'REPSWITCH1_Fam/PICTURE_35.png'
310.9048 	EXP 	polygonWhiteFam: autoDraw = True
310.9048 	EXP 	imageFam: autoDraw = True
314.3909 	EXP 	textFam: autoDraw = True
316.8913 	EXP 	textFam: autoDraw = False
316.9333 	EXP 	polygonWhiteFam: autoDraw = False
316.9333 	EXP 	imageFam: autoDraw = False
316.9333 	EXP 	textFam: autoDraw = False
316.9333 	EXP 	textBlankLoop: autoDraw = True
317.4265 	EXP 	New trial (rep=0, index=39): {'image': 'REPSWITCH1_Fam/PICTURE_610.png', 'correctAns': 'miel'}
317.4333 	EXP 	textBlankLoop: autoDraw = False
317.4333 	EXP 	fixationITI: autoDraw = True
318.6489 	EXP 	fixationITI: autoDraw = False
318.6489 	EXP 	fixationITI: autoDraw = False
318.6489 	EXP 	imageFam: image = 'REPSWITCH1_Fam/PICTURE_610.png'
318.6489 	EXP 	polygonWhiteFam: autoDraw = True
318.6489 	EXP 	imageFam: autoDraw = True
322.1350 	EXP 	textFam: autoDraw = True
324.6349 	EXP 	textFam: autoDraw = False
324.6837 	EXP 	polygonWhiteFam: autoDraw = False
324.6837 	EXP 	imageFam: autoDraw = False
324.6837 	EXP 	polygonWhiteFam: autoDraw = False
324.6837 	EXP 	imageFam: autoDraw = False
324.6837 	EXP 	textFam: autoDraw = False
324.6837 	EXP 	textBlankLoop: autoDraw = True
325.1773 	EXP 	New trial (rep=0, index=40): {'image': 'REPSWITCH1_Fam/PICTURE_30.png', 'correctAns': 'granja'}
325.1842 	EXP 	textBlankLoop: autoDraw = False
325.1842 	EXP 	fixationITI: autoDraw = True
326.2191 	EXP 	fixationITI: autoDraw = False
326.2191 	EXP 	fixationITI: autoDraw = False
326.2191 	EXP 	imageFam: image = 'REPSWITCH1_Fam/PICTURE_30.png'
326.2191 	EXP 	polygonWhiteFam: autoDraw = True
326.2191 	EXP 	imageFam: autoDraw = True
329.7050 	EXP 	textFam: autoDraw = True
332.2053 	EXP 	textFam: autoDraw = False
332.2538 	EXP 	polygonWhiteFam: autoDraw = False
332.2538 	EXP 	imageFam: autoDraw = False
332.2538 	EXP 	polygonWhiteFam: autoDraw = False
332.2538 	EXP 	imageFam: autoDraw = False
332.2538 	EXP 	textFam: autoDraw = False
332.2538 	EXP 	textBlankLoop: autoDraw = True
332.7484 	EXP 	New trial (rep=0, index=41): {'image': 'REPSWITCH1_Fam/PICTURE_687.png', 'correctAns': 'camisa'}
332.7548 	EXP 	textBlankLoop: autoDraw = False
332.7548 	EXP 	textBlankLoop: autoDraw = False
332.7548 	EXP 	fixationITI: autoDraw = True
333.8244 	EXP 	fixationITI: autoDraw = False
333.8244 	EXP 	fixationITI: autoDraw = False
333.8244 	EXP 	imageFam: image = 'REPSWITCH1_Fam/PICTURE_687.png'
333.8244 	EXP 	polygonWhiteFam: autoDraw = True
333.8244 	EXP 	imageFam: autoDraw = True
337.3100 	EXP 	textFam: autoDraw = True
339.8111 	EXP 	textFam: autoDraw = False
339.8529 	EXP 	polygonWhiteFam: autoDraw = False
339.8529 	EXP 	imageFam: autoDraw = False
339.8529 	EXP 	textFam: autoDraw = False
339.8529 	EXP 	textBlankLoop: autoDraw = True
340.3464 	EXP 	New trial (rep=0, index=42): {'image': 'REPSWITCH1_Fam/PICTURE_498.png', 'correctAns': 'taza'}
340.3530 	EXP 	textBlankLoop: autoDraw = False
340.3530 	EXP 	fixationITI: autoDraw = True
341.4156 	EXP 	fixationITI: autoDraw = False
341.4156 	EXP 	fixationITI: autoDraw = False
341.4156 	EXP 	imageFam: image = 'REPSWITCH1_Fam/PICTURE_498.png'
341.4156 	EXP 	polygonWhiteFam: autoDraw = True
341.4156 	EXP 	imageFam: autoDraw = True
344.9014 	EXP 	textFam: autoDraw = True
347.4022 	EXP 	textFam: autoDraw = False
347.4373 	EXP 	polygonWhiteFam: autoDraw = False
347.4373 	EXP 	imageFam: autoDraw = False
347.4373 	EXP 	textFam: autoDraw = False
347.4373 	EXP 	textBlankLoop: autoDraw = True
347.9306 	EXP 	New trial (rep=0, index=43): {'image': 'REPSWITCH1_Fam/PICTURE_673.png', 'correctAns': 'tenedor'}
347.9373 	EXP 	textBlankLoop: autoDraw = False
347.9373 	EXP 	textBlankLoop: autoDraw = False
347.9373 	EXP 	fixationITI: autoDraw = True
349.0138 	EXP 	fixationITI: autoDraw = False
349.0138 	EXP 	fixationITI: autoDraw = False
349.0138 	EXP 	imageFam: image = 'REPSWITCH1_Fam/PICTURE_673.png'
349.0138 	EXP 	polygonWhiteFam: autoDraw = True
349.0138 	EXP 	imageFam: autoDraw = True
352.4996 	EXP 	textFam: autoDraw = True
354.9998 	EXP 	textFam: autoDraw = False
355.0484 	EXP 	polygonWhiteFam: autoDraw = False
355.0484 	EXP 	imageFam: autoDraw = False
355.0484 	EXP 	polygonWhiteFam: autoDraw = False
355.0484 	EXP 	imageFam: autoDraw = False
355.0484 	EXP 	textFam: autoDraw = False
355.0484 	EXP 	textBlankLoop: autoDraw = True
355.5418 	EXP 	New trial (rep=0, index=44): {'image': 'REPSWITCH1_Fam/PICTURE_614.png', 'correctAns': 'reina'}
355.5486 	EXP 	textBlankLoop: autoDraw = False
355.5486 	EXP 	fixationITI: autoDraw = True
356.6534 	EXP 	fixationITI: autoDraw = False
356.6534 	EXP 	fixationITI: autoDraw = False
356.6534 	EXP 	imageFam: image = 'REPSWITCH1_Fam/PICTURE_614.png'
356.6534 	EXP 	polygonWhiteFam: autoDraw = True
356.6534 	EXP 	imageFam: autoDraw = True
360.1401 	EXP 	textFam: autoDraw = True
362.6397 	EXP 	textFam: autoDraw = False
362.6885 	EXP 	polygonWhiteFam: autoDraw = False
362.6885 	EXP 	imageFam: autoDraw = False
362.6885 	EXP 	polygonWhiteFam: autoDraw = False
362.6885 	EXP 	imageFam: autoDraw = False
362.6885 	EXP 	textFam: autoDraw = False
362.6885 	EXP 	textBlankLoop: autoDraw = True
363.1892 	EXP 	textBlankLoop: autoDraw = False
363.1892 	EXP 	textboxEndFam: autoDraw = True
367.4934 	DATA 	Keypress: space
367.5025 	EXP 	textboxEndFam: autoDraw = False
367.5363 	EXP 	window1: mouseVisible = True
