7.6403 	EXP 	Created window1 = Window(allowGUI=True, allowStencil=False, autoLog=True, backendConf=UNKNOWN, bitsMode=UNKNOWN, blendMode='avg', bpc=(8, 8, 8), color=array([0, 0, 0]), colorSpace='rgb', depthBits=8, fullscr=<method-wrapper '__getattribute__' of attributeSetter object at 0x0000020CCA30DE80>, gamma=None, gammaErrorPolicy='raise', lms=UNKNOWN, monitor=<psychopy.monitors.calibTools.Monitor object at 0x0000020CD0422FD0>, multiSample=False, name='window1', numSamples=2, pos=(0, 0), screen=0, size=array([1920, 1080]), stencilBits=0, stereo=False, units='height', useFBO=True, useRetina=False, viewOri=0.0, viewPos=None, viewScale=None, waitBlanking=True, winType='pyglet')
7.6403 	EXP 	window1: mouseVisible = True
7.6404 	EXP 	window1: mouseVisible = False
7.6404 	EXP 	window1: Attempting to measure frame rate of screen (0) ...
7.6404 	EXP 	window1: recordFrameIntervals = False
7.7096 	EXP 	window1: recordFrameIntervals = True
7.7860 	EXP 	Screen (0) actual frame rate measured at 144.02Hz
7.7860 	EXP 	window1: recordFrameIntervals = False
9.1960 	EXP 	Created textWelcomeFam = TextStim(__class__=<class 'psychopy.visual.text.TextStim'>, alignHoriz=method-wrapper(...), alignText='center', alignVert=method-wrapper(...), anchorHoriz='center', anchorVert='center', antialias=True, autoDraw=False, autoLog=True, bold=False, color=array([1, 1, 1]), colorSpace='rgb', contrast=1.0, depth=0.0, flipHoriz=False, flipVert=False, font='Open Sans', fontFiles=[], height=0.05, italic=False, languageStyle='LTR', name='textWelcomeFam', opacity=1.0, ori=0.0, pos=array([0., 0.]), rgb=UNKNOWN, text='Bienvenido/a al experimento!', units='height', win=Window(...), wrapWidth=1)
9.2411 	EXP 	Created fixationITI = ShapeStim(__class__=<class 'psychopy.visual.shape.ShapeStim'>, anchor=('center', 'center'), autoDraw=False, autoLog=True, closeShape=True, color=method-wrapper(...), colorSpace='rgb', contrast=None, depth=0.0, fillColor=array([1, 1, 1]), fillColorSpace='rgb', fillRGB=array([1, 1, 1]), interpolate=True, lineColor=array([1, 1, 1]), lineColorSpace='rgb', lineRGB=array([1, 1, 1]), lineWidth=1.0, name='fixationITI', opacity=1.0, ori=0.0, pos=array([0., 0.]), size=array([0.1, 0.1]), units='height', vertices=ndarray(...), win=Window(...), windingRule=None)
9.2417 	EXP 	Created polygonWhiteFam = Rect(__class__=<class 'psychopy.visual.rect.Rect'>, anchor=('center', 'center'), autoDraw=False, autoLog=True, closeShape=True, color=method-wrapper(...), colorSpace='rgb', contrast=None, depth=0.0, fillColor=array([1, 1, 1]), fillColorSpace='rgb', fillRGB=array([1, 1, 1]), interpolate=True, lineColor=array([1, 1, 1]), lineColorSpace='rgb', lineRGB=array([1, 1, 1]), lineWidth=1.0, name='polygonWhiteFam', opacity=1.0, ori=0.0, pos=array([0., 0.]), size=array([0.5, 0.5]), units='height', vertices=ndarray(...), win=Window(...))
9.2467 	EXP 	Created imageFam = ImageStim(__class__=<class 'psychopy.visual.image.ImageStim'>, anchor=('center', 'center'), autoLog=True, color=array([1, 1, 1]), colorSpace='rgb', contrast=1.0, depth=-1.0, flipHoriz=False, flipVert=False, image='sin', interpolate=True, mask=None, maskParams=None, name='imageFam', opacity=1.0, ori=0.0, pos=array([0., 0.]), size=array([0.5, 0.5]), texRes=128.0, units='height', win=Window(...))
9.2471 	EXP 	Created textFam = TextStim(__class__=<class 'psychopy.visual.text.TextStim'>, alignHoriz=method-wrapper(...), alignText='center', alignVert=method-wrapper(...), anchorHoriz='center', anchorVert='center', antialias=True, autoDraw=False, autoLog=True, bold=False, color=array([1, 1, 1]), colorSpace='rgb', contrast=1.0, depth=-2.0, flipHoriz=False, flipVert=False, font='Open Sans', fontFiles=[], height=0.05, italic=False, languageStyle='LTR', name='textFam', opacity=1.0, ori=0.0, pos=array([ 0. , -0.3]), rgb=UNKNOWN, text='', units='height', win=Window(...), wrapWidth=1)
9.2943 	EXP 	Created textBlankLoop = TextStim(__class__=<class 'psychopy.visual.text.TextStim'>, alignHoriz=method-wrapper(...), alignText='center', alignVert=method-wrapper(...), anchorHoriz='center', anchorVert='center', antialias=True, autoDraw=False, autoLog=True, bold=False, color=array([1, 1, 1]), colorSpace='rgb', contrast=1.0, depth=0.0, flipHoriz=False, flipVert=False, font='Open Sans', fontFiles=[], height=0.05, italic=False, languageStyle='LTR', name='textBlankLoop', opacity=1.0, ori=0.0, pos=array([0., 0.]), rgb=UNKNOWN, text='', units='height', win=Window(...), wrapWidth=1)
9.3176 	EXP 	textboxInstrFam: autoLog = True
9.3176 	EXP 	textboxEndFam: autoLog = True
9.3176 	EXP 	textWelcomeFam: autoDraw = True
11.3142 	EXP 	textWelcomeFam: autoDraw = False
11.3142 	EXP 	textboxInstrFam: autoDraw = True
24.4962 	EXP 	Imported repswitch_fam.xlsx as conditions, 45 conditions, 2 params
24.4980 	EXP 	Created sequence: random, trialTypes=45, nReps=1, seed=None
24.4982 	EXP 	New trial (rep=0, index=0): {'image': 'REPSWITCH1_Fam/PICTURE_264.png', 'correctAns': 'mano'}
24.4991 	DATA 	Keypress: space
24.5034 	EXP 	textboxInstrFam: autoDraw = False
24.5034 	EXP 	fixationITI: autoDraw = True
25.6425 	EXP 	fixationITI: autoDraw = False
25.6425 	EXP 	fixationITI: autoDraw = False
25.6425 	EXP 	imageFam: image = 'REPSWITCH1_Fam/PICTURE_264.png'
25.6425 	EXP 	polygonWhiteFam: autoDraw = True
25.6425 	EXP 	imageFam: autoDraw = True
29.1290 	EXP 	textFam: autoDraw = True
31.6293 	EXP 	textFam: autoDraw = False
31.6710 	EXP 	polygonWhiteFam: autoDraw = False
31.6710 	EXP 	imageFam: autoDraw = False
31.6710 	EXP 	textFam: autoDraw = False
31.6710 	EXP 	textBlankLoop: autoDraw = True
32.1643 	EXP 	New trial (rep=0, index=1): {'image': 'REPSWITCH1_Fam/PICTURE_178.png', 'correctAns': 'puente'}
32.1710 	EXP 	textBlankLoop: autoDraw = False
32.1710 	EXP 	textBlankLoop: autoDraw = False
32.1710 	EXP 	fixationITI: autoDraw = True
33.2268 	EXP 	fixationITI: autoDraw = False
33.2268 	EXP 	fixationITI: autoDraw = False
33.2268 	EXP 	imageFam: image = 'REPSWITCH1_Fam/PICTURE_178.png'
33.2268 	EXP 	polygonWhiteFam: autoDraw = True
33.2268 	EXP 	imageFam: autoDraw = True
36.7203 	EXP 	textFam: autoDraw = True
39.2207 	EXP 	textFam: autoDraw = False
39.2553 	EXP 	polygonWhiteFam: autoDraw = False
39.2553 	EXP 	imageFam: autoDraw = False
39.2553 	EXP 	polygonWhiteFam: autoDraw = False
39.2553 	EXP 	imageFam: autoDraw = False
39.2553 	EXP 	textFam: autoDraw = False
39.2553 	EXP 	textBlankLoop: autoDraw = True
39.7487 	EXP 	New trial (rep=0, index=2): {'image': 'REPSWITCH1_Fam/PICTURE_381.png', 'correctAns': 'fresa'}
39.7554 	EXP 	textBlankLoop: autoDraw = False
39.7554 	EXP 	textBlankLoop: autoDraw = False
39.7554 	EXP 	fixationITI: autoDraw = True
40.8667 	EXP 	fixationITI: autoDraw = False
40.8667 	EXP 	fixationITI: autoDraw = False
40.8667 	EXP 	imageFam: image = 'REPSWITCH1_Fam/PICTURE_381.png'
40.8667 	EXP 	polygonWhiteFam: autoDraw = True
40.8667 	EXP 	imageFam: autoDraw = True
44.3602 	EXP 	textFam: autoDraw = True
46.8605 	EXP 	textFam: autoDraw = False
46.8952 	EXP 	polygonWhiteFam: autoDraw = False
46.8952 	EXP 	imageFam: autoDraw = False
46.8952 	EXP 	polygonWhiteFam: autoDraw = False
46.8952 	EXP 	imageFam: autoDraw = False
46.8952 	EXP 	textFam: autoDraw = False
46.8952 	EXP 	textBlankLoop: autoDraw = True
47.3886 	EXP 	New trial (rep=0, index=3): {'image': 'REPSWITCH1_Fam/PICTURE_391.png', 'correctAns': 'cadena'}
47.3953 	EXP 	textBlankLoop: autoDraw = False
47.3953 	EXP 	textBlankLoop: autoDraw = False
47.3953 	EXP 	fixationITI: autoDraw = True
48.5413 	EXP 	fixationITI: autoDraw = False
48.5413 	EXP 	fixationITI: autoDraw = False
48.5413 	EXP 	imageFam: image = 'REPSWITCH1_Fam/PICTURE_391.png'
48.5413 	EXP 	polygonWhiteFam: autoDraw = True
48.5413 	EXP 	imageFam: autoDraw = True
52.0348 	EXP 	textFam: autoDraw = True
54.5351 	EXP 	textFam: autoDraw = False
54.5699 	EXP 	polygonWhiteFam: autoDraw = False
54.5699 	EXP 	imageFam: autoDraw = False
54.5699 	EXP 	polygonWhiteFam: autoDraw = False
54.5699 	EXP 	imageFam: autoDraw = False
54.5699 	EXP 	textFam: autoDraw = False
54.5699 	EXP 	textBlankLoop: autoDraw = True
55.0632 	EXP 	New trial (rep=0, index=4): {'image': 'REPSWITCH1_Fam/PICTURE_498.png', 'correctAns': 'taza'}
55.0699 	EXP 	textBlankLoop: autoDraw = False
55.0699 	EXP 	textBlankLoop: autoDraw = False
55.0699 	EXP 	fixationITI: autoDraw = True
56.2298 	EXP 	fixationITI: autoDraw = False
56.2298 	EXP 	fixationITI: autoDraw = False
56.2298 	EXP 	imageFam: image = 'REPSWITCH1_Fam/PICTURE_498.png'
56.2298 	EXP 	polygonWhiteFam: autoDraw = True
56.2298 	EXP 	imageFam: autoDraw = True
59.7233 	EXP 	textFam: autoDraw = True
62.2236 	EXP 	textFam: autoDraw = False
62.2583 	EXP 	polygonWhiteFam: autoDraw = False
62.2583 	EXP 	imageFam: autoDraw = False
62.2583 	EXP 	polygonWhiteFam: autoDraw = False
62.2583 	EXP 	imageFam: autoDraw = False
62.2583 	EXP 	textFam: autoDraw = False
62.2583 	EXP 	textBlankLoop: autoDraw = True
62.7519 	EXP 	New trial (rep=0, index=5): {'image': 'REPSWITCH1_Fam/PICTURE_599.png', 'correctAns': 'nube'}
62.7584 	EXP 	textBlankLoop: autoDraw = False
62.7584 	EXP 	textBlankLoop: autoDraw = False
62.7584 	EXP 	fixationITI: autoDraw = True
63.8905 	EXP 	fixationITI: autoDraw = False
63.8905 	EXP 	fixationITI: autoDraw = False
63.8905 	EXP 	imageFam: image = 'REPSWITCH1_Fam/PICTURE_599.png'
63.8905 	EXP 	polygonWhiteFam: autoDraw = True
63.8905 	EXP 	imageFam: autoDraw = True
67.3840 	EXP 	textFam: autoDraw = True
69.8843 	EXP 	textFam: autoDraw = False
69.9190 	EXP 	polygonWhiteFam: autoDraw = False
69.9190 	EXP 	imageFam: autoDraw = False
69.9190 	EXP 	polygonWhiteFam: autoDraw = False
69.9190 	EXP 	imageFam: autoDraw = False
69.9190 	EXP 	textFam: autoDraw = False
69.9190 	EXP 	textBlankLoop: autoDraw = True
70.4124 	EXP 	New trial (rep=0, index=6): {'image': 'REPSWITCH1_Fam/PICTURE_663.png', 'correctAns': 'columna'}
70.4191 	EXP 	textBlankLoop: autoDraw = False
70.4191 	EXP 	textBlankLoop: autoDraw = False
70.4191 	EXP 	fixationITI: autoDraw = True
71.4956 	EXP 	fixationITI: autoDraw = False
71.4956 	EXP 	fixationITI: autoDraw = False
71.4956 	EXP 	imageFam: image = 'REPSWITCH1_Fam/PICTURE_663.png'
71.4956 	EXP 	polygonWhiteFam: autoDraw = True
71.4956 	EXP 	imageFam: autoDraw = True
74.9891 	EXP 	textFam: autoDraw = True
77.4895 	EXP 	textFam: autoDraw = False
77.5242 	EXP 	polygonWhiteFam: autoDraw = False
77.5242 	EXP 	imageFam: autoDraw = False
77.5242 	EXP 	polygonWhiteFam: autoDraw = False
77.5242 	EXP 	imageFam: autoDraw = False
77.5242 	EXP 	textFam: autoDraw = False
77.5242 	EXP 	textBlankLoop: autoDraw = True
78.0175 	EXP 	New trial (rep=0, index=7): {'image': 'REPSWITCH1_Fam/PICTURE_673.png', 'correctAns': 'tenedor'}
78.0243 	EXP 	textBlankLoop: autoDraw = False
78.0243 	EXP 	textBlankLoop: autoDraw = False
78.0243 	EXP 	fixationITI: autoDraw = True
79.1008 	EXP 	fixationITI: autoDraw = False
79.1008 	EXP 	fixationITI: autoDraw = False
79.1008 	EXP 	imageFam: image = 'REPSWITCH1_Fam/PICTURE_673.png'
79.1008 	EXP 	polygonWhiteFam: autoDraw = True
79.1008 	EXP 	imageFam: autoDraw = True
82.5943 	EXP 	textFam: autoDraw = True
85.0946 	EXP 	textFam: autoDraw = False
85.1294 	EXP 	polygonWhiteFam: autoDraw = False
85.1294 	EXP 	imageFam: autoDraw = False
85.1294 	EXP 	polygonWhiteFam: autoDraw = False
85.1294 	EXP 	imageFam: autoDraw = False
85.1294 	EXP 	textFam: autoDraw = False
85.1294 	EXP 	textBlankLoop: autoDraw = True
85.6227 	EXP 	New trial (rep=0, index=8): {'image': 'REPSWITCH1_Fam/PICTURE_338.png', 'correctAns': 'regalo'}
85.6294 	EXP 	textBlankLoop: autoDraw = False
85.6294 	EXP 	textBlankLoop: autoDraw = False
85.6294 	EXP 	fixationITI: autoDraw = True
86.6990 	EXP 	fixationITI: autoDraw = False
86.6990 	EXP 	fixationITI: autoDraw = False
86.6990 	EXP 	imageFam: image = 'REPSWITCH1_Fam/PICTURE_338.png'
86.6990 	EXP 	polygonWhiteFam: autoDraw = True
86.6990 	EXP 	imageFam: autoDraw = True
90.1925 	EXP 	textFam: autoDraw = True
92.6928 	EXP 	textFam: autoDraw = False
92.7276 	EXP 	polygonWhiteFam: autoDraw = False
92.7276 	EXP 	imageFam: autoDraw = False
92.7276 	EXP 	polygonWhiteFam: autoDraw = False
92.7276 	EXP 	imageFam: autoDraw = False
92.7276 	EXP 	textFam: autoDraw = False
92.7276 	EXP 	textBlankLoop: autoDraw = True
93.2209 	EXP 	New trial (rep=0, index=9): {'image': 'REPSWITCH1_Fam/PICTURE_320.png', 'correctAns': 'iglesia'}
93.2276 	EXP 	textBlankLoop: autoDraw = False
93.2276 	EXP 	textBlankLoop: autoDraw = False
93.2276 	EXP 	fixationITI: autoDraw = True
94.3458 	EXP 	fixationITI: autoDraw = False
94.3458 	EXP 	fixationITI: autoDraw = False
94.3458 	EXP 	imageFam: image = 'REPSWITCH1_Fam/PICTURE_320.png'
94.3458 	EXP 	polygonWhiteFam: autoDraw = True
94.3458 	EXP 	imageFam: autoDraw = True
97.8394 	EXP 	textFam: autoDraw = True
100.3397 	EXP 	textFam: autoDraw = False
100.3744 	EXP 	polygonWhiteFam: autoDraw = False
100.3744 	EXP 	imageFam: autoDraw = False
100.3744 	EXP 	polygonWhiteFam: autoDraw = False
100.3744 	EXP 	imageFam: autoDraw = False
100.3744 	EXP 	textFam: autoDraw = False
100.3744 	EXP 	textBlankLoop: autoDraw = True
100.8678 	EXP 	New trial (rep=0, index=10): {'image': 'REPSWITCH1_Fam/PICTURE_12.png', 'correctAns': 'sirena'}
100.8745 	EXP 	textBlankLoop: autoDraw = False
100.8745 	EXP 	textBlankLoop: autoDraw = False
100.8745 	EXP 	fixationITI: autoDraw = True
101.9302 	EXP 	fixationITI: autoDraw = False
101.9302 	EXP 	fixationITI: autoDraw = False
101.9302 	EXP 	imageFam: image = 'REPSWITCH1_Fam/PICTURE_12.png'
101.9302 	EXP 	polygonWhiteFam: autoDraw = True
101.9302 	EXP 	imageFam: autoDraw = True
105.4237 	EXP 	textFam: autoDraw = True
107.9240 	EXP 	textFam: autoDraw = False
107.9587 	EXP 	polygonWhiteFam: autoDraw = False
107.9587 	EXP 	imageFam: autoDraw = False
107.9587 	EXP 	polygonWhiteFam: autoDraw = False
107.9587 	EXP 	imageFam: autoDraw = False
107.9587 	EXP 	textFam: autoDraw = False
107.9587 	EXP 	textBlankLoop: autoDraw = True
108.4521 	EXP 	New trial (rep=0, index=11): {'image': 'REPSWITCH1_Fam/PICTURE_464.png', 'correctAns': 'goma'}
108.4588 	EXP 	textBlankLoop: autoDraw = False
108.4588 	EXP 	textBlankLoop: autoDraw = False
108.4588 	EXP 	fixationITI: autoDraw = True
109.6326 	EXP 	fixationITI: autoDraw = False
109.6326 	EXP 	fixationITI: autoDraw = False
109.6326 	EXP 	imageFam: image = 'REPSWITCH1_Fam/PICTURE_464.png'
109.6326 	EXP 	polygonWhiteFam: autoDraw = True
109.6326 	EXP 	imageFam: autoDraw = True
113.1261 	EXP 	textFam: autoDraw = True
115.6265 	EXP 	textFam: autoDraw = False
115.6611 	EXP 	polygonWhiteFam: autoDraw = False
115.6611 	EXP 	imageFam: autoDraw = False
115.6611 	EXP 	polygonWhiteFam: autoDraw = False
115.6611 	EXP 	imageFam: autoDraw = False
115.6611 	EXP 	textFam: autoDraw = False
115.6611 	EXP 	textBlankLoop: autoDraw = True
116.1546 	EXP 	New trial (rep=0, index=12): {'image': 'REPSWITCH1_Fam/PICTURE_8.png', 'correctAns': 'pierna'}
116.1612 	EXP 	textBlankLoop: autoDraw = False
116.1612 	EXP 	textBlankLoop: autoDraw = False
116.1612 	EXP 	fixationITI: autoDraw = True
117.2933 	EXP 	fixationITI: autoDraw = False
117.2933 	EXP 	fixationITI: autoDraw = False
117.2933 	EXP 	imageFam: image = 'REPSWITCH1_Fam/PICTURE_8.png'
117.2933 	EXP 	polygonWhiteFam: autoDraw = True
117.2933 	EXP 	imageFam: autoDraw = True
120.7868 	EXP 	textFam: autoDraw = True
123.2871 	EXP 	textFam: autoDraw = False
123.3219 	EXP 	polygonWhiteFam: autoDraw = False
123.3219 	EXP 	imageFam: autoDraw = False
123.3219 	EXP 	polygonWhiteFam: autoDraw = False
123.3219 	EXP 	imageFam: autoDraw = False
123.3219 	EXP 	textFam: autoDraw = False
123.3219 	EXP 	textBlankLoop: autoDraw = True
123.8153 	EXP 	New trial (rep=0, index=13): {'image': 'REPSWITCH1_Fam/PICTURE_590.png', 'correctAns': 'escoba'}
123.8220 	EXP 	textBlankLoop: autoDraw = False
123.8220 	EXP 	textBlankLoop: autoDraw = False
123.8220 	EXP 	fixationITI: autoDraw = True
124.9471 	EXP 	fixationITI: autoDraw = False
124.9471 	EXP 	fixationITI: autoDraw = False
124.9471 	EXP 	imageFam: image = 'REPSWITCH1_Fam/PICTURE_590.png'
124.9471 	EXP 	polygonWhiteFam: autoDraw = True
124.9471 	EXP 	imageFam: autoDraw = True
128.4407 	EXP 	textFam: autoDraw = True
130.9410 	EXP 	textFam: autoDraw = False
130.9757 	EXP 	polygonWhiteFam: autoDraw = False
130.9757 	EXP 	imageFam: autoDraw = False
130.9757 	EXP 	polygonWhiteFam: autoDraw = False
130.9757 	EXP 	imageFam: autoDraw = False
130.9757 	EXP 	textFam: autoDraw = False
130.9757 	EXP 	textBlankLoop: autoDraw = True
131.4691 	EXP 	New trial (rep=0, index=14): {'image': 'REPSWITCH1_Fam/PICTURE_517.png', 'correctAns': 'cuerda'}
131.4758 	EXP 	textBlankLoop: autoDraw = False
131.4758 	EXP 	textBlankLoop: autoDraw = False
131.4758 	EXP 	fixationITI: autoDraw = True
132.5732 	EXP 	fixationITI: autoDraw = False
132.5732 	EXP 	fixationITI: autoDraw = False
132.5732 	EXP 	imageFam: image = 'REPSWITCH1_Fam/PICTURE_517.png'
132.5732 	EXP 	polygonWhiteFam: autoDraw = True
132.5732 	EXP 	imageFam: autoDraw = True
136.0666 	EXP 	textFam: autoDraw = True
138.5670 	EXP 	textFam: autoDraw = False
138.6018 	EXP 	polygonWhiteFam: autoDraw = False
138.6018 	EXP 	imageFam: autoDraw = False
138.6018 	EXP 	polygonWhiteFam: autoDraw = False
138.6018 	EXP 	imageFam: autoDraw = False
138.6018 	EXP 	textFam: autoDraw = False
138.6018 	EXP 	textBlankLoop: autoDraw = True
139.0951 	EXP 	New trial (rep=0, index=15): {'image': 'REPSWITCH1_Fam/PICTURE_235.png', 'correctAns': 'aguja'}
139.1018 	EXP 	textBlankLoop: autoDraw = False
139.1018 	EXP 	textBlankLoop: autoDraw = False
139.1018 	EXP 	fixationITI: autoDraw = True
140.1644 	EXP 	fixationITI: autoDraw = False
140.1644 	EXP 	fixationITI: autoDraw = False
140.1644 	EXP 	imageFam: image = 'REPSWITCH1_Fam/PICTURE_235.png'
140.1644 	EXP 	polygonWhiteFam: autoDraw = True
140.1644 	EXP 	imageFam: autoDraw = True
143.6578 	EXP 	textFam: autoDraw = True
146.1582 	EXP 	textFam: autoDraw = False
146.1930 	EXP 	polygonWhiteFam: autoDraw = False
146.1930 	EXP 	imageFam: autoDraw = False
146.1930 	EXP 	polygonWhiteFam: autoDraw = False
146.1930 	EXP 	imageFam: autoDraw = False
146.1930 	EXP 	textFam: autoDraw = False
146.1930 	EXP 	textBlankLoop: autoDraw = True
146.6863 	EXP 	New trial (rep=0, index=16): {'image': 'REPSWITCH1_Fam/PICTURE_614.png', 'correctAns': 'reina'}
146.6930 	EXP 	textBlankLoop: autoDraw = False
146.6930 	EXP 	textBlankLoop: autoDraw = False
146.6930 	EXP 	fixationITI: autoDraw = True
147.7904 	EXP 	fixationITI: autoDraw = False
147.7904 	EXP 	fixationITI: autoDraw = False
147.7904 	EXP 	imageFam: image = 'REPSWITCH1_Fam/PICTURE_614.png'
147.7904 	EXP 	polygonWhiteFam: autoDraw = True
147.7904 	EXP 	imageFam: autoDraw = True
151.2839 	EXP 	textFam: autoDraw = True
153.7842 	EXP 	textFam: autoDraw = False
153.8190 	EXP 	polygonWhiteFam: autoDraw = False
153.8190 	EXP 	imageFam: autoDraw = False
153.8190 	EXP 	polygonWhiteFam: autoDraw = False
153.8190 	EXP 	imageFam: autoDraw = False
153.8190 	EXP 	textFam: autoDraw = False
153.8190 	EXP 	textBlankLoop: autoDraw = True
154.3124 	EXP 	New trial (rep=0, index=17): {'image': 'REPSWITCH1_Fam/PICTURE_610.png', 'correctAns': 'miel'}
154.3190 	EXP 	textBlankLoop: autoDraw = False
154.3190 	EXP 	textBlankLoop: autoDraw = False
154.3190 	EXP 	fixationITI: autoDraw = True
155.3469 	EXP 	fixationITI: autoDraw = False
155.3469 	EXP 	fixationITI: autoDraw = False
155.3469 	EXP 	imageFam: image = 'REPSWITCH1_Fam/PICTURE_610.png'
155.3469 	EXP 	polygonWhiteFam: autoDraw = True
155.3469 	EXP 	imageFam: autoDraw = True
158.8405 	EXP 	textFam: autoDraw = True
161.3407 	EXP 	textFam: autoDraw = False
161.3755 	EXP 	polygonWhiteFam: autoDraw = False
161.3755 	EXP 	imageFam: autoDraw = False
161.3755 	EXP 	polygonWhiteFam: autoDraw = False
161.3755 	EXP 	imageFam: autoDraw = False
161.3755 	EXP 	textFam: autoDraw = False
161.3755 	EXP 	textBlankLoop: autoDraw = True
161.8689 	EXP 	New trial (rep=0, index=18): {'image': 'REPSWITCH1_Fam/PICTURE_646.png', 'correctAns': 'tronco'}
161.8756 	EXP 	textBlankLoop: autoDraw = False
161.8756 	EXP 	textBlankLoop: autoDraw = False
161.8756 	EXP 	fixationITI: autoDraw = True
162.9660 	EXP 	fixationITI: autoDraw = False
162.9660 	EXP 	fixationITI: autoDraw = False
162.9660 	EXP 	imageFam: image = 'REPSWITCH1_Fam/PICTURE_646.png'
162.9660 	EXP 	polygonWhiteFam: autoDraw = True
162.9660 	EXP 	imageFam: autoDraw = True
166.4595 	EXP 	textFam: autoDraw = True
168.9599 	EXP 	textFam: autoDraw = False
168.9945 	EXP 	polygonWhiteFam: autoDraw = False
168.9945 	EXP 	imageFam: autoDraw = False
168.9945 	EXP 	polygonWhiteFam: autoDraw = False
168.9945 	EXP 	imageFam: autoDraw = False
168.9945 	EXP 	textFam: autoDraw = False
168.9945 	EXP 	textBlankLoop: autoDraw = True
169.4879 	EXP 	New trial (rep=0, index=19): {'image': 'REPSWITCH1_Fam/PICTURE_319.png', 'correctAns': 'vaca'}
169.4946 	EXP 	textBlankLoop: autoDraw = False
169.4946 	EXP 	textBlankLoop: autoDraw = False
169.4946 	EXP 	fixationITI: autoDraw = True
170.5503 	EXP 	fixationITI: autoDraw = False
170.5503 	EXP 	fixationITI: autoDraw = False
170.5503 	EXP 	imageFam: image = 'REPSWITCH1_Fam/PICTURE_319.png'
170.5503 	EXP 	polygonWhiteFam: autoDraw = True
170.5503 	EXP 	imageFam: autoDraw = True
174.0438 	EXP 	textFam: autoDraw = True
176.5442 	EXP 	textFam: autoDraw = False
176.5789 	EXP 	polygonWhiteFam: autoDraw = False
176.5789 	EXP 	imageFam: autoDraw = False
176.5789 	EXP 	polygonWhiteFam: autoDraw = False
176.5789 	EXP 	imageFam: autoDraw = False
176.5789 	EXP 	textFam: autoDraw = False
176.5789 	EXP 	textBlankLoop: autoDraw = True
177.0722 	EXP 	New trial (rep=0, index=20): {'image': 'REPSWITCH1_Fam/PICTURE_175.png', 'correctAns': 'pintor'}
177.0789 	EXP 	textBlankLoop: autoDraw = False
177.0789 	EXP 	textBlankLoop: autoDraw = False
177.0789 	EXP 	fixationITI: autoDraw = True
178.0860 	EXP 	fixationITI: autoDraw = False
178.0860 	EXP 	fixationITI: autoDraw = False
178.0860 	EXP 	imageFam: image = 'REPSWITCH1_Fam/PICTURE_175.png'
178.0860 	EXP 	polygonWhiteFam: autoDraw = True
178.0860 	EXP 	imageFam: autoDraw = True
181.5796 	EXP 	textFam: autoDraw = True
184.0799 	EXP 	textFam: autoDraw = False
184.1146 	EXP 	polygonWhiteFam: autoDraw = False
184.1146 	EXP 	imageFam: autoDraw = False
184.1146 	EXP 	polygonWhiteFam: autoDraw = False
184.1146 	EXP 	imageFam: autoDraw = False
184.1146 	EXP 	textFam: autoDraw = False
184.1146 	EXP 	textBlankLoop: autoDraw = True
184.6079 	EXP 	New trial (rep=0, index=21): {'image': 'REPSWITCH1_Fam/PICTURE_48.png', 'correctAns': 'bombero'}
184.6147 	EXP 	textBlankLoop: autoDraw = False
184.6147 	EXP 	textBlankLoop: autoDraw = False
184.6147 	EXP 	fixationITI: autoDraw = True
185.7259 	EXP 	fixationITI: autoDraw = False
185.7259 	EXP 	fixationITI: autoDraw = False
185.7259 	EXP 	imageFam: image = 'REPSWITCH1_Fam/PICTURE_48.png'
185.7259 	EXP 	polygonWhiteFam: autoDraw = True
185.7259 	EXP 	imageFam: autoDraw = True
189.2194 	EXP 	textFam: autoDraw = True
191.7197 	EXP 	textFam: autoDraw = False
191.7544 	EXP 	polygonWhiteFam: autoDraw = False
191.7544 	EXP 	imageFam: autoDraw = False
191.7544 	EXP 	polygonWhiteFam: autoDraw = False
191.7544 	EXP 	imageFam: autoDraw = False
191.7544 	EXP 	textFam: autoDraw = False
191.7544 	EXP 	textBlankLoop: autoDraw = True
192.2478 	EXP 	New trial (rep=0, index=22): {'image': 'REPSWITCH1_Fam/PICTURE_128.png', 'correctAns': 'muñeca'}
192.2546 	EXP 	textBlankLoop: autoDraw = False
192.2546 	EXP 	textBlankLoop: autoDraw = False
192.2546 	EXP 	fixationITI: autoDraw = True
193.3034 	EXP 	fixationITI: autoDraw = False
193.3034 	EXP 	fixationITI: autoDraw = False
193.3034 	EXP 	imageFam: image = 'REPSWITCH1_Fam/PICTURE_128.png'
193.3034 	EXP 	polygonWhiteFam: autoDraw = True
193.3034 	EXP 	imageFam: autoDraw = True
196.7967 	EXP 	textFam: autoDraw = True
199.2971 	EXP 	textFam: autoDraw = False
199.3318 	EXP 	polygonWhiteFam: autoDraw = False
199.3318 	EXP 	imageFam: autoDraw = False
199.3318 	EXP 	polygonWhiteFam: autoDraw = False
199.3318 	EXP 	imageFam: autoDraw = False
199.3318 	EXP 	textFam: autoDraw = False
199.3318 	EXP 	textBlankLoop: autoDraw = True
199.8252 	EXP 	New trial (rep=0, index=23): {'image': 'REPSWITCH1_Fam/PICTURE_19.png', 'correctAns': 'pavo'}
199.8319 	EXP 	textBlankLoop: autoDraw = False
199.8319 	EXP 	textBlankLoop: autoDraw = False
199.8319 	EXP 	fixationITI: autoDraw = True
200.9362 	EXP 	fixationITI: autoDraw = False
200.9362 	EXP 	fixationITI: autoDraw = False
200.9362 	EXP 	imageFam: image = 'REPSWITCH1_Fam/PICTURE_19.png'
200.9362 	EXP 	polygonWhiteFam: autoDraw = True
200.9362 	EXP 	imageFam: autoDraw = True
204.4298 	EXP 	textFam: autoDraw = True
206.9300 	EXP 	textFam: autoDraw = False
206.9648 	EXP 	polygonWhiteFam: autoDraw = False
206.9648 	EXP 	imageFam: autoDraw = False
206.9648 	EXP 	polygonWhiteFam: autoDraw = False
206.9648 	EXP 	imageFam: autoDraw = False
206.9648 	EXP 	textFam: autoDraw = False
206.9648 	EXP 	textBlankLoop: autoDraw = True
207.4582 	EXP 	New trial (rep=0, index=24): {'image': 'REPSWITCH1_Fam/PICTURE_719.png', 'correctAns': 'baño'}
207.4649 	EXP 	textBlankLoop: autoDraw = False
207.4649 	EXP 	textBlankLoop: autoDraw = False
207.4649 	EXP 	fixationITI: autoDraw = True
208.6179 	EXP 	fixationITI: autoDraw = False
208.6179 	EXP 	fixationITI: autoDraw = False
208.6179 	EXP 	imageFam: image = 'REPSWITCH1_Fam/PICTURE_719.png'
208.6179 	EXP 	polygonWhiteFam: autoDraw = True
208.6179 	EXP 	imageFam: autoDraw = True
212.1113 	EXP 	textFam: autoDraw = True
214.6116 	EXP 	textFam: autoDraw = False
214.6463 	EXP 	polygonWhiteFam: autoDraw = False
214.6463 	EXP 	imageFam: autoDraw = False
214.6463 	EXP 	polygonWhiteFam: autoDraw = False
214.6463 	EXP 	imageFam: autoDraw = False
214.6463 	EXP 	textFam: autoDraw = False
214.6463 	EXP 	textBlankLoop: autoDraw = True
215.1398 	EXP 	New trial (rep=0, index=25): {'image': 'REPSWITCH1_Fam/PICTURE_570.png', 'correctAns': 'toro'}
215.1465 	EXP 	textBlankLoop: autoDraw = False
215.1465 	EXP 	textBlankLoop: autoDraw = False
215.1465 	EXP 	fixationITI: autoDraw = True
216.3063 	EXP 	fixationITI: autoDraw = False
216.3063 	EXP 	fixationITI: autoDraw = False
216.3063 	EXP 	imageFam: image = 'REPSWITCH1_Fam/PICTURE_570.png'
216.3063 	EXP 	polygonWhiteFam: autoDraw = True
216.3063 	EXP 	imageFam: autoDraw = True
219.7998 	EXP 	textFam: autoDraw = True
222.3002 	EXP 	textFam: autoDraw = False
222.3350 	EXP 	polygonWhiteFam: autoDraw = False
222.3350 	EXP 	imageFam: autoDraw = False
222.3350 	EXP 	polygonWhiteFam: autoDraw = False
222.3350 	EXP 	imageFam: autoDraw = False
222.3350 	EXP 	textFam: autoDraw = False
222.3350 	EXP 	textBlankLoop: autoDraw = True
222.8282 	EXP 	New trial (rep=0, index=26): {'image': 'REPSWITCH1_Fam/PICTURE_576.png', 'correctAns': 'guante'}
222.8349 	EXP 	textBlankLoop: autoDraw = False
222.8349 	EXP 	textBlankLoop: autoDraw = False
222.8349 	EXP 	fixationITI: autoDraw = True
223.9393 	EXP 	fixationITI: autoDraw = False
223.9393 	EXP 	fixationITI: autoDraw = False
223.9393 	EXP 	imageFam: image = 'REPSWITCH1_Fam/PICTURE_576.png'
223.9393 	EXP 	polygonWhiteFam: autoDraw = True
223.9393 	EXP 	imageFam: autoDraw = True
227.4327 	EXP 	textFam: autoDraw = True
229.9331 	EXP 	textFam: autoDraw = False
229.9679 	EXP 	polygonWhiteFam: autoDraw = False
229.9679 	EXP 	imageFam: autoDraw = False
229.9679 	EXP 	polygonWhiteFam: autoDraw = False
229.9679 	EXP 	imageFam: autoDraw = False
229.9679 	EXP 	textFam: autoDraw = False
229.9679 	EXP 	textBlankLoop: autoDraw = True
230.4612 	EXP 	New trial (rep=0, index=27): {'image': 'REPSWITCH1_Fam/PICTURE_142.png', 'correctAns': 'vaso'}
230.4679 	EXP 	textBlankLoop: autoDraw = False
230.4679 	EXP 	textBlankLoop: autoDraw = False
230.4679 	EXP 	fixationITI: autoDraw = True
231.5652 	EXP 	fixationITI: autoDraw = False
231.5652 	EXP 	fixationITI: autoDraw = False
231.5652 	EXP 	imageFam: image = 'REPSWITCH1_Fam/PICTURE_142.png'
231.5652 	EXP 	polygonWhiteFam: autoDraw = True
231.5652 	EXP 	imageFam: autoDraw = True
235.0587 	EXP 	textFam: autoDraw = True
237.5591 	EXP 	textFam: autoDraw = False
237.5938 	EXP 	polygonWhiteFam: autoDraw = False
237.5938 	EXP 	imageFam: autoDraw = False
237.5938 	EXP 	polygonWhiteFam: autoDraw = False
237.5938 	EXP 	imageFam: autoDraw = False
237.5938 	EXP 	textFam: autoDraw = False
237.5938 	EXP 	textBlankLoop: autoDraw = True
238.0872 	EXP 	New trial (rep=0, index=28): {'image': 'REPSWITCH1_Fam/PICTURE_242.png', 'correctAns': 'cartero'}
238.0939 	EXP 	textBlankLoop: autoDraw = False
238.0939 	EXP 	textBlankLoop: autoDraw = False
238.0939 	EXP 	fixationITI: autoDraw = True
239.1774 	EXP 	fixationITI: autoDraw = False
239.1774 	EXP 	fixationITI: autoDraw = False
239.1774 	EXP 	imageFam: image = 'REPSWITCH1_Fam/PICTURE_242.png'
239.1774 	EXP 	polygonWhiteFam: autoDraw = True
239.1774 	EXP 	imageFam: autoDraw = True
242.6708 	EXP 	textFam: autoDraw = True
245.1711 	EXP 	textFam: autoDraw = False
245.2059 	EXP 	polygonWhiteFam: autoDraw = False
245.2059 	EXP 	imageFam: autoDraw = False
245.2059 	EXP 	polygonWhiteFam: autoDraw = False
245.2059 	EXP 	imageFam: autoDraw = False
245.2059 	EXP 	textFam: autoDraw = False
245.2059 	EXP 	textBlankLoop: autoDraw = True
245.6992 	EXP 	New trial (rep=0, index=29): {'image': 'REPSWITCH1_Fam/PICTURE_733.png', 'correctAns': 'gafas'}
245.7060 	EXP 	textBlankLoop: autoDraw = False
245.7060 	EXP 	textBlankLoop: autoDraw = False
245.7060 	EXP 	fixationITI: autoDraw = True
246.7964 	EXP 	fixationITI: autoDraw = False
246.7964 	EXP 	fixationITI: autoDraw = False
246.7964 	EXP 	imageFam: image = 'REPSWITCH1_Fam/PICTURE_733.png'
246.7964 	EXP 	polygonWhiteFam: autoDraw = True
246.7964 	EXP 	imageFam: autoDraw = True
250.2899 	EXP 	textFam: autoDraw = True
252.7902 	EXP 	textFam: autoDraw = False
252.8250 	EXP 	polygonWhiteFam: autoDraw = False
252.8250 	EXP 	imageFam: autoDraw = False
252.8250 	EXP 	polygonWhiteFam: autoDraw = False
252.8250 	EXP 	imageFam: autoDraw = False
252.8250 	EXP 	textFam: autoDraw = False
252.8250 	EXP 	textBlankLoop: autoDraw = True
253.3183 	EXP 	New trial (rep=0, index=30): {'image': 'REPSWITCH1_Fam/PICTURE_35.png', 'correctAns': 'oreja'}
253.3250 	EXP 	textBlankLoop: autoDraw = False
253.3250 	EXP 	textBlankLoop: autoDraw = False
253.3250 	EXP 	fixationITI: autoDraw = True
254.5127 	EXP 	fixationITI: autoDraw = False
254.5127 	EXP 	fixationITI: autoDraw = False
254.5127 	EXP 	imageFam: image = 'REPSWITCH1_Fam/PICTURE_35.png'
254.5127 	EXP 	polygonWhiteFam: autoDraw = True
254.5127 	EXP 	imageFam: autoDraw = True
258.0062 	EXP 	textFam: autoDraw = True
260.5065 	EXP 	textFam: autoDraw = False
260.5412 	EXP 	polygonWhiteFam: autoDraw = False
260.5412 	EXP 	imageFam: autoDraw = False
260.5412 	EXP 	polygonWhiteFam: autoDraw = False
260.5412 	EXP 	imageFam: autoDraw = False
260.5412 	EXP 	textFam: autoDraw = False
260.5412 	EXP 	textBlankLoop: autoDraw = True
261.0347 	EXP 	New trial (rep=0, index=31): {'image': 'REPSWITCH1_Fam/PICTURE_30.png', 'correctAns': 'granja'}
261.0413 	EXP 	textBlankLoop: autoDraw = False
261.0413 	EXP 	textBlankLoop: autoDraw = False
261.0413 	EXP 	fixationITI: autoDraw = True
262.0970 	EXP 	fixationITI: autoDraw = False
262.0970 	EXP 	fixationITI: autoDraw = False
262.0970 	EXP 	imageFam: image = 'REPSWITCH1_Fam/PICTURE_30.png'
262.0970 	EXP 	polygonWhiteFam: autoDraw = True
262.0970 	EXP 	imageFam: autoDraw = True
265.5905 	EXP 	textFam: autoDraw = True
268.0909 	EXP 	textFam: autoDraw = False
268.1256 	EXP 	polygonWhiteFam: autoDraw = False
268.1256 	EXP 	imageFam: autoDraw = False
268.1256 	EXP 	polygonWhiteFam: autoDraw = False
268.1256 	EXP 	imageFam: autoDraw = False
268.1256 	EXP 	textFam: autoDraw = False
268.1256 	EXP 	textBlankLoop: autoDraw = True
268.6190 	EXP 	New trial (rep=0, index=32): {'image': 'REPSWITCH1_Fam/PICTURE_446.png', 'correctAns': 'cerdo'}
268.6257 	EXP 	textBlankLoop: autoDraw = False
268.6257 	EXP 	textBlankLoop: autoDraw = False
268.6257 	EXP 	fixationITI: autoDraw = True
269.6744 	EXP 	fixationITI: autoDraw = False
269.6744 	EXP 	fixationITI: autoDraw = False
269.6744 	EXP 	imageFam: image = 'REPSWITCH1_Fam/PICTURE_446.png'
269.6744 	EXP 	polygonWhiteFam: autoDraw = True
269.6744 	EXP 	imageFam: autoDraw = True
273.1679 	EXP 	textFam: autoDraw = True
275.6683 	EXP 	textFam: autoDraw = False
275.7029 	EXP 	polygonWhiteFam: autoDraw = False
275.7029 	EXP 	imageFam: autoDraw = False
275.7029 	EXP 	polygonWhiteFam: autoDraw = False
275.7029 	EXP 	imageFam: autoDraw = False
275.7029 	EXP 	textFam: autoDraw = False
275.7029 	EXP 	textBlankLoop: autoDraw = True
276.1964 	EXP 	New trial (rep=0, index=33): {'image': 'REPSWITCH1_Fam/PICTURE_728.png', 'correctAns': 'pulpo'}
276.2030 	EXP 	textBlankLoop: autoDraw = False
276.2030 	EXP 	textBlankLoop: autoDraw = False
276.2030 	EXP 	fixationITI: autoDraw = True
277.2726 	EXP 	fixationITI: autoDraw = False
277.2726 	EXP 	fixationITI: autoDraw = False
277.2726 	EXP 	imageFam: image = 'REPSWITCH1_Fam/PICTURE_728.png'
277.2726 	EXP 	polygonWhiteFam: autoDraw = True
277.2726 	EXP 	imageFam: autoDraw = True
280.7661 	EXP 	textFam: autoDraw = True
283.2664 	EXP 	textFam: autoDraw = False
283.3012 	EXP 	polygonWhiteFam: autoDraw = False
283.3012 	EXP 	imageFam: autoDraw = False
283.3012 	EXP 	polygonWhiteFam: autoDraw = False
283.3012 	EXP 	imageFam: autoDraw = False
283.3012 	EXP 	textFam: autoDraw = False
283.3012 	EXP 	textBlankLoop: autoDraw = True
283.7945 	EXP 	New trial (rep=0, index=34): {'image': 'REPSWITCH1_Fam/PICTURE_135.png', 'correctAns': 'traje'}
283.8012 	EXP 	textBlankLoop: autoDraw = False
283.8012 	EXP 	textBlankLoop: autoDraw = False
283.8012 	EXP 	fixationITI: autoDraw = True
284.9055 	EXP 	fixationITI: autoDraw = False
284.9055 	EXP 	fixationITI: autoDraw = False
284.9055 	EXP 	imageFam: image = 'REPSWITCH1_Fam/PICTURE_135.png'
284.9055 	EXP 	polygonWhiteFam: autoDraw = True
284.9055 	EXP 	imageFam: autoDraw = True
288.3990 	EXP 	textFam: autoDraw = True
290.8993 	EXP 	textFam: autoDraw = False
290.9341 	EXP 	polygonWhiteFam: autoDraw = False
290.9341 	EXP 	imageFam: autoDraw = False
290.9341 	EXP 	polygonWhiteFam: autoDraw = False
290.9341 	EXP 	imageFam: autoDraw = False
290.9341 	EXP 	textFam: autoDraw = False
290.9341 	EXP 	textBlankLoop: autoDraw = True
291.4275 	EXP 	New trial (rep=0, index=35): {'image': 'REPSWITCH1_Fam/PICTURE_271.png', 'correctAns': 'conejo'}
291.4342 	EXP 	textBlankLoop: autoDraw = False
291.4342 	EXP 	textBlankLoop: autoDraw = False
291.4342 	EXP 	fixationITI: autoDraw = True
292.5038 	EXP 	fixationITI: autoDraw = False
292.5038 	EXP 	fixationITI: autoDraw = False
292.5038 	EXP 	imageFam: image = 'REPSWITCH1_Fam/PICTURE_271.png'
292.5038 	EXP 	polygonWhiteFam: autoDraw = True
292.5038 	EXP 	imageFam: autoDraw = True
295.9973 	EXP 	textFam: autoDraw = True
298.4976 	EXP 	textFam: autoDraw = False
298.5323 	EXP 	polygonWhiteFam: autoDraw = False
298.5323 	EXP 	imageFam: autoDraw = False
298.5323 	EXP 	polygonWhiteFam: autoDraw = False
298.5323 	EXP 	imageFam: autoDraw = False
298.5323 	EXP 	textFam: autoDraw = False
298.5323 	EXP 	textBlankLoop: autoDraw = True
299.0257 	EXP 	New trial (rep=0, index=36): {'image': 'REPSWITCH1_Fam/PICTURE_340.png', 'correctAns': 'espejo'}
299.0324 	EXP 	textBlankLoop: autoDraw = False
299.0324 	EXP 	textBlankLoop: autoDraw = False
299.0324 	EXP 	fixationITI: autoDraw = True
300.0742 	EXP 	fixationITI: autoDraw = False
300.0742 	EXP 	fixationITI: autoDraw = False
300.0742 	EXP 	imageFam: image = 'REPSWITCH1_Fam/PICTURE_340.png'
300.0742 	EXP 	polygonWhiteFam: autoDraw = True
300.0742 	EXP 	imageFam: autoDraw = True
303.5677 	EXP 	textFam: autoDraw = True
306.0681 	EXP 	textFam: autoDraw = False
306.1028 	EXP 	polygonWhiteFam: autoDraw = False
306.1028 	EXP 	imageFam: autoDraw = False
306.1028 	EXP 	polygonWhiteFam: autoDraw = False
306.1028 	EXP 	imageFam: autoDraw = False
306.1028 	EXP 	textFam: autoDraw = False
306.1028 	EXP 	textBlankLoop: autoDraw = True
306.5962 	EXP 	New trial (rep=0, index=37): {'image': 'REPSWITCH1_Fam/PICTURE_199.png', 'correctAns': 'falda'}
306.6028 	EXP 	textBlankLoop: autoDraw = False
306.6028 	EXP 	textBlankLoop: autoDraw = False
306.6028 	EXP 	fixationITI: autoDraw = True
307.7905 	EXP 	fixationITI: autoDraw = False
307.7905 	EXP 	fixationITI: autoDraw = False
307.7905 	EXP 	imageFam: image = 'REPSWITCH1_Fam/PICTURE_199.png'
307.7905 	EXP 	polygonWhiteFam: autoDraw = True
307.7905 	EXP 	imageFam: autoDraw = True
311.2840 	EXP 	textFam: autoDraw = True
313.7843 	EXP 	textFam: autoDraw = False
313.8191 	EXP 	polygonWhiteFam: autoDraw = False
313.8191 	EXP 	imageFam: autoDraw = False
313.8191 	EXP 	polygonWhiteFam: autoDraw = False
313.8191 	EXP 	imageFam: autoDraw = False
313.8191 	EXP 	textFam: autoDraw = False
313.8191 	EXP 	textBlankLoop: autoDraw = True
314.3124 	EXP 	New trial (rep=0, index=38): {'image': 'REPSWITCH1_Fam/PICTURE_687.png', 'correctAns': 'camisa'}
314.3191 	EXP 	textBlankLoop: autoDraw = False
314.3191 	EXP 	textBlankLoop: autoDraw = False
314.3191 	EXP 	fixationITI: autoDraw = True
315.4582 	EXP 	fixationITI: autoDraw = False
315.4582 	EXP 	fixationITI: autoDraw = False
315.4582 	EXP 	imageFam: image = 'REPSWITCH1_Fam/PICTURE_687.png'
315.4582 	EXP 	polygonWhiteFam: autoDraw = True
315.4582 	EXP 	imageFam: autoDraw = True
318.9516 	EXP 	textFam: autoDraw = True
321.4520 	EXP 	textFam: autoDraw = False
321.4867 	EXP 	polygonWhiteFam: autoDraw = False
321.4867 	EXP 	imageFam: autoDraw = False
321.4867 	EXP 	polygonWhiteFam: autoDraw = False
321.4867 	EXP 	imageFam: autoDraw = False
321.4867 	EXP 	textFam: autoDraw = False
321.4867 	EXP 	textBlankLoop: autoDraw = True
321.9801 	EXP 	New trial (rep=0, index=39): {'image': 'REPSWITCH1_Fam/PICTURE_110.png', 'correctAns': 'mesa'}
321.9868 	EXP 	textBlankLoop: autoDraw = False
321.9868 	EXP 	textBlankLoop: autoDraw = False
321.9868 	EXP 	fixationITI: autoDraw = True
323.1258 	EXP 	fixationITI: autoDraw = False
323.1258 	EXP 	fixationITI: autoDraw = False
323.1258 	EXP 	imageFam: image = 'REPSWITCH1_Fam/PICTURE_110.png'
323.1258 	EXP 	polygonWhiteFam: autoDraw = True
323.1258 	EXP 	imageFam: autoDraw = True
326.6193 	EXP 	textFam: autoDraw = True
329.1196 	EXP 	textFam: autoDraw = False
329.1544 	EXP 	polygonWhiteFam: autoDraw = False
329.1544 	EXP 	imageFam: autoDraw = False
329.1544 	EXP 	polygonWhiteFam: autoDraw = False
329.1544 	EXP 	imageFam: autoDraw = False
329.1544 	EXP 	textFam: autoDraw = False
329.1544 	EXP 	textBlankLoop: autoDraw = True
329.6477 	EXP 	New trial (rep=0, index=40): {'image': 'REPSWITCH1_Fam/PICTURE_612.png', 'correctAns': 'rana'}
329.6545 	EXP 	textBlankLoop: autoDraw = False
329.6545 	EXP 	textBlankLoop: autoDraw = False
329.6545 	EXP 	fixationITI: autoDraw = True
330.8352 	EXP 	fixationITI: autoDraw = False
330.8352 	EXP 	fixationITI: autoDraw = False
330.8352 	EXP 	imageFam: image = 'REPSWITCH1_Fam/PICTURE_612.png'
330.8352 	EXP 	polygonWhiteFam: autoDraw = True
330.8352 	EXP 	imageFam: autoDraw = True
334.3287 	EXP 	textFam: autoDraw = True
336.8290 	EXP 	textFam: autoDraw = False
336.8638 	EXP 	polygonWhiteFam: autoDraw = False
336.8638 	EXP 	imageFam: autoDraw = False
336.8638 	EXP 	polygonWhiteFam: autoDraw = False
336.8638 	EXP 	imageFam: autoDraw = False
336.8638 	EXP 	textFam: autoDraw = False
336.8638 	EXP 	textBlankLoop: autoDraw = True
337.3571 	EXP 	New trial (rep=0, index=41): {'image': 'REPSWITCH1_Fam/PICTURE_169.png', 'correctAns': 'espalda'}
337.3638 	EXP 	textBlankLoop: autoDraw = False
337.3638 	EXP 	textBlankLoop: autoDraw = False
337.3638 	EXP 	fixationITI: autoDraw = True
338.4890 	EXP 	fixationITI: autoDraw = False
338.4890 	EXP 	fixationITI: autoDraw = False
338.4890 	EXP 	imageFam: image = 'REPSWITCH1_Fam/PICTURE_169.png'
338.4890 	EXP 	polygonWhiteFam: autoDraw = True
338.4890 	EXP 	imageFam: autoDraw = True
341.9826 	EXP 	textFam: autoDraw = True
344.4828 	EXP 	textFam: autoDraw = False
344.5245 	EXP 	polygonWhiteFam: autoDraw = False
344.5245 	EXP 	imageFam: autoDraw = False
344.5245 	EXP 	polygonWhiteFam: autoDraw = False
344.5245 	EXP 	imageFam: autoDraw = False
344.5245 	EXP 	textFam: autoDraw = False
344.5245 	EXP 	textBlankLoop: autoDraw = True
345.0178 	EXP 	New trial (rep=0, index=42): {'image': 'REPSWITCH1_Fam/PICTURE_552.png', 'correctAns': 'manzana'}
345.0245 	EXP 	textBlankLoop: autoDraw = False
345.0245 	EXP 	fixationITI: autoDraw = True
346.1150 	EXP 	fixationITI: autoDraw = False
346.1150 	EXP 	fixationITI: autoDraw = False
346.1150 	EXP 	imageFam: image = 'REPSWITCH1_Fam/PICTURE_552.png'
346.1150 	EXP 	polygonWhiteFam: autoDraw = True
346.1150 	EXP 	imageFam: autoDraw = True
349.6085 	EXP 	textFam: autoDraw = True
352.1088 	EXP 	textFam: autoDraw = False
352.1435 	EXP 	polygonWhiteFam: autoDraw = False
352.1435 	EXP 	imageFam: autoDraw = False
352.1435 	EXP 	polygonWhiteFam: autoDraw = False
352.1435 	EXP 	imageFam: autoDraw = False
352.1435 	EXP 	textFam: autoDraw = False
352.1435 	EXP 	textBlankLoop: autoDraw = True
352.6371 	EXP 	New trial (rep=0, index=43): {'image': 'REPSWITCH1_Fam/PICTURE_152.png', 'correctAns': 'caracol'}
352.6437 	EXP 	textBlankLoop: autoDraw = False
352.6437 	EXP 	textBlankLoop: autoDraw = False
352.6437 	EXP 	fixationITI: autoDraw = True
353.7410 	EXP 	fixationITI: autoDraw = False
353.7410 	EXP 	fixationITI: autoDraw = False
353.7410 	EXP 	imageFam: image = 'REPSWITCH1_Fam/PICTURE_152.png'
353.7410 	EXP 	polygonWhiteFam: autoDraw = True
353.7410 	EXP 	imageFam: autoDraw = True
357.2345 	EXP 	textFam: autoDraw = True
359.7348 	EXP 	textFam: autoDraw = False
359.7696 	EXP 	polygonWhiteFam: autoDraw = False
359.7696 	EXP 	imageFam: autoDraw = False
359.7696 	EXP 	polygonWhiteFam: autoDraw = False
359.7696 	EXP 	imageFam: autoDraw = False
359.7696 	EXP 	textFam: autoDraw = False
359.7696 	EXP 	textBlankLoop: autoDraw = True
360.2629 	EXP 	New trial (rep=0, index=44): {'image': 'REPSWITCH1_Fam/PICTURE_16.png', 'correctAns': 'cazador'}
360.2696 	EXP 	textBlankLoop: autoDraw = False
360.2696 	EXP 	textBlankLoop: autoDraw = False
360.2696 	EXP 	fixationITI: autoDraw = True
361.3461 	EXP 	fixationITI: autoDraw = False
361.3461 	EXP 	fixationITI: autoDraw = False
361.3461 	EXP 	imageFam: image = 'REPSWITCH1_Fam/PICTURE_16.png'
361.3461 	EXP 	polygonWhiteFam: autoDraw = True
361.3461 	EXP 	imageFam: autoDraw = True
364.8397 	EXP 	textFam: autoDraw = True
367.3400 	EXP 	textFam: autoDraw = False
367.3747 	EXP 	polygonWhiteFam: autoDraw = False
367.3747 	EXP 	imageFam: autoDraw = False
367.3747 	EXP 	polygonWhiteFam: autoDraw = False
367.3747 	EXP 	imageFam: autoDraw = False
367.3747 	EXP 	textFam: autoDraw = False
367.3747 	EXP 	textBlankLoop: autoDraw = True
367.8748 	EXP 	textBlankLoop: autoDraw = False
367.8748 	EXP 	textBlankLoop: autoDraw = False
367.8748 	EXP 	textboxEndFam: autoDraw = True
387.4745 	DATA 	Keypress: space
387.4815 	EXP 	textboxEndFam: autoDraw = False
387.5144 	EXP 	window1: mouseVisible = True
