8.1959 	EXP 	Created window1 = Window(allowGUI=True, allowStencil=False, autoLog=True, backendConf=UNKNOWN, bitsMode=UNKNOWN, blendMode='avg', bpc=(8, 8, 8), color=array([0, 0, 0]), colorSpace='rgb', depthBits=8, fullscr=<method-wrapper '__getattribute__' of attributeSetter object at 0x000001FEF3E8CE80>, gamma=None, gammaErrorPolicy='raise', lms=UNKNOWN, monitor=<psychopy.monitors.calibTools.Monitor object at 0x000001FEF432B460>, multiSample=False, name='window1', numSamples=2, pos=(0, 0), screen=0, size=array([1920, 1080]), stencilBits=0, stereo=False, units='height', useFBO=True, useRetina=False, viewOri=0.0, viewPos=None, viewScale=None, waitBlanking=True, winType='pyglet')
8.1959 	EXP 	window1: mouseVisible = True
8.1960 	EXP 	window1: mouseVisible = False
8.1960 	EXP 	window1: Attempting to measure frame rate of screen (0) ...
8.1960 	EXP 	window1: recordFrameIntervals = False
8.2651 	EXP 	window1: recordFrameIntervals = True
8.3416 	EXP 	Screen (0) actual frame rate measured at 143.95Hz
8.3416 	EXP 	window1: recordFrameIntervals = False
9.4710 	EXP 	Created textWelcomeFam = TextStim(__class__=<class 'psychopy.visual.text.TextStim'>, alignHoriz=method-wrapper(...), alignText='center', alignVert=method-wrapper(...), anchorHoriz='center', anchorVert='center', antialias=True, autoDraw=False, autoLog=True, bold=False, color=array([1, 1, 1]), colorSpace='rgb', contrast=1.0, depth=0.0, flipHoriz=False, flipVert=False, font='Open Sans', fontFiles=[], height=0.05, italic=False, languageStyle='LTR', name='textWelcomeFam', opacity=1.0, ori=0.0, pos=array([0., 0.]), rgb=UNKNOWN, text='Bienvenido/a al experimento!', units='height', win=Window(...), wrapWidth=1)
9.4716 	EXP 	Created textBlank500 = TextStim(__class__=<class 'psychopy.visual.text.TextStim'>, alignHoriz=method-wrapper(...), alignText='center', alignVert=method-wrapper(...), anchorHoriz='center', anchorVert='center', antialias=True, autoDraw=False, autoLog=True, bold=False, color=array([1, 1, 1]), colorSpace='rgb', contrast=1.0, depth=0.0, flipHoriz=False, flipVert=False, font='Open Sans', fontFiles=[], height=0.05, italic=False, languageStyle='LTR', name='textBlank500', opacity=1.0, ori=0.0, pos=array([0., 0.]), rgb=UNKNOWN, text='', units='height', win=Window(...), wrapWidth=1)
9.5120 	EXP 	Created textBlank500 = TextStim(__class__=<class 'psychopy.visual.text.TextStim'>, alignHoriz=method-wrapper(...), alignText='center', alignVert=method-wrapper(...), anchorHoriz='center', anchorVert='center', antialias=True, autoDraw=False, autoLog=True, bold=False, color=array([1, 1, 1]), colorSpace='rgb', contrast=1.0, depth=0.0, flipHoriz=False, flipVert=False, font='Open Sans', fontFiles=[], height=0.05, italic=False, languageStyle='LTR', name='textBlank500', opacity=1.0, ori=0.0, pos=array([0., 0.]), rgb=UNKNOWN, text='', units='height', win=Window(...), wrapWidth=1)
9.5129 	EXP 	Created fixationITI = ShapeStim(__class__=<class 'psychopy.visual.shape.ShapeStim'>, anchor=('center', 'center'), autoDraw=False, autoLog=True, closeShape=True, color=method-wrapper(...), colorSpace='rgb', contrast=None, depth=0.0, fillColor=array([1, 1, 1]), fillColorSpace='rgb', fillRGB=array([1, 1, 1]), interpolate=True, lineColor=array([1, 1, 1]), lineColorSpace='rgb', lineRGB=array([1, 1, 1]), lineWidth=1.0, name='fixationITI', opacity=1.0, ori=0.0, pos=array([0., 0.]), size=array([0.1, 0.1]), units='height', vertices=ndarray(...), win=Window(...), windingRule=None)
9.5135 	EXP 	Created polygonWhiteFam = Rect(__class__=<class 'psychopy.visual.rect.Rect'>, anchor=('center', 'center'), autoDraw=False, autoLog=True, closeShape=True, color=method-wrapper(...), colorSpace='rgb', contrast=None, depth=0.0, fillColor=array([1, 1, 1]), fillColorSpace='rgb', fillRGB=array([1, 1, 1]), interpolate=True, lineColor=array([1, 1, 1]), lineColorSpace='rgb', lineRGB=array([1, 1, 1]), lineWidth=1.0, name='polygonWhiteFam', opacity=1.0, ori=0.0, pos=array([0., 0.]), size=array([0.5, 0.5]), units='height', vertices=ndarray(...), win=Window(...))
9.5166 	EXP 	Created imageFam = ImageStim(__class__=<class 'psychopy.visual.image.ImageStim'>, anchor=('center', 'center'), autoLog=True, color=array([1, 1, 1]), colorSpace='rgb', contrast=1.0, depth=-1.0, flipHoriz=False, flipVert=False, image='sin', interpolate=True, mask=None, maskParams=None, name='imageFam', opacity=1.0, ori=0.0, pos=array([0., 0.]), size=array([0.5, 0.5]), texRes=128.0, units='height', win=Window(...))
9.5170 	EXP 	Created textFam = TextStim(__class__=<class 'psychopy.visual.text.TextStim'>, alignHoriz=method-wrapper(...), alignText='center', alignVert=method-wrapper(...), anchorHoriz='center', anchorVert='center', antialias=True, autoDraw=False, autoLog=True, bold=False, color=array([1, 1, 1]), colorSpace='rgb', contrast=1.0, depth=-2.0, flipHoriz=False, flipVert=False, font='Open Sans', fontFiles=[], height=0.05, italic=False, languageStyle='LTR', name='textFam', opacity=1.0, ori=0.0, pos=array([ 0. , -0.3]), rgb=UNKNOWN, text='', units='height', win=Window(...), wrapWidth=1)
9.5606 	EXP 	Created textBlank500 = TextStim(__class__=<class 'psychopy.visual.text.TextStim'>, alignHoriz=method-wrapper(...), alignText='center', alignVert=method-wrapper(...), anchorHoriz='center', anchorVert='center', antialias=True, autoDraw=False, autoLog=True, bold=False, color=array([1, 1, 1]), colorSpace='rgb', contrast=1.0, depth=0.0, flipHoriz=False, flipVert=False, font='Open Sans', fontFiles=[], height=0.05, italic=False, languageStyle='LTR', name='textBlank500', opacity=1.0, ori=0.0, pos=array([0., 0.]), rgb=UNKNOWN, text='', units='height', win=Window(...), wrapWidth=1)
9.5613 	EXP 	Created textBlank500 = TextStim(__class__=<class 'psychopy.visual.text.TextStim'>, alignHoriz=method-wrapper(...), alignText='center', alignVert=method-wrapper(...), anchorHoriz='center', anchorVert='center', antialias=True, autoDraw=False, autoLog=True, bold=False, color=array([1, 1, 1]), colorSpace='rgb', contrast=1.0, depth=0.0, flipHoriz=False, flipVert=False, font='Open Sans', fontFiles=[], height=0.05, italic=False, languageStyle='LTR', name='textBlank500', opacity=1.0, ori=0.0, pos=array([0., 0.]), rgb=UNKNOWN, text='', units='height', win=Window(...), wrapWidth=1)
9.5907 	EXP 	textboxInstrFam: autoLog = True
9.5907 	EXP 	textboxEndFam: autoLog = True
9.5907 	EXP 	textWelcomeFam: autoDraw = True
11.5793 	EXP 	textWelcomeFam: autoDraw = False
11.5793 	EXP 	textBlank500: autoDraw = True
12.0863 	EXP 	textBlank500: autoDraw = False
12.0863 	EXP 	textboxInstrFam: autoDraw = True
30.2759 	DATA 	Keypress: space
30.2822 	EXP 	textboxInstrFam: autoDraw = False
30.2822 	EXP 	textBlank500: autoDraw = True
30.7816 	EXP 	Imported repswitch_fam.xlsx as conditions, 39 conditions, 2 params
30.7820 	EXP 	Created sequence: random, trialTypes=39, nReps=1, seed=None
30.7821 	EXP 	New trial (rep=0, index=0): {'image': 'REPSWITCH1_Practice/PICTURE_599.png', 'correctAns': 'nube'}
30.7900 	EXP 	textBlank500: autoDraw = False
30.7900 	EXP 	fixationITI: autoDraw = True
31.9224 	EXP 	fixationITI: autoDraw = False
31.9224 	EXP 	fixationITI: autoDraw = False
31.9224 	EXP 	imageFam: image = 'REPSWITCH1_Practice/PICTURE_599.png'
31.9224 	EXP 	polygonWhiteFam: autoDraw = True
31.9224 	EXP 	imageFam: autoDraw = True
35.4008 	EXP 	textFam: autoDraw = True
37.9011 	EXP 	textFam: autoDraw = False
37.9428 	EXP 	polygonWhiteFam: autoDraw = False
37.9428 	EXP 	imageFam: autoDraw = False
37.9428 	EXP 	textFam: autoDraw = False
37.9428 	EXP 	textBlank500: autoDraw = True
38.4360 	EXP 	New trial (rep=0, index=1): {'image': 'REPSWITCH1_Practice/PICTURE_12.png', 'correctAns': 'sirena'}
38.4428 	EXP 	textBlank500: autoDraw = False
38.4428 	EXP 	fixationITI: autoDraw = True
39.6105 	EXP 	fixationITI: autoDraw = False
39.6105 	EXP 	fixationITI: autoDraw = False
39.6105 	EXP 	imageFam: image = 'REPSWITCH1_Practice/PICTURE_12.png'
39.6105 	EXP 	polygonWhiteFam: autoDraw = True
39.6105 	EXP 	imageFam: autoDraw = True
43.0962 	EXP 	textFam: autoDraw = True
45.5964 	EXP 	textFam: autoDraw = False
45.6451 	EXP 	polygonWhiteFam: autoDraw = False
45.6451 	EXP 	imageFam: autoDraw = False
45.6451 	EXP 	polygonWhiteFam: autoDraw = False
45.6451 	EXP 	imageFam: autoDraw = False
45.6451 	EXP 	textFam: autoDraw = False
45.6451 	EXP 	textBlank500: autoDraw = True
46.1390 	EXP 	New trial (rep=0, index=2): {'image': 'REPSWITCH1_Fam/PICTURE_169.png', 'correctAns': 'espalda'}
46.1458 	EXP 	textBlank500: autoDraw = False
46.1458 	EXP 	fixationITI: autoDraw = True
47.2574 	EXP 	fixationITI: autoDraw = False
47.2574 	EXP 	fixationITI: autoDraw = False
47.2574 	EXP 	imageFam: image = 'REPSWITCH1_Fam/PICTURE_169.png'
47.2574 	EXP 	polygonWhiteFam: autoDraw = True
47.2574 	EXP 	imageFam: autoDraw = True
50.7429 	EXP 	textFam: autoDraw = True
53.2438 	EXP 	textFam: autoDraw = False
53.2856 	EXP 	polygonWhiteFam: autoDraw = False
53.2856 	EXP 	imageFam: autoDraw = False
53.2856 	EXP 	textFam: autoDraw = False
53.2856 	EXP 	textBlank500: autoDraw = True
53.7787 	EXP 	New trial (rep=0, index=3): {'image': 'REPSWITCH1_Practice/PICTURE_614.png', 'correctAns': 'reina'}
53.7857 	EXP 	textBlank500: autoDraw = False
53.7857 	EXP 	fixationITI: autoDraw = True
54.9734 	EXP 	fixationITI: autoDraw = False
54.9734 	EXP 	fixationITI: autoDraw = False
54.9734 	EXP 	imageFam: image = 'REPSWITCH1_Practice/PICTURE_614.png'
54.9734 	EXP 	polygonWhiteFam: autoDraw = True
54.9734 	EXP 	imageFam: autoDraw = True
58.4597 	EXP 	textFam: autoDraw = True
60.9593 	EXP 	textFam: autoDraw = False
61.0079 	EXP 	polygonWhiteFam: autoDraw = False
61.0079 	EXP 	imageFam: autoDraw = False
61.0079 	EXP 	polygonWhiteFam: autoDraw = False
61.0079 	EXP 	imageFam: autoDraw = False
61.0079 	EXP 	textFam: autoDraw = False
61.0079 	EXP 	textBlank500: autoDraw = True
61.5018 	EXP 	New trial (rep=0, index=4): {'image': 'REPSWITCH1_Fam/PICTURE_610.png', 'correctAns': 'miel'}
61.5089 	EXP 	textBlank500: autoDraw = False
61.5089 	EXP 	fixationITI: autoDraw = True
62.5440 	EXP 	fixationITI: autoDraw = False
62.5440 	EXP 	fixationITI: autoDraw = False
62.5440 	EXP 	imageFam: image = 'REPSWITCH1_Fam/PICTURE_610.png'
62.5440 	EXP 	polygonWhiteFam: autoDraw = True
62.5440 	EXP 	imageFam: autoDraw = True
66.0293 	EXP 	textFam: autoDraw = True
68.5307 	EXP 	textFam: autoDraw = False
68.5721 	EXP 	polygonWhiteFam: autoDraw = False
68.5721 	EXP 	imageFam: autoDraw = False
68.5721 	EXP 	textFam: autoDraw = False
68.5721 	EXP 	textBlank500: autoDraw = True
69.0652 	EXP 	New trial (rep=0, index=5): {'image': 'REPSWITCH1_Fam/PICTURE_142.png', 'correctAns': 'vaso'}
69.0721 	EXP 	textBlank500: autoDraw = False
69.0721 	EXP 	fixationITI: autoDraw = True
70.2321 	EXP 	fixationITI: autoDraw = False
70.2321 	EXP 	fixationITI: autoDraw = False
70.2321 	EXP 	imageFam: image = 'REPSWITCH1_Fam/PICTURE_142.png'
70.2321 	EXP 	polygonWhiteFam: autoDraw = True
70.2321 	EXP 	imageFam: autoDraw = True
73.7177 	EXP 	textFam: autoDraw = True
76.2180 	EXP 	textFam: autoDraw = False
76.2668 	EXP 	polygonWhiteFam: autoDraw = False
76.2668 	EXP 	imageFam: autoDraw = False
76.2668 	EXP 	polygonWhiteFam: autoDraw = False
76.2668 	EXP 	imageFam: autoDraw = False
76.2668 	EXP 	textFam: autoDraw = False
76.2668 	EXP 	textBlank500: autoDraw = True
76.7600 	EXP 	New trial (rep=0, index=6): {'image': 'REPSWITCH1_Fam/PICTURE_135.png', 'correctAns': 'traje'}
76.7667 	EXP 	textBlank500: autoDraw = False
76.7667 	EXP 	textBlank500: autoDraw = False
76.7667 	EXP 	fixationITI: autoDraw = True
77.8511 	EXP 	fixationITI: autoDraw = False
77.8511 	EXP 	fixationITI: autoDraw = False
77.8511 	EXP 	imageFam: image = 'REPSWITCH1_Fam/PICTURE_135.png'
77.8511 	EXP 	polygonWhiteFam: autoDraw = True
77.8511 	EXP 	imageFam: autoDraw = True
81.3371 	EXP 	textFam: autoDraw = True
83.8376 	EXP 	textFam: autoDraw = False
83.8794 	EXP 	polygonWhiteFam: autoDraw = False
83.8794 	EXP 	imageFam: autoDraw = False
83.8794 	EXP 	textFam: autoDraw = False
83.8794 	EXP 	textBlank500: autoDraw = True
84.3726 	EXP 	New trial (rep=0, index=7): {'image': 'REPSWITCH1_Fam/PICTURE_517.png', 'correctAns': 'cuerda'}
84.3794 	EXP 	textBlank500: autoDraw = False
84.3794 	EXP 	fixationITI: autoDraw = True
85.5464 	EXP 	fixationITI: autoDraw = False
85.5464 	EXP 	fixationITI: autoDraw = False
85.5464 	EXP 	imageFam: image = 'REPSWITCH1_Fam/PICTURE_517.png'
85.5464 	EXP 	polygonWhiteFam: autoDraw = True
85.5464 	EXP 	imageFam: autoDraw = True
89.0326 	EXP 	textFam: autoDraw = True
91.5329 	EXP 	textFam: autoDraw = False
91.5747 	EXP 	polygonWhiteFam: autoDraw = False
91.5747 	EXP 	imageFam: autoDraw = False
91.5747 	EXP 	textFam: autoDraw = False
91.5747 	EXP 	textBlank500: autoDraw = True
92.0680 	EXP 	New trial (rep=0, index=8): {'image': 'REPSWITCH1_Fam/PICTURE_264.png', 'correctAns': 'mano'}
92.0747 	EXP 	textBlank500: autoDraw = False
92.0747 	EXP 	fixationITI: autoDraw = True
93.1380 	EXP 	fixationITI: autoDraw = False
93.1380 	EXP 	fixationITI: autoDraw = False
93.1380 	EXP 	imageFam: image = 'REPSWITCH1_Fam/PICTURE_264.png'
93.1380 	EXP 	polygonWhiteFam: autoDraw = True
93.1380 	EXP 	imageFam: autoDraw = True
96.6232 	EXP 	textFam: autoDraw = True
99.1234 	EXP 	textFam: autoDraw = False
99.1720 	EXP 	polygonWhiteFam: autoDraw = False
99.1720 	EXP 	imageFam: autoDraw = False
99.1720 	EXP 	polygonWhiteFam: autoDraw = False
99.1720 	EXP 	imageFam: autoDraw = False
99.1720 	EXP 	textFam: autoDraw = False
99.1720 	EXP 	textBlank500: autoDraw = True
99.6656 	EXP 	New trial (rep=0, index=9): {'image': 'REPSWITCH1_Fam/PICTURE_552.png', 'correctAns': 'manzana'}
99.6723 	EXP 	textBlank500: autoDraw = False
99.6723 	EXP 	textBlank500: autoDraw = False
99.6723 	EXP 	fixationITI: autoDraw = True
100.7150 	EXP 	fixationITI: autoDraw = False
100.7150 	EXP 	fixationITI: autoDraw = False
100.7150 	EXP 	imageFam: image = 'REPSWITCH1_Fam/PICTURE_552.png'
100.7150 	EXP 	polygonWhiteFam: autoDraw = True
100.7150 	EXP 	imageFam: autoDraw = True
104.2011 	EXP 	textFam: autoDraw = True
106.7007 	EXP 	textFam: autoDraw = False
106.7493 	EXP 	polygonWhiteFam: autoDraw = False
106.7493 	EXP 	imageFam: autoDraw = False
106.7493 	EXP 	polygonWhiteFam: autoDraw = False
106.7493 	EXP 	imageFam: autoDraw = False
106.7493 	EXP 	textFam: autoDraw = False
106.7493 	EXP 	textBlank500: autoDraw = True
107.2435 	EXP 	New trial (rep=0, index=10): {'image': 'REPSWITCH1_Practice/PICTURE_110.png', 'correctAns': 'mesa'}
107.2501 	EXP 	textBlank500: autoDraw = False
107.2501 	EXP 	textBlank500: autoDraw = False
107.2501 	EXP 	fixationITI: autoDraw = True
108.2991 	EXP 	fixationITI: autoDraw = False
108.2991 	EXP 	fixationITI: autoDraw = False
108.2991 	EXP 	imageFam: image = 'REPSWITCH1_Practice/PICTURE_110.png'
108.2991 	EXP 	polygonWhiteFam: autoDraw = True
108.2991 	EXP 	imageFam: autoDraw = True
111.7846 	EXP 	textFam: autoDraw = True
114.2857 	EXP 	textFam: autoDraw = False
114.3274 	EXP 	polygonWhiteFam: autoDraw = False
114.3274 	EXP 	imageFam: autoDraw = False
114.3274 	EXP 	textFam: autoDraw = False
114.3274 	EXP 	textBlank500: autoDraw = True
114.8205 	EXP 	New trial (rep=0, index=11): {'image': 'REPSWITCH1_Fam/PICTURE_728.png', 'correctAns': 'pulpo'}
114.8273 	EXP 	textBlank500: autoDraw = False
114.8273 	EXP 	fixationITI: autoDraw = True
115.9111 	EXP 	fixationITI: autoDraw = False
115.9111 	EXP 	fixationITI: autoDraw = False
115.9111 	EXP 	imageFam: image = 'REPSWITCH1_Fam/PICTURE_728.png'
115.9111 	EXP 	polygonWhiteFam: autoDraw = True
115.9111 	EXP 	imageFam: autoDraw = True
119.3966 	EXP 	textFam: autoDraw = True
121.8969 	EXP 	textFam: autoDraw = False
121.9455 	EXP 	polygonWhiteFam: autoDraw = False
121.9455 	EXP 	imageFam: autoDraw = False
121.9455 	EXP 	polygonWhiteFam: autoDraw = False
121.9455 	EXP 	imageFam: autoDraw = False
121.9455 	EXP 	textFam: autoDraw = False
121.9455 	EXP 	textBlank500: autoDraw = True
122.4389 	EXP 	New trial (rep=0, index=12): {'image': 'REPSWITCH1_Practice/PICTURE_612.png', 'correctAns': 'rana'}
122.4456 	EXP 	textBlank500: autoDraw = False
122.4456 	EXP 	textBlank500: autoDraw = False
122.4456 	EXP 	fixationITI: autoDraw = True
123.6550 	EXP 	fixationITI: autoDraw = False
123.6550 	EXP 	fixationITI: autoDraw = False
123.6550 	EXP 	imageFam: image = 'REPSWITCH1_Practice/PICTURE_612.png'
123.6550 	EXP 	polygonWhiteFam: autoDraw = True
123.6550 	EXP 	imageFam: autoDraw = True
127.1406 	EXP 	textFam: autoDraw = True
129.6408 	EXP 	textFam: autoDraw = False
129.6895 	EXP 	polygonWhiteFam: autoDraw = False
129.6895 	EXP 	imageFam: autoDraw = False
129.6895 	EXP 	polygonWhiteFam: autoDraw = False
129.6895 	EXP 	imageFam: autoDraw = False
129.6895 	EXP 	textFam: autoDraw = False
129.6895 	EXP 	textBlank500: autoDraw = True
130.1827 	EXP 	New trial (rep=0, index=13): {'image': 'REPSWITCH1_Fam/PICTURE_381.png', 'correctAns': 'fresa'}
130.1895 	EXP 	textBlank500: autoDraw = False
130.1895 	EXP 	fixationITI: autoDraw = True
131.3296 	EXP 	fixationITI: autoDraw = False
131.3296 	EXP 	fixationITI: autoDraw = False
131.3296 	EXP 	imageFam: image = 'REPSWITCH1_Fam/PICTURE_381.png'
131.3296 	EXP 	polygonWhiteFam: autoDraw = True
131.3296 	EXP 	imageFam: autoDraw = True
134.8151 	EXP 	textFam: autoDraw = True
137.3153 	EXP 	textFam: autoDraw = False
137.3640 	EXP 	polygonWhiteFam: autoDraw = False
137.3640 	EXP 	imageFam: autoDraw = False
137.3640 	EXP 	polygonWhiteFam: autoDraw = False
137.3640 	EXP 	imageFam: autoDraw = False
137.3640 	EXP 	textFam: autoDraw = False
137.3640 	EXP 	textBlank500: autoDraw = True
137.8573 	EXP 	New trial (rep=0, index=14): {'image': 'REPSWITCH1_Fam/PICTURE_576.png', 'correctAns': 'guante'}
137.8640 	EXP 	textBlank500: autoDraw = False
137.8640 	EXP 	textBlank500: autoDraw = False
137.8640 	EXP 	fixationITI: autoDraw = True
138.8859 	EXP 	fixationITI: autoDraw = False
138.8859 	EXP 	fixationITI: autoDraw = False
138.8859 	EXP 	imageFam: image = 'REPSWITCH1_Fam/PICTURE_576.png'
138.8859 	EXP 	polygonWhiteFam: autoDraw = True
138.8859 	EXP 	imageFam: autoDraw = True
142.3715 	EXP 	textFam: autoDraw = True
144.8718 	EXP 	textFam: autoDraw = False
144.9203 	EXP 	polygonWhiteFam: autoDraw = False
144.9203 	EXP 	imageFam: autoDraw = False
144.9203 	EXP 	polygonWhiteFam: autoDraw = False
144.9203 	EXP 	imageFam: autoDraw = False
144.9203 	EXP 	textFam: autoDraw = False
144.9203 	EXP 	textBlank500: autoDraw = True
145.4139 	EXP 	New trial (rep=0, index=15): {'image': 'REPSWITCH1_Fam/PICTURE_199.png', 'correctAns': 'falda'}
145.4206 	EXP 	textBlank500: autoDraw = False
145.4206 	EXP 	textBlank500: autoDraw = False
145.4206 	EXP 	fixationITI: autoDraw = True
146.5456 	EXP 	fixationITI: autoDraw = False
146.5456 	EXP 	fixationITI: autoDraw = False
146.5456 	EXP 	imageFam: image = 'REPSWITCH1_Fam/PICTURE_199.png'
146.5456 	EXP 	polygonWhiteFam: autoDraw = True
146.5456 	EXP 	imageFam: autoDraw = True
150.0321 	EXP 	textFam: autoDraw = True
152.5324 	EXP 	textFam: autoDraw = False
152.5673 	EXP 	polygonWhiteFam: autoDraw = False
152.5673 	EXP 	imageFam: autoDraw = False
152.5673 	EXP 	textFam: autoDraw = False
152.5673 	EXP 	textBlank500: autoDraw = True
153.0614 	EXP 	New trial (rep=0, index=16): {'image': 'REPSWITCH1_Fam/PICTURE_338.png', 'correctAns': 'regalo'}
153.0678 	EXP 	textBlank500: autoDraw = False
153.0678 	EXP 	textBlank500: autoDraw = False
153.0678 	EXP 	fixationITI: autoDraw = True
154.1794 	EXP 	fixationITI: autoDraw = False
154.1794 	EXP 	fixationITI: autoDraw = False
154.1794 	EXP 	imageFam: image = 'REPSWITCH1_Fam/PICTURE_338.png'
154.1794 	EXP 	polygonWhiteFam: autoDraw = True
154.1794 	EXP 	imageFam: autoDraw = True
157.6656 	EXP 	textFam: autoDraw = True
160.1652 	EXP 	textFam: autoDraw = False
160.2140 	EXP 	polygonWhiteFam: autoDraw = False
160.2140 	EXP 	imageFam: autoDraw = False
160.2140 	EXP 	polygonWhiteFam: autoDraw = False
160.2140 	EXP 	imageFam: autoDraw = False
160.2140 	EXP 	textFam: autoDraw = False
160.2140 	EXP 	textBlank500: autoDraw = True
160.7079 	EXP 	New trial (rep=0, index=17): {'image': 'REPSWITCH1_Fam/PICTURE_175.png', 'correctAns': 'pintor'}
160.7146 	EXP 	textBlank500: autoDraw = False
160.7146 	EXP 	textBlank500: autoDraw = False
160.7146 	EXP 	fixationITI: autoDraw = True
161.8470 	EXP 	fixationITI: autoDraw = False
161.8470 	EXP 	fixationITI: autoDraw = False
161.8470 	EXP 	imageFam: image = 'REPSWITCH1_Fam/PICTURE_175.png'
161.8470 	EXP 	polygonWhiteFam: autoDraw = True
161.8470 	EXP 	imageFam: autoDraw = True
165.3325 	EXP 	textFam: autoDraw = True
167.8328 	EXP 	textFam: autoDraw = False
167.8811 	EXP 	polygonWhiteFam: autoDraw = False
167.8811 	EXP 	imageFam: autoDraw = False
167.8811 	EXP 	polygonWhiteFam: autoDraw = False
167.8811 	EXP 	imageFam: autoDraw = False
167.8811 	EXP 	textFam: autoDraw = False
167.8811 	EXP 	textBlank500: autoDraw = True
168.3750 	EXP 	New trial (rep=0, index=18): {'image': 'REPSWITCH1_Fam/PICTURE_8.png', 'correctAns': 'pierna'}
168.3816 	EXP 	textBlank500: autoDraw = False
168.3816 	EXP 	textBlank500: autoDraw = False
168.3816 	EXP 	fixationITI: autoDraw = True
169.5145 	EXP 	fixationITI: autoDraw = False
169.5145 	EXP 	fixationITI: autoDraw = False
169.5145 	EXP 	imageFam: image = 'REPSWITCH1_Fam/PICTURE_8.png'
169.5145 	EXP 	polygonWhiteFam: autoDraw = True
169.5145 	EXP 	imageFam: autoDraw = True
173.0007 	EXP 	textFam: autoDraw = True
175.5003 	EXP 	textFam: autoDraw = False
175.5489 	EXP 	polygonWhiteFam: autoDraw = False
175.5489 	EXP 	imageFam: autoDraw = False
175.5489 	EXP 	polygonWhiteFam: autoDraw = False
175.5489 	EXP 	imageFam: autoDraw = False
175.5489 	EXP 	textFam: autoDraw = False
175.5489 	EXP 	textBlank500: autoDraw = True
176.0431 	EXP 	New trial (rep=0, index=19): {'image': 'REPSWITCH1_Fam/PICTURE_719.png', 'correctAns': 'baño'}
176.0497 	EXP 	textBlank500: autoDraw = False
176.0497 	EXP 	textBlank500: autoDraw = False
176.0497 	EXP 	fixationITI: autoDraw = True
177.1544 	EXP 	fixationITI: autoDraw = False
177.1544 	EXP 	fixationITI: autoDraw = False
177.1544 	EXP 	imageFam: image = 'REPSWITCH1_Fam/PICTURE_719.png'
177.1544 	EXP 	polygonWhiteFam: autoDraw = True
177.1544 	EXP 	imageFam: autoDraw = True
180.6404 	EXP 	textFam: autoDraw = True
183.1407 	EXP 	textFam: autoDraw = False
183.1826 	EXP 	polygonWhiteFam: autoDraw = False
183.1826 	EXP 	imageFam: autoDraw = False
183.1826 	EXP 	textFam: autoDraw = False
183.1826 	EXP 	textBlank500: autoDraw = True
183.6757 	EXP 	New trial (rep=0, index=20): {'image': 'REPSWITCH1_Fam/PICTURE_30.png', 'correctAns': 'granja'}
183.6825 	EXP 	textBlank500: autoDraw = False
183.6825 	EXP 	fixationITI: autoDraw = True
184.8080 	EXP 	fixationITI: autoDraw = False
184.8080 	EXP 	fixationITI: autoDraw = False
184.8080 	EXP 	imageFam: image = 'REPSWITCH1_Fam/PICTURE_30.png'
184.8080 	EXP 	polygonWhiteFam: autoDraw = True
184.8080 	EXP 	imageFam: autoDraw = True
188.2943 	EXP 	textFam: autoDraw = True
190.7939 	EXP 	textFam: autoDraw = False
190.8431 	EXP 	polygonWhiteFam: autoDraw = False
190.8431 	EXP 	imageFam: autoDraw = False
190.8431 	EXP 	polygonWhiteFam: autoDraw = False
190.8431 	EXP 	imageFam: autoDraw = False
190.8431 	EXP 	textFam: autoDraw = False
190.8431 	EXP 	textBlank500: autoDraw = True
191.3367 	EXP 	New trial (rep=0, index=21): {'image': 'REPSWITCH1_Fam/PICTURE_16.png', 'correctAns': 'cazador'}
191.3431 	EXP 	textBlank500: autoDraw = False
191.3431 	EXP 	textBlank500: autoDraw = False
191.3431 	EXP 	fixationITI: autoDraw = True
192.4547 	EXP 	fixationITI: autoDraw = False
192.4547 	EXP 	fixationITI: autoDraw = False
192.4547 	EXP 	imageFam: image = 'REPSWITCH1_Fam/PICTURE_16.png'
192.4547 	EXP 	polygonWhiteFam: autoDraw = True
192.4547 	EXP 	imageFam: autoDraw = True
195.9402 	EXP 	textFam: autoDraw = True
198.4405 	EXP 	textFam: autoDraw = False
198.4892 	EXP 	polygonWhiteFam: autoDraw = False
198.4892 	EXP 	imageFam: autoDraw = False
198.4892 	EXP 	polygonWhiteFam: autoDraw = False
198.4892 	EXP 	imageFam: autoDraw = False
198.4892 	EXP 	textFam: autoDraw = False
198.4892 	EXP 	textBlank500: autoDraw = True
198.9825 	EXP 	New trial (rep=0, index=22): {'image': 'REPSWITCH1_Fam/PICTURE_235.png', 'correctAns': 'aguja'}
198.9891 	EXP 	textBlank500: autoDraw = False
198.9891 	EXP 	textBlank500: autoDraw = False
198.9891 	EXP 	fixationITI: autoDraw = True
200.0865 	EXP 	fixationITI: autoDraw = False
200.0865 	EXP 	fixationITI: autoDraw = False
200.0865 	EXP 	imageFam: image = 'REPSWITCH1_Fam/PICTURE_235.png'
200.0865 	EXP 	polygonWhiteFam: autoDraw = True
200.0865 	EXP 	imageFam: autoDraw = True
203.5736 	EXP 	textFam: autoDraw = True
206.0734 	EXP 	textFam: autoDraw = False
206.1159 	EXP 	polygonWhiteFam: autoDraw = False
206.1159 	EXP 	imageFam: autoDraw = False
206.1159 	EXP 	textFam: autoDraw = False
206.1159 	EXP 	textBlank500: autoDraw = True
206.6089 	EXP 	New trial (rep=0, index=23): {'image': 'REPSWITCH1_Practice/PICTURE_733.png', 'correctAns': 'gafas'}
206.6159 	EXP 	textBlank500: autoDraw = False
206.6159 	EXP 	fixationITI: autoDraw = True
207.7482 	EXP 	fixationITI: autoDraw = False
207.7482 	EXP 	fixationITI: autoDraw = False
207.7482 	EXP 	imageFam: image = 'REPSWITCH1_Practice/PICTURE_733.png'
207.7482 	EXP 	polygonWhiteFam: autoDraw = True
207.7482 	EXP 	imageFam: autoDraw = True
211.2342 	EXP 	textFam: autoDraw = True
213.7346 	EXP 	textFam: autoDraw = False
213.7763 	EXP 	polygonWhiteFam: autoDraw = False
213.7763 	EXP 	imageFam: autoDraw = False
213.7763 	EXP 	textFam: autoDraw = False
213.7763 	EXP 	textBlank500: autoDraw = True
214.2695 	EXP 	New trial (rep=0, index=24): {'image': 'REPSWITCH1_Fam/PICTURE_48.png', 'correctAns': 'bombero'}
214.2763 	EXP 	textBlank500: autoDraw = False
214.2763 	EXP 	fixationITI: autoDraw = True
215.4157 	EXP 	fixationITI: autoDraw = False
215.4157 	EXP 	fixationITI: autoDraw = False
215.4157 	EXP 	imageFam: image = 'REPSWITCH1_Fam/PICTURE_48.png'
215.4157 	EXP 	polygonWhiteFam: autoDraw = True
215.4157 	EXP 	imageFam: autoDraw = True
218.9019 	EXP 	textFam: autoDraw = True
221.4018 	EXP 	textFam: autoDraw = False
221.4440 	EXP 	polygonWhiteFam: autoDraw = False
221.4440 	EXP 	imageFam: autoDraw = False
221.4440 	EXP 	textFam: autoDraw = False
221.4440 	EXP 	textBlank500: autoDraw = True
221.9370 	EXP 	New trial (rep=0, index=25): {'image': 'REPSWITCH1_Fam/PICTURE_446.png', 'correctAns': 'cerdo'}
221.9441 	EXP 	textBlank500: autoDraw = False
221.9441 	EXP 	fixationITI: autoDraw = True
223.0970 	EXP 	fixationITI: autoDraw = False
223.0970 	EXP 	fixationITI: autoDraw = False
223.0970 	EXP 	imageFam: image = 'REPSWITCH1_Fam/PICTURE_446.png'
223.0970 	EXP 	polygonWhiteFam: autoDraw = True
223.0970 	EXP 	imageFam: autoDraw = True
226.5826 	EXP 	textFam: autoDraw = True
229.0829 	EXP 	textFam: autoDraw = False
229.1315 	EXP 	polygonWhiteFam: autoDraw = False
229.1315 	EXP 	imageFam: autoDraw = False
229.1315 	EXP 	polygonWhiteFam: autoDraw = False
229.1315 	EXP 	imageFam: autoDraw = False
229.1315 	EXP 	textFam: autoDraw = False
229.1315 	EXP 	textBlank500: autoDraw = True
229.6248 	EXP 	New trial (rep=0, index=26): {'image': 'REPSWITCH1_Fam/PICTURE_19.png', 'correctAns': 'pavo'}
229.6316 	EXP 	textBlank500: autoDraw = False
229.6316 	EXP 	textBlank500: autoDraw = False
229.6316 	EXP 	fixationITI: autoDraw = True
230.6812 	EXP 	fixationITI: autoDraw = False
230.6812 	EXP 	fixationITI: autoDraw = False
230.6812 	EXP 	imageFam: image = 'REPSWITCH1_Fam/PICTURE_19.png'
230.6812 	EXP 	polygonWhiteFam: autoDraw = True
230.6812 	EXP 	imageFam: autoDraw = True
234.1675 	EXP 	textFam: autoDraw = True
236.6671 	EXP 	textFam: autoDraw = False
236.7160 	EXP 	polygonWhiteFam: autoDraw = False
236.7160 	EXP 	imageFam: autoDraw = False
236.7160 	EXP 	polygonWhiteFam: autoDraw = False
236.7160 	EXP 	imageFam: autoDraw = False
236.7160 	EXP 	textFam: autoDraw = False
236.7160 	EXP 	textBlank500: autoDraw = True
237.2099 	EXP 	New trial (rep=0, index=27): {'image': 'REPSWITCH1_Fam/PICTURE_498.png', 'correctAns': 'taza'}
237.2165 	EXP 	textBlank500: autoDraw = False
237.2165 	EXP 	textBlank500: autoDraw = False
237.2165 	EXP 	fixationITI: autoDraw = True
238.3142 	EXP 	fixationITI: autoDraw = False
238.3142 	EXP 	fixationITI: autoDraw = False
238.3142 	EXP 	imageFam: image = 'REPSWITCH1_Fam/PICTURE_498.png'
238.3142 	EXP 	polygonWhiteFam: autoDraw = True
238.3142 	EXP 	imageFam: autoDraw = True
241.7996 	EXP 	textFam: autoDraw = True
244.2999 	EXP 	textFam: autoDraw = False
244.3486 	EXP 	polygonWhiteFam: autoDraw = False
244.3486 	EXP 	imageFam: autoDraw = False
244.3486 	EXP 	polygonWhiteFam: autoDraw = False
244.3486 	EXP 	imageFam: autoDraw = False
244.3486 	EXP 	textFam: autoDraw = False
244.3486 	EXP 	textBlank500: autoDraw = True
244.8420 	EXP 	New trial (rep=0, index=28): {'image': 'REPSWITCH1_Fam/PICTURE_687.png', 'correctAns': 'camisa'}
244.8488 	EXP 	textBlank500: autoDraw = False
244.8488 	EXP 	fixationITI: autoDraw = True
245.9538 	EXP 	fixationITI: autoDraw = False
245.9538 	EXP 	fixationITI: autoDraw = False
245.9538 	EXP 	imageFam: image = 'REPSWITCH1_Fam/PICTURE_687.png'
245.9538 	EXP 	polygonWhiteFam: autoDraw = True
245.9538 	EXP 	imageFam: autoDraw = True
249.4402 	EXP 	textFam: autoDraw = True
251.9397 	EXP 	textFam: autoDraw = False
251.9883 	EXP 	polygonWhiteFam: autoDraw = False
251.9883 	EXP 	imageFam: autoDraw = False
251.9883 	EXP 	polygonWhiteFam: autoDraw = False
251.9883 	EXP 	imageFam: autoDraw = False
251.9883 	EXP 	textFam: autoDraw = False
251.9883 	EXP 	textBlank500: autoDraw = True
252.4824 	EXP 	New trial (rep=0, index=29): {'image': 'REPSWITCH1_Fam/PICTURE_271.png', 'correctAns': 'conejo'}
252.4892 	EXP 	textBlank500: autoDraw = False
252.4892 	EXP 	textBlank500: autoDraw = False
252.4892 	EXP 	fixationITI: autoDraw = True
253.6215 	EXP 	fixationITI: autoDraw = False
253.6215 	EXP 	fixationITI: autoDraw = False
253.6215 	EXP 	imageFam: image = 'REPSWITCH1_Fam/PICTURE_271.png'
253.6215 	EXP 	polygonWhiteFam: autoDraw = True
253.6215 	EXP 	imageFam: autoDraw = True
257.1075 	EXP 	textFam: autoDraw = True
259.6079 	EXP 	textFam: autoDraw = False
259.6497 	EXP 	polygonWhiteFam: autoDraw = False
259.6497 	EXP 	imageFam: autoDraw = False
259.6497 	EXP 	textFam: autoDraw = False
259.6497 	EXP 	textBlank500: autoDraw = True
260.1430 	EXP 	New trial (rep=0, index=30): {'image': 'REPSWITCH1_Fam/PICTURE_320.png', 'correctAns': 'iglesia'}
260.1496 	EXP 	textBlank500: autoDraw = False
260.1496 	EXP 	fixationITI: autoDraw = True
261.1917 	EXP 	fixationITI: autoDraw = False
261.1917 	EXP 	fixationITI: autoDraw = False
261.1917 	EXP 	imageFam: image = 'REPSWITCH1_Fam/PICTURE_320.png'
261.1917 	EXP 	polygonWhiteFam: autoDraw = True
261.1917 	EXP 	imageFam: autoDraw = True
264.6779 	EXP 	textFam: autoDraw = True
267.1782 	EXP 	textFam: autoDraw = False
267.2200 	EXP 	polygonWhiteFam: autoDraw = False
267.2200 	EXP 	imageFam: autoDraw = False
267.2200 	EXP 	textFam: autoDraw = False
267.2200 	EXP 	textBlank500: autoDraw = True
267.7132 	EXP 	New trial (rep=0, index=31): {'image': 'REPSWITCH1_Fam/PICTURE_464.png', 'correctAns': 'goma'}
267.7201 	EXP 	textBlank500: autoDraw = False
267.7201 	EXP 	fixationITI: autoDraw = True
268.8038 	EXP 	fixationITI: autoDraw = False
268.8038 	EXP 	fixationITI: autoDraw = False
268.8038 	EXP 	imageFam: image = 'REPSWITCH1_Fam/PICTURE_464.png'
268.8038 	EXP 	polygonWhiteFam: autoDraw = True
268.8038 	EXP 	imageFam: autoDraw = True
272.2893 	EXP 	textFam: autoDraw = True
274.7902 	EXP 	textFam: autoDraw = False
274.8320 	EXP 	polygonWhiteFam: autoDraw = False
274.8320 	EXP 	imageFam: autoDraw = False
274.8320 	EXP 	textFam: autoDraw = False
274.8320 	EXP 	textBlank500: autoDraw = True
275.3253 	EXP 	New trial (rep=0, index=32): {'image': 'REPSWITCH1_Fam/PICTURE_242.png', 'correctAns': 'cartero'}
275.3321 	EXP 	textBlank500: autoDraw = False
275.3321 	EXP 	fixationITI: autoDraw = True
276.5893 	EXP 	fixationITI: autoDraw = False
276.5893 	EXP 	fixationITI: autoDraw = False
276.5893 	EXP 	imageFam: image = 'REPSWITCH1_Fam/PICTURE_242.png'
276.5893 	EXP 	polygonWhiteFam: autoDraw = True
276.5893 	EXP 	imageFam: autoDraw = True
280.0749 	EXP 	textFam: autoDraw = True
282.5752 	EXP 	textFam: autoDraw = False
282.6238 	EXP 	polygonWhiteFam: autoDraw = False
282.6238 	EXP 	imageFam: autoDraw = False
282.6238 	EXP 	polygonWhiteFam: autoDraw = False
282.6238 	EXP 	imageFam: autoDraw = False
282.6238 	EXP 	textFam: autoDraw = False
282.6238 	EXP 	textBlank500: autoDraw = True
283.1172 	EXP 	New trial (rep=0, index=33): {'image': 'REPSWITCH1_Fam/PICTURE_152.png', 'correctAns': 'caracol'}
283.1239 	EXP 	textBlank500: autoDraw = False
283.1239 	EXP 	textBlank500: autoDraw = False
283.1239 	EXP 	fixationITI: autoDraw = True
284.3124 	EXP 	fixationITI: autoDraw = False
284.3124 	EXP 	fixationITI: autoDraw = False
284.3124 	EXP 	imageFam: image = 'REPSWITCH1_Fam/PICTURE_152.png'
284.3124 	EXP 	polygonWhiteFam: autoDraw = True
284.3124 	EXP 	imageFam: autoDraw = True
287.7986 	EXP 	textFam: autoDraw = True
290.2990 	EXP 	textFam: autoDraw = False
290.3409 	EXP 	polygonWhiteFam: autoDraw = False
290.3409 	EXP 	imageFam: autoDraw = False
290.3409 	EXP 	textFam: autoDraw = False
290.3409 	EXP 	textBlank500: autoDraw = True
290.8340 	EXP 	New trial (rep=0, index=34): {'image': 'REPSWITCH1_Fam/PICTURE_35.png', 'correctAns': 'oreja'}
290.8408 	EXP 	textBlank500: autoDraw = False
290.8408 	EXP 	fixationITI: autoDraw = True
291.8897 	EXP 	fixationITI: autoDraw = False
291.8897 	EXP 	fixationITI: autoDraw = False
291.8897 	EXP 	imageFam: image = 'REPSWITCH1_Fam/PICTURE_35.png'
291.8897 	EXP 	polygonWhiteFam: autoDraw = True
291.8897 	EXP 	imageFam: autoDraw = True
295.3760 	EXP 	textFam: autoDraw = True
297.8764 	EXP 	textFam: autoDraw = False
297.9181 	EXP 	polygonWhiteFam: autoDraw = False
297.9181 	EXP 	imageFam: autoDraw = False
297.9181 	EXP 	textFam: autoDraw = False
297.9181 	EXP 	textBlank500: autoDraw = True
298.4112 	EXP 	New trial (rep=0, index=35): {'image': 'REPSWITCH1_Fam/PICTURE_178.png', 'correctAns': 'puente'}
298.4182 	EXP 	textBlank500: autoDraw = False
298.4182 	EXP 	fixationITI: autoDraw = True
299.4392 	EXP 	fixationITI: autoDraw = False
299.4392 	EXP 	fixationITI: autoDraw = False
299.4392 	EXP 	imageFam: image = 'REPSWITCH1_Fam/PICTURE_178.png'
299.4392 	EXP 	polygonWhiteFam: autoDraw = True
299.4392 	EXP 	imageFam: autoDraw = True
302.9248 	EXP 	textFam: autoDraw = True
305.4257 	EXP 	textFam: autoDraw = False
305.4675 	EXP 	polygonWhiteFam: autoDraw = False
305.4675 	EXP 	imageFam: autoDraw = False
305.4675 	EXP 	textFam: autoDraw = False
305.4675 	EXP 	textBlank500: autoDraw = True
305.9608 	EXP 	New trial (rep=0, index=36): {'image': 'REPSWITCH1_Practice/PICTURE_570.png', 'correctAns': 'toro'}
305.9674 	EXP 	textBlank500: autoDraw = False
305.9674 	EXP 	fixationITI: autoDraw = True
307.0164 	EXP 	fixationITI: autoDraw = False
307.0164 	EXP 	fixationITI: autoDraw = False
307.0164 	EXP 	imageFam: image = 'REPSWITCH1_Practice/PICTURE_570.png'
307.0164 	EXP 	polygonWhiteFam: autoDraw = True
307.0164 	EXP 	imageFam: autoDraw = True
310.5026 	EXP 	textFam: autoDraw = True
313.0023 	EXP 	textFam: autoDraw = False
313.0509 	EXP 	polygonWhiteFam: autoDraw = False
313.0509 	EXP 	imageFam: autoDraw = False
313.0509 	EXP 	polygonWhiteFam: autoDraw = False
313.0509 	EXP 	imageFam: autoDraw = False
313.0509 	EXP 	textFam: autoDraw = False
313.0509 	EXP 	textBlank500: autoDraw = True
313.5442 	EXP 	New trial (rep=0, index=37): {'image': 'REPSWITCH1_Fam/PICTURE_319.png', 'correctAns': 'vaca'}
313.5510 	EXP 	textBlank500: autoDraw = False
313.5510 	EXP 	textBlank500: autoDraw = False
313.5510 	EXP 	fixationITI: autoDraw = True
314.6702 	EXP 	fixationITI: autoDraw = False
314.6702 	EXP 	fixationITI: autoDraw = False
314.6702 	EXP 	imageFam: image = 'REPSWITCH1_Fam/PICTURE_319.png'
314.6702 	EXP 	polygonWhiteFam: autoDraw = True
314.6702 	EXP 	imageFam: autoDraw = True
318.1557 	EXP 	textFam: autoDraw = True
320.6559 	EXP 	textFam: autoDraw = False
320.7046 	EXP 	polygonWhiteFam: autoDraw = False
320.7046 	EXP 	imageFam: autoDraw = False
320.7046 	EXP 	polygonWhiteFam: autoDraw = False
320.7046 	EXP 	imageFam: autoDraw = False
320.7046 	EXP 	textFam: autoDraw = False
320.7046 	EXP 	textBlank500: autoDraw = True
321.1979 	EXP 	New trial (rep=0, index=38): {'image': 'REPSWITCH1_Fam/PICTURE_128.png', 'correctAns': 'muñeca'}
321.2046 	EXP 	textBlank500: autoDraw = False
321.2046 	EXP 	textBlank500: autoDraw = False
321.2046 	EXP 	fixationITI: autoDraw = True
322.2959 	EXP 	fixationITI: autoDraw = False
322.2959 	EXP 	fixationITI: autoDraw = False
322.2959 	EXP 	imageFam: image = 'REPSWITCH1_Fam/PICTURE_128.png'
322.2959 	EXP 	polygonWhiteFam: autoDraw = True
322.2959 	EXP 	imageFam: autoDraw = True
325.7816 	EXP 	textFam: autoDraw = True
328.2825 	EXP 	textFam: autoDraw = False
328.3242 	EXP 	polygonWhiteFam: autoDraw = False
328.3242 	EXP 	imageFam: autoDraw = False
328.3242 	EXP 	textFam: autoDraw = False
328.3242 	EXP 	textBlank500: autoDraw = True
328.8242 	EXP 	textBlank500: autoDraw = False
328.8242 	EXP 	textBlank500: autoDraw = True
329.3244 	EXP 	textBlank500: autoDraw = False
329.3244 	EXP 	textboxEndFam: autoDraw = True
335.2099 	DATA 	Keypress: space
335.2209 	EXP 	textboxEndFam: autoDraw = False
335.2702 	EXP 	window1: mouseVisible = True
