12.5681 	EXP 	Created window1 = Window(allowGUI=True, allowStencil=False, autoLog=True, backendConf=UNKNOWN, bitsMode=UNKNOWN, blendMode='avg', bpc=(8, 8, 8), color=array([0, 0, 0]), colorSpace='rgb', depthBits=8, fullscr=<method-wrapper '__getattribute__' of attributeSetter object at 0x0000020ECC77FD00>, gamma=None, gammaErrorPolicy='raise', lms=UNKNOWN, monitor=<psychopy.monitors.calibTools.Monitor object at 0x0000020ED2C15EE0>, multiSample=False, name='window1', numSamples=2, pos=(0, 0), screen=0, size=array([1920, 1080]), stencilBits=0, stereo=False, units='height', useFBO=True, useRetina=False, viewOri=0.0, viewPos=None, viewScale=None, waitBlanking=True, winType='pyglet')
12.5681 	EXP 	window1: mouseVisible = True
12.5682 	EXP 	window1: mouseVisible = False
12.5682 	EXP 	window1: Attempting to measure frame rate of screen (0) ...
12.5682 	EXP 	window1: recordFrameIntervals = False
12.6373 	EXP 	window1: recordFrameIntervals = True
12.7138 	EXP 	Screen (0) actual frame rate measured at 143.92Hz
12.7139 	EXP 	window1: recordFrameIntervals = False
13.8579 	EXP 	Created textWelcomeFam = TextStim(__class__=<class 'psychopy.visual.text.TextStim'>, alignHoriz=method-wrapper(...), alignText='center', alignVert=method-wrapper(...), anchorHoriz='center', anchorVert='center', antialias=True, autoDraw=False, autoLog=True, bold=False, color=array([1, 1, 1]), colorSpace='rgb', contrast=1.0, depth=0.0, flipHoriz=False, flipVert=False, font='Open Sans', fontFiles=[], height=0.05, italic=False, languageStyle='LTR', name='textWelcomeFam', opacity=1.0, ori=0.0, pos=array([0., 0.]), rgb=UNKNOWN, text='Bienvenido/a al experimento!', units='height', win=Window(...), wrapWidth=1)
13.9023 	EXP 	Created fixationITI = ShapeStim(__class__=<class 'psychopy.visual.shape.ShapeStim'>, anchor=('center', 'center'), autoDraw=False, autoLog=True, closeShape=True, color=method-wrapper(...), colorSpace='rgb', contrast=None, depth=0.0, fillColor=array([1, 1, 1]), fillColorSpace='rgb', fillRGB=array([1, 1, 1]), interpolate=True, lineColor=array([1, 1, 1]), lineColorSpace='rgb', lineRGB=array([1, 1, 1]), lineWidth=1.0, name='fixationITI', opacity=1.0, ori=0.0, pos=array([0., 0.]), size=array([0.1, 0.1]), units='height', vertices=ndarray(...), win=Window(...), windingRule=None)
13.9029 	EXP 	Created polygonWhiteFam = Rect(__class__=<class 'psychopy.visual.rect.Rect'>, anchor=('center', 'center'), autoDraw=False, autoLog=True, closeShape=True, color=method-wrapper(...), colorSpace='rgb', contrast=None, depth=0.0, fillColor=array([1, 1, 1]), fillColorSpace='rgb', fillRGB=array([1, 1, 1]), interpolate=True, lineColor=array([1, 1, 1]), lineColorSpace='rgb', lineRGB=array([1, 1, 1]), lineWidth=1.0, name='polygonWhiteFam', opacity=1.0, ori=0.0, pos=array([0., 0.]), size=array([0.5, 0.5]), units='height', vertices=ndarray(...), win=Window(...))
13.9059 	EXP 	Created imageFam = ImageStim(__class__=<class 'psychopy.visual.image.ImageStim'>, anchor=('center', 'center'), autoLog=True, color=array([1, 1, 1]), colorSpace='rgb', contrast=1.0, depth=-1.0, flipHoriz=False, flipVert=False, image='sin', interpolate=True, mask=None, maskParams=None, name='imageFam', opacity=1.0, ori=0.0, pos=array([0., 0.]), size=array([0.5, 0.5]), texRes=128.0, units='height', win=Window(...))
13.9063 	EXP 	Created textFam = TextStim(__class__=<class 'psychopy.visual.text.TextStim'>, alignHoriz=method-wrapper(...), alignText='center', alignVert=method-wrapper(...), anchorHoriz='center', anchorVert='center', antialias=True, autoDraw=False, autoLog=True, bold=False, color=array([1, 1, 1]), colorSpace='rgb', contrast=1.0, depth=-2.0, flipHoriz=False, flipVert=False, font='Open Sans', fontFiles=[], height=0.05, italic=False, languageStyle='LTR', name='textFam', opacity=1.0, ori=0.0, pos=array([ 0. , -0.3]), rgb=UNKNOWN, text='', units='height', win=Window(...), wrapWidth=1)
13.9530 	EXP 	Created textBlankLoop = TextStim(__class__=<class 'psychopy.visual.text.TextStim'>, alignHoriz=method-wrapper(...), alignText='center', alignVert=method-wrapper(...), anchorHoriz='center', anchorVert='center', antialias=True, autoDraw=False, autoLog=True, bold=False, color=array([1, 1, 1]), colorSpace='rgb', contrast=1.0, depth=0.0, flipHoriz=False, flipVert=False, font='Open Sans', fontFiles=[], height=0.05, italic=False, languageStyle='LTR', name='textBlankLoop', opacity=1.0, ori=0.0, pos=array([0., 0.]), rgb=UNKNOWN, text='', units='height', win=Window(...), wrapWidth=1)
13.9746 	EXP 	textboxInstrFam: autoLog = True
13.9746 	EXP 	textboxEndFam: autoLog = True
13.9746 	EXP 	textWelcomeFam: autoDraw = True
15.9711 	EXP 	textWelcomeFam: autoDraw = False
15.9711 	EXP 	textboxInstrFam: autoDraw = True
42.4672 	EXP 	Imported repswitch_fam.xlsx as conditions, 45 conditions, 2 params
42.4677 	EXP 	Created sequence: random, trialTypes=45, nReps=1, seed=None
42.4678 	EXP 	New trial (rep=0, index=0): {'image': 'REPSWITCH1_Fam/PICTURE_338.png', 'correctAns': 'regalo'}
42.4686 	DATA 	Keypress: space
42.4745 	EXP 	textboxInstrFam: autoDraw = False
42.4745 	EXP 	fixationITI: autoDraw = True
43.5164 	EXP 	fixationITI: autoDraw = False
43.5164 	EXP 	fixationITI: autoDraw = False
43.5164 	EXP 	imageFam: image = 'REPSWITCH1_Fam/PICTURE_338.png'
43.5164 	EXP 	polygonWhiteFam: autoDraw = True
43.5164 	EXP 	imageFam: autoDraw = True
47.0099 	EXP 	textFam: autoDraw = True
49.5102 	EXP 	textFam: autoDraw = False
49.5449 	EXP 	polygonWhiteFam: autoDraw = False
49.5449 	EXP 	imageFam: autoDraw = False
49.5449 	EXP 	polygonWhiteFam: autoDraw = False
49.5449 	EXP 	imageFam: autoDraw = False
49.5449 	EXP 	textFam: autoDraw = False
49.5449 	EXP 	textBlankLoop: autoDraw = True
50.0384 	EXP 	New trial (rep=0, index=1): {'image': 'REPSWITCH1_Fam/PICTURE_242.png', 'correctAns': 'cartero'}
50.0450 	EXP 	textBlankLoop: autoDraw = False
50.0450 	EXP 	textBlankLoop: autoDraw = False
50.0450 	EXP 	fixationITI: autoDraw = True
51.1284 	EXP 	fixationITI: autoDraw = False
51.1284 	EXP 	fixationITI: autoDraw = False
51.1284 	EXP 	imageFam: image = 'REPSWITCH1_Fam/PICTURE_242.png'
51.1284 	EXP 	polygonWhiteFam: autoDraw = True
51.1284 	EXP 	imageFam: autoDraw = True
54.6219 	EXP 	textFam: autoDraw = True
57.1224 	EXP 	textFam: autoDraw = False
57.1571 	EXP 	polygonWhiteFam: autoDraw = False
57.1571 	EXP 	imageFam: autoDraw = False
57.1571 	EXP 	polygonWhiteFam: autoDraw = False
57.1571 	EXP 	imageFam: autoDraw = False
57.1571 	EXP 	textFam: autoDraw = False
57.1571 	EXP 	textBlankLoop: autoDraw = True
57.6504 	EXP 	New trial (rep=0, index=2): {'image': 'REPSWITCH1_Fam/PICTURE_610.png', 'correctAns': 'miel'}
57.6571 	EXP 	textBlankLoop: autoDraw = False
57.6571 	EXP 	textBlankLoop: autoDraw = False
57.6571 	EXP 	fixationITI: autoDraw = True
58.9281 	EXP 	fixationITI: autoDraw = False
58.9281 	EXP 	fixationITI: autoDraw = False
58.9281 	EXP 	imageFam: image = 'REPSWITCH1_Fam/PICTURE_610.png'
58.9281 	EXP 	polygonWhiteFam: autoDraw = True
58.9281 	EXP 	imageFam: autoDraw = True
62.4216 	EXP 	textFam: autoDraw = True
64.9219 	EXP 	textFam: autoDraw = False
64.9567 	EXP 	polygonWhiteFam: autoDraw = False
64.9567 	EXP 	imageFam: autoDraw = False
64.9567 	EXP 	polygonWhiteFam: autoDraw = False
64.9567 	EXP 	imageFam: autoDraw = False
64.9567 	EXP 	textFam: autoDraw = False
64.9567 	EXP 	textBlankLoop: autoDraw = True
65.4500 	EXP 	New trial (rep=0, index=3): {'image': 'REPSWITCH1_Fam/PICTURE_646.png', 'correctAns': 'tronco'}
65.4567 	EXP 	textBlankLoop: autoDraw = False
65.4567 	EXP 	textBlankLoop: autoDraw = False
65.4567 	EXP 	fixationITI: autoDraw = True
66.5957 	EXP 	fixationITI: autoDraw = False
66.5957 	EXP 	fixationITI: autoDraw = False
66.5957 	EXP 	imageFam: image = 'REPSWITCH1_Fam/PICTURE_646.png'
66.5957 	EXP 	polygonWhiteFam: autoDraw = True
66.5957 	EXP 	imageFam: autoDraw = True
70.0893 	EXP 	textFam: autoDraw = True
72.5896 	EXP 	textFam: autoDraw = False
72.6243 	EXP 	polygonWhiteFam: autoDraw = False
72.6243 	EXP 	imageFam: autoDraw = False
72.6243 	EXP 	polygonWhiteFam: autoDraw = False
72.6243 	EXP 	imageFam: autoDraw = False
72.6243 	EXP 	textFam: autoDraw = False
72.6243 	EXP 	textBlankLoop: autoDraw = True
73.1178 	EXP 	New trial (rep=0, index=4): {'image': 'REPSWITCH1_Fam/PICTURE_552.png', 'correctAns': 'manzana'}
73.1244 	EXP 	textBlankLoop: autoDraw = False
73.1244 	EXP 	textBlankLoop: autoDraw = False
73.1244 	EXP 	fixationITI: autoDraw = True
74.2010 	EXP 	fixationITI: autoDraw = False
74.2010 	EXP 	fixationITI: autoDraw = False
74.2010 	EXP 	imageFam: image = 'REPSWITCH1_Fam/PICTURE_552.png'
74.2010 	EXP 	polygonWhiteFam: autoDraw = True
74.2010 	EXP 	imageFam: autoDraw = True
77.6944 	EXP 	textFam: autoDraw = True
80.1948 	EXP 	textFam: autoDraw = False
80.2295 	EXP 	polygonWhiteFam: autoDraw = False
80.2295 	EXP 	imageFam: autoDraw = False
80.2295 	EXP 	polygonWhiteFam: autoDraw = False
80.2295 	EXP 	imageFam: autoDraw = False
80.2295 	EXP 	textFam: autoDraw = False
80.2295 	EXP 	textBlankLoop: autoDraw = True
80.7228 	EXP 	New trial (rep=0, index=5): {'image': 'REPSWITCH1_Fam/PICTURE_673.png', 'correctAns': 'tenedor'}
80.7295 	EXP 	textBlankLoop: autoDraw = False
80.7295 	EXP 	textBlankLoop: autoDraw = False
80.7295 	EXP 	fixationITI: autoDraw = True
81.8547 	EXP 	fixationITI: autoDraw = False
81.8547 	EXP 	fixationITI: autoDraw = False
81.8547 	EXP 	imageFam: image = 'REPSWITCH1_Fam/PICTURE_673.png'
81.8547 	EXP 	polygonWhiteFam: autoDraw = True
81.8547 	EXP 	imageFam: autoDraw = True
85.3482 	EXP 	textFam: autoDraw = True
87.8485 	EXP 	textFam: autoDraw = False
87.8833 	EXP 	polygonWhiteFam: autoDraw = False
87.8833 	EXP 	imageFam: autoDraw = False
87.8833 	EXP 	polygonWhiteFam: autoDraw = False
87.8833 	EXP 	imageFam: autoDraw = False
87.8833 	EXP 	textFam: autoDraw = False
87.8833 	EXP 	textBlankLoop: autoDraw = True
88.3766 	EXP 	New trial (rep=0, index=6): {'image': 'REPSWITCH1_Fam/PICTURE_320.png', 'correctAns': 'iglesia'}
88.3833 	EXP 	textBlankLoop: autoDraw = False
88.3833 	EXP 	textBlankLoop: autoDraw = False
88.3833 	EXP 	fixationITI: autoDraw = True
89.4321 	EXP 	fixationITI: autoDraw = False
89.4321 	EXP 	fixationITI: autoDraw = False
89.4321 	EXP 	imageFam: image = 'REPSWITCH1_Fam/PICTURE_320.png'
89.4321 	EXP 	polygonWhiteFam: autoDraw = True
89.4321 	EXP 	imageFam: autoDraw = True
92.9256 	EXP 	textFam: autoDraw = True
95.4259 	EXP 	textFam: autoDraw = False
95.4606 	EXP 	polygonWhiteFam: autoDraw = False
95.4606 	EXP 	imageFam: autoDraw = False
95.4606 	EXP 	polygonWhiteFam: autoDraw = False
95.4606 	EXP 	imageFam: autoDraw = False
95.4606 	EXP 	textFam: autoDraw = False
95.4606 	EXP 	textBlankLoop: autoDraw = True
95.9540 	EXP 	New trial (rep=0, index=7): {'image': 'REPSWITCH1_Fam/PICTURE_30.png', 'correctAns': 'granja'}
95.9607 	EXP 	textBlankLoop: autoDraw = False
95.9607 	EXP 	textBlankLoop: autoDraw = False
95.9607 	EXP 	fixationITI: autoDraw = True
97.0026 	EXP 	fixationITI: autoDraw = False
97.0026 	EXP 	fixationITI: autoDraw = False
97.0026 	EXP 	imageFam: image = 'REPSWITCH1_Fam/PICTURE_30.png'
97.0026 	EXP 	polygonWhiteFam: autoDraw = True
97.0026 	EXP 	imageFam: autoDraw = True
100.4960 	EXP 	textFam: autoDraw = True
102.9964 	EXP 	textFam: autoDraw = False
103.0311 	EXP 	polygonWhiteFam: autoDraw = False
103.0311 	EXP 	imageFam: autoDraw = False
103.0311 	EXP 	polygonWhiteFam: autoDraw = False
103.0311 	EXP 	imageFam: autoDraw = False
103.0311 	EXP 	textFam: autoDraw = False
103.0311 	EXP 	textBlankLoop: autoDraw = True
103.5245 	EXP 	New trial (rep=0, index=8): {'image': 'REPSWITCH1_Fam/PICTURE_19.png', 'correctAns': 'pavo'}
103.5311 	EXP 	textBlankLoop: autoDraw = False
103.5311 	EXP 	textBlankLoop: autoDraw = False
103.5311 	EXP 	fixationITI: autoDraw = True
104.5868 	EXP 	fixationITI: autoDraw = False
104.5868 	EXP 	fixationITI: autoDraw = False
104.5868 	EXP 	imageFam: image = 'REPSWITCH1_Fam/PICTURE_19.png'
104.5868 	EXP 	polygonWhiteFam: autoDraw = True
104.5868 	EXP 	imageFam: autoDraw = True
108.0803 	EXP 	textFam: autoDraw = True
110.5807 	EXP 	textFam: autoDraw = False
110.6154 	EXP 	polygonWhiteFam: autoDraw = False
110.6154 	EXP 	imageFam: autoDraw = False
110.6154 	EXP 	polygonWhiteFam: autoDraw = False
110.6154 	EXP 	imageFam: autoDraw = False
110.6154 	EXP 	textFam: autoDraw = False
110.6154 	EXP 	textBlankLoop: autoDraw = True
111.1087 	EXP 	New trial (rep=0, index=9): {'image': 'REPSWITCH1_Fam/PICTURE_110.png', 'correctAns': 'mesa'}
111.1155 	EXP 	textBlankLoop: autoDraw = False
111.1155 	EXP 	textBlankLoop: autoDraw = False
111.1155 	EXP 	fixationITI: autoDraw = True
112.1434 	EXP 	fixationITI: autoDraw = False
112.1434 	EXP 	fixationITI: autoDraw = False
112.1434 	EXP 	imageFam: image = 'REPSWITCH1_Fam/PICTURE_110.png'
112.1434 	EXP 	polygonWhiteFam: autoDraw = True
112.1434 	EXP 	imageFam: autoDraw = True
115.6368 	EXP 	textFam: autoDraw = True
118.1372 	EXP 	textFam: autoDraw = False
118.1719 	EXP 	polygonWhiteFam: autoDraw = False
118.1719 	EXP 	imageFam: autoDraw = False
118.1719 	EXP 	polygonWhiteFam: autoDraw = False
118.1719 	EXP 	imageFam: autoDraw = False
118.1719 	EXP 	textFam: autoDraw = False
118.1719 	EXP 	textBlankLoop: autoDraw = True
118.6653 	EXP 	New trial (rep=0, index=10): {'image': 'REPSWITCH1_Fam/PICTURE_264.png', 'correctAns': 'mano'}
118.6720 	EXP 	textBlankLoop: autoDraw = False
118.6720 	EXP 	textBlankLoop: autoDraw = False
118.6720 	EXP 	fixationITI: autoDraw = True
119.8319 	EXP 	fixationITI: autoDraw = False
119.8319 	EXP 	fixationITI: autoDraw = False
119.8319 	EXP 	imageFam: image = 'REPSWITCH1_Fam/PICTURE_264.png'
119.8319 	EXP 	polygonWhiteFam: autoDraw = True
119.8319 	EXP 	imageFam: autoDraw = True
123.3254 	EXP 	textFam: autoDraw = True
125.8257 	EXP 	textFam: autoDraw = False
125.8604 	EXP 	polygonWhiteFam: autoDraw = False
125.8604 	EXP 	imageFam: autoDraw = False
125.8604 	EXP 	polygonWhiteFam: autoDraw = False
125.8604 	EXP 	imageFam: autoDraw = False
125.8604 	EXP 	textFam: autoDraw = False
125.8604 	EXP 	textBlankLoop: autoDraw = True
126.3538 	EXP 	New trial (rep=0, index=11): {'image': 'REPSWITCH1_Fam/PICTURE_12.png', 'correctAns': 'sirena'}
126.3605 	EXP 	textBlankLoop: autoDraw = False
126.3605 	EXP 	textBlankLoop: autoDraw = False
126.3605 	EXP 	fixationITI: autoDraw = True
127.5551 	EXP 	fixationITI: autoDraw = False
127.5551 	EXP 	fixationITI: autoDraw = False
127.5551 	EXP 	imageFam: image = 'REPSWITCH1_Fam/PICTURE_12.png'
127.5551 	EXP 	polygonWhiteFam: autoDraw = True
127.5551 	EXP 	imageFam: autoDraw = True
131.0486 	EXP 	textFam: autoDraw = True
133.5489 	EXP 	textFam: autoDraw = False
133.5837 	EXP 	polygonWhiteFam: autoDraw = False
133.5837 	EXP 	imageFam: autoDraw = False
133.5837 	EXP 	polygonWhiteFam: autoDraw = False
133.5837 	EXP 	imageFam: autoDraw = False
133.5837 	EXP 	textFam: autoDraw = False
133.5837 	EXP 	textBlankLoop: autoDraw = True
134.0770 	EXP 	New trial (rep=0, index=12): {'image': 'REPSWITCH1_Fam/PICTURE_178.png', 'correctAns': 'puente'}
134.0837 	EXP 	textBlankLoop: autoDraw = False
134.0837 	EXP 	textBlankLoop: autoDraw = False
134.0837 	EXP 	fixationITI: autoDraw = True
135.1464 	EXP 	fixationITI: autoDraw = False
135.1464 	EXP 	fixationITI: autoDraw = False
135.1464 	EXP 	imageFam: image = 'REPSWITCH1_Fam/PICTURE_178.png'
135.1464 	EXP 	polygonWhiteFam: autoDraw = True
135.1464 	EXP 	imageFam: autoDraw = True
138.6399 	EXP 	textFam: autoDraw = True
141.1402 	EXP 	textFam: autoDraw = False
141.1749 	EXP 	polygonWhiteFam: autoDraw = False
141.1749 	EXP 	imageFam: autoDraw = False
141.1749 	EXP 	polygonWhiteFam: autoDraw = False
141.1749 	EXP 	imageFam: autoDraw = False
141.1749 	EXP 	textFam: autoDraw = False
141.1749 	EXP 	textBlankLoop: autoDraw = True
141.6684 	EXP 	New trial (rep=0, index=13): {'image': 'REPSWITCH1_Fam/PICTURE_199.png', 'correctAns': 'falda'}
141.6750 	EXP 	textBlankLoop: autoDraw = False
141.6750 	EXP 	textBlankLoop: autoDraw = False
141.6750 	EXP 	fixationITI: autoDraw = True
142.8835 	EXP 	fixationITI: autoDraw = False
142.8835 	EXP 	fixationITI: autoDraw = False
142.8835 	EXP 	imageFam: image = 'REPSWITCH1_Fam/PICTURE_199.png'
142.8835 	EXP 	polygonWhiteFam: autoDraw = True
142.8835 	EXP 	imageFam: autoDraw = True
146.3770 	EXP 	textFam: autoDraw = True
148.8773 	EXP 	textFam: autoDraw = False
148.9120 	EXP 	polygonWhiteFam: autoDraw = False
148.9120 	EXP 	imageFam: autoDraw = False
148.9120 	EXP 	polygonWhiteFam: autoDraw = False
148.9120 	EXP 	imageFam: autoDraw = False
148.9120 	EXP 	textFam: autoDraw = False
148.9120 	EXP 	textBlankLoop: autoDraw = True
149.4054 	EXP 	New trial (rep=0, index=14): {'image': 'REPSWITCH1_Fam/PICTURE_319.png', 'correctAns': 'vaca'}
149.4121 	EXP 	textBlankLoop: autoDraw = False
149.4121 	EXP 	textBlankLoop: autoDraw = False
149.4121 	EXP 	fixationITI: autoDraw = True
150.4817 	EXP 	fixationITI: autoDraw = False
150.4817 	EXP 	fixationITI: autoDraw = False
150.4817 	EXP 	imageFam: image = 'REPSWITCH1_Fam/PICTURE_319.png'
150.4817 	EXP 	polygonWhiteFam: autoDraw = True
150.4817 	EXP 	imageFam: autoDraw = True
153.9752 	EXP 	textFam: autoDraw = True
156.4755 	EXP 	textFam: autoDraw = False
156.5103 	EXP 	polygonWhiteFam: autoDraw = False
156.5103 	EXP 	imageFam: autoDraw = False
156.5103 	EXP 	polygonWhiteFam: autoDraw = False
156.5103 	EXP 	imageFam: autoDraw = False
156.5103 	EXP 	textFam: autoDraw = False
156.5103 	EXP 	textBlankLoop: autoDraw = True
157.0037 	EXP 	New trial (rep=0, index=15): {'image': 'REPSWITCH1_Fam/PICTURE_590.png', 'correctAns': 'escoba'}
157.0103 	EXP 	textBlankLoop: autoDraw = False
157.0103 	EXP 	textBlankLoop: autoDraw = False
157.0103 	EXP 	fixationITI: autoDraw = True
158.2049 	EXP 	fixationITI: autoDraw = False
158.2049 	EXP 	fixationITI: autoDraw = False
158.2049 	EXP 	imageFam: image = 'REPSWITCH1_Fam/PICTURE_590.png'
158.2049 	EXP 	polygonWhiteFam: autoDraw = True
158.2049 	EXP 	imageFam: autoDraw = True
161.6985 	EXP 	textFam: autoDraw = True
164.1988 	EXP 	textFam: autoDraw = False
164.2335 	EXP 	polygonWhiteFam: autoDraw = False
164.2335 	EXP 	imageFam: autoDraw = False
164.2335 	EXP 	polygonWhiteFam: autoDraw = False
164.2335 	EXP 	imageFam: autoDraw = False
164.2335 	EXP 	textFam: autoDraw = False
164.2335 	EXP 	textBlankLoop: autoDraw = True
164.7269 	EXP 	New trial (rep=0, index=16): {'image': 'REPSWITCH1_Fam/PICTURE_612.png', 'correctAns': 'rana'}
164.7336 	EXP 	textBlankLoop: autoDraw = False
164.7336 	EXP 	textBlankLoop: autoDraw = False
164.7336 	EXP 	fixationITI: autoDraw = True
165.7893 	EXP 	fixationITI: autoDraw = False
165.7893 	EXP 	fixationITI: autoDraw = False
165.7893 	EXP 	imageFam: image = 'REPSWITCH1_Fam/PICTURE_612.png'
165.7893 	EXP 	polygonWhiteFam: autoDraw = True
165.7893 	EXP 	imageFam: autoDraw = True
169.2828 	EXP 	textFam: autoDraw = True
171.7831 	EXP 	textFam: autoDraw = False
171.8178 	EXP 	polygonWhiteFam: autoDraw = False
171.8178 	EXP 	imageFam: autoDraw = False
171.8178 	EXP 	polygonWhiteFam: autoDraw = False
171.8178 	EXP 	imageFam: autoDraw = False
171.8178 	EXP 	textFam: autoDraw = False
171.8178 	EXP 	textBlankLoop: autoDraw = True
172.3113 	EXP 	New trial (rep=0, index=17): {'image': 'REPSWITCH1_Fam/PICTURE_35.png', 'correctAns': 'oreja'}
172.3179 	EXP 	textBlankLoop: autoDraw = False
172.3179 	EXP 	textBlankLoop: autoDraw = False
172.3179 	EXP 	fixationITI: autoDraw = True
173.4222 	EXP 	fixationITI: autoDraw = False
173.4222 	EXP 	fixationITI: autoDraw = False
173.4222 	EXP 	imageFam: image = 'REPSWITCH1_Fam/PICTURE_35.png'
173.4222 	EXP 	polygonWhiteFam: autoDraw = True
173.4222 	EXP 	imageFam: autoDraw = True
176.9157 	EXP 	textFam: autoDraw = True
179.4161 	EXP 	textFam: autoDraw = False
179.4508 	EXP 	polygonWhiteFam: autoDraw = False
179.4508 	EXP 	imageFam: autoDraw = False
179.4508 	EXP 	polygonWhiteFam: autoDraw = False
179.4508 	EXP 	imageFam: autoDraw = False
179.4508 	EXP 	textFam: autoDraw = False
179.4508 	EXP 	textBlankLoop: autoDraw = True
179.9441 	EXP 	New trial (rep=0, index=18): {'image': 'REPSWITCH1_Fam/PICTURE_464.png', 'correctAns': 'goma'}
179.9508 	EXP 	textBlankLoop: autoDraw = False
179.9508 	EXP 	textBlankLoop: autoDraw = False
179.9508 	EXP 	fixationITI: autoDraw = True
180.9996 	EXP 	fixationITI: autoDraw = False
180.9996 	EXP 	fixationITI: autoDraw = False
180.9996 	EXP 	imageFam: image = 'REPSWITCH1_Fam/PICTURE_464.png'
180.9996 	EXP 	polygonWhiteFam: autoDraw = True
180.9996 	EXP 	imageFam: autoDraw = True
184.4932 	EXP 	textFam: autoDraw = True
186.9934 	EXP 	textFam: autoDraw = False
187.0282 	EXP 	polygonWhiteFam: autoDraw = False
187.0282 	EXP 	imageFam: autoDraw = False
187.0282 	EXP 	polygonWhiteFam: autoDraw = False
187.0282 	EXP 	imageFam: autoDraw = False
187.0282 	EXP 	textFam: autoDraw = False
187.0282 	EXP 	textBlankLoop: autoDraw = True
187.5216 	EXP 	New trial (rep=0, index=19): {'image': 'REPSWITCH1_Fam/PICTURE_576.png', 'correctAns': 'guante'}
187.5283 	EXP 	textBlankLoop: autoDraw = False
187.5283 	EXP 	textBlankLoop: autoDraw = False
187.5283 	EXP 	fixationITI: autoDraw = True
188.6603 	EXP 	fixationITI: autoDraw = False
188.6603 	EXP 	fixationITI: autoDraw = False
188.6603 	EXP 	imageFam: image = 'REPSWITCH1_Fam/PICTURE_576.png'
188.6603 	EXP 	polygonWhiteFam: autoDraw = True
188.6603 	EXP 	imageFam: autoDraw = True
192.1538 	EXP 	textFam: autoDraw = True
194.6542 	EXP 	textFam: autoDraw = False
194.6889 	EXP 	polygonWhiteFam: autoDraw = False
194.6889 	EXP 	imageFam: autoDraw = False
194.6889 	EXP 	polygonWhiteFam: autoDraw = False
194.6889 	EXP 	imageFam: autoDraw = False
194.6889 	EXP 	textFam: autoDraw = False
194.6889 	EXP 	textBlankLoop: autoDraw = True
195.1822 	EXP 	New trial (rep=0, index=20): {'image': 'REPSWITCH1_Fam/PICTURE_570.png', 'correctAns': 'toro'}
195.1889 	EXP 	textBlankLoop: autoDraw = False
195.1889 	EXP 	textBlankLoop: autoDraw = False
195.1889 	EXP 	fixationITI: autoDraw = True
196.3697 	EXP 	fixationITI: autoDraw = False
196.3697 	EXP 	fixationITI: autoDraw = False
196.3697 	EXP 	imageFam: image = 'REPSWITCH1_Fam/PICTURE_570.png'
196.3697 	EXP 	polygonWhiteFam: autoDraw = True
196.3697 	EXP 	imageFam: autoDraw = True
199.8632 	EXP 	textFam: autoDraw = True
202.3635 	EXP 	textFam: autoDraw = False
202.3982 	EXP 	polygonWhiteFam: autoDraw = False
202.3982 	EXP 	imageFam: autoDraw = False
202.3982 	EXP 	polygonWhiteFam: autoDraw = False
202.3982 	EXP 	imageFam: autoDraw = False
202.3982 	EXP 	textFam: autoDraw = False
202.3982 	EXP 	textBlankLoop: autoDraw = True
202.8915 	EXP 	New trial (rep=0, index=21): {'image': 'REPSWITCH1_Fam/PICTURE_733.png', 'correctAns': 'gafas'}
202.8983 	EXP 	textBlankLoop: autoDraw = False
202.8983 	EXP 	textBlankLoop: autoDraw = False
202.8983 	EXP 	fixationITI: autoDraw = True
203.9679 	EXP 	fixationITI: autoDraw = False
203.9679 	EXP 	fixationITI: autoDraw = False
203.9679 	EXP 	imageFam: image = 'REPSWITCH1_Fam/PICTURE_733.png'
203.9679 	EXP 	polygonWhiteFam: autoDraw = True
203.9679 	EXP 	imageFam: autoDraw = True
207.4614 	EXP 	textFam: autoDraw = True
209.9617 	EXP 	textFam: autoDraw = False
209.9964 	EXP 	polygonWhiteFam: autoDraw = False
209.9964 	EXP 	imageFam: autoDraw = False
209.9964 	EXP 	polygonWhiteFam: autoDraw = False
209.9964 	EXP 	imageFam: autoDraw = False
209.9964 	EXP 	textFam: autoDraw = False
209.9964 	EXP 	textBlankLoop: autoDraw = True
210.4899 	EXP 	New trial (rep=0, index=22): {'image': 'REPSWITCH1_Fam/PICTURE_235.png', 'correctAns': 'aguja'}
210.4966 	EXP 	textBlankLoop: autoDraw = False
210.4966 	EXP 	textBlankLoop: autoDraw = False
210.4966 	EXP 	fixationITI: autoDraw = True
211.5314 	EXP 	fixationITI: autoDraw = False
211.5314 	EXP 	fixationITI: autoDraw = False
211.5314 	EXP 	imageFam: image = 'REPSWITCH1_Fam/PICTURE_235.png'
211.5314 	EXP 	polygonWhiteFam: autoDraw = True
211.5314 	EXP 	imageFam: autoDraw = True
215.0249 	EXP 	textFam: autoDraw = True
217.5252 	EXP 	textFam: autoDraw = False
217.5599 	EXP 	polygonWhiteFam: autoDraw = False
217.5599 	EXP 	imageFam: autoDraw = False
217.5599 	EXP 	polygonWhiteFam: autoDraw = False
217.5599 	EXP 	imageFam: autoDraw = False
217.5599 	EXP 	textFam: autoDraw = False
217.5599 	EXP 	textBlankLoop: autoDraw = True
218.0534 	EXP 	New trial (rep=0, index=23): {'image': 'REPSWITCH1_Fam/PICTURE_381.png', 'correctAns': 'fresa'}
218.0600 	EXP 	textBlankLoop: autoDraw = False
218.0600 	EXP 	textBlankLoop: autoDraw = False
218.0600 	EXP 	fixationITI: autoDraw = True
219.2060 	EXP 	fixationITI: autoDraw = False
219.2060 	EXP 	fixationITI: autoDraw = False
219.2060 	EXP 	imageFam: image = 'REPSWITCH1_Fam/PICTURE_381.png'
219.2060 	EXP 	polygonWhiteFam: autoDraw = True
219.2060 	EXP 	imageFam: autoDraw = True
222.6995 	EXP 	textFam: autoDraw = True
225.1998 	EXP 	textFam: autoDraw = False
225.2346 	EXP 	polygonWhiteFam: autoDraw = False
225.2346 	EXP 	imageFam: autoDraw = False
225.2346 	EXP 	polygonWhiteFam: autoDraw = False
225.2346 	EXP 	imageFam: autoDraw = False
225.2346 	EXP 	textFam: autoDraw = False
225.2346 	EXP 	textBlankLoop: autoDraw = True
225.7279 	EXP 	New trial (rep=0, index=24): {'image': 'REPSWITCH1_Fam/PICTURE_142.png', 'correctAns': 'vaso'}
225.7346 	EXP 	textBlankLoop: autoDraw = False
225.7346 	EXP 	textBlankLoop: autoDraw = False
225.7346 	EXP 	fixationITI: autoDraw = True
226.8389 	EXP 	fixationITI: autoDraw = False
226.8389 	EXP 	fixationITI: autoDraw = False
226.8389 	EXP 	imageFam: image = 'REPSWITCH1_Fam/PICTURE_142.png'
226.8389 	EXP 	polygonWhiteFam: autoDraw = True
226.8389 	EXP 	imageFam: autoDraw = True
230.3325 	EXP 	textFam: autoDraw = True
232.8328 	EXP 	textFam: autoDraw = False
232.8676 	EXP 	polygonWhiteFam: autoDraw = False
232.8676 	EXP 	imageFam: autoDraw = False
232.8676 	EXP 	polygonWhiteFam: autoDraw = False
232.8676 	EXP 	imageFam: autoDraw = False
232.8676 	EXP 	textFam: autoDraw = False
232.8676 	EXP 	textBlankLoop: autoDraw = True
233.3609 	EXP 	New trial (rep=0, index=25): {'image': 'REPSWITCH1_Fam/PICTURE_340.png', 'correctAns': 'espejo'}
233.3676 	EXP 	textBlankLoop: autoDraw = False
233.3676 	EXP 	textBlankLoop: autoDraw = False
233.3676 	EXP 	fixationITI: autoDraw = True
234.5066 	EXP 	fixationITI: autoDraw = False
234.5066 	EXP 	fixationITI: autoDraw = False
234.5066 	EXP 	imageFam: image = 'REPSWITCH1_Fam/PICTURE_340.png'
234.5066 	EXP 	polygonWhiteFam: autoDraw = True
234.5066 	EXP 	imageFam: autoDraw = True
238.0001 	EXP 	textFam: autoDraw = True
240.5004 	EXP 	textFam: autoDraw = False
240.5352 	EXP 	polygonWhiteFam: autoDraw = False
240.5352 	EXP 	imageFam: autoDraw = False
240.5352 	EXP 	polygonWhiteFam: autoDraw = False
240.5352 	EXP 	imageFam: autoDraw = False
240.5352 	EXP 	textFam: autoDraw = False
240.5352 	EXP 	textBlankLoop: autoDraw = True
241.0287 	EXP 	New trial (rep=0, index=26): {'image': 'REPSWITCH1_Fam/PICTURE_614.png', 'correctAns': 'reina'}
241.0353 	EXP 	textBlankLoop: autoDraw = False
241.0353 	EXP 	textBlankLoop: autoDraw = False
241.0353 	EXP 	fixationITI: autoDraw = True
242.0840 	EXP 	fixationITI: autoDraw = False
242.0840 	EXP 	fixationITI: autoDraw = False
242.0840 	EXP 	imageFam: image = 'REPSWITCH1_Fam/PICTURE_614.png'
242.0840 	EXP 	polygonWhiteFam: autoDraw = True
242.0840 	EXP 	imageFam: autoDraw = True
245.5775 	EXP 	textFam: autoDraw = True
248.0778 	EXP 	textFam: autoDraw = False
248.1125 	EXP 	polygonWhiteFam: autoDraw = False
248.1125 	EXP 	imageFam: autoDraw = False
248.1125 	EXP 	polygonWhiteFam: autoDraw = False
248.1125 	EXP 	imageFam: autoDraw = False
248.1125 	EXP 	textFam: autoDraw = False
248.1125 	EXP 	textBlankLoop: autoDraw = True
248.6059 	EXP 	New trial (rep=0, index=27): {'image': 'REPSWITCH1_Fam/PICTURE_271.png', 'correctAns': 'conejo'}
248.6126 	EXP 	textBlankLoop: autoDraw = False
248.6126 	EXP 	textBlankLoop: autoDraw = False
248.6126 	EXP 	fixationITI: autoDraw = True
249.6961 	EXP 	fixationITI: autoDraw = False
249.6961 	EXP 	fixationITI: autoDraw = False
249.6961 	EXP 	imageFam: image = 'REPSWITCH1_Fam/PICTURE_271.png'
249.6961 	EXP 	polygonWhiteFam: autoDraw = True
249.6961 	EXP 	imageFam: autoDraw = True
253.1897 	EXP 	textFam: autoDraw = True
255.6899 	EXP 	textFam: autoDraw = False
255.7247 	EXP 	polygonWhiteFam: autoDraw = False
255.7247 	EXP 	imageFam: autoDraw = False
255.7247 	EXP 	polygonWhiteFam: autoDraw = False
255.7247 	EXP 	imageFam: autoDraw = False
255.7247 	EXP 	textFam: autoDraw = False
255.7247 	EXP 	textBlankLoop: autoDraw = True
256.2180 	EXP 	New trial (rep=0, index=28): {'image': 'REPSWITCH1_Fam/PICTURE_169.png', 'correctAns': 'espalda'}
256.2247 	EXP 	textBlankLoop: autoDraw = False
256.2247 	EXP 	textBlankLoop: autoDraw = False
256.2247 	EXP 	fixationITI: autoDraw = True
257.4749 	EXP 	fixationITI: autoDraw = False
257.4749 	EXP 	fixationITI: autoDraw = False
257.4749 	EXP 	imageFam: image = 'REPSWITCH1_Fam/PICTURE_169.png'
257.4749 	EXP 	polygonWhiteFam: autoDraw = True
257.4749 	EXP 	imageFam: autoDraw = True
260.9684 	EXP 	textFam: autoDraw = True
263.4687 	EXP 	textFam: autoDraw = False
263.5035 	EXP 	polygonWhiteFam: autoDraw = False
263.5035 	EXP 	imageFam: autoDraw = False
263.5035 	EXP 	polygonWhiteFam: autoDraw = False
263.5035 	EXP 	imageFam: autoDraw = False
263.5035 	EXP 	textFam: autoDraw = False
263.5035 	EXP 	textBlankLoop: autoDraw = True
263.9969 	EXP 	New trial (rep=0, index=29): {'image': 'REPSWITCH1_Fam/PICTURE_719.png', 'correctAns': 'baño'}
264.0035 	EXP 	textBlankLoop: autoDraw = False
264.0035 	EXP 	textBlankLoop: autoDraw = False
264.0035 	EXP 	fixationITI: autoDraw = True
265.1217 	EXP 	fixationITI: autoDraw = False
265.1217 	EXP 	fixationITI: autoDraw = False
265.1217 	EXP 	imageFam: image = 'REPSWITCH1_Fam/PICTURE_719.png'
265.1217 	EXP 	polygonWhiteFam: autoDraw = True
265.1217 	EXP 	imageFam: autoDraw = True
268.6153 	EXP 	textFam: autoDraw = True
271.1156 	EXP 	textFam: autoDraw = False
271.1503 	EXP 	polygonWhiteFam: autoDraw = False
271.1503 	EXP 	imageFam: autoDraw = False
271.1503 	EXP 	polygonWhiteFam: autoDraw = False
271.1503 	EXP 	imageFam: autoDraw = False
271.1503 	EXP 	textFam: autoDraw = False
271.1503 	EXP 	textBlankLoop: autoDraw = True
271.6438 	EXP 	New trial (rep=0, index=30): {'image': 'REPSWITCH1_Fam/PICTURE_8.png', 'correctAns': 'pierna'}
271.6503 	EXP 	textBlankLoop: autoDraw = False
271.6503 	EXP 	textBlankLoop: autoDraw = False
271.6503 	EXP 	fixationITI: autoDraw = True
272.6852 	EXP 	fixationITI: autoDraw = False
272.6852 	EXP 	fixationITI: autoDraw = False
272.6852 	EXP 	imageFam: image = 'REPSWITCH1_Fam/PICTURE_8.png'
272.6852 	EXP 	polygonWhiteFam: autoDraw = True
272.6852 	EXP 	imageFam: autoDraw = True
276.1787 	EXP 	textFam: autoDraw = True
278.6790 	EXP 	textFam: autoDraw = False
278.7137 	EXP 	polygonWhiteFam: autoDraw = False
278.7137 	EXP 	imageFam: autoDraw = False
278.7137 	EXP 	polygonWhiteFam: autoDraw = False
278.7137 	EXP 	imageFam: autoDraw = False
278.7137 	EXP 	textFam: autoDraw = False
278.7137 	EXP 	textBlankLoop: autoDraw = True
279.2071 	EXP 	New trial (rep=0, index=31): {'image': 'REPSWITCH1_Fam/PICTURE_48.png', 'correctAns': 'bombero'}
279.2138 	EXP 	textBlankLoop: autoDraw = False
279.2138 	EXP 	textBlankLoop: autoDraw = False
279.2138 	EXP 	fixationITI: autoDraw = True
280.3112 	EXP 	fixationITI: autoDraw = False
280.3112 	EXP 	fixationITI: autoDraw = False
280.3112 	EXP 	imageFam: image = 'REPSWITCH1_Fam/PICTURE_48.png'
280.3112 	EXP 	polygonWhiteFam: autoDraw = True
280.3112 	EXP 	imageFam: autoDraw = True
283.8047 	EXP 	textFam: autoDraw = True
286.3051 	EXP 	textFam: autoDraw = False
286.3398 	EXP 	polygonWhiteFam: autoDraw = False
286.3398 	EXP 	imageFam: autoDraw = False
286.3398 	EXP 	polygonWhiteFam: autoDraw = False
286.3398 	EXP 	imageFam: autoDraw = False
286.3398 	EXP 	textFam: autoDraw = False
286.3398 	EXP 	textBlankLoop: autoDraw = True
286.8331 	EXP 	New trial (rep=0, index=32): {'image': 'REPSWITCH1_Fam/PICTURE_599.png', 'correctAns': 'nube'}
286.8398 	EXP 	textBlankLoop: autoDraw = False
286.8398 	EXP 	textBlankLoop: autoDraw = False
286.8398 	EXP 	fixationITI: autoDraw = True
287.9094 	EXP 	fixationITI: autoDraw = False
287.9094 	EXP 	fixationITI: autoDraw = False
287.9094 	EXP 	imageFam: image = 'REPSWITCH1_Fam/PICTURE_599.png'
287.9094 	EXP 	polygonWhiteFam: autoDraw = True
287.9094 	EXP 	imageFam: autoDraw = True
291.4029 	EXP 	textFam: autoDraw = True
293.9033 	EXP 	textFam: autoDraw = False
293.9380 	EXP 	polygonWhiteFam: autoDraw = False
293.9380 	EXP 	imageFam: autoDraw = False
293.9380 	EXP 	polygonWhiteFam: autoDraw = False
293.9380 	EXP 	imageFam: autoDraw = False
293.9380 	EXP 	textFam: autoDraw = False
293.9380 	EXP 	textBlankLoop: autoDraw = True
294.4313 	EXP 	New trial (rep=0, index=33): {'image': 'REPSWITCH1_Fam/PICTURE_391.png', 'correctAns': 'cadena'}
294.4381 	EXP 	textBlankLoop: autoDraw = False
294.4381 	EXP 	textBlankLoop: autoDraw = False
294.4381 	EXP 	fixationITI: autoDraw = True
295.5215 	EXP 	fixationITI: autoDraw = False
295.5215 	EXP 	fixationITI: autoDraw = False
295.5215 	EXP 	imageFam: image = 'REPSWITCH1_Fam/PICTURE_391.png'
295.5215 	EXP 	polygonWhiteFam: autoDraw = True
295.5215 	EXP 	imageFam: autoDraw = True
299.0150 	EXP 	textFam: autoDraw = True
301.5154 	EXP 	textFam: autoDraw = False
301.5501 	EXP 	polygonWhiteFam: autoDraw = False
301.5501 	EXP 	imageFam: autoDraw = False
301.5501 	EXP 	polygonWhiteFam: autoDraw = False
301.5501 	EXP 	imageFam: autoDraw = False
301.5501 	EXP 	textFam: autoDraw = False
301.5501 	EXP 	textBlankLoop: autoDraw = True
302.0434 	EXP 	New trial (rep=0, index=34): {'image': 'REPSWITCH1_Fam/PICTURE_152.png', 'correctAns': 'caracol'}
302.0502 	EXP 	textBlankLoop: autoDraw = False
302.0502 	EXP 	textBlankLoop: autoDraw = False
302.0502 	EXP 	fixationITI: autoDraw = True
303.0989 	EXP 	fixationITI: autoDraw = False
303.0989 	EXP 	fixationITI: autoDraw = False
303.0989 	EXP 	imageFam: image = 'REPSWITCH1_Fam/PICTURE_152.png'
303.0989 	EXP 	polygonWhiteFam: autoDraw = True
303.0989 	EXP 	imageFam: autoDraw = True
306.5924 	EXP 	textFam: autoDraw = True
309.0927 	EXP 	textFam: autoDraw = False
309.1275 	EXP 	polygonWhiteFam: autoDraw = False
309.1275 	EXP 	imageFam: autoDraw = False
309.1275 	EXP 	polygonWhiteFam: autoDraw = False
309.1275 	EXP 	imageFam: autoDraw = False
309.1275 	EXP 	textFam: autoDraw = False
309.1275 	EXP 	textBlankLoop: autoDraw = True
309.6210 	EXP 	New trial (rep=0, index=35): {'image': 'REPSWITCH1_Fam/PICTURE_175.png', 'correctAns': 'pintor'}
309.6276 	EXP 	textBlankLoop: autoDraw = False
309.6276 	EXP 	textBlankLoop: autoDraw = False
309.6276 	EXP 	fixationITI: autoDraw = True
310.7318 	EXP 	fixationITI: autoDraw = False
310.7318 	EXP 	fixationITI: autoDraw = False
310.7318 	EXP 	imageFam: image = 'REPSWITCH1_Fam/PICTURE_175.png'
310.7318 	EXP 	polygonWhiteFam: autoDraw = True
310.7318 	EXP 	imageFam: autoDraw = True
314.2253 	EXP 	textFam: autoDraw = True
316.7258 	EXP 	textFam: autoDraw = False
316.7605 	EXP 	polygonWhiteFam: autoDraw = False
316.7605 	EXP 	imageFam: autoDraw = False
316.7605 	EXP 	polygonWhiteFam: autoDraw = False
316.7605 	EXP 	imageFam: autoDraw = False
316.7605 	EXP 	textFam: autoDraw = False
316.7605 	EXP 	textBlankLoop: autoDraw = True
317.2538 	EXP 	New trial (rep=0, index=36): {'image': 'REPSWITCH1_Fam/PICTURE_128.png', 'correctAns': 'muñeca'}
317.2605 	EXP 	textBlankLoop: autoDraw = False
317.2605 	EXP 	textBlankLoop: autoDraw = False
317.2605 	EXP 	fixationITI: autoDraw = True
318.4203 	EXP 	fixationITI: autoDraw = False
318.4203 	EXP 	fixationITI: autoDraw = False
318.4203 	EXP 	imageFam: image = 'REPSWITCH1_Fam/PICTURE_128.png'
318.4203 	EXP 	polygonWhiteFam: autoDraw = True
318.4203 	EXP 	imageFam: autoDraw = True
321.9139 	EXP 	textFam: autoDraw = True
324.4143 	EXP 	textFam: autoDraw = False
324.4490 	EXP 	polygonWhiteFam: autoDraw = False
324.4490 	EXP 	imageFam: autoDraw = False
324.4490 	EXP 	polygonWhiteFam: autoDraw = False
324.4490 	EXP 	imageFam: autoDraw = False
324.4490 	EXP 	textFam: autoDraw = False
324.4490 	EXP 	textBlankLoop: autoDraw = True
324.9423 	EXP 	New trial (rep=0, index=37): {'image': 'REPSWITCH1_Fam/PICTURE_687.png', 'correctAns': 'camisa'}
324.9490 	EXP 	textBlankLoop: autoDraw = False
324.9490 	EXP 	textBlankLoop: autoDraw = False
324.9490 	EXP 	fixationITI: autoDraw = True
326.0672 	EXP 	fixationITI: autoDraw = False
326.0672 	EXP 	fixationITI: autoDraw = False
326.0672 	EXP 	imageFam: image = 'REPSWITCH1_Fam/PICTURE_687.png'
326.0672 	EXP 	polygonWhiteFam: autoDraw = True
326.0672 	EXP 	imageFam: autoDraw = True
329.5607 	EXP 	textFam: autoDraw = True
332.0610 	EXP 	textFam: autoDraw = False
332.0957 	EXP 	polygonWhiteFam: autoDraw = False
332.0957 	EXP 	imageFam: autoDraw = False
332.0957 	EXP 	polygonWhiteFam: autoDraw = False
332.0957 	EXP 	imageFam: autoDraw = False
332.0957 	EXP 	textFam: autoDraw = False
332.0957 	EXP 	textBlankLoop: autoDraw = True
332.5891 	EXP 	New trial (rep=0, index=38): {'image': 'REPSWITCH1_Fam/PICTURE_16.png', 'correctAns': 'cazador'}
332.5958 	EXP 	textBlankLoop: autoDraw = False
332.5958 	EXP 	textBlankLoop: autoDraw = False
332.5958 	EXP 	fixationITI: autoDraw = True
333.7210 	EXP 	fixationITI: autoDraw = False
333.7210 	EXP 	fixationITI: autoDraw = False
333.7210 	EXP 	imageFam: image = 'REPSWITCH1_Fam/PICTURE_16.png'
333.7210 	EXP 	polygonWhiteFam: autoDraw = True
333.7210 	EXP 	imageFam: autoDraw = True
337.2145 	EXP 	textFam: autoDraw = True
339.7148 	EXP 	textFam: autoDraw = False
339.7496 	EXP 	polygonWhiteFam: autoDraw = False
339.7496 	EXP 	imageFam: autoDraw = False
339.7496 	EXP 	polygonWhiteFam: autoDraw = False
339.7496 	EXP 	imageFam: autoDraw = False
339.7496 	EXP 	textFam: autoDraw = False
339.7496 	EXP 	textBlankLoop: autoDraw = True
340.2429 	EXP 	New trial (rep=0, index=39): {'image': 'REPSWITCH1_Fam/PICTURE_728.png', 'correctAns': 'pulpo'}
340.2496 	EXP 	textBlankLoop: autoDraw = False
340.2496 	EXP 	textBlankLoop: autoDraw = False
340.2496 	EXP 	fixationITI: autoDraw = True
341.3539 	EXP 	fixationITI: autoDraw = False
341.3539 	EXP 	fixationITI: autoDraw = False
341.3539 	EXP 	imageFam: image = 'REPSWITCH1_Fam/PICTURE_728.png'
341.3539 	EXP 	polygonWhiteFam: autoDraw = True
341.3539 	EXP 	imageFam: autoDraw = True
344.8474 	EXP 	textFam: autoDraw = True
347.3478 	EXP 	textFam: autoDraw = False
347.3825 	EXP 	polygonWhiteFam: autoDraw = False
347.3825 	EXP 	imageFam: autoDraw = False
347.3825 	EXP 	polygonWhiteFam: autoDraw = False
347.3825 	EXP 	imageFam: autoDraw = False
347.3825 	EXP 	textFam: autoDraw = False
347.3825 	EXP 	textBlankLoop: autoDraw = True
347.8758 	EXP 	New trial (rep=0, index=40): {'image': 'REPSWITCH1_Fam/PICTURE_663.png', 'correctAns': 'columna'}
347.8825 	EXP 	textBlankLoop: autoDraw = False
347.8825 	EXP 	textBlankLoop: autoDraw = False
347.8825 	EXP 	fixationITI: autoDraw = True
348.9382 	EXP 	fixationITI: autoDraw = False
348.9382 	EXP 	fixationITI: autoDraw = False
348.9382 	EXP 	imageFam: image = 'REPSWITCH1_Fam/PICTURE_663.png'
348.9382 	EXP 	polygonWhiteFam: autoDraw = True
348.9382 	EXP 	imageFam: autoDraw = True
352.4317 	EXP 	textFam: autoDraw = True
354.9321 	EXP 	textFam: autoDraw = False
354.9668 	EXP 	polygonWhiteFam: autoDraw = False
354.9668 	EXP 	imageFam: autoDraw = False
354.9668 	EXP 	polygonWhiteFam: autoDraw = False
354.9668 	EXP 	imageFam: autoDraw = False
354.9668 	EXP 	textFam: autoDraw = False
354.9668 	EXP 	textBlankLoop: autoDraw = True
355.4602 	EXP 	New trial (rep=0, index=41): {'image': 'REPSWITCH1_Fam/PICTURE_498.png', 'correctAns': 'taza'}
355.4668 	EXP 	textBlankLoop: autoDraw = False
355.4668 	EXP 	textBlankLoop: autoDraw = False
355.4668 	EXP 	fixationITI: autoDraw = True
356.6684 	EXP 	fixationITI: autoDraw = False
356.6684 	EXP 	fixationITI: autoDraw = False
356.6684 	EXP 	imageFam: image = 'REPSWITCH1_Fam/PICTURE_498.png'
356.6684 	EXP 	polygonWhiteFam: autoDraw = True
356.6684 	EXP 	imageFam: autoDraw = True
360.1620 	EXP 	textFam: autoDraw = True
362.6622 	EXP 	textFam: autoDraw = False
362.6970 	EXP 	polygonWhiteFam: autoDraw = False
362.6970 	EXP 	imageFam: autoDraw = False
362.6970 	EXP 	polygonWhiteFam: autoDraw = False
362.6970 	EXP 	imageFam: autoDraw = False
362.6970 	EXP 	textFam: autoDraw = False
362.6970 	EXP 	textBlankLoop: autoDraw = True
363.1904 	EXP 	New trial (rep=0, index=42): {'image': 'REPSWITCH1_Fam/PICTURE_135.png', 'correctAns': 'traje'}
363.1971 	EXP 	textBlankLoop: autoDraw = False
363.1971 	EXP 	textBlankLoop: autoDraw = False
363.1971 	EXP 	fixationITI: autoDraw = True
364.3014 	EXP 	fixationITI: autoDraw = False
364.3014 	EXP 	fixationITI: autoDraw = False
364.3014 	EXP 	imageFam: image = 'REPSWITCH1_Fam/PICTURE_135.png'
364.3014 	EXP 	polygonWhiteFam: autoDraw = True
364.3014 	EXP 	imageFam: autoDraw = True
367.7949 	EXP 	textFam: autoDraw = True
370.2952 	EXP 	textFam: autoDraw = False
370.3299 	EXP 	polygonWhiteFam: autoDraw = False
370.3299 	EXP 	imageFam: autoDraw = False
370.3299 	EXP 	polygonWhiteFam: autoDraw = False
370.3299 	EXP 	imageFam: autoDraw = False
370.3299 	EXP 	textFam: autoDraw = False
370.3299 	EXP 	textBlankLoop: autoDraw = True
370.8233 	EXP 	New trial (rep=0, index=43): {'image': 'REPSWITCH1_Fam/PICTURE_446.png', 'correctAns': 'cerdo'}
370.8300 	EXP 	textBlankLoop: autoDraw = False
370.8300 	EXP 	textBlankLoop: autoDraw = False
370.8300 	EXP 	fixationITI: autoDraw = True
371.9135 	EXP 	fixationITI: autoDraw = False
371.9135 	EXP 	fixationITI: autoDraw = False
371.9135 	EXP 	imageFam: image = 'REPSWITCH1_Fam/PICTURE_446.png'
371.9135 	EXP 	polygonWhiteFam: autoDraw = True
371.9135 	EXP 	imageFam: autoDraw = True
375.4070 	EXP 	textFam: autoDraw = True
377.9074 	EXP 	textFam: autoDraw = False
377.9421 	EXP 	polygonWhiteFam: autoDraw = False
377.9421 	EXP 	imageFam: autoDraw = False
377.9421 	EXP 	polygonWhiteFam: autoDraw = False
377.9421 	EXP 	imageFam: autoDraw = False
377.9421 	EXP 	textFam: autoDraw = False
377.9421 	EXP 	textBlankLoop: autoDraw = True
378.4355 	EXP 	New trial (rep=0, index=44): {'image': 'REPSWITCH1_Fam/PICTURE_517.png', 'correctAns': 'cuerda'}
378.4421 	EXP 	textBlankLoop: autoDraw = False
378.4421 	EXP 	textBlankLoop: autoDraw = False
378.4421 	EXP 	fixationITI: autoDraw = True
379.4700 	EXP 	fixationITI: autoDraw = False
379.4700 	EXP 	fixationITI: autoDraw = False
379.4700 	EXP 	imageFam: image = 'REPSWITCH1_Fam/PICTURE_517.png'
379.4700 	EXP 	polygonWhiteFam: autoDraw = True
379.4700 	EXP 	imageFam: autoDraw = True
382.9636 	EXP 	textFam: autoDraw = True
385.4638 	EXP 	textFam: autoDraw = False
385.4986 	EXP 	polygonWhiteFam: autoDraw = False
385.4986 	EXP 	imageFam: autoDraw = False
385.4986 	EXP 	polygonWhiteFam: autoDraw = False
385.4986 	EXP 	imageFam: autoDraw = False
385.4986 	EXP 	textFam: autoDraw = False
385.4986 	EXP 	textBlankLoop: autoDraw = True
385.9986 	EXP 	textBlankLoop: autoDraw = False
385.9986 	EXP 	textBlankLoop: autoDraw = False
385.9986 	EXP 	textboxEndFam: autoDraw = True
393.7555 	DATA 	Keypress: space
393.7566 	EXP 	textboxEndFam: autoDraw = False
393.7889 	EXP 	window1: mouseVisible = True
