11.9645 	EXP 	Created window1 = Window(allowGUI=True, allowStencil=False, autoLog=True, backendConf=UNKNOWN, bitsMode=UNKNOWN, blendMode='avg', bpc=(8, 8, 8), color=array([0, 0, 0]), colorSpace='rgb', depthBits=8, fullscr=<method-wrapper '__getattribute__' of attributeSetter object at 0x0000026FE2A9BC40>, gamma=None, gammaErrorPolicy='raise', lms=UNKNOWN, monitor=<psychopy.monitors.calibTools.Monitor object at 0x0000026FE2E81DF0>, multiSample=False, name='window1', numSamples=2, pos=(0, 0), screen=0, size=array([1920, 1080]), stencilBits=0, stereo=False, units='height', useFBO=True, useRetina=False, viewOri=0.0, viewPos=None, viewScale=None, waitBlanking=True, winType='pyglet')
11.9646 	EXP 	window1: mouseVisible = True
11.9646 	EXP 	window1: mouseVisible = False
11.9646 	EXP 	window1: Attempting to measure frame rate of screen (0) ...
11.9646 	EXP 	window1: recordFrameIntervals = False
12.0339 	EXP 	window1: recordFrameIntervals = True
12.1103 	EXP 	Screen (0) actual frame rate measured at 144.06Hz
12.1103 	EXP 	window1: recordFrameIntervals = False
13.5078 	EXP 	Created textWelcomeFam = TextStim(__class__=<class 'psychopy.visual.text.TextStim'>, alignHoriz=method-wrapper(...), alignText='center', alignVert=method-wrapper(...), anchorHoriz='center', anchorVert='center', antialias=True, autoDraw=False, autoLog=True, bold=False, color=array([1, 1, 1]), colorSpace='rgb', contrast=1.0, depth=0.0, flipHoriz=False, flipVert=False, font='Open Sans', fontFiles=[], height=0.05, italic=False, languageStyle='LTR', name='textWelcomeFam', opacity=1.0, ori=0.0, pos=array([0., 0.]), rgb=UNKNOWN, text='Bienvenido/a al experimento!', units='height', win=Window(...), wrapWidth=1)
13.5512 	EXP 	Created fixationITI = ShapeStim(__class__=<class 'psychopy.visual.shape.ShapeStim'>, anchor=('center', 'center'), autoDraw=False, autoLog=True, closeShape=True, color=method-wrapper(...), colorSpace='rgb', contrast=None, depth=0.0, fillColor=array([1, 1, 1]), fillColorSpace='rgb', fillRGB=array([1, 1, 1]), interpolate=True, lineColor=array([1, 1, 1]), lineColorSpace='rgb', lineRGB=array([1, 1, 1]), lineWidth=1.0, name='fixationITI', opacity=1.0, ori=0.0, pos=array([0., 0.]), size=array([0.1, 0.1]), units='height', vertices=ndarray(...), win=Window(...), windingRule=None)
13.5517 	EXP 	Created polygonWhiteFam = Rect(__class__=<class 'psychopy.visual.rect.Rect'>, anchor=('center', 'center'), autoDraw=False, autoLog=True, closeShape=True, color=method-wrapper(...), colorSpace='rgb', contrast=None, depth=0.0, fillColor=array([1, 1, 1]), fillColorSpace='rgb', fillRGB=array([1, 1, 1]), interpolate=True, lineColor=array([1, 1, 1]), lineColorSpace='rgb', lineRGB=array([1, 1, 1]), lineWidth=1.0, name='polygonWhiteFam', opacity=1.0, ori=0.0, pos=array([0., 0.]), size=array([0.5, 0.5]), units='height', vertices=ndarray(...), win=Window(...))
13.5547 	EXP 	Created imageFam = ImageStim(__class__=<class 'psychopy.visual.image.ImageStim'>, anchor=('center', 'center'), autoLog=True, color=array([1, 1, 1]), colorSpace='rgb', contrast=1.0, depth=-1.0, flipHoriz=False, flipVert=False, image='sin', interpolate=True, mask=None, maskParams=None, name='imageFam', opacity=1.0, ori=0.0, pos=array([0., 0.]), size=array([0.5, 0.5]), texRes=128.0, units='height', win=Window(...))
13.5550 	EXP 	Created textFam = TextStim(__class__=<class 'psychopy.visual.text.TextStim'>, alignHoriz=method-wrapper(...), alignText='center', alignVert=method-wrapper(...), anchorHoriz='center', anchorVert='center', antialias=True, autoDraw=False, autoLog=True, bold=False, color=array([1, 1, 1]), colorSpace='rgb', contrast=1.0, depth=-2.0, flipHoriz=False, flipVert=False, font='Open Sans', fontFiles=[], height=0.05, italic=False, languageStyle='LTR', name='textFam', opacity=1.0, ori=0.0, pos=array([ 0. , -0.3]), rgb=UNKNOWN, text='', units='height', win=Window(...), wrapWidth=1)
13.6020 	EXP 	Created textBlankLoop = TextStim(__class__=<class 'psychopy.visual.text.TextStim'>, alignHoriz=method-wrapper(...), alignText='center', alignVert=method-wrapper(...), anchorHoriz='center', anchorVert='center', antialias=True, autoDraw=False, autoLog=True, bold=False, color=array([1, 1, 1]), colorSpace='rgb', contrast=1.0, depth=0.0, flipHoriz=False, flipVert=False, font='Open Sans', fontFiles=[], height=0.05, italic=False, languageStyle='LTR', name='textBlankLoop', opacity=1.0, ori=0.0, pos=array([0., 0.]), rgb=UNKNOWN, text='', units='height', win=Window(...), wrapWidth=1)
13.6241 	EXP 	textboxInstrFam: autoLog = True
13.6241 	EXP 	textboxEndFam: autoLog = True
13.6241 	EXP 	textWelcomeFam: autoDraw = True
15.6177 	EXP 	textWelcomeFam: autoDraw = False
15.6177 	EXP 	textboxInstrFam: autoDraw = True
26.7294 	EXP 	Imported repswitch_fam.xlsx as conditions, 45 conditions, 2 params
26.7300 	EXP 	Created sequence: random, trialTypes=45, nReps=1, seed=None
26.7301 	EXP 	New trial (rep=0, index=0): {'image': 'REPSWITCH1_Fam/PICTURE_199.png', 'correctAns': 'falda'}
26.7308 	DATA 	Keypress: space
26.7371 	EXP 	textboxInstrFam: autoDraw = False
26.7371 	EXP 	fixationITI: autoDraw = True
27.8484 	EXP 	fixationITI: autoDraw = False
27.8484 	EXP 	fixationITI: autoDraw = False
27.8484 	EXP 	imageFam: image = 'REPSWITCH1_Fam/PICTURE_199.png'
27.8484 	EXP 	polygonWhiteFam: autoDraw = True
27.8484 	EXP 	imageFam: autoDraw = True
31.3350 	EXP 	textFam: autoDraw = True
33.8353 	EXP 	textFam: autoDraw = False
33.8770 	EXP 	polygonWhiteFam: autoDraw = False
33.8770 	EXP 	imageFam: autoDraw = False
33.8770 	EXP 	textFam: autoDraw = False
33.8770 	EXP 	textBlankLoop: autoDraw = True
34.3702 	EXP 	New trial (rep=0, index=1): {'image': 'REPSWITCH1_Fam/PICTURE_319.png', 'correctAns': 'vaca'}
34.3770 	EXP 	textBlankLoop: autoDraw = False
34.3770 	EXP 	fixationITI: autoDraw = True
35.3979 	EXP 	fixationITI: autoDraw = False
35.3979 	EXP 	fixationITI: autoDraw = False
35.3979 	EXP 	imageFam: image = 'REPSWITCH1_Fam/PICTURE_319.png'
35.3979 	EXP 	polygonWhiteFam: autoDraw = True
35.3979 	EXP 	imageFam: autoDraw = True
38.8915 	EXP 	textFam: autoDraw = True
41.3918 	EXP 	textFam: autoDraw = False
41.4265 	EXP 	polygonWhiteFam: autoDraw = False
41.4265 	EXP 	imageFam: autoDraw = False
41.4265 	EXP 	polygonWhiteFam: autoDraw = False
41.4265 	EXP 	imageFam: autoDraw = False
41.4265 	EXP 	textFam: autoDraw = False
41.4265 	EXP 	textBlankLoop: autoDraw = True
41.9199 	EXP 	New trial (rep=0, index=2): {'image': 'REPSWITCH1_Fam/PICTURE_570.png', 'correctAns': 'toro'}
41.9266 	EXP 	textBlankLoop: autoDraw = False
41.9266 	EXP 	textBlankLoop: autoDraw = False
41.9266 	EXP 	fixationITI: autoDraw = True
43.0309 	EXP 	fixationITI: autoDraw = False
43.0309 	EXP 	fixationITI: autoDraw = False
43.0309 	EXP 	imageFam: image = 'REPSWITCH1_Fam/PICTURE_570.png'
43.0309 	EXP 	polygonWhiteFam: autoDraw = True
43.0309 	EXP 	imageFam: autoDraw = True
46.5244 	EXP 	textFam: autoDraw = True
49.0247 	EXP 	textFam: autoDraw = False
49.0595 	EXP 	polygonWhiteFam: autoDraw = False
49.0595 	EXP 	imageFam: autoDraw = False
49.0595 	EXP 	polygonWhiteFam: autoDraw = False
49.0595 	EXP 	imageFam: autoDraw = False
49.0595 	EXP 	textFam: autoDraw = False
49.0595 	EXP 	textBlankLoop: autoDraw = True
49.5528 	EXP 	New trial (rep=0, index=3): {'image': 'REPSWITCH1_Fam/PICTURE_16.png', 'correctAns': 'cazador'}
49.5595 	EXP 	textBlankLoop: autoDraw = False
49.5595 	EXP 	textBlankLoop: autoDraw = False
49.5595 	EXP 	fixationITI: autoDraw = True
50.6430 	EXP 	fixationITI: autoDraw = False
50.6430 	EXP 	fixationITI: autoDraw = False
50.6430 	EXP 	imageFam: image = 'REPSWITCH1_Fam/PICTURE_16.png'
50.6430 	EXP 	polygonWhiteFam: autoDraw = True
50.6430 	EXP 	imageFam: autoDraw = True
54.1365 	EXP 	textFam: autoDraw = True
56.6368 	EXP 	textFam: autoDraw = False
56.6716 	EXP 	polygonWhiteFam: autoDraw = False
56.6716 	EXP 	imageFam: autoDraw = False
56.6716 	EXP 	polygonWhiteFam: autoDraw = False
56.6716 	EXP 	imageFam: autoDraw = False
56.6716 	EXP 	textFam: autoDraw = False
56.6716 	EXP 	textBlankLoop: autoDraw = True
57.1650 	EXP 	New trial (rep=0, index=4): {'image': 'REPSWITCH1_Fam/PICTURE_30.png', 'correctAns': 'granja'}
57.1717 	EXP 	textBlankLoop: autoDraw = False
57.1717 	EXP 	textBlankLoop: autoDraw = False
57.1717 	EXP 	fixationITI: autoDraw = True
58.3523 	EXP 	fixationITI: autoDraw = False
58.3523 	EXP 	fixationITI: autoDraw = False
58.3523 	EXP 	imageFam: image = 'REPSWITCH1_Fam/PICTURE_30.png'
58.3523 	EXP 	polygonWhiteFam: autoDraw = True
58.3523 	EXP 	imageFam: autoDraw = True
61.8459 	EXP 	textFam: autoDraw = True
64.3461 	EXP 	textFam: autoDraw = False
64.3810 	EXP 	polygonWhiteFam: autoDraw = False
64.3810 	EXP 	imageFam: autoDraw = False
64.3810 	EXP 	polygonWhiteFam: autoDraw = False
64.3810 	EXP 	imageFam: autoDraw = False
64.3810 	EXP 	textFam: autoDraw = False
64.3810 	EXP 	textBlankLoop: autoDraw = True
64.8743 	EXP 	New trial (rep=0, index=5): {'image': 'REPSWITCH1_Fam/PICTURE_612.png', 'correctAns': 'rana'}
64.8810 	EXP 	textBlankLoop: autoDraw = False
64.8810 	EXP 	textBlankLoop: autoDraw = False
64.8810 	EXP 	fixationITI: autoDraw = True
66.0061 	EXP 	fixationITI: autoDraw = False
66.0061 	EXP 	fixationITI: autoDraw = False
66.0061 	EXP 	imageFam: image = 'REPSWITCH1_Fam/PICTURE_612.png'
66.0061 	EXP 	polygonWhiteFam: autoDraw = True
66.0061 	EXP 	imageFam: autoDraw = True
69.4996 	EXP 	textFam: autoDraw = True
72.0000 	EXP 	textFam: autoDraw = False
72.0348 	EXP 	polygonWhiteFam: autoDraw = False
72.0348 	EXP 	imageFam: autoDraw = False
72.0348 	EXP 	polygonWhiteFam: autoDraw = False
72.0348 	EXP 	imageFam: autoDraw = False
72.0348 	EXP 	textFam: autoDraw = False
72.0348 	EXP 	textBlankLoop: autoDraw = True
72.5280 	EXP 	New trial (rep=0, index=6): {'image': 'REPSWITCH1_Fam/PICTURE_340.png', 'correctAns': 'espejo'}
72.5347 	EXP 	textBlankLoop: autoDraw = False
72.5347 	EXP 	textBlankLoop: autoDraw = False
72.5347 	EXP 	fixationITI: autoDraw = True
73.6321 	EXP 	fixationITI: autoDraw = False
73.6321 	EXP 	fixationITI: autoDraw = False
73.6321 	EXP 	imageFam: image = 'REPSWITCH1_Fam/PICTURE_340.png'
73.6321 	EXP 	polygonWhiteFam: autoDraw = True
73.6321 	EXP 	imageFam: autoDraw = True
77.1257 	EXP 	textFam: autoDraw = True
79.6259 	EXP 	textFam: autoDraw = False
79.6607 	EXP 	polygonWhiteFam: autoDraw = False
79.6607 	EXP 	imageFam: autoDraw = False
79.6607 	EXP 	polygonWhiteFam: autoDraw = False
79.6607 	EXP 	imageFam: autoDraw = False
79.6607 	EXP 	textFam: autoDraw = False
79.6607 	EXP 	textBlankLoop: autoDraw = True
80.1541 	EXP 	New trial (rep=0, index=7): {'image': 'REPSWITCH1_Fam/PICTURE_128.png', 'correctAns': 'muñeca'}
80.1607 	EXP 	textBlankLoop: autoDraw = False
80.1607 	EXP 	textBlankLoop: autoDraw = False
80.1607 	EXP 	fixationITI: autoDraw = True
81.2511 	EXP 	fixationITI: autoDraw = False
81.2511 	EXP 	fixationITI: autoDraw = False
81.2511 	EXP 	imageFam: image = 'REPSWITCH1_Fam/PICTURE_128.png'
81.2511 	EXP 	polygonWhiteFam: autoDraw = True
81.2511 	EXP 	imageFam: autoDraw = True
84.7447 	EXP 	textFam: autoDraw = True
87.2450 	EXP 	textFam: autoDraw = False
87.2797 	EXP 	polygonWhiteFam: autoDraw = False
87.2797 	EXP 	imageFam: autoDraw = False
87.2797 	EXP 	polygonWhiteFam: autoDraw = False
87.2797 	EXP 	imageFam: autoDraw = False
87.2797 	EXP 	textFam: autoDraw = False
87.2797 	EXP 	textBlankLoop: autoDraw = True
87.7731 	EXP 	New trial (rep=0, index=8): {'image': 'REPSWITCH1_Fam/PICTURE_48.png', 'correctAns': 'bombero'}
87.7798 	EXP 	textBlankLoop: autoDraw = False
87.7798 	EXP 	textBlankLoop: autoDraw = False
87.7798 	EXP 	fixationITI: autoDraw = True
88.9119 	EXP 	fixationITI: autoDraw = False
88.9119 	EXP 	fixationITI: autoDraw = False
88.9119 	EXP 	imageFam: image = 'REPSWITCH1_Fam/PICTURE_48.png'
88.9119 	EXP 	polygonWhiteFam: autoDraw = True
88.9119 	EXP 	imageFam: autoDraw = True
92.4055 	EXP 	textFam: autoDraw = True
94.9057 	EXP 	textFam: autoDraw = False
94.9404 	EXP 	polygonWhiteFam: autoDraw = False
94.9404 	EXP 	imageFam: autoDraw = False
94.9404 	EXP 	polygonWhiteFam: autoDraw = False
94.9404 	EXP 	imageFam: autoDraw = False
94.9404 	EXP 	textFam: autoDraw = False
94.9404 	EXP 	textBlankLoop: autoDraw = True
95.4338 	EXP 	New trial (rep=0, index=9): {'image': 'REPSWITCH1_Fam/PICTURE_152.png', 'correctAns': 'caracol'}
95.4405 	EXP 	textBlankLoop: autoDraw = False
95.4405 	EXP 	textBlankLoop: autoDraw = False
95.4405 	EXP 	fixationITI: autoDraw = True
96.5171 	EXP 	fixationITI: autoDraw = False
96.5171 	EXP 	fixationITI: autoDraw = False
96.5171 	EXP 	imageFam: image = 'REPSWITCH1_Fam/PICTURE_152.png'
96.5171 	EXP 	polygonWhiteFam: autoDraw = True
96.5171 	EXP 	imageFam: autoDraw = True
100.0105 	EXP 	textFam: autoDraw = True
102.5109 	EXP 	textFam: autoDraw = False
102.5456 	EXP 	polygonWhiteFam: autoDraw = False
102.5456 	EXP 	imageFam: autoDraw = False
102.5456 	EXP 	polygonWhiteFam: autoDraw = False
102.5456 	EXP 	imageFam: autoDraw = False
102.5456 	EXP 	textFam: autoDraw = False
102.5456 	EXP 	textBlankLoop: autoDraw = True
103.0392 	EXP 	New trial (rep=0, index=10): {'image': 'REPSWITCH1_Fam/PICTURE_169.png', 'correctAns': 'espalda'}
103.0457 	EXP 	textBlankLoop: autoDraw = False
103.0457 	EXP 	textBlankLoop: autoDraw = False
103.0457 	EXP 	fixationITI: autoDraw = True
104.3375 	EXP 	fixationITI: autoDraw = False
104.3375 	EXP 	fixationITI: autoDraw = False
104.3375 	EXP 	imageFam: image = 'REPSWITCH1_Fam/PICTURE_169.png'
104.3375 	EXP 	polygonWhiteFam: autoDraw = True
104.3375 	EXP 	imageFam: autoDraw = True
107.8310 	EXP 	textFam: autoDraw = True
110.3314 	EXP 	textFam: autoDraw = False
110.3661 	EXP 	polygonWhiteFam: autoDraw = False
110.3661 	EXP 	imageFam: autoDraw = False
110.3661 	EXP 	polygonWhiteFam: autoDraw = False
110.3661 	EXP 	imageFam: autoDraw = False
110.3661 	EXP 	textFam: autoDraw = False
110.3661 	EXP 	textBlankLoop: autoDraw = True
110.8595 	EXP 	New trial (rep=0, index=11): {'image': 'REPSWITCH1_Fam/PICTURE_599.png', 'correctAns': 'nube'}
110.8661 	EXP 	textBlankLoop: autoDraw = False
110.8661 	EXP 	textBlankLoop: autoDraw = False
110.8661 	EXP 	fixationITI: autoDraw = True
111.9982 	EXP 	fixationITI: autoDraw = False
111.9982 	EXP 	fixationITI: autoDraw = False
111.9982 	EXP 	imageFam: image = 'REPSWITCH1_Fam/PICTURE_599.png'
111.9982 	EXP 	polygonWhiteFam: autoDraw = True
111.9982 	EXP 	imageFam: autoDraw = True
115.4917 	EXP 	textFam: autoDraw = True
117.9921 	EXP 	textFam: autoDraw = False
118.0268 	EXP 	polygonWhiteFam: autoDraw = False
118.0268 	EXP 	imageFam: autoDraw = False
118.0268 	EXP 	polygonWhiteFam: autoDraw = False
118.0268 	EXP 	imageFam: autoDraw = False
118.0268 	EXP 	textFam: autoDraw = False
118.0268 	EXP 	textBlankLoop: autoDraw = True
118.5203 	EXP 	New trial (rep=0, index=12): {'image': 'REPSWITCH1_Fam/PICTURE_464.png', 'correctAns': 'goma'}
118.5269 	EXP 	textBlankLoop: autoDraw = False
118.5269 	EXP 	textBlankLoop: autoDraw = False
118.5269 	EXP 	fixationITI: autoDraw = True
119.5409 	EXP 	fixationITI: autoDraw = False
119.5409 	EXP 	fixationITI: autoDraw = False
119.5409 	EXP 	imageFam: image = 'REPSWITCH1_Fam/PICTURE_464.png'
119.5409 	EXP 	polygonWhiteFam: autoDraw = True
119.5409 	EXP 	imageFam: autoDraw = True
123.0344 	EXP 	textFam: autoDraw = True
125.5347 	EXP 	textFam: autoDraw = False
125.5694 	EXP 	polygonWhiteFam: autoDraw = False
125.5694 	EXP 	imageFam: autoDraw = False
125.5694 	EXP 	polygonWhiteFam: autoDraw = False
125.5694 	EXP 	imageFam: autoDraw = False
125.5694 	EXP 	textFam: autoDraw = False
125.5694 	EXP 	textBlankLoop: autoDraw = True
126.0628 	EXP 	New trial (rep=0, index=13): {'image': 'REPSWITCH1_Fam/PICTURE_687.png', 'correctAns': 'camisa'}
126.0695 	EXP 	textBlankLoop: autoDraw = False
126.0695 	EXP 	textBlankLoop: autoDraw = False
126.0695 	EXP 	fixationITI: autoDraw = True
127.0835 	EXP 	fixationITI: autoDraw = False
127.0835 	EXP 	fixationITI: autoDraw = False
127.0835 	EXP 	imageFam: image = 'REPSWITCH1_Fam/PICTURE_687.png'
127.0835 	EXP 	polygonWhiteFam: autoDraw = True
127.0835 	EXP 	imageFam: autoDraw = True
130.5770 	EXP 	textFam: autoDraw = True
133.0773 	EXP 	textFam: autoDraw = False
133.1121 	EXP 	polygonWhiteFam: autoDraw = False
133.1121 	EXP 	imageFam: autoDraw = False
133.1121 	EXP 	polygonWhiteFam: autoDraw = False
133.1121 	EXP 	imageFam: autoDraw = False
133.1121 	EXP 	textFam: autoDraw = False
133.1121 	EXP 	textBlankLoop: autoDraw = True
133.6056 	EXP 	New trial (rep=0, index=14): {'image': 'REPSWITCH1_Fam/PICTURE_446.png', 'correctAns': 'cerdo'}
133.6122 	EXP 	textBlankLoop: autoDraw = False
133.6122 	EXP 	textBlankLoop: autoDraw = False
133.6122 	EXP 	fixationITI: autoDraw = True
134.7096 	EXP 	fixationITI: autoDraw = False
134.7096 	EXP 	fixationITI: autoDraw = False
134.7096 	EXP 	imageFam: image = 'REPSWITCH1_Fam/PICTURE_446.png'
134.7096 	EXP 	polygonWhiteFam: autoDraw = True
134.7096 	EXP 	imageFam: autoDraw = True
138.2031 	EXP 	textFam: autoDraw = True
140.7033 	EXP 	textFam: autoDraw = False
140.7381 	EXP 	polygonWhiteFam: autoDraw = False
140.7381 	EXP 	imageFam: autoDraw = False
140.7381 	EXP 	polygonWhiteFam: autoDraw = False
140.7381 	EXP 	imageFam: autoDraw = False
140.7381 	EXP 	textFam: autoDraw = False
140.7381 	EXP 	textBlankLoop: autoDraw = True
141.2314 	EXP 	New trial (rep=0, index=15): {'image': 'REPSWITCH1_Fam/PICTURE_175.png', 'correctAns': 'pintor'}
141.2381 	EXP 	textBlankLoop: autoDraw = False
141.2381 	EXP 	textBlankLoop: autoDraw = False
141.2381 	EXP 	fixationITI: autoDraw = True
142.2870 	EXP 	fixationITI: autoDraw = False
142.2870 	EXP 	fixationITI: autoDraw = False
142.2870 	EXP 	imageFam: image = 'REPSWITCH1_Fam/PICTURE_175.png'
142.2870 	EXP 	polygonWhiteFam: autoDraw = True
142.2870 	EXP 	imageFam: autoDraw = True
145.7805 	EXP 	textFam: autoDraw = True
148.2808 	EXP 	textFam: autoDraw = False
148.3155 	EXP 	polygonWhiteFam: autoDraw = False
148.3155 	EXP 	imageFam: autoDraw = False
148.3155 	EXP 	polygonWhiteFam: autoDraw = False
148.3155 	EXP 	imageFam: autoDraw = False
148.3155 	EXP 	textFam: autoDraw = False
148.3155 	EXP 	textBlankLoop: autoDraw = True
148.8089 	EXP 	New trial (rep=0, index=16): {'image': 'REPSWITCH1_Fam/PICTURE_673.png', 'correctAns': 'tenedor'}
148.8156 	EXP 	textBlankLoop: autoDraw = False
148.8156 	EXP 	textBlankLoop: autoDraw = False
148.8156 	EXP 	fixationITI: autoDraw = True
149.8852 	EXP 	fixationITI: autoDraw = False
149.8852 	EXP 	fixationITI: autoDraw = False
149.8852 	EXP 	imageFam: image = 'REPSWITCH1_Fam/PICTURE_673.png'
149.8852 	EXP 	polygonWhiteFam: autoDraw = True
149.8852 	EXP 	imageFam: autoDraw = True
153.3786 	EXP 	textFam: autoDraw = True
155.8790 	EXP 	textFam: autoDraw = False
155.9137 	EXP 	polygonWhiteFam: autoDraw = False
155.9137 	EXP 	imageFam: autoDraw = False
155.9137 	EXP 	polygonWhiteFam: autoDraw = False
155.9137 	EXP 	imageFam: autoDraw = False
155.9137 	EXP 	textFam: autoDraw = False
155.9137 	EXP 	textBlankLoop: autoDraw = True
156.4071 	EXP 	New trial (rep=0, index=17): {'image': 'REPSWITCH1_Fam/PICTURE_391.png', 'correctAns': 'cadena'}
156.4138 	EXP 	textBlankLoop: autoDraw = False
156.4138 	EXP 	textBlankLoop: autoDraw = False
156.4138 	EXP 	fixationITI: autoDraw = True
157.6431 	EXP 	fixationITI: autoDraw = False
157.6431 	EXP 	fixationITI: autoDraw = False
157.6431 	EXP 	imageFam: image = 'REPSWITCH1_Fam/PICTURE_391.png'
157.6431 	EXP 	polygonWhiteFam: autoDraw = True
157.6431 	EXP 	imageFam: autoDraw = True
161.1366 	EXP 	textFam: autoDraw = True
163.6369 	EXP 	textFam: autoDraw = False
163.6716 	EXP 	polygonWhiteFam: autoDraw = False
163.6716 	EXP 	imageFam: autoDraw = False
163.6716 	EXP 	polygonWhiteFam: autoDraw = False
163.6716 	EXP 	imageFam: autoDraw = False
163.6716 	EXP 	textFam: autoDraw = False
163.6716 	EXP 	textBlankLoop: autoDraw = True
164.1652 	EXP 	New trial (rep=0, index=18): {'image': 'REPSWITCH1_Fam/PICTURE_576.png', 'correctAns': 'guante'}
164.1718 	EXP 	textBlankLoop: autoDraw = False
164.1718 	EXP 	textBlankLoop: autoDraw = False
164.1718 	EXP 	fixationITI: autoDraw = True
165.3108 	EXP 	fixationITI: autoDraw = False
165.3108 	EXP 	fixationITI: autoDraw = False
165.3108 	EXP 	imageFam: image = 'REPSWITCH1_Fam/PICTURE_576.png'
165.3108 	EXP 	polygonWhiteFam: autoDraw = True
165.3108 	EXP 	imageFam: autoDraw = True
168.8042 	EXP 	textFam: autoDraw = True
171.3046 	EXP 	textFam: autoDraw = False
171.3394 	EXP 	polygonWhiteFam: autoDraw = False
171.3394 	EXP 	imageFam: autoDraw = False
171.3394 	EXP 	polygonWhiteFam: autoDraw = False
171.3394 	EXP 	imageFam: autoDraw = False
171.3394 	EXP 	textFam: autoDraw = False
171.3394 	EXP 	textBlankLoop: autoDraw = True
171.8327 	EXP 	New trial (rep=0, index=19): {'image': 'REPSWITCH1_Fam/PICTURE_264.png', 'correctAns': 'mano'}
171.8394 	EXP 	textBlankLoop: autoDraw = False
171.8394 	EXP 	textBlankLoop: autoDraw = False
171.8394 	EXP 	fixationITI: autoDraw = True
173.0131 	EXP 	fixationITI: autoDraw = False
173.0131 	EXP 	fixationITI: autoDraw = False
173.0131 	EXP 	imageFam: image = 'REPSWITCH1_Fam/PICTURE_264.png'
173.0131 	EXP 	polygonWhiteFam: autoDraw = True
173.0131 	EXP 	imageFam: autoDraw = True
176.5067 	EXP 	textFam: autoDraw = True
179.0070 	EXP 	textFam: autoDraw = False
179.0417 	EXP 	polygonWhiteFam: autoDraw = False
179.0417 	EXP 	imageFam: autoDraw = False
179.0417 	EXP 	polygonWhiteFam: autoDraw = False
179.0417 	EXP 	imageFam: autoDraw = False
179.0417 	EXP 	textFam: autoDraw = False
179.0417 	EXP 	textBlankLoop: autoDraw = True
179.5351 	EXP 	New trial (rep=0, index=20): {'image': 'REPSWITCH1_Fam/PICTURE_178.png', 'correctAns': 'puente'}
179.5418 	EXP 	textBlankLoop: autoDraw = False
179.5418 	EXP 	textBlankLoop: autoDraw = False
179.5418 	EXP 	fixationITI: autoDraw = True
180.5836 	EXP 	fixationITI: autoDraw = False
180.5836 	EXP 	fixationITI: autoDraw = False
180.5836 	EXP 	imageFam: image = 'REPSWITCH1_Fam/PICTURE_178.png'
180.5836 	EXP 	polygonWhiteFam: autoDraw = True
180.5836 	EXP 	imageFam: autoDraw = True
184.0771 	EXP 	textFam: autoDraw = True
186.5774 	EXP 	textFam: autoDraw = False
186.6122 	EXP 	polygonWhiteFam: autoDraw = False
186.6122 	EXP 	imageFam: autoDraw = False
186.6122 	EXP 	polygonWhiteFam: autoDraw = False
186.6122 	EXP 	imageFam: autoDraw = False
186.6122 	EXP 	textFam: autoDraw = False
186.6122 	EXP 	textBlankLoop: autoDraw = True
187.1056 	EXP 	New trial (rep=0, index=21): {'image': 'REPSWITCH1_Fam/PICTURE_610.png', 'correctAns': 'miel'}
187.1122 	EXP 	textBlankLoop: autoDraw = False
187.1122 	EXP 	textBlankLoop: autoDraw = False
187.1122 	EXP 	fixationITI: autoDraw = True
188.2444 	EXP 	fixationITI: autoDraw = False
188.2444 	EXP 	fixationITI: autoDraw = False
188.2444 	EXP 	imageFam: image = 'REPSWITCH1_Fam/PICTURE_610.png'
188.2444 	EXP 	polygonWhiteFam: autoDraw = True
188.2444 	EXP 	imageFam: autoDraw = True
191.7378 	EXP 	textFam: autoDraw = True
194.2381 	EXP 	textFam: autoDraw = False
194.2729 	EXP 	polygonWhiteFam: autoDraw = False
194.2729 	EXP 	imageFam: autoDraw = False
194.2729 	EXP 	polygonWhiteFam: autoDraw = False
194.2729 	EXP 	imageFam: autoDraw = False
194.2729 	EXP 	textFam: autoDraw = False
194.2729 	EXP 	textBlankLoop: autoDraw = True
194.7663 	EXP 	New trial (rep=0, index=22): {'image': 'REPSWITCH1_Fam/PICTURE_8.png', 'correctAns': 'pierna'}
194.7729 	EXP 	textBlankLoop: autoDraw = False
194.7729 	EXP 	textBlankLoop: autoDraw = False
194.7729 	EXP 	fixationITI: autoDraw = True
195.8564 	EXP 	fixationITI: autoDraw = False
195.8564 	EXP 	fixationITI: autoDraw = False
195.8564 	EXP 	imageFam: image = 'REPSWITCH1_Fam/PICTURE_8.png'
195.8564 	EXP 	polygonWhiteFam: autoDraw = True
195.8564 	EXP 	imageFam: autoDraw = True
199.3499 	EXP 	textFam: autoDraw = True
201.8502 	EXP 	textFam: autoDraw = False
201.8850 	EXP 	polygonWhiteFam: autoDraw = False
201.8850 	EXP 	imageFam: autoDraw = False
201.8850 	EXP 	polygonWhiteFam: autoDraw = False
201.8850 	EXP 	imageFam: autoDraw = False
201.8850 	EXP 	textFam: autoDraw = False
201.8850 	EXP 	textBlankLoop: autoDraw = True
202.3784 	EXP 	New trial (rep=0, index=23): {'image': 'REPSWITCH1_Fam/PICTURE_235.png', 'correctAns': 'aguja'}
202.3850 	EXP 	textBlankLoop: autoDraw = False
202.3850 	EXP 	textBlankLoop: autoDraw = False
202.3850 	EXP 	fixationITI: autoDraw = True
203.4268 	EXP 	fixationITI: autoDraw = False
203.4268 	EXP 	fixationITI: autoDraw = False
203.4268 	EXP 	imageFam: image = 'REPSWITCH1_Fam/PICTURE_235.png'
203.4268 	EXP 	polygonWhiteFam: autoDraw = True
203.4268 	EXP 	imageFam: autoDraw = True
206.9203 	EXP 	textFam: autoDraw = True
209.4207 	EXP 	textFam: autoDraw = False
209.4555 	EXP 	polygonWhiteFam: autoDraw = False
209.4555 	EXP 	imageFam: autoDraw = False
209.4555 	EXP 	polygonWhiteFam: autoDraw = False
209.4555 	EXP 	imageFam: autoDraw = False
209.4555 	EXP 	textFam: autoDraw = False
209.4555 	EXP 	textBlankLoop: autoDraw = True
209.9487 	EXP 	New trial (rep=0, index=24): {'image': 'REPSWITCH1_Fam/PICTURE_142.png', 'correctAns': 'vaso'}
209.9555 	EXP 	textBlankLoop: autoDraw = False
209.9555 	EXP 	textBlankLoop: autoDraw = False
209.9555 	EXP 	fixationITI: autoDraw = True
211.1084 	EXP 	fixationITI: autoDraw = False
211.1084 	EXP 	fixationITI: autoDraw = False
211.1084 	EXP 	imageFam: image = 'REPSWITCH1_Fam/PICTURE_142.png'
211.1084 	EXP 	polygonWhiteFam: autoDraw = True
211.1084 	EXP 	imageFam: autoDraw = True
214.6019 	EXP 	textFam: autoDraw = True
217.1022 	EXP 	textFam: autoDraw = False
217.1370 	EXP 	polygonWhiteFam: autoDraw = False
217.1370 	EXP 	imageFam: autoDraw = False
217.1370 	EXP 	polygonWhiteFam: autoDraw = False
217.1370 	EXP 	imageFam: autoDraw = False
217.1370 	EXP 	textFam: autoDraw = False
217.1370 	EXP 	textBlankLoop: autoDraw = True
217.6303 	EXP 	New trial (rep=0, index=25): {'image': 'REPSWITCH1_Fam/PICTURE_517.png', 'correctAns': 'cuerda'}
217.6370 	EXP 	textBlankLoop: autoDraw = False
217.6370 	EXP 	textBlankLoop: autoDraw = False
217.6370 	EXP 	fixationITI: autoDraw = True
218.8525 	EXP 	fixationITI: autoDraw = False
218.8525 	EXP 	fixationITI: autoDraw = False
218.8525 	EXP 	imageFam: image = 'REPSWITCH1_Fam/PICTURE_517.png'
218.8525 	EXP 	polygonWhiteFam: autoDraw = True
218.8525 	EXP 	imageFam: autoDraw = True
222.3460 	EXP 	textFam: autoDraw = True
224.8463 	EXP 	textFam: autoDraw = False
224.8810 	EXP 	polygonWhiteFam: autoDraw = False
224.8810 	EXP 	imageFam: autoDraw = False
224.8810 	EXP 	polygonWhiteFam: autoDraw = False
224.8810 	EXP 	imageFam: autoDraw = False
224.8810 	EXP 	textFam: autoDraw = False
224.8810 	EXP 	textBlankLoop: autoDraw = True
225.3744 	EXP 	New trial (rep=0, index=26): {'image': 'REPSWITCH1_Fam/PICTURE_35.png', 'correctAns': 'oreja'}
225.3811 	EXP 	textBlankLoop: autoDraw = False
225.3811 	EXP 	textBlankLoop: autoDraw = False
225.3811 	EXP 	fixationITI: autoDraw = True
226.6174 	EXP 	fixationITI: autoDraw = False
226.6174 	EXP 	fixationITI: autoDraw = False
226.6174 	EXP 	imageFam: image = 'REPSWITCH1_Fam/PICTURE_35.png'
226.6174 	EXP 	polygonWhiteFam: autoDraw = True
226.6174 	EXP 	imageFam: autoDraw = True
230.1109 	EXP 	textFam: autoDraw = True
232.6113 	EXP 	textFam: autoDraw = False
232.6459 	EXP 	polygonWhiteFam: autoDraw = False
232.6459 	EXP 	imageFam: autoDraw = False
232.6459 	EXP 	polygonWhiteFam: autoDraw = False
232.6459 	EXP 	imageFam: autoDraw = False
232.6459 	EXP 	textFam: autoDraw = False
232.6459 	EXP 	textBlankLoop: autoDraw = True
233.1393 	EXP 	New trial (rep=0, index=27): {'image': 'REPSWITCH1_Fam/PICTURE_12.png', 'correctAns': 'sirena'}
233.1460 	EXP 	textBlankLoop: autoDraw = False
233.1460 	EXP 	textBlankLoop: autoDraw = False
233.1460 	EXP 	fixationITI: autoDraw = True
234.2712 	EXP 	fixationITI: autoDraw = False
234.2712 	EXP 	fixationITI: autoDraw = False
234.2712 	EXP 	imageFam: image = 'REPSWITCH1_Fam/PICTURE_12.png'
234.2712 	EXP 	polygonWhiteFam: autoDraw = True
234.2712 	EXP 	imageFam: autoDraw = True
237.7647 	EXP 	textFam: autoDraw = True
240.2650 	EXP 	textFam: autoDraw = False
240.2997 	EXP 	polygonWhiteFam: autoDraw = False
240.2997 	EXP 	imageFam: autoDraw = False
240.2997 	EXP 	polygonWhiteFam: autoDraw = False
240.2997 	EXP 	imageFam: autoDraw = False
240.2997 	EXP 	textFam: autoDraw = False
240.2997 	EXP 	textBlankLoop: autoDraw = True
240.7931 	EXP 	New trial (rep=0, index=28): {'image': 'REPSWITCH1_Fam/PICTURE_552.png', 'correctAns': 'manzana'}
240.7998 	EXP 	textBlankLoop: autoDraw = False
240.7998 	EXP 	textBlankLoop: autoDraw = False
240.7998 	EXP 	fixationITI: autoDraw = True
242.0153 	EXP 	fixationITI: autoDraw = False
242.0153 	EXP 	fixationITI: autoDraw = False
242.0153 	EXP 	imageFam: image = 'REPSWITCH1_Fam/PICTURE_552.png'
242.0153 	EXP 	polygonWhiteFam: autoDraw = True
242.0153 	EXP 	imageFam: autoDraw = True
245.5087 	EXP 	textFam: autoDraw = True
248.0091 	EXP 	textFam: autoDraw = False
248.0438 	EXP 	polygonWhiteFam: autoDraw = False
248.0438 	EXP 	imageFam: autoDraw = False
248.0438 	EXP 	polygonWhiteFam: autoDraw = False
248.0438 	EXP 	imageFam: autoDraw = False
248.0438 	EXP 	textFam: autoDraw = False
248.0438 	EXP 	textBlankLoop: autoDraw = True
248.5373 	EXP 	New trial (rep=0, index=29): {'image': 'REPSWITCH1_Fam/PICTURE_242.png', 'correctAns': 'cartero'}
248.5439 	EXP 	textBlankLoop: autoDraw = False
248.5439 	EXP 	textBlankLoop: autoDraw = False
248.5439 	EXP 	fixationITI: autoDraw = True
249.6065 	EXP 	fixationITI: autoDraw = False
249.6065 	EXP 	fixationITI: autoDraw = False
249.6065 	EXP 	imageFam: image = 'REPSWITCH1_Fam/PICTURE_242.png'
249.6065 	EXP 	polygonWhiteFam: autoDraw = True
249.6065 	EXP 	imageFam: autoDraw = True
253.1000 	EXP 	textFam: autoDraw = True
255.6003 	EXP 	textFam: autoDraw = False
255.6351 	EXP 	polygonWhiteFam: autoDraw = False
255.6351 	EXP 	imageFam: autoDraw = False
255.6351 	EXP 	polygonWhiteFam: autoDraw = False
255.6351 	EXP 	imageFam: autoDraw = False
255.6351 	EXP 	textFam: autoDraw = False
255.6351 	EXP 	textBlankLoop: autoDraw = True
256.1284 	EXP 	New trial (rep=0, index=30): {'image': 'REPSWITCH1_Fam/PICTURE_338.png', 'correctAns': 'regalo'}
256.1351 	EXP 	textBlankLoop: autoDraw = False
256.1351 	EXP 	textBlankLoop: autoDraw = False
256.1351 	EXP 	fixationITI: autoDraw = True
257.2394 	EXP 	fixationITI: autoDraw = False
257.2394 	EXP 	fixationITI: autoDraw = False
257.2394 	EXP 	imageFam: image = 'REPSWITCH1_Fam/PICTURE_338.png'
257.2394 	EXP 	polygonWhiteFam: autoDraw = True
257.2394 	EXP 	imageFam: autoDraw = True
260.7329 	EXP 	textFam: autoDraw = True
263.2332 	EXP 	textFam: autoDraw = False
263.2680 	EXP 	polygonWhiteFam: autoDraw = False
263.2680 	EXP 	imageFam: autoDraw = False
263.2680 	EXP 	polygonWhiteFam: autoDraw = False
263.2680 	EXP 	imageFam: autoDraw = False
263.2680 	EXP 	textFam: autoDraw = False
263.2680 	EXP 	textBlankLoop: autoDraw = True
263.7613 	EXP 	New trial (rep=0, index=31): {'image': 'REPSWITCH1_Fam/PICTURE_614.png', 'correctAns': 'reina'}
263.7680 	EXP 	textBlankLoop: autoDraw = False
263.7680 	EXP 	textBlankLoop: autoDraw = False
263.7680 	EXP 	fixationITI: autoDraw = True
264.8307 	EXP 	fixationITI: autoDraw = False
264.8307 	EXP 	fixationITI: autoDraw = False
264.8307 	EXP 	imageFam: image = 'REPSWITCH1_Fam/PICTURE_614.png'
264.8307 	EXP 	polygonWhiteFam: autoDraw = True
264.8307 	EXP 	imageFam: autoDraw = True
268.3242 	EXP 	textFam: autoDraw = True
270.8245 	EXP 	textFam: autoDraw = False
270.8592 	EXP 	polygonWhiteFam: autoDraw = False
270.8592 	EXP 	imageFam: autoDraw = False
270.8592 	EXP 	polygonWhiteFam: autoDraw = False
270.8592 	EXP 	imageFam: autoDraw = False
270.8592 	EXP 	textFam: autoDraw = False
270.8592 	EXP 	textBlankLoop: autoDraw = True
271.3527 	EXP 	New trial (rep=0, index=32): {'image': 'REPSWITCH1_Fam/PICTURE_719.png', 'correctAns': 'baño'}
271.3594 	EXP 	textBlankLoop: autoDraw = False
271.3594 	EXP 	textBlankLoop: autoDraw = False
271.3594 	EXP 	fixationITI: autoDraw = True
272.4567 	EXP 	fixationITI: autoDraw = False
272.4567 	EXP 	fixationITI: autoDraw = False
272.4567 	EXP 	imageFam: image = 'REPSWITCH1_Fam/PICTURE_719.png'
272.4567 	EXP 	polygonWhiteFam: autoDraw = True
272.4567 	EXP 	imageFam: autoDraw = True
275.9502 	EXP 	textFam: autoDraw = True
278.4505 	EXP 	textFam: autoDraw = False
278.4852 	EXP 	polygonWhiteFam: autoDraw = False
278.4852 	EXP 	imageFam: autoDraw = False
278.4852 	EXP 	polygonWhiteFam: autoDraw = False
278.4852 	EXP 	imageFam: autoDraw = False
278.4852 	EXP 	textFam: autoDraw = False
278.4852 	EXP 	textBlankLoop: autoDraw = True
278.9787 	EXP 	New trial (rep=0, index=33): {'image': 'REPSWITCH1_Fam/PICTURE_733.png', 'correctAns': 'gafas'}
278.9853 	EXP 	textBlankLoop: autoDraw = False
278.9853 	EXP 	textBlankLoop: autoDraw = False
278.9853 	EXP 	fixationITI: autoDraw = True
280.0202 	EXP 	fixationITI: autoDraw = False
280.0202 	EXP 	fixationITI: autoDraw = False
280.0202 	EXP 	imageFam: image = 'REPSWITCH1_Fam/PICTURE_733.png'
280.0202 	EXP 	polygonWhiteFam: autoDraw = True
280.0202 	EXP 	imageFam: autoDraw = True
283.5137 	EXP 	textFam: autoDraw = True
286.0140 	EXP 	textFam: autoDraw = False
286.0487 	EXP 	polygonWhiteFam: autoDraw = False
286.0487 	EXP 	imageFam: autoDraw = False
286.0487 	EXP 	polygonWhiteFam: autoDraw = False
286.0487 	EXP 	imageFam: autoDraw = False
286.0487 	EXP 	textFam: autoDraw = False
286.0487 	EXP 	textBlankLoop: autoDraw = True
286.5423 	EXP 	New trial (rep=0, index=34): {'image': 'REPSWITCH1_Fam/PICTURE_728.png', 'correctAns': 'pulpo'}
286.5488 	EXP 	textBlankLoop: autoDraw = False
286.5488 	EXP 	textBlankLoop: autoDraw = False
286.5488 	EXP 	fixationITI: autoDraw = True
287.5906 	EXP 	fixationITI: autoDraw = False
287.5906 	EXP 	fixationITI: autoDraw = False
287.5906 	EXP 	imageFam: image = 'REPSWITCH1_Fam/PICTURE_728.png'
287.5906 	EXP 	polygonWhiteFam: autoDraw = True
287.5906 	EXP 	imageFam: autoDraw = True
291.0842 	EXP 	textFam: autoDraw = True
293.5844 	EXP 	textFam: autoDraw = False
293.6192 	EXP 	polygonWhiteFam: autoDraw = False
293.6192 	EXP 	imageFam: autoDraw = False
293.6192 	EXP 	polygonWhiteFam: autoDraw = False
293.6192 	EXP 	imageFam: autoDraw = False
293.6192 	EXP 	textFam: autoDraw = False
293.6192 	EXP 	textBlankLoop: autoDraw = True
294.1125 	EXP 	New trial (rep=0, index=35): {'image': 'REPSWITCH1_Fam/PICTURE_110.png', 'correctAns': 'mesa'}
294.1192 	EXP 	textBlankLoop: autoDraw = False
294.1192 	EXP 	textBlankLoop: autoDraw = False
294.1192 	EXP 	fixationITI: autoDraw = True
295.1958 	EXP 	fixationITI: autoDraw = False
295.1958 	EXP 	fixationITI: autoDraw = False
295.1958 	EXP 	imageFam: image = 'REPSWITCH1_Fam/PICTURE_110.png'
295.1958 	EXP 	polygonWhiteFam: autoDraw = True
295.1958 	EXP 	imageFam: autoDraw = True
298.6893 	EXP 	textFam: autoDraw = True
301.1896 	EXP 	textFam: autoDraw = False
301.2244 	EXP 	polygonWhiteFam: autoDraw = False
301.2244 	EXP 	imageFam: autoDraw = False
301.2244 	EXP 	polygonWhiteFam: autoDraw = False
301.2244 	EXP 	imageFam: autoDraw = False
301.2244 	EXP 	textFam: autoDraw = False
301.2244 	EXP 	textBlankLoop: autoDraw = True
301.7178 	EXP 	New trial (rep=0, index=36): {'image': 'REPSWITCH1_Fam/PICTURE_590.png', 'correctAns': 'escoba'}
301.7244 	EXP 	textBlankLoop: autoDraw = False
301.7244 	EXP 	textBlankLoop: autoDraw = False
301.7244 	EXP 	fixationITI: autoDraw = True
302.7454 	EXP 	fixationITI: autoDraw = False
302.7454 	EXP 	fixationITI: autoDraw = False
302.7454 	EXP 	imageFam: image = 'REPSWITCH1_Fam/PICTURE_590.png'
302.7454 	EXP 	polygonWhiteFam: autoDraw = True
302.7454 	EXP 	imageFam: autoDraw = True
306.2389 	EXP 	textFam: autoDraw = True
308.7393 	EXP 	textFam: autoDraw = False
308.7740 	EXP 	polygonWhiteFam: autoDraw = False
308.7740 	EXP 	imageFam: autoDraw = False
308.7740 	EXP 	polygonWhiteFam: autoDraw = False
308.7740 	EXP 	imageFam: autoDraw = False
308.7740 	EXP 	textFam: autoDraw = False
308.7740 	EXP 	textBlankLoop: autoDraw = True
309.2673 	EXP 	New trial (rep=0, index=37): {'image': 'REPSWITCH1_Fam/PICTURE_498.png', 'correctAns': 'taza'}
309.2740 	EXP 	textBlankLoop: autoDraw = False
309.2740 	EXP 	textBlankLoop: autoDraw = False
309.2740 	EXP 	fixationITI: autoDraw = True
310.3367 	EXP 	fixationITI: autoDraw = False
310.3367 	EXP 	fixationITI: autoDraw = False
310.3367 	EXP 	imageFam: image = 'REPSWITCH1_Fam/PICTURE_498.png'
310.3367 	EXP 	polygonWhiteFam: autoDraw = True
310.3367 	EXP 	imageFam: autoDraw = True
313.8302 	EXP 	textFam: autoDraw = True
316.3305 	EXP 	textFam: autoDraw = False
316.3652 	EXP 	polygonWhiteFam: autoDraw = False
316.3652 	EXP 	imageFam: autoDraw = False
316.3652 	EXP 	polygonWhiteFam: autoDraw = False
316.3652 	EXP 	imageFam: autoDraw = False
316.3652 	EXP 	textFam: autoDraw = False
316.3652 	EXP 	textBlankLoop: autoDraw = True
316.8585 	EXP 	New trial (rep=0, index=38): {'image': 'REPSWITCH1_Fam/PICTURE_646.png', 'correctAns': 'tronco'}
316.8653 	EXP 	textBlankLoop: autoDraw = False
316.8653 	EXP 	textBlankLoop: autoDraw = False
316.8653 	EXP 	fixationITI: autoDraw = True
317.9974 	EXP 	fixationITI: autoDraw = False
317.9974 	EXP 	fixationITI: autoDraw = False
317.9974 	EXP 	imageFam: image = 'REPSWITCH1_Fam/PICTURE_646.png'
317.9974 	EXP 	polygonWhiteFam: autoDraw = True
317.9974 	EXP 	imageFam: autoDraw = True
321.4909 	EXP 	textFam: autoDraw = True
323.9912 	EXP 	textFam: autoDraw = False
324.0260 	EXP 	polygonWhiteFam: autoDraw = False
324.0260 	EXP 	imageFam: autoDraw = False
324.0260 	EXP 	polygonWhiteFam: autoDraw = False
324.0260 	EXP 	imageFam: autoDraw = False
324.0260 	EXP 	textFam: autoDraw = False
324.0260 	EXP 	textBlankLoop: autoDraw = True
324.5192 	EXP 	New trial (rep=0, index=39): {'image': 'REPSWITCH1_Fam/PICTURE_135.png', 'correctAns': 'traje'}
324.5260 	EXP 	textBlankLoop: autoDraw = False
324.5260 	EXP 	textBlankLoop: autoDraw = False
324.5260 	EXP 	fixationITI: autoDraw = True
325.6650 	EXP 	fixationITI: autoDraw = False
325.6650 	EXP 	fixationITI: autoDraw = False
325.6650 	EXP 	imageFam: image = 'REPSWITCH1_Fam/PICTURE_135.png'
325.6650 	EXP 	polygonWhiteFam: autoDraw = True
325.6650 	EXP 	imageFam: autoDraw = True
329.1586 	EXP 	textFam: autoDraw = True
331.6589 	EXP 	textFam: autoDraw = False
331.6936 	EXP 	polygonWhiteFam: autoDraw = False
331.6936 	EXP 	imageFam: autoDraw = False
331.6936 	EXP 	polygonWhiteFam: autoDraw = False
331.6936 	EXP 	imageFam: autoDraw = False
331.6936 	EXP 	textFam: autoDraw = False
331.6936 	EXP 	textBlankLoop: autoDraw = True
332.1870 	EXP 	New trial (rep=0, index=40): {'image': 'REPSWITCH1_Fam/PICTURE_381.png', 'correctAns': 'fresa'}
332.1937 	EXP 	textBlankLoop: autoDraw = False
332.1937 	EXP 	textBlankLoop: autoDraw = False
332.1937 	EXP 	fixationITI: autoDraw = True
333.3397 	EXP 	fixationITI: autoDraw = False
333.3397 	EXP 	fixationITI: autoDraw = False
333.3397 	EXP 	imageFam: image = 'REPSWITCH1_Fam/PICTURE_381.png'
333.3397 	EXP 	polygonWhiteFam: autoDraw = True
333.3397 	EXP 	imageFam: autoDraw = True
336.8332 	EXP 	textFam: autoDraw = True
339.3335 	EXP 	textFam: autoDraw = False
339.3682 	EXP 	polygonWhiteFam: autoDraw = False
339.3682 	EXP 	imageFam: autoDraw = False
339.3682 	EXP 	polygonWhiteFam: autoDraw = False
339.3682 	EXP 	imageFam: autoDraw = False
339.3682 	EXP 	textFam: autoDraw = False
339.3682 	EXP 	textBlankLoop: autoDraw = True
339.8617 	EXP 	New trial (rep=0, index=41): {'image': 'REPSWITCH1_Fam/PICTURE_320.png', 'correctAns': 'iglesia'}
339.8683 	EXP 	textBlankLoop: autoDraw = False
339.8683 	EXP 	textBlankLoop: autoDraw = False
339.8683 	EXP 	fixationITI: autoDraw = True
341.0838 	EXP 	fixationITI: autoDraw = False
341.0838 	EXP 	fixationITI: autoDraw = False
341.0838 	EXP 	imageFam: image = 'REPSWITCH1_Fam/PICTURE_320.png'
341.0838 	EXP 	polygonWhiteFam: autoDraw = True
341.0838 	EXP 	imageFam: autoDraw = True
344.5772 	EXP 	textFam: autoDraw = True
347.0776 	EXP 	textFam: autoDraw = False
347.1123 	EXP 	polygonWhiteFam: autoDraw = False
347.1123 	EXP 	imageFam: autoDraw = False
347.1123 	EXP 	polygonWhiteFam: autoDraw = False
347.1123 	EXP 	imageFam: autoDraw = False
347.1123 	EXP 	textFam: autoDraw = False
347.1123 	EXP 	textBlankLoop: autoDraw = True
347.6057 	EXP 	New trial (rep=0, index=42): {'image': 'REPSWITCH1_Fam/PICTURE_271.png', 'correctAns': 'conejo'}
347.6123 	EXP 	textBlankLoop: autoDraw = False
347.6123 	EXP 	textBlankLoop: autoDraw = False
347.6123 	EXP 	fixationITI: autoDraw = True
348.6958 	EXP 	fixationITI: autoDraw = False
348.6958 	EXP 	fixationITI: autoDraw = False
348.6958 	EXP 	imageFam: image = 'REPSWITCH1_Fam/PICTURE_271.png'
348.6958 	EXP 	polygonWhiteFam: autoDraw = True
348.6958 	EXP 	imageFam: autoDraw = True
352.1894 	EXP 	textFam: autoDraw = True
354.6897 	EXP 	textFam: autoDraw = False
354.7244 	EXP 	polygonWhiteFam: autoDraw = False
354.7244 	EXP 	imageFam: autoDraw = False
354.7244 	EXP 	polygonWhiteFam: autoDraw = False
354.7244 	EXP 	imageFam: autoDraw = False
354.7244 	EXP 	textFam: autoDraw = False
354.7244 	EXP 	textBlankLoop: autoDraw = True
355.2179 	EXP 	New trial (rep=0, index=43): {'image': 'REPSWITCH1_Fam/PICTURE_663.png', 'correctAns': 'columna'}
355.2245 	EXP 	textBlankLoop: autoDraw = False
355.2245 	EXP 	textBlankLoop: autoDraw = False
355.2245 	EXP 	fixationITI: autoDraw = True
356.4607 	EXP 	fixationITI: autoDraw = False
356.4607 	EXP 	fixationITI: autoDraw = False
356.4607 	EXP 	imageFam: image = 'REPSWITCH1_Fam/PICTURE_663.png'
356.4607 	EXP 	polygonWhiteFam: autoDraw = True
356.4607 	EXP 	imageFam: autoDraw = True
359.9542 	EXP 	textFam: autoDraw = True
362.4547 	EXP 	textFam: autoDraw = False
362.4894 	EXP 	polygonWhiteFam: autoDraw = False
362.4894 	EXP 	imageFam: autoDraw = False
362.4894 	EXP 	polygonWhiteFam: autoDraw = False
362.4894 	EXP 	imageFam: autoDraw = False
362.4894 	EXP 	textFam: autoDraw = False
362.4894 	EXP 	textBlankLoop: autoDraw = True
362.9828 	EXP 	New trial (rep=0, index=44): {'image': 'REPSWITCH1_Fam/PICTURE_19.png', 'correctAns': 'pavo'}
362.9894 	EXP 	textBlankLoop: autoDraw = False
362.9894 	EXP 	textBlankLoop: autoDraw = False
362.9894 	EXP 	fixationITI: autoDraw = True
364.1215 	EXP 	fixationITI: autoDraw = False
364.1215 	EXP 	fixationITI: autoDraw = False
364.1215 	EXP 	imageFam: image = 'REPSWITCH1_Fam/PICTURE_19.png'
364.1215 	EXP 	polygonWhiteFam: autoDraw = True
364.1215 	EXP 	imageFam: autoDraw = True
367.6150 	EXP 	textFam: autoDraw = True
370.1153 	EXP 	textFam: autoDraw = False
370.1500 	EXP 	polygonWhiteFam: autoDraw = False
370.1500 	EXP 	imageFam: autoDraw = False
370.1500 	EXP 	polygonWhiteFam: autoDraw = False
370.1500 	EXP 	imageFam: autoDraw = False
370.1500 	EXP 	textFam: autoDraw = False
370.1500 	EXP 	textBlankLoop: autoDraw = True
370.6501 	EXP 	textBlankLoop: autoDraw = False
370.6501 	EXP 	textBlankLoop: autoDraw = False
370.6501 	EXP 	textboxEndFam: autoDraw = True
375.2631 	DATA 	Keypress: space
375.2688 	EXP 	textboxEndFam: autoDraw = False
375.2877 	EXP 	window1: mouseVisible = True
