7.7576 	EXP 	Created window1 = Window(allowGUI=True, allowStencil=False, autoLog=True, backendConf=UNKNOWN, bitsMode=UNKNOWN, blendMode='avg', bpc=(8, 8, 8), color=array([0, 0, 0]), colorSpace='rgb', depthBits=8, fullscr=<method-wrapper '__getattribute__' of attributeSetter object at 0x000001B01EFF7850>, gamma=None, gammaErrorPolicy='raise', lms=UNKNOWN, monitor=<psychopy.monitors.calibTools.Monitor object at 0x000001B020F7B490>, multiSample=False, name='window1', numSamples=2, pos=(192, 108), screen=0, size=array([1536,  864]), stencilBits=0, stereo=False, units='height', useFBO=True, useRetina=False, viewOri=0.0, viewPos=None, viewScale=None, waitBlanking=True, winType='pyglet')
7.7578 	EXP 	window1: mouseVisible = True
7.7579 	EXP 	window1: mouseVisible = True
7.7579 	EXP 	window1: Attempting to measure frame rate of screen (0) ...
7.7579 	EXP 	window1: recordFrameIntervals = False
7.9233 	EXP 	window1: recordFrameIntervals = True
8.1065 	EXP 	Screen (0) actual frame rate measured at 60.14Hz
8.1066 	EXP 	window1: recordFrameIntervals = False
8.1483 	WARNING 	launchHubServer: If using the iohub mouse or eyetracker devices, fullScr should be True.
10.2776 	EXP 	Created textWelcome = TextStim(__class__=<class 'psychopy.visual.text.TextStim'>, alignHoriz=method-wrapper(...), alignText='center', alignVert=method-wrapper(...), anchorHoriz='center', anchorVert='center', antialias=True, autoDraw=False, autoLog=True, bold=False, color=array([1, 1, 1]), colorSpace='rgb', contrast=1.0, depth=0.0, flipHoriz=False, flipVert=False, font='Open Sans', fontFiles=[], height=0.05, italic=False, languageStyle='LTR', name='textWelcome', opacity=1.0, ori=0.0, pos=array([0., 0.]), rgb=UNKNOWN, text='We are going to start the experiment!', units='height', win=Window(...), wrapWidth=1)
10.2786 	EXP 	Created textBlank500 = TextStim(__class__=<class 'psychopy.visual.text.TextStim'>, alignHoriz=method-wrapper(...), alignText='center', alignVert=method-wrapper(...), anchorHoriz='center', anchorVert='center', antialias=True, autoDraw=False, autoLog=True, bold=False, color=array([1, 1, 1]), colorSpace='rgb', contrast=1.0, depth=0.0, flipHoriz=False, flipVert=False, font='Open Sans', fontFiles=[], height=0.05, italic=False, languageStyle='LTR', name='textBlank500', opacity=1.0, ori=0.0, pos=array([0., 0.]), rgb=UNKNOWN, text='', units='height', win=Window(...), wrapWidth=1)
10.6957 	EXP 	Created textBlank500 = TextStim(__class__=<class 'psychopy.visual.text.TextStim'>, alignHoriz=method-wrapper(...), alignText='center', alignVert=method-wrapper(...), anchorHoriz='center', anchorVert='center', antialias=True, autoDraw=False, autoLog=True, bold=False, color=array([1, 1, 1]), colorSpace='rgb', contrast=1.0, depth=0.0, flipHoriz=False, flipVert=False, font='Open Sans', fontFiles=[], height=0.05, italic=False, languageStyle='LTR', name='textBlank500', opacity=1.0, ori=0.0, pos=array([0., 0.]), rgb=UNKNOWN, text='', units='height', win=Window(...), wrapWidth=1)
10.6973 	EXP 	Created fixationITI = ShapeStim(__class__=<class 'psychopy.visual.shape.ShapeStim'>, anchor=('center', 'center'), autoDraw=False, autoLog=True, closeShape=True, color=method-wrapper(...), colorSpace='rgb', contrast=None, depth=0.0, fillColor=array([1, 1, 1]), fillColorSpace='rgb', fillRGB=array([1, 1, 1]), interpolate=True, lineColor=array([1, 1, 1]), lineColorSpace='rgb', lineRGB=array([1, 1, 1]), lineWidth=1.0, name='fixationITI', opacity=1.0, ori=0.0, pos=array([0., 0.]), size=array([0.1, 0.1]), units='height', vertices=ndarray(...), win=Window(...), windingRule=None)
10.6984 	EXP 	Created polygonColour = Rect(__class__=<class 'psychopy.visual.rect.Rect'>, anchor=('center', 'center'), autoDraw=False, autoLog=True, closeShape=True, color=method-wrapper(...), colorSpace='rgb', contrast=None, depth=0.0, fillColor=array([1, 1, 1]), fillColorSpace='rgb', fillRGB=array([1, 1, 1]), interpolate=True, lineColor=array([1, 1, 1]), lineColorSpace='rgb', lineRGB=array([1, 1, 1]), lineWidth=1.0, name='polygonColour', opacity=1.0, ori=0.0, pos=array([0., 0.]), size=array([0.55, 0.55]), units='height', vertices=ndarray(...), win=Window(...))
10.6994 	EXP 	Created polygonWhite = Rect(__class__=<class 'psychopy.visual.rect.Rect'>, anchor=('center', 'center'), autoDraw=False, autoLog=True, closeShape=True, color=method-wrapper(...), colorSpace='rgb', contrast=None, depth=-1.0, fillColor=array([1, 1, 1]), fillColorSpace='rgb', fillRGB=array([1, 1, 1]), interpolate=True, lineColor=array([1, 1, 1]), lineColorSpace='rgb', lineRGB=array([1, 1, 1]), lineWidth=1.0, name='polygonWhite', opacity=1.0, ori=0.0, pos=array([0., 0.]), size=array([0.5, 0.5]), units='height', vertices=ndarray(...), win=Window(...))
10.7041 	EXP 	Created imageObject = ImageStim(__class__=<class 'psychopy.visual.image.ImageStim'>, anchor=('center', 'center'), autoLog=True, color=array([1, 1, 1]), colorSpace='rgb', contrast=1.0, depth=-2.0, flipHoriz=False, flipVert=False, image='sin', interpolate=True, mask=None, maskParams=None, name='imageObject', opacity=1.0, ori=0.0, pos=array([0., 0.]), size=array([0.5, 0.5]), texRes=128.0, units='height', win=Window(...))
10.7056 	EXP 	Created polygonType = Rect(__class__=<class 'psychopy.visual.rect.Rect'>, anchor=('center', 'center'), autoDraw=False, autoLog=True, closeShape=True, color=method-wrapper(...), colorSpace='rgb', contrast=None, depth=-3.0, fillColor=array([0.9216, 0.9216, 0.9216]), fillColorSpace='rgb', fillRGB=array([0.9216, 0.9216, 0.9216]), interpolate=True, lineColor=array([0.9216, 0.9216, 0.9216]), lineColorSpace='rgb', lineRGB=array([0.9216, 0.9216, 0.9216]), lineWidth=1.0, name='polygonType', opacity=1.0, ori=0.0, pos=array([0., 0.]), size=array([0.3, 0.1]), units='height', vertices=ndarray(...), win=Window(...))
10.7064 	EXP 	Created textInput = TextStim(__class__=<class 'psychopy.visual.text.TextStim'>, alignHoriz=method-wrapper(...), alignText='center', alignVert=method-wrapper(...), anchorHoriz='center', anchorVert='center', antialias=True, autoDraw=False, autoLog=True, bold=False, color=array([-1., -1., -1.]), colorSpace='rgb', contrast=1.0, depth=-4.0, flipHoriz=False, flipVert=False, font='Open Sans', fontFiles=[], height=0.05, italic=False, languageStyle='LTR', name='textInput', opacity=1.0, ori=0.0, pos=array([0., 0.]), rgb=UNKNOWN, text='', units='height', win=Window(...), wrapWidth=1)
12.0698 	EXP 	Created textBlank500 = TextStim(__class__=<class 'psychopy.visual.text.TextStim'>, alignHoriz=method-wrapper(...), alignText='center', alignVert=method-wrapper(...), anchorHoriz='center', anchorVert='center', antialias=True, autoDraw=False, autoLog=True, bold=False, color=array([1, 1, 1]), colorSpace='rgb', contrast=1.0, depth=0.0, flipHoriz=False, flipVert=False, font='Open Sans', fontFiles=[], height=0.05, italic=False, languageStyle='LTR', name='textBlank500', opacity=1.0, ori=0.0, pos=array([0., 0.]), rgb=UNKNOWN, text='', units='height', win=Window(...), wrapWidth=1)
12.0945 	EXP 	Created textBlank500 = TextStim(__class__=<class 'psychopy.visual.text.TextStim'>, alignHoriz=method-wrapper(...), alignText='center', alignVert=method-wrapper(...), anchorHoriz='center', anchorVert='center', antialias=True, autoDraw=False, autoLog=True, bold=False, color=array([1, 1, 1]), colorSpace='rgb', contrast=1.0, depth=0.0, flipHoriz=False, flipVert=False, font='Open Sans', fontFiles=[], height=0.05, italic=False, languageStyle='LTR', name='textBlank500', opacity=1.0, ori=0.0, pos=array([0., 0.]), rgb=UNKNOWN, text='', units='height', win=Window(...), wrapWidth=1)
12.1401 	EXP 	textboxInstrMain1: autoLog = True
12.1401 	EXP 	textboxInstrMain1_2: autoLog = True
12.1401 	EXP 	textboxInstrMain1_3: autoLog = True
12.1401 	EXP 	textboxInstrMain2: autoLog = True
12.1401 	EXP 	textboxInstrMain2_2: autoLog = True
12.1401 	EXP 	textboxInstrMain2_3: autoLog = True
12.1401 	EXP 	textboxInstrMain2_4: autoLog = True
12.1401 	EXP 	textboxInstrMain2_5: autoLog = True
12.1401 	EXP 	textboxInstrMain2_6: autoLog = True
12.1401 	EXP 	textboxInstrMain2_7: autoLog = True
12.1401 	EXP 	textboxInstrMain2_8: autoLog = True
12.1401 	EXP 	textboxInstrMain2_9: autoLog = True
12.1401 	EXP 	textboxInstrMain2_10: autoLog = True
12.1401 	EXP 	textboxInstrMain2_11: autoLog = True
12.1401 	EXP 	textboxInstrMain2_12: autoLog = True
12.1401 	EXP 	textboxPause: autoLog = True
12.1401 	EXP 	textboxGoodbye: autoLog = True
12.1401 	EXP 	textWelcome: autoDraw = True
14.1378 	EXP 	textWelcome: autoDraw = False
14.1378 	EXP 	textBlank500: autoDraw = True
14.6531 	EXP 	textBlank500: autoDraw = False
14.6531 	EXP 	textboxInstrMain1: autoDraw = True
14.6531 	EXP 	textboxInstrMain1_2: autoDraw = True
14.6531 	EXP 	textboxInstrMain1_3: autoDraw = True
15.3137 	DATA 	Keypress: space
15.3199 	EXP 	textboxInstrMain1: autoDraw = False
15.3199 	EXP 	textboxInstrMain1_2: autoDraw = False
15.3199 	EXP 	textboxInstrMain1_3: autoDraw = False
15.3199 	EXP 	textboxInstrMain2: autoDraw = True
15.3199 	EXP 	textboxInstrMain2_2: autoDraw = True
15.3199 	EXP 	textboxInstrMain2_3: autoDraw = True
15.3199 	EXP 	textboxInstrMain2_4: autoDraw = True
15.3199 	EXP 	textboxInstrMain2_5: autoDraw = True
15.3199 	EXP 	textboxInstrMain2_6: autoDraw = True
15.3199 	EXP 	textboxInstrMain2_7: autoDraw = True
15.3199 	EXP 	textboxInstrMain2_8: autoDraw = True
15.3199 	EXP 	textboxInstrMain2_9: autoDraw = True
15.3199 	EXP 	textboxInstrMain2_10: autoDraw = True
15.3199 	EXP 	textboxInstrMain2_11: autoDraw = True
15.3199 	EXP 	textboxInstrMain2_12: autoDraw = True
15.8213 	DATA 	Keypress: space
15.8373 	EXP 	textboxInstrMain2: autoDraw = False
15.8373 	EXP 	textboxInstrMain2_2: autoDraw = False
15.8373 	EXP 	textboxInstrMain2_3: autoDraw = False
15.8373 	EXP 	textboxInstrMain2_4: autoDraw = False
15.8373 	EXP 	textboxInstrMain2_5: autoDraw = False
15.8373 	EXP 	textboxInstrMain2_6: autoDraw = False
15.8373 	EXP 	textboxInstrMain2_7: autoDraw = False
15.8373 	EXP 	textboxInstrMain2_8: autoDraw = False
15.8373 	EXP 	textboxInstrMain2_9: autoDraw = False
15.8373 	EXP 	textboxInstrMain2_10: autoDraw = False
15.8373 	EXP 	textboxInstrMain2_11: autoDraw = False
15.8373 	EXP 	textboxInstrMain2_12: autoDraw = False
15.8373 	EXP 	textBlank500: autoDraw = True
16.4313 	EXP 	Imported repswitch.xlsx as conditions, 384 conditions, 11 params
16.4359 	EXP 	Created sequence: sequential, trialTypes=384, nReps=1, seed=None
16.4363 	EXP 	New trial (rep=0, index=0): {'image': 'REPSWITCH1/PICTURE_178.png', 'correctAns': 'puente', 'respModal': 'speak', 'frameColor': 'yellow', 'repSwitch': 'nontarget', 'sequence': 2, 'target': 'NT', 'set': 1, 'stimulus': 'Stim1_Set1', 'order': 1, 'psychopy_order': 0}
16.4526 	EXP 	textBlank500: autoDraw = False
16.4526 	EXP 	fixationITI: autoDraw = True
17.8202 	EXP 	fixationITI: autoDraw = False
17.8202 	EXP 	fixationITI: autoDraw = False
17.8202 	EXP 	polygonColour: fillColor = <psychopy.colors.Color: yellow, alpha=1.0>
17.8202 	EXP 	polygonColour: borderColor = <psychopy.colors.Color: yellow, alpha=1.0>
17.8202 	EXP 	imageObject: image = 'REPSWITCH1/PICTURE_178.png'
17.8202 	EXP 	polygonColour: autoDraw = True
17.8202 	EXP 	polygonWhite: autoDraw = True
17.8202 	EXP 	imageObject: autoDraw = True
17.8202 	EXP 	polygonType: autoDraw = True
17.8202 	EXP 	textInput: autoDraw = True
17.8202 	EXP 	textInput: height = 0.05
17.8202 	EXP 	textInput: height = 0.05
17.8202 	EXP 	textInput: height = 0.05
17.8202 	EXP 	textInput: text = ''
18.4906 	DATA 	Keypress: p
18.7566 	DATA 	Keypress: u
18.8899 	DATA 	Keypress: e
19.0061 	DATA 	Keypress: n
19.0899 	DATA 	Keypress: t
19.1730 	DATA 	Keypress: e
20.8160 	EXP 	window1: mouseVisible = True
