10.2659 	EXP 	Created window1 = Window(allowGUI=True, allowStencil=False, autoLog=True, backendConf=UNKNOWN, bitsMode=UNKNOWN, blendMode='avg', bpc=(8, 8, 8), color=array([0, 0, 0]), colorSpace='rgb', depthBits=8, fullscr=<method-wrapper '__getattribute__' of attributeSetter object at 0x000001CCAE02AB20>, gamma=None, gammaErrorPolicy='raise', lms=UNKNOWN, monitor=<psychopy.monitors.calibTools.Monitor object at 0x000001CCB453ED00>, multiSample=False, name='window1', numSamples=2, pos=(0, 0), screen=0, size=array([1920, 1080]), stencilBits=0, stereo=False, units='height', useFBO=True, useRetina=False, viewOri=0.0, viewPos=None, viewScale=None, waitBlanking=True, winType='pyglet')
10.2659 	EXP 	window1: mouseVisible = True
10.2660 	EXP 	window1: mouseVisible = False
10.2660 	EXP 	window1: Attempting to measure frame rate of screen (0) ...
10.2660 	EXP 	window1: recordFrameIntervals = False
10.3351 	EXP 	window1: recordFrameIntervals = True
10.4116 	EXP 	Screen (0) actual frame rate measured at 143.98Hz
10.4116 	EXP 	window1: recordFrameIntervals = False
11.6621 	EXP 	Created textWelcomeFam = TextStim(__class__=<class 'psychopy.visual.text.TextStim'>, alignHoriz=method-wrapper(...), alignText='center', alignVert=method-wrapper(...), anchorHoriz='center', anchorVert='center', antialias=True, autoDraw=False, autoLog=True, bold=False, color=array([1, 1, 1]), colorSpace='rgb', contrast=1.0, depth=0.0, flipHoriz=False, flipVert=False, font='Open Sans', fontFiles=[], height=0.05, italic=False, languageStyle='LTR', name='textWelcomeFam', opacity=1.0, ori=0.0, pos=array([0., 0.]), rgb=UNKNOWN, text='Bienvenido/a al experimento!', units='height', win=Window(...), wrapWidth=1)
11.7027 	EXP 	Created fixationITI = ShapeStim(__class__=<class 'psychopy.visual.shape.ShapeStim'>, anchor=('center', 'center'), autoDraw=False, autoLog=True, closeShape=True, color=method-wrapper(...), colorSpace='rgb', contrast=None, depth=0.0, fillColor=array([1, 1, 1]), fillColorSpace='rgb', fillRGB=array([1, 1, 1]), interpolate=True, lineColor=array([1, 1, 1]), lineColorSpace='rgb', lineRGB=array([1, 1, 1]), lineWidth=1.0, name='fixationITI', opacity=1.0, ori=0.0, pos=array([0., 0.]), size=array([0.1, 0.1]), units='height', vertices=ndarray(...), win=Window(...), windingRule=None)
11.7033 	EXP 	Created polygonWhiteFam = Rect(__class__=<class 'psychopy.visual.rect.Rect'>, anchor=('center', 'center'), autoDraw=False, autoLog=True, closeShape=True, color=method-wrapper(...), colorSpace='rgb', contrast=None, depth=0.0, fillColor=array([1, 1, 1]), fillColorSpace='rgb', fillRGB=array([1, 1, 1]), interpolate=True, lineColor=array([1, 1, 1]), lineColorSpace='rgb', lineRGB=array([1, 1, 1]), lineWidth=1.0, name='polygonWhiteFam', opacity=1.0, ori=0.0, pos=array([0., 0.]), size=array([0.5, 0.5]), units='height', vertices=ndarray(...), win=Window(...))
11.7063 	EXP 	Created imageFam = ImageStim(__class__=<class 'psychopy.visual.image.ImageStim'>, anchor=('center', 'center'), autoLog=True, color=array([1, 1, 1]), colorSpace='rgb', contrast=1.0, depth=-1.0, flipHoriz=False, flipVert=False, image='sin', interpolate=True, mask=None, maskParams=None, name='imageFam', opacity=1.0, ori=0.0, pos=array([0., 0.]), size=array([0.5, 0.5]), texRes=128.0, units='height', win=Window(...))
11.7067 	EXP 	Created textFam = TextStim(__class__=<class 'psychopy.visual.text.TextStim'>, alignHoriz=method-wrapper(...), alignText='center', alignVert=method-wrapper(...), anchorHoriz='center', anchorVert='center', antialias=True, autoDraw=False, autoLog=True, bold=False, color=array([1, 1, 1]), colorSpace='rgb', contrast=1.0, depth=-2.0, flipHoriz=False, flipVert=False, font='Open Sans', fontFiles=[], height=0.05, italic=False, languageStyle='LTR', name='textFam', opacity=1.0, ori=0.0, pos=array([ 0. , -0.3]), rgb=UNKNOWN, text='', units='height', win=Window(...), wrapWidth=1)
11.7532 	EXP 	Created textBlankLoop = TextStim(__class__=<class 'psychopy.visual.text.TextStim'>, alignHoriz=method-wrapper(...), alignText='center', alignVert=method-wrapper(...), anchorHoriz='center', anchorVert='center', antialias=True, autoDraw=False, autoLog=True, bold=False, color=array([1, 1, 1]), colorSpace='rgb', contrast=1.0, depth=0.0, flipHoriz=False, flipVert=False, font='Open Sans', fontFiles=[], height=0.05, italic=False, languageStyle='LTR', name='textBlankLoop', opacity=1.0, ori=0.0, pos=array([0., 0.]), rgb=UNKNOWN, text='', units='height', win=Window(...), wrapWidth=1)
11.7745 	EXP 	textboxInstrFam: autoLog = True
11.7745 	EXP 	textboxEndFam: autoLog = True
11.7745 	EXP 	textWelcomeFam: autoDraw = True
13.7730 	EXP 	textWelcomeFam: autoDraw = False
13.7730 	EXP 	textboxInstrFam: autoDraw = True
19.2385 	EXP 	Imported repswitch_fam.xlsx as conditions, 45 conditions, 2 params
19.2390 	EXP 	Created sequence: random, trialTypes=45, nReps=1, seed=None
19.2391 	EXP 	New trial (rep=0, index=0): {'image': 'REPSWITCH1_Fam/PICTURE_271.png', 'correctAns': 'conejo'}
19.2398 	DATA 	Keypress: space
19.2460 	EXP 	textboxInstrFam: autoDraw = False
19.2460 	EXP 	fixationITI: autoDraw = True
20.4198 	EXP 	fixationITI: autoDraw = False
20.4198 	EXP 	fixationITI: autoDraw = False
20.4198 	EXP 	imageFam: image = 'REPSWITCH1_Fam/PICTURE_271.png'
20.4198 	EXP 	polygonWhiteFam: autoDraw = True
20.4198 	EXP 	imageFam: autoDraw = True
23.9133 	EXP 	textFam: autoDraw = True
26.4136 	EXP 	textFam: autoDraw = False
26.4483 	EXP 	polygonWhiteFam: autoDraw = False
26.4483 	EXP 	imageFam: autoDraw = False
26.4483 	EXP 	polygonWhiteFam: autoDraw = False
26.4483 	EXP 	imageFam: autoDraw = False
26.4483 	EXP 	textFam: autoDraw = False
26.4483 	EXP 	textBlankLoop: autoDraw = True
26.9417 	EXP 	New trial (rep=0, index=1): {'image': 'REPSWITCH1_Fam/PICTURE_48.png', 'correctAns': 'bombero'}
26.9484 	EXP 	textBlankLoop: autoDraw = False
26.9484 	EXP 	textBlankLoop: autoDraw = False
26.9484 	EXP 	fixationITI: autoDraw = True
28.0180 	EXP 	fixationITI: autoDraw = False
28.0180 	EXP 	fixationITI: autoDraw = False
28.0180 	EXP 	imageFam: image = 'REPSWITCH1_Fam/PICTURE_48.png'
28.0180 	EXP 	polygonWhiteFam: autoDraw = True
28.0180 	EXP 	imageFam: autoDraw = True
31.5116 	EXP 	textFam: autoDraw = True
34.0118 	EXP 	textFam: autoDraw = False
34.0466 	EXP 	polygonWhiteFam: autoDraw = False
34.0466 	EXP 	imageFam: autoDraw = False
34.0466 	EXP 	polygonWhiteFam: autoDraw = False
34.0466 	EXP 	imageFam: autoDraw = False
34.0466 	EXP 	textFam: autoDraw = False
34.0466 	EXP 	textBlankLoop: autoDraw = True
34.5400 	EXP 	New trial (rep=0, index=2): {'image': 'REPSWITCH1_Fam/PICTURE_728.png', 'correctAns': 'pulpo'}
34.5467 	EXP 	textBlankLoop: autoDraw = False
34.5467 	EXP 	textBlankLoop: autoDraw = False
34.5467 	EXP 	fixationITI: autoDraw = True
35.6092 	EXP 	fixationITI: autoDraw = False
35.6092 	EXP 	fixationITI: autoDraw = False
35.6092 	EXP 	imageFam: image = 'REPSWITCH1_Fam/PICTURE_728.png'
35.6092 	EXP 	polygonWhiteFam: autoDraw = True
35.6092 	EXP 	imageFam: autoDraw = True
39.1028 	EXP 	textFam: autoDraw = True
41.6031 	EXP 	textFam: autoDraw = False
41.6378 	EXP 	polygonWhiteFam: autoDraw = False
41.6378 	EXP 	imageFam: autoDraw = False
41.6378 	EXP 	polygonWhiteFam: autoDraw = False
41.6378 	EXP 	imageFam: autoDraw = False
41.6378 	EXP 	textFam: autoDraw = False
41.6378 	EXP 	textBlankLoop: autoDraw = True
42.1312 	EXP 	New trial (rep=0, index=3): {'image': 'REPSWITCH1_Fam/PICTURE_178.png', 'correctAns': 'puente'}
42.1379 	EXP 	textBlankLoop: autoDraw = False
42.1379 	EXP 	textBlankLoop: autoDraw = False
42.1379 	EXP 	fixationITI: autoDraw = True
43.2283 	EXP 	fixationITI: autoDraw = False
43.2283 	EXP 	fixationITI: autoDraw = False
43.2283 	EXP 	imageFam: image = 'REPSWITCH1_Fam/PICTURE_178.png'
43.2283 	EXP 	polygonWhiteFam: autoDraw = True
43.2283 	EXP 	imageFam: autoDraw = True
46.7218 	EXP 	textFam: autoDraw = True
49.2222 	EXP 	textFam: autoDraw = False
49.2569 	EXP 	polygonWhiteFam: autoDraw = False
49.2569 	EXP 	imageFam: autoDraw = False
49.2569 	EXP 	polygonWhiteFam: autoDraw = False
49.2569 	EXP 	imageFam: autoDraw = False
49.2569 	EXP 	textFam: autoDraw = False
49.2569 	EXP 	textBlankLoop: autoDraw = True
49.7502 	EXP 	New trial (rep=0, index=4): {'image': 'REPSWITCH1_Fam/PICTURE_673.png', 'correctAns': 'tenedor'}
49.7569 	EXP 	textBlankLoop: autoDraw = False
49.7569 	EXP 	textBlankLoop: autoDraw = False
49.7569 	EXP 	fixationITI: autoDraw = True
50.8543 	EXP 	fixationITI: autoDraw = False
50.8543 	EXP 	fixationITI: autoDraw = False
50.8543 	EXP 	imageFam: image = 'REPSWITCH1_Fam/PICTURE_673.png'
50.8543 	EXP 	polygonWhiteFam: autoDraw = True
50.8543 	EXP 	imageFam: autoDraw = True
54.3478 	EXP 	textFam: autoDraw = True
56.8481 	EXP 	textFam: autoDraw = False
56.8829 	EXP 	polygonWhiteFam: autoDraw = False
56.8829 	EXP 	imageFam: autoDraw = False
56.8829 	EXP 	polygonWhiteFam: autoDraw = False
56.8829 	EXP 	imageFam: autoDraw = False
56.8829 	EXP 	textFam: autoDraw = False
56.8829 	EXP 	textBlankLoop: autoDraw = True
57.3762 	EXP 	New trial (rep=0, index=5): {'image': 'REPSWITCH1_Fam/PICTURE_16.png', 'correctAns': 'cazador'}
57.3829 	EXP 	textBlankLoop: autoDraw = False
57.3829 	EXP 	textBlankLoop: autoDraw = False
57.3829 	EXP 	fixationITI: autoDraw = True
58.4317 	EXP 	fixationITI: autoDraw = False
58.4317 	EXP 	fixationITI: autoDraw = False
58.4317 	EXP 	imageFam: image = 'REPSWITCH1_Fam/PICTURE_16.png'
58.4317 	EXP 	polygonWhiteFam: autoDraw = True
58.4317 	EXP 	imageFam: autoDraw = True
61.9252 	EXP 	textFam: autoDraw = True
64.4255 	EXP 	textFam: autoDraw = False
64.4602 	EXP 	polygonWhiteFam: autoDraw = False
64.4602 	EXP 	imageFam: autoDraw = False
64.4602 	EXP 	polygonWhiteFam: autoDraw = False
64.4602 	EXP 	imageFam: autoDraw = False
64.4602 	EXP 	textFam: autoDraw = False
64.4602 	EXP 	textBlankLoop: autoDraw = True
64.9537 	EXP 	New trial (rep=0, index=6): {'image': 'REPSWITCH1_Fam/PICTURE_590.png', 'correctAns': 'escoba'}
64.9603 	EXP 	textBlankLoop: autoDraw = False
64.9603 	EXP 	textBlankLoop: autoDraw = False
64.9603 	EXP 	fixationITI: autoDraw = True
66.0577 	EXP 	fixationITI: autoDraw = False
66.0577 	EXP 	fixationITI: autoDraw = False
66.0577 	EXP 	imageFam: image = 'REPSWITCH1_Fam/PICTURE_590.png'
66.0577 	EXP 	polygonWhiteFam: autoDraw = True
66.0577 	EXP 	imageFam: autoDraw = True
69.5512 	EXP 	textFam: autoDraw = True
72.0515 	EXP 	textFam: autoDraw = False
72.0863 	EXP 	polygonWhiteFam: autoDraw = False
72.0863 	EXP 	imageFam: autoDraw = False
72.0863 	EXP 	polygonWhiteFam: autoDraw = False
72.0863 	EXP 	imageFam: autoDraw = False
72.0863 	EXP 	textFam: autoDraw = False
72.0863 	EXP 	textBlankLoop: autoDraw = True
72.5796 	EXP 	New trial (rep=0, index=7): {'image': 'REPSWITCH1_Fam/PICTURE_175.png', 'correctAns': 'pintor'}
72.5863 	EXP 	textBlankLoop: autoDraw = False
72.5863 	EXP 	textBlankLoop: autoDraw = False
72.5863 	EXP 	fixationITI: autoDraw = True
73.7045 	EXP 	fixationITI: autoDraw = False
73.7045 	EXP 	fixationITI: autoDraw = False
73.7045 	EXP 	imageFam: image = 'REPSWITCH1_Fam/PICTURE_175.png'
73.7045 	EXP 	polygonWhiteFam: autoDraw = True
73.7045 	EXP 	imageFam: autoDraw = True
77.1980 	EXP 	textFam: autoDraw = True
79.6983 	EXP 	textFam: autoDraw = False
79.7331 	EXP 	polygonWhiteFam: autoDraw = False
79.7331 	EXP 	imageFam: autoDraw = False
79.7331 	EXP 	polygonWhiteFam: autoDraw = False
79.7331 	EXP 	imageFam: autoDraw = False
79.7331 	EXP 	textFam: autoDraw = False
79.7331 	EXP 	textBlankLoop: autoDraw = True
80.2264 	EXP 	New trial (rep=0, index=8): {'image': 'REPSWITCH1_Fam/PICTURE_599.png', 'correctAns': 'nube'}
80.2331 	EXP 	textBlankLoop: autoDraw = False
80.2331 	EXP 	textBlankLoop: autoDraw = False
80.2331 	EXP 	fixationITI: autoDraw = True
81.3374 	EXP 	fixationITI: autoDraw = False
81.3374 	EXP 	fixationITI: autoDraw = False
81.3374 	EXP 	imageFam: image = 'REPSWITCH1_Fam/PICTURE_599.png'
81.3374 	EXP 	polygonWhiteFam: autoDraw = True
81.3374 	EXP 	imageFam: autoDraw = True
84.8309 	EXP 	textFam: autoDraw = True
87.3313 	EXP 	textFam: autoDraw = False
87.3660 	EXP 	polygonWhiteFam: autoDraw = False
87.3660 	EXP 	imageFam: autoDraw = False
87.3660 	EXP 	polygonWhiteFam: autoDraw = False
87.3660 	EXP 	imageFam: autoDraw = False
87.3660 	EXP 	textFam: autoDraw = False
87.3660 	EXP 	textBlankLoop: autoDraw = True
87.8594 	EXP 	New trial (rep=0, index=9): {'image': 'REPSWITCH1_Fam/PICTURE_646.png', 'correctAns': 'tronco'}
87.8661 	EXP 	textBlankLoop: autoDraw = False
87.8661 	EXP 	textBlankLoop: autoDraw = False
87.8661 	EXP 	fixationITI: autoDraw = True
89.0468 	EXP 	fixationITI: autoDraw = False
89.0468 	EXP 	fixationITI: autoDraw = False
89.0468 	EXP 	imageFam: image = 'REPSWITCH1_Fam/PICTURE_646.png'
89.0468 	EXP 	polygonWhiteFam: autoDraw = True
89.0468 	EXP 	imageFam: autoDraw = True
92.5403 	EXP 	textFam: autoDraw = True
95.0406 	EXP 	textFam: autoDraw = False
95.0753 	EXP 	polygonWhiteFam: autoDraw = False
95.0753 	EXP 	imageFam: autoDraw = False
95.0753 	EXP 	polygonWhiteFam: autoDraw = False
95.0753 	EXP 	imageFam: autoDraw = False
95.0753 	EXP 	textFam: autoDraw = False
95.0753 	EXP 	textBlankLoop: autoDraw = True
95.5689 	EXP 	New trial (rep=0, index=10): {'image': 'REPSWITCH1_Fam/PICTURE_464.png', 'correctAns': 'goma'}
95.5755 	EXP 	textBlankLoop: autoDraw = False
95.5755 	EXP 	textBlankLoop: autoDraw = False
95.5755 	EXP 	fixationITI: autoDraw = True
96.6311 	EXP 	fixationITI: autoDraw = False
96.6311 	EXP 	fixationITI: autoDraw = False
96.6311 	EXP 	imageFam: image = 'REPSWITCH1_Fam/PICTURE_464.png'
96.6311 	EXP 	polygonWhiteFam: autoDraw = True
96.6311 	EXP 	imageFam: autoDraw = True
100.1247 	EXP 	textFam: autoDraw = True
102.6249 	EXP 	textFam: autoDraw = False
102.6597 	EXP 	polygonWhiteFam: autoDraw = False
102.6597 	EXP 	imageFam: autoDraw = False
102.6597 	EXP 	polygonWhiteFam: autoDraw = False
102.6597 	EXP 	imageFam: autoDraw = False
102.6597 	EXP 	textFam: autoDraw = False
102.6597 	EXP 	textBlankLoop: autoDraw = True
103.1530 	EXP 	New trial (rep=0, index=11): {'image': 'REPSWITCH1_Fam/PICTURE_242.png', 'correctAns': 'cartero'}
103.1597 	EXP 	textBlankLoop: autoDraw = False
103.1597 	EXP 	textBlankLoop: autoDraw = False
103.1597 	EXP 	fixationITI: autoDraw = True
104.2918 	EXP 	fixationITI: autoDraw = False
104.2918 	EXP 	fixationITI: autoDraw = False
104.2918 	EXP 	imageFam: image = 'REPSWITCH1_Fam/PICTURE_242.png'
104.2918 	EXP 	polygonWhiteFam: autoDraw = True
104.2918 	EXP 	imageFam: autoDraw = True
107.7853 	EXP 	textFam: autoDraw = True
110.2856 	EXP 	textFam: autoDraw = False
110.3204 	EXP 	polygonWhiteFam: autoDraw = False
110.3204 	EXP 	imageFam: autoDraw = False
110.3204 	EXP 	polygonWhiteFam: autoDraw = False
110.3204 	EXP 	imageFam: autoDraw = False
110.3204 	EXP 	textFam: autoDraw = False
110.3204 	EXP 	textBlankLoop: autoDraw = True
110.8138 	EXP 	New trial (rep=0, index=12): {'image': 'REPSWITCH1_Fam/PICTURE_319.png', 'correctAns': 'vaca'}
110.8204 	EXP 	textBlankLoop: autoDraw = False
110.8204 	EXP 	textBlankLoop: autoDraw = False
110.8204 	EXP 	fixationITI: autoDraw = True
111.9526 	EXP 	fixationITI: autoDraw = False
111.9526 	EXP 	fixationITI: autoDraw = False
111.9526 	EXP 	imageFam: image = 'REPSWITCH1_Fam/PICTURE_319.png'
111.9526 	EXP 	polygonWhiteFam: autoDraw = True
111.9526 	EXP 	imageFam: autoDraw = True
115.4461 	EXP 	textFam: autoDraw = True
117.9464 	EXP 	textFam: autoDraw = False
117.9812 	EXP 	polygonWhiteFam: autoDraw = False
117.9812 	EXP 	imageFam: autoDraw = False
117.9812 	EXP 	polygonWhiteFam: autoDraw = False
117.9812 	EXP 	imageFam: autoDraw = False
117.9812 	EXP 	textFam: autoDraw = False
117.9812 	EXP 	textBlankLoop: autoDraw = True
118.4746 	EXP 	New trial (rep=0, index=13): {'image': 'REPSWITCH1_Fam/PICTURE_576.png', 'correctAns': 'guante'}
118.4812 	EXP 	textBlankLoop: autoDraw = False
118.4812 	EXP 	textBlankLoop: autoDraw = False
118.4812 	EXP 	fixationITI: autoDraw = True
119.5369 	EXP 	fixationITI: autoDraw = False
119.5369 	EXP 	fixationITI: autoDraw = False
119.5369 	EXP 	imageFam: image = 'REPSWITCH1_Fam/PICTURE_576.png'
119.5369 	EXP 	polygonWhiteFam: autoDraw = True
119.5369 	EXP 	imageFam: autoDraw = True
123.0304 	EXP 	textFam: autoDraw = True
125.5308 	EXP 	textFam: autoDraw = False
125.5655 	EXP 	polygonWhiteFam: autoDraw = False
125.5655 	EXP 	imageFam: autoDraw = False
125.5655 	EXP 	polygonWhiteFam: autoDraw = False
125.5655 	EXP 	imageFam: autoDraw = False
125.5655 	EXP 	textFam: autoDraw = False
125.5655 	EXP 	textBlankLoop: autoDraw = True
126.0588 	EXP 	New trial (rep=0, index=14): {'image': 'REPSWITCH1_Fam/PICTURE_169.png', 'correctAns': 'espalda'}
126.0655 	EXP 	textBlankLoop: autoDraw = False
126.0655 	EXP 	textBlankLoop: autoDraw = False
126.0655 	EXP 	fixationITI: autoDraw = True
127.2740 	EXP 	fixationITI: autoDraw = False
127.2740 	EXP 	fixationITI: autoDraw = False
127.2740 	EXP 	imageFam: image = 'REPSWITCH1_Fam/PICTURE_169.png'
127.2740 	EXP 	polygonWhiteFam: autoDraw = True
127.2740 	EXP 	imageFam: autoDraw = True
130.7675 	EXP 	textFam: autoDraw = True
133.2678 	EXP 	textFam: autoDraw = False
133.3026 	EXP 	polygonWhiteFam: autoDraw = False
133.3026 	EXP 	imageFam: autoDraw = False
133.3026 	EXP 	polygonWhiteFam: autoDraw = False
133.3026 	EXP 	imageFam: autoDraw = False
133.3026 	EXP 	textFam: autoDraw = False
133.3026 	EXP 	textBlankLoop: autoDraw = True
133.7960 	EXP 	New trial (rep=0, index=15): {'image': 'REPSWITCH1_Fam/PICTURE_391.png', 'correctAns': 'cadena'}
133.8027 	EXP 	textBlankLoop: autoDraw = False
133.8027 	EXP 	textBlankLoop: autoDraw = False
133.8027 	EXP 	fixationITI: autoDraw = True
134.8791 	EXP 	fixationITI: autoDraw = False
134.8791 	EXP 	fixationITI: autoDraw = False
134.8791 	EXP 	imageFam: image = 'REPSWITCH1_Fam/PICTURE_391.png'
134.8791 	EXP 	polygonWhiteFam: autoDraw = True
134.8791 	EXP 	imageFam: autoDraw = True
138.3727 	EXP 	textFam: autoDraw = True
140.8730 	EXP 	textFam: autoDraw = False
140.9077 	EXP 	polygonWhiteFam: autoDraw = False
140.9077 	EXP 	imageFam: autoDraw = False
140.9077 	EXP 	polygonWhiteFam: autoDraw = False
140.9077 	EXP 	imageFam: autoDraw = False
140.9077 	EXP 	textFam: autoDraw = False
140.9077 	EXP 	textBlankLoop: autoDraw = True
141.4011 	EXP 	New trial (rep=0, index=16): {'image': 'REPSWITCH1_Fam/PICTURE_663.png', 'correctAns': 'columna'}
141.4078 	EXP 	textBlankLoop: autoDraw = False
141.4078 	EXP 	textBlankLoop: autoDraw = False
141.4078 	EXP 	fixationITI: autoDraw = True
142.6301 	EXP 	fixationITI: autoDraw = False
142.6301 	EXP 	fixationITI: autoDraw = False
142.6301 	EXP 	imageFam: image = 'REPSWITCH1_Fam/PICTURE_663.png'
142.6301 	EXP 	polygonWhiteFam: autoDraw = True
142.6301 	EXP 	imageFam: autoDraw = True
146.1237 	EXP 	textFam: autoDraw = True
148.6240 	EXP 	textFam: autoDraw = False
148.6587 	EXP 	polygonWhiteFam: autoDraw = False
148.6587 	EXP 	imageFam: autoDraw = False
148.6587 	EXP 	polygonWhiteFam: autoDraw = False
148.6587 	EXP 	imageFam: autoDraw = False
148.6587 	EXP 	textFam: autoDraw = False
148.6587 	EXP 	textBlankLoop: autoDraw = True
149.1521 	EXP 	New trial (rep=0, index=17): {'image': 'REPSWITCH1_Fam/PICTURE_614.png', 'correctAns': 'reina'}
149.1588 	EXP 	textBlankLoop: autoDraw = False
149.1588 	EXP 	textBlankLoop: autoDraw = False
149.1588 	EXP 	fixationITI: autoDraw = True
150.2075 	EXP 	fixationITI: autoDraw = False
150.2075 	EXP 	fixationITI: autoDraw = False
150.2075 	EXP 	imageFam: image = 'REPSWITCH1_Fam/PICTURE_614.png'
150.2075 	EXP 	polygonWhiteFam: autoDraw = True
150.2075 	EXP 	imageFam: autoDraw = True
153.7010 	EXP 	textFam: autoDraw = True
156.2014 	EXP 	textFam: autoDraw = False
156.2361 	EXP 	polygonWhiteFam: autoDraw = False
156.2361 	EXP 	imageFam: autoDraw = False
156.2361 	EXP 	polygonWhiteFam: autoDraw = False
156.2361 	EXP 	imageFam: autoDraw = False
156.2361 	EXP 	textFam: autoDraw = False
156.2361 	EXP 	textBlankLoop: autoDraw = True
156.7295 	EXP 	New trial (rep=0, index=18): {'image': 'REPSWITCH1_Fam/PICTURE_128.png', 'correctAns': 'muñeca'}
156.7362 	EXP 	textBlankLoop: autoDraw = False
156.7362 	EXP 	textBlankLoop: autoDraw = False
156.7362 	EXP 	fixationITI: autoDraw = True
157.8405 	EXP 	fixationITI: autoDraw = False
157.8405 	EXP 	fixationITI: autoDraw = False
157.8405 	EXP 	imageFam: image = 'REPSWITCH1_Fam/PICTURE_128.png'
157.8405 	EXP 	polygonWhiteFam: autoDraw = True
157.8405 	EXP 	imageFam: autoDraw = True
161.3340 	EXP 	textFam: autoDraw = True
163.8343 	EXP 	textFam: autoDraw = False
163.8690 	EXP 	polygonWhiteFam: autoDraw = False
163.8690 	EXP 	imageFam: autoDraw = False
163.8690 	EXP 	polygonWhiteFam: autoDraw = False
163.8690 	EXP 	imageFam: autoDraw = False
163.8690 	EXP 	textFam: autoDraw = False
163.8690 	EXP 	textBlankLoop: autoDraw = True
164.3624 	EXP 	New trial (rep=0, index=19): {'image': 'REPSWITCH1_Fam/PICTURE_142.png', 'correctAns': 'vaso'}
164.3691 	EXP 	textBlankLoop: autoDraw = False
164.3691 	EXP 	textBlankLoop: autoDraw = False
164.3691 	EXP 	fixationITI: autoDraw = True
165.5220 	EXP 	fixationITI: autoDraw = False
165.5220 	EXP 	fixationITI: autoDraw = False
165.5220 	EXP 	imageFam: image = 'REPSWITCH1_Fam/PICTURE_142.png'
165.5220 	EXP 	polygonWhiteFam: autoDraw = True
165.5220 	EXP 	imageFam: autoDraw = True
169.0155 	EXP 	textFam: autoDraw = True
171.5158 	EXP 	textFam: autoDraw = False
171.5506 	EXP 	polygonWhiteFam: autoDraw = False
171.5506 	EXP 	imageFam: autoDraw = False
171.5506 	EXP 	polygonWhiteFam: autoDraw = False
171.5506 	EXP 	imageFam: autoDraw = False
171.5506 	EXP 	textFam: autoDraw = False
171.5506 	EXP 	textBlankLoop: autoDraw = True
172.0439 	EXP 	New trial (rep=0, index=20): {'image': 'REPSWITCH1_Fam/PICTURE_338.png', 'correctAns': 'regalo'}
172.0507 	EXP 	textBlankLoop: autoDraw = False
172.0507 	EXP 	textBlankLoop: autoDraw = False
172.0507 	EXP 	fixationITI: autoDraw = True
173.0855 	EXP 	fixationITI: autoDraw = False
173.0855 	EXP 	fixationITI: autoDraw = False
173.0855 	EXP 	imageFam: image = 'REPSWITCH1_Fam/PICTURE_338.png'
173.0855 	EXP 	polygonWhiteFam: autoDraw = True
173.0855 	EXP 	imageFam: autoDraw = True
176.5790 	EXP 	textFam: autoDraw = True
179.0794 	EXP 	textFam: autoDraw = False
179.1141 	EXP 	polygonWhiteFam: autoDraw = False
179.1141 	EXP 	imageFam: autoDraw = False
179.1141 	EXP 	polygonWhiteFam: autoDraw = False
179.1141 	EXP 	imageFam: autoDraw = False
179.1141 	EXP 	textFam: autoDraw = False
179.1141 	EXP 	textBlankLoop: autoDraw = True
179.6074 	EXP 	New trial (rep=0, index=21): {'image': 'REPSWITCH1_Fam/PICTURE_340.png', 'correctAns': 'espejo'}
179.6141 	EXP 	textBlankLoop: autoDraw = False
179.6141 	EXP 	textBlankLoop: autoDraw = False
179.6141 	EXP 	fixationITI: autoDraw = True
180.7185 	EXP 	fixationITI: autoDraw = False
180.7185 	EXP 	fixationITI: autoDraw = False
180.7185 	EXP 	imageFam: image = 'REPSWITCH1_Fam/PICTURE_340.png'
180.7185 	EXP 	polygonWhiteFam: autoDraw = True
180.7185 	EXP 	imageFam: autoDraw = True
184.2119 	EXP 	textFam: autoDraw = True
186.7123 	EXP 	textFam: autoDraw = False
186.7470 	EXP 	polygonWhiteFam: autoDraw = False
186.7470 	EXP 	imageFam: autoDraw = False
186.7470 	EXP 	polygonWhiteFam: autoDraw = False
186.7470 	EXP 	imageFam: autoDraw = False
186.7470 	EXP 	textFam: autoDraw = False
186.7470 	EXP 	textBlankLoop: autoDraw = True
187.2404 	EXP 	New trial (rep=0, index=22): {'image': 'REPSWITCH1_Fam/PICTURE_30.png', 'correctAns': 'granja'}
187.2471 	EXP 	textBlankLoop: autoDraw = False
187.2471 	EXP 	textBlankLoop: autoDraw = False
187.2471 	EXP 	fixationITI: autoDraw = True
188.3236 	EXP 	fixationITI: autoDraw = False
188.3236 	EXP 	fixationITI: autoDraw = False
188.3236 	EXP 	imageFam: image = 'REPSWITCH1_Fam/PICTURE_30.png'
188.3236 	EXP 	polygonWhiteFam: autoDraw = True
188.3236 	EXP 	imageFam: autoDraw = True
191.8171 	EXP 	textFam: autoDraw = True
194.3175 	EXP 	textFam: autoDraw = False
194.3522 	EXP 	polygonWhiteFam: autoDraw = False
194.3522 	EXP 	imageFam: autoDraw = False
194.3522 	EXP 	polygonWhiteFam: autoDraw = False
194.3522 	EXP 	imageFam: autoDraw = False
194.3522 	EXP 	textFam: autoDraw = False
194.3522 	EXP 	textBlankLoop: autoDraw = True
194.8455 	EXP 	New trial (rep=0, index=23): {'image': 'REPSWITCH1_Fam/PICTURE_135.png', 'correctAns': 'traje'}
194.8523 	EXP 	textBlankLoop: autoDraw = False
194.8523 	EXP 	textBlankLoop: autoDraw = False
194.8523 	EXP 	fixationITI: autoDraw = True
196.0260 	EXP 	fixationITI: autoDraw = False
196.0260 	EXP 	fixationITI: autoDraw = False
196.0260 	EXP 	imageFam: image = 'REPSWITCH1_Fam/PICTURE_135.png'
196.0260 	EXP 	polygonWhiteFam: autoDraw = True
196.0260 	EXP 	imageFam: autoDraw = True
199.5195 	EXP 	textFam: autoDraw = True
202.0199 	EXP 	textFam: autoDraw = False
202.0546 	EXP 	polygonWhiteFam: autoDraw = False
202.0546 	EXP 	imageFam: autoDraw = False
202.0546 	EXP 	polygonWhiteFam: autoDraw = False
202.0546 	EXP 	imageFam: autoDraw = False
202.0546 	EXP 	textFam: autoDraw = False
202.0546 	EXP 	textBlankLoop: autoDraw = True
202.5479 	EXP 	New trial (rep=0, index=24): {'image': 'REPSWITCH1_Fam/PICTURE_612.png', 'correctAns': 'rana'}
202.5546 	EXP 	textBlankLoop: autoDraw = False
202.5546 	EXP 	textBlankLoop: autoDraw = False
202.5546 	EXP 	fixationITI: autoDraw = True
203.6729 	EXP 	fixationITI: autoDraw = False
203.6729 	EXP 	fixationITI: autoDraw = False
203.6729 	EXP 	imageFam: image = 'REPSWITCH1_Fam/PICTURE_612.png'
203.6729 	EXP 	polygonWhiteFam: autoDraw = True
203.6729 	EXP 	imageFam: autoDraw = True
207.1663 	EXP 	textFam: autoDraw = True
209.6666 	EXP 	textFam: autoDraw = False
209.7014 	EXP 	polygonWhiteFam: autoDraw = False
209.7014 	EXP 	imageFam: autoDraw = False
209.7014 	EXP 	polygonWhiteFam: autoDraw = False
209.7014 	EXP 	imageFam: autoDraw = False
209.7014 	EXP 	textFam: autoDraw = False
209.7014 	EXP 	textBlankLoop: autoDraw = True
210.1948 	EXP 	New trial (rep=0, index=25): {'image': 'REPSWITCH1_Fam/PICTURE_152.png', 'correctAns': 'caracol'}
210.2014 	EXP 	textBlankLoop: autoDraw = False
210.2014 	EXP 	textBlankLoop: autoDraw = False
210.2014 	EXP 	fixationITI: autoDraw = True
211.2363 	EXP 	fixationITI: autoDraw = False
211.2363 	EXP 	fixationITI: autoDraw = False
211.2363 	EXP 	imageFam: image = 'REPSWITCH1_Fam/PICTURE_152.png'
211.2363 	EXP 	polygonWhiteFam: autoDraw = True
211.2363 	EXP 	imageFam: autoDraw = True
214.7298 	EXP 	textFam: autoDraw = True
217.2302 	EXP 	textFam: autoDraw = False
217.2649 	EXP 	polygonWhiteFam: autoDraw = False
217.2649 	EXP 	imageFam: autoDraw = False
217.2649 	EXP 	polygonWhiteFam: autoDraw = False
217.2649 	EXP 	imageFam: autoDraw = False
217.2649 	EXP 	textFam: autoDraw = False
217.2649 	EXP 	textBlankLoop: autoDraw = True
217.7582 	EXP 	New trial (rep=0, index=26): {'image': 'REPSWITCH1_Fam/PICTURE_320.png', 'correctAns': 'iglesia'}
217.7649 	EXP 	textBlankLoop: autoDraw = False
217.7649 	EXP 	textBlankLoop: autoDraw = False
217.7649 	EXP 	fixationITI: autoDraw = True
218.7720 	EXP 	fixationITI: autoDraw = False
218.7720 	EXP 	fixationITI: autoDraw = False
218.7720 	EXP 	imageFam: image = 'REPSWITCH1_Fam/PICTURE_320.png'
218.7720 	EXP 	polygonWhiteFam: autoDraw = True
218.7720 	EXP 	imageFam: autoDraw = True
222.2656 	EXP 	textFam: autoDraw = True
224.7659 	EXP 	textFam: autoDraw = False
224.8006 	EXP 	polygonWhiteFam: autoDraw = False
224.8006 	EXP 	imageFam: autoDraw = False
224.8006 	EXP 	polygonWhiteFam: autoDraw = False
224.8006 	EXP 	imageFam: autoDraw = False
224.8006 	EXP 	textFam: autoDraw = False
224.8006 	EXP 	textBlankLoop: autoDraw = True
225.2939 	EXP 	New trial (rep=0, index=27): {'image': 'REPSWITCH1_Fam/PICTURE_19.png', 'correctAns': 'pavo'}
225.3007 	EXP 	textBlankLoop: autoDraw = False
225.3007 	EXP 	textBlankLoop: autoDraw = False
225.3007 	EXP 	fixationITI: autoDraw = True
226.4050 	EXP 	fixationITI: autoDraw = False
226.4050 	EXP 	fixationITI: autoDraw = False
226.4050 	EXP 	imageFam: image = 'REPSWITCH1_Fam/PICTURE_19.png'
226.4050 	EXP 	polygonWhiteFam: autoDraw = True
226.4050 	EXP 	imageFam: autoDraw = True
229.8985 	EXP 	textFam: autoDraw = True
232.3988 	EXP 	textFam: autoDraw = False
232.4335 	EXP 	polygonWhiteFam: autoDraw = False
232.4335 	EXP 	imageFam: autoDraw = False
232.4335 	EXP 	polygonWhiteFam: autoDraw = False
232.4335 	EXP 	imageFam: autoDraw = False
232.4335 	EXP 	textFam: autoDraw = False
232.4335 	EXP 	textBlankLoop: autoDraw = True
232.9269 	EXP 	New trial (rep=0, index=28): {'image': 'REPSWITCH1_Fam/PICTURE_199.png', 'correctAns': 'falda'}
232.9336 	EXP 	textBlankLoop: autoDraw = False
232.9336 	EXP 	textBlankLoop: autoDraw = False
232.9336 	EXP 	fixationITI: autoDraw = True
234.0101 	EXP 	fixationITI: autoDraw = False
234.0101 	EXP 	fixationITI: autoDraw = False
234.0101 	EXP 	imageFam: image = 'REPSWITCH1_Fam/PICTURE_199.png'
234.0101 	EXP 	polygonWhiteFam: autoDraw = True
234.0101 	EXP 	imageFam: autoDraw = True
237.5037 	EXP 	textFam: autoDraw = True
240.0040 	EXP 	textFam: autoDraw = False
240.0387 	EXP 	polygonWhiteFam: autoDraw = False
240.0387 	EXP 	imageFam: autoDraw = False
240.0387 	EXP 	polygonWhiteFam: autoDraw = False
240.0387 	EXP 	imageFam: autoDraw = False
240.0387 	EXP 	textFam: autoDraw = False
240.0387 	EXP 	textBlankLoop: autoDraw = True
240.5321 	EXP 	New trial (rep=0, index=29): {'image': 'REPSWITCH1_Fam/PICTURE_552.png', 'correctAns': 'manzana'}
240.5387 	EXP 	textBlankLoop: autoDraw = False
240.5387 	EXP 	textBlankLoop: autoDraw = False
240.5387 	EXP 	fixationITI: autoDraw = True
241.7264 	EXP 	fixationITI: autoDraw = False
241.7264 	EXP 	fixationITI: autoDraw = False
241.7264 	EXP 	imageFam: image = 'REPSWITCH1_Fam/PICTURE_552.png'
241.7264 	EXP 	polygonWhiteFam: autoDraw = True
241.7264 	EXP 	imageFam: autoDraw = True
245.2200 	EXP 	textFam: autoDraw = True
247.7203 	EXP 	textFam: autoDraw = False
247.7550 	EXP 	polygonWhiteFam: autoDraw = False
247.7550 	EXP 	imageFam: autoDraw = False
247.7550 	EXP 	polygonWhiteFam: autoDraw = False
247.7550 	EXP 	imageFam: autoDraw = False
247.7550 	EXP 	textFam: autoDraw = False
247.7550 	EXP 	textBlankLoop: autoDraw = True
248.2483 	EXP 	New trial (rep=0, index=30): {'image': 'REPSWITCH1_Fam/PICTURE_235.png', 'correctAns': 'aguja'}
248.2551 	EXP 	textBlankLoop: autoDraw = False
248.2551 	EXP 	textBlankLoop: autoDraw = False
248.2551 	EXP 	fixationITI: autoDraw = True
249.3038 	EXP 	fixationITI: autoDraw = False
249.3038 	EXP 	fixationITI: autoDraw = False
249.3038 	EXP 	imageFam: image = 'REPSWITCH1_Fam/PICTURE_235.png'
249.3038 	EXP 	polygonWhiteFam: autoDraw = True
249.3038 	EXP 	imageFam: autoDraw = True
252.7973 	EXP 	textFam: autoDraw = True
255.2977 	EXP 	textFam: autoDraw = False
255.3324 	EXP 	polygonWhiteFam: autoDraw = False
255.3324 	EXP 	imageFam: autoDraw = False
255.3324 	EXP 	polygonWhiteFam: autoDraw = False
255.3324 	EXP 	imageFam: autoDraw = False
255.3324 	EXP 	textFam: autoDraw = False
255.3324 	EXP 	textBlankLoop: autoDraw = True
255.8257 	EXP 	New trial (rep=0, index=31): {'image': 'REPSWITCH1_Fam/PICTURE_498.png', 'correctAns': 'taza'}
255.8324 	EXP 	textBlankLoop: autoDraw = False
255.8324 	EXP 	textBlankLoop: autoDraw = False
255.8324 	EXP 	fixationITI: autoDraw = True
256.9367 	EXP 	fixationITI: autoDraw = False
256.9367 	EXP 	fixationITI: autoDraw = False
256.9367 	EXP 	imageFam: image = 'REPSWITCH1_Fam/PICTURE_498.png'
256.9367 	EXP 	polygonWhiteFam: autoDraw = True
256.9367 	EXP 	imageFam: autoDraw = True
260.4303 	EXP 	textFam: autoDraw = True
262.9306 	EXP 	textFam: autoDraw = False
262.9653 	EXP 	polygonWhiteFam: autoDraw = False
262.9653 	EXP 	imageFam: autoDraw = False
262.9653 	EXP 	polygonWhiteFam: autoDraw = False
262.9653 	EXP 	imageFam: autoDraw = False
262.9653 	EXP 	textFam: autoDraw = False
262.9653 	EXP 	textBlankLoop: autoDraw = True
263.4587 	EXP 	New trial (rep=0, index=32): {'image': 'REPSWITCH1_Fam/PICTURE_264.png', 'correctAns': 'mano'}
263.4654 	EXP 	textBlankLoop: autoDraw = False
263.4654 	EXP 	textBlankLoop: autoDraw = False
263.4654 	EXP 	fixationITI: autoDraw = True
264.6114 	EXP 	fixationITI: autoDraw = False
264.6114 	EXP 	fixationITI: autoDraw = False
264.6114 	EXP 	imageFam: image = 'REPSWITCH1_Fam/PICTURE_264.png'
264.6114 	EXP 	polygonWhiteFam: autoDraw = True
264.6114 	EXP 	imageFam: autoDraw = True
268.1050 	EXP 	textFam: autoDraw = True
270.6052 	EXP 	textFam: autoDraw = False
270.6399 	EXP 	polygonWhiteFam: autoDraw = False
270.6399 	EXP 	imageFam: autoDraw = False
270.6399 	EXP 	polygonWhiteFam: autoDraw = False
270.6399 	EXP 	imageFam: autoDraw = False
270.6399 	EXP 	textFam: autoDraw = False
270.6399 	EXP 	textBlankLoop: autoDraw = True
271.1333 	EXP 	New trial (rep=0, index=33): {'image': 'REPSWITCH1_Fam/PICTURE_517.png', 'correctAns': 'cuerda'}
271.1400 	EXP 	textBlankLoop: autoDraw = False
271.1400 	EXP 	textBlankLoop: autoDraw = False
271.1400 	EXP 	fixationITI: autoDraw = True
272.2512 	EXP 	fixationITI: autoDraw = False
272.2512 	EXP 	fixationITI: autoDraw = False
272.2512 	EXP 	imageFam: image = 'REPSWITCH1_Fam/PICTURE_517.png'
272.2512 	EXP 	polygonWhiteFam: autoDraw = True
272.2512 	EXP 	imageFam: autoDraw = True
275.7447 	EXP 	textFam: autoDraw = True
278.2451 	EXP 	textFam: autoDraw = False
278.2799 	EXP 	polygonWhiteFam: autoDraw = False
278.2799 	EXP 	imageFam: autoDraw = False
278.2799 	EXP 	polygonWhiteFam: autoDraw = False
278.2799 	EXP 	imageFam: autoDraw = False
278.2799 	EXP 	textFam: autoDraw = False
278.2799 	EXP 	textBlankLoop: autoDraw = True
278.7732 	EXP 	New trial (rep=0, index=34): {'image': 'REPSWITCH1_Fam/PICTURE_110.png', 'correctAns': 'mesa'}
278.7799 	EXP 	textBlankLoop: autoDraw = False
278.7799 	EXP 	textBlankLoop: autoDraw = False
278.7799 	EXP 	fixationITI: autoDraw = True
279.8634 	EXP 	fixationITI: autoDraw = False
279.8634 	EXP 	fixationITI: autoDraw = False
279.8634 	EXP 	imageFam: image = 'REPSWITCH1_Fam/PICTURE_110.png'
279.8634 	EXP 	polygonWhiteFam: autoDraw = True
279.8634 	EXP 	imageFam: autoDraw = True
283.3568 	EXP 	textFam: autoDraw = True
285.8572 	EXP 	textFam: autoDraw = False
285.8919 	EXP 	polygonWhiteFam: autoDraw = False
285.8919 	EXP 	imageFam: autoDraw = False
285.8919 	EXP 	polygonWhiteFam: autoDraw = False
285.8919 	EXP 	imageFam: autoDraw = False
285.8919 	EXP 	textFam: autoDraw = False
285.8919 	EXP 	textBlankLoop: autoDraw = True
286.3853 	EXP 	New trial (rep=0, index=35): {'image': 'REPSWITCH1_Fam/PICTURE_381.png', 'correctAns': 'fresa'}
286.3920 	EXP 	textBlankLoop: autoDraw = False
286.3920 	EXP 	textBlankLoop: autoDraw = False
286.3920 	EXP 	fixationITI: autoDraw = True
287.5102 	EXP 	fixationITI: autoDraw = False
287.5102 	EXP 	fixationITI: autoDraw = False
287.5102 	EXP 	imageFam: image = 'REPSWITCH1_Fam/PICTURE_381.png'
287.5102 	EXP 	polygonWhiteFam: autoDraw = True
287.5102 	EXP 	imageFam: autoDraw = True
291.0037 	EXP 	textFam: autoDraw = True
293.5040 	EXP 	textFam: autoDraw = False
293.5387 	EXP 	polygonWhiteFam: autoDraw = False
293.5387 	EXP 	imageFam: autoDraw = False
293.5387 	EXP 	polygonWhiteFam: autoDraw = False
293.5387 	EXP 	imageFam: autoDraw = False
293.5387 	EXP 	textFam: autoDraw = False
293.5387 	EXP 	textBlankLoop: autoDraw = True
294.0321 	EXP 	New trial (rep=0, index=36): {'image': 'REPSWITCH1_Fam/PICTURE_719.png', 'correctAns': 'baño'}
294.0388 	EXP 	textBlankLoop: autoDraw = False
294.0388 	EXP 	textBlankLoop: autoDraw = False
294.0388 	EXP 	fixationITI: autoDraw = True
295.1431 	EXP 	fixationITI: autoDraw = False
295.1431 	EXP 	fixationITI: autoDraw = False
295.1431 	EXP 	imageFam: image = 'REPSWITCH1_Fam/PICTURE_719.png'
295.1431 	EXP 	polygonWhiteFam: autoDraw = True
295.1431 	EXP 	imageFam: autoDraw = True
298.6366 	EXP 	textFam: autoDraw = True
301.1370 	EXP 	textFam: autoDraw = False
301.1717 	EXP 	polygonWhiteFam: autoDraw = False
301.1717 	EXP 	imageFam: autoDraw = False
301.1717 	EXP 	polygonWhiteFam: autoDraw = False
301.1717 	EXP 	imageFam: autoDraw = False
301.1717 	EXP 	textFam: autoDraw = False
301.1717 	EXP 	textBlankLoop: autoDraw = True
301.6650 	EXP 	New trial (rep=0, index=37): {'image': 'REPSWITCH1_Fam/PICTURE_570.png', 'correctAns': 'toro'}
301.6717 	EXP 	textBlankLoop: autoDraw = False
301.6717 	EXP 	textBlankLoop: autoDraw = False
301.6717 	EXP 	fixationITI: autoDraw = True
302.7691 	EXP 	fixationITI: autoDraw = False
302.7691 	EXP 	fixationITI: autoDraw = False
302.7691 	EXP 	imageFam: image = 'REPSWITCH1_Fam/PICTURE_570.png'
302.7691 	EXP 	polygonWhiteFam: autoDraw = True
302.7691 	EXP 	imageFam: autoDraw = True
306.2626 	EXP 	textFam: autoDraw = True
308.7630 	EXP 	textFam: autoDraw = False
308.7977 	EXP 	polygonWhiteFam: autoDraw = False
308.7977 	EXP 	imageFam: autoDraw = False
308.7977 	EXP 	polygonWhiteFam: autoDraw = False
308.7977 	EXP 	imageFam: autoDraw = False
308.7977 	EXP 	textFam: autoDraw = False
308.7977 	EXP 	textBlankLoop: autoDraw = True
309.2911 	EXP 	New trial (rep=0, index=38): {'image': 'REPSWITCH1_Fam/PICTURE_446.png', 'correctAns': 'cerdo'}
309.2977 	EXP 	textBlankLoop: autoDraw = False
309.2977 	EXP 	textBlankLoop: autoDraw = False
309.2977 	EXP 	fixationITI: autoDraw = True
310.4854 	EXP 	fixationITI: autoDraw = False
310.4854 	EXP 	fixationITI: autoDraw = False
310.4854 	EXP 	imageFam: image = 'REPSWITCH1_Fam/PICTURE_446.png'
310.4854 	EXP 	polygonWhiteFam: autoDraw = True
310.4854 	EXP 	imageFam: autoDraw = True
313.9789 	EXP 	textFam: autoDraw = True
316.4792 	EXP 	textFam: autoDraw = False
316.5140 	EXP 	polygonWhiteFam: autoDraw = False
316.5140 	EXP 	imageFam: autoDraw = False
316.5140 	EXP 	polygonWhiteFam: autoDraw = False
316.5140 	EXP 	imageFam: autoDraw = False
316.5140 	EXP 	textFam: autoDraw = False
316.5140 	EXP 	textBlankLoop: autoDraw = True
317.0074 	EXP 	New trial (rep=0, index=39): {'image': 'REPSWITCH1_Fam/PICTURE_687.png', 'correctAns': 'camisa'}
317.0140 	EXP 	textBlankLoop: autoDraw = False
317.0140 	EXP 	textBlankLoop: autoDraw = False
317.0140 	EXP 	fixationITI: autoDraw = True
318.1739 	EXP 	fixationITI: autoDraw = False
318.1739 	EXP 	fixationITI: autoDraw = False
318.1739 	EXP 	imageFam: image = 'REPSWITCH1_Fam/PICTURE_687.png'
318.1739 	EXP 	polygonWhiteFam: autoDraw = True
318.1739 	EXP 	imageFam: autoDraw = True
321.6674 	EXP 	textFam: autoDraw = True
324.1677 	EXP 	textFam: autoDraw = False
324.2025 	EXP 	polygonWhiteFam: autoDraw = False
324.2025 	EXP 	imageFam: autoDraw = False
324.2025 	EXP 	polygonWhiteFam: autoDraw = False
324.2025 	EXP 	imageFam: autoDraw = False
324.2025 	EXP 	textFam: autoDraw = False
324.2025 	EXP 	textBlankLoop: autoDraw = True
324.6958 	EXP 	New trial (rep=0, index=40): {'image': 'REPSWITCH1_Fam/PICTURE_35.png', 'correctAns': 'oreja'}
324.7025 	EXP 	textBlankLoop: autoDraw = False
324.7025 	EXP 	textBlankLoop: autoDraw = False
324.7025 	EXP 	fixationITI: autoDraw = True
325.7652 	EXP 	fixationITI: autoDraw = False
325.7652 	EXP 	fixationITI: autoDraw = False
325.7652 	EXP 	imageFam: image = 'REPSWITCH1_Fam/PICTURE_35.png'
325.7652 	EXP 	polygonWhiteFam: autoDraw = True
325.7652 	EXP 	imageFam: autoDraw = True
329.2587 	EXP 	textFam: autoDraw = True
331.7591 	EXP 	textFam: autoDraw = False
331.7937 	EXP 	polygonWhiteFam: autoDraw = False
331.7937 	EXP 	imageFam: autoDraw = False
331.7937 	EXP 	polygonWhiteFam: autoDraw = False
331.7937 	EXP 	imageFam: autoDraw = False
331.7937 	EXP 	textFam: autoDraw = False
331.7937 	EXP 	textBlankLoop: autoDraw = True
332.2871 	EXP 	New trial (rep=0, index=41): {'image': 'REPSWITCH1_Fam/PICTURE_733.png', 'correctAns': 'gafas'}
332.2938 	EXP 	textBlankLoop: autoDraw = False
332.2938 	EXP 	textBlankLoop: autoDraw = False
332.2938 	EXP 	fixationITI: autoDraw = True
333.3981 	EXP 	fixationITI: autoDraw = False
333.3981 	EXP 	fixationITI: autoDraw = False
333.3981 	EXP 	imageFam: image = 'REPSWITCH1_Fam/PICTURE_733.png'
333.3981 	EXP 	polygonWhiteFam: autoDraw = True
333.3981 	EXP 	imageFam: autoDraw = True
336.8916 	EXP 	textFam: autoDraw = True
339.3920 	EXP 	textFam: autoDraw = False
339.4267 	EXP 	polygonWhiteFam: autoDraw = False
339.4267 	EXP 	imageFam: autoDraw = False
339.4267 	EXP 	polygonWhiteFam: autoDraw = False
339.4267 	EXP 	imageFam: autoDraw = False
339.4267 	EXP 	textFam: autoDraw = False
339.4267 	EXP 	textBlankLoop: autoDraw = True
339.9201 	EXP 	New trial (rep=0, index=42): {'image': 'REPSWITCH1_Fam/PICTURE_610.png', 'correctAns': 'miel'}
339.9267 	EXP 	textBlankLoop: autoDraw = False
339.9267 	EXP 	textBlankLoop: autoDraw = False
339.9267 	EXP 	fixationITI: autoDraw = True
341.0241 	EXP 	fixationITI: autoDraw = False
341.0241 	EXP 	fixationITI: autoDraw = False
341.0241 	EXP 	imageFam: image = 'REPSWITCH1_Fam/PICTURE_610.png'
341.0241 	EXP 	polygonWhiteFam: autoDraw = True
341.0241 	EXP 	imageFam: autoDraw = True
344.5176 	EXP 	textFam: autoDraw = True
347.0180 	EXP 	textFam: autoDraw = False
347.0527 	EXP 	polygonWhiteFam: autoDraw = False
347.0527 	EXP 	imageFam: autoDraw = False
347.0527 	EXP 	polygonWhiteFam: autoDraw = False
347.0527 	EXP 	imageFam: autoDraw = False
347.0527 	EXP 	textFam: autoDraw = False
347.0527 	EXP 	textBlankLoop: autoDraw = True
347.5460 	EXP 	New trial (rep=0, index=43): {'image': 'REPSWITCH1_Fam/PICTURE_12.png', 'correctAns': 'sirena'}
347.5527 	EXP 	textBlankLoop: autoDraw = False
347.5527 	EXP 	textBlankLoop: autoDraw = False
347.5527 	EXP 	fixationITI: autoDraw = True
348.5668 	EXP 	fixationITI: autoDraw = False
348.5668 	EXP 	fixationITI: autoDraw = False
348.5668 	EXP 	imageFam: image = 'REPSWITCH1_Fam/PICTURE_12.png'
348.5668 	EXP 	polygonWhiteFam: autoDraw = True
348.5668 	EXP 	imageFam: autoDraw = True
352.0603 	EXP 	textFam: autoDraw = True
354.5606 	EXP 	textFam: autoDraw = False
354.5954 	EXP 	polygonWhiteFam: autoDraw = False
354.5954 	EXP 	imageFam: autoDraw = False
354.5954 	EXP 	polygonWhiteFam: autoDraw = False
354.5954 	EXP 	imageFam: autoDraw = False
354.5954 	EXP 	textFam: autoDraw = False
354.5954 	EXP 	textBlankLoop: autoDraw = True
355.0887 	EXP 	New trial (rep=0, index=44): {'image': 'REPSWITCH1_Fam/PICTURE_8.png', 'correctAns': 'pierna'}
355.0954 	EXP 	textBlankLoop: autoDraw = False
355.0954 	EXP 	textBlankLoop: autoDraw = False
355.0954 	EXP 	fixationITI: autoDraw = True
356.1650 	EXP 	fixationITI: autoDraw = False
356.1650 	EXP 	fixationITI: autoDraw = False
356.1650 	EXP 	imageFam: image = 'REPSWITCH1_Fam/PICTURE_8.png'
356.1650 	EXP 	polygonWhiteFam: autoDraw = True
356.1650 	EXP 	imageFam: autoDraw = True
359.6585 	EXP 	textFam: autoDraw = True
362.1588 	EXP 	textFam: autoDraw = False
362.1936 	EXP 	polygonWhiteFam: autoDraw = False
362.1936 	EXP 	imageFam: autoDraw = False
362.1936 	EXP 	polygonWhiteFam: autoDraw = False
362.1936 	EXP 	imageFam: autoDraw = False
362.1936 	EXP 	textFam: autoDraw = False
362.1936 	EXP 	textBlankLoop: autoDraw = True
362.6936 	EXP 	textBlankLoop: autoDraw = False
362.6936 	EXP 	textBlankLoop: autoDraw = False
362.6936 	EXP 	textboxEndFam: autoDraw = True
372.6939 	DATA 	Keypress: space
372.6950 	EXP 	textboxEndFam: autoDraw = False
372.7141 	EXP 	window1: mouseVisible = True
