9.9937 	EXP 	Created window1 = Window(allowGUI=True, allowStencil=False, autoLog=True, backendConf=UNKNOWN, bitsMode=UNKNOWN, blendMode='avg', bpc=(8, 8, 8), color=array([0, 0, 0]), colorSpace='rgb', depthBits=8, fullscr=<method-wrapper '__getattribute__' of attributeSetter object at 0x000002EE18493C40>, gamma=None, gammaErrorPolicy='raise', lms=UNKNOWN, monitor=<psychopy.monitors.calibTools.Monitor object at 0x000002EE1E8ECD90>, multiSample=False, name='window1', numSamples=2, pos=(0, 0), screen=0, size=array([1920, 1080]), stencilBits=0, stereo=False, units='height', useFBO=True, useRetina=False, viewOri=0.0, viewPos=None, viewScale=None, waitBlanking=True, winType='pyglet')
9.9938 	EXP 	window1: mouseVisible = True
9.9938 	EXP 	window1: mouseVisible = False
9.9938 	EXP 	window1: Attempting to measure frame rate of screen (0) ...
9.9938 	EXP 	window1: recordFrameIntervals = False
10.0629 	EXP 	window1: recordFrameIntervals = True
10.1394 	EXP 	Screen (0) actual frame rate measured at 143.87Hz
10.1395 	EXP 	window1: recordFrameIntervals = False
11.3976 	EXP 	Created fixationITI = ShapeStim(__class__=<class 'psychopy.visual.shape.ShapeStim'>, anchor=('center', 'center'), autoDraw=False, autoLog=True, closeShape=True, color=method-wrapper(...), colorSpace='rgb', contrast=None, depth=0.0, fillColor=array([1, 1, 1]), fillColorSpace='rgb', fillRGB=array([1, 1, 1]), interpolate=True, lineColor=array([1, 1, 1]), lineColorSpace='rgb', lineRGB=array([1, 1, 1]), lineWidth=1.0, name='fixationITI', opacity=1.0, ori=0.0, pos=array([0., 0.]), size=array([0.1, 0.1]), units='height', vertices=ndarray(...), win=Window(...), windingRule=None)
11.3982 	EXP 	Created polygonCol = Rect(__class__=<class 'psychopy.visual.rect.Rect'>, anchor=('center', 'center'), autoDraw=False, autoLog=True, closeShape=True, color=method-wrapper(...), colorSpace='rgb', contrast=None, depth=0.0, fillColor=array([1, 1, 1]), fillColorSpace='rgb', fillRGB=array([1, 1, 1]), interpolate=True, lineColor=array([1, 1, 1]), lineColorSpace='rgb', lineRGB=array([1, 1, 1]), lineWidth=1.0, name='polygonCol', opacity=1.0, ori=0.0, pos=array([0., 0.]), size=array([0.55, 0.55]), units='height', vertices=ndarray(...), win=Window(...))
11.3988 	EXP 	Created polygonWh = Rect(__class__=<class 'psychopy.visual.rect.Rect'>, anchor=('center', 'center'), autoDraw=False, autoLog=True, closeShape=True, color=method-wrapper(...), colorSpace='rgb', contrast=None, depth=-1.0, fillColor=array([1, 1, 1]), fillColorSpace='rgb', fillRGB=array([1, 1, 1]), interpolate=True, lineColor=array([1, 1, 1]), lineColorSpace='rgb', lineRGB=array([1, 1, 1]), lineWidth=1.0, name='polygonWh', opacity=1.0, ori=0.0, pos=array([0., 0.]), size=array([0.5, 0.5]), units='height', vertices=ndarray(...), win=Window(...))
11.4097 	EXP 	Created textCue = TextStim(__class__=<class 'psychopy.visual.text.TextStim'>, alignHoriz=method-wrapper(...), alignText='center', alignVert=method-wrapper(...), anchorHoriz='center', anchorVert='center', antialias=True, autoDraw=False, autoLog=True, bold=False, color=array([1, 1, 1]), colorSpace='rgb', contrast=1.0, depth=-2.0, flipHoriz=False, flipVert=False, font='Open Sans', fontFiles=[], height=0.05, italic=False, languageStyle='LTR', name='textCue', opacity=1.0, ori=0.0, pos=array([0.  , 0.35]), rgb=UNKNOWN, text='', units='height', win=Window(...), wrapWidth=1)
11.4130 	EXP 	Created imagePractice = ImageStim(__class__=<class 'psychopy.visual.image.ImageStim'>, anchor=('center', 'center'), autoLog=True, color=array([1, 1, 1]), colorSpace='rgb', contrast=1.0, depth=-3.0, flipHoriz=False, flipVert=False, image='sin', interpolate=True, mask=None, maskParams=None, name='imagePractice', opacity=1.0, ori=0.0, pos=array([0., 0.]), size=array([0.5, 0.5]), texRes=128.0, units='height', win=Window(...))
11.4135 	EXP 	Created polygonText = Rect(__class__=<class 'psychopy.visual.rect.Rect'>, anchor=('center', 'center'), autoDraw=False, autoLog=True, closeShape=True, color=method-wrapper(...), colorSpace='rgb', contrast=None, depth=-4.0, fillColor=array([0.9216, 0.9216, 0.9216]), fillColorSpace='rgb', fillRGB=array([0.9216, 0.9216, 0.9216]), interpolate=True, lineColor=array([0.9216, 0.9216, 0.9216]), lineColorSpace='rgb', lineRGB=array([0.9216, 0.9216, 0.9216]), lineWidth=1.0, name='polygonText', opacity=1.0, ori=0.0, pos=array([0., 0.]), size=array([0.2, 0.1]), units='height', vertices=ndarray(...), win=Window(...))
11.4138 	EXP 	Created textPractice = TextStim(__class__=<class 'psychopy.visual.text.TextStim'>, alignHoriz=method-wrapper(...), alignText='center', alignVert=method-wrapper(...), anchorHoriz='center', anchorVert='center', antialias=True, autoDraw=False, autoLog=True, bold=False, color=array([-1., -1., -1.]), colorSpace='rgb', contrast=1.0, depth=-5.0, flipHoriz=False, flipVert=False, font='Open Sans', fontFiles=[], height=0.05, italic=False, languageStyle='LTR', name='textPractice', opacity=1.0, ori=0.0, pos=array([0., 0.]), rgb=UNKNOWN, text='', units='height', win=Window(...), wrapWidth=1)
11.4875 	EXP 	Created textBlankLoop = TextStim(__class__=<class 'psychopy.visual.text.TextStim'>, alignHoriz=method-wrapper(...), alignText='center', alignVert=method-wrapper(...), anchorHoriz='center', anchorVert='center', antialias=True, autoDraw=False, autoLog=True, bold=False, color=array([1, 1, 1]), colorSpace='rgb', contrast=1.0, depth=0.0, flipHoriz=False, flipVert=False, font='Open Sans', fontFiles=[], height=0.05, italic=False, languageStyle='LTR', name='textBlankLoop', opacity=1.0, ori=0.0, pos=array([0., 0.]), rgb=UNKNOWN, text='', units='height', win=Window(...), wrapWidth=1)
11.5174 	EXP 	textboxInstr1: autoLog = True
11.5174 	EXP 	textboxInstr1_2: autoLog = True
11.5174 	EXP 	textboxInstr1_3: autoLog = True
11.5174 	EXP 	textboxInstr1_4: autoLog = True
11.5174 	EXP 	textboxInstr1_5: autoLog = True
11.5174 	EXP 	textboxInstr1_6: autoLog = True
11.5174 	EXP 	textboxInstr1_7: autoLog = True
11.5174 	EXP 	textboxInstr1_8: autoLog = True
11.5174 	EXP 	textboxInstr1_9: autoLog = True
11.5174 	EXP 	textboxInstr1_10: autoLog = True
11.5174 	EXP 	textboxInstr2: autoLog = True
11.5174 	EXP 	textboxInstr3: autoLog = True
11.5174 	EXP 	textboxInstrPractice: autoLog = True
11.5174 	EXP 	textboxInstrPractice_2: autoLog = True
11.5174 	EXP 	textboxInstrPractice_3: autoLog = True
11.5174 	EXP 	textboxInstrPractice_4: autoLog = True
11.5174 	EXP 	textboxInstrPractice_5: autoLog = True
11.5174 	EXP 	textboxInstrPractice_6: autoLog = True
11.5174 	EXP 	textboxInstrPractice_7: autoLog = True
11.5174 	EXP 	textboxInstrPractice_8: autoLog = True
11.5174 	EXP 	textboxInstrPractice_9: autoLog = True
11.5174 	EXP 	textboxInstrPractice_10: autoLog = True
11.5174 	EXP 	textboxInstrPractice_11: autoLog = True
11.5174 	EXP 	textboxInstrPractice_12: autoLog = True
11.5174 	EXP 	textboxInstrPractice_13: autoLog = True
11.5174 	EXP 	textboxInstrPractice_14: autoLog = True
11.5174 	EXP 	textboxInstrPractice_15: autoLog = True
11.5174 	EXP 	textboxInstrPractice_16: autoLog = True
11.5174 	EXP 	textboxInstrPractice_17: autoLog = True
11.5174 	EXP 	textboxEndPracrice: autoLog = True
11.5174 	EXP 	textboxInstr1: autoDraw = True
11.5174 	EXP 	textboxInstr1_2: autoDraw = True
11.5174 	EXP 	textboxInstr1_3: autoDraw = True
11.5174 	EXP 	textboxInstr1_4: autoDraw = True
11.5174 	EXP 	textboxInstr1_5: autoDraw = True
11.5174 	EXP 	textboxInstr1_6: autoDraw = True
11.5174 	EXP 	textboxInstr1_7: autoDraw = True
11.5174 	EXP 	textboxInstr1_8: autoDraw = True
11.5174 	EXP 	textboxInstr1_9: autoDraw = True
11.5174 	EXP 	textboxInstr1_10: autoDraw = True
25.3057 	DATA 	Keypress: space
25.3149 	EXP 	textboxInstr1: autoDraw = False
25.3149 	EXP 	textboxInstr1_2: autoDraw = False
25.3149 	EXP 	textboxInstr1_3: autoDraw = False
25.3149 	EXP 	textboxInstr1_4: autoDraw = False
25.3149 	EXP 	textboxInstr1_5: autoDraw = False
25.3149 	EXP 	textboxInstr1_6: autoDraw = False
25.3149 	EXP 	textboxInstr1_7: autoDraw = False
25.3149 	EXP 	textboxInstr1_8: autoDraw = False
25.3149 	EXP 	textboxInstr1_9: autoDraw = False
25.3149 	EXP 	textboxInstr1_10: autoDraw = False
25.3149 	EXP 	textboxInstr2: autoDraw = True
31.2899 	DATA 	Keypress: space
31.2949 	EXP 	textboxInstr2: autoDraw = False
31.2949 	EXP 	textboxInstr3: autoDraw = True
33.2197 	DATA 	Keypress: space
33.2465 	EXP 	textboxInstr3: autoDraw = False
33.2465 	EXP 	textboxInstrPractice: autoDraw = True
33.2465 	EXP 	textboxInstrPractice_2: autoDraw = True
33.2465 	EXP 	textboxInstrPractice_3: autoDraw = True
33.2465 	EXP 	textboxInstrPractice_4: autoDraw = True
33.2465 	EXP 	textboxInstrPractice_5: autoDraw = True
33.2465 	EXP 	textboxInstrPractice_6: autoDraw = True
33.2465 	EXP 	textboxInstrPractice_7: autoDraw = True
33.2465 	EXP 	textboxInstrPractice_8: autoDraw = True
33.2465 	EXP 	textboxInstrPractice_9: autoDraw = True
33.2465 	EXP 	textboxInstrPractice_10: autoDraw = True
33.2465 	EXP 	textboxInstrPractice_11: autoDraw = True
33.2465 	EXP 	textboxInstrPractice_12: autoDraw = True
33.2465 	EXP 	textboxInstrPractice_13: autoDraw = True
33.2465 	EXP 	textboxInstrPractice_14: autoDraw = True
33.2465 	EXP 	textboxInstrPractice_15: autoDraw = True
33.2465 	EXP 	textboxInstrPractice_16: autoDraw = True
33.2465 	EXP 	textboxInstrPractice_17: autoDraw = True
37.8657 	DATA 	Keypress: space
37.8788 	EXP 	Imported repswitch_practice1_version1.xlsx as conditions, 12 conditions, 4 params
37.8791 	EXP 	Created sequence: sequential, trialTypes=12, nReps=1, seed=None
37.8792 	EXP 	New trial (rep=0, index=0): {'image': 'REPSWITCH1_Practice/PICTURE_612.png', 'correctAns': 'rana', 'respModal': 'TECLEA', 'frameColor': 'darkblue'}
37.8860 	EXP 	textboxInstrPractice: autoDraw = False
37.8860 	EXP 	textboxInstrPractice_2: autoDraw = False
37.8860 	EXP 	textboxInstrPractice_3: autoDraw = False
37.8860 	EXP 	textboxInstrPractice_4: autoDraw = False
37.8860 	EXP 	textboxInstrPractice_5: autoDraw = False
37.8860 	EXP 	textboxInstrPractice_6: autoDraw = False
37.8860 	EXP 	textboxInstrPractice_7: autoDraw = False
37.8860 	EXP 	textboxInstrPractice_8: autoDraw = False
37.8860 	EXP 	textboxInstrPractice_9: autoDraw = False
37.8860 	EXP 	textboxInstrPractice_10: autoDraw = False
37.8860 	EXP 	textboxInstrPractice_11: autoDraw = False
37.8860 	EXP 	textboxInstrPractice_12: autoDraw = False
37.8860 	EXP 	textboxInstrPractice_13: autoDraw = False
37.8860 	EXP 	textboxInstrPractice_14: autoDraw = False
37.8860 	EXP 	textboxInstrPractice_15: autoDraw = False
37.8860 	EXP 	textboxInstrPractice_16: autoDraw = False
37.8860 	EXP 	textboxInstrPractice_17: autoDraw = False
37.8860 	EXP 	fixationITI: autoDraw = True
39.1293 	EXP 	fixationITI: autoDraw = False
39.1293 	EXP 	fixationITI: autoDraw = False
39.1293 	EXP 	polygonCol: fillColor = <psychopy.colors.Color: darkblue, alpha=1.0>
39.1293 	EXP 	polygonCol: borderColor = <psychopy.colors.Color: darkblue, alpha=1.0>
39.1293 	EXP 	textCue: foreColor = <psychopy.colors.Color: darkblue, alpha=1.0>
39.1293 	EXP 	imagePractice: image = 'REPSWITCH1_Practice/PICTURE_612.png'
39.1293 	EXP 	polygonCol: autoDraw = True
39.1293 	EXP 	polygonWh: autoDraw = True
39.1293 	EXP 	textCue: autoDraw = True
39.1293 	EXP 	imagePractice: autoDraw = True
39.1293 	EXP 	polygonText: autoDraw = True
39.1293 	EXP 	textPractice: autoDraw = True
39.1293 	EXP 	textPractice: height = 0.05
39.1293 	EXP 	textPractice: height = 0.05
39.1293 	EXP 	textPractice: height = 0.05
39.1293 	EXP 	textPractice: text = ''
40.4566 	DATA 	Keypress: r
40.7901 	DATA 	Keypress: a
41.0472 	DATA 	Keypress: n
41.1374 	DATA 	Keypress: a
42.1505 	EXP 	polygonCol: autoDraw = False
42.1505 	EXP 	polygonWh: autoDraw = False
42.1505 	EXP 	textCue: autoDraw = False
42.1505 	EXP 	imagePractice: autoDraw = False
42.1505 	EXP 	polygonText: autoDraw = False
42.1505 	EXP 	textPractice: autoDraw = False
42.1505 	EXP 	textBlankLoop: autoDraw = True
42.6439 	EXP 	New trial (rep=0, index=1): {'image': 'REPSWITCH1_Practice/PICTURE_599.png', 'correctAns': 'nube', 'respModal': 'HABLA', 'frameColor': 'gold'}
42.6506 	EXP 	textBlankLoop: autoDraw = False
42.6506 	EXP 	textBlankLoop: autoDraw = False
42.6506 	EXP 	fixationITI: autoDraw = True
43.8313 	EXP 	fixationITI: autoDraw = False
43.8313 	EXP 	fixationITI: autoDraw = False
43.8313 	EXP 	polygonCol: fillColor = <psychopy.colors.Color: gold, alpha=1.0>
43.8313 	EXP 	polygonCol: borderColor = <psychopy.colors.Color: gold, alpha=1.0>
43.8313 	EXP 	textCue: foreColor = <psychopy.colors.Color: gold, alpha=1.0>
43.8313 	EXP 	imagePractice: image = 'REPSWITCH1_Practice/PICTURE_599.png'
43.8313 	EXP 	polygonCol: autoDraw = True
43.8313 	EXP 	polygonWh: autoDraw = True
43.8313 	EXP 	textCue: autoDraw = True
43.8313 	EXP 	imagePractice: autoDraw = True
43.8313 	EXP 	polygonText: autoDraw = True
43.8313 	EXP 	textPractice: autoDraw = True
44.8601 	DATA 	Keypress: n
44.9921 	DATA 	Keypress: u
45.2073 	DATA 	Keypress: b
45.3114 	DATA 	Keypress: e
46.8595 	EXP 	polygonCol: autoDraw = False
46.8595 	EXP 	polygonWh: autoDraw = False
46.8595 	EXP 	textCue: autoDraw = False
46.8595 	EXP 	imagePractice: autoDraw = False
46.8595 	EXP 	polygonText: autoDraw = False
46.8595 	EXP 	textPractice: autoDraw = False
46.8595 	EXP 	polygonCol: autoDraw = False
46.8595 	EXP 	polygonWh: autoDraw = False
46.8595 	EXP 	textCue: autoDraw = False
46.8595 	EXP 	imagePractice: autoDraw = False
46.8595 	EXP 	polygonText: autoDraw = False
46.8595 	EXP 	textPractice: autoDraw = False
46.8595 	EXP 	textBlankLoop: autoDraw = True
47.3528 	EXP 	New trial (rep=0, index=2): {'image': 'REPSWITCH1_Practice/PICTURE_570.png', 'correctAns': 'toro', 'respModal': 'TECLEA', 'frameColor': 'darkblue'}
47.3595 	EXP 	textBlankLoop: autoDraw = False
47.3595 	EXP 	textBlankLoop: autoDraw = False
47.3595 	EXP 	fixationITI: autoDraw = True
48.5333 	EXP 	fixationITI: autoDraw = False
48.5333 	EXP 	fixationITI: autoDraw = False
48.5333 	EXP 	polygonCol: fillColor = <psychopy.colors.Color: darkblue, alpha=1.0>
48.5333 	EXP 	polygonCol: borderColor = <psychopy.colors.Color: darkblue, alpha=1.0>
48.5333 	EXP 	textCue: foreColor = <psychopy.colors.Color: darkblue, alpha=1.0>
48.5333 	EXP 	imagePractice: image = 'REPSWITCH1_Practice/PICTURE_570.png'
48.5333 	EXP 	polygonCol: autoDraw = True
48.5333 	EXP 	polygonWh: autoDraw = True
48.5333 	EXP 	textCue: autoDraw = True
48.5333 	EXP 	imagePractice: autoDraw = True
48.5333 	EXP 	polygonText: autoDraw = True
48.5333 	EXP 	textPractice: autoDraw = True
49.8190 	DATA 	Keypress: t
50.0416 	DATA 	Keypress: o
50.2150 	DATA 	Keypress: r
50.3470 	DATA 	Keypress: o
51.5615 	EXP 	polygonCol: autoDraw = False
51.5615 	EXP 	polygonWh: autoDraw = False
51.5615 	EXP 	textCue: autoDraw = False
51.5615 	EXP 	imagePractice: autoDraw = False
51.5615 	EXP 	polygonText: autoDraw = False
51.5615 	EXP 	textPractice: autoDraw = False
51.5615 	EXP 	polygonCol: autoDraw = False
51.5615 	EXP 	polygonWh: autoDraw = False
51.5615 	EXP 	textCue: autoDraw = False
51.5615 	EXP 	imagePractice: autoDraw = False
51.5615 	EXP 	polygonText: autoDraw = False
51.5615 	EXP 	textPractice: autoDraw = False
51.5615 	EXP 	textBlankLoop: autoDraw = True
52.0548 	EXP 	New trial (rep=0, index=3): {'image': 'REPSWITCH1_Practice/PICTURE_570.png', 'correctAns': 'toro', 'respModal': 'TECLEA', 'frameColor': 'darkblue'}
52.0616 	EXP 	textBlankLoop: autoDraw = False
52.0616 	EXP 	fixationITI: autoDraw = True
53.3047 	EXP 	fixationITI: autoDraw = False
53.3047 	EXP 	fixationITI: autoDraw = False
53.3047 	EXP 	polygonCol: fillColor = <psychopy.colors.Color: darkblue, alpha=1.0>
53.3047 	EXP 	polygonCol: borderColor = <psychopy.colors.Color: darkblue, alpha=1.0>
53.3047 	EXP 	textCue: foreColor = <psychopy.colors.Color: darkblue, alpha=1.0>
53.3047 	EXP 	imagePractice: image = 'REPSWITCH1_Practice/PICTURE_570.png'
53.3047 	EXP 	polygonCol: autoDraw = True
53.3047 	EXP 	polygonWh: autoDraw = True
53.3047 	EXP 	textCue: autoDraw = True
53.3047 	EXP 	imagePractice: autoDraw = True
53.3047 	EXP 	polygonText: autoDraw = True
53.3047 	EXP 	textPractice: autoDraw = True
54.4725 	DATA 	Keypress: t
54.6875 	DATA 	Keypress: o
54.7779 	DATA 	Keypress: r
54.9447 	DATA 	Keypress: o
56.3259 	EXP 	polygonCol: autoDraw = False
56.3259 	EXP 	polygonWh: autoDraw = False
56.3259 	EXP 	textCue: autoDraw = False
56.3259 	EXP 	imagePractice: autoDraw = False
56.3259 	EXP 	polygonText: autoDraw = False
56.3259 	EXP 	textPractice: autoDraw = False
56.3259 	EXP 	polygonCol: autoDraw = False
56.3259 	EXP 	polygonWh: autoDraw = False
56.3259 	EXP 	textCue: autoDraw = False
56.3259 	EXP 	imagePractice: autoDraw = False
56.3259 	EXP 	polygonText: autoDraw = False
56.3259 	EXP 	textPractice: autoDraw = False
56.3259 	EXP 	textBlankLoop: autoDraw = True
56.8193 	EXP 	New trial (rep=0, index=4): {'image': 'REPSWITCH1_Practice/PICTURE_733.png', 'correctAns': 'gafas', 'respModal': 'HABLA', 'frameColor': 'gold'}
56.8260 	EXP 	textBlankLoop: autoDraw = False
56.8260 	EXP 	textBlankLoop: autoDraw = False
56.8260 	EXP 	fixationITI: autoDraw = True
58.0068 	EXP 	fixationITI: autoDraw = False
58.0068 	EXP 	fixationITI: autoDraw = False
58.0068 	EXP 	polygonCol: fillColor = <psychopy.colors.Color: gold, alpha=1.0>
58.0068 	EXP 	polygonCol: borderColor = <psychopy.colors.Color: gold, alpha=1.0>
58.0068 	EXP 	textCue: foreColor = <psychopy.colors.Color: gold, alpha=1.0>
58.0068 	EXP 	imagePractice: image = 'REPSWITCH1_Practice/PICTURE_733.png'
58.0068 	EXP 	polygonCol: autoDraw = True
58.0068 	EXP 	polygonWh: autoDraw = True
58.0068 	EXP 	textCue: autoDraw = True
58.0068 	EXP 	imagePractice: autoDraw = True
58.0068 	EXP 	polygonText: autoDraw = True
58.0068 	EXP 	textPractice: autoDraw = True
61.0349 	EXP 	polygonCol: autoDraw = False
61.0349 	EXP 	polygonWh: autoDraw = False
61.0349 	EXP 	textCue: autoDraw = False
61.0349 	EXP 	imagePractice: autoDraw = False
61.0349 	EXP 	polygonText: autoDraw = False
61.0349 	EXP 	textPractice: autoDraw = False
61.0349 	EXP 	polygonCol: autoDraw = False
61.0349 	EXP 	polygonWh: autoDraw = False
61.0349 	EXP 	textCue: autoDraw = False
61.0349 	EXP 	imagePractice: autoDraw = False
61.0349 	EXP 	polygonText: autoDraw = False
61.0349 	EXP 	textPractice: autoDraw = False
61.0349 	EXP 	textBlankLoop: autoDraw = True
61.5283 	EXP 	New trial (rep=0, index=5): {'image': 'REPSWITCH1_Practice/PICTURE_614.png', 'correctAns': 'reina', 'respModal': 'TECLEA', 'frameColor': 'darkblue'}
61.5350 	EXP 	textBlankLoop: autoDraw = False
61.5350 	EXP 	fixationITI: autoDraw = True
62.7157 	EXP 	fixationITI: autoDraw = False
62.7157 	EXP 	fixationITI: autoDraw = False
62.7157 	EXP 	polygonCol: fillColor = <psychopy.colors.Color: darkblue, alpha=1.0>
62.7157 	EXP 	polygonCol: borderColor = <psychopy.colors.Color: darkblue, alpha=1.0>
62.7157 	EXP 	textCue: foreColor = <psychopy.colors.Color: darkblue, alpha=1.0>
62.7157 	EXP 	imagePractice: image = 'REPSWITCH1_Practice/PICTURE_614.png'
62.7157 	EXP 	polygonCol: autoDraw = True
62.7157 	EXP 	polygonWh: autoDraw = True
62.7157 	EXP 	textCue: autoDraw = True
62.7157 	EXP 	imagePractice: autoDraw = True
62.7157 	EXP 	polygonText: autoDraw = True
62.7157 	EXP 	textPractice: autoDraw = True
63.6612 	DATA 	Keypress: r
63.7653 	DATA 	Keypress: e
63.9251 	DATA 	Keypress: i
64.1128 	DATA 	Keypress: n
64.2653 	DATA 	Keypress: a
65.7438 	EXP 	polygonCol: autoDraw = False
65.7438 	EXP 	polygonWh: autoDraw = False
65.7438 	EXP 	textCue: autoDraw = False
65.7438 	EXP 	imagePractice: autoDraw = False
65.7438 	EXP 	polygonText: autoDraw = False
65.7438 	EXP 	textPractice: autoDraw = False
65.7438 	EXP 	polygonCol: autoDraw = False
65.7438 	EXP 	polygonWh: autoDraw = False
65.7438 	EXP 	textCue: autoDraw = False
65.7438 	EXP 	imagePractice: autoDraw = False
65.7438 	EXP 	polygonText: autoDraw = False
65.7438 	EXP 	textPractice: autoDraw = False
65.7438 	EXP 	textBlankLoop: autoDraw = True
66.2371 	EXP 	New trial (rep=0, index=6): {'image': 'REPSWITCH1_Practice/PICTURE_110.png', 'correctAns': 'mesa', 'respModal': 'HABLA', 'frameColor': 'gold'}
66.2439 	EXP 	textBlankLoop: autoDraw = False
66.2439 	EXP 	fixationITI: autoDraw = True
67.3413 	EXP 	fixationITI: autoDraw = False
67.3413 	EXP 	fixationITI: autoDraw = False
67.3413 	EXP 	polygonCol: fillColor = <psychopy.colors.Color: gold, alpha=1.0>
67.3413 	EXP 	polygonCol: borderColor = <psychopy.colors.Color: gold, alpha=1.0>
67.3413 	EXP 	textCue: foreColor = <psychopy.colors.Color: gold, alpha=1.0>
67.3413 	EXP 	imagePractice: image = 'REPSWITCH1_Practice/PICTURE_110.png'
67.3413 	EXP 	polygonCol: autoDraw = True
67.3413 	EXP 	polygonWh: autoDraw = True
67.3413 	EXP 	textCue: autoDraw = True
67.3413 	EXP 	imagePractice: autoDraw = True
67.3413 	EXP 	polygonText: autoDraw = True
67.3413 	EXP 	textPractice: autoDraw = True
70.3694 	EXP 	polygonCol: autoDraw = False
70.3694 	EXP 	polygonWh: autoDraw = False
70.3694 	EXP 	textCue: autoDraw = False
70.3694 	EXP 	imagePractice: autoDraw = False
70.3694 	EXP 	polygonText: autoDraw = False
70.3694 	EXP 	textPractice: autoDraw = False
70.3694 	EXP 	polygonCol: autoDraw = False
70.3694 	EXP 	polygonWh: autoDraw = False
70.3694 	EXP 	textCue: autoDraw = False
70.3694 	EXP 	imagePractice: autoDraw = False
70.3694 	EXP 	polygonText: autoDraw = False
70.3694 	EXP 	textPractice: autoDraw = False
70.3694 	EXP 	textBlankLoop: autoDraw = True
70.8628 	EXP 	New trial (rep=0, index=7): {'image': 'REPSWITCH1_Practice/PICTURE_110.png', 'correctAns': 'mesa', 'respModal': 'TECLEA', 'frameColor': 'darkblue'}
70.8695 	EXP 	textBlankLoop: autoDraw = False
70.8695 	EXP 	textBlankLoop: autoDraw = False
70.8695 	EXP 	fixationITI: autoDraw = True
71.9044 	EXP 	fixationITI: autoDraw = False
71.9044 	EXP 	fixationITI: autoDraw = False
71.9044 	EXP 	polygonCol: fillColor = <psychopy.colors.Color: darkblue, alpha=1.0>
71.9044 	EXP 	polygonCol: borderColor = <psychopy.colors.Color: darkblue, alpha=1.0>
71.9044 	EXP 	textCue: foreColor = <psychopy.colors.Color: darkblue, alpha=1.0>
71.9044 	EXP 	imagePractice: image = 'REPSWITCH1_Practice/PICTURE_110.png'
71.9044 	EXP 	polygonCol: autoDraw = True
71.9044 	EXP 	polygonWh: autoDraw = True
71.9044 	EXP 	textCue: autoDraw = True
71.9044 	EXP 	imagePractice: autoDraw = True
71.9044 	EXP 	polygonText: autoDraw = True
71.9044 	EXP 	textPractice: autoDraw = True
72.8915 	DATA 	Keypress: m
73.0443 	DATA 	Keypress: e
73.3637 	DATA 	Keypress: s
73.4889 	DATA 	Keypress: a
74.9326 	EXP 	polygonCol: autoDraw = False
74.9326 	EXP 	polygonWh: autoDraw = False
74.9326 	EXP 	textCue: autoDraw = False
74.9326 	EXP 	imagePractice: autoDraw = False
74.9326 	EXP 	polygonText: autoDraw = False
74.9326 	EXP 	textPractice: autoDraw = False
74.9326 	EXP 	polygonCol: autoDraw = False
74.9326 	EXP 	polygonWh: autoDraw = False
74.9326 	EXP 	textCue: autoDraw = False
74.9326 	EXP 	imagePractice: autoDraw = False
74.9326 	EXP 	polygonText: autoDraw = False
74.9326 	EXP 	textPractice: autoDraw = False
74.9326 	EXP 	textBlankLoop: autoDraw = True
75.4259 	EXP 	New trial (rep=0, index=8): {'image': 'REPSWITCH1_Practice/PICTURE_599.png', 'correctAns': 'nube', 'respModal': 'HABLA', 'frameColor': 'gold'}
75.4327 	EXP 	textBlankLoop: autoDraw = False
75.4327 	EXP 	fixationITI: autoDraw = True
76.5647 	EXP 	fixationITI: autoDraw = False
76.5647 	EXP 	fixationITI: autoDraw = False
76.5647 	EXP 	polygonCol: fillColor = <psychopy.colors.Color: gold, alpha=1.0>
76.5647 	EXP 	polygonCol: borderColor = <psychopy.colors.Color: gold, alpha=1.0>
76.5647 	EXP 	textCue: foreColor = <psychopy.colors.Color: gold, alpha=1.0>
76.5647 	EXP 	imagePractice: image = 'REPSWITCH1_Practice/PICTURE_599.png'
76.5647 	EXP 	polygonCol: autoDraw = True
76.5647 	EXP 	polygonWh: autoDraw = True
76.5647 	EXP 	textCue: autoDraw = True
76.5647 	EXP 	imagePractice: autoDraw = True
76.5647 	EXP 	polygonText: autoDraw = True
76.5647 	EXP 	textPractice: autoDraw = True
79.5929 	EXP 	polygonCol: autoDraw = False
79.5929 	EXP 	polygonWh: autoDraw = False
79.5929 	EXP 	textCue: autoDraw = False
79.5929 	EXP 	imagePractice: autoDraw = False
79.5929 	EXP 	polygonText: autoDraw = False
79.5929 	EXP 	textPractice: autoDraw = False
79.5929 	EXP 	polygonCol: autoDraw = False
79.5929 	EXP 	polygonWh: autoDraw = False
79.5929 	EXP 	textCue: autoDraw = False
79.5929 	EXP 	imagePractice: autoDraw = False
79.5929 	EXP 	polygonText: autoDraw = False
79.5929 	EXP 	textPractice: autoDraw = False
79.5929 	EXP 	textBlankLoop: autoDraw = True
80.0863 	EXP 	New trial (rep=0, index=9): {'image': 'REPSWITCH1_Practice/PICTURE_12.png', 'correctAns': 'sirena', 'respModal': 'TECLEA', 'frameColor': 'darkblue'}
80.0929 	EXP 	textBlankLoop: autoDraw = False
80.0929 	EXP 	textBlankLoop: autoDraw = False
80.0929 	EXP 	fixationITI: autoDraw = True
81.2667 	EXP 	fixationITI: autoDraw = False
81.2667 	EXP 	fixationITI: autoDraw = False
81.2667 	EXP 	polygonCol: fillColor = <psychopy.colors.Color: darkblue, alpha=1.0>
81.2667 	EXP 	polygonCol: borderColor = <psychopy.colors.Color: darkblue, alpha=1.0>
81.2667 	EXP 	textCue: foreColor = <psychopy.colors.Color: darkblue, alpha=1.0>
81.2667 	EXP 	imagePractice: image = 'REPSWITCH1_Practice/PICTURE_12.png'
81.2667 	EXP 	polygonCol: autoDraw = True
81.2667 	EXP 	polygonWh: autoDraw = True
81.2667 	EXP 	textCue: autoDraw = True
81.2667 	EXP 	imagePractice: autoDraw = True
81.2667 	EXP 	polygonText: autoDraw = True
81.2667 	EXP 	textPractice: autoDraw = True
82.3582 	DATA 	Keypress: s
82.9067 	DATA 	Keypress: i
83.2816 	DATA 	Keypress: r
83.3372 	DATA 	Keypress: e
83.4208 	DATA 	Keypress: n
83.5733 	DATA 	Keypress: a
84.2949 	EXP 	polygonCol: autoDraw = False
84.2949 	EXP 	polygonWh: autoDraw = False
84.2949 	EXP 	textCue: autoDraw = False
84.2949 	EXP 	imagePractice: autoDraw = False
84.2949 	EXP 	polygonText: autoDraw = False
84.2949 	EXP 	textPractice: autoDraw = False
84.2949 	EXP 	polygonCol: autoDraw = False
84.2949 	EXP 	polygonWh: autoDraw = False
84.2949 	EXP 	textCue: autoDraw = False
84.2949 	EXP 	imagePractice: autoDraw = False
84.2949 	EXP 	polygonText: autoDraw = False
84.2949 	EXP 	textPractice: autoDraw = False
84.2949 	EXP 	textBlankLoop: autoDraw = True
84.7883 	EXP 	New trial (rep=0, index=10): {'image': 'REPSWITCH1_Practice/PICTURE_12.png', 'correctAns': 'sirena', 'respModal': 'HABLA', 'frameColor': 'gold'}
84.7949 	EXP 	textBlankLoop: autoDraw = False
84.7949 	EXP 	textBlankLoop: autoDraw = False
84.7949 	EXP 	fixationITI: autoDraw = True
85.8785 	EXP 	fixationITI: autoDraw = False
85.8785 	EXP 	fixationITI: autoDraw = False
85.8785 	EXP 	polygonCol: fillColor = <psychopy.colors.Color: gold, alpha=1.0>
85.8785 	EXP 	polygonCol: borderColor = <psychopy.colors.Color: gold, alpha=1.0>
85.8785 	EXP 	textCue: foreColor = <psychopy.colors.Color: gold, alpha=1.0>
85.8785 	EXP 	imagePractice: image = 'REPSWITCH1_Practice/PICTURE_12.png'
85.8785 	EXP 	polygonCol: autoDraw = True
85.8785 	EXP 	polygonWh: autoDraw = True
85.8785 	EXP 	textCue: autoDraw = True
85.8785 	EXP 	imagePractice: autoDraw = True
85.8785 	EXP 	polygonText: autoDraw = True
85.8785 	EXP 	textPractice: autoDraw = True
88.9066 	EXP 	polygonCol: autoDraw = False
88.9066 	EXP 	polygonWh: autoDraw = False
88.9066 	EXP 	textCue: autoDraw = False
88.9066 	EXP 	imagePractice: autoDraw = False
88.9066 	EXP 	polygonText: autoDraw = False
88.9066 	EXP 	textPractice: autoDraw = False
88.9066 	EXP 	polygonCol: autoDraw = False
88.9066 	EXP 	polygonWh: autoDraw = False
88.9066 	EXP 	textCue: autoDraw = False
88.9066 	EXP 	imagePractice: autoDraw = False
88.9066 	EXP 	polygonText: autoDraw = False
88.9066 	EXP 	textPractice: autoDraw = False
88.9066 	EXP 	textBlankLoop: autoDraw = True
89.4000 	EXP 	New trial (rep=0, index=11): {'image': 'REPSWITCH1_Practice/PICTURE_612.png', 'correctAns': 'rana', 'respModal': 'HABLA', 'frameColor': 'gold'}
89.4067 	EXP 	textBlankLoop: autoDraw = False
89.4067 	EXP 	textBlankLoop: autoDraw = False
89.4067 	EXP 	fixationITI: autoDraw = True
90.5596 	EXP 	fixationITI: autoDraw = False
90.5596 	EXP 	fixationITI: autoDraw = False
90.5596 	EXP 	polygonCol: fillColor = <psychopy.colors.Color: gold, alpha=1.0>
90.5596 	EXP 	polygonCol: borderColor = <psychopy.colors.Color: gold, alpha=1.0>
90.5596 	EXP 	textCue: foreColor = <psychopy.colors.Color: gold, alpha=1.0>
90.5596 	EXP 	imagePractice: image = 'REPSWITCH1_Practice/PICTURE_612.png'
90.5596 	EXP 	polygonCol: autoDraw = True
90.5596 	EXP 	polygonWh: autoDraw = True
90.5596 	EXP 	textCue: autoDraw = True
90.5596 	EXP 	imagePractice: autoDraw = True
90.5596 	EXP 	polygonText: autoDraw = True
90.5596 	EXP 	textPractice: autoDraw = True
93.5877 	EXP 	polygonCol: autoDraw = False
93.5877 	EXP 	polygonWh: autoDraw = False
93.5877 	EXP 	textCue: autoDraw = False
93.5877 	EXP 	imagePractice: autoDraw = False
93.5877 	EXP 	polygonText: autoDraw = False
93.5877 	EXP 	textPractice: autoDraw = False
93.5877 	EXP 	polygonCol: autoDraw = False
93.5877 	EXP 	polygonWh: autoDraw = False
93.5877 	EXP 	textCue: autoDraw = False
93.5877 	EXP 	imagePractice: autoDraw = False
93.5877 	EXP 	polygonText: autoDraw = False
93.5877 	EXP 	textPractice: autoDraw = False
93.5877 	EXP 	textBlankLoop: autoDraw = True
94.0878 	EXP 	textBlankLoop: autoDraw = False
94.0878 	EXP 	textboxEndPracrice: autoDraw = True
97.5703 	DATA 	Keypress: space
97.5744 	EXP 	textboxEndPracrice: autoDraw = False
97.5985 	EXP 	window1: mouseVisible = True
