11.3075 	EXP 	Created window1 = Window(allowGUI=True, allowStencil=False, autoLog=True, backendConf=UNKNOWN, bitsMode=UNKNOWN, blendMode='avg', bpc=(8, 8, 8), color=array([0, 0, 0]), colorSpace='rgb', depthBits=8, fullscr=<method-wrapper '__getattribute__' of attributeSetter object at 0x0000018BBAFFAAF0>, gamma=None, gammaErrorPolicy='raise', lms=UNKNOWN, monitor=<psychopy.monitors.calibTools.Monitor object at 0x0000018BC14D6D00>, multiSample=False, name='window1', numSamples=2, pos=(0, 0), screen=0, size=array([1920, 1080]), stencilBits=0, stereo=False, units='height', useFBO=True, useRetina=False, viewOri=0.0, viewPos=None, viewScale=None, waitBlanking=True, winType='pyglet')
11.3076 	EXP 	window1: mouseVisible = True
11.3076 	EXP 	window1: mouseVisible = False
11.3076 	EXP 	window1: Attempting to measure frame rate of screen (0) ...
11.3076 	EXP 	window1: recordFrameIntervals = False
11.3767 	EXP 	window1: recordFrameIntervals = True
11.4532 	EXP 	Screen (0) actual frame rate measured at 143.91Hz
11.4532 	EXP 	window1: recordFrameIntervals = False
12.8515 	EXP 	Created textWelcomeFam = TextStim(__class__=<class 'psychopy.visual.text.TextStim'>, alignHoriz=method-wrapper(...), alignText='center', alignVert=method-wrapper(...), anchorHoriz='center', anchorVert='center', antialias=True, autoDraw=False, autoLog=True, bold=False, color=array([1, 1, 1]), colorSpace='rgb', contrast=1.0, depth=0.0, flipHoriz=False, flipVert=False, font='Open Sans', fontFiles=[], height=0.05, italic=False, languageStyle='LTR', name='textWelcomeFam', opacity=1.0, ori=0.0, pos=array([0., 0.]), rgb=UNKNOWN, text='Bienvenido/a al experimento!', units='height', win=Window(...), wrapWidth=1)
12.8925 	EXP 	Created fixationITI = ShapeStim(__class__=<class 'psychopy.visual.shape.ShapeStim'>, anchor=('center', 'center'), autoDraw=False, autoLog=True, closeShape=True, color=method-wrapper(...), colorSpace='rgb', contrast=None, depth=0.0, fillColor=array([1, 1, 1]), fillColorSpace='rgb', fillRGB=array([1, 1, 1]), interpolate=True, lineColor=array([1, 1, 1]), lineColorSpace='rgb', lineRGB=array([1, 1, 1]), lineWidth=1.0, name='fixationITI', opacity=1.0, ori=0.0, pos=array([0., 0.]), size=array([0.1, 0.1]), units='height', vertices=ndarray(...), win=Window(...), windingRule=None)
12.8931 	EXP 	Created polygonWhiteFam = Rect(__class__=<class 'psychopy.visual.rect.Rect'>, anchor=('center', 'center'), autoDraw=False, autoLog=True, closeShape=True, color=method-wrapper(...), colorSpace='rgb', contrast=None, depth=0.0, fillColor=array([1, 1, 1]), fillColorSpace='rgb', fillRGB=array([1, 1, 1]), interpolate=True, lineColor=array([1, 1, 1]), lineColorSpace='rgb', lineRGB=array([1, 1, 1]), lineWidth=1.0, name='polygonWhiteFam', opacity=1.0, ori=0.0, pos=array([0., 0.]), size=array([0.5, 0.5]), units='height', vertices=ndarray(...), win=Window(...))
12.8961 	EXP 	Created imageFam = ImageStim(__class__=<class 'psychopy.visual.image.ImageStim'>, anchor=('center', 'center'), autoLog=True, color=array([1, 1, 1]), colorSpace='rgb', contrast=1.0, depth=-1.0, flipHoriz=False, flipVert=False, image='sin', interpolate=True, mask=None, maskParams=None, name='imageFam', opacity=1.0, ori=0.0, pos=array([0., 0.]), size=array([0.5, 0.5]), texRes=128.0, units='height', win=Window(...))
12.8965 	EXP 	Created textFam = TextStim(__class__=<class 'psychopy.visual.text.TextStim'>, alignHoriz=method-wrapper(...), alignText='center', alignVert=method-wrapper(...), anchorHoriz='center', anchorVert='center', antialias=True, autoDraw=False, autoLog=True, bold=False, color=array([1, 1, 1]), colorSpace='rgb', contrast=1.0, depth=-2.0, flipHoriz=False, flipVert=False, font='Open Sans', fontFiles=[], height=0.05, italic=False, languageStyle='LTR', name='textFam', opacity=1.0, ori=0.0, pos=array([ 0. , -0.3]), rgb=UNKNOWN, text='', units='height', win=Window(...), wrapWidth=1)
12.9436 	EXP 	Created textBlankLoop = TextStim(__class__=<class 'psychopy.visual.text.TextStim'>, alignHoriz=method-wrapper(...), alignText='center', alignVert=method-wrapper(...), anchorHoriz='center', anchorVert='center', antialias=True, autoDraw=False, autoLog=True, bold=False, color=array([1, 1, 1]), colorSpace='rgb', contrast=1.0, depth=0.0, flipHoriz=False, flipVert=False, font='Open Sans', fontFiles=[], height=0.05, italic=False, languageStyle='LTR', name='textBlankLoop', opacity=1.0, ori=0.0, pos=array([0., 0.]), rgb=UNKNOWN, text='', units='height', win=Window(...), wrapWidth=1)
12.9655 	EXP 	textboxInstrFam: autoLog = True
12.9655 	EXP 	textboxEndFam: autoLog = True
12.9655 	EXP 	textWelcomeFam: autoDraw = True
14.9606 	EXP 	textWelcomeFam: autoDraw = False
14.9606 	EXP 	textboxInstrFam: autoDraw = True
23.7666 	EXP 	Imported repswitch_fam.xlsx as conditions, 45 conditions, 2 params
23.7673 	EXP 	Created sequence: random, trialTypes=45, nReps=1, seed=None
23.7674 	EXP 	New trial (rep=0, index=0): {'image': 'REPSWITCH1_Fam/PICTURE_728.png', 'correctAns': 'pulpo'}
23.7681 	DATA 	Keypress: space
23.7742 	EXP 	textboxInstrFam: autoDraw = False
23.7742 	EXP 	fixationITI: autoDraw = True
24.7882 	EXP 	fixationITI: autoDraw = False
24.7882 	EXP 	fixationITI: autoDraw = False
24.7882 	EXP 	imageFam: image = 'REPSWITCH1_Fam/PICTURE_728.png'
24.7882 	EXP 	polygonWhiteFam: autoDraw = True
24.7882 	EXP 	imageFam: autoDraw = True
28.2747 	EXP 	textFam: autoDraw = True
30.7751 	EXP 	textFam: autoDraw = False
30.8168 	EXP 	polygonWhiteFam: autoDraw = False
30.8168 	EXP 	imageFam: autoDraw = False
30.8168 	EXP 	textFam: autoDraw = False
30.8168 	EXP 	textBlankLoop: autoDraw = True
31.3100 	EXP 	New trial (rep=0, index=1): {'image': 'REPSWITCH1_Fam/PICTURE_271.png', 'correctAns': 'conejo'}
31.3168 	EXP 	textBlankLoop: autoDraw = False
31.3168 	EXP 	fixationITI: autoDraw = True
32.3517 	EXP 	fixationITI: autoDraw = False
32.3517 	EXP 	fixationITI: autoDraw = False
32.3517 	EXP 	imageFam: image = 'REPSWITCH1_Fam/PICTURE_271.png'
32.3517 	EXP 	polygonWhiteFam: autoDraw = True
32.3517 	EXP 	imageFam: autoDraw = True
35.8452 	EXP 	textFam: autoDraw = True
38.3455 	EXP 	textFam: autoDraw = False
38.3803 	EXP 	polygonWhiteFam: autoDraw = False
38.3803 	EXP 	imageFam: autoDraw = False
38.3803 	EXP 	polygonWhiteFam: autoDraw = False
38.3803 	EXP 	imageFam: autoDraw = False
38.3803 	EXP 	textFam: autoDraw = False
38.3803 	EXP 	textBlankLoop: autoDraw = True
38.8736 	EXP 	New trial (rep=0, index=2): {'image': 'REPSWITCH1_Fam/PICTURE_242.png', 'correctAns': 'cartero'}
38.8803 	EXP 	textBlankLoop: autoDraw = False
38.8803 	EXP 	textBlankLoop: autoDraw = False
38.8803 	EXP 	fixationITI: autoDraw = True
39.9638 	EXP 	fixationITI: autoDraw = False
39.9638 	EXP 	fixationITI: autoDraw = False
39.9638 	EXP 	imageFam: image = 'REPSWITCH1_Fam/PICTURE_242.png'
39.9638 	EXP 	polygonWhiteFam: autoDraw = True
39.9638 	EXP 	imageFam: autoDraw = True
43.4573 	EXP 	textFam: autoDraw = True
45.9576 	EXP 	textFam: autoDraw = False
45.9924 	EXP 	polygonWhiteFam: autoDraw = False
45.9924 	EXP 	imageFam: autoDraw = False
45.9924 	EXP 	polygonWhiteFam: autoDraw = False
45.9924 	EXP 	imageFam: autoDraw = False
45.9924 	EXP 	textFam: autoDraw = False
45.9924 	EXP 	textBlankLoop: autoDraw = True
46.4857 	EXP 	New trial (rep=0, index=3): {'image': 'REPSWITCH1_Fam/PICTURE_576.png', 'correctAns': 'guante'}
46.4924 	EXP 	textBlankLoop: autoDraw = False
46.4924 	EXP 	textBlankLoop: autoDraw = False
46.4924 	EXP 	fixationITI: autoDraw = True
47.5898 	EXP 	fixationITI: autoDraw = False
47.5898 	EXP 	fixationITI: autoDraw = False
47.5898 	EXP 	imageFam: image = 'REPSWITCH1_Fam/PICTURE_576.png'
47.5898 	EXP 	polygonWhiteFam: autoDraw = True
47.5898 	EXP 	imageFam: autoDraw = True
51.0833 	EXP 	textFam: autoDraw = True
53.5836 	EXP 	textFam: autoDraw = False
53.6183 	EXP 	polygonWhiteFam: autoDraw = False
53.6183 	EXP 	imageFam: autoDraw = False
53.6183 	EXP 	polygonWhiteFam: autoDraw = False
53.6183 	EXP 	imageFam: autoDraw = False
53.6183 	EXP 	textFam: autoDraw = False
53.6183 	EXP 	textBlankLoop: autoDraw = True
54.1117 	EXP 	New trial (rep=0, index=4): {'image': 'REPSWITCH1_Fam/PICTURE_517.png', 'correctAns': 'cuerda'}
54.1185 	EXP 	textBlankLoop: autoDraw = False
54.1185 	EXP 	textBlankLoop: autoDraw = False
54.1185 	EXP 	fixationITI: autoDraw = True
55.2019 	EXP 	fixationITI: autoDraw = False
55.2019 	EXP 	fixationITI: autoDraw = False
55.2019 	EXP 	imageFam: image = 'REPSWITCH1_Fam/PICTURE_517.png'
55.2019 	EXP 	polygonWhiteFam: autoDraw = True
55.2019 	EXP 	imageFam: autoDraw = True
58.6954 	EXP 	textFam: autoDraw = True
61.1957 	EXP 	textFam: autoDraw = False
61.2305 	EXP 	polygonWhiteFam: autoDraw = False
61.2305 	EXP 	imageFam: autoDraw = False
61.2305 	EXP 	polygonWhiteFam: autoDraw = False
61.2305 	EXP 	imageFam: autoDraw = False
61.2305 	EXP 	textFam: autoDraw = False
61.2305 	EXP 	textBlankLoop: autoDraw = True
61.7238 	EXP 	New trial (rep=0, index=5): {'image': 'REPSWITCH1_Fam/PICTURE_169.png', 'correctAns': 'espalda'}
61.7306 	EXP 	textBlankLoop: autoDraw = False
61.7306 	EXP 	textBlankLoop: autoDraw = False
61.7306 	EXP 	fixationITI: autoDraw = True
62.7584 	EXP 	fixationITI: autoDraw = False
62.7584 	EXP 	fixationITI: autoDraw = False
62.7584 	EXP 	imageFam: image = 'REPSWITCH1_Fam/PICTURE_169.png'
62.7584 	EXP 	polygonWhiteFam: autoDraw = True
62.7584 	EXP 	imageFam: autoDraw = True
66.2519 	EXP 	textFam: autoDraw = True
68.7523 	EXP 	textFam: autoDraw = False
68.7870 	EXP 	polygonWhiteFam: autoDraw = False
68.7870 	EXP 	imageFam: autoDraw = False
68.7870 	EXP 	polygonWhiteFam: autoDraw = False
68.7870 	EXP 	imageFam: autoDraw = False
68.7870 	EXP 	textFam: autoDraw = False
68.7870 	EXP 	textBlankLoop: autoDraw = True
69.2805 	EXP 	New trial (rep=0, index=6): {'image': 'REPSWITCH1_Fam/PICTURE_673.png', 'correctAns': 'tenedor'}
69.2871 	EXP 	textBlankLoop: autoDraw = False
69.2871 	EXP 	textBlankLoop: autoDraw = False
69.2871 	EXP 	fixationITI: autoDraw = True
70.3984 	EXP 	fixationITI: autoDraw = False
70.3984 	EXP 	fixationITI: autoDraw = False
70.3984 	EXP 	imageFam: image = 'REPSWITCH1_Fam/PICTURE_673.png'
70.3984 	EXP 	polygonWhiteFam: autoDraw = True
70.3984 	EXP 	imageFam: autoDraw = True
73.8918 	EXP 	textFam: autoDraw = True
76.3921 	EXP 	textFam: autoDraw = False
76.4269 	EXP 	polygonWhiteFam: autoDraw = False
76.4269 	EXP 	imageFam: autoDraw = False
76.4269 	EXP 	polygonWhiteFam: autoDraw = False
76.4269 	EXP 	imageFam: autoDraw = False
76.4269 	EXP 	textFam: autoDraw = False
76.4269 	EXP 	textBlankLoop: autoDraw = True
76.9202 	EXP 	New trial (rep=0, index=7): {'image': 'REPSWITCH1_Fam/PICTURE_19.png', 'correctAns': 'pavo'}
76.9269 	EXP 	textBlankLoop: autoDraw = False
76.9269 	EXP 	textBlankLoop: autoDraw = False
76.9269 	EXP 	fixationITI: autoDraw = True
78.0591 	EXP 	fixationITI: autoDraw = False
78.0591 	EXP 	fixationITI: autoDraw = False
78.0591 	EXP 	imageFam: image = 'REPSWITCH1_Fam/PICTURE_19.png'
78.0591 	EXP 	polygonWhiteFam: autoDraw = True
78.0591 	EXP 	imageFam: autoDraw = True
81.5526 	EXP 	textFam: autoDraw = True
84.0529 	EXP 	textFam: autoDraw = False
84.0876 	EXP 	polygonWhiteFam: autoDraw = False
84.0876 	EXP 	imageFam: autoDraw = False
84.0876 	EXP 	polygonWhiteFam: autoDraw = False
84.0876 	EXP 	imageFam: autoDraw = False
84.0876 	EXP 	textFam: autoDraw = False
84.0876 	EXP 	textBlankLoop: autoDraw = True
84.5809 	EXP 	New trial (rep=0, index=8): {'image': 'REPSWITCH1_Fam/PICTURE_48.png', 'correctAns': 'bombero'}
84.5877 	EXP 	textBlankLoop: autoDraw = False
84.5877 	EXP 	textBlankLoop: autoDraw = False
84.5877 	EXP 	fixationITI: autoDraw = True
85.7338 	EXP 	fixationITI: autoDraw = False
85.7338 	EXP 	fixationITI: autoDraw = False
85.7338 	EXP 	imageFam: image = 'REPSWITCH1_Fam/PICTURE_48.png'
85.7338 	EXP 	polygonWhiteFam: autoDraw = True
85.7338 	EXP 	imageFam: autoDraw = True
89.2272 	EXP 	textFam: autoDraw = True
91.7275 	EXP 	textFam: autoDraw = False
91.7622 	EXP 	polygonWhiteFam: autoDraw = False
91.7622 	EXP 	imageFam: autoDraw = False
91.7622 	EXP 	polygonWhiteFam: autoDraw = False
91.7622 	EXP 	imageFam: autoDraw = False
91.7622 	EXP 	textFam: autoDraw = False
91.7622 	EXP 	textBlankLoop: autoDraw = True
92.2557 	EXP 	New trial (rep=0, index=9): {'image': 'REPSWITCH1_Fam/PICTURE_12.png', 'correctAns': 'sirena'}
92.2624 	EXP 	textBlankLoop: autoDraw = False
92.2624 	EXP 	textBlankLoop: autoDraw = False
92.2624 	EXP 	fixationITI: autoDraw = True
93.4152 	EXP 	fixationITI: autoDraw = False
93.4152 	EXP 	fixationITI: autoDraw = False
93.4152 	EXP 	imageFam: image = 'REPSWITCH1_Fam/PICTURE_12.png'
93.4152 	EXP 	polygonWhiteFam: autoDraw = True
93.4152 	EXP 	imageFam: autoDraw = True
96.9087 	EXP 	textFam: autoDraw = True
99.4091 	EXP 	textFam: autoDraw = False
99.4438 	EXP 	polygonWhiteFam: autoDraw = False
99.4438 	EXP 	imageFam: autoDraw = False
99.4438 	EXP 	polygonWhiteFam: autoDraw = False
99.4438 	EXP 	imageFam: autoDraw = False
99.4438 	EXP 	textFam: autoDraw = False
99.4438 	EXP 	textBlankLoop: autoDraw = True
99.9371 	EXP 	New trial (rep=0, index=10): {'image': 'REPSWITCH1_Fam/PICTURE_16.png', 'correctAns': 'cazador'}
99.9438 	EXP 	textBlankLoop: autoDraw = False
99.9438 	EXP 	textBlankLoop: autoDraw = False
99.9438 	EXP 	fixationITI: autoDraw = True
101.0342 	EXP 	fixationITI: autoDraw = False
101.0342 	EXP 	fixationITI: autoDraw = False
101.0342 	EXP 	imageFam: image = 'REPSWITCH1_Fam/PICTURE_16.png'
101.0342 	EXP 	polygonWhiteFam: autoDraw = True
101.0342 	EXP 	imageFam: autoDraw = True
104.5278 	EXP 	textFam: autoDraw = True
107.0281 	EXP 	textFam: autoDraw = False
107.0628 	EXP 	polygonWhiteFam: autoDraw = False
107.0628 	EXP 	imageFam: autoDraw = False
107.0628 	EXP 	polygonWhiteFam: autoDraw = False
107.0628 	EXP 	imageFam: autoDraw = False
107.0628 	EXP 	textFam: autoDraw = False
107.0628 	EXP 	textBlankLoop: autoDraw = True
107.5562 	EXP 	New trial (rep=0, index=11): {'image': 'REPSWITCH1_Fam/PICTURE_235.png', 'correctAns': 'aguja'}
107.5629 	EXP 	textBlankLoop: autoDraw = False
107.5629 	EXP 	textBlankLoop: autoDraw = False
107.5629 	EXP 	fixationITI: autoDraw = True
108.6117 	EXP 	fixationITI: autoDraw = False
108.6117 	EXP 	fixationITI: autoDraw = False
108.6117 	EXP 	imageFam: image = 'REPSWITCH1_Fam/PICTURE_235.png'
108.6117 	EXP 	polygonWhiteFam: autoDraw = True
108.6117 	EXP 	imageFam: autoDraw = True
112.1052 	EXP 	textFam: autoDraw = True
114.6055 	EXP 	textFam: autoDraw = False
114.6402 	EXP 	polygonWhiteFam: autoDraw = False
114.6402 	EXP 	imageFam: autoDraw = False
114.6402 	EXP 	polygonWhiteFam: autoDraw = False
114.6402 	EXP 	imageFam: autoDraw = False
114.6402 	EXP 	textFam: autoDraw = False
114.6402 	EXP 	textBlankLoop: autoDraw = True
115.1335 	EXP 	New trial (rep=0, index=12): {'image': 'REPSWITCH1_Fam/PICTURE_30.png', 'correctAns': 'granja'}
115.1403 	EXP 	textBlankLoop: autoDraw = False
115.1403 	EXP 	textBlankLoop: autoDraw = False
115.1403 	EXP 	fixationITI: autoDraw = True
116.2168 	EXP 	fixationITI: autoDraw = False
116.2168 	EXP 	fixationITI: autoDraw = False
116.2168 	EXP 	imageFam: image = 'REPSWITCH1_Fam/PICTURE_30.png'
116.2168 	EXP 	polygonWhiteFam: autoDraw = True
116.2168 	EXP 	imageFam: autoDraw = True
119.7103 	EXP 	textFam: autoDraw = True
122.2106 	EXP 	textFam: autoDraw = False
122.2454 	EXP 	polygonWhiteFam: autoDraw = False
122.2454 	EXP 	imageFam: autoDraw = False
122.2454 	EXP 	polygonWhiteFam: autoDraw = False
122.2454 	EXP 	imageFam: autoDraw = False
122.2454 	EXP 	textFam: autoDraw = False
122.2454 	EXP 	textBlankLoop: autoDraw = True
122.7388 	EXP 	New trial (rep=0, index=13): {'image': 'REPSWITCH1_Fam/PICTURE_614.png', 'correctAns': 'reina'}
122.7454 	EXP 	textBlankLoop: autoDraw = False
122.7454 	EXP 	textBlankLoop: autoDraw = False
122.7454 	EXP 	fixationITI: autoDraw = True
123.8151 	EXP 	fixationITI: autoDraw = False
123.8151 	EXP 	fixationITI: autoDraw = False
123.8151 	EXP 	imageFam: image = 'REPSWITCH1_Fam/PICTURE_614.png'
123.8151 	EXP 	polygonWhiteFam: autoDraw = True
123.8151 	EXP 	imageFam: autoDraw = True
127.3086 	EXP 	textFam: autoDraw = True
129.8088 	EXP 	textFam: autoDraw = False
129.8436 	EXP 	polygonWhiteFam: autoDraw = False
129.8436 	EXP 	imageFam: autoDraw = False
129.8436 	EXP 	polygonWhiteFam: autoDraw = False
129.8436 	EXP 	imageFam: autoDraw = False
129.8436 	EXP 	textFam: autoDraw = False
129.8436 	EXP 	textBlankLoop: autoDraw = True
130.3369 	EXP 	New trial (rep=0, index=14): {'image': 'REPSWITCH1_Fam/PICTURE_178.png', 'correctAns': 'puente'}
130.3437 	EXP 	textBlankLoop: autoDraw = False
130.3437 	EXP 	textBlankLoop: autoDraw = False
130.3437 	EXP 	fixationITI: autoDraw = True
131.4549 	EXP 	fixationITI: autoDraw = False
131.4549 	EXP 	fixationITI: autoDraw = False
131.4549 	EXP 	imageFam: image = 'REPSWITCH1_Fam/PICTURE_178.png'
131.4549 	EXP 	polygonWhiteFam: autoDraw = True
131.4549 	EXP 	imageFam: autoDraw = True
134.9484 	EXP 	textFam: autoDraw = True
137.4487 	EXP 	textFam: autoDraw = False
137.4836 	EXP 	polygonWhiteFam: autoDraw = False
137.4836 	EXP 	imageFam: autoDraw = False
137.4836 	EXP 	polygonWhiteFam: autoDraw = False
137.4836 	EXP 	imageFam: autoDraw = False
137.4836 	EXP 	textFam: autoDraw = False
137.4836 	EXP 	textBlankLoop: autoDraw = True
137.9768 	EXP 	New trial (rep=0, index=15): {'image': 'REPSWITCH1_Fam/PICTURE_464.png', 'correctAns': 'goma'}
137.9836 	EXP 	textBlankLoop: autoDraw = False
137.9836 	EXP 	textBlankLoop: autoDraw = False
137.9836 	EXP 	fixationITI: autoDraw = True
139.0253 	EXP 	fixationITI: autoDraw = False
139.0253 	EXP 	fixationITI: autoDraw = False
139.0253 	EXP 	imageFam: image = 'REPSWITCH1_Fam/PICTURE_464.png'
139.0253 	EXP 	polygonWhiteFam: autoDraw = True
139.0253 	EXP 	imageFam: autoDraw = True
142.5188 	EXP 	textFam: autoDraw = True
145.0192 	EXP 	textFam: autoDraw = False
145.0539 	EXP 	polygonWhiteFam: autoDraw = False
145.0539 	EXP 	imageFam: autoDraw = False
145.0539 	EXP 	polygonWhiteFam: autoDraw = False
145.0539 	EXP 	imageFam: autoDraw = False
145.0539 	EXP 	textFam: autoDraw = False
145.0539 	EXP 	textBlankLoop: autoDraw = True
145.5473 	EXP 	New trial (rep=0, index=16): {'image': 'REPSWITCH1_Fam/PICTURE_663.png', 'correctAns': 'columna'}
145.5540 	EXP 	textBlankLoop: autoDraw = False
145.5540 	EXP 	textBlankLoop: autoDraw = False
145.5540 	EXP 	fixationITI: autoDraw = True
146.7139 	EXP 	fixationITI: autoDraw = False
146.7139 	EXP 	fixationITI: autoDraw = False
146.7139 	EXP 	imageFam: image = 'REPSWITCH1_Fam/PICTURE_663.png'
146.7139 	EXP 	polygonWhiteFam: autoDraw = True
146.7139 	EXP 	imageFam: autoDraw = True
150.2073 	EXP 	textFam: autoDraw = True
152.7077 	EXP 	textFam: autoDraw = False
152.7424 	EXP 	polygonWhiteFam: autoDraw = False
152.7424 	EXP 	imageFam: autoDraw = False
152.7424 	EXP 	polygonWhiteFam: autoDraw = False
152.7424 	EXP 	imageFam: autoDraw = False
152.7424 	EXP 	textFam: autoDraw = False
152.7424 	EXP 	textBlankLoop: autoDraw = True
153.2358 	EXP 	New trial (rep=0, index=17): {'image': 'REPSWITCH1_Fam/PICTURE_687.png', 'correctAns': 'camisa'}
153.2425 	EXP 	textBlankLoop: autoDraw = False
153.2425 	EXP 	textBlankLoop: autoDraw = False
153.2425 	EXP 	fixationITI: autoDraw = True
154.2982 	EXP 	fixationITI: autoDraw = False
154.2982 	EXP 	fixationITI: autoDraw = False
154.2982 	EXP 	imageFam: image = 'REPSWITCH1_Fam/PICTURE_687.png'
154.2982 	EXP 	polygonWhiteFam: autoDraw = True
154.2982 	EXP 	imageFam: autoDraw = True
157.7917 	EXP 	textFam: autoDraw = True
160.2920 	EXP 	textFam: autoDraw = False
160.3267 	EXP 	polygonWhiteFam: autoDraw = False
160.3267 	EXP 	imageFam: autoDraw = False
160.3267 	EXP 	polygonWhiteFam: autoDraw = False
160.3267 	EXP 	imageFam: autoDraw = False
160.3267 	EXP 	textFam: autoDraw = False
160.3267 	EXP 	textBlankLoop: autoDraw = True
160.8201 	EXP 	New trial (rep=0, index=18): {'image': 'REPSWITCH1_Fam/PICTURE_552.png', 'correctAns': 'manzana'}
160.8268 	EXP 	textBlankLoop: autoDraw = False
160.8268 	EXP 	textBlankLoop: autoDraw = False
160.8268 	EXP 	fixationITI: autoDraw = True
161.9659 	EXP 	fixationITI: autoDraw = False
161.9659 	EXP 	fixationITI: autoDraw = False
161.9659 	EXP 	imageFam: image = 'REPSWITCH1_Fam/PICTURE_552.png'
161.9659 	EXP 	polygonWhiteFam: autoDraw = True
161.9659 	EXP 	imageFam: autoDraw = True
165.4594 	EXP 	textFam: autoDraw = True
167.9597 	EXP 	textFam: autoDraw = False
167.9944 	EXP 	polygonWhiteFam: autoDraw = False
167.9944 	EXP 	imageFam: autoDraw = False
167.9944 	EXP 	polygonWhiteFam: autoDraw = False
167.9944 	EXP 	imageFam: autoDraw = False
167.9944 	EXP 	textFam: autoDraw = False
167.9944 	EXP 	textBlankLoop: autoDraw = True
168.4878 	EXP 	New trial (rep=0, index=19): {'image': 'REPSWITCH1_Fam/PICTURE_340.png', 'correctAns': 'espejo'}
168.4945 	EXP 	textBlankLoop: autoDraw = False
168.4945 	EXP 	textBlankLoop: autoDraw = False
168.4945 	EXP 	fixationITI: autoDraw = True
169.5293 	EXP 	fixationITI: autoDraw = False
169.5293 	EXP 	fixationITI: autoDraw = False
169.5293 	EXP 	imageFam: image = 'REPSWITCH1_Fam/PICTURE_340.png'
169.5293 	EXP 	polygonWhiteFam: autoDraw = True
169.5293 	EXP 	imageFam: autoDraw = True
173.0228 	EXP 	textFam: autoDraw = True
175.5232 	EXP 	textFam: autoDraw = False
175.5579 	EXP 	polygonWhiteFam: autoDraw = False
175.5579 	EXP 	imageFam: autoDraw = False
175.5579 	EXP 	polygonWhiteFam: autoDraw = False
175.5579 	EXP 	imageFam: autoDraw = False
175.5579 	EXP 	textFam: autoDraw = False
175.5579 	EXP 	textBlankLoop: autoDraw = True
176.0513 	EXP 	New trial (rep=0, index=20): {'image': 'REPSWITCH1_Fam/PICTURE_142.png', 'correctAns': 'vaso'}
176.0580 	EXP 	textBlankLoop: autoDraw = False
176.0580 	EXP 	textBlankLoop: autoDraw = False
176.0580 	EXP 	fixationITI: autoDraw = True
177.2040 	EXP 	fixationITI: autoDraw = False
177.2040 	EXP 	fixationITI: autoDraw = False
177.2040 	EXP 	imageFam: image = 'REPSWITCH1_Fam/PICTURE_142.png'
177.2040 	EXP 	polygonWhiteFam: autoDraw = True
177.2040 	EXP 	imageFam: autoDraw = True
180.6975 	EXP 	textFam: autoDraw = True
183.1978 	EXP 	textFam: autoDraw = False
183.2326 	EXP 	polygonWhiteFam: autoDraw = False
183.2326 	EXP 	imageFam: autoDraw = False
183.2326 	EXP 	polygonWhiteFam: autoDraw = False
183.2326 	EXP 	imageFam: autoDraw = False
183.2326 	EXP 	textFam: autoDraw = False
183.2326 	EXP 	textBlankLoop: autoDraw = True
183.7259 	EXP 	New trial (rep=0, index=21): {'image': 'REPSWITCH1_Fam/PICTURE_498.png', 'correctAns': 'taza'}
183.7326 	EXP 	textBlankLoop: autoDraw = False
183.7326 	EXP 	textBlankLoop: autoDraw = False
183.7326 	EXP 	fixationITI: autoDraw = True
184.8577 	EXP 	fixationITI: autoDraw = False
184.8577 	EXP 	fixationITI: autoDraw = False
184.8577 	EXP 	imageFam: image = 'REPSWITCH1_Fam/PICTURE_498.png'
184.8577 	EXP 	polygonWhiteFam: autoDraw = True
184.8577 	EXP 	imageFam: autoDraw = True
188.3512 	EXP 	textFam: autoDraw = True
190.8515 	EXP 	textFam: autoDraw = False
190.8863 	EXP 	polygonWhiteFam: autoDraw = False
190.8863 	EXP 	imageFam: autoDraw = False
190.8863 	EXP 	polygonWhiteFam: autoDraw = False
190.8863 	EXP 	imageFam: autoDraw = False
190.8863 	EXP 	textFam: autoDraw = False
190.8863 	EXP 	textBlankLoop: autoDraw = True
191.3797 	EXP 	New trial (rep=0, index=22): {'image': 'REPSWITCH1_Fam/PICTURE_612.png', 'correctAns': 'rana'}
191.3864 	EXP 	textBlankLoop: autoDraw = False
191.3864 	EXP 	textBlankLoop: autoDraw = False
191.3864 	EXP 	fixationITI: autoDraw = True
192.4073 	EXP 	fixationITI: autoDraw = False
192.4073 	EXP 	fixationITI: autoDraw = False
192.4073 	EXP 	imageFam: image = 'REPSWITCH1_Fam/PICTURE_612.png'
192.4073 	EXP 	polygonWhiteFam: autoDraw = True
192.4073 	EXP 	imageFam: autoDraw = True
195.9008 	EXP 	textFam: autoDraw = True
198.4012 	EXP 	textFam: autoDraw = False
198.4359 	EXP 	polygonWhiteFam: autoDraw = False
198.4359 	EXP 	imageFam: autoDraw = False
198.4359 	EXP 	polygonWhiteFam: autoDraw = False
198.4359 	EXP 	imageFam: autoDraw = False
198.4359 	EXP 	textFam: autoDraw = False
198.4359 	EXP 	textBlankLoop: autoDraw = True
198.9292 	EXP 	New trial (rep=0, index=23): {'image': 'REPSWITCH1_Fam/PICTURE_610.png', 'correctAns': 'miel'}
198.9359 	EXP 	textBlankLoop: autoDraw = False
198.9359 	EXP 	textBlankLoop: autoDraw = False
198.9359 	EXP 	fixationITI: autoDraw = True
200.0194 	EXP 	fixationITI: autoDraw = False
200.0194 	EXP 	fixationITI: autoDraw = False
200.0194 	EXP 	imageFam: image = 'REPSWITCH1_Fam/PICTURE_610.png'
200.0194 	EXP 	polygonWhiteFam: autoDraw = True
200.0194 	EXP 	imageFam: autoDraw = True
203.5129 	EXP 	textFam: autoDraw = True
206.0133 	EXP 	textFam: autoDraw = False
206.0480 	EXP 	polygonWhiteFam: autoDraw = False
206.0480 	EXP 	imageFam: autoDraw = False
206.0480 	EXP 	polygonWhiteFam: autoDraw = False
206.0480 	EXP 	imageFam: autoDraw = False
206.0480 	EXP 	textFam: autoDraw = False
206.0480 	EXP 	textBlankLoop: autoDraw = True
206.5414 	EXP 	New trial (rep=0, index=24): {'image': 'REPSWITCH1_Fam/PICTURE_719.png', 'correctAns': 'baño'}
206.5482 	EXP 	textBlankLoop: autoDraw = False
206.5482 	EXP 	textBlankLoop: autoDraw = False
206.5482 	EXP 	fixationITI: autoDraw = True
207.6455 	EXP 	fixationITI: autoDraw = False
207.6455 	EXP 	fixationITI: autoDraw = False
207.6455 	EXP 	imageFam: image = 'REPSWITCH1_Fam/PICTURE_719.png'
207.6455 	EXP 	polygonWhiteFam: autoDraw = True
207.6455 	EXP 	imageFam: autoDraw = True
211.1389 	EXP 	textFam: autoDraw = True
213.6393 	EXP 	textFam: autoDraw = False
213.6741 	EXP 	polygonWhiteFam: autoDraw = False
213.6741 	EXP 	imageFam: autoDraw = False
213.6741 	EXP 	polygonWhiteFam: autoDraw = False
213.6741 	EXP 	imageFam: autoDraw = False
213.6741 	EXP 	textFam: autoDraw = False
213.6741 	EXP 	textBlankLoop: autoDraw = True
214.1675 	EXP 	New trial (rep=0, index=25): {'image': 'REPSWITCH1_Fam/PICTURE_35.png', 'correctAns': 'oreja'}
214.1741 	EXP 	textBlankLoop: autoDraw = False
214.1741 	EXP 	textBlankLoop: autoDraw = False
214.1741 	EXP 	fixationITI: autoDraw = True
215.1950 	EXP 	fixationITI: autoDraw = False
215.1950 	EXP 	fixationITI: autoDraw = False
215.1950 	EXP 	imageFam: image = 'REPSWITCH1_Fam/PICTURE_35.png'
215.1950 	EXP 	polygonWhiteFam: autoDraw = True
215.1950 	EXP 	imageFam: autoDraw = True
218.6885 	EXP 	textFam: autoDraw = True
221.1889 	EXP 	textFam: autoDraw = False
221.2236 	EXP 	polygonWhiteFam: autoDraw = False
221.2236 	EXP 	imageFam: autoDraw = False
221.2236 	EXP 	polygonWhiteFam: autoDraw = False
221.2236 	EXP 	imageFam: autoDraw = False
221.2236 	EXP 	textFam: autoDraw = False
221.2236 	EXP 	textBlankLoop: autoDraw = True
221.7170 	EXP 	New trial (rep=0, index=26): {'image': 'REPSWITCH1_Fam/PICTURE_338.png', 'correctAns': 'regalo'}
221.7237 	EXP 	textBlankLoop: autoDraw = False
221.7237 	EXP 	textBlankLoop: autoDraw = False
221.7237 	EXP 	fixationITI: autoDraw = True
222.7516 	EXP 	fixationITI: autoDraw = False
222.7516 	EXP 	fixationITI: autoDraw = False
222.7516 	EXP 	imageFam: image = 'REPSWITCH1_Fam/PICTURE_338.png'
222.7516 	EXP 	polygonWhiteFam: autoDraw = True
222.7516 	EXP 	imageFam: autoDraw = True
226.2451 	EXP 	textFam: autoDraw = True
228.7455 	EXP 	textFam: autoDraw = False
228.7801 	EXP 	polygonWhiteFam: autoDraw = False
228.7801 	EXP 	imageFam: autoDraw = False
228.7801 	EXP 	polygonWhiteFam: autoDraw = False
228.7801 	EXP 	imageFam: autoDraw = False
228.7801 	EXP 	textFam: autoDraw = False
228.7801 	EXP 	textBlankLoop: autoDraw = True
229.2735 	EXP 	New trial (rep=0, index=27): {'image': 'REPSWITCH1_Fam/PICTURE_264.png', 'correctAns': 'mano'}
229.2802 	EXP 	textBlankLoop: autoDraw = False
229.2802 	EXP 	textBlankLoop: autoDraw = False
229.2802 	EXP 	fixationITI: autoDraw = True
230.3845 	EXP 	fixationITI: autoDraw = False
230.3845 	EXP 	fixationITI: autoDraw = False
230.3845 	EXP 	imageFam: image = 'REPSWITCH1_Fam/PICTURE_264.png'
230.3845 	EXP 	polygonWhiteFam: autoDraw = True
230.3845 	EXP 	imageFam: autoDraw = True
233.8780 	EXP 	textFam: autoDraw = True
236.3784 	EXP 	textFam: autoDraw = False
236.4131 	EXP 	polygonWhiteFam: autoDraw = False
236.4131 	EXP 	imageFam: autoDraw = False
236.4131 	EXP 	polygonWhiteFam: autoDraw = False
236.4131 	EXP 	imageFam: autoDraw = False
236.4131 	EXP 	textFam: autoDraw = False
236.4131 	EXP 	textBlankLoop: autoDraw = True
236.9065 	EXP 	New trial (rep=0, index=28): {'image': 'REPSWITCH1_Fam/PICTURE_646.png', 'correctAns': 'tronco'}
236.9131 	EXP 	textBlankLoop: autoDraw = False
236.9131 	EXP 	textBlankLoop: autoDraw = False
236.9131 	EXP 	fixationITI: autoDraw = True
238.1078 	EXP 	fixationITI: autoDraw = False
238.1078 	EXP 	fixationITI: autoDraw = False
238.1078 	EXP 	imageFam: image = 'REPSWITCH1_Fam/PICTURE_646.png'
238.1078 	EXP 	polygonWhiteFam: autoDraw = True
238.1078 	EXP 	imageFam: autoDraw = True
241.6013 	EXP 	textFam: autoDraw = True
244.1016 	EXP 	textFam: autoDraw = False
244.1363 	EXP 	polygonWhiteFam: autoDraw = False
244.1363 	EXP 	imageFam: autoDraw = False
244.1363 	EXP 	polygonWhiteFam: autoDraw = False
244.1363 	EXP 	imageFam: autoDraw = False
244.1363 	EXP 	textFam: autoDraw = False
244.1363 	EXP 	textBlankLoop: autoDraw = True
244.6297 	EXP 	New trial (rep=0, index=29): {'image': 'REPSWITCH1_Fam/PICTURE_152.png', 'correctAns': 'caracol'}
244.6364 	EXP 	textBlankLoop: autoDraw = False
244.6364 	EXP 	textBlankLoop: autoDraw = False
244.6364 	EXP 	fixationITI: autoDraw = True
245.7476 	EXP 	fixationITI: autoDraw = False
245.7476 	EXP 	fixationITI: autoDraw = False
245.7476 	EXP 	imageFam: image = 'REPSWITCH1_Fam/PICTURE_152.png'
245.7476 	EXP 	polygonWhiteFam: autoDraw = True
245.7476 	EXP 	imageFam: autoDraw = True
249.2411 	EXP 	textFam: autoDraw = True
251.7416 	EXP 	textFam: autoDraw = False
251.7763 	EXP 	polygonWhiteFam: autoDraw = False
251.7763 	EXP 	imageFam: autoDraw = False
251.7763 	EXP 	polygonWhiteFam: autoDraw = False
251.7763 	EXP 	imageFam: autoDraw = False
251.7763 	EXP 	textFam: autoDraw = False
251.7763 	EXP 	textBlankLoop: autoDraw = True
252.2696 	EXP 	New trial (rep=0, index=30): {'image': 'REPSWITCH1_Fam/PICTURE_391.png', 'correctAns': 'cadena'}
252.2763 	EXP 	textBlankLoop: autoDraw = False
252.2763 	EXP 	textBlankLoop: autoDraw = False
252.2763 	EXP 	fixationITI: autoDraw = True
253.4154 	EXP 	fixationITI: autoDraw = False
253.4154 	EXP 	fixationITI: autoDraw = False
253.4154 	EXP 	imageFam: image = 'REPSWITCH1_Fam/PICTURE_391.png'
253.4154 	EXP 	polygonWhiteFam: autoDraw = True
253.4154 	EXP 	imageFam: autoDraw = True
256.9088 	EXP 	textFam: autoDraw = True
259.4091 	EXP 	textFam: autoDraw = False
259.4439 	EXP 	polygonWhiteFam: autoDraw = False
259.4439 	EXP 	imageFam: autoDraw = False
259.4439 	EXP 	polygonWhiteFam: autoDraw = False
259.4439 	EXP 	imageFam: autoDraw = False
259.4439 	EXP 	textFam: autoDraw = False
259.4439 	EXP 	textBlankLoop: autoDraw = True
259.9373 	EXP 	New trial (rep=0, index=31): {'image': 'REPSWITCH1_Fam/PICTURE_175.png', 'correctAns': 'pintor'}
259.9439 	EXP 	textBlankLoop: autoDraw = False
259.9439 	EXP 	textBlankLoop: autoDraw = False
259.9439 	EXP 	fixationITI: autoDraw = True
261.0761 	EXP 	fixationITI: autoDraw = False
261.0761 	EXP 	fixationITI: autoDraw = False
261.0761 	EXP 	imageFam: image = 'REPSWITCH1_Fam/PICTURE_175.png'
261.0761 	EXP 	polygonWhiteFam: autoDraw = True
261.0761 	EXP 	imageFam: autoDraw = True
264.5695 	EXP 	textFam: autoDraw = True
267.0698 	EXP 	textFam: autoDraw = False
267.1046 	EXP 	polygonWhiteFam: autoDraw = False
267.1046 	EXP 	imageFam: autoDraw = False
267.1046 	EXP 	polygonWhiteFam: autoDraw = False
267.1046 	EXP 	imageFam: autoDraw = False
267.1046 	EXP 	textFam: autoDraw = False
267.1046 	EXP 	textBlankLoop: autoDraw = True
267.5980 	EXP 	New trial (rep=0, index=32): {'image': 'REPSWITCH1_Fam/PICTURE_570.png', 'correctAns': 'toro'}
267.6047 	EXP 	textBlankLoop: autoDraw = False
267.6047 	EXP 	textBlankLoop: autoDraw = False
267.6047 	EXP 	fixationITI: autoDraw = True
268.7715 	EXP 	fixationITI: autoDraw = False
268.7715 	EXP 	fixationITI: autoDraw = False
268.7715 	EXP 	imageFam: image = 'REPSWITCH1_Fam/PICTURE_570.png'
268.7715 	EXP 	polygonWhiteFam: autoDraw = True
268.7715 	EXP 	imageFam: autoDraw = True
272.2650 	EXP 	textFam: autoDraw = True
274.7653 	EXP 	textFam: autoDraw = False
274.8001 	EXP 	polygonWhiteFam: autoDraw = False
274.8001 	EXP 	imageFam: autoDraw = False
274.8001 	EXP 	polygonWhiteFam: autoDraw = False
274.8001 	EXP 	imageFam: autoDraw = False
274.8001 	EXP 	textFam: autoDraw = False
274.8001 	EXP 	textBlankLoop: autoDraw = True
275.2935 	EXP 	New trial (rep=0, index=33): {'image': 'REPSWITCH1_Fam/PICTURE_199.png', 'correctAns': 'falda'}
275.3002 	EXP 	textBlankLoop: autoDraw = False
275.3002 	EXP 	textBlankLoop: autoDraw = False
275.3002 	EXP 	fixationITI: autoDraw = True
276.4044 	EXP 	fixationITI: autoDraw = False
276.4044 	EXP 	fixationITI: autoDraw = False
276.4044 	EXP 	imageFam: image = 'REPSWITCH1_Fam/PICTURE_199.png'
276.4044 	EXP 	polygonWhiteFam: autoDraw = True
276.4044 	EXP 	imageFam: autoDraw = True
279.8979 	EXP 	textFam: autoDraw = True
282.3983 	EXP 	textFam: autoDraw = False
282.4330 	EXP 	polygonWhiteFam: autoDraw = False
282.4330 	EXP 	imageFam: autoDraw = False
282.4330 	EXP 	polygonWhiteFam: autoDraw = False
282.4330 	EXP 	imageFam: autoDraw = False
282.4330 	EXP 	textFam: autoDraw = False
282.4330 	EXP 	textBlankLoop: autoDraw = True
282.9264 	EXP 	New trial (rep=0, index=34): {'image': 'REPSWITCH1_Fam/PICTURE_128.png', 'correctAns': 'muñeca'}
282.9331 	EXP 	textBlankLoop: autoDraw = False
282.9331 	EXP 	textBlankLoop: autoDraw = False
282.9331 	EXP 	fixationITI: autoDraw = True
284.1068 	EXP 	fixationITI: autoDraw = False
284.1068 	EXP 	fixationITI: autoDraw = False
284.1068 	EXP 	imageFam: image = 'REPSWITCH1_Fam/PICTURE_128.png'
284.1068 	EXP 	polygonWhiteFam: autoDraw = True
284.1068 	EXP 	imageFam: autoDraw = True
287.6003 	EXP 	textFam: autoDraw = True
290.1006 	EXP 	textFam: autoDraw = False
290.1355 	EXP 	polygonWhiteFam: autoDraw = False
290.1355 	EXP 	imageFam: autoDraw = False
290.1355 	EXP 	polygonWhiteFam: autoDraw = False
290.1355 	EXP 	imageFam: autoDraw = False
290.1355 	EXP 	textFam: autoDraw = False
290.1355 	EXP 	textBlankLoop: autoDraw = True
290.6287 	EXP 	New trial (rep=0, index=35): {'image': 'REPSWITCH1_Fam/PICTURE_590.png', 'correctAns': 'escoba'}
290.6355 	EXP 	textBlankLoop: autoDraw = False
290.6355 	EXP 	textBlankLoop: autoDraw = False
290.6355 	EXP 	fixationITI: autoDraw = True
291.7536 	EXP 	fixationITI: autoDraw = False
291.7536 	EXP 	fixationITI: autoDraw = False
291.7536 	EXP 	imageFam: image = 'REPSWITCH1_Fam/PICTURE_590.png'
291.7536 	EXP 	polygonWhiteFam: autoDraw = True
291.7536 	EXP 	imageFam: autoDraw = True
295.2472 	EXP 	textFam: autoDraw = True
297.7475 	EXP 	textFam: autoDraw = False
297.7822 	EXP 	polygonWhiteFam: autoDraw = False
297.7822 	EXP 	imageFam: autoDraw = False
297.7822 	EXP 	polygonWhiteFam: autoDraw = False
297.7822 	EXP 	imageFam: autoDraw = False
297.7822 	EXP 	textFam: autoDraw = False
297.7822 	EXP 	textBlankLoop: autoDraw = True
298.2756 	EXP 	New trial (rep=0, index=36): {'image': 'REPSWITCH1_Fam/PICTURE_110.png', 'correctAns': 'mesa'}
298.2823 	EXP 	textBlankLoop: autoDraw = False
298.2823 	EXP 	textBlankLoop: autoDraw = False
298.2823 	EXP 	fixationITI: autoDraw = True
299.3797 	EXP 	fixationITI: autoDraw = False
299.3797 	EXP 	fixationITI: autoDraw = False
299.3797 	EXP 	imageFam: image = 'REPSWITCH1_Fam/PICTURE_110.png'
299.3797 	EXP 	polygonWhiteFam: autoDraw = True
299.3797 	EXP 	imageFam: autoDraw = True
302.8732 	EXP 	textFam: autoDraw = True
305.3735 	EXP 	textFam: autoDraw = False
305.4083 	EXP 	polygonWhiteFam: autoDraw = False
305.4083 	EXP 	imageFam: autoDraw = False
305.4083 	EXP 	polygonWhiteFam: autoDraw = False
305.4083 	EXP 	imageFam: autoDraw = False
305.4083 	EXP 	textFam: autoDraw = False
305.4083 	EXP 	textBlankLoop: autoDraw = True
305.9017 	EXP 	New trial (rep=0, index=37): {'image': 'REPSWITCH1_Fam/PICTURE_599.png', 'correctAns': 'nube'}
305.9084 	EXP 	textBlankLoop: autoDraw = False
305.9084 	EXP 	textBlankLoop: autoDraw = False
305.9084 	EXP 	fixationITI: autoDraw = True
306.9362 	EXP 	fixationITI: autoDraw = False
306.9362 	EXP 	fixationITI: autoDraw = False
306.9362 	EXP 	imageFam: image = 'REPSWITCH1_Fam/PICTURE_599.png'
306.9362 	EXP 	polygonWhiteFam: autoDraw = True
306.9362 	EXP 	imageFam: autoDraw = True
310.4297 	EXP 	textFam: autoDraw = True
312.9300 	EXP 	textFam: autoDraw = False
312.9647 	EXP 	polygonWhiteFam: autoDraw = False
312.9647 	EXP 	imageFam: autoDraw = False
312.9647 	EXP 	polygonWhiteFam: autoDraw = False
312.9647 	EXP 	imageFam: autoDraw = False
312.9647 	EXP 	textFam: autoDraw = False
312.9647 	EXP 	textBlankLoop: autoDraw = True
313.4581 	EXP 	New trial (rep=0, index=38): {'image': 'REPSWITCH1_Fam/PICTURE_446.png', 'correctAns': 'cerdo'}
313.4648 	EXP 	textBlankLoop: autoDraw = False
313.4648 	EXP 	textBlankLoop: autoDraw = False
313.4648 	EXP 	fixationITI: autoDraw = True
314.5275 	EXP 	fixationITI: autoDraw = False
314.5275 	EXP 	fixationITI: autoDraw = False
314.5275 	EXP 	imageFam: image = 'REPSWITCH1_Fam/PICTURE_446.png'
314.5275 	EXP 	polygonWhiteFam: autoDraw = True
314.5275 	EXP 	imageFam: autoDraw = True
318.0210 	EXP 	textFam: autoDraw = True
320.5213 	EXP 	textFam: autoDraw = False
320.5561 	EXP 	polygonWhiteFam: autoDraw = False
320.5561 	EXP 	imageFam: autoDraw = False
320.5561 	EXP 	polygonWhiteFam: autoDraw = False
320.5561 	EXP 	imageFam: autoDraw = False
320.5561 	EXP 	textFam: autoDraw = False
320.5561 	EXP 	textBlankLoop: autoDraw = True
321.0494 	EXP 	New trial (rep=0, index=39): {'image': 'REPSWITCH1_Fam/PICTURE_733.png', 'correctAns': 'gafas'}
321.0562 	EXP 	textBlankLoop: autoDraw = False
321.0562 	EXP 	textBlankLoop: autoDraw = False
321.0562 	EXP 	fixationITI: autoDraw = True
322.2160 	EXP 	fixationITI: autoDraw = False
322.2160 	EXP 	fixationITI: autoDraw = False
322.2160 	EXP 	imageFam: image = 'REPSWITCH1_Fam/PICTURE_733.png'
322.2160 	EXP 	polygonWhiteFam: autoDraw = True
322.2160 	EXP 	imageFam: autoDraw = True
325.7096 	EXP 	textFam: autoDraw = True
328.2099 	EXP 	textFam: autoDraw = False
328.2445 	EXP 	polygonWhiteFam: autoDraw = False
328.2445 	EXP 	imageFam: autoDraw = False
328.2445 	EXP 	polygonWhiteFam: autoDraw = False
328.2445 	EXP 	imageFam: autoDraw = False
328.2445 	EXP 	textFam: autoDraw = False
328.2445 	EXP 	textBlankLoop: autoDraw = True
328.7379 	EXP 	New trial (rep=0, index=40): {'image': 'REPSWITCH1_Fam/PICTURE_381.png', 'correctAns': 'fresa'}
328.7446 	EXP 	textBlankLoop: autoDraw = False
328.7446 	EXP 	textBlankLoop: autoDraw = False
328.7446 	EXP 	fixationITI: autoDraw = True
329.8420 	EXP 	fixationITI: autoDraw = False
329.8420 	EXP 	fixationITI: autoDraw = False
329.8420 	EXP 	imageFam: image = 'REPSWITCH1_Fam/PICTURE_381.png'
329.8420 	EXP 	polygonWhiteFam: autoDraw = True
329.8420 	EXP 	imageFam: autoDraw = True
333.3355 	EXP 	textFam: autoDraw = True
335.8359 	EXP 	textFam: autoDraw = False
335.8706 	EXP 	polygonWhiteFam: autoDraw = False
335.8706 	EXP 	imageFam: autoDraw = False
335.8706 	EXP 	polygonWhiteFam: autoDraw = False
335.8706 	EXP 	imageFam: autoDraw = False
335.8706 	EXP 	textFam: autoDraw = False
335.8706 	EXP 	textBlankLoop: autoDraw = True
336.3638 	EXP 	New trial (rep=0, index=41): {'image': 'REPSWITCH1_Fam/PICTURE_320.png', 'correctAns': 'iglesia'}
336.3706 	EXP 	textBlankLoop: autoDraw = False
336.3706 	EXP 	textBlankLoop: autoDraw = False
336.3706 	EXP 	fixationITI: autoDraw = True
337.4472 	EXP 	fixationITI: autoDraw = False
337.4472 	EXP 	fixationITI: autoDraw = False
337.4472 	EXP 	imageFam: image = 'REPSWITCH1_Fam/PICTURE_320.png'
337.4472 	EXP 	polygonWhiteFam: autoDraw = True
337.4472 	EXP 	imageFam: autoDraw = True
340.9406 	EXP 	textFam: autoDraw = True
343.4411 	EXP 	textFam: autoDraw = False
343.4757 	EXP 	polygonWhiteFam: autoDraw = False
343.4757 	EXP 	imageFam: autoDraw = False
343.4757 	EXP 	polygonWhiteFam: autoDraw = False
343.4757 	EXP 	imageFam: autoDraw = False
343.4757 	EXP 	textFam: autoDraw = False
343.4757 	EXP 	textBlankLoop: autoDraw = True
343.9690 	EXP 	New trial (rep=0, index=42): {'image': 'REPSWITCH1_Fam/PICTURE_8.png', 'correctAns': 'pierna'}
343.9758 	EXP 	textBlankLoop: autoDraw = False
343.9758 	EXP 	textBlankLoop: autoDraw = False
343.9758 	EXP 	fixationITI: autoDraw = True
345.1217 	EXP 	fixationITI: autoDraw = False
345.1217 	EXP 	fixationITI: autoDraw = False
345.1217 	EXP 	imageFam: image = 'REPSWITCH1_Fam/PICTURE_8.png'
345.1217 	EXP 	polygonWhiteFam: autoDraw = True
345.1217 	EXP 	imageFam: autoDraw = True
348.6153 	EXP 	textFam: autoDraw = True
351.1157 	EXP 	textFam: autoDraw = False
351.1504 	EXP 	polygonWhiteFam: autoDraw = False
351.1504 	EXP 	imageFam: autoDraw = False
351.1504 	EXP 	polygonWhiteFam: autoDraw = False
351.1504 	EXP 	imageFam: autoDraw = False
351.1504 	EXP 	textFam: autoDraw = False
351.1504 	EXP 	textBlankLoop: autoDraw = True
351.6437 	EXP 	New trial (rep=0, index=43): {'image': 'REPSWITCH1_Fam/PICTURE_135.png', 'correctAns': 'traje'}
351.6504 	EXP 	textBlankLoop: autoDraw = False
351.6504 	EXP 	textBlankLoop: autoDraw = False
351.6504 	EXP 	fixationITI: autoDraw = True
352.7130 	EXP 	fixationITI: autoDraw = False
352.7130 	EXP 	fixationITI: autoDraw = False
352.7130 	EXP 	imageFam: image = 'REPSWITCH1_Fam/PICTURE_135.png'
352.7130 	EXP 	polygonWhiteFam: autoDraw = True
352.7130 	EXP 	imageFam: autoDraw = True
356.2065 	EXP 	textFam: autoDraw = True
358.7069 	EXP 	textFam: autoDraw = False
358.7416 	EXP 	polygonWhiteFam: autoDraw = False
358.7416 	EXP 	imageFam: autoDraw = False
358.7416 	EXP 	polygonWhiteFam: autoDraw = False
358.7416 	EXP 	imageFam: autoDraw = False
358.7416 	EXP 	textFam: autoDraw = False
358.7416 	EXP 	textBlankLoop: autoDraw = True
359.2349 	EXP 	New trial (rep=0, index=44): {'image': 'REPSWITCH1_Fam/PICTURE_319.png', 'correctAns': 'vaca'}
359.2416 	EXP 	textBlankLoop: autoDraw = False
359.2416 	EXP 	textBlankLoop: autoDraw = False
359.2416 	EXP 	fixationITI: autoDraw = True
360.3321 	EXP 	fixationITI: autoDraw = False
360.3321 	EXP 	fixationITI: autoDraw = False
360.3321 	EXP 	imageFam: image = 'REPSWITCH1_Fam/PICTURE_319.png'
360.3321 	EXP 	polygonWhiteFam: autoDraw = True
360.3321 	EXP 	imageFam: autoDraw = True
363.8256 	EXP 	textFam: autoDraw = True
366.3260 	EXP 	textFam: autoDraw = False
366.3606 	EXP 	polygonWhiteFam: autoDraw = False
366.3606 	EXP 	imageFam: autoDraw = False
366.3606 	EXP 	polygonWhiteFam: autoDraw = False
366.3606 	EXP 	imageFam: autoDraw = False
366.3606 	EXP 	textFam: autoDraw = False
366.3606 	EXP 	textBlankLoop: autoDraw = True
366.8607 	EXP 	textBlankLoop: autoDraw = False
366.8607 	EXP 	textBlankLoop: autoDraw = False
366.8607 	EXP 	textboxEndFam: autoDraw = True
370.1378 	DATA 	Keypress: space
370.1389 	EXP 	textboxEndFam: autoDraw = False
370.1706 	EXP 	window1: mouseVisible = True
