8.6405 	EXP 	Created window1 = Window(allowGUI=True, allowStencil=False, autoLog=True, backendConf=UNKNOWN, bitsMode=UNKNOWN, blendMode='avg', bpc=(8, 8, 8), color=array([0, 0, 0]), colorSpace='rgb', depthBits=8, fullscr=<method-wrapper '__getattribute__' of attributeSetter object at 0x0000020A04783C10>, gamma=None, gammaErrorPolicy='raise', lms=UNKNOWN, monitor=<psychopy.monitors.calibTools.Monitor object at 0x0000020A04CEA5B0>, multiSample=False, name='window1', numSamples=2, pos=(0, 0), screen=0, size=array([1920, 1080]), stencilBits=0, stereo=False, units='height', useFBO=True, useRetina=False, viewOri=0.0, viewPos=None, viewScale=None, waitBlanking=True, winType='pyglet')
8.6405 	EXP 	window1: mouseVisible = True
8.6406 	EXP 	window1: mouseVisible = False
8.6406 	EXP 	window1: Attempting to measure frame rate of screen (0) ...
8.6406 	EXP 	window1: recordFrameIntervals = False
8.7098 	EXP 	window1: recordFrameIntervals = True
8.7862 	EXP 	Screen (0) actual frame rate measured at 143.99Hz
8.7862 	EXP 	window1: recordFrameIntervals = False
10.1400 	EXP 	Created fixationITI = ShapeStim(__class__=<class 'psychopy.visual.shape.ShapeStim'>, anchor=('center', 'center'), autoDraw=False, autoLog=True, closeShape=True, color=method-wrapper(...), colorSpace='rgb', contrast=None, depth=0.0, fillColor=array([1, 1, 1]), fillColorSpace='rgb', fillRGB=array([1, 1, 1]), interpolate=True, lineColor=array([1, 1, 1]), lineColorSpace='rgb', lineRGB=array([1, 1, 1]), lineWidth=1.0, name='fixationITI', opacity=1.0, ori=0.0, pos=array([0., 0.]), size=array([0.1, 0.1]), units='height', vertices=ndarray(...), win=Window(...), windingRule=None)
10.1406 	EXP 	Created polygonCol = Rect(__class__=<class 'psychopy.visual.rect.Rect'>, anchor=('center', 'center'), autoDraw=False, autoLog=True, closeShape=True, color=method-wrapper(...), colorSpace='rgb', contrast=None, depth=0.0, fillColor=array([1, 1, 1]), fillColorSpace='rgb', fillRGB=array([1, 1, 1]), interpolate=True, lineColor=array([1, 1, 1]), lineColorSpace='rgb', lineRGB=array([1, 1, 1]), lineWidth=1.0, name='polygonCol', opacity=1.0, ori=0.0, pos=array([0., 0.]), size=array([0.55, 0.55]), units='height', vertices=ndarray(...), win=Window(...))
10.1411 	EXP 	Created polygonWh = Rect(__class__=<class 'psychopy.visual.rect.Rect'>, anchor=('center', 'center'), autoDraw=False, autoLog=True, closeShape=True, color=method-wrapper(...), colorSpace='rgb', contrast=None, depth=-1.0, fillColor=array([1, 1, 1]), fillColorSpace='rgb', fillRGB=array([1, 1, 1]), interpolate=True, lineColor=array([1, 1, 1]), lineColorSpace='rgb', lineRGB=array([1, 1, 1]), lineWidth=1.0, name='polygonWh', opacity=1.0, ori=0.0, pos=array([0., 0.]), size=array([0.5, 0.5]), units='height', vertices=ndarray(...), win=Window(...))
10.1535 	EXP 	Created textCue = TextStim(__class__=<class 'psychopy.visual.text.TextStim'>, alignHoriz=method-wrapper(...), alignText='center', alignVert=method-wrapper(...), anchorHoriz='center', anchorVert='center', antialias=True, autoDraw=False, autoLog=True, bold=False, color=array([1, 1, 1]), colorSpace='rgb', contrast=1.0, depth=-2.0, flipHoriz=False, flipVert=False, font='Open Sans', fontFiles=[], height=0.05, italic=False, languageStyle='LTR', name='textCue', opacity=1.0, ori=0.0, pos=array([0.  , 0.35]), rgb=UNKNOWN, text='', units='height', win=Window(...), wrapWidth=1)
10.1568 	EXP 	Created imagePractice = ImageStim(__class__=<class 'psychopy.visual.image.ImageStim'>, anchor=('center', 'center'), autoLog=True, color=array([1, 1, 1]), colorSpace='rgb', contrast=1.0, depth=-3.0, flipHoriz=False, flipVert=False, image='sin', interpolate=True, mask=None, maskParams=None, name='imagePractice', opacity=1.0, ori=0.0, pos=array([0., 0.]), size=array([0.5, 0.5]), texRes=128.0, units='height', win=Window(...))
10.1574 	EXP 	Created polygonText = Rect(__class__=<class 'psychopy.visual.rect.Rect'>, anchor=('center', 'center'), autoDraw=False, autoLog=True, closeShape=True, color=method-wrapper(...), colorSpace='rgb', contrast=None, depth=-4.0, fillColor=array([0.9216, 0.9216, 0.9216]), fillColorSpace='rgb', fillRGB=array([0.9216, 0.9216, 0.9216]), interpolate=True, lineColor=array([0.9216, 0.9216, 0.9216]), lineColorSpace='rgb', lineRGB=array([0.9216, 0.9216, 0.9216]), lineWidth=1.0, name='polygonText', opacity=1.0, ori=0.0, pos=array([0., 0.]), size=array([0.2, 0.1]), units='height', vertices=ndarray(...), win=Window(...))
10.1577 	EXP 	Created textPractice = TextStim(__class__=<class 'psychopy.visual.text.TextStim'>, alignHoriz=method-wrapper(...), alignText='center', alignVert=method-wrapper(...), anchorHoriz='center', anchorVert='center', antialias=True, autoDraw=False, autoLog=True, bold=False, color=array([-1., -1., -1.]), colorSpace='rgb', contrast=1.0, depth=-5.0, flipHoriz=False, flipVert=False, font='Open Sans', fontFiles=[], height=0.05, italic=False, languageStyle='LTR', name='textPractice', opacity=1.0, ori=0.0, pos=array([0., 0.]), rgb=UNKNOWN, text='', units='height', win=Window(...), wrapWidth=1)
10.2283 	EXP 	Created textBlankLoop = TextStim(__class__=<class 'psychopy.visual.text.TextStim'>, alignHoriz=method-wrapper(...), alignText='center', alignVert=method-wrapper(...), anchorHoriz='center', anchorVert='center', antialias=True, autoDraw=False, autoLog=True, bold=False, color=array([1, 1, 1]), colorSpace='rgb', contrast=1.0, depth=0.0, flipHoriz=False, flipVert=False, font='Open Sans', fontFiles=[], height=0.05, italic=False, languageStyle='LTR', name='textBlankLoop', opacity=1.0, ori=0.0, pos=array([0., 0.]), rgb=UNKNOWN, text='', units='height', win=Window(...), wrapWidth=1)
10.2583 	EXP 	textboxInstr1: autoLog = True
10.2583 	EXP 	textboxInstr1_2: autoLog = True
10.2583 	EXP 	textboxInstr1_3: autoLog = True
10.2583 	EXP 	textboxInstr1_4: autoLog = True
10.2583 	EXP 	textboxInstr1_5: autoLog = True
10.2583 	EXP 	textboxInstr1_6: autoLog = True
10.2583 	EXP 	textboxInstr1_7: autoLog = True
10.2583 	EXP 	textboxInstr1_8: autoLog = True
10.2583 	EXP 	textboxInstr1_9: autoLog = True
10.2583 	EXP 	textboxInstr1_10: autoLog = True
10.2583 	EXP 	textboxInstr2: autoLog = True
10.2583 	EXP 	textboxInstr3: autoLog = True
10.2583 	EXP 	textboxInstrPractice: autoLog = True
10.2583 	EXP 	textboxInstrPractice_2: autoLog = True
10.2583 	EXP 	textboxInstrPractice_3: autoLog = True
10.2583 	EXP 	textboxInstrPractice_4: autoLog = True
10.2583 	EXP 	textboxInstrPractice_5: autoLog = True
10.2583 	EXP 	textboxInstrPractice_6: autoLog = True
10.2583 	EXP 	textboxInstrPractice_7: autoLog = True
10.2583 	EXP 	textboxInstrPractice_8: autoLog = True
10.2583 	EXP 	textboxInstrPractice_9: autoLog = True
10.2583 	EXP 	textboxInstrPractice_10: autoLog = True
10.2583 	EXP 	textboxInstrPractice_11: autoLog = True
10.2583 	EXP 	textboxInstrPractice_12: autoLog = True
10.2583 	EXP 	textboxInstrPractice_13: autoLog = True
10.2583 	EXP 	textboxInstrPractice_14: autoLog = True
10.2583 	EXP 	textboxInstrPractice_15: autoLog = True
10.2583 	EXP 	textboxInstrPractice_16: autoLog = True
10.2583 	EXP 	textboxInstrPractice_17: autoLog = True
10.2583 	EXP 	textboxEndPracrice: autoLog = True
10.2583 	EXP 	textboxInstr1: autoDraw = True
10.2583 	EXP 	textboxInstr1_2: autoDraw = True
10.2583 	EXP 	textboxInstr1_3: autoDraw = True
10.2583 	EXP 	textboxInstr1_4: autoDraw = True
10.2583 	EXP 	textboxInstr1_5: autoDraw = True
10.2583 	EXP 	textboxInstr1_6: autoDraw = True
10.2583 	EXP 	textboxInstr1_7: autoDraw = True
10.2583 	EXP 	textboxInstr1_8: autoDraw = True
10.2583 	EXP 	textboxInstr1_9: autoDraw = True
10.2583 	EXP 	textboxInstr1_10: autoDraw = True
12.2340 	DATA 	Keypress: space
12.2380 	EXP 	textboxInstr1: autoDraw = False
12.2380 	EXP 	textboxInstr1_2: autoDraw = False
12.2380 	EXP 	textboxInstr1_3: autoDraw = False
12.2380 	EXP 	textboxInstr1_4: autoDraw = False
12.2380 	EXP 	textboxInstr1_5: autoDraw = False
12.2380 	EXP 	textboxInstr1_6: autoDraw = False
12.2380 	EXP 	textboxInstr1_7: autoDraw = False
12.2380 	EXP 	textboxInstr1_8: autoDraw = False
12.2380 	EXP 	textboxInstr1_9: autoDraw = False
12.2380 	EXP 	textboxInstr1_10: autoDraw = False
12.2380 	EXP 	textboxInstr2: autoDraw = True
13.3790 	DATA 	Keypress: space
13.3840 	EXP 	textboxInstr2: autoDraw = False
13.3840 	EXP 	textboxInstr3: autoDraw = True
14.0862 	DATA 	Keypress: space
14.0924 	EXP 	textboxInstr3: autoDraw = False
14.0924 	EXP 	textboxInstrPractice: autoDraw = True
14.0924 	EXP 	textboxInstrPractice_2: autoDraw = True
14.0924 	EXP 	textboxInstrPractice_3: autoDraw = True
14.0924 	EXP 	textboxInstrPractice_4: autoDraw = True
14.0924 	EXP 	textboxInstrPractice_5: autoDraw = True
14.0924 	EXP 	textboxInstrPractice_6: autoDraw = True
14.0924 	EXP 	textboxInstrPractice_7: autoDraw = True
14.0924 	EXP 	textboxInstrPractice_8: autoDraw = True
14.0924 	EXP 	textboxInstrPractice_9: autoDraw = True
14.0924 	EXP 	textboxInstrPractice_10: autoDraw = True
14.0924 	EXP 	textboxInstrPractice_11: autoDraw = True
14.0924 	EXP 	textboxInstrPractice_12: autoDraw = True
14.0924 	EXP 	textboxInstrPractice_13: autoDraw = True
14.0924 	EXP 	textboxInstrPractice_14: autoDraw = True
14.0924 	EXP 	textboxInstrPractice_15: autoDraw = True
14.0924 	EXP 	textboxInstrPractice_16: autoDraw = True
14.0924 	EXP 	textboxInstrPractice_17: autoDraw = True
14.9749 	DATA 	Keypress: space
14.9857 	EXP 	Imported repswitch_practice1_version2.xlsx as conditions, 12 conditions, 4 params
14.9860 	EXP 	Created sequence: sequential, trialTypes=12, nReps=1, seed=None
14.9861 	EXP 	New trial (rep=0, index=0): {'image': 'REPSWITCH1_Practice/PICTURE_612.png', 'correctAns': 'rana', 'respModal': 'TECLEA', 'frameColor': 'gold'}
14.9883 	EXP 	textboxInstrPractice: autoDraw = False
14.9883 	EXP 	textboxInstrPractice_2: autoDraw = False
14.9883 	EXP 	textboxInstrPractice_3: autoDraw = False
14.9883 	EXP 	textboxInstrPractice_4: autoDraw = False
14.9883 	EXP 	textboxInstrPractice_5: autoDraw = False
14.9883 	EXP 	textboxInstrPractice_6: autoDraw = False
14.9883 	EXP 	textboxInstrPractice_7: autoDraw = False
14.9883 	EXP 	textboxInstrPractice_8: autoDraw = False
14.9883 	EXP 	textboxInstrPractice_9: autoDraw = False
14.9883 	EXP 	textboxInstrPractice_10: autoDraw = False
14.9883 	EXP 	textboxInstrPractice_11: autoDraw = False
14.9883 	EXP 	textboxInstrPractice_12: autoDraw = False
14.9883 	EXP 	textboxInstrPractice_13: autoDraw = False
14.9883 	EXP 	textboxInstrPractice_14: autoDraw = False
14.9883 	EXP 	textboxInstrPractice_15: autoDraw = False
14.9883 	EXP 	textboxInstrPractice_16: autoDraw = False
14.9883 	EXP 	textboxInstrPractice_17: autoDraw = False
14.9883 	EXP 	fixationITI: autoDraw = True
16.0510 	EXP 	fixationITI: autoDraw = False
16.0510 	EXP 	fixationITI: autoDraw = False
16.0510 	EXP 	polygonCol: fillColor = <psychopy.colors.Color: gold, alpha=1.0>
16.0510 	EXP 	polygonCol: borderColor = <psychopy.colors.Color: gold, alpha=1.0>
16.0510 	EXP 	textCue: foreColor = <psychopy.colors.Color: gold, alpha=1.0>
16.0510 	EXP 	imagePractice: image = 'REPSWITCH1_Practice/PICTURE_612.png'
16.0510 	EXP 	polygonCol: autoDraw = True
16.0510 	EXP 	polygonWh: autoDraw = True
16.0510 	EXP 	textCue: autoDraw = True
16.0510 	EXP 	imagePractice: autoDraw = True
16.0510 	EXP 	polygonText: autoDraw = True
16.0510 	EXP 	textPractice: autoDraw = True
16.0510 	EXP 	textPractice: height = 0.05
16.0510 	EXP 	textPractice: height = 0.05
16.0510 	EXP 	textPractice: height = 0.05
16.0510 	EXP 	textPractice: text = ''
19.0792 	EXP 	polygonCol: autoDraw = False
19.0792 	EXP 	polygonWh: autoDraw = False
19.0792 	EXP 	textCue: autoDraw = False
19.0792 	EXP 	imagePractice: autoDraw = False
19.0792 	EXP 	polygonText: autoDraw = False
19.0792 	EXP 	textPractice: autoDraw = False
19.0792 	EXP 	textBlankLoop: autoDraw = True
19.5725 	EXP 	New trial (rep=0, index=1): {'image': 'REPSWITCH1_Practice/PICTURE_599.png', 'correctAns': 'nube', 'respModal': 'HABLA', 'frameColor': 'darkblue'}
19.5792 	EXP 	textBlankLoop: autoDraw = False
19.5792 	EXP 	textBlankLoop: autoDraw = False
19.5792 	EXP 	fixationITI: autoDraw = True
20.6141 	EXP 	fixationITI: autoDraw = False
20.6141 	EXP 	fixationITI: autoDraw = False
20.6141 	EXP 	polygonCol: fillColor = <psychopy.colors.Color: darkblue, alpha=1.0>
20.6141 	EXP 	polygonCol: borderColor = <psychopy.colors.Color: darkblue, alpha=1.0>
20.6141 	EXP 	textCue: foreColor = <psychopy.colors.Color: darkblue, alpha=1.0>
20.6141 	EXP 	imagePractice: image = 'REPSWITCH1_Practice/PICTURE_599.png'
20.6141 	EXP 	polygonCol: autoDraw = True
20.6141 	EXP 	polygonWh: autoDraw = True
20.6141 	EXP 	textCue: autoDraw = True
20.6141 	EXP 	imagePractice: autoDraw = True
20.6141 	EXP 	polygonText: autoDraw = True
20.6141 	EXP 	textPractice: autoDraw = True
20.7955 	DATA 	Keypress: escape
21.4051 	EXP 	window1: mouseVisible = True
