31.1763 	EXP 	Created window1 = Window(allowGUI=True, allowStencil=False, autoLog=True, backendConf=UNKNOWN, bitsMode=UNKNOWN, blendMode='avg', bpc=(8, 8, 8), color=array([0, 0, 0]), colorSpace='rgb', depthBits=8, fullscr=<method-wrapper '__getattribute__' of attributeSetter object at 0x000001BF2DF1AB20>, gamma=None, gammaErrorPolicy='raise', lms=UNKNOWN, monitor=<psychopy.monitors.calibTools.Monitor object at 0x000001BF2E1FE4F0>, multiSample=False, name='window1', numSamples=2, pos=(0, 0), screen=0, size=array([1920, 1080]), stencilBits=0, stereo=False, units='height', useFBO=True, useRetina=False, viewOri=0.0, viewPos=None, viewScale=None, waitBlanking=True, winType='pyglet')
31.1764 	EXP 	window1: mouseVisible = True
31.1764 	EXP 	window1: mouseVisible = False
31.1764 	EXP 	window1: Attempting to measure frame rate of screen (0) ...
31.1765 	EXP 	window1: recordFrameIntervals = False
31.2456 	EXP 	window1: recordFrameIntervals = True
31.3220 	EXP 	Screen (0) actual frame rate measured at 143.96Hz
31.3220 	EXP 	window1: recordFrameIntervals = False
32.7420 	EXP 	Created textWelcomeFam = TextStim(__class__=<class 'psychopy.visual.text.TextStim'>, alignHoriz=method-wrapper(...), alignText='center', alignVert=method-wrapper(...), anchorHoriz='center', anchorVert='center', antialias=True, autoDraw=False, autoLog=True, bold=False, color=array([1, 1, 1]), colorSpace='rgb', contrast=1.0, depth=0.0, flipHoriz=False, flipVert=False, font='Open Sans', fontFiles=[], height=0.05, italic=False, languageStyle='LTR', name='textWelcomeFam', opacity=1.0, ori=0.0, pos=array([0., 0.]), rgb=UNKNOWN, text='Bienvenido/a al experimento!', units='height', win=Window(...), wrapWidth=1)
32.7859 	EXP 	Created fixationITI = ShapeStim(__class__=<class 'psychopy.visual.shape.ShapeStim'>, anchor=('center', 'center'), autoDraw=False, autoLog=True, closeShape=True, color=method-wrapper(...), colorSpace='rgb', contrast=None, depth=0.0, fillColor=array([1, 1, 1]), fillColorSpace='rgb', fillRGB=array([1, 1, 1]), interpolate=True, lineColor=array([1, 1, 1]), lineColorSpace='rgb', lineRGB=array([1, 1, 1]), lineWidth=1.0, name='fixationITI', opacity=1.0, ori=0.0, pos=array([0., 0.]), size=array([0.1, 0.1]), units='height', vertices=ndarray(...), win=Window(...), windingRule=None)
32.7865 	EXP 	Created polygonWhiteFam = Rect(__class__=<class 'psychopy.visual.rect.Rect'>, anchor=('center', 'center'), autoDraw=False, autoLog=True, closeShape=True, color=method-wrapper(...), colorSpace='rgb', contrast=None, depth=0.0, fillColor=array([1, 1, 1]), fillColorSpace='rgb', fillRGB=array([1, 1, 1]), interpolate=True, lineColor=array([1, 1, 1]), lineColorSpace='rgb', lineRGB=array([1, 1, 1]), lineWidth=1.0, name='polygonWhiteFam', opacity=1.0, ori=0.0, pos=array([0., 0.]), size=array([0.5, 0.5]), units='height', vertices=ndarray(...), win=Window(...))
32.7895 	EXP 	Created imageFam = ImageStim(__class__=<class 'psychopy.visual.image.ImageStim'>, anchor=('center', 'center'), autoLog=True, color=array([1, 1, 1]), colorSpace='rgb', contrast=1.0, depth=-1.0, flipHoriz=False, flipVert=False, image='sin', interpolate=True, mask=None, maskParams=None, name='imageFam', opacity=1.0, ori=0.0, pos=array([0., 0.]), size=array([0.5, 0.5]), texRes=128.0, units='height', win=Window(...))
32.7899 	EXP 	Created textFam = TextStim(__class__=<class 'psychopy.visual.text.TextStim'>, alignHoriz=method-wrapper(...), alignText='center', alignVert=method-wrapper(...), anchorHoriz='center', anchorVert='center', antialias=True, autoDraw=False, autoLog=True, bold=False, color=array([1, 1, 1]), colorSpace='rgb', contrast=1.0, depth=-2.0, flipHoriz=False, flipVert=False, font='Open Sans', fontFiles=[], height=0.05, italic=False, languageStyle='LTR', name='textFam', opacity=1.0, ori=0.0, pos=array([ 0. , -0.3]), rgb=UNKNOWN, text='', units='height', win=Window(...), wrapWidth=1)
32.8365 	EXP 	Created textBlankLoop = TextStim(__class__=<class 'psychopy.visual.text.TextStim'>, alignHoriz=method-wrapper(...), alignText='center', alignVert=method-wrapper(...), anchorHoriz='center', anchorVert='center', antialias=True, autoDraw=False, autoLog=True, bold=False, color=array([1, 1, 1]), colorSpace='rgb', contrast=1.0, depth=0.0, flipHoriz=False, flipVert=False, font='Open Sans', fontFiles=[], height=0.05, italic=False, languageStyle='LTR', name='textBlankLoop', opacity=1.0, ori=0.0, pos=array([0., 0.]), rgb=UNKNOWN, text='', units='height', win=Window(...), wrapWidth=1)
32.8580 	EXP 	textboxInstrFam: autoLog = True
32.8580 	EXP 	textboxEndFam: autoLog = True
32.8580 	EXP 	textWelcomeFam: autoDraw = True
34.8571 	EXP 	textWelcomeFam: autoDraw = False
34.8571 	EXP 	textboxInstrFam: autoDraw = True
45.1014 	EXP 	Imported repswitch_fam.xlsx as conditions, 45 conditions, 2 params
45.1019 	EXP 	Created sequence: random, trialTypes=45, nReps=1, seed=None
45.1021 	EXP 	New trial (rep=0, index=0): {'image': 'REPSWITCH1_Fam/PICTURE_30.png', 'correctAns': 'granja'}
45.1028 	DATA 	Keypress: space
45.1085 	EXP 	textboxInstrFam: autoDraw = False
45.1085 	EXP 	fixationITI: autoDraw = True
46.2476 	EXP 	fixationITI: autoDraw = False
46.2476 	EXP 	fixationITI: autoDraw = False
46.2476 	EXP 	imageFam: image = 'REPSWITCH1_Fam/PICTURE_30.png'
46.2476 	EXP 	polygonWhiteFam: autoDraw = True
46.2476 	EXP 	imageFam: autoDraw = True
49.7341 	EXP 	textFam: autoDraw = True
52.2344 	EXP 	textFam: autoDraw = False
52.2761 	EXP 	polygonWhiteFam: autoDraw = False
52.2761 	EXP 	imageFam: autoDraw = False
52.2761 	EXP 	textFam: autoDraw = False
52.2761 	EXP 	textBlankLoop: autoDraw = True
52.7694 	EXP 	New trial (rep=0, index=1): {'image': 'REPSWITCH1_Fam/PICTURE_271.png', 'correctAns': 'conejo'}
52.7761 	EXP 	textBlankLoop: autoDraw = False
52.7761 	EXP 	textBlankLoop: autoDraw = False
52.7761 	EXP 	fixationITI: autoDraw = True
53.9291 	EXP 	fixationITI: autoDraw = False
53.9291 	EXP 	fixationITI: autoDraw = False
53.9291 	EXP 	imageFam: image = 'REPSWITCH1_Fam/PICTURE_271.png'
53.9291 	EXP 	polygonWhiteFam: autoDraw = True
53.9291 	EXP 	imageFam: autoDraw = True
57.4226 	EXP 	textFam: autoDraw = True
59.9230 	EXP 	textFam: autoDraw = False
59.9576 	EXP 	polygonWhiteFam: autoDraw = False
59.9576 	EXP 	imageFam: autoDraw = False
59.9576 	EXP 	polygonWhiteFam: autoDraw = False
59.9576 	EXP 	imageFam: autoDraw = False
59.9576 	EXP 	textFam: autoDraw = False
59.9576 	EXP 	textBlankLoop: autoDraw = True
60.4510 	EXP 	New trial (rep=0, index=2): {'image': 'REPSWITCH1_Fam/PICTURE_338.png', 'correctAns': 'regalo'}
60.4577 	EXP 	textBlankLoop: autoDraw = False
60.4577 	EXP 	textBlankLoop: autoDraw = False
60.4577 	EXP 	fixationITI: autoDraw = True
61.6245 	EXP 	fixationITI: autoDraw = False
61.6245 	EXP 	fixationITI: autoDraw = False
61.6245 	EXP 	imageFam: image = 'REPSWITCH1_Fam/PICTURE_338.png'
61.6245 	EXP 	polygonWhiteFam: autoDraw = True
61.6245 	EXP 	imageFam: autoDraw = True
65.1180 	EXP 	textFam: autoDraw = True
67.6184 	EXP 	textFam: autoDraw = False
67.6531 	EXP 	polygonWhiteFam: autoDraw = False
67.6531 	EXP 	imageFam: autoDraw = False
67.6531 	EXP 	polygonWhiteFam: autoDraw = False
67.6531 	EXP 	imageFam: autoDraw = False
67.6531 	EXP 	textFam: autoDraw = False
67.6531 	EXP 	textBlankLoop: autoDraw = True
68.1466 	EXP 	New trial (rep=0, index=3): {'image': 'REPSWITCH1_Fam/PICTURE_12.png', 'correctAns': 'sirena'}
68.1532 	EXP 	textBlankLoop: autoDraw = False
68.1532 	EXP 	textBlankLoop: autoDraw = False
68.1532 	EXP 	fixationITI: autoDraw = True
69.3686 	EXP 	fixationITI: autoDraw = False
69.3686 	EXP 	fixationITI: autoDraw = False
69.3686 	EXP 	imageFam: image = 'REPSWITCH1_Fam/PICTURE_12.png'
69.3686 	EXP 	polygonWhiteFam: autoDraw = True
69.3686 	EXP 	imageFam: autoDraw = True
72.8621 	EXP 	textFam: autoDraw = True
75.3625 	EXP 	textFam: autoDraw = False
75.3972 	EXP 	polygonWhiteFam: autoDraw = False
75.3972 	EXP 	imageFam: autoDraw = False
75.3972 	EXP 	polygonWhiteFam: autoDraw = False
75.3972 	EXP 	imageFam: autoDraw = False
75.3972 	EXP 	textFam: autoDraw = False
75.3972 	EXP 	textBlankLoop: autoDraw = True
75.8906 	EXP 	New trial (rep=0, index=4): {'image': 'REPSWITCH1_Fam/PICTURE_610.png', 'correctAns': 'miel'}
75.8972 	EXP 	textBlankLoop: autoDraw = False
75.8972 	EXP 	textBlankLoop: autoDraw = False
75.8972 	EXP 	fixationITI: autoDraw = True
76.9738 	EXP 	fixationITI: autoDraw = False
76.9738 	EXP 	fixationITI: autoDraw = False
76.9738 	EXP 	imageFam: image = 'REPSWITCH1_Fam/PICTURE_610.png'
76.9738 	EXP 	polygonWhiteFam: autoDraw = True
76.9738 	EXP 	imageFam: autoDraw = True
80.4673 	EXP 	textFam: autoDraw = True
82.9677 	EXP 	textFam: autoDraw = False
83.0023 	EXP 	polygonWhiteFam: autoDraw = False
83.0023 	EXP 	imageFam: autoDraw = False
83.0023 	EXP 	polygonWhiteFam: autoDraw = False
83.0023 	EXP 	imageFam: autoDraw = False
83.0023 	EXP 	textFam: autoDraw = False
83.0023 	EXP 	textBlankLoop: autoDraw = True
83.4957 	EXP 	New trial (rep=0, index=5): {'image': 'REPSWITCH1_Fam/PICTURE_391.png', 'correctAns': 'cadena'}
83.5024 	EXP 	textBlankLoop: autoDraw = False
83.5024 	EXP 	textBlankLoop: autoDraw = False
83.5024 	EXP 	fixationITI: autoDraw = True
84.5442 	EXP 	fixationITI: autoDraw = False
84.5442 	EXP 	fixationITI: autoDraw = False
84.5442 	EXP 	imageFam: image = 'REPSWITCH1_Fam/PICTURE_391.png'
84.5442 	EXP 	polygonWhiteFam: autoDraw = True
84.5442 	EXP 	imageFam: autoDraw = True
88.0377 	EXP 	textFam: autoDraw = True
90.5380 	EXP 	textFam: autoDraw = False
90.5727 	EXP 	polygonWhiteFam: autoDraw = False
90.5727 	EXP 	imageFam: autoDraw = False
90.5727 	EXP 	polygonWhiteFam: autoDraw = False
90.5727 	EXP 	imageFam: autoDraw = False
90.5727 	EXP 	textFam: autoDraw = False
90.5727 	EXP 	textBlankLoop: autoDraw = True
91.0662 	EXP 	New trial (rep=0, index=6): {'image': 'REPSWITCH1_Fam/PICTURE_19.png', 'correctAns': 'pavo'}
91.0729 	EXP 	textBlankLoop: autoDraw = False
91.0729 	EXP 	textBlankLoop: autoDraw = False
91.0729 	EXP 	fixationITI: autoDraw = True
92.1702 	EXP 	fixationITI: autoDraw = False
92.1702 	EXP 	fixationITI: autoDraw = False
92.1702 	EXP 	imageFam: image = 'REPSWITCH1_Fam/PICTURE_19.png'
92.1702 	EXP 	polygonWhiteFam: autoDraw = True
92.1702 	EXP 	imageFam: autoDraw = True
95.6637 	EXP 	textFam: autoDraw = True
98.1640 	EXP 	textFam: autoDraw = False
98.1988 	EXP 	polygonWhiteFam: autoDraw = False
98.1988 	EXP 	imageFam: autoDraw = False
98.1988 	EXP 	polygonWhiteFam: autoDraw = False
98.1988 	EXP 	imageFam: autoDraw = False
98.1988 	EXP 	textFam: autoDraw = False
98.1988 	EXP 	textBlankLoop: autoDraw = True
98.6922 	EXP 	New trial (rep=0, index=7): {'image': 'REPSWITCH1_Fam/PICTURE_135.png', 'correctAns': 'traje'}
98.6988 	EXP 	textBlankLoop: autoDraw = False
98.6988 	EXP 	textBlankLoop: autoDraw = False
98.6988 	EXP 	fixationITI: autoDraw = True
99.7128 	EXP 	fixationITI: autoDraw = False
99.7128 	EXP 	fixationITI: autoDraw = False
99.7128 	EXP 	imageFam: image = 'REPSWITCH1_Fam/PICTURE_135.png'
99.7128 	EXP 	polygonWhiteFam: autoDraw = True
99.7128 	EXP 	imageFam: autoDraw = True
103.2064 	EXP 	textFam: autoDraw = True
105.7067 	EXP 	textFam: autoDraw = False
105.7414 	EXP 	polygonWhiteFam: autoDraw = False
105.7414 	EXP 	imageFam: autoDraw = False
105.7414 	EXP 	polygonWhiteFam: autoDraw = False
105.7414 	EXP 	imageFam: autoDraw = False
105.7414 	EXP 	textFam: autoDraw = False
105.7414 	EXP 	textBlankLoop: autoDraw = True
106.2348 	EXP 	New trial (rep=0, index=8): {'image': 'REPSWITCH1_Fam/PICTURE_264.png', 'correctAns': 'mano'}
106.2415 	EXP 	textBlankLoop: autoDraw = False
106.2415 	EXP 	textBlankLoop: autoDraw = False
106.2415 	EXP 	fixationITI: autoDraw = True
107.2903 	EXP 	fixationITI: autoDraw = False
107.2903 	EXP 	fixationITI: autoDraw = False
107.2903 	EXP 	imageFam: image = 'REPSWITCH1_Fam/PICTURE_264.png'
107.2903 	EXP 	polygonWhiteFam: autoDraw = True
107.2903 	EXP 	imageFam: autoDraw = True
110.7837 	EXP 	textFam: autoDraw = True
113.2841 	EXP 	textFam: autoDraw = False
113.3188 	EXP 	polygonWhiteFam: autoDraw = False
113.3188 	EXP 	imageFam: autoDraw = False
113.3188 	EXP 	polygonWhiteFam: autoDraw = False
113.3188 	EXP 	imageFam: autoDraw = False
113.3188 	EXP 	textFam: autoDraw = False
113.3188 	EXP 	textBlankLoop: autoDraw = True
113.8123 	EXP 	New trial (rep=0, index=9): {'image': 'REPSWITCH1_Fam/PICTURE_719.png', 'correctAns': 'baño'}
113.8189 	EXP 	textBlankLoop: autoDraw = False
113.8189 	EXP 	textBlankLoop: autoDraw = False
113.8189 	EXP 	fixationITI: autoDraw = True
114.9163 	EXP 	fixationITI: autoDraw = False
114.9163 	EXP 	fixationITI: autoDraw = False
114.9163 	EXP 	imageFam: image = 'REPSWITCH1_Fam/PICTURE_719.png'
114.9163 	EXP 	polygonWhiteFam: autoDraw = True
114.9163 	EXP 	imageFam: autoDraw = True
118.4097 	EXP 	textFam: autoDraw = True
120.9101 	EXP 	textFam: autoDraw = False
120.9448 	EXP 	polygonWhiteFam: autoDraw = False
120.9448 	EXP 	imageFam: autoDraw = False
120.9448 	EXP 	polygonWhiteFam: autoDraw = False
120.9448 	EXP 	imageFam: autoDraw = False
120.9448 	EXP 	textFam: autoDraw = False
120.9448 	EXP 	textBlankLoop: autoDraw = True
121.4381 	EXP 	New trial (rep=0, index=10): {'image': 'REPSWITCH1_Fam/PICTURE_169.png', 'correctAns': 'espalda'}
121.4448 	EXP 	textBlankLoop: autoDraw = False
121.4448 	EXP 	textBlankLoop: autoDraw = False
121.4448 	EXP 	fixationITI: autoDraw = True
122.6047 	EXP 	fixationITI: autoDraw = False
122.6047 	EXP 	fixationITI: autoDraw = False
122.6047 	EXP 	imageFam: image = 'REPSWITCH1_Fam/PICTURE_169.png'
122.6047 	EXP 	polygonWhiteFam: autoDraw = True
122.6047 	EXP 	imageFam: autoDraw = True
126.0982 	EXP 	textFam: autoDraw = True
128.5986 	EXP 	textFam: autoDraw = False
128.6334 	EXP 	polygonWhiteFam: autoDraw = False
128.6334 	EXP 	imageFam: autoDraw = False
128.6334 	EXP 	polygonWhiteFam: autoDraw = False
128.6334 	EXP 	imageFam: autoDraw = False
128.6334 	EXP 	textFam: autoDraw = False
128.6334 	EXP 	textBlankLoop: autoDraw = True
129.1267 	EXP 	New trial (rep=0, index=11): {'image': 'REPSWITCH1_Fam/PICTURE_517.png', 'correctAns': 'cuerda'}
129.1334 	EXP 	textBlankLoop: autoDraw = False
129.1334 	EXP 	textBlankLoop: autoDraw = False
129.1334 	EXP 	fixationITI: autoDraw = True
130.2099 	EXP 	fixationITI: autoDraw = False
130.2099 	EXP 	fixationITI: autoDraw = False
130.2099 	EXP 	imageFam: image = 'REPSWITCH1_Fam/PICTURE_517.png'
130.2099 	EXP 	polygonWhiteFam: autoDraw = True
130.2099 	EXP 	imageFam: autoDraw = True
133.7034 	EXP 	textFam: autoDraw = True
136.2037 	EXP 	textFam: autoDraw = False
136.2385 	EXP 	polygonWhiteFam: autoDraw = False
136.2385 	EXP 	imageFam: autoDraw = False
136.2385 	EXP 	polygonWhiteFam: autoDraw = False
136.2385 	EXP 	imageFam: autoDraw = False
136.2385 	EXP 	textFam: autoDraw = False
136.2385 	EXP 	textBlankLoop: autoDraw = True
136.7318 	EXP 	New trial (rep=0, index=12): {'image': 'REPSWITCH1_Fam/PICTURE_498.png', 'correctAns': 'taza'}
136.7385 	EXP 	textBlankLoop: autoDraw = False
136.7385 	EXP 	textBlankLoop: autoDraw = False
136.7385 	EXP 	fixationITI: autoDraw = True
137.8081 	EXP 	fixationITI: autoDraw = False
137.8081 	EXP 	fixationITI: autoDraw = False
137.8081 	EXP 	imageFam: image = 'REPSWITCH1_Fam/PICTURE_498.png'
137.8081 	EXP 	polygonWhiteFam: autoDraw = True
137.8081 	EXP 	imageFam: autoDraw = True
141.3016 	EXP 	textFam: autoDraw = True
143.8019 	EXP 	textFam: autoDraw = False
143.8367 	EXP 	polygonWhiteFam: autoDraw = False
143.8367 	EXP 	imageFam: autoDraw = False
143.8367 	EXP 	polygonWhiteFam: autoDraw = False
143.8367 	EXP 	imageFam: autoDraw = False
143.8367 	EXP 	textFam: autoDraw = False
143.8367 	EXP 	textBlankLoop: autoDraw = True
144.3300 	EXP 	New trial (rep=0, index=13): {'image': 'REPSWITCH1_Fam/PICTURE_673.png', 'correctAns': 'tenedor'}
144.3367 	EXP 	textBlankLoop: autoDraw = False
144.3367 	EXP 	textBlankLoop: autoDraw = False
144.3367 	EXP 	fixationITI: autoDraw = True
145.5453 	EXP 	fixationITI: autoDraw = False
145.5453 	EXP 	fixationITI: autoDraw = False
145.5453 	EXP 	imageFam: image = 'REPSWITCH1_Fam/PICTURE_673.png'
145.5453 	EXP 	polygonWhiteFam: autoDraw = True
145.5453 	EXP 	imageFam: autoDraw = True
149.0387 	EXP 	textFam: autoDraw = True
151.5391 	EXP 	textFam: autoDraw = False
151.5738 	EXP 	polygonWhiteFam: autoDraw = False
151.5738 	EXP 	imageFam: autoDraw = False
151.5738 	EXP 	polygonWhiteFam: autoDraw = False
151.5738 	EXP 	imageFam: autoDraw = False
151.5738 	EXP 	textFam: autoDraw = False
151.5738 	EXP 	textBlankLoop: autoDraw = True
152.0672 	EXP 	New trial (rep=0, index=14): {'image': 'REPSWITCH1_Fam/PICTURE_242.png', 'correctAns': 'cartero'}
152.0738 	EXP 	textBlankLoop: autoDraw = False
152.0738 	EXP 	textBlankLoop: autoDraw = False
152.0738 	EXP 	fixationITI: autoDraw = True
153.1504 	EXP 	fixationITI: autoDraw = False
153.1504 	EXP 	fixationITI: autoDraw = False
153.1504 	EXP 	imageFam: image = 'REPSWITCH1_Fam/PICTURE_242.png'
153.1504 	EXP 	polygonWhiteFam: autoDraw = True
153.1504 	EXP 	imageFam: autoDraw = True
156.6439 	EXP 	textFam: autoDraw = True
159.1442 	EXP 	textFam: autoDraw = False
159.1790 	EXP 	polygonWhiteFam: autoDraw = False
159.1790 	EXP 	imageFam: autoDraw = False
159.1790 	EXP 	polygonWhiteFam: autoDraw = False
159.1790 	EXP 	imageFam: autoDraw = False
159.1790 	EXP 	textFam: autoDraw = False
159.1790 	EXP 	textBlankLoop: autoDraw = True
159.6723 	EXP 	New trial (rep=0, index=15): {'image': 'REPSWITCH1_Fam/PICTURE_340.png', 'correctAns': 'espejo'}
159.6790 	EXP 	textBlankLoop: autoDraw = False
159.6790 	EXP 	textBlankLoop: autoDraw = False
159.6790 	EXP 	fixationITI: autoDraw = True
160.7764 	EXP 	fixationITI: autoDraw = False
160.7764 	EXP 	fixationITI: autoDraw = False
160.7764 	EXP 	imageFam: image = 'REPSWITCH1_Fam/PICTURE_340.png'
160.7764 	EXP 	polygonWhiteFam: autoDraw = True
160.7764 	EXP 	imageFam: autoDraw = True
164.2699 	EXP 	textFam: autoDraw = True
166.7702 	EXP 	textFam: autoDraw = False
166.8049 	EXP 	polygonWhiteFam: autoDraw = False
166.8049 	EXP 	imageFam: autoDraw = False
166.8049 	EXP 	polygonWhiteFam: autoDraw = False
166.8049 	EXP 	imageFam: autoDraw = False
166.8049 	EXP 	textFam: autoDraw = False
166.8049 	EXP 	textBlankLoop: autoDraw = True
167.2984 	EXP 	New trial (rep=0, index=16): {'image': 'REPSWITCH1_Fam/PICTURE_646.png', 'correctAns': 'tronco'}
167.3050 	EXP 	textBlankLoop: autoDraw = False
167.3050 	EXP 	textBlankLoop: autoDraw = False
167.3050 	EXP 	fixationITI: autoDraw = True
168.5205 	EXP 	fixationITI: autoDraw = False
168.5205 	EXP 	fixationITI: autoDraw = False
168.5205 	EXP 	imageFam: image = 'REPSWITCH1_Fam/PICTURE_646.png'
168.5205 	EXP 	polygonWhiteFam: autoDraw = True
168.5205 	EXP 	imageFam: autoDraw = True
172.0140 	EXP 	textFam: autoDraw = True
174.5143 	EXP 	textFam: autoDraw = False
174.5491 	EXP 	polygonWhiteFam: autoDraw = False
174.5491 	EXP 	imageFam: autoDraw = False
174.5491 	EXP 	polygonWhiteFam: autoDraw = False
174.5491 	EXP 	imageFam: autoDraw = False
174.5491 	EXP 	textFam: autoDraw = False
174.5491 	EXP 	textBlankLoop: autoDraw = True
175.0424 	EXP 	New trial (rep=0, index=17): {'image': 'REPSWITCH1_Fam/PICTURE_16.png', 'correctAns': 'cazador'}
175.0491 	EXP 	textBlankLoop: autoDraw = False
175.0491 	EXP 	textBlankLoop: autoDraw = False
175.0491 	EXP 	fixationITI: autoDraw = True
176.1257 	EXP 	fixationITI: autoDraw = False
176.1257 	EXP 	fixationITI: autoDraw = False
176.1257 	EXP 	imageFam: image = 'REPSWITCH1_Fam/PICTURE_16.png'
176.1257 	EXP 	polygonWhiteFam: autoDraw = True
176.1257 	EXP 	imageFam: autoDraw = True
179.6191 	EXP 	textFam: autoDraw = True
182.1194 	EXP 	textFam: autoDraw = False
182.1542 	EXP 	polygonWhiteFam: autoDraw = False
182.1542 	EXP 	imageFam: autoDraw = False
182.1542 	EXP 	polygonWhiteFam: autoDraw = False
182.1542 	EXP 	imageFam: autoDraw = False
182.1542 	EXP 	textFam: autoDraw = False
182.1542 	EXP 	textBlankLoop: autoDraw = True
182.6476 	EXP 	New trial (rep=0, index=18): {'image': 'REPSWITCH1_Fam/PICTURE_552.png', 'correctAns': 'manzana'}
182.6542 	EXP 	textBlankLoop: autoDraw = False
182.6542 	EXP 	textBlankLoop: autoDraw = False
182.6542 	EXP 	fixationITI: autoDraw = True
183.7516 	EXP 	fixationITI: autoDraw = False
183.7516 	EXP 	fixationITI: autoDraw = False
183.7516 	EXP 	imageFam: image = 'REPSWITCH1_Fam/PICTURE_552.png'
183.7516 	EXP 	polygonWhiteFam: autoDraw = True
183.7516 	EXP 	imageFam: autoDraw = True
187.2452 	EXP 	textFam: autoDraw = True
189.7455 	EXP 	textFam: autoDraw = False
189.7803 	EXP 	polygonWhiteFam: autoDraw = False
189.7803 	EXP 	imageFam: autoDraw = False
189.7803 	EXP 	polygonWhiteFam: autoDraw = False
189.7803 	EXP 	imageFam: autoDraw = False
189.7803 	EXP 	textFam: autoDraw = False
189.7803 	EXP 	textBlankLoop: autoDraw = True
190.2736 	EXP 	New trial (rep=0, index=19): {'image': 'REPSWITCH1_Fam/PICTURE_110.png', 'correctAns': 'mesa'}
190.2802 	EXP 	textBlankLoop: autoDraw = False
190.2802 	EXP 	textBlankLoop: autoDraw = False
190.2802 	EXP 	fixationITI: autoDraw = True
191.3915 	EXP 	fixationITI: autoDraw = False
191.3915 	EXP 	fixationITI: autoDraw = False
191.3915 	EXP 	imageFam: image = 'REPSWITCH1_Fam/PICTURE_110.png'
191.3915 	EXP 	polygonWhiteFam: autoDraw = True
191.3915 	EXP 	imageFam: autoDraw = True
194.8850 	EXP 	textFam: autoDraw = True
197.3853 	EXP 	textFam: autoDraw = False
197.4202 	EXP 	polygonWhiteFam: autoDraw = False
197.4202 	EXP 	imageFam: autoDraw = False
197.4202 	EXP 	polygonWhiteFam: autoDraw = False
197.4202 	EXP 	imageFam: autoDraw = False
197.4202 	EXP 	textFam: autoDraw = False
197.4202 	EXP 	textBlankLoop: autoDraw = True
197.9134 	EXP 	New trial (rep=0, index=20): {'image': 'REPSWITCH1_Fam/PICTURE_142.png', 'correctAns': 'vaso'}
197.9201 	EXP 	textBlankLoop: autoDraw = False
197.9201 	EXP 	textBlankLoop: autoDraw = False
197.9201 	EXP 	fixationITI: autoDraw = True
199.0592 	EXP 	fixationITI: autoDraw = False
199.0592 	EXP 	fixationITI: autoDraw = False
199.0592 	EXP 	imageFam: image = 'REPSWITCH1_Fam/PICTURE_142.png'
199.0592 	EXP 	polygonWhiteFam: autoDraw = True
199.0592 	EXP 	imageFam: autoDraw = True
202.5527 	EXP 	textFam: autoDraw = True
205.0530 	EXP 	textFam: autoDraw = False
205.0877 	EXP 	polygonWhiteFam: autoDraw = False
205.0877 	EXP 	imageFam: autoDraw = False
205.0877 	EXP 	polygonWhiteFam: autoDraw = False
205.0877 	EXP 	imageFam: autoDraw = False
205.0877 	EXP 	textFam: autoDraw = False
205.0877 	EXP 	textBlankLoop: autoDraw = True
205.5812 	EXP 	New trial (rep=0, index=21): {'image': 'REPSWITCH1_Fam/PICTURE_128.png', 'correctAns': 'muñeca'}
205.5879 	EXP 	textBlankLoop: autoDraw = False
205.5879 	EXP 	textBlankLoop: autoDraw = False
205.5879 	EXP 	fixationITI: autoDraw = True
206.7755 	EXP 	fixationITI: autoDraw = False
206.7755 	EXP 	fixationITI: autoDraw = False
206.7755 	EXP 	imageFam: image = 'REPSWITCH1_Fam/PICTURE_128.png'
206.7755 	EXP 	polygonWhiteFam: autoDraw = True
206.7755 	EXP 	imageFam: autoDraw = True
210.2690 	EXP 	textFam: autoDraw = True
212.7693 	EXP 	textFam: autoDraw = False
212.8041 	EXP 	polygonWhiteFam: autoDraw = False
212.8041 	EXP 	imageFam: autoDraw = False
212.8041 	EXP 	polygonWhiteFam: autoDraw = False
212.8041 	EXP 	imageFam: autoDraw = False
212.8041 	EXP 	textFam: autoDraw = False
212.8041 	EXP 	textBlankLoop: autoDraw = True
213.2974 	EXP 	New trial (rep=0, index=22): {'image': 'REPSWITCH1_Fam/PICTURE_612.png', 'correctAns': 'rana'}
213.3041 	EXP 	textBlankLoop: autoDraw = False
213.3041 	EXP 	textBlankLoop: autoDraw = False
213.3041 	EXP 	fixationITI: autoDraw = True
214.4015 	EXP 	fixationITI: autoDraw = False
214.4015 	EXP 	fixationITI: autoDraw = False
214.4015 	EXP 	imageFam: image = 'REPSWITCH1_Fam/PICTURE_612.png'
214.4015 	EXP 	polygonWhiteFam: autoDraw = True
214.4015 	EXP 	imageFam: autoDraw = True
217.8950 	EXP 	textFam: autoDraw = True
220.3953 	EXP 	textFam: autoDraw = False
220.4300 	EXP 	polygonWhiteFam: autoDraw = False
220.4300 	EXP 	imageFam: autoDraw = False
220.4300 	EXP 	polygonWhiteFam: autoDraw = False
220.4300 	EXP 	imageFam: autoDraw = False
220.4300 	EXP 	textFam: autoDraw = False
220.4300 	EXP 	textBlankLoop: autoDraw = True
220.9235 	EXP 	New trial (rep=0, index=23): {'image': 'REPSWITCH1_Fam/PICTURE_599.png', 'correctAns': 'nube'}
220.9301 	EXP 	textBlankLoop: autoDraw = False
220.9301 	EXP 	textBlankLoop: autoDraw = False
220.9301 	EXP 	fixationITI: autoDraw = True
222.0622 	EXP 	fixationITI: autoDraw = False
222.0622 	EXP 	fixationITI: autoDraw = False
222.0622 	EXP 	imageFam: image = 'REPSWITCH1_Fam/PICTURE_599.png'
222.0622 	EXP 	polygonWhiteFam: autoDraw = True
222.0622 	EXP 	imageFam: autoDraw = True
225.5557 	EXP 	textFam: autoDraw = True
228.0560 	EXP 	textFam: autoDraw = False
228.0907 	EXP 	polygonWhiteFam: autoDraw = False
228.0907 	EXP 	imageFam: autoDraw = False
228.0907 	EXP 	polygonWhiteFam: autoDraw = False
228.0907 	EXP 	imageFam: autoDraw = False
228.0907 	EXP 	textFam: autoDraw = False
228.0907 	EXP 	textBlankLoop: autoDraw = True
228.5841 	EXP 	New trial (rep=0, index=24): {'image': 'REPSWITCH1_Fam/PICTURE_152.png', 'correctAns': 'caracol'}
228.5908 	EXP 	textBlankLoop: autoDraw = False
228.5908 	EXP 	textBlankLoop: autoDraw = False
228.5908 	EXP 	fixationITI: autoDraw = True
229.7368 	EXP 	fixationITI: autoDraw = False
229.7368 	EXP 	fixationITI: autoDraw = False
229.7368 	EXP 	imageFam: image = 'REPSWITCH1_Fam/PICTURE_152.png'
229.7368 	EXP 	polygonWhiteFam: autoDraw = True
229.7368 	EXP 	imageFam: autoDraw = True
233.2303 	EXP 	textFam: autoDraw = True
235.7306 	EXP 	textFam: autoDraw = False
235.7654 	EXP 	polygonWhiteFam: autoDraw = False
235.7654 	EXP 	imageFam: autoDraw = False
235.7654 	EXP 	polygonWhiteFam: autoDraw = False
235.7654 	EXP 	imageFam: autoDraw = False
235.7654 	EXP 	textFam: autoDraw = False
235.7654 	EXP 	textBlankLoop: autoDraw = True
236.2587 	EXP 	New trial (rep=0, index=25): {'image': 'REPSWITCH1_Fam/PICTURE_576.png', 'correctAns': 'guante'}
236.2654 	EXP 	textBlankLoop: autoDraw = False
236.2654 	EXP 	textBlankLoop: autoDraw = False
236.2654 	EXP 	fixationITI: autoDraw = True
237.4323 	EXP 	fixationITI: autoDraw = False
237.4323 	EXP 	fixationITI: autoDraw = False
237.4323 	EXP 	imageFam: image = 'REPSWITCH1_Fam/PICTURE_576.png'
237.4323 	EXP 	polygonWhiteFam: autoDraw = True
237.4323 	EXP 	imageFam: autoDraw = True
240.9257 	EXP 	textFam: autoDraw = True
243.4261 	EXP 	textFam: autoDraw = False
243.4608 	EXP 	polygonWhiteFam: autoDraw = False
243.4608 	EXP 	imageFam: autoDraw = False
243.4608 	EXP 	polygonWhiteFam: autoDraw = False
243.4608 	EXP 	imageFam: autoDraw = False
243.4608 	EXP 	textFam: autoDraw = False
243.4608 	EXP 	textBlankLoop: autoDraw = True
243.9542 	EXP 	New trial (rep=0, index=26): {'image': 'REPSWITCH1_Fam/PICTURE_319.png', 'correctAns': 'vaca'}
243.9609 	EXP 	textBlankLoop: autoDraw = False
243.9609 	EXP 	textBlankLoop: autoDraw = False
243.9609 	EXP 	fixationITI: autoDraw = True
244.9958 	EXP 	fixationITI: autoDraw = False
244.9958 	EXP 	fixationITI: autoDraw = False
244.9958 	EXP 	imageFam: image = 'REPSWITCH1_Fam/PICTURE_319.png'
244.9958 	EXP 	polygonWhiteFam: autoDraw = True
244.9958 	EXP 	imageFam: autoDraw = True
248.4893 	EXP 	textFam: autoDraw = True
250.9896 	EXP 	textFam: autoDraw = False
251.0243 	EXP 	polygonWhiteFam: autoDraw = False
251.0243 	EXP 	imageFam: autoDraw = False
251.0243 	EXP 	polygonWhiteFam: autoDraw = False
251.0243 	EXP 	imageFam: autoDraw = False
251.0243 	EXP 	textFam: autoDraw = False
251.0243 	EXP 	textBlankLoop: autoDraw = True
251.5177 	EXP 	New trial (rep=0, index=27): {'image': 'REPSWITCH1_Fam/PICTURE_687.png', 'correctAns': 'camisa'}
251.5244 	EXP 	textBlankLoop: autoDraw = False
251.5244 	EXP 	textBlankLoop: autoDraw = False
251.5244 	EXP 	fixationITI: autoDraw = True
252.6565 	EXP 	fixationITI: autoDraw = False
252.6565 	EXP 	fixationITI: autoDraw = False
252.6565 	EXP 	imageFam: image = 'REPSWITCH1_Fam/PICTURE_687.png'
252.6565 	EXP 	polygonWhiteFam: autoDraw = True
252.6565 	EXP 	imageFam: autoDraw = True
256.1500 	EXP 	textFam: autoDraw = True
258.6503 	EXP 	textFam: autoDraw = False
258.6850 	EXP 	polygonWhiteFam: autoDraw = False
258.6850 	EXP 	imageFam: autoDraw = False
258.6850 	EXP 	polygonWhiteFam: autoDraw = False
258.6850 	EXP 	imageFam: autoDraw = False
258.6850 	EXP 	textFam: autoDraw = False
258.6850 	EXP 	textBlankLoop: autoDraw = True
259.1784 	EXP 	New trial (rep=0, index=28): {'image': 'REPSWITCH1_Fam/PICTURE_728.png', 'correctAns': 'pulpo'}
259.1851 	EXP 	textBlankLoop: autoDraw = False
259.1851 	EXP 	textBlankLoop: autoDraw = False
259.1851 	EXP 	fixationITI: autoDraw = True
260.2686 	EXP 	fixationITI: autoDraw = False
260.2686 	EXP 	fixationITI: autoDraw = False
260.2686 	EXP 	imageFam: image = 'REPSWITCH1_Fam/PICTURE_728.png'
260.2686 	EXP 	polygonWhiteFam: autoDraw = True
260.2686 	EXP 	imageFam: autoDraw = True
263.7622 	EXP 	textFam: autoDraw = True
266.2624 	EXP 	textFam: autoDraw = False
266.2971 	EXP 	polygonWhiteFam: autoDraw = False
266.2971 	EXP 	imageFam: autoDraw = False
266.2971 	EXP 	polygonWhiteFam: autoDraw = False
266.2971 	EXP 	imageFam: autoDraw = False
266.2971 	EXP 	textFam: autoDraw = False
266.2971 	EXP 	textBlankLoop: autoDraw = True
266.7906 	EXP 	New trial (rep=0, index=29): {'image': 'REPSWITCH1_Fam/PICTURE_199.png', 'correctAns': 'falda'}
266.7972 	EXP 	textBlankLoop: autoDraw = False
266.7972 	EXP 	textBlankLoop: autoDraw = False
266.7972 	EXP 	fixationITI: autoDraw = True
268.0127 	EXP 	fixationITI: autoDraw = False
268.0127 	EXP 	fixationITI: autoDraw = False
268.0127 	EXP 	imageFam: image = 'REPSWITCH1_Fam/PICTURE_199.png'
268.0127 	EXP 	polygonWhiteFam: autoDraw = True
268.0127 	EXP 	imageFam: autoDraw = True
271.5062 	EXP 	textFam: autoDraw = True
274.0065 	EXP 	textFam: autoDraw = False
274.0412 	EXP 	polygonWhiteFam: autoDraw = False
274.0412 	EXP 	imageFam: autoDraw = False
274.0412 	EXP 	polygonWhiteFam: autoDraw = False
274.0412 	EXP 	imageFam: autoDraw = False
274.0412 	EXP 	textFam: autoDraw = False
274.0412 	EXP 	textBlankLoop: autoDraw = True
274.5346 	EXP 	New trial (rep=0, index=30): {'image': 'REPSWITCH1_Fam/PICTURE_235.png', 'correctAns': 'aguja'}
274.5413 	EXP 	textBlankLoop: autoDraw = False
274.5413 	EXP 	textBlankLoop: autoDraw = False
274.5413 	EXP 	fixationITI: autoDraw = True
275.6039 	EXP 	fixationITI: autoDraw = False
275.6039 	EXP 	fixationITI: autoDraw = False
275.6039 	EXP 	imageFam: image = 'REPSWITCH1_Fam/PICTURE_235.png'
275.6039 	EXP 	polygonWhiteFam: autoDraw = True
275.6039 	EXP 	imageFam: autoDraw = True
279.0974 	EXP 	textFam: autoDraw = True
281.5978 	EXP 	textFam: autoDraw = False
281.6325 	EXP 	polygonWhiteFam: autoDraw = False
281.6325 	EXP 	imageFam: autoDraw = False
281.6325 	EXP 	polygonWhiteFam: autoDraw = False
281.6325 	EXP 	imageFam: autoDraw = False
281.6325 	EXP 	textFam: autoDraw = False
281.6325 	EXP 	textBlankLoop: autoDraw = True
282.1259 	EXP 	New trial (rep=0, index=31): {'image': 'REPSWITCH1_Fam/PICTURE_8.png', 'correctAns': 'pierna'}
282.1326 	EXP 	textBlankLoop: autoDraw = False
282.1326 	EXP 	textBlankLoop: autoDraw = False
282.1326 	EXP 	fixationITI: autoDraw = True
283.2647 	EXP 	fixationITI: autoDraw = False
283.2647 	EXP 	fixationITI: autoDraw = False
283.2647 	EXP 	imageFam: image = 'REPSWITCH1_Fam/PICTURE_8.png'
283.2647 	EXP 	polygonWhiteFam: autoDraw = True
283.2647 	EXP 	imageFam: autoDraw = True
286.7581 	EXP 	textFam: autoDraw = True
289.2585 	EXP 	textFam: autoDraw = False
289.2932 	EXP 	polygonWhiteFam: autoDraw = False
289.2932 	EXP 	imageFam: autoDraw = False
289.2932 	EXP 	polygonWhiteFam: autoDraw = False
289.2932 	EXP 	imageFam: autoDraw = False
289.2932 	EXP 	textFam: autoDraw = False
289.2932 	EXP 	textBlankLoop: autoDraw = True
289.7866 	EXP 	New trial (rep=0, index=32): {'image': 'REPSWITCH1_Fam/PICTURE_48.png', 'correctAns': 'bombero'}
289.7933 	EXP 	textBlankLoop: autoDraw = False
289.7933 	EXP 	textBlankLoop: autoDraw = False
289.7933 	EXP 	fixationITI: autoDraw = True
290.9045 	EXP 	fixationITI: autoDraw = False
290.9045 	EXP 	fixationITI: autoDraw = False
290.9045 	EXP 	imageFam: image = 'REPSWITCH1_Fam/PICTURE_48.png'
290.9045 	EXP 	polygonWhiteFam: autoDraw = True
290.9045 	EXP 	imageFam: autoDraw = True
294.3981 	EXP 	textFam: autoDraw = True
296.8984 	EXP 	textFam: autoDraw = False
296.9332 	EXP 	polygonWhiteFam: autoDraw = False
296.9332 	EXP 	imageFam: autoDraw = False
296.9332 	EXP 	polygonWhiteFam: autoDraw = False
296.9332 	EXP 	imageFam: autoDraw = False
296.9332 	EXP 	textFam: autoDraw = False
296.9332 	EXP 	textBlankLoop: autoDraw = True
297.4266 	EXP 	New trial (rep=0, index=33): {'image': 'REPSWITCH1_Fam/PICTURE_614.png', 'correctAns': 'reina'}
297.4332 	EXP 	textBlankLoop: autoDraw = False
297.4332 	EXP 	textBlankLoop: autoDraw = False
297.4332 	EXP 	fixationITI: autoDraw = True
298.6070 	EXP 	fixationITI: autoDraw = False
298.6070 	EXP 	fixationITI: autoDraw = False
298.6070 	EXP 	imageFam: image = 'REPSWITCH1_Fam/PICTURE_614.png'
298.6070 	EXP 	polygonWhiteFam: autoDraw = True
298.6070 	EXP 	imageFam: autoDraw = True
302.1004 	EXP 	textFam: autoDraw = True
304.6007 	EXP 	textFam: autoDraw = False
304.6355 	EXP 	polygonWhiteFam: autoDraw = False
304.6355 	EXP 	imageFam: autoDraw = False
304.6355 	EXP 	polygonWhiteFam: autoDraw = False
304.6355 	EXP 	imageFam: autoDraw = False
304.6355 	EXP 	textFam: autoDraw = False
304.6355 	EXP 	textBlankLoop: autoDraw = True
305.1290 	EXP 	New trial (rep=0, index=34): {'image': 'REPSWITCH1_Fam/PICTURE_175.png', 'correctAns': 'pintor'}
305.1355 	EXP 	textBlankLoop: autoDraw = False
305.1355 	EXP 	textBlankLoop: autoDraw = False
305.1355 	EXP 	fixationITI: autoDraw = True
306.2538 	EXP 	fixationITI: autoDraw = False
306.2538 	EXP 	fixationITI: autoDraw = False
306.2538 	EXP 	imageFam: image = 'REPSWITCH1_Fam/PICTURE_175.png'
306.2538 	EXP 	polygonWhiteFam: autoDraw = True
306.2538 	EXP 	imageFam: autoDraw = True
309.7473 	EXP 	textFam: autoDraw = True
312.2476 	EXP 	textFam: autoDraw = False
312.2823 	EXP 	polygonWhiteFam: autoDraw = False
312.2823 	EXP 	imageFam: autoDraw = False
312.2823 	EXP 	polygonWhiteFam: autoDraw = False
312.2823 	EXP 	imageFam: autoDraw = False
312.2823 	EXP 	textFam: autoDraw = False
312.2823 	EXP 	textBlankLoop: autoDraw = True
312.7757 	EXP 	New trial (rep=0, index=35): {'image': 'REPSWITCH1_Fam/PICTURE_178.png', 'correctAns': 'puente'}
312.7824 	EXP 	textBlankLoop: autoDraw = False
312.7824 	EXP 	textBlankLoop: autoDraw = False
312.7824 	EXP 	fixationITI: autoDraw = True
313.9076 	EXP 	fixationITI: autoDraw = False
313.9076 	EXP 	fixationITI: autoDraw = False
313.9076 	EXP 	imageFam: image = 'REPSWITCH1_Fam/PICTURE_178.png'
313.9076 	EXP 	polygonWhiteFam: autoDraw = True
313.9076 	EXP 	imageFam: autoDraw = True
317.4011 	EXP 	textFam: autoDraw = True
319.9015 	EXP 	textFam: autoDraw = False
319.9362 	EXP 	polygonWhiteFam: autoDraw = False
319.9362 	EXP 	imageFam: autoDraw = False
319.9362 	EXP 	polygonWhiteFam: autoDraw = False
319.9362 	EXP 	imageFam: autoDraw = False
319.9362 	EXP 	textFam: autoDraw = False
319.9362 	EXP 	textBlankLoop: autoDraw = True
320.4295 	EXP 	New trial (rep=0, index=36): {'image': 'REPSWITCH1_Fam/PICTURE_733.png', 'correctAns': 'gafas'}
320.4362 	EXP 	textBlankLoop: autoDraw = False
320.4362 	EXP 	textBlankLoop: autoDraw = False
320.4362 	EXP 	fixationITI: autoDraw = True
321.5336 	EXP 	fixationITI: autoDraw = False
321.5336 	EXP 	fixationITI: autoDraw = False
321.5336 	EXP 	imageFam: image = 'REPSWITCH1_Fam/PICTURE_733.png'
321.5336 	EXP 	polygonWhiteFam: autoDraw = True
321.5336 	EXP 	imageFam: autoDraw = True
325.0271 	EXP 	textFam: autoDraw = True
327.5274 	EXP 	textFam: autoDraw = False
327.5621 	EXP 	polygonWhiteFam: autoDraw = False
327.5621 	EXP 	imageFam: autoDraw = False
327.5621 	EXP 	polygonWhiteFam: autoDraw = False
327.5621 	EXP 	imageFam: autoDraw = False
327.5621 	EXP 	textFam: autoDraw = False
327.5621 	EXP 	textBlankLoop: autoDraw = True
328.0555 	EXP 	New trial (rep=0, index=37): {'image': 'REPSWITCH1_Fam/PICTURE_464.png', 'correctAns': 'goma'}
328.0622 	EXP 	textBlankLoop: autoDraw = False
328.0622 	EXP 	textBlankLoop: autoDraw = False
328.0622 	EXP 	fixationITI: autoDraw = True
329.1595 	EXP 	fixationITI: autoDraw = False
329.1595 	EXP 	fixationITI: autoDraw = False
329.1595 	EXP 	imageFam: image = 'REPSWITCH1_Fam/PICTURE_464.png'
329.1595 	EXP 	polygonWhiteFam: autoDraw = True
329.1595 	EXP 	imageFam: autoDraw = True
332.6531 	EXP 	textFam: autoDraw = True
335.1534 	EXP 	textFam: autoDraw = False
335.1881 	EXP 	polygonWhiteFam: autoDraw = False
335.1881 	EXP 	imageFam: autoDraw = False
335.1881 	EXP 	polygonWhiteFam: autoDraw = False
335.1881 	EXP 	imageFam: autoDraw = False
335.1881 	EXP 	textFam: autoDraw = False
335.1881 	EXP 	textBlankLoop: autoDraw = True
335.6815 	EXP 	New trial (rep=0, index=38): {'image': 'REPSWITCH1_Fam/PICTURE_570.png', 'correctAns': 'toro'}
335.6882 	EXP 	textBlankLoop: autoDraw = False
335.6882 	EXP 	textBlankLoop: autoDraw = False
335.6882 	EXP 	fixationITI: autoDraw = True
336.7508 	EXP 	fixationITI: autoDraw = False
336.7508 	EXP 	fixationITI: autoDraw = False
336.7508 	EXP 	imageFam: image = 'REPSWITCH1_Fam/PICTURE_570.png'
336.7508 	EXP 	polygonWhiteFam: autoDraw = True
336.7508 	EXP 	imageFam: autoDraw = True
340.2443 	EXP 	textFam: autoDraw = True
342.7446 	EXP 	textFam: autoDraw = False
342.7795 	EXP 	polygonWhiteFam: autoDraw = False
342.7795 	EXP 	imageFam: autoDraw = False
342.7795 	EXP 	polygonWhiteFam: autoDraw = False
342.7795 	EXP 	imageFam: autoDraw = False
342.7795 	EXP 	textFam: autoDraw = False
342.7795 	EXP 	textBlankLoop: autoDraw = True
343.2728 	EXP 	New trial (rep=0, index=39): {'image': 'REPSWITCH1_Fam/PICTURE_35.png', 'correctAns': 'oreja'}
343.2794 	EXP 	textBlankLoop: autoDraw = False
343.2794 	EXP 	textBlankLoop: autoDraw = False
343.2794 	EXP 	fixationITI: autoDraw = True
344.4255 	EXP 	fixationITI: autoDraw = False
344.4255 	EXP 	fixationITI: autoDraw = False
344.4255 	EXP 	imageFam: image = 'REPSWITCH1_Fam/PICTURE_35.png'
344.4255 	EXP 	polygonWhiteFam: autoDraw = True
344.4255 	EXP 	imageFam: autoDraw = True
347.9189 	EXP 	textFam: autoDraw = True
350.4193 	EXP 	textFam: autoDraw = False
350.4540 	EXP 	polygonWhiteFam: autoDraw = False
350.4540 	EXP 	imageFam: autoDraw = False
350.4540 	EXP 	polygonWhiteFam: autoDraw = False
350.4540 	EXP 	imageFam: autoDraw = False
350.4540 	EXP 	textFam: autoDraw = False
350.4540 	EXP 	textBlankLoop: autoDraw = True
350.9473 	EXP 	New trial (rep=0, index=40): {'image': 'REPSWITCH1_Fam/PICTURE_320.png', 'correctAns': 'iglesia'}
350.9541 	EXP 	textBlankLoop: autoDraw = False
350.9541 	EXP 	textBlankLoop: autoDraw = False
350.9541 	EXP 	fixationITI: autoDraw = True
352.0168 	EXP 	fixationITI: autoDraw = False
352.0168 	EXP 	fixationITI: autoDraw = False
352.0168 	EXP 	imageFam: image = 'REPSWITCH1_Fam/PICTURE_320.png'
352.0168 	EXP 	polygonWhiteFam: autoDraw = True
352.0168 	EXP 	imageFam: autoDraw = True
355.5102 	EXP 	textFam: autoDraw = True
358.0106 	EXP 	textFam: autoDraw = False
358.0453 	EXP 	polygonWhiteFam: autoDraw = False
358.0453 	EXP 	imageFam: autoDraw = False
358.0453 	EXP 	polygonWhiteFam: autoDraw = False
358.0453 	EXP 	imageFam: autoDraw = False
358.0453 	EXP 	textFam: autoDraw = False
358.0453 	EXP 	textBlankLoop: autoDraw = True
358.5387 	EXP 	New trial (rep=0, index=41): {'image': 'REPSWITCH1_Fam/PICTURE_590.png', 'correctAns': 'escoba'}
358.5453 	EXP 	textBlankLoop: autoDraw = False
358.5453 	EXP 	textBlankLoop: autoDraw = False
358.5453 	EXP 	fixationITI: autoDraw = True
359.6149 	EXP 	fixationITI: autoDraw = False
359.6149 	EXP 	fixationITI: autoDraw = False
359.6149 	EXP 	imageFam: image = 'REPSWITCH1_Fam/PICTURE_590.png'
359.6149 	EXP 	polygonWhiteFam: autoDraw = True
359.6149 	EXP 	imageFam: autoDraw = True
363.1084 	EXP 	textFam: autoDraw = True
365.6087 	EXP 	textFam: autoDraw = False
365.6435 	EXP 	polygonWhiteFam: autoDraw = False
365.6435 	EXP 	imageFam: autoDraw = False
365.6435 	EXP 	polygonWhiteFam: autoDraw = False
365.6435 	EXP 	imageFam: autoDraw = False
365.6435 	EXP 	textFam: autoDraw = False
365.6435 	EXP 	textBlankLoop: autoDraw = True
366.1368 	EXP 	New trial (rep=0, index=42): {'image': 'REPSWITCH1_Fam/PICTURE_663.png', 'correctAns': 'columna'}
366.1435 	EXP 	textBlankLoop: autoDraw = False
366.1435 	EXP 	textBlankLoop: autoDraw = False
366.1435 	EXP 	fixationITI: autoDraw = True
367.2409 	EXP 	fixationITI: autoDraw = False
367.2409 	EXP 	fixationITI: autoDraw = False
367.2409 	EXP 	imageFam: image = 'REPSWITCH1_Fam/PICTURE_663.png'
367.2409 	EXP 	polygonWhiteFam: autoDraw = True
367.2409 	EXP 	imageFam: autoDraw = True
370.7344 	EXP 	textFam: autoDraw = True
373.2347 	EXP 	textFam: autoDraw = False
373.2695 	EXP 	polygonWhiteFam: autoDraw = False
373.2695 	EXP 	imageFam: autoDraw = False
373.2695 	EXP 	polygonWhiteFam: autoDraw = False
373.2695 	EXP 	imageFam: autoDraw = False
373.2695 	EXP 	textFam: autoDraw = False
373.2695 	EXP 	textBlankLoop: autoDraw = True
373.7629 	EXP 	New trial (rep=0, index=43): {'image': 'REPSWITCH1_Fam/PICTURE_381.png', 'correctAns': 'fresa'}
373.7695 	EXP 	textBlankLoop: autoDraw = False
373.7695 	EXP 	textBlankLoop: autoDraw = False
373.7695 	EXP 	fixationITI: autoDraw = True
374.8392 	EXP 	fixationITI: autoDraw = False
374.8392 	EXP 	fixationITI: autoDraw = False
374.8392 	EXP 	imageFam: image = 'REPSWITCH1_Fam/PICTURE_381.png'
374.8392 	EXP 	polygonWhiteFam: autoDraw = True
374.8392 	EXP 	imageFam: autoDraw = True
378.3326 	EXP 	textFam: autoDraw = True
380.8330 	EXP 	textFam: autoDraw = False
380.8677 	EXP 	polygonWhiteFam: autoDraw = False
380.8677 	EXP 	imageFam: autoDraw = False
380.8677 	EXP 	polygonWhiteFam: autoDraw = False
380.8677 	EXP 	imageFam: autoDraw = False
380.8677 	EXP 	textFam: autoDraw = False
380.8677 	EXP 	textBlankLoop: autoDraw = True
381.3611 	EXP 	New trial (rep=0, index=44): {'image': 'REPSWITCH1_Fam/PICTURE_446.png', 'correctAns': 'cerdo'}
381.3677 	EXP 	textBlankLoop: autoDraw = False
381.3677 	EXP 	textBlankLoop: autoDraw = False
381.3677 	EXP 	fixationITI: autoDraw = True
382.4791 	EXP 	fixationITI: autoDraw = False
382.4791 	EXP 	fixationITI: autoDraw = False
382.4791 	EXP 	imageFam: image = 'REPSWITCH1_Fam/PICTURE_446.png'
382.4791 	EXP 	polygonWhiteFam: autoDraw = True
382.4791 	EXP 	imageFam: autoDraw = True
385.9725 	EXP 	textFam: autoDraw = True
388.4729 	EXP 	textFam: autoDraw = False
388.5076 	EXP 	polygonWhiteFam: autoDraw = False
388.5076 	EXP 	imageFam: autoDraw = False
388.5076 	EXP 	polygonWhiteFam: autoDraw = False
388.5076 	EXP 	imageFam: autoDraw = False
388.5076 	EXP 	textFam: autoDraw = False
388.5076 	EXP 	textBlankLoop: autoDraw = True
389.0077 	EXP 	textBlankLoop: autoDraw = False
389.0077 	EXP 	textBlankLoop: autoDraw = False
389.0077 	EXP 	textboxEndFam: autoDraw = True
392.8322 	DATA 	Keypress: space
392.8345 	EXP 	textboxEndFam: autoDraw = False
392.8660 	EXP 	window1: mouseVisible = True
