10.4135 	EXP 	Created window1 = Window(allowGUI=True, allowStencil=False, autoLog=True, backendConf=UNKNOWN, bitsMode=UNKNOWN, blendMode='avg', bpc=(8, 8, 8), color=array([0, 0, 0]), colorSpace='rgb', depthBits=8, fullscr=<method-wrapper '__getattribute__' of attributeSetter object at 0x000001A727F5AB20>, gamma=None, gammaErrorPolicy='raise', lms=UNKNOWN, monitor=<psychopy.monitors.calibTools.Monitor object at 0x000001A72E0A3520>, multiSample=False, name='window1', numSamples=2, pos=(0, 0), screen=0, size=array([1920, 1080]), stencilBits=0, stereo=False, units='height', useFBO=True, useRetina=False, viewOri=0.0, viewPos=None, viewScale=None, waitBlanking=True, winType='pyglet')
10.4135 	EXP 	window1: mouseVisible = True
10.4136 	EXP 	window1: mouseVisible = False
10.4136 	EXP 	window1: Attempting to measure frame rate of screen (0) ...
10.4136 	EXP 	window1: recordFrameIntervals = False
10.4828 	EXP 	window1: recordFrameIntervals = True
10.5591 	EXP 	Screen (0) actual frame rate measured at 144.03Hz
10.5592 	EXP 	window1: recordFrameIntervals = False
11.9549 	EXP 	Created textWelcomeFam = TextStim(__class__=<class 'psychopy.visual.text.TextStim'>, alignHoriz=method-wrapper(...), alignText='center', alignVert=method-wrapper(...), anchorHoriz='center', anchorVert='center', antialias=True, autoDraw=False, autoLog=True, bold=False, color=array([1, 1, 1]), colorSpace='rgb', contrast=1.0, depth=0.0, flipHoriz=False, flipVert=False, font='Open Sans', fontFiles=[], height=0.05, italic=False, languageStyle='LTR', name='textWelcomeFam', opacity=1.0, ori=0.0, pos=array([0., 0.]), rgb=UNKNOWN, text='Bienvenido/a al experimento!', units='height', win=Window(...), wrapWidth=1)
11.9956 	EXP 	Created fixationITI = ShapeStim(__class__=<class 'psychopy.visual.shape.ShapeStim'>, anchor=('center', 'center'), autoDraw=False, autoLog=True, closeShape=True, color=method-wrapper(...), colorSpace='rgb', contrast=None, depth=0.0, fillColor=array([1, 1, 1]), fillColorSpace='rgb', fillRGB=array([1, 1, 1]), interpolate=True, lineColor=array([1, 1, 1]), lineColorSpace='rgb', lineRGB=array([1, 1, 1]), lineWidth=1.0, name='fixationITI', opacity=1.0, ori=0.0, pos=array([0., 0.]), size=array([0.1, 0.1]), units='height', vertices=ndarray(...), win=Window(...), windingRule=None)
11.9962 	EXP 	Created polygonWhiteFam = Rect(__class__=<class 'psychopy.visual.rect.Rect'>, anchor=('center', 'center'), autoDraw=False, autoLog=True, closeShape=True, color=method-wrapper(...), colorSpace='rgb', contrast=None, depth=0.0, fillColor=array([1, 1, 1]), fillColorSpace='rgb', fillRGB=array([1, 1, 1]), interpolate=True, lineColor=array([1, 1, 1]), lineColorSpace='rgb', lineRGB=array([1, 1, 1]), lineWidth=1.0, name='polygonWhiteFam', opacity=1.0, ori=0.0, pos=array([0., 0.]), size=array([0.5, 0.5]), units='height', vertices=ndarray(...), win=Window(...))
11.9992 	EXP 	Created imageFam = ImageStim(__class__=<class 'psychopy.visual.image.ImageStim'>, anchor=('center', 'center'), autoLog=True, color=array([1, 1, 1]), colorSpace='rgb', contrast=1.0, depth=-1.0, flipHoriz=False, flipVert=False, image='sin', interpolate=True, mask=None, maskParams=None, name='imageFam', opacity=1.0, ori=0.0, pos=array([0., 0.]), size=array([0.5, 0.5]), texRes=128.0, units='height', win=Window(...))
11.9996 	EXP 	Created textFam = TextStim(__class__=<class 'psychopy.visual.text.TextStim'>, alignHoriz=method-wrapper(...), alignText='center', alignVert=method-wrapper(...), anchorHoriz='center', anchorVert='center', antialias=True, autoDraw=False, autoLog=True, bold=False, color=array([1, 1, 1]), colorSpace='rgb', contrast=1.0, depth=-2.0, flipHoriz=False, flipVert=False, font='Open Sans', fontFiles=[], height=0.05, italic=False, languageStyle='LTR', name='textFam', opacity=1.0, ori=0.0, pos=array([ 0. , -0.3]), rgb=UNKNOWN, text='', units='height', win=Window(...), wrapWidth=1)
12.0464 	EXP 	Created textBlankLoop = TextStim(__class__=<class 'psychopy.visual.text.TextStim'>, alignHoriz=method-wrapper(...), alignText='center', alignVert=method-wrapper(...), anchorHoriz='center', anchorVert='center', antialias=True, autoDraw=False, autoLog=True, bold=False, color=array([1, 1, 1]), colorSpace='rgb', contrast=1.0, depth=0.0, flipHoriz=False, flipVert=False, font='Open Sans', fontFiles=[], height=0.05, italic=False, languageStyle='LTR', name='textBlankLoop', opacity=1.0, ori=0.0, pos=array([0., 0.]), rgb=UNKNOWN, text='', units='height', win=Window(...), wrapWidth=1)
12.0691 	EXP 	textboxInstrFam: autoLog = True
12.0691 	EXP 	textboxEndFam: autoLog = True
12.0691 	EXP 	textWelcomeFam: autoDraw = True
14.0665 	EXP 	textWelcomeFam: autoDraw = False
14.0665 	EXP 	textboxInstrFam: autoDraw = True
22.5881 	EXP 	Imported repswitch_fam.xlsx as conditions, 45 conditions, 2 params
22.5886 	EXP 	Created sequence: random, trialTypes=45, nReps=1, seed=None
22.5887 	EXP 	New trial (rep=0, index=0): {'image': 'REPSWITCH1_Fam/PICTURE_464.png', 'correctAns': 'goma'}
22.5894 	DATA 	Keypress: space
22.5954 	EXP 	textboxInstrFam: autoDraw = False
22.5954 	EXP 	fixationITI: autoDraw = True
23.7135 	EXP 	fixationITI: autoDraw = False
23.7135 	EXP 	fixationITI: autoDraw = False
23.7135 	EXP 	imageFam: image = 'REPSWITCH1_Fam/PICTURE_464.png'
23.7135 	EXP 	polygonWhiteFam: autoDraw = True
23.7135 	EXP 	imageFam: autoDraw = True
27.2071 	EXP 	textFam: autoDraw = True
29.7075 	EXP 	textFam: autoDraw = False
29.7491 	EXP 	polygonWhiteFam: autoDraw = False
29.7491 	EXP 	imageFam: autoDraw = False
29.7491 	EXP 	polygonWhiteFam: autoDraw = False
29.7491 	EXP 	imageFam: autoDraw = False
29.7491 	EXP 	textFam: autoDraw = False
29.7491 	EXP 	textBlankLoop: autoDraw = True
30.2424 	EXP 	New trial (rep=0, index=1): {'image': 'REPSWITCH1_Fam/PICTURE_517.png', 'correctAns': 'cuerda'}
30.2492 	EXP 	textBlankLoop: autoDraw = False
30.2492 	EXP 	fixationITI: autoDraw = True
31.2840 	EXP 	fixationITI: autoDraw = False
31.2840 	EXP 	fixationITI: autoDraw = False
31.2840 	EXP 	imageFam: image = 'REPSWITCH1_Fam/PICTURE_517.png'
31.2840 	EXP 	polygonWhiteFam: autoDraw = True
31.2840 	EXP 	imageFam: autoDraw = True
34.7776 	EXP 	textFam: autoDraw = True
37.2778 	EXP 	textFam: autoDraw = False
37.3126 	EXP 	polygonWhiteFam: autoDraw = False
37.3126 	EXP 	imageFam: autoDraw = False
37.3126 	EXP 	polygonWhiteFam: autoDraw = False
37.3126 	EXP 	imageFam: autoDraw = False
37.3126 	EXP 	textFam: autoDraw = False
37.3126 	EXP 	textBlankLoop: autoDraw = True
37.8059 	EXP 	New trial (rep=0, index=2): {'image': 'REPSWITCH1_Fam/PICTURE_16.png', 'correctAns': 'cazador'}
37.8126 	EXP 	textBlankLoop: autoDraw = False
37.8126 	EXP 	textBlankLoop: autoDraw = False
37.8126 	EXP 	fixationITI: autoDraw = True
38.9169 	EXP 	fixationITI: autoDraw = False
38.9169 	EXP 	fixationITI: autoDraw = False
38.9169 	EXP 	imageFam: image = 'REPSWITCH1_Fam/PICTURE_16.png'
38.9169 	EXP 	polygonWhiteFam: autoDraw = True
38.9169 	EXP 	imageFam: autoDraw = True
42.4105 	EXP 	textFam: autoDraw = True
44.9108 	EXP 	textFam: autoDraw = False
44.9455 	EXP 	polygonWhiteFam: autoDraw = False
44.9455 	EXP 	imageFam: autoDraw = False
44.9455 	EXP 	polygonWhiteFam: autoDraw = False
44.9455 	EXP 	imageFam: autoDraw = False
44.9455 	EXP 	textFam: autoDraw = False
44.9455 	EXP 	textBlankLoop: autoDraw = True
45.4389 	EXP 	New trial (rep=0, index=3): {'image': 'REPSWITCH1_Fam/PICTURE_319.png', 'correctAns': 'vaca'}
45.4456 	EXP 	textBlankLoop: autoDraw = False
45.4456 	EXP 	textBlankLoop: autoDraw = False
45.4456 	EXP 	fixationITI: autoDraw = True
46.5916 	EXP 	fixationITI: autoDraw = False
46.5916 	EXP 	fixationITI: autoDraw = False
46.5916 	EXP 	imageFam: image = 'REPSWITCH1_Fam/PICTURE_319.png'
46.5916 	EXP 	polygonWhiteFam: autoDraw = True
46.5916 	EXP 	imageFam: autoDraw = True
50.0850 	EXP 	textFam: autoDraw = True
52.5854 	EXP 	textFam: autoDraw = False
52.6201 	EXP 	polygonWhiteFam: autoDraw = False
52.6201 	EXP 	imageFam: autoDraw = False
52.6201 	EXP 	polygonWhiteFam: autoDraw = False
52.6201 	EXP 	imageFam: autoDraw = False
52.6201 	EXP 	textFam: autoDraw = False
52.6201 	EXP 	textBlankLoop: autoDraw = True
53.1135 	EXP 	New trial (rep=0, index=4): {'image': 'REPSWITCH1_Fam/PICTURE_235.png', 'correctAns': 'aguja'}
53.1202 	EXP 	textBlankLoop: autoDraw = False
53.1202 	EXP 	textBlankLoop: autoDraw = False
53.1202 	EXP 	fixationITI: autoDraw = True
54.2246 	EXP 	fixationITI: autoDraw = False
54.2246 	EXP 	fixationITI: autoDraw = False
54.2246 	EXP 	imageFam: image = 'REPSWITCH1_Fam/PICTURE_235.png'
54.2246 	EXP 	polygonWhiteFam: autoDraw = True
54.2246 	EXP 	imageFam: autoDraw = True
57.7181 	EXP 	textFam: autoDraw = True
60.2183 	EXP 	textFam: autoDraw = False
60.2530 	EXP 	polygonWhiteFam: autoDraw = False
60.2530 	EXP 	imageFam: autoDraw = False
60.2530 	EXP 	polygonWhiteFam: autoDraw = False
60.2530 	EXP 	imageFam: autoDraw = False
60.2530 	EXP 	textFam: autoDraw = False
60.2530 	EXP 	textBlankLoop: autoDraw = True
60.7465 	EXP 	New trial (rep=0, index=5): {'image': 'REPSWITCH1_Fam/PICTURE_728.png', 'correctAns': 'pulpo'}
60.7531 	EXP 	textBlankLoop: autoDraw = False
60.7531 	EXP 	textBlankLoop: autoDraw = False
60.7531 	EXP 	fixationITI: autoDraw = True
61.9131 	EXP 	fixationITI: autoDraw = False
61.9131 	EXP 	fixationITI: autoDraw = False
61.9131 	EXP 	imageFam: image = 'REPSWITCH1_Fam/PICTURE_728.png'
61.9131 	EXP 	polygonWhiteFam: autoDraw = True
61.9131 	EXP 	imageFam: autoDraw = True
65.4065 	EXP 	textFam: autoDraw = True
67.9068 	EXP 	textFam: autoDraw = False
67.9416 	EXP 	polygonWhiteFam: autoDraw = False
67.9416 	EXP 	imageFam: autoDraw = False
67.9416 	EXP 	polygonWhiteFam: autoDraw = False
67.9416 	EXP 	imageFam: autoDraw = False
67.9416 	EXP 	textFam: autoDraw = False
67.9416 	EXP 	textBlankLoop: autoDraw = True
68.4350 	EXP 	New trial (rep=0, index=6): {'image': 'REPSWITCH1_Fam/PICTURE_552.png', 'correctAns': 'manzana'}
68.4416 	EXP 	textBlankLoop: autoDraw = False
68.4416 	EXP 	textBlankLoop: autoDraw = False
68.4416 	EXP 	fixationITI: autoDraw = True
69.5321 	EXP 	fixationITI: autoDraw = False
69.5321 	EXP 	fixationITI: autoDraw = False
69.5321 	EXP 	imageFam: image = 'REPSWITCH1_Fam/PICTURE_552.png'
69.5321 	EXP 	polygonWhiteFam: autoDraw = True
69.5321 	EXP 	imageFam: autoDraw = True
73.0256 	EXP 	textFam: autoDraw = True
75.5259 	EXP 	textFam: autoDraw = False
75.5606 	EXP 	polygonWhiteFam: autoDraw = False
75.5606 	EXP 	imageFam: autoDraw = False
75.5606 	EXP 	polygonWhiteFam: autoDraw = False
75.5606 	EXP 	imageFam: autoDraw = False
75.5606 	EXP 	textFam: autoDraw = False
75.5606 	EXP 	textBlankLoop: autoDraw = True
76.0542 	EXP 	New trial (rep=0, index=7): {'image': 'REPSWITCH1_Fam/PICTURE_340.png', 'correctAns': 'espejo'}
76.0608 	EXP 	textBlankLoop: autoDraw = False
76.0608 	EXP 	textBlankLoop: autoDraw = False
76.0608 	EXP 	fixationITI: autoDraw = True
77.1094 	EXP 	fixationITI: autoDraw = False
77.1094 	EXP 	fixationITI: autoDraw = False
77.1094 	EXP 	imageFam: image = 'REPSWITCH1_Fam/PICTURE_340.png'
77.1094 	EXP 	polygonWhiteFam: autoDraw = True
77.1094 	EXP 	imageFam: autoDraw = True
80.6029 	EXP 	textFam: autoDraw = True
83.1034 	EXP 	textFam: autoDraw = False
83.1381 	EXP 	polygonWhiteFam: autoDraw = False
83.1381 	EXP 	imageFam: autoDraw = False
83.1381 	EXP 	polygonWhiteFam: autoDraw = False
83.1381 	EXP 	imageFam: autoDraw = False
83.1381 	EXP 	textFam: autoDraw = False
83.1381 	EXP 	textBlankLoop: autoDraw = True
83.6314 	EXP 	New trial (rep=0, index=8): {'image': 'REPSWITCH1_Fam/PICTURE_646.png', 'correctAns': 'tronco'}
83.6381 	EXP 	textBlankLoop: autoDraw = False
83.6381 	EXP 	textBlankLoop: autoDraw = False
83.6381 	EXP 	fixationITI: autoDraw = True
84.7077 	EXP 	fixationITI: autoDraw = False
84.7077 	EXP 	fixationITI: autoDraw = False
84.7077 	EXP 	imageFam: image = 'REPSWITCH1_Fam/PICTURE_646.png'
84.7077 	EXP 	polygonWhiteFam: autoDraw = True
84.7077 	EXP 	imageFam: autoDraw = True
88.2012 	EXP 	textFam: autoDraw = True
90.7015 	EXP 	textFam: autoDraw = False
90.7362 	EXP 	polygonWhiteFam: autoDraw = False
90.7362 	EXP 	imageFam: autoDraw = False
90.7362 	EXP 	polygonWhiteFam: autoDraw = False
90.7362 	EXP 	imageFam: autoDraw = False
90.7362 	EXP 	textFam: autoDraw = False
90.7362 	EXP 	textBlankLoop: autoDraw = True
91.2296 	EXP 	New trial (rep=0, index=9): {'image': 'REPSWITCH1_Fam/PICTURE_576.png', 'correctAns': 'guante'}
91.2363 	EXP 	textBlankLoop: autoDraw = False
91.2363 	EXP 	textBlankLoop: autoDraw = False
91.2363 	EXP 	fixationITI: autoDraw = True
92.3059 	EXP 	fixationITI: autoDraw = False
92.3059 	EXP 	fixationITI: autoDraw = False
92.3059 	EXP 	imageFam: image = 'REPSWITCH1_Fam/PICTURE_576.png'
92.3059 	EXP 	polygonWhiteFam: autoDraw = True
92.3059 	EXP 	imageFam: autoDraw = True
95.7994 	EXP 	textFam: autoDraw = True
98.2997 	EXP 	textFam: autoDraw = False
98.3344 	EXP 	polygonWhiteFam: autoDraw = False
98.3344 	EXP 	imageFam: autoDraw = False
98.3344 	EXP 	polygonWhiteFam: autoDraw = False
98.3344 	EXP 	imageFam: autoDraw = False
98.3344 	EXP 	textFam: autoDraw = False
98.3344 	EXP 	textBlankLoop: autoDraw = True
98.8279 	EXP 	New trial (rep=0, index=10): {'image': 'REPSWITCH1_Fam/PICTURE_338.png', 'correctAns': 'regalo'}
98.8346 	EXP 	textBlankLoop: autoDraw = False
98.8346 	EXP 	textBlankLoop: autoDraw = False
98.8346 	EXP 	fixationITI: autoDraw = True
100.0292 	EXP 	fixationITI: autoDraw = False
100.0292 	EXP 	fixationITI: autoDraw = False
100.0292 	EXP 	imageFam: image = 'REPSWITCH1_Fam/PICTURE_338.png'
100.0292 	EXP 	polygonWhiteFam: autoDraw = True
100.0292 	EXP 	imageFam: autoDraw = True
103.5226 	EXP 	textFam: autoDraw = True
106.0229 	EXP 	textFam: autoDraw = False
106.0577 	EXP 	polygonWhiteFam: autoDraw = False
106.0577 	EXP 	imageFam: autoDraw = False
106.0577 	EXP 	polygonWhiteFam: autoDraw = False
106.0577 	EXP 	imageFam: autoDraw = False
106.0577 	EXP 	textFam: autoDraw = False
106.0577 	EXP 	textBlankLoop: autoDraw = True
106.5511 	EXP 	New trial (rep=0, index=11): {'image': 'REPSWITCH1_Fam/PICTURE_135.png', 'correctAns': 'traje'}
106.5578 	EXP 	textBlankLoop: autoDraw = False
106.5578 	EXP 	textBlankLoop: autoDraw = False
106.5578 	EXP 	fixationITI: autoDraw = True
107.7593 	EXP 	fixationITI: autoDraw = False
107.7593 	EXP 	fixationITI: autoDraw = False
107.7593 	EXP 	imageFam: image = 'REPSWITCH1_Fam/PICTURE_135.png'
107.7593 	EXP 	polygonWhiteFam: autoDraw = True
107.7593 	EXP 	imageFam: autoDraw = True
111.2528 	EXP 	textFam: autoDraw = True
113.7531 	EXP 	textFam: autoDraw = False
113.7878 	EXP 	polygonWhiteFam: autoDraw = False
113.7878 	EXP 	imageFam: autoDraw = False
113.7878 	EXP 	polygonWhiteFam: autoDraw = False
113.7878 	EXP 	imageFam: autoDraw = False
113.7878 	EXP 	textFam: autoDraw = False
113.7878 	EXP 	textBlankLoop: autoDraw = True
114.2812 	EXP 	New trial (rep=0, index=12): {'image': 'REPSWITCH1_Fam/PICTURE_35.png', 'correctAns': 'oreja'}
114.2879 	EXP 	textBlankLoop: autoDraw = False
114.2879 	EXP 	textBlankLoop: autoDraw = False
114.2879 	EXP 	fixationITI: autoDraw = True
115.3784 	EXP 	fixationITI: autoDraw = False
115.3784 	EXP 	fixationITI: autoDraw = False
115.3784 	EXP 	imageFam: image = 'REPSWITCH1_Fam/PICTURE_35.png'
115.3784 	EXP 	polygonWhiteFam: autoDraw = True
115.3784 	EXP 	imageFam: autoDraw = True
118.8718 	EXP 	textFam: autoDraw = True
121.3722 	EXP 	textFam: autoDraw = False
121.4069 	EXP 	polygonWhiteFam: autoDraw = False
121.4069 	EXP 	imageFam: autoDraw = False
121.4069 	EXP 	polygonWhiteFam: autoDraw = False
121.4069 	EXP 	imageFam: autoDraw = False
121.4069 	EXP 	textFam: autoDraw = False
121.4069 	EXP 	textBlankLoop: autoDraw = True
121.9002 	EXP 	New trial (rep=0, index=13): {'image': 'REPSWITCH1_Fam/PICTURE_175.png', 'correctAns': 'pintor'}
121.9069 	EXP 	textBlankLoop: autoDraw = False
121.9069 	EXP 	textBlankLoop: autoDraw = False
121.9069 	EXP 	fixationITI: autoDraw = True
122.9419 	EXP 	fixationITI: autoDraw = False
122.9419 	EXP 	fixationITI: autoDraw = False
122.9419 	EXP 	imageFam: image = 'REPSWITCH1_Fam/PICTURE_175.png'
122.9419 	EXP 	polygonWhiteFam: autoDraw = True
122.9419 	EXP 	imageFam: autoDraw = True
126.4353 	EXP 	textFam: autoDraw = True
128.9357 	EXP 	textFam: autoDraw = False
128.9705 	EXP 	polygonWhiteFam: autoDraw = False
128.9705 	EXP 	imageFam: autoDraw = False
128.9705 	EXP 	polygonWhiteFam: autoDraw = False
128.9705 	EXP 	imageFam: autoDraw = False
128.9705 	EXP 	textFam: autoDraw = False
128.9705 	EXP 	textBlankLoop: autoDraw = True
129.4637 	EXP 	New trial (rep=0, index=14): {'image': 'REPSWITCH1_Fam/PICTURE_381.png', 'correctAns': 'fresa'}
129.4704 	EXP 	textBlankLoop: autoDraw = False
129.4704 	EXP 	textBlankLoop: autoDraw = False
129.4704 	EXP 	fixationITI: autoDraw = True
130.5609 	EXP 	fixationITI: autoDraw = False
130.5609 	EXP 	fixationITI: autoDraw = False
130.5609 	EXP 	imageFam: image = 'REPSWITCH1_Fam/PICTURE_381.png'
130.5609 	EXP 	polygonWhiteFam: autoDraw = True
130.5609 	EXP 	imageFam: autoDraw = True
134.0544 	EXP 	textFam: autoDraw = True
136.5547 	EXP 	textFam: autoDraw = False
136.5894 	EXP 	polygonWhiteFam: autoDraw = False
136.5894 	EXP 	imageFam: autoDraw = False
136.5894 	EXP 	polygonWhiteFam: autoDraw = False
136.5894 	EXP 	imageFam: autoDraw = False
136.5894 	EXP 	textFam: autoDraw = False
136.5894 	EXP 	textBlankLoop: autoDraw = True
137.0829 	EXP 	New trial (rep=0, index=15): {'image': 'REPSWITCH1_Fam/PICTURE_673.png', 'correctAns': 'tenedor'}
137.0895 	EXP 	textBlankLoop: autoDraw = False
137.0895 	EXP 	textBlankLoop: autoDraw = False
137.0895 	EXP 	fixationITI: autoDraw = True
138.2216 	EXP 	fixationITI: autoDraw = False
138.2216 	EXP 	fixationITI: autoDraw = False
138.2216 	EXP 	imageFam: image = 'REPSWITCH1_Fam/PICTURE_673.png'
138.2216 	EXP 	polygonWhiteFam: autoDraw = True
138.2216 	EXP 	imageFam: autoDraw = True
141.7151 	EXP 	textFam: autoDraw = True
144.2154 	EXP 	textFam: autoDraw = False
144.2502 	EXP 	polygonWhiteFam: autoDraw = False
144.2502 	EXP 	imageFam: autoDraw = False
144.2502 	EXP 	polygonWhiteFam: autoDraw = False
144.2502 	EXP 	imageFam: autoDraw = False
144.2502 	EXP 	textFam: autoDraw = False
144.2502 	EXP 	textBlankLoop: autoDraw = True
144.7436 	EXP 	New trial (rep=0, index=16): {'image': 'REPSWITCH1_Fam/PICTURE_614.png', 'correctAns': 'reina'}
144.7502 	EXP 	textBlankLoop: autoDraw = False
144.7502 	EXP 	textBlankLoop: autoDraw = False
144.7502 	EXP 	fixationITI: autoDraw = True
145.8754 	EXP 	fixationITI: autoDraw = False
145.8754 	EXP 	fixationITI: autoDraw = False
145.8754 	EXP 	imageFam: image = 'REPSWITCH1_Fam/PICTURE_614.png'
145.8754 	EXP 	polygonWhiteFam: autoDraw = True
145.8754 	EXP 	imageFam: autoDraw = True
149.3689 	EXP 	textFam: autoDraw = True
151.8692 	EXP 	textFam: autoDraw = False
151.9039 	EXP 	polygonWhiteFam: autoDraw = False
151.9039 	EXP 	imageFam: autoDraw = False
151.9039 	EXP 	polygonWhiteFam: autoDraw = False
151.9039 	EXP 	imageFam: autoDraw = False
151.9039 	EXP 	textFam: autoDraw = False
151.9039 	EXP 	textBlankLoop: autoDraw = True
152.3973 	EXP 	New trial (rep=0, index=17): {'image': 'REPSWITCH1_Fam/PICTURE_48.png', 'correctAns': 'bombero'}
152.4040 	EXP 	textBlankLoop: autoDraw = False
152.4040 	EXP 	textBlankLoop: autoDraw = False
152.4040 	EXP 	fixationITI: autoDraw = True
153.4319 	EXP 	fixationITI: autoDraw = False
153.4319 	EXP 	fixationITI: autoDraw = False
153.4319 	EXP 	imageFam: image = 'REPSWITCH1_Fam/PICTURE_48.png'
153.4319 	EXP 	polygonWhiteFam: autoDraw = True
153.4319 	EXP 	imageFam: autoDraw = True
156.9254 	EXP 	textFam: autoDraw = True
159.4258 	EXP 	textFam: autoDraw = False
159.4605 	EXP 	polygonWhiteFam: autoDraw = False
159.4605 	EXP 	imageFam: autoDraw = False
159.4605 	EXP 	polygonWhiteFam: autoDraw = False
159.4605 	EXP 	imageFam: autoDraw = False
159.4605 	EXP 	textFam: autoDraw = False
159.4605 	EXP 	textBlankLoop: autoDraw = True
159.9540 	EXP 	New trial (rep=0, index=18): {'image': 'REPSWITCH1_Fam/PICTURE_128.png', 'correctAns': 'muñeca'}
159.9606 	EXP 	textBlankLoop: autoDraw = False
159.9606 	EXP 	textBlankLoop: autoDraw = False
159.9606 	EXP 	fixationITI: autoDraw = True
161.0162 	EXP 	fixationITI: autoDraw = False
161.0162 	EXP 	fixationITI: autoDraw = False
161.0162 	EXP 	imageFam: image = 'REPSWITCH1_Fam/PICTURE_128.png'
161.0162 	EXP 	polygonWhiteFam: autoDraw = True
161.0162 	EXP 	imageFam: autoDraw = True
164.5098 	EXP 	textFam: autoDraw = True
167.0101 	EXP 	textFam: autoDraw = False
167.0448 	EXP 	polygonWhiteFam: autoDraw = False
167.0448 	EXP 	imageFam: autoDraw = False
167.0448 	EXP 	polygonWhiteFam: autoDraw = False
167.0448 	EXP 	imageFam: autoDraw = False
167.0448 	EXP 	textFam: autoDraw = False
167.0448 	EXP 	textBlankLoop: autoDraw = True
167.5381 	EXP 	New trial (rep=0, index=19): {'image': 'REPSWITCH1_Fam/PICTURE_612.png', 'correctAns': 'rana'}
167.5448 	EXP 	textBlankLoop: autoDraw = False
167.5448 	EXP 	textBlankLoop: autoDraw = False
167.5448 	EXP 	fixationITI: autoDraw = True
168.6978 	EXP 	fixationITI: autoDraw = False
168.6978 	EXP 	fixationITI: autoDraw = False
168.6978 	EXP 	imageFam: image = 'REPSWITCH1_Fam/PICTURE_612.png'
168.6978 	EXP 	polygonWhiteFam: autoDraw = True
168.6978 	EXP 	imageFam: autoDraw = True
172.1913 	EXP 	textFam: autoDraw = True
174.6917 	EXP 	textFam: autoDraw = False
174.7264 	EXP 	polygonWhiteFam: autoDraw = False
174.7264 	EXP 	imageFam: autoDraw = False
174.7264 	EXP 	polygonWhiteFam: autoDraw = False
174.7264 	EXP 	imageFam: autoDraw = False
174.7264 	EXP 	textFam: autoDraw = False
174.7264 	EXP 	textBlankLoop: autoDraw = True
175.2198 	EXP 	New trial (rep=0, index=20): {'image': 'REPSWITCH1_Fam/PICTURE_178.png', 'correctAns': 'puente'}
175.2265 	EXP 	textBlankLoop: autoDraw = False
175.2265 	EXP 	textBlankLoop: autoDraw = False
175.2265 	EXP 	fixationITI: autoDraw = True
176.3099 	EXP 	fixationITI: autoDraw = False
176.3099 	EXP 	fixationITI: autoDraw = False
176.3099 	EXP 	imageFam: image = 'REPSWITCH1_Fam/PICTURE_178.png'
176.3099 	EXP 	polygonWhiteFam: autoDraw = True
176.3099 	EXP 	imageFam: autoDraw = True
179.8035 	EXP 	textFam: autoDraw = True
182.3038 	EXP 	textFam: autoDraw = False
182.3385 	EXP 	polygonWhiteFam: autoDraw = False
182.3385 	EXP 	imageFam: autoDraw = False
182.3385 	EXP 	polygonWhiteFam: autoDraw = False
182.3385 	EXP 	imageFam: autoDraw = False
182.3385 	EXP 	textFam: autoDraw = False
182.3385 	EXP 	textBlankLoop: autoDraw = True
182.8319 	EXP 	New trial (rep=0, index=21): {'image': 'REPSWITCH1_Fam/PICTURE_570.png', 'correctAns': 'toro'}
182.8385 	EXP 	textBlankLoop: autoDraw = False
182.8385 	EXP 	textBlankLoop: autoDraw = False
182.8385 	EXP 	fixationITI: autoDraw = True
183.8874 	EXP 	fixationITI: autoDraw = False
183.8874 	EXP 	fixationITI: autoDraw = False
183.8874 	EXP 	imageFam: image = 'REPSWITCH1_Fam/PICTURE_570.png'
183.8874 	EXP 	polygonWhiteFam: autoDraw = True
183.8874 	EXP 	imageFam: autoDraw = True
187.3809 	EXP 	textFam: autoDraw = True
189.8811 	EXP 	textFam: autoDraw = False
189.9159 	EXP 	polygonWhiteFam: autoDraw = False
189.9159 	EXP 	imageFam: autoDraw = False
189.9159 	EXP 	polygonWhiteFam: autoDraw = False
189.9159 	EXP 	imageFam: autoDraw = False
189.9159 	EXP 	textFam: autoDraw = False
189.9159 	EXP 	textBlankLoop: autoDraw = True
190.4092 	EXP 	New trial (rep=0, index=22): {'image': 'REPSWITCH1_Fam/PICTURE_19.png', 'correctAns': 'pavo'}
190.4159 	EXP 	textBlankLoop: autoDraw = False
190.4159 	EXP 	textBlankLoop: autoDraw = False
190.4159 	EXP 	fixationITI: autoDraw = True
191.5688 	EXP 	fixationITI: autoDraw = False
191.5688 	EXP 	fixationITI: autoDraw = False
191.5688 	EXP 	imageFam: image = 'REPSWITCH1_Fam/PICTURE_19.png'
191.5688 	EXP 	polygonWhiteFam: autoDraw = True
191.5688 	EXP 	imageFam: autoDraw = True
195.0624 	EXP 	textFam: autoDraw = True
197.5627 	EXP 	textFam: autoDraw = False
197.5974 	EXP 	polygonWhiteFam: autoDraw = False
197.5974 	EXP 	imageFam: autoDraw = False
197.5974 	EXP 	polygonWhiteFam: autoDraw = False
197.5974 	EXP 	imageFam: autoDraw = False
197.5974 	EXP 	textFam: autoDraw = False
197.5974 	EXP 	textBlankLoop: autoDraw = True
198.0908 	EXP 	New trial (rep=0, index=23): {'image': 'REPSWITCH1_Fam/PICTURE_610.png', 'correctAns': 'miel'}
198.0975 	EXP 	textBlankLoop: autoDraw = False
198.0975 	EXP 	textBlankLoop: autoDraw = False
198.0975 	EXP 	fixationITI: autoDraw = True
199.2087 	EXP 	fixationITI: autoDraw = False
199.2087 	EXP 	fixationITI: autoDraw = False
199.2087 	EXP 	imageFam: image = 'REPSWITCH1_Fam/PICTURE_610.png'
199.2087 	EXP 	polygonWhiteFam: autoDraw = True
199.2087 	EXP 	imageFam: autoDraw = True
202.7023 	EXP 	textFam: autoDraw = True
205.2026 	EXP 	textFam: autoDraw = False
205.2373 	EXP 	polygonWhiteFam: autoDraw = False
205.2373 	EXP 	imageFam: autoDraw = False
205.2373 	EXP 	polygonWhiteFam: autoDraw = False
205.2373 	EXP 	imageFam: autoDraw = False
205.2373 	EXP 	textFam: autoDraw = False
205.2373 	EXP 	textBlankLoop: autoDraw = True
205.7308 	EXP 	New trial (rep=0, index=24): {'image': 'REPSWITCH1_Fam/PICTURE_110.png', 'correctAns': 'mesa'}
205.7374 	EXP 	textBlankLoop: autoDraw = False
205.7374 	EXP 	textBlankLoop: autoDraw = False
205.7374 	EXP 	fixationITI: autoDraw = True
206.8486 	EXP 	fixationITI: autoDraw = False
206.8486 	EXP 	fixationITI: autoDraw = False
206.8486 	EXP 	imageFam: image = 'REPSWITCH1_Fam/PICTURE_110.png'
206.8486 	EXP 	polygonWhiteFam: autoDraw = True
206.8486 	EXP 	imageFam: autoDraw = True
210.3421 	EXP 	textFam: autoDraw = True
212.8425 	EXP 	textFam: autoDraw = False
212.8772 	EXP 	polygonWhiteFam: autoDraw = False
212.8772 	EXP 	imageFam: autoDraw = False
212.8772 	EXP 	polygonWhiteFam: autoDraw = False
212.8772 	EXP 	imageFam: autoDraw = False
212.8772 	EXP 	textFam: autoDraw = False
212.8772 	EXP 	textBlankLoop: autoDraw = True
213.3706 	EXP 	New trial (rep=0, index=25): {'image': 'REPSWITCH1_Fam/PICTURE_142.png', 'correctAns': 'vaso'}
213.3773 	EXP 	textBlankLoop: autoDraw = False
213.3773 	EXP 	textBlankLoop: autoDraw = False
213.3773 	EXP 	fixationITI: autoDraw = True
214.5858 	EXP 	fixationITI: autoDraw = False
214.5858 	EXP 	fixationITI: autoDraw = False
214.5858 	EXP 	imageFam: image = 'REPSWITCH1_Fam/PICTURE_142.png'
214.5858 	EXP 	polygonWhiteFam: autoDraw = True
214.5858 	EXP 	imageFam: autoDraw = True
218.0793 	EXP 	textFam: autoDraw = True
220.5796 	EXP 	textFam: autoDraw = False
220.6143 	EXP 	polygonWhiteFam: autoDraw = False
220.6143 	EXP 	imageFam: autoDraw = False
220.6143 	EXP 	polygonWhiteFam: autoDraw = False
220.6143 	EXP 	imageFam: autoDraw = False
220.6143 	EXP 	textFam: autoDraw = False
220.6143 	EXP 	textBlankLoop: autoDraw = True
221.1077 	EXP 	New trial (rep=0, index=26): {'image': 'REPSWITCH1_Fam/PICTURE_687.png', 'correctAns': 'camisa'}
221.1144 	EXP 	textBlankLoop: autoDraw = False
221.1144 	EXP 	textBlankLoop: autoDraw = False
221.1144 	EXP 	fixationITI: autoDraw = True
222.2188 	EXP 	fixationITI: autoDraw = False
222.2188 	EXP 	fixationITI: autoDraw = False
222.2188 	EXP 	imageFam: image = 'REPSWITCH1_Fam/PICTURE_687.png'
222.2188 	EXP 	polygonWhiteFam: autoDraw = True
222.2188 	EXP 	imageFam: autoDraw = True
225.7122 	EXP 	textFam: autoDraw = True
228.2125 	EXP 	textFam: autoDraw = False
228.2473 	EXP 	polygonWhiteFam: autoDraw = False
228.2473 	EXP 	imageFam: autoDraw = False
228.2473 	EXP 	polygonWhiteFam: autoDraw = False
228.2473 	EXP 	imageFam: autoDraw = False
228.2473 	EXP 	textFam: autoDraw = False
228.2473 	EXP 	textBlankLoop: autoDraw = True
228.7406 	EXP 	New trial (rep=0, index=27): {'image': 'REPSWITCH1_Fam/PICTURE_663.png', 'correctAns': 'columna'}
228.7473 	EXP 	textBlankLoop: autoDraw = False
228.7473 	EXP 	textBlankLoop: autoDraw = False
228.7473 	EXP 	fixationITI: autoDraw = True
229.8517 	EXP 	fixationITI: autoDraw = False
229.8517 	EXP 	fixationITI: autoDraw = False
229.8517 	EXP 	imageFam: image = 'REPSWITCH1_Fam/PICTURE_663.png'
229.8517 	EXP 	polygonWhiteFam: autoDraw = True
229.8517 	EXP 	imageFam: autoDraw = True
233.3452 	EXP 	textFam: autoDraw = True
235.8455 	EXP 	textFam: autoDraw = False
235.8802 	EXP 	polygonWhiteFam: autoDraw = False
235.8802 	EXP 	imageFam: autoDraw = False
235.8802 	EXP 	polygonWhiteFam: autoDraw = False
235.8802 	EXP 	imageFam: autoDraw = False
235.8802 	EXP 	textFam: autoDraw = False
235.8802 	EXP 	textBlankLoop: autoDraw = True
236.3736 	EXP 	New trial (rep=0, index=28): {'image': 'REPSWITCH1_Fam/PICTURE_733.png', 'correctAns': 'gafas'}
236.3803 	EXP 	textBlankLoop: autoDraw = False
236.3803 	EXP 	textBlankLoop: autoDraw = False
236.3803 	EXP 	fixationITI: autoDraw = True
237.4222 	EXP 	fixationITI: autoDraw = False
237.4222 	EXP 	fixationITI: autoDraw = False
237.4222 	EXP 	imageFam: image = 'REPSWITCH1_Fam/PICTURE_733.png'
237.4222 	EXP 	polygonWhiteFam: autoDraw = True
237.4222 	EXP 	imageFam: autoDraw = True
240.9157 	EXP 	textFam: autoDraw = True
243.4159 	EXP 	textFam: autoDraw = False
243.4507 	EXP 	polygonWhiteFam: autoDraw = False
243.4507 	EXP 	imageFam: autoDraw = False
243.4507 	EXP 	polygonWhiteFam: autoDraw = False
243.4507 	EXP 	imageFam: autoDraw = False
243.4507 	EXP 	textFam: autoDraw = False
243.4507 	EXP 	textBlankLoop: autoDraw = True
243.9440 	EXP 	New trial (rep=0, index=29): {'image': 'REPSWITCH1_Fam/PICTURE_242.png', 'correctAns': 'cartero'}
243.9507 	EXP 	textBlankLoop: autoDraw = False
243.9507 	EXP 	textBlankLoop: autoDraw = False
243.9507 	EXP 	fixationITI: autoDraw = True
245.0272 	EXP 	fixationITI: autoDraw = False
245.0272 	EXP 	fixationITI: autoDraw = False
245.0272 	EXP 	imageFam: image = 'REPSWITCH1_Fam/PICTURE_242.png'
245.0272 	EXP 	polygonWhiteFam: autoDraw = True
245.0272 	EXP 	imageFam: autoDraw = True
248.5207 	EXP 	textFam: autoDraw = True
251.0211 	EXP 	textFam: autoDraw = False
251.0558 	EXP 	polygonWhiteFam: autoDraw = False
251.0558 	EXP 	imageFam: autoDraw = False
251.0558 	EXP 	polygonWhiteFam: autoDraw = False
251.0558 	EXP 	imageFam: autoDraw = False
251.0558 	EXP 	textFam: autoDraw = False
251.0558 	EXP 	textBlankLoop: autoDraw = True
251.5492 	EXP 	New trial (rep=0, index=30): {'image': 'REPSWITCH1_Fam/PICTURE_12.png', 'correctAns': 'sirena'}
251.5558 	EXP 	textBlankLoop: autoDraw = False
251.5558 	EXP 	textBlankLoop: autoDraw = False
251.5558 	EXP 	fixationITI: autoDraw = True
252.6742 	EXP 	fixationITI: autoDraw = False
252.6742 	EXP 	fixationITI: autoDraw = False
252.6742 	EXP 	imageFam: image = 'REPSWITCH1_Fam/PICTURE_12.png'
252.6742 	EXP 	polygonWhiteFam: autoDraw = True
252.6742 	EXP 	imageFam: autoDraw = True
256.1676 	EXP 	textFam: autoDraw = True
258.6680 	EXP 	textFam: autoDraw = False
258.7027 	EXP 	polygonWhiteFam: autoDraw = False
258.7027 	EXP 	imageFam: autoDraw = False
258.7027 	EXP 	polygonWhiteFam: autoDraw = False
258.7027 	EXP 	imageFam: autoDraw = False
258.7027 	EXP 	textFam: autoDraw = False
258.7027 	EXP 	textBlankLoop: autoDraw = True
259.1961 	EXP 	New trial (rep=0, index=31): {'image': 'REPSWITCH1_Fam/PICTURE_391.png', 'correctAns': 'cadena'}
259.2027 	EXP 	textBlankLoop: autoDraw = False
259.2027 	EXP 	textBlankLoop: autoDraw = False
259.2027 	EXP 	fixationITI: autoDraw = True
260.3627 	EXP 	fixationITI: autoDraw = False
260.3627 	EXP 	fixationITI: autoDraw = False
260.3627 	EXP 	imageFam: image = 'REPSWITCH1_Fam/PICTURE_391.png'
260.3627 	EXP 	polygonWhiteFam: autoDraw = True
260.3627 	EXP 	imageFam: autoDraw = True
263.8561 	EXP 	textFam: autoDraw = True
266.3564 	EXP 	textFam: autoDraw = False
266.3912 	EXP 	polygonWhiteFam: autoDraw = False
266.3912 	EXP 	imageFam: autoDraw = False
266.3912 	EXP 	polygonWhiteFam: autoDraw = False
266.3912 	EXP 	imageFam: autoDraw = False
266.3912 	EXP 	textFam: autoDraw = False
266.3912 	EXP 	textBlankLoop: autoDraw = True
266.8846 	EXP 	New trial (rep=0, index=32): {'image': 'REPSWITCH1_Fam/PICTURE_498.png', 'correctAns': 'taza'}
266.8913 	EXP 	textBlankLoop: autoDraw = False
266.8913 	EXP 	textBlankLoop: autoDraw = False
266.8913 	EXP 	fixationITI: autoDraw = True
267.9747 	EXP 	fixationITI: autoDraw = False
267.9747 	EXP 	fixationITI: autoDraw = False
267.9747 	EXP 	imageFam: image = 'REPSWITCH1_Fam/PICTURE_498.png'
267.9747 	EXP 	polygonWhiteFam: autoDraw = True
267.9747 	EXP 	imageFam: autoDraw = True
271.4682 	EXP 	textFam: autoDraw = True
273.9685 	EXP 	textFam: autoDraw = False
274.0033 	EXP 	polygonWhiteFam: autoDraw = False
274.0033 	EXP 	imageFam: autoDraw = False
274.0033 	EXP 	polygonWhiteFam: autoDraw = False
274.0033 	EXP 	imageFam: autoDraw = False
274.0033 	EXP 	textFam: autoDraw = False
274.0033 	EXP 	textBlankLoop: autoDraw = True
274.4967 	EXP 	New trial (rep=0, index=33): {'image': 'REPSWITCH1_Fam/PICTURE_199.png', 'correctAns': 'falda'}
274.5033 	EXP 	textBlankLoop: autoDraw = False
274.5033 	EXP 	textBlankLoop: autoDraw = False
274.5033 	EXP 	fixationITI: autoDraw = True
275.6840 	EXP 	fixationITI: autoDraw = False
275.6840 	EXP 	fixationITI: autoDraw = False
275.6840 	EXP 	imageFam: image = 'REPSWITCH1_Fam/PICTURE_199.png'
275.6840 	EXP 	polygonWhiteFam: autoDraw = True
275.6840 	EXP 	imageFam: autoDraw = True
279.1776 	EXP 	textFam: autoDraw = True
281.6779 	EXP 	textFam: autoDraw = False
281.7127 	EXP 	polygonWhiteFam: autoDraw = False
281.7127 	EXP 	imageFam: autoDraw = False
281.7127 	EXP 	polygonWhiteFam: autoDraw = False
281.7127 	EXP 	imageFam: autoDraw = False
281.7127 	EXP 	textFam: autoDraw = False
281.7127 	EXP 	textBlankLoop: autoDraw = True
282.2059 	EXP 	New trial (rep=0, index=34): {'image': 'REPSWITCH1_Fam/PICTURE_264.png', 'correctAns': 'mano'}
282.2127 	EXP 	textBlankLoop: autoDraw = False
282.2127 	EXP 	textBlankLoop: autoDraw = False
282.2127 	EXP 	fixationITI: autoDraw = True
283.4073 	EXP 	fixationITI: autoDraw = False
283.4073 	EXP 	fixationITI: autoDraw = False
283.4073 	EXP 	imageFam: image = 'REPSWITCH1_Fam/PICTURE_264.png'
283.4073 	EXP 	polygonWhiteFam: autoDraw = True
283.4073 	EXP 	imageFam: autoDraw = True
286.9008 	EXP 	textFam: autoDraw = True
289.4011 	EXP 	textFam: autoDraw = False
289.4358 	EXP 	polygonWhiteFam: autoDraw = False
289.4358 	EXP 	imageFam: autoDraw = False
289.4358 	EXP 	polygonWhiteFam: autoDraw = False
289.4358 	EXP 	imageFam: autoDraw = False
289.4358 	EXP 	textFam: autoDraw = False
289.4358 	EXP 	textBlankLoop: autoDraw = True
289.9292 	EXP 	New trial (rep=0, index=35): {'image': 'REPSWITCH1_Fam/PICTURE_599.png', 'correctAns': 'nube'}
289.9359 	EXP 	textBlankLoop: autoDraw = False
289.9359 	EXP 	textBlankLoop: autoDraw = False
289.9359 	EXP 	fixationITI: autoDraw = True
291.1236 	EXP 	fixationITI: autoDraw = False
291.1236 	EXP 	fixationITI: autoDraw = False
291.1236 	EXP 	imageFam: image = 'REPSWITCH1_Fam/PICTURE_599.png'
291.1236 	EXP 	polygonWhiteFam: autoDraw = True
291.1236 	EXP 	imageFam: autoDraw = True
294.6171 	EXP 	textFam: autoDraw = True
297.1174 	EXP 	textFam: autoDraw = False
297.1521 	EXP 	polygonWhiteFam: autoDraw = False
297.1521 	EXP 	imageFam: autoDraw = False
297.1521 	EXP 	polygonWhiteFam: autoDraw = False
297.1521 	EXP 	imageFam: autoDraw = False
297.1521 	EXP 	textFam: autoDraw = False
297.1521 	EXP 	textBlankLoop: autoDraw = True
297.6455 	EXP 	New trial (rep=0, index=36): {'image': 'REPSWITCH1_Fam/PICTURE_446.png', 'correctAns': 'cerdo'}
297.6522 	EXP 	textBlankLoop: autoDraw = False
297.6522 	EXP 	textBlankLoop: autoDraw = False
297.6522 	EXP 	fixationITI: autoDraw = True
298.8885 	EXP 	fixationITI: autoDraw = False
298.8885 	EXP 	fixationITI: autoDraw = False
298.8885 	EXP 	imageFam: image = 'REPSWITCH1_Fam/PICTURE_446.png'
298.8885 	EXP 	polygonWhiteFam: autoDraw = True
298.8885 	EXP 	imageFam: autoDraw = True
302.3820 	EXP 	textFam: autoDraw = True
304.8823 	EXP 	textFam: autoDraw = False
304.9170 	EXP 	polygonWhiteFam: autoDraw = False
304.9170 	EXP 	imageFam: autoDraw = False
304.9170 	EXP 	polygonWhiteFam: autoDraw = False
304.9170 	EXP 	imageFam: autoDraw = False
304.9170 	EXP 	textFam: autoDraw = False
304.9170 	EXP 	textBlankLoop: autoDraw = True
305.4105 	EXP 	New trial (rep=0, index=37): {'image': 'REPSWITCH1_Fam/PICTURE_30.png', 'correctAns': 'granja'}
305.4171 	EXP 	textBlankLoop: autoDraw = False
305.4171 	EXP 	textBlankLoop: autoDraw = False
305.4171 	EXP 	fixationITI: autoDraw = True
306.4589 	EXP 	fixationITI: autoDraw = False
306.4589 	EXP 	fixationITI: autoDraw = False
306.4589 	EXP 	imageFam: image = 'REPSWITCH1_Fam/PICTURE_30.png'
306.4589 	EXP 	polygonWhiteFam: autoDraw = True
306.4589 	EXP 	imageFam: autoDraw = True
309.9524 	EXP 	textFam: autoDraw = True
312.4527 	EXP 	textFam: autoDraw = False
312.4875 	EXP 	polygonWhiteFam: autoDraw = False
312.4875 	EXP 	imageFam: autoDraw = False
312.4875 	EXP 	polygonWhiteFam: autoDraw = False
312.4875 	EXP 	imageFam: autoDraw = False
312.4875 	EXP 	textFam: autoDraw = False
312.4875 	EXP 	textBlankLoop: autoDraw = True
312.9809 	EXP 	New trial (rep=0, index=38): {'image': 'REPSWITCH1_Fam/PICTURE_8.png', 'correctAns': 'pierna'}
312.9875 	EXP 	textBlankLoop: autoDraw = False
312.9875 	EXP 	textBlankLoop: autoDraw = False
312.9875 	EXP 	fixationITI: autoDraw = True
314.1544 	EXP 	fixationITI: autoDraw = False
314.1544 	EXP 	fixationITI: autoDraw = False
314.1544 	EXP 	imageFam: image = 'REPSWITCH1_Fam/PICTURE_8.png'
314.1544 	EXP 	polygonWhiteFam: autoDraw = True
314.1544 	EXP 	imageFam: autoDraw = True
317.6479 	EXP 	textFam: autoDraw = True
320.1482 	EXP 	textFam: autoDraw = False
320.1829 	EXP 	polygonWhiteFam: autoDraw = False
320.1829 	EXP 	imageFam: autoDraw = False
320.1829 	EXP 	polygonWhiteFam: autoDraw = False
320.1829 	EXP 	imageFam: autoDraw = False
320.1829 	EXP 	textFam: autoDraw = False
320.1829 	EXP 	textBlankLoop: autoDraw = True
320.6764 	EXP 	New trial (rep=0, index=39): {'image': 'REPSWITCH1_Fam/PICTURE_271.png', 'correctAns': 'conejo'}
320.6830 	EXP 	textBlankLoop: autoDraw = False
320.6830 	EXP 	textBlankLoop: autoDraw = False
320.6830 	EXP 	fixationITI: autoDraw = True
321.7179 	EXP 	fixationITI: autoDraw = False
321.7179 	EXP 	fixationITI: autoDraw = False
321.7179 	EXP 	imageFam: image = 'REPSWITCH1_Fam/PICTURE_271.png'
321.7179 	EXP 	polygonWhiteFam: autoDraw = True
321.7179 	EXP 	imageFam: autoDraw = True
325.2114 	EXP 	textFam: autoDraw = True
327.7117 	EXP 	textFam: autoDraw = False
327.7464 	EXP 	polygonWhiteFam: autoDraw = False
327.7464 	EXP 	imageFam: autoDraw = False
327.7464 	EXP 	polygonWhiteFam: autoDraw = False
327.7464 	EXP 	imageFam: autoDraw = False
327.7464 	EXP 	textFam: autoDraw = False
327.7464 	EXP 	textBlankLoop: autoDraw = True
328.2397 	EXP 	New trial (rep=0, index=40): {'image': 'REPSWITCH1_Fam/PICTURE_719.png', 'correctAns': 'baño'}
328.2465 	EXP 	textBlankLoop: autoDraw = False
328.2465 	EXP 	textBlankLoop: autoDraw = False
328.2465 	EXP 	fixationITI: autoDraw = True
329.3022 	EXP 	fixationITI: autoDraw = False
329.3022 	EXP 	fixationITI: autoDraw = False
329.3022 	EXP 	imageFam: image = 'REPSWITCH1_Fam/PICTURE_719.png'
329.3022 	EXP 	polygonWhiteFam: autoDraw = True
329.3022 	EXP 	imageFam: autoDraw = True
332.7957 	EXP 	textFam: autoDraw = True
335.2960 	EXP 	textFam: autoDraw = False
335.3307 	EXP 	polygonWhiteFam: autoDraw = False
335.3307 	EXP 	imageFam: autoDraw = False
335.3307 	EXP 	polygonWhiteFam: autoDraw = False
335.3307 	EXP 	imageFam: autoDraw = False
335.3307 	EXP 	textFam: autoDraw = False
335.3307 	EXP 	textBlankLoop: autoDraw = True
335.8241 	EXP 	New trial (rep=0, index=41): {'image': 'REPSWITCH1_Fam/PICTURE_320.png', 'correctAns': 'iglesia'}
335.8308 	EXP 	textBlankLoop: autoDraw = False
335.8308 	EXP 	textBlankLoop: autoDraw = False
335.8308 	EXP 	fixationITI: autoDraw = True
337.0046 	EXP 	fixationITI: autoDraw = False
337.0046 	EXP 	fixationITI: autoDraw = False
337.0046 	EXP 	imageFam: image = 'REPSWITCH1_Fam/PICTURE_320.png'
337.0046 	EXP 	polygonWhiteFam: autoDraw = True
337.0046 	EXP 	imageFam: autoDraw = True
340.4981 	EXP 	textFam: autoDraw = True
342.9984 	EXP 	textFam: autoDraw = False
343.0332 	EXP 	polygonWhiteFam: autoDraw = False
343.0332 	EXP 	imageFam: autoDraw = False
343.0332 	EXP 	polygonWhiteFam: autoDraw = False
343.0332 	EXP 	imageFam: autoDraw = False
343.0332 	EXP 	textFam: autoDraw = False
343.0332 	EXP 	textBlankLoop: autoDraw = True
343.5265 	EXP 	New trial (rep=0, index=42): {'image': 'REPSWITCH1_Fam/PICTURE_169.png', 'correctAns': 'espalda'}
343.5332 	EXP 	textBlankLoop: autoDraw = False
343.5332 	EXP 	textBlankLoop: autoDraw = False
343.5332 	EXP 	fixationITI: autoDraw = True
344.6028 	EXP 	fixationITI: autoDraw = False
344.6028 	EXP 	fixationITI: autoDraw = False
344.6028 	EXP 	imageFam: image = 'REPSWITCH1_Fam/PICTURE_169.png'
344.6028 	EXP 	polygonWhiteFam: autoDraw = True
344.6028 	EXP 	imageFam: autoDraw = True
348.0963 	EXP 	textFam: autoDraw = True
350.5967 	EXP 	textFam: autoDraw = False
350.6314 	EXP 	polygonWhiteFam: autoDraw = False
350.6314 	EXP 	imageFam: autoDraw = False
350.6314 	EXP 	polygonWhiteFam: autoDraw = False
350.6314 	EXP 	imageFam: autoDraw = False
350.6314 	EXP 	textFam: autoDraw = False
350.6314 	EXP 	textBlankLoop: autoDraw = True
351.1248 	EXP 	New trial (rep=0, index=43): {'image': 'REPSWITCH1_Fam/PICTURE_152.png', 'correctAns': 'caracol'}
351.1314 	EXP 	textBlankLoop: autoDraw = False
351.1314 	EXP 	textBlankLoop: autoDraw = False
351.1314 	EXP 	fixationITI: autoDraw = True
352.1941 	EXP 	fixationITI: autoDraw = False
352.1941 	EXP 	fixationITI: autoDraw = False
352.1941 	EXP 	imageFam: image = 'REPSWITCH1_Fam/PICTURE_152.png'
352.1941 	EXP 	polygonWhiteFam: autoDraw = True
352.1941 	EXP 	imageFam: autoDraw = True
355.6876 	EXP 	textFam: autoDraw = True
358.1879 	EXP 	textFam: autoDraw = False
358.2227 	EXP 	polygonWhiteFam: autoDraw = False
358.2227 	EXP 	imageFam: autoDraw = False
358.2227 	EXP 	polygonWhiteFam: autoDraw = False
358.2227 	EXP 	imageFam: autoDraw = False
358.2227 	EXP 	textFam: autoDraw = False
358.2227 	EXP 	textBlankLoop: autoDraw = True
358.7160 	EXP 	New trial (rep=0, index=44): {'image': 'REPSWITCH1_Fam/PICTURE_590.png', 'correctAns': 'escoba'}
358.7227 	EXP 	textBlankLoop: autoDraw = False
358.7227 	EXP 	textBlankLoop: autoDraw = False
358.7227 	EXP 	fixationITI: autoDraw = True
359.9104 	EXP 	fixationITI: autoDraw = False
359.9104 	EXP 	fixationITI: autoDraw = False
359.9104 	EXP 	imageFam: image = 'REPSWITCH1_Fam/PICTURE_590.png'
359.9104 	EXP 	polygonWhiteFam: autoDraw = True
359.9104 	EXP 	imageFam: autoDraw = True
363.4039 	EXP 	textFam: autoDraw = True
365.9042 	EXP 	textFam: autoDraw = False
365.9389 	EXP 	polygonWhiteFam: autoDraw = False
365.9389 	EXP 	imageFam: autoDraw = False
365.9389 	EXP 	polygonWhiteFam: autoDraw = False
365.9389 	EXP 	imageFam: autoDraw = False
365.9389 	EXP 	textFam: autoDraw = False
365.9389 	EXP 	textBlankLoop: autoDraw = True
366.4390 	EXP 	textBlankLoop: autoDraw = False
366.4390 	EXP 	textBlankLoop: autoDraw = False
366.4390 	EXP 	textboxEndFam: autoDraw = True
380.5368 	DATA 	Keypress: space
380.5380 	EXP 	textboxEndFam: autoDraw = False
380.5571 	EXP 	window1: mouseVisible = True
