22.3876 	EXP 	Created window1 = Window(allowGUI=True, allowStencil=False, autoLog=True, backendConf=UNKNOWN, bitsMode=UNKNOWN, blendMode='avg', bpc=(8, 8, 8), color=array([0, 0, 0]), colorSpace='rgb', depthBits=8, fullscr=<method-wrapper '__getattribute__' of attributeSetter object at 0x000001EC8E3B7A60>, gamma=None, gammaErrorPolicy='raise', lms=UNKNOWN, monitor=<psychopy.monitors.calibTools.Monitor object at 0x000001EC90343580>, multiSample=False, name='window1', numSamples=2, pos=(192, 108), screen=0, size=array([1536,  864]), stencilBits=0, stereo=False, units='height', useFBO=True, useRetina=False, viewOri=0.0, viewPos=None, viewScale=None, waitBlanking=True, winType='pyglet')
22.3878 	EXP 	window1: mouseVisible = True
22.3878 	EXP 	window1: mouseVisible = True
22.3879 	EXP 	window1: Attempting to measure frame rate of screen (0) ...
22.3879 	EXP 	window1: recordFrameIntervals = False
22.5540 	EXP 	window1: recordFrameIntervals = True
23.6682 	WARNING 	t of last frame was 1079.78ms (=1/0)
23.8384 	EXP 	Screen (0) actual frame rate measured at 58.95Hz
23.8385 	EXP 	window1: recordFrameIntervals = False
23.9054 	WARNING 	launchHubServer: If using the iohub mouse or eyetracker devices, fullScr should be True.
27.0245 	EXP 	Created textWelcomeFam = TextStim(__class__=<class 'psychopy.visual.text.TextStim'>, alignHoriz=method-wrapper(...), alignText='center', alignVert=method-wrapper(...), anchorHoriz='center', anchorVert='center', antialias=True, autoDraw=False, autoLog=True, bold=False, color=array([1, 1, 1]), colorSpace='rgb', contrast=1.0, depth=0.0, flipHoriz=False, flipVert=False, font='Open Sans', fontFiles=[], height=0.05, italic=False, languageStyle='LTR', name='textWelcomeFam', opacity=1.0, ori=0.0, pos=array([0., 0.]), rgb=UNKNOWN, text='Welcome to the experiment!', units='height', win=Window(...), wrapWidth=1)
27.0263 	EXP 	Created textBlank500 = TextStim(__class__=<class 'psychopy.visual.text.TextStim'>, alignHoriz=method-wrapper(...), alignText='center', alignVert=method-wrapper(...), anchorHoriz='center', anchorVert='center', antialias=True, autoDraw=False, autoLog=True, bold=False, color=array([1, 1, 1]), colorSpace='rgb', contrast=1.0, depth=0.0, flipHoriz=False, flipVert=False, font='Open Sans', fontFiles=[], height=0.05, italic=False, languageStyle='LTR', name='textBlank500', opacity=1.0, ori=0.0, pos=array([0., 0.]), rgb=UNKNOWN, text='', units='height', win=Window(...), wrapWidth=1)
27.0857 	EXP 	Created textInstrFam = TextStim(__class__=<class 'psychopy.visual.text.TextStim'>, alignHoriz=method-wrapper(...), alignText='center', alignVert=method-wrapper(...), anchorHoriz='center', anchorVert='center', antialias=True, autoDraw=False, autoLog=True, bold=False, color=array([1, 1, 1]), colorSpace='rgb', contrast=1.0, depth=0.0, flipHoriz=False, flipVert=False, font='Open Sans', fontFiles=[], height=0.05, italic=False, languageStyle='LTR', name='textInstrFam', opacity=1.0, ori=0.0, pos=array([0., 0.]), rgb=UNKNOWN, text=str(...), units='height', win=Window(...), wrapWidth=1)
27.0875 	EXP 	Created textBlank500 = TextStim(__class__=<class 'psychopy.visual.text.TextStim'>, alignHoriz=method-wrapper(...), alignText='center', alignVert=method-wrapper(...), anchorHoriz='center', anchorVert='center', antialias=True, autoDraw=False, autoLog=True, bold=False, color=array([1, 1, 1]), colorSpace='rgb', contrast=1.0, depth=0.0, flipHoriz=False, flipVert=False, font='Open Sans', fontFiles=[], height=0.05, italic=False, languageStyle='LTR', name='textBlank500', opacity=1.0, ori=0.0, pos=array([0., 0.]), rgb=UNKNOWN, text='', units='height', win=Window(...), wrapWidth=1)
27.0918 	EXP 	Created fixationITI = ShapeStim(__class__=<class 'psychopy.visual.shape.ShapeStim'>, anchor=('center', 'center'), autoDraw=False, autoLog=True, closeShape=True, color=method-wrapper(...), colorSpace='rgb', contrast=None, depth=0.0, fillColor=array([1, 1, 1]), fillColorSpace='rgb', fillRGB=array([1, 1, 1]), interpolate=True, lineColor=array([1, 1, 1]), lineColorSpace='rgb', lineRGB=array([1, 1, 1]), lineWidth=1.0, name='fixationITI', opacity=1.0, ori=0.0, pos=array([0., 0.]), size=array([0.1, 0.1]), units='height', vertices=ndarray(...), win=Window(...), windingRule=None)
27.0949 	EXP 	Created polygonWhiteFam = Rect(__class__=<class 'psychopy.visual.rect.Rect'>, anchor=('center', 'center'), autoDraw=False, autoLog=True, closeShape=True, color=method-wrapper(...), colorSpace='rgb', contrast=None, depth=0.0, fillColor=array([1, 1, 1]), fillColorSpace='rgb', fillRGB=array([1, 1, 1]), interpolate=True, lineColor=array([1, 1, 1]), lineColorSpace='rgb', lineRGB=array([1, 1, 1]), lineWidth=1.0, name='polygonWhiteFam', opacity=1.0, ori=0.0, pos=array([0., 0.]), size=array([0.5, 0.5]), units='height', vertices=ndarray(...), win=Window(...))
27.1119 	EXP 	Created imageFam = ImageStim(__class__=<class 'psychopy.visual.image.ImageStim'>, anchor=('center', 'center'), autoLog=True, color=array([1, 1, 1]), colorSpace='rgb', contrast=1.0, depth=-1.0, flipHoriz=False, flipVert=False, image='sin', interpolate=True, mask=None, maskParams=None, name='imageFam', opacity=1.0, ori=0.0, pos=array([0., 0.]), size=array([0.5, 0.5]), texRes=128.0, units='height', win=Window(...))
27.1131 	EXP 	Created textFam = TextStim(__class__=<class 'psychopy.visual.text.TextStim'>, alignHoriz=method-wrapper(...), alignText='center', alignVert=method-wrapper(...), anchorHoriz='center', anchorVert='center', antialias=True, autoDraw=False, autoLog=True, bold=False, color=array([1., 1., 1.]), colorSpace='rgb', contrast=1.0, depth=-2.0, flipHoriz=False, flipVert=False, font='Open Sans', fontFiles=[], height=0.05, italic=False, languageStyle='LTR', name='textFam', opacity=1.0, ori=0.0, pos=array([ 0. , -0.3]), rgb=UNKNOWN, text='', units='height', win=Window(...), wrapWidth=1)
27.2478 	EXP 	Created textBlank500 = TextStim(__class__=<class 'psychopy.visual.text.TextStim'>, alignHoriz=method-wrapper(...), alignText='center', alignVert=method-wrapper(...), anchorHoriz='center', anchorVert='center', antialias=True, autoDraw=False, autoLog=True, bold=False, color=array([1, 1, 1]), colorSpace='rgb', contrast=1.0, depth=0.0, flipHoriz=False, flipVert=False, font='Open Sans', fontFiles=[], height=0.05, italic=False, languageStyle='LTR', name='textBlank500', opacity=1.0, ori=0.0, pos=array([0., 0.]), rgb=UNKNOWN, text='', units='height', win=Window(...), wrapWidth=1)
27.2489 	EXP 	Created textBlank500 = TextStim(__class__=<class 'psychopy.visual.text.TextStim'>, alignHoriz=method-wrapper(...), alignText='center', alignVert=method-wrapper(...), anchorHoriz='center', anchorVert='center', antialias=True, autoDraw=False, autoLog=True, bold=False, color=array([1, 1, 1]), colorSpace='rgb', contrast=1.0, depth=0.0, flipHoriz=False, flipVert=False, font='Open Sans', fontFiles=[], height=0.05, italic=False, languageStyle='LTR', name='textBlank500', opacity=1.0, ori=0.0, pos=array([0., 0.]), rgb=UNKNOWN, text='', units='height', win=Window(...), wrapWidth=1)
27.2576 	EXP 	Created textEndFam = TextStim(__class__=<class 'psychopy.visual.text.TextStim'>, alignHoriz=method-wrapper(...), alignText='center', alignVert=method-wrapper(...), anchorHoriz='center', anchorVert='center', antialias=True, autoDraw=False, autoLog=True, bold=False, color=array([1, 1, 1]), colorSpace='rgb', contrast=1.0, depth=0.0, flipHoriz=False, flipVert=False, font='Open Sans', fontFiles=[], height=0.05, italic=False, languageStyle='LTR', name='textEndFam', opacity=1.0, ori=0.0, pos=array([0., 0.]), rgb=UNKNOWN, text=str(...), units='height', win=Window(...), wrapWidth=1)
27.2756 	EXP 	textWelcomeFam: autoDraw = True
29.2856 	EXP 	textWelcomeFam: autoDraw = False
29.2856 	EXP 	textBlank500: autoDraw = True
29.7867 	EXP 	textBlank500: autoDraw = False
29.7867 	EXP 	textInstrFam: autoDraw = True
30.2094 	DATA 	Keypress: space
30.2188 	EXP 	textInstrFam: autoDraw = False
30.2188 	EXP 	textBlank500: autoDraw = True
30.7507 	EXP 	Imported D:/GitHub/experiment1/repswitch_fam.xlsx as conditions, 32 conditions, 2 params
30.7576 	EXP 	Created sequence: random, trialTypes=32, nReps=1, seed=None
30.7586 	EXP 	New trial (rep=0, index=0): {'image': 'REPSWITCH1_Fam/PICTURE_687.png', 'correctAns': 'camisa'}
30.7833 	EXP 	textBlank500: autoDraw = False
30.7833 	EXP 	textBlank500: autoDraw = False
30.7833 	EXP 	fixationITI: autoDraw = True
32.3502 	EXP 	fixationITI: autoDraw = False
32.3502 	EXP 	fixationITI: autoDraw = False
32.3502 	EXP 	imageFam: image = 'REPSWITCH1_Fam/PICTURE_687.png'
32.3502 	EXP 	polygonWhiteFam: autoDraw = True
32.3502 	EXP 	imageFam: autoDraw = True
36.4994 	EXP 	textFam: autoDraw = True
39.0307 	EXP 	polygonWhiteFam: autoDraw = False
39.0307 	EXP 	imageFam: autoDraw = False
39.0307 	EXP 	textFam: autoDraw = False
39.0307 	EXP 	textBlank500: autoDraw = True
39.4827 	EXP 	New trial (rep=0, index=1): {'image': 'REPSWITCH1_Fam/PICTURE_728.png', 'correctAns': 'pulpo'}
39.4986 	EXP 	textBlank500: autoDraw = False
39.4986 	EXP 	fixationITI: autoDraw = True
40.8656 	EXP 	fixationITI: autoDraw = False
40.8656 	EXP 	fixationITI: autoDraw = False
40.8656 	EXP 	imageFam: image = 'REPSWITCH1_Fam/PICTURE_728.png'
40.8656 	EXP 	polygonWhiteFam: autoDraw = True
40.8656 	EXP 	imageFam: autoDraw = True
45.2471 	EXP 	textFam: autoDraw = True
47.7792 	EXP 	polygonWhiteFam: autoDraw = False
47.7792 	EXP 	imageFam: autoDraw = False
47.7792 	EXP 	textFam: autoDraw = False
47.7792 	EXP 	textBlank500: autoDraw = True
48.2318 	EXP 	New trial (rep=0, index=2): {'image': 'REPSWITCH1_Fam/PICTURE_610.png', 'correctAns': 'miel'}
48.2481 	EXP 	textBlank500: autoDraw = False
48.2481 	EXP 	fixationITI: autoDraw = True
49.4799 	EXP 	fixationITI: autoDraw = False
49.4799 	EXP 	fixationITI: autoDraw = False
49.4799 	EXP 	imageFam: image = 'REPSWITCH1_Fam/PICTURE_610.png'
49.4799 	EXP 	polygonWhiteFam: autoDraw = True
49.4799 	EXP 	imageFam: autoDraw = True
51.5684 	DATA 	Keypress: escape
52.4408 	EXP 	window1: mouseVisible = True
