11.3979 	EXP 	Created window1 = Window(allowGUI=True, allowStencil=False, autoLog=True, backendConf=UNKNOWN, bitsMode=UNKNOWN, blendMode='avg', bpc=(8, 8, 8), color=array([0, 0, 0]), colorSpace='rgb', depthBits=8, fullscr=<method-wrapper '__getattribute__' of attributeSetter object at 0x000001F12952AB20>, gamma=None, gammaErrorPolicy='raise', lms=UNKNOWN, monitor=<psychopy.monitors.calibTools.Monitor object at 0x000001F1299CB460>, multiSample=False, name='window1', numSamples=2, pos=(0, 0), screen=0, size=array([1920, 1080]), stencilBits=0, stereo=False, units='height', useFBO=True, useRetina=False, viewOri=0.0, viewPos=None, viewScale=None, waitBlanking=True, winType='pyglet')
11.3980 	EXP 	window1: mouseVisible = True
11.3980 	EXP 	window1: mouseVisible = False
11.3980 	EXP 	window1: Attempting to measure frame rate of screen (0) ...
11.3980 	EXP 	window1: recordFrameIntervals = False
11.4672 	EXP 	window1: recordFrameIntervals = True
11.5436 	EXP 	Screen (0) actual frame rate measured at 143.97Hz
11.5436 	EXP 	window1: recordFrameIntervals = False
12.9365 	EXP 	Created textWelcomeFam = TextStim(__class__=<class 'psychopy.visual.text.TextStim'>, alignHoriz=method-wrapper(...), alignText='center', alignVert=method-wrapper(...), anchorHoriz='center', anchorVert='center', antialias=True, autoDraw=False, autoLog=True, bold=False, color=array([1, 1, 1]), colorSpace='rgb', contrast=1.0, depth=0.0, flipHoriz=False, flipVert=False, font='Open Sans', fontFiles=[], height=0.05, italic=False, languageStyle='LTR', name='textWelcomeFam', opacity=1.0, ori=0.0, pos=array([0., 0.]), rgb=UNKNOWN, text='Bienvenido/a al experimento!', units='height', win=Window(...), wrapWidth=1)
12.9772 	EXP 	Created fixationITI = ShapeStim(__class__=<class 'psychopy.visual.shape.ShapeStim'>, anchor=('center', 'center'), autoDraw=False, autoLog=True, closeShape=True, color=method-wrapper(...), colorSpace='rgb', contrast=None, depth=0.0, fillColor=array([1, 1, 1]), fillColorSpace='rgb', fillRGB=array([1, 1, 1]), interpolate=True, lineColor=array([1, 1, 1]), lineColorSpace='rgb', lineRGB=array([1, 1, 1]), lineWidth=1.0, name='fixationITI', opacity=1.0, ori=0.0, pos=array([0., 0.]), size=array([0.1, 0.1]), units='height', vertices=ndarray(...), win=Window(...), windingRule=None)
12.9778 	EXP 	Created polygonWhiteFam = Rect(__class__=<class 'psychopy.visual.rect.Rect'>, anchor=('center', 'center'), autoDraw=False, autoLog=True, closeShape=True, color=method-wrapper(...), colorSpace='rgb', contrast=None, depth=0.0, fillColor=array([1, 1, 1]), fillColorSpace='rgb', fillRGB=array([1, 1, 1]), interpolate=True, lineColor=array([1, 1, 1]), lineColorSpace='rgb', lineRGB=array([1, 1, 1]), lineWidth=1.0, name='polygonWhiteFam', opacity=1.0, ori=0.0, pos=array([0., 0.]), size=array([0.5, 0.5]), units='height', vertices=ndarray(...), win=Window(...))
12.9806 	EXP 	Created imageFam = ImageStim(__class__=<class 'psychopy.visual.image.ImageStim'>, anchor=('center', 'center'), autoLog=True, color=array([1, 1, 1]), colorSpace='rgb', contrast=1.0, depth=-1.0, flipHoriz=False, flipVert=False, image='sin', interpolate=True, mask=None, maskParams=None, name='imageFam', opacity=1.0, ori=0.0, pos=array([0., 0.]), size=array([0.5, 0.5]), texRes=128.0, units='height', win=Window(...))
12.9810 	EXP 	Created textFam = TextStim(__class__=<class 'psychopy.visual.text.TextStim'>, alignHoriz=method-wrapper(...), alignText='center', alignVert=method-wrapper(...), anchorHoriz='center', anchorVert='center', antialias=True, autoDraw=False, autoLog=True, bold=False, color=array([1, 1, 1]), colorSpace='rgb', contrast=1.0, depth=-2.0, flipHoriz=False, flipVert=False, font='Open Sans', fontFiles=[], height=0.05, italic=False, languageStyle='LTR', name='textFam', opacity=1.0, ori=0.0, pos=array([ 0. , -0.3]), rgb=UNKNOWN, text='', units='height', win=Window(...), wrapWidth=1)
13.0307 	EXP 	Created textBlankLoop = TextStim(__class__=<class 'psychopy.visual.text.TextStim'>, alignHoriz=method-wrapper(...), alignText='center', alignVert=method-wrapper(...), anchorHoriz='center', anchorVert='center', antialias=True, autoDraw=False, autoLog=True, bold=False, color=array([1, 1, 1]), colorSpace='rgb', contrast=1.0, depth=0.0, flipHoriz=False, flipVert=False, font='Open Sans', fontFiles=[], height=0.05, italic=False, languageStyle='LTR', name='textBlankLoop', opacity=1.0, ori=0.0, pos=array([0., 0.]), rgb=UNKNOWN, text='', units='height', win=Window(...), wrapWidth=1)
13.0531 	EXP 	textboxInstrFam: autoLog = True
13.0531 	EXP 	textboxEndFam: autoLog = True
13.0531 	EXP 	textWelcomeFam: autoDraw = True
15.0510 	EXP 	textWelcomeFam: autoDraw = False
15.0510 	EXP 	textboxInstrFam: autoDraw = True
23.0872 	EXP 	Imported repswitch_fam.xlsx as conditions, 45 conditions, 2 params
23.0877 	EXP 	Created sequence: random, trialTypes=45, nReps=1, seed=None
23.0878 	EXP 	New trial (rep=0, index=0): {'image': 'REPSWITCH1_Fam/PICTURE_110.png', 'correctAns': 'mesa'}
23.0885 	DATA 	Keypress: space
23.0937 	EXP 	textboxInstrFam: autoDraw = False
23.0937 	EXP 	fixationITI: autoDraw = True
24.2327 	EXP 	fixationITI: autoDraw = False
24.2327 	EXP 	fixationITI: autoDraw = False
24.2327 	EXP 	imageFam: image = 'REPSWITCH1_Fam/PICTURE_110.png'
24.2327 	EXP 	polygonWhiteFam: autoDraw = True
24.2327 	EXP 	imageFam: autoDraw = True
27.7262 	EXP 	textFam: autoDraw = True
30.2265 	EXP 	textFam: autoDraw = False
30.2682 	EXP 	polygonWhiteFam: autoDraw = False
30.2682 	EXP 	imageFam: autoDraw = False
30.2682 	EXP 	polygonWhiteFam: autoDraw = False
30.2682 	EXP 	imageFam: autoDraw = False
30.2682 	EXP 	textFam: autoDraw = False
30.2682 	EXP 	textBlankLoop: autoDraw = True
30.7616 	EXP 	New trial (rep=0, index=1): {'image': 'REPSWITCH1_Fam/PICTURE_663.png', 'correctAns': 'columna'}
30.7683 	EXP 	textBlankLoop: autoDraw = False
30.7683 	EXP 	textBlankLoop: autoDraw = False
30.7683 	EXP 	fixationITI: autoDraw = True
31.8171 	EXP 	fixationITI: autoDraw = False
31.8171 	EXP 	fixationITI: autoDraw = False
31.8171 	EXP 	imageFam: image = 'REPSWITCH1_Fam/PICTURE_663.png'
31.8171 	EXP 	polygonWhiteFam: autoDraw = True
31.8171 	EXP 	imageFam: autoDraw = True
35.3105 	EXP 	textFam: autoDraw = True
37.8108 	EXP 	textFam: autoDraw = False
37.8456 	EXP 	polygonWhiteFam: autoDraw = False
37.8456 	EXP 	imageFam: autoDraw = False
37.8456 	EXP 	polygonWhiteFam: autoDraw = False
37.8456 	EXP 	imageFam: autoDraw = False
37.8456 	EXP 	textFam: autoDraw = False
37.8456 	EXP 	textBlankLoop: autoDraw = True
38.3391 	EXP 	New trial (rep=0, index=2): {'image': 'REPSWITCH1_Fam/PICTURE_242.png', 'correctAns': 'cartero'}
38.3457 	EXP 	textBlankLoop: autoDraw = False
38.3457 	EXP 	textBlankLoop: autoDraw = False
38.3457 	EXP 	fixationITI: autoDraw = True
39.3944 	EXP 	fixationITI: autoDraw = False
39.3944 	EXP 	fixationITI: autoDraw = False
39.3944 	EXP 	imageFam: image = 'REPSWITCH1_Fam/PICTURE_242.png'
39.3944 	EXP 	polygonWhiteFam: autoDraw = True
39.3944 	EXP 	imageFam: autoDraw = True
42.8880 	EXP 	textFam: autoDraw = True
45.3883 	EXP 	textFam: autoDraw = False
45.4229 	EXP 	polygonWhiteFam: autoDraw = False
45.4229 	EXP 	imageFam: autoDraw = False
45.4229 	EXP 	polygonWhiteFam: autoDraw = False
45.4229 	EXP 	imageFam: autoDraw = False
45.4229 	EXP 	textFam: autoDraw = False
45.4229 	EXP 	textBlankLoop: autoDraw = True
45.9163 	EXP 	New trial (rep=0, index=3): {'image': 'REPSWITCH1_Fam/PICTURE_576.png', 'correctAns': 'guante'}
45.9230 	EXP 	textBlankLoop: autoDraw = False
45.9230 	EXP 	textBlankLoop: autoDraw = False
45.9230 	EXP 	fixationITI: autoDraw = True
47.0759 	EXP 	fixationITI: autoDraw = False
47.0759 	EXP 	fixationITI: autoDraw = False
47.0759 	EXP 	imageFam: image = 'REPSWITCH1_Fam/PICTURE_576.png'
47.0759 	EXP 	polygonWhiteFam: autoDraw = True
47.0759 	EXP 	imageFam: autoDraw = True
50.5694 	EXP 	textFam: autoDraw = True
53.0698 	EXP 	textFam: autoDraw = False
53.1045 	EXP 	polygonWhiteFam: autoDraw = False
53.1045 	EXP 	imageFam: autoDraw = False
53.1045 	EXP 	polygonWhiteFam: autoDraw = False
53.1045 	EXP 	imageFam: autoDraw = False
53.1045 	EXP 	textFam: autoDraw = False
53.1045 	EXP 	textBlankLoop: autoDraw = True
53.5978 	EXP 	New trial (rep=0, index=4): {'image': 'REPSWITCH1_Fam/PICTURE_169.png', 'correctAns': 'espalda'}
53.6046 	EXP 	textBlankLoop: autoDraw = False
53.6046 	EXP 	textBlankLoop: autoDraw = False
53.6046 	EXP 	fixationITI: autoDraw = True
54.6672 	EXP 	fixationITI: autoDraw = False
54.6672 	EXP 	fixationITI: autoDraw = False
54.6672 	EXP 	imageFam: image = 'REPSWITCH1_Fam/PICTURE_169.png'
54.6672 	EXP 	polygonWhiteFam: autoDraw = True
54.6672 	EXP 	imageFam: autoDraw = True
58.1607 	EXP 	textFam: autoDraw = True
60.6610 	EXP 	textFam: autoDraw = False
60.6958 	EXP 	polygonWhiteFam: autoDraw = False
60.6958 	EXP 	imageFam: autoDraw = False
60.6958 	EXP 	polygonWhiteFam: autoDraw = False
60.6958 	EXP 	imageFam: autoDraw = False
60.6958 	EXP 	textFam: autoDraw = False
60.6958 	EXP 	textBlankLoop: autoDraw = True
61.1891 	EXP 	New trial (rep=0, index=5): {'image': 'REPSWITCH1_Fam/PICTURE_646.png', 'correctAns': 'tronco'}
61.1958 	EXP 	textBlankLoop: autoDraw = False
61.1958 	EXP 	textBlankLoop: autoDraw = False
61.1958 	EXP 	fixationITI: autoDraw = True
62.2793 	EXP 	fixationITI: autoDraw = False
62.2793 	EXP 	fixationITI: autoDraw = False
62.2793 	EXP 	imageFam: image = 'REPSWITCH1_Fam/PICTURE_646.png'
62.2793 	EXP 	polygonWhiteFam: autoDraw = True
62.2793 	EXP 	imageFam: autoDraw = True
65.7728 	EXP 	textFam: autoDraw = True
68.2731 	EXP 	textFam: autoDraw = False
68.3079 	EXP 	polygonWhiteFam: autoDraw = False
68.3079 	EXP 	imageFam: autoDraw = False
68.3079 	EXP 	polygonWhiteFam: autoDraw = False
68.3079 	EXP 	imageFam: autoDraw = False
68.3079 	EXP 	textFam: autoDraw = False
68.3079 	EXP 	textBlankLoop: autoDraw = True
68.8012 	EXP 	New trial (rep=0, index=6): {'image': 'REPSWITCH1_Fam/PICTURE_152.png', 'correctAns': 'caracol'}
68.8080 	EXP 	textBlankLoop: autoDraw = False
68.8080 	EXP 	textBlankLoop: autoDraw = False
68.8080 	EXP 	fixationITI: autoDraw = True
69.8567 	EXP 	fixationITI: autoDraw = False
69.8567 	EXP 	fixationITI: autoDraw = False
69.8567 	EXP 	imageFam: image = 'REPSWITCH1_Fam/PICTURE_152.png'
69.8567 	EXP 	polygonWhiteFam: autoDraw = True
69.8567 	EXP 	imageFam: autoDraw = True
73.3502 	EXP 	textFam: autoDraw = True
75.8505 	EXP 	textFam: autoDraw = False
75.8852 	EXP 	polygonWhiteFam: autoDraw = False
75.8852 	EXP 	imageFam: autoDraw = False
75.8852 	EXP 	polygonWhiteFam: autoDraw = False
75.8852 	EXP 	imageFam: autoDraw = False
75.8852 	EXP 	textFam: autoDraw = False
75.8852 	EXP 	textBlankLoop: autoDraw = True
76.3786 	EXP 	New trial (rep=0, index=7): {'image': 'REPSWITCH1_Fam/PICTURE_498.png', 'correctAns': 'taza'}
76.3853 	EXP 	textBlankLoop: autoDraw = False
76.3853 	EXP 	textBlankLoop: autoDraw = False
76.3853 	EXP 	fixationITI: autoDraw = True
77.4688 	EXP 	fixationITI: autoDraw = False
77.4688 	EXP 	fixationITI: autoDraw = False
77.4688 	EXP 	imageFam: image = 'REPSWITCH1_Fam/PICTURE_498.png'
77.4688 	EXP 	polygonWhiteFam: autoDraw = True
77.4688 	EXP 	imageFam: autoDraw = True
80.9623 	EXP 	textFam: autoDraw = True
83.4626 	EXP 	textFam: autoDraw = False
83.4974 	EXP 	polygonWhiteFam: autoDraw = False
83.4974 	EXP 	imageFam: autoDraw = False
83.4974 	EXP 	polygonWhiteFam: autoDraw = False
83.4974 	EXP 	imageFam: autoDraw = False
83.4974 	EXP 	textFam: autoDraw = False
83.4974 	EXP 	textBlankLoop: autoDraw = True
83.9908 	EXP 	New trial (rep=0, index=8): {'image': 'REPSWITCH1_Fam/PICTURE_614.png', 'correctAns': 'reina'}
83.9974 	EXP 	textBlankLoop: autoDraw = False
83.9974 	EXP 	textBlankLoop: autoDraw = False
83.9974 	EXP 	fixationITI: autoDraw = True
85.0184 	EXP 	fixationITI: autoDraw = False
85.0184 	EXP 	fixationITI: autoDraw = False
85.0184 	EXP 	imageFam: image = 'REPSWITCH1_Fam/PICTURE_614.png'
85.0184 	EXP 	polygonWhiteFam: autoDraw = True
85.0184 	EXP 	imageFam: autoDraw = True
88.5119 	EXP 	textFam: autoDraw = True
91.0122 	EXP 	textFam: autoDraw = False
91.0470 	EXP 	polygonWhiteFam: autoDraw = False
91.0470 	EXP 	imageFam: autoDraw = False
91.0470 	EXP 	polygonWhiteFam: autoDraw = False
91.0470 	EXP 	imageFam: autoDraw = False
91.0470 	EXP 	textFam: autoDraw = False
91.0470 	EXP 	textBlankLoop: autoDraw = True
91.5403 	EXP 	New trial (rep=0, index=9): {'image': 'REPSWITCH1_Fam/PICTURE_199.png', 'correctAns': 'falda'}
91.5470 	EXP 	textBlankLoop: autoDraw = False
91.5470 	EXP 	textBlankLoop: autoDraw = False
91.5470 	EXP 	fixationITI: autoDraw = True
92.6583 	EXP 	fixationITI: autoDraw = False
92.6583 	EXP 	fixationITI: autoDraw = False
92.6583 	EXP 	imageFam: image = 'REPSWITCH1_Fam/PICTURE_199.png'
92.6583 	EXP 	polygonWhiteFam: autoDraw = True
92.6583 	EXP 	imageFam: autoDraw = True
96.1518 	EXP 	textFam: autoDraw = True
98.6521 	EXP 	textFam: autoDraw = False
98.6868 	EXP 	polygonWhiteFam: autoDraw = False
98.6868 	EXP 	imageFam: autoDraw = False
98.6868 	EXP 	polygonWhiteFam: autoDraw = False
98.6868 	EXP 	imageFam: autoDraw = False
98.6868 	EXP 	textFam: autoDraw = False
98.6868 	EXP 	textBlankLoop: autoDraw = True
99.1803 	EXP 	New trial (rep=0, index=10): {'image': 'REPSWITCH1_Fam/PICTURE_320.png', 'correctAns': 'iglesia'}
99.1869 	EXP 	textBlankLoop: autoDraw = False
99.1869 	EXP 	textBlankLoop: autoDraw = False
99.1869 	EXP 	fixationITI: autoDraw = True
100.2982 	EXP 	fixationITI: autoDraw = False
100.2982 	EXP 	fixationITI: autoDraw = False
100.2982 	EXP 	imageFam: image = 'REPSWITCH1_Fam/PICTURE_320.png'
100.2982 	EXP 	polygonWhiteFam: autoDraw = True
100.2982 	EXP 	imageFam: autoDraw = True
103.7917 	EXP 	textFam: autoDraw = True
106.2920 	EXP 	textFam: autoDraw = False
106.3267 	EXP 	polygonWhiteFam: autoDraw = False
106.3267 	EXP 	imageFam: autoDraw = False
106.3267 	EXP 	polygonWhiteFam: autoDraw = False
106.3267 	EXP 	imageFam: autoDraw = False
106.3267 	EXP 	textFam: autoDraw = False
106.3267 	EXP 	textBlankLoop: autoDraw = True
106.8201 	EXP 	New trial (rep=0, index=11): {'image': 'REPSWITCH1_Fam/PICTURE_687.png', 'correctAns': 'camisa'}
106.8268 	EXP 	textBlankLoop: autoDraw = False
106.8268 	EXP 	textBlankLoop: autoDraw = False
106.8268 	EXP 	fixationITI: autoDraw = True
107.9797 	EXP 	fixationITI: autoDraw = False
107.9797 	EXP 	fixationITI: autoDraw = False
107.9797 	EXP 	imageFam: image = 'REPSWITCH1_Fam/PICTURE_687.png'
107.9797 	EXP 	polygonWhiteFam: autoDraw = True
107.9797 	EXP 	imageFam: autoDraw = True
111.4732 	EXP 	textFam: autoDraw = True
113.9736 	EXP 	textFam: autoDraw = False
114.0083 	EXP 	polygonWhiteFam: autoDraw = False
114.0083 	EXP 	imageFam: autoDraw = False
114.0083 	EXP 	polygonWhiteFam: autoDraw = False
114.0083 	EXP 	imageFam: autoDraw = False
114.0083 	EXP 	textFam: autoDraw = False
114.0083 	EXP 	textBlankLoop: autoDraw = True
114.5018 	EXP 	New trial (rep=0, index=12): {'image': 'REPSWITCH1_Fam/PICTURE_590.png', 'correctAns': 'escoba'}
114.5084 	EXP 	textBlankLoop: autoDraw = False
114.5084 	EXP 	textBlankLoop: autoDraw = False
114.5084 	EXP 	fixationITI: autoDraw = True
115.5502 	EXP 	fixationITI: autoDraw = False
115.5502 	EXP 	fixationITI: autoDraw = False
115.5502 	EXP 	imageFam: image = 'REPSWITCH1_Fam/PICTURE_590.png'
115.5502 	EXP 	polygonWhiteFam: autoDraw = True
115.5502 	EXP 	imageFam: autoDraw = True
119.0437 	EXP 	textFam: autoDraw = True
121.5440 	EXP 	textFam: autoDraw = False
121.5787 	EXP 	polygonWhiteFam: autoDraw = False
121.5787 	EXP 	imageFam: autoDraw = False
121.5787 	EXP 	polygonWhiteFam: autoDraw = False
121.5787 	EXP 	imageFam: autoDraw = False
121.5787 	EXP 	textFam: autoDraw = False
121.5787 	EXP 	textBlankLoop: autoDraw = True
122.0722 	EXP 	New trial (rep=0, index=13): {'image': 'REPSWITCH1_Fam/PICTURE_48.png', 'correctAns': 'bombero'}
122.0788 	EXP 	textBlankLoop: autoDraw = False
122.0788 	EXP 	textBlankLoop: autoDraw = False
122.0788 	EXP 	fixationITI: autoDraw = True
123.1831 	EXP 	fixationITI: autoDraw = False
123.1831 	EXP 	fixationITI: autoDraw = False
123.1831 	EXP 	imageFam: image = 'REPSWITCH1_Fam/PICTURE_48.png'
123.1831 	EXP 	polygonWhiteFam: autoDraw = True
123.1831 	EXP 	imageFam: autoDraw = True
126.6766 	EXP 	textFam: autoDraw = True
129.1769 	EXP 	textFam: autoDraw = False
129.2117 	EXP 	polygonWhiteFam: autoDraw = False
129.2117 	EXP 	imageFam: autoDraw = False
129.2117 	EXP 	polygonWhiteFam: autoDraw = False
129.2117 	EXP 	imageFam: autoDraw = False
129.2117 	EXP 	textFam: autoDraw = False
129.2117 	EXP 	textBlankLoop: autoDraw = True
129.7050 	EXP 	New trial (rep=0, index=14): {'image': 'REPSWITCH1_Fam/PICTURE_338.png', 'correctAns': 'regalo'}
129.7117 	EXP 	textBlankLoop: autoDraw = False
129.7117 	EXP 	textBlankLoop: autoDraw = False
129.7117 	EXP 	fixationITI: autoDraw = True
130.8091 	EXP 	fixationITI: autoDraw = False
130.8091 	EXP 	fixationITI: autoDraw = False
130.8091 	EXP 	imageFam: image = 'REPSWITCH1_Fam/PICTURE_338.png'
130.8091 	EXP 	polygonWhiteFam: autoDraw = True
130.8091 	EXP 	imageFam: autoDraw = True
134.3027 	EXP 	textFam: autoDraw = True
136.8029 	EXP 	textFam: autoDraw = False
136.8377 	EXP 	polygonWhiteFam: autoDraw = False
136.8377 	EXP 	imageFam: autoDraw = False
136.8377 	EXP 	polygonWhiteFam: autoDraw = False
136.8377 	EXP 	imageFam: autoDraw = False
136.8377 	EXP 	textFam: autoDraw = False
136.8377 	EXP 	textBlankLoop: autoDraw = True
137.3310 	EXP 	New trial (rep=0, index=15): {'image': 'REPSWITCH1_Fam/PICTURE_340.png', 'correctAns': 'espejo'}
137.3377 	EXP 	textBlankLoop: autoDraw = False
137.3377 	EXP 	textBlankLoop: autoDraw = False
137.3377 	EXP 	fixationITI: autoDraw = True
138.4490 	EXP 	fixationITI: autoDraw = False
138.4490 	EXP 	fixationITI: autoDraw = False
138.4490 	EXP 	imageFam: image = 'REPSWITCH1_Fam/PICTURE_340.png'
138.4490 	EXP 	polygonWhiteFam: autoDraw = True
138.4490 	EXP 	imageFam: autoDraw = True
141.9426 	EXP 	textFam: autoDraw = True
144.4428 	EXP 	textFam: autoDraw = False
144.4776 	EXP 	polygonWhiteFam: autoDraw = False
144.4776 	EXP 	imageFam: autoDraw = False
144.4776 	EXP 	polygonWhiteFam: autoDraw = False
144.4776 	EXP 	imageFam: autoDraw = False
144.4776 	EXP 	textFam: autoDraw = False
144.4776 	EXP 	textBlankLoop: autoDraw = True
144.9710 	EXP 	New trial (rep=0, index=16): {'image': 'REPSWITCH1_Fam/PICTURE_35.png', 'correctAns': 'oreja'}
144.9776 	EXP 	textBlankLoop: autoDraw = False
144.9776 	EXP 	textBlankLoop: autoDraw = False
144.9776 	EXP 	fixationITI: autoDraw = True
145.9986 	EXP 	fixationITI: autoDraw = False
145.9986 	EXP 	fixationITI: autoDraw = False
145.9986 	EXP 	imageFam: image = 'REPSWITCH1_Fam/PICTURE_35.png'
145.9986 	EXP 	polygonWhiteFam: autoDraw = True
145.9986 	EXP 	imageFam: autoDraw = True
149.4921 	EXP 	textFam: autoDraw = True
151.9924 	EXP 	textFam: autoDraw = False
152.0272 	EXP 	polygonWhiteFam: autoDraw = False
152.0272 	EXP 	imageFam: autoDraw = False
152.0272 	EXP 	polygonWhiteFam: autoDraw = False
152.0272 	EXP 	imageFam: autoDraw = False
152.0272 	EXP 	textFam: autoDraw = False
152.0272 	EXP 	textBlankLoop: autoDraw = True
152.5205 	EXP 	New trial (rep=0, index=17): {'image': 'REPSWITCH1_Fam/PICTURE_610.png', 'correctAns': 'miel'}
152.5272 	EXP 	textBlankLoop: autoDraw = False
152.5272 	EXP 	textBlankLoop: autoDraw = False
152.5272 	EXP 	fixationITI: autoDraw = True
153.6940 	EXP 	fixationITI: autoDraw = False
153.6940 	EXP 	fixationITI: autoDraw = False
153.6940 	EXP 	imageFam: image = 'REPSWITCH1_Fam/PICTURE_610.png'
153.6940 	EXP 	polygonWhiteFam: autoDraw = True
153.6940 	EXP 	imageFam: autoDraw = True
157.1876 	EXP 	textFam: autoDraw = True
159.6879 	EXP 	textFam: autoDraw = False
159.7226 	EXP 	polygonWhiteFam: autoDraw = False
159.7226 	EXP 	imageFam: autoDraw = False
159.7226 	EXP 	polygonWhiteFam: autoDraw = False
159.7226 	EXP 	imageFam: autoDraw = False
159.7226 	EXP 	textFam: autoDraw = False
159.7226 	EXP 	textBlankLoop: autoDraw = True
160.2160 	EXP 	New trial (rep=0, index=18): {'image': 'REPSWITCH1_Fam/PICTURE_271.png', 'correctAns': 'conejo'}
160.2227 	EXP 	textBlankLoop: autoDraw = False
160.2227 	EXP 	textBlankLoop: autoDraw = False
160.2227 	EXP 	fixationITI: autoDraw = True
161.2854 	EXP 	fixationITI: autoDraw = False
161.2854 	EXP 	fixationITI: autoDraw = False
161.2854 	EXP 	imageFam: image = 'REPSWITCH1_Fam/PICTURE_271.png'
161.2854 	EXP 	polygonWhiteFam: autoDraw = True
161.2854 	EXP 	imageFam: autoDraw = True
164.7788 	EXP 	textFam: autoDraw = True
167.2791 	EXP 	textFam: autoDraw = False
167.3139 	EXP 	polygonWhiteFam: autoDraw = False
167.3139 	EXP 	imageFam: autoDraw = False
167.3139 	EXP 	polygonWhiteFam: autoDraw = False
167.3139 	EXP 	imageFam: autoDraw = False
167.3139 	EXP 	textFam: autoDraw = False
167.3139 	EXP 	textBlankLoop: autoDraw = True
167.8072 	EXP 	New trial (rep=0, index=19): {'image': 'REPSWITCH1_Fam/PICTURE_391.png', 'correctAns': 'cadena'}
167.8139 	EXP 	textBlankLoop: autoDraw = False
167.8139 	EXP 	textBlankLoop: autoDraw = False
167.8139 	EXP 	fixationITI: autoDraw = True
168.9182 	EXP 	fixationITI: autoDraw = False
168.9182 	EXP 	fixationITI: autoDraw = False
168.9182 	EXP 	imageFam: image = 'REPSWITCH1_Fam/PICTURE_391.png'
168.9182 	EXP 	polygonWhiteFam: autoDraw = True
168.9182 	EXP 	imageFam: autoDraw = True
172.4118 	EXP 	textFam: autoDraw = True
174.9121 	EXP 	textFam: autoDraw = False
174.9469 	EXP 	polygonWhiteFam: autoDraw = False
174.9469 	EXP 	imageFam: autoDraw = False
174.9469 	EXP 	polygonWhiteFam: autoDraw = False
174.9469 	EXP 	imageFam: autoDraw = False
174.9469 	EXP 	textFam: autoDraw = False
174.9469 	EXP 	textBlankLoop: autoDraw = True
175.4402 	EXP 	New trial (rep=0, index=20): {'image': 'REPSWITCH1_Fam/PICTURE_128.png', 'correctAns': 'muñeca'}
175.4469 	EXP 	textBlankLoop: autoDraw = False
175.4469 	EXP 	textBlankLoop: autoDraw = False
175.4469 	EXP 	fixationITI: autoDraw = True
176.5165 	EXP 	fixationITI: autoDraw = False
176.5165 	EXP 	fixationITI: autoDraw = False
176.5165 	EXP 	imageFam: image = 'REPSWITCH1_Fam/PICTURE_128.png'
176.5165 	EXP 	polygonWhiteFam: autoDraw = True
176.5165 	EXP 	imageFam: autoDraw = True
180.0100 	EXP 	textFam: autoDraw = True
182.5103 	EXP 	textFam: autoDraw = False
182.5450 	EXP 	polygonWhiteFam: autoDraw = False
182.5450 	EXP 	imageFam: autoDraw = False
182.5450 	EXP 	polygonWhiteFam: autoDraw = False
182.5450 	EXP 	imageFam: autoDraw = False
182.5450 	EXP 	textFam: autoDraw = False
182.5450 	EXP 	textBlankLoop: autoDraw = True
183.0384 	EXP 	New trial (rep=0, index=21): {'image': 'REPSWITCH1_Fam/PICTURE_178.png', 'correctAns': 'puente'}
183.0451 	EXP 	textBlankLoop: autoDraw = False
183.0451 	EXP 	textBlankLoop: autoDraw = False
183.0451 	EXP 	fixationITI: autoDraw = True
184.0869 	EXP 	fixationITI: autoDraw = False
184.0869 	EXP 	fixationITI: autoDraw = False
184.0869 	EXP 	imageFam: image = 'REPSWITCH1_Fam/PICTURE_178.png'
184.0869 	EXP 	polygonWhiteFam: autoDraw = True
184.0869 	EXP 	imageFam: autoDraw = True
187.5804 	EXP 	textFam: autoDraw = True
190.0807 	EXP 	textFam: autoDraw = False
190.1155 	EXP 	polygonWhiteFam: autoDraw = False
190.1155 	EXP 	imageFam: autoDraw = False
190.1155 	EXP 	polygonWhiteFam: autoDraw = False
190.1155 	EXP 	imageFam: autoDraw = False
190.1155 	EXP 	textFam: autoDraw = False
190.1155 	EXP 	textBlankLoop: autoDraw = True
190.6088 	EXP 	New trial (rep=0, index=22): {'image': 'REPSWITCH1_Fam/PICTURE_30.png', 'correctAns': 'granja'}
190.6155 	EXP 	textBlankLoop: autoDraw = False
190.6155 	EXP 	textBlankLoop: autoDraw = False
190.6155 	EXP 	fixationITI: autoDraw = True
191.7407 	EXP 	fixationITI: autoDraw = False
191.7407 	EXP 	fixationITI: autoDraw = False
191.7407 	EXP 	imageFam: image = 'REPSWITCH1_Fam/PICTURE_30.png'
191.7407 	EXP 	polygonWhiteFam: autoDraw = True
191.7407 	EXP 	imageFam: autoDraw = True
195.2342 	EXP 	textFam: autoDraw = True
197.7345 	EXP 	textFam: autoDraw = False
197.7693 	EXP 	polygonWhiteFam: autoDraw = False
197.7693 	EXP 	imageFam: autoDraw = False
197.7693 	EXP 	polygonWhiteFam: autoDraw = False
197.7693 	EXP 	imageFam: autoDraw = False
197.7693 	EXP 	textFam: autoDraw = False
197.7693 	EXP 	textBlankLoop: autoDraw = True
198.2626 	EXP 	New trial (rep=0, index=23): {'image': 'REPSWITCH1_Fam/PICTURE_12.png', 'correctAns': 'sirena'}
198.2693 	EXP 	textBlankLoop: autoDraw = False
198.2693 	EXP 	textBlankLoop: autoDraw = False
198.2693 	EXP 	fixationITI: autoDraw = True
199.3528 	EXP 	fixationITI: autoDraw = False
199.3528 	EXP 	fixationITI: autoDraw = False
199.3528 	EXP 	imageFam: image = 'REPSWITCH1_Fam/PICTURE_12.png'
199.3528 	EXP 	polygonWhiteFam: autoDraw = True
199.3528 	EXP 	imageFam: autoDraw = True
202.8463 	EXP 	textFam: autoDraw = True
205.3466 	EXP 	textFam: autoDraw = False
205.3814 	EXP 	polygonWhiteFam: autoDraw = False
205.3814 	EXP 	imageFam: autoDraw = False
205.3814 	EXP 	polygonWhiteFam: autoDraw = False
205.3814 	EXP 	imageFam: autoDraw = False
205.3814 	EXP 	textFam: autoDraw = False
205.3814 	EXP 	textBlankLoop: autoDraw = True
205.8747 	EXP 	New trial (rep=0, index=24): {'image': 'REPSWITCH1_Fam/PICTURE_599.png', 'correctAns': 'nube'}
205.8814 	EXP 	textBlankLoop: autoDraw = False
205.8814 	EXP 	textBlankLoop: autoDraw = False
205.8814 	EXP 	fixationITI: autoDraw = True
206.9579 	EXP 	fixationITI: autoDraw = False
206.9579 	EXP 	fixationITI: autoDraw = False
206.9579 	EXP 	imageFam: image = 'REPSWITCH1_Fam/PICTURE_599.png'
206.9579 	EXP 	polygonWhiteFam: autoDraw = True
206.9579 	EXP 	imageFam: autoDraw = True
210.4514 	EXP 	textFam: autoDraw = True
212.9518 	EXP 	textFam: autoDraw = False
212.9866 	EXP 	polygonWhiteFam: autoDraw = False
212.9866 	EXP 	imageFam: autoDraw = False
212.9866 	EXP 	polygonWhiteFam: autoDraw = False
212.9866 	EXP 	imageFam: autoDraw = False
212.9866 	EXP 	textFam: autoDraw = False
212.9866 	EXP 	textBlankLoop: autoDraw = True
213.4799 	EXP 	New trial (rep=0, index=25): {'image': 'REPSWITCH1_Fam/PICTURE_446.png', 'correctAns': 'cerdo'}
213.4866 	EXP 	textBlankLoop: autoDraw = False
213.4866 	EXP 	textBlankLoop: autoDraw = False
213.4866 	EXP 	fixationITI: autoDraw = True
214.5978 	EXP 	fixationITI: autoDraw = False
214.5978 	EXP 	fixationITI: autoDraw = False
214.5978 	EXP 	imageFam: image = 'REPSWITCH1_Fam/PICTURE_446.png'
214.5978 	EXP 	polygonWhiteFam: autoDraw = True
214.5978 	EXP 	imageFam: autoDraw = True
218.0913 	EXP 	textFam: autoDraw = True
220.5917 	EXP 	textFam: autoDraw = False
220.6264 	EXP 	polygonWhiteFam: autoDraw = False
220.6264 	EXP 	imageFam: autoDraw = False
220.6264 	EXP 	polygonWhiteFam: autoDraw = False
220.6264 	EXP 	imageFam: autoDraw = False
220.6264 	EXP 	textFam: autoDraw = False
220.6264 	EXP 	textBlankLoop: autoDraw = True
221.1198 	EXP 	New trial (rep=0, index=26): {'image': 'REPSWITCH1_Fam/PICTURE_612.png', 'correctAns': 'rana'}
221.1265 	EXP 	textBlankLoop: autoDraw = False
221.1265 	EXP 	textBlankLoop: autoDraw = False
221.1265 	EXP 	fixationITI: autoDraw = True
222.3280 	EXP 	fixationITI: autoDraw = False
222.3280 	EXP 	fixationITI: autoDraw = False
222.3280 	EXP 	imageFam: image = 'REPSWITCH1_Fam/PICTURE_612.png'
222.3280 	EXP 	polygonWhiteFam: autoDraw = True
222.3280 	EXP 	imageFam: autoDraw = True
225.8215 	EXP 	textFam: autoDraw = True
228.3219 	EXP 	textFam: autoDraw = False
228.3566 	EXP 	polygonWhiteFam: autoDraw = False
228.3566 	EXP 	imageFam: autoDraw = False
228.3566 	EXP 	polygonWhiteFam: autoDraw = False
228.3566 	EXP 	imageFam: autoDraw = False
228.3566 	EXP 	textFam: autoDraw = False
228.3566 	EXP 	textBlankLoop: autoDraw = True
228.8499 	EXP 	New trial (rep=0, index=27): {'image': 'REPSWITCH1_Fam/PICTURE_517.png', 'correctAns': 'cuerda'}
228.8566 	EXP 	textBlankLoop: autoDraw = False
228.8566 	EXP 	textBlankLoop: autoDraw = False
228.8566 	EXP 	fixationITI: autoDraw = True
229.9749 	EXP 	fixationITI: autoDraw = False
229.9749 	EXP 	fixationITI: autoDraw = False
229.9749 	EXP 	imageFam: image = 'REPSWITCH1_Fam/PICTURE_517.png'
229.9749 	EXP 	polygonWhiteFam: autoDraw = True
229.9749 	EXP 	imageFam: autoDraw = True
233.4684 	EXP 	textFam: autoDraw = True
235.9687 	EXP 	textFam: autoDraw = False
236.0035 	EXP 	polygonWhiteFam: autoDraw = False
236.0035 	EXP 	imageFam: autoDraw = False
236.0035 	EXP 	polygonWhiteFam: autoDraw = False
236.0035 	EXP 	imageFam: autoDraw = False
236.0035 	EXP 	textFam: autoDraw = False
236.0035 	EXP 	textBlankLoop: autoDraw = True
236.4968 	EXP 	New trial (rep=0, index=28): {'image': 'REPSWITCH1_Fam/PICTURE_733.png', 'correctAns': 'gafas'}
236.5035 	EXP 	textBlankLoop: autoDraw = False
236.5035 	EXP 	textBlankLoop: autoDraw = False
236.5035 	EXP 	fixationITI: autoDraw = True
237.5661 	EXP 	fixationITI: autoDraw = False
237.5661 	EXP 	fixationITI: autoDraw = False
237.5661 	EXP 	imageFam: image = 'REPSWITCH1_Fam/PICTURE_733.png'
237.5661 	EXP 	polygonWhiteFam: autoDraw = True
237.5661 	EXP 	imageFam: autoDraw = True
241.0596 	EXP 	textFam: autoDraw = True
243.5599 	EXP 	textFam: autoDraw = False
243.5947 	EXP 	polygonWhiteFam: autoDraw = False
243.5947 	EXP 	imageFam: autoDraw = False
243.5947 	EXP 	polygonWhiteFam: autoDraw = False
243.5947 	EXP 	imageFam: autoDraw = False
243.5947 	EXP 	textFam: autoDraw = False
243.5947 	EXP 	textBlankLoop: autoDraw = True
244.0882 	EXP 	New trial (rep=0, index=29): {'image': 'REPSWITCH1_Fam/PICTURE_16.png', 'correctAns': 'cazador'}
244.0948 	EXP 	textBlankLoop: autoDraw = False
244.0948 	EXP 	textBlankLoop: autoDraw = False
244.0948 	EXP 	fixationITI: autoDraw = True
245.2546 	EXP 	fixationITI: autoDraw = False
245.2546 	EXP 	fixationITI: autoDraw = False
245.2546 	EXP 	imageFam: image = 'REPSWITCH1_Fam/PICTURE_16.png'
245.2546 	EXP 	polygonWhiteFam: autoDraw = True
245.2546 	EXP 	imageFam: autoDraw = True
248.7481 	EXP 	textFam: autoDraw = True
251.2485 	EXP 	textFam: autoDraw = False
251.2831 	EXP 	polygonWhiteFam: autoDraw = False
251.2831 	EXP 	imageFam: autoDraw = False
251.2831 	EXP 	polygonWhiteFam: autoDraw = False
251.2831 	EXP 	imageFam: autoDraw = False
251.2831 	EXP 	textFam: autoDraw = False
251.2831 	EXP 	textBlankLoop: autoDraw = True
251.7767 	EXP 	New trial (rep=0, index=30): {'image': 'REPSWITCH1_Fam/PICTURE_719.png', 'correctAns': 'baño'}
251.7833 	EXP 	textBlankLoop: autoDraw = False
251.7833 	EXP 	textBlankLoop: autoDraw = False
251.7833 	EXP 	fixationITI: autoDraw = True
253.0265 	EXP 	fixationITI: autoDraw = False
253.0265 	EXP 	fixationITI: autoDraw = False
253.0265 	EXP 	imageFam: image = 'REPSWITCH1_Fam/PICTURE_719.png'
253.0265 	EXP 	polygonWhiteFam: autoDraw = True
253.0265 	EXP 	imageFam: autoDraw = True
256.5200 	EXP 	textFam: autoDraw = True
259.0203 	EXP 	textFam: autoDraw = False
259.0550 	EXP 	polygonWhiteFam: autoDraw = False
259.0550 	EXP 	imageFam: autoDraw = False
259.0550 	EXP 	polygonWhiteFam: autoDraw = False
259.0550 	EXP 	imageFam: autoDraw = False
259.0550 	EXP 	textFam: autoDraw = False
259.0550 	EXP 	textBlankLoop: autoDraw = True
259.5484 	EXP 	New trial (rep=0, index=31): {'image': 'REPSWITCH1_Fam/PICTURE_464.png', 'correctAns': 'goma'}
259.5551 	EXP 	textBlankLoop: autoDraw = False
259.5551 	EXP 	textBlankLoop: autoDraw = False
259.5551 	EXP 	fixationITI: autoDraw = True
260.6317 	EXP 	fixationITI: autoDraw = False
260.6317 	EXP 	fixationITI: autoDraw = False
260.6317 	EXP 	imageFam: image = 'REPSWITCH1_Fam/PICTURE_464.png'
260.6317 	EXP 	polygonWhiteFam: autoDraw = True
260.6317 	EXP 	imageFam: autoDraw = True
264.1251 	EXP 	textFam: autoDraw = True
266.6255 	EXP 	textFam: autoDraw = False
266.6602 	EXP 	polygonWhiteFam: autoDraw = False
266.6602 	EXP 	imageFam: autoDraw = False
266.6602 	EXP 	polygonWhiteFam: autoDraw = False
266.6602 	EXP 	imageFam: autoDraw = False
266.6602 	EXP 	textFam: autoDraw = False
266.6602 	EXP 	textBlankLoop: autoDraw = True
267.1536 	EXP 	New trial (rep=0, index=32): {'image': 'REPSWITCH1_Fam/PICTURE_142.png', 'correctAns': 'vaso'}
267.1603 	EXP 	textBlankLoop: autoDraw = False
267.1603 	EXP 	textBlankLoop: autoDraw = False
267.1603 	EXP 	fixationITI: autoDraw = True
268.2299 	EXP 	fixationITI: autoDraw = False
268.2299 	EXP 	fixationITI: autoDraw = False
268.2299 	EXP 	imageFam: image = 'REPSWITCH1_Fam/PICTURE_142.png'
268.2299 	EXP 	polygonWhiteFam: autoDraw = True
268.2299 	EXP 	imageFam: autoDraw = True
271.7234 	EXP 	textFam: autoDraw = True
274.2237 	EXP 	textFam: autoDraw = False
274.2585 	EXP 	polygonWhiteFam: autoDraw = False
274.2585 	EXP 	imageFam: autoDraw = False
274.2585 	EXP 	polygonWhiteFam: autoDraw = False
274.2585 	EXP 	imageFam: autoDraw = False
274.2585 	EXP 	textFam: autoDraw = False
274.2585 	EXP 	textBlankLoop: autoDraw = True
274.7518 	EXP 	New trial (rep=0, index=33): {'image': 'REPSWITCH1_Fam/PICTURE_8.png', 'correctAns': 'pierna'}
274.7585 	EXP 	textBlankLoop: autoDraw = False
274.7585 	EXP 	textBlankLoop: autoDraw = False
274.7585 	EXP 	fixationITI: autoDraw = True
275.8072 	EXP 	fixationITI: autoDraw = False
275.8072 	EXP 	fixationITI: autoDraw = False
275.8072 	EXP 	imageFam: image = 'REPSWITCH1_Fam/PICTURE_8.png'
275.8072 	EXP 	polygonWhiteFam: autoDraw = True
275.8072 	EXP 	imageFam: autoDraw = True
279.3008 	EXP 	textFam: autoDraw = True
281.8010 	EXP 	textFam: autoDraw = False
281.8358 	EXP 	polygonWhiteFam: autoDraw = False
281.8358 	EXP 	imageFam: autoDraw = False
281.8358 	EXP 	polygonWhiteFam: autoDraw = False
281.8358 	EXP 	imageFam: autoDraw = False
281.8358 	EXP 	textFam: autoDraw = False
281.8358 	EXP 	textBlankLoop: autoDraw = True
282.3291 	EXP 	New trial (rep=0, index=34): {'image': 'REPSWITCH1_Fam/PICTURE_381.png', 'correctAns': 'fresa'}
282.3359 	EXP 	textBlankLoop: autoDraw = False
282.3359 	EXP 	textBlankLoop: autoDraw = False
282.3359 	EXP 	fixationITI: autoDraw = True
283.4888 	EXP 	fixationITI: autoDraw = False
283.4888 	EXP 	fixationITI: autoDraw = False
283.4888 	EXP 	imageFam: image = 'REPSWITCH1_Fam/PICTURE_381.png'
283.4888 	EXP 	polygonWhiteFam: autoDraw = True
283.4888 	EXP 	imageFam: autoDraw = True
286.9823 	EXP 	textFam: autoDraw = True
289.4826 	EXP 	textFam: autoDraw = False
289.5174 	EXP 	polygonWhiteFam: autoDraw = False
289.5174 	EXP 	imageFam: autoDraw = False
289.5174 	EXP 	polygonWhiteFam: autoDraw = False
289.5174 	EXP 	imageFam: autoDraw = False
289.5174 	EXP 	textFam: autoDraw = False
289.5174 	EXP 	textBlankLoop: autoDraw = True
290.0107 	EXP 	New trial (rep=0, index=35): {'image': 'REPSWITCH1_Fam/PICTURE_264.png', 'correctAns': 'mano'}
290.0174 	EXP 	textBlankLoop: autoDraw = False
290.0174 	EXP 	textBlankLoop: autoDraw = False
290.0174 	EXP 	fixationITI: autoDraw = True
291.0731 	EXP 	fixationITI: autoDraw = False
291.0731 	EXP 	fixationITI: autoDraw = False
291.0731 	EXP 	imageFam: image = 'REPSWITCH1_Fam/PICTURE_264.png'
291.0731 	EXP 	polygonWhiteFam: autoDraw = True
291.0731 	EXP 	imageFam: autoDraw = True
294.5666 	EXP 	textFam: autoDraw = True
297.0669 	EXP 	textFam: autoDraw = False
297.1017 	EXP 	polygonWhiteFam: autoDraw = False
297.1017 	EXP 	imageFam: autoDraw = False
297.1017 	EXP 	polygonWhiteFam: autoDraw = False
297.1017 	EXP 	imageFam: autoDraw = False
297.1017 	EXP 	textFam: autoDraw = False
297.1017 	EXP 	textBlankLoop: autoDraw = True
297.5950 	EXP 	New trial (rep=0, index=36): {'image': 'REPSWITCH1_Fam/PICTURE_673.png', 'correctAns': 'tenedor'}
297.6018 	EXP 	textBlankLoop: autoDraw = False
297.6018 	EXP 	textBlankLoop: autoDraw = False
297.6018 	EXP 	fixationITI: autoDraw = True
298.6575 	EXP 	fixationITI: autoDraw = False
298.6575 	EXP 	fixationITI: autoDraw = False
298.6575 	EXP 	imageFam: image = 'REPSWITCH1_Fam/PICTURE_673.png'
298.6575 	EXP 	polygonWhiteFam: autoDraw = True
298.6575 	EXP 	imageFam: autoDraw = True
302.1510 	EXP 	textFam: autoDraw = True
304.6513 	EXP 	textFam: autoDraw = False
304.6860 	EXP 	polygonWhiteFam: autoDraw = False
304.6860 	EXP 	imageFam: autoDraw = False
304.6860 	EXP 	polygonWhiteFam: autoDraw = False
304.6860 	EXP 	imageFam: autoDraw = False
304.6860 	EXP 	textFam: autoDraw = False
304.6860 	EXP 	textBlankLoop: autoDraw = True
305.1795 	EXP 	New trial (rep=0, index=37): {'image': 'REPSWITCH1_Fam/PICTURE_728.png', 'correctAns': 'pulpo'}
305.1861 	EXP 	textBlankLoop: autoDraw = False
305.1861 	EXP 	textBlankLoop: autoDraw = False
305.1861 	EXP 	fixationITI: autoDraw = True
306.3529 	EXP 	fixationITI: autoDraw = False
306.3529 	EXP 	fixationITI: autoDraw = False
306.3529 	EXP 	imageFam: image = 'REPSWITCH1_Fam/PICTURE_728.png'
306.3529 	EXP 	polygonWhiteFam: autoDraw = True
306.3529 	EXP 	imageFam: autoDraw = True
309.8464 	EXP 	textFam: autoDraw = True
312.3467 	EXP 	textFam: autoDraw = False
312.3815 	EXP 	polygonWhiteFam: autoDraw = False
312.3815 	EXP 	imageFam: autoDraw = False
312.3815 	EXP 	polygonWhiteFam: autoDraw = False
312.3815 	EXP 	imageFam: autoDraw = False
312.3815 	EXP 	textFam: autoDraw = False
312.3815 	EXP 	textBlankLoop: autoDraw = True
312.8748 	EXP 	New trial (rep=0, index=38): {'image': 'REPSWITCH1_Fam/PICTURE_19.png', 'correctAns': 'pavo'}
312.8815 	EXP 	textBlankLoop: autoDraw = False
312.8815 	EXP 	textBlankLoop: autoDraw = False
312.8815 	EXP 	fixationITI: autoDraw = True
314.0067 	EXP 	fixationITI: autoDraw = False
314.0067 	EXP 	fixationITI: autoDraw = False
314.0067 	EXP 	imageFam: image = 'REPSWITCH1_Fam/PICTURE_19.png'
314.0067 	EXP 	polygonWhiteFam: autoDraw = True
314.0067 	EXP 	imageFam: autoDraw = True
317.5002 	EXP 	textFam: autoDraw = True
320.0005 	EXP 	textFam: autoDraw = False
320.0353 	EXP 	polygonWhiteFam: autoDraw = False
320.0353 	EXP 	imageFam: autoDraw = False
320.0353 	EXP 	polygonWhiteFam: autoDraw = False
320.0353 	EXP 	imageFam: autoDraw = False
320.0353 	EXP 	textFam: autoDraw = False
320.0353 	EXP 	textBlankLoop: autoDraw = True
320.5286 	EXP 	New trial (rep=0, index=39): {'image': 'REPSWITCH1_Fam/PICTURE_235.png', 'correctAns': 'aguja'}
320.5353 	EXP 	textBlankLoop: autoDraw = False
320.5353 	EXP 	textBlankLoop: autoDraw = False
320.5353 	EXP 	fixationITI: autoDraw = True
321.5841 	EXP 	fixationITI: autoDraw = False
321.5841 	EXP 	fixationITI: autoDraw = False
321.5841 	EXP 	imageFam: image = 'REPSWITCH1_Fam/PICTURE_235.png'
321.5841 	EXP 	polygonWhiteFam: autoDraw = True
321.5841 	EXP 	imageFam: autoDraw = True
325.0776 	EXP 	textFam: autoDraw = True
327.5779 	EXP 	textFam: autoDraw = False
327.6126 	EXP 	polygonWhiteFam: autoDraw = False
327.6126 	EXP 	imageFam: autoDraw = False
327.6126 	EXP 	polygonWhiteFam: autoDraw = False
327.6126 	EXP 	imageFam: autoDraw = False
327.6126 	EXP 	textFam: autoDraw = False
327.6126 	EXP 	textBlankLoop: autoDraw = True
328.1059 	EXP 	New trial (rep=0, index=40): {'image': 'REPSWITCH1_Fam/PICTURE_319.png', 'correctAns': 'vaca'}
328.1127 	EXP 	textBlankLoop: autoDraw = False
328.1127 	EXP 	textBlankLoop: autoDraw = False
328.1127 	EXP 	fixationITI: autoDraw = True
329.2656 	EXP 	fixationITI: autoDraw = False
329.2656 	EXP 	fixationITI: autoDraw = False
329.2656 	EXP 	imageFam: image = 'REPSWITCH1_Fam/PICTURE_319.png'
329.2656 	EXP 	polygonWhiteFam: autoDraw = True
329.2656 	EXP 	imageFam: autoDraw = True
332.7591 	EXP 	textFam: autoDraw = True
335.2594 	EXP 	textFam: autoDraw = False
335.2942 	EXP 	polygonWhiteFam: autoDraw = False
335.2942 	EXP 	imageFam: autoDraw = False
335.2942 	EXP 	polygonWhiteFam: autoDraw = False
335.2942 	EXP 	imageFam: autoDraw = False
335.2942 	EXP 	textFam: autoDraw = False
335.2942 	EXP 	textBlankLoop: autoDraw = True
335.7876 	EXP 	New trial (rep=0, index=41): {'image': 'REPSWITCH1_Fam/PICTURE_552.png', 'correctAns': 'manzana'}
335.7943 	EXP 	textBlankLoop: autoDraw = False
335.7943 	EXP 	textBlankLoop: autoDraw = False
335.7943 	EXP 	fixationITI: autoDraw = True
336.9056 	EXP 	fixationITI: autoDraw = False
336.9056 	EXP 	fixationITI: autoDraw = False
336.9056 	EXP 	imageFam: image = 'REPSWITCH1_Fam/PICTURE_552.png'
336.9056 	EXP 	polygonWhiteFam: autoDraw = True
336.9056 	EXP 	imageFam: autoDraw = True
340.3990 	EXP 	textFam: autoDraw = True
342.8993 	EXP 	textFam: autoDraw = False
342.9340 	EXP 	polygonWhiteFam: autoDraw = False
342.9340 	EXP 	imageFam: autoDraw = False
342.9340 	EXP 	polygonWhiteFam: autoDraw = False
342.9340 	EXP 	imageFam: autoDraw = False
342.9340 	EXP 	textFam: autoDraw = False
342.9340 	EXP 	textBlankLoop: autoDraw = True
343.4276 	EXP 	New trial (rep=0, index=42): {'image': 'REPSWITCH1_Fam/PICTURE_175.png', 'correctAns': 'pintor'}
343.4341 	EXP 	textBlankLoop: autoDraw = False
343.4341 	EXP 	textBlankLoop: autoDraw = False
343.4341 	EXP 	fixationITI: autoDraw = True
344.5038 	EXP 	fixationITI: autoDraw = False
344.5038 	EXP 	fixationITI: autoDraw = False
344.5038 	EXP 	imageFam: image = 'REPSWITCH1_Fam/PICTURE_175.png'
344.5038 	EXP 	polygonWhiteFam: autoDraw = True
344.5038 	EXP 	imageFam: autoDraw = True
347.9973 	EXP 	textFam: autoDraw = True
350.4975 	EXP 	textFam: autoDraw = False
350.5323 	EXP 	polygonWhiteFam: autoDraw = False
350.5323 	EXP 	imageFam: autoDraw = False
350.5323 	EXP 	polygonWhiteFam: autoDraw = False
350.5323 	EXP 	imageFam: autoDraw = False
350.5323 	EXP 	textFam: autoDraw = False
350.5323 	EXP 	textBlankLoop: autoDraw = True
351.0258 	EXP 	New trial (rep=0, index=43): {'image': 'REPSWITCH1_Fam/PICTURE_570.png', 'correctAns': 'toro'}
351.0324 	EXP 	textBlankLoop: autoDraw = False
351.0324 	EXP 	textBlankLoop: autoDraw = False
351.0324 	EXP 	fixationITI: autoDraw = True
352.0741 	EXP 	fixationITI: autoDraw = False
352.0741 	EXP 	fixationITI: autoDraw = False
352.0741 	EXP 	imageFam: image = 'REPSWITCH1_Fam/PICTURE_570.png'
352.0741 	EXP 	polygonWhiteFam: autoDraw = True
352.0741 	EXP 	imageFam: autoDraw = True
355.5677 	EXP 	textFam: autoDraw = True
358.0680 	EXP 	textFam: autoDraw = False
358.1027 	EXP 	polygonWhiteFam: autoDraw = False
358.1027 	EXP 	imageFam: autoDraw = False
358.1027 	EXP 	polygonWhiteFam: autoDraw = False
358.1027 	EXP 	imageFam: autoDraw = False
358.1027 	EXP 	textFam: autoDraw = False
358.1027 	EXP 	textBlankLoop: autoDraw = True
358.5960 	EXP 	New trial (rep=0, index=44): {'image': 'REPSWITCH1_Fam/PICTURE_135.png', 'correctAns': 'traje'}
358.6028 	EXP 	textBlankLoop: autoDraw = False
358.6028 	EXP 	textBlankLoop: autoDraw = False
358.6028 	EXP 	fixationITI: autoDraw = True
359.7279 	EXP 	fixationITI: autoDraw = False
359.7279 	EXP 	fixationITI: autoDraw = False
359.7279 	EXP 	imageFam: image = 'REPSWITCH1_Fam/PICTURE_135.png'
359.7279 	EXP 	polygonWhiteFam: autoDraw = True
359.7279 	EXP 	imageFam: autoDraw = True
363.2214 	EXP 	textFam: autoDraw = True
365.7218 	EXP 	textFam: autoDraw = False
365.7565 	EXP 	polygonWhiteFam: autoDraw = False
365.7565 	EXP 	imageFam: autoDraw = False
365.7565 	EXP 	polygonWhiteFam: autoDraw = False
365.7565 	EXP 	imageFam: autoDraw = False
365.7565 	EXP 	textFam: autoDraw = False
365.7565 	EXP 	textBlankLoop: autoDraw = True
366.2565 	EXP 	textBlankLoop: autoDraw = False
366.2565 	EXP 	textBlankLoop: autoDraw = False
366.2565 	EXP 	textboxEndFam: autoDraw = True
369.6933 	DATA 	Keypress: space
369.6945 	EXP 	textboxEndFam: autoDraw = False
369.7262 	EXP 	window1: mouseVisible = True
