8.3124 	EXP 	Created window1 = Window(allowGUI=True, allowStencil=False, autoLog=True, backendConf=UNKNOWN, bitsMode=UNKNOWN, blendMode='avg', bpc=(8, 8, 8), color=array([0, 0, 0]), colorSpace='rgb', depthBits=8, fullscr=<method-wrapper '__getattribute__' of attributeSetter object at 0x0000022D3F7DDC10>, gamma=None, gammaErrorPolicy='raise', lms=UNKNOWN, monitor=<psychopy.monitors.calibTools.Monitor object at 0x0000022D45C75580>, multiSample=False, name='window1', numSamples=2, pos=(0, 0), screen=0, size=array([1920, 1080]), stencilBits=0, stereo=False, units='height', useFBO=True, useRetina=False, viewOri=0.0, viewPos=None, viewScale=None, waitBlanking=True, winType='pyglet')
8.3125 	EXP 	window1: mouseVisible = True
8.3125 	EXP 	window1: mouseVisible = False
8.3125 	EXP 	window1: Attempting to measure frame rate of screen (0) ...
8.3125 	EXP 	window1: recordFrameIntervals = False
8.3817 	EXP 	window1: recordFrameIntervals = True
8.4581 	EXP 	Screen (0) actual frame rate measured at 143.95Hz
8.4581 	EXP 	window1: recordFrameIntervals = False
9.7546 	EXP 	Created fixationITI = ShapeStim(__class__=<class 'psychopy.visual.shape.ShapeStim'>, anchor=('center', 'center'), autoDraw=False, autoLog=True, closeShape=True, color=method-wrapper(...), colorSpace='rgb', contrast=None, depth=0.0, fillColor=array([1, 1, 1]), fillColorSpace='rgb', fillRGB=array([1, 1, 1]), interpolate=True, lineColor=array([1, 1, 1]), lineColorSpace='rgb', lineRGB=array([1, 1, 1]), lineWidth=1.0, name='fixationITI', opacity=1.0, ori=0.0, pos=array([0., 0.]), size=array([0.1, 0.1]), units='height', vertices=ndarray(...), win=Window(...), windingRule=None)
9.7552 	EXP 	Created polygonCol_2 = Rect(__class__=<class 'psychopy.visual.rect.Rect'>, anchor=('center', 'center'), autoDraw=False, autoLog=True, closeShape=True, color=method-wrapper(...), colorSpace='rgb', contrast=None, depth=0.0, fillColor=array([1, 1, 1]), fillColorSpace='rgb', fillRGB=array([1, 1, 1]), interpolate=True, lineColor=array([1, 1, 1]), lineColorSpace='rgb', lineRGB=array([1, 1, 1]), lineWidth=1.0, name='polygonCol_2', opacity=1.0, ori=0.0, pos=array([0., 0.]), size=array([0.55, 0.55]), units='height', vertices=ndarray(...), win=Window(...))
9.7558 	EXP 	Created polygonWh_2 = Rect(__class__=<class 'psychopy.visual.rect.Rect'>, anchor=('center', 'center'), autoDraw=False, autoLog=True, closeShape=True, color=method-wrapper(...), colorSpace='rgb', contrast=None, depth=-1.0, fillColor=array([1, 1, 1]), fillColorSpace='rgb', fillRGB=array([1, 1, 1]), interpolate=True, lineColor=array([1, 1, 1]), lineColorSpace='rgb', lineRGB=array([1, 1, 1]), lineWidth=1.0, name='polygonWh_2', opacity=1.0, ori=0.0, pos=array([0., 0.]), size=array([0.5, 0.5]), units='height', vertices=ndarray(...), win=Window(...))
9.7590 	EXP 	Created imagePractice_2 = ImageStim(__class__=<class 'psychopy.visual.image.ImageStim'>, anchor=('center', 'center'), autoLog=True, color=array([1, 1, 1]), colorSpace='rgb', contrast=1.0, depth=-2.0, flipHoriz=False, flipVert=False, image='sin', interpolate=True, mask=None, maskParams=None, name='imagePractice_2', opacity=1.0, ori=0.0, pos=array([0., 0.]), size=array([0.5, 0.5]), texRes=128.0, units='height', win=Window(...))
9.7596 	EXP 	Created polygonText_2 = Rect(__class__=<class 'psychopy.visual.rect.Rect'>, anchor=('center', 'center'), autoDraw=False, autoLog=True, closeShape=True, color=method-wrapper(...), colorSpace='rgb', contrast=None, depth=-3.0, fillColor=array([0.9216, 0.9216, 0.9216]), fillColorSpace='rgb', fillRGB=array([0.9216, 0.9216, 0.9216]), interpolate=True, lineColor=array([0.9216, 0.9216, 0.9216]), lineColorSpace='rgb', lineRGB=array([0.9216, 0.9216, 0.9216]), lineWidth=1.0, name='polygonText_2', opacity=1.0, ori=0.0, pos=array([0., 0.]), size=array([0.2, 0.1]), units='height', vertices=ndarray(...), win=Window(...))
9.7724 	EXP 	Created textPractice_2 = TextStim(__class__=<class 'psychopy.visual.text.TextStim'>, alignHoriz=method-wrapper(...), alignText='center', alignVert=method-wrapper(...), anchorHoriz='center', anchorVert='center', antialias=True, autoDraw=False, autoLog=True, bold=False, color=array([-1., -1., -1.]), colorSpace='rgb', contrast=1.0, depth=-4.0, flipHoriz=False, flipVert=False, font='Open Sans', fontFiles=[], height=0.05, italic=False, languageStyle='LTR', name='textPractice_2', opacity=1.0, ori=0.0, pos=array([0., 0.]), rgb=UNKNOWN, text='', units='height', win=Window(...), wrapWidth=1)
9.8439 	EXP 	Created textBlankLoop = TextStim(__class__=<class 'psychopy.visual.text.TextStim'>, alignHoriz=method-wrapper(...), alignText='center', alignVert=method-wrapper(...), anchorHoriz='center', anchorVert='center', antialias=True, autoDraw=False, autoLog=True, bold=False, color=array([1, 1, 1]), colorSpace='rgb', contrast=1.0, depth=0.0, flipHoriz=False, flipVert=False, font='Open Sans', fontFiles=[], height=0.05, italic=False, languageStyle='LTR', name='textBlankLoop', opacity=1.0, ori=0.0, pos=array([0., 0.]), rgb=UNKNOWN, text='', units='height', win=Window(...), wrapWidth=1)
9.8739 	EXP 	textboxInstrPractice_2: autoLog = True
9.8739 	EXP 	textboxInstrPractice_2_2: autoLog = True
9.8739 	EXP 	textboxInstrPractice_2_3: autoLog = True
9.8739 	EXP 	textboxInstrPractice_2_4: autoLog = True
9.8739 	EXP 	textboxInstrPractice_2_5: autoLog = True
9.8739 	EXP 	textboxInstrPractice_2_6: autoLog = True
9.8739 	EXP 	textboxInstrPractice_2_7: autoLog = True
9.8739 	EXP 	textboxInstrPractice_2_8: autoLog = True
9.8739 	EXP 	textboxInstrPractice_2_9: autoLog = True
9.8739 	EXP 	textboxInstrPractice_2_10: autoLog = True
9.8739 	EXP 	textboxInstrPractice_2_11: autoLog = True
9.8739 	EXP 	textboxInstrPractice_2_12: autoLog = True
9.8739 	EXP 	textboxEndPractice_2: autoLog = True
9.8739 	EXP 	textboxInstrPractice_2: autoDraw = True
9.8739 	EXP 	textboxInstrPractice_2_2: autoDraw = True
9.8739 	EXP 	textboxInstrPractice_2_3: autoDraw = True
9.8739 	EXP 	textboxInstrPractice_2_4: autoDraw = True
9.8739 	EXP 	textboxInstrPractice_2_5: autoDraw = True
9.8739 	EXP 	textboxInstrPractice_2_6: autoDraw = True
9.8739 	EXP 	textboxInstrPractice_2_7: autoDraw = True
9.8739 	EXP 	textboxInstrPractice_2_8: autoDraw = True
9.8739 	EXP 	textboxInstrPractice_2_9: autoDraw = True
9.8739 	EXP 	textboxInstrPractice_2_10: autoDraw = True
9.8739 	EXP 	textboxInstrPractice_2_11: autoDraw = True
9.8739 	EXP 	textboxInstrPractice_2_12: autoDraw = True
14.0616 	DATA 	Keypress: space
14.0672 	EXP 	Imported repswitch_practice2_version1.xlsx as conditions, 12 conditions, 4 params
14.0675 	EXP 	Created sequence: sequential, trialTypes=12, nReps=1, seed=None
14.0677 	EXP 	New trial (rep=0, index=0): {'image': 'REPSWITCH1_Practice/PICTURE_12.png', 'correctAns': 'sirena', 'respModal': 'SPEAK', 'frameColor': 'gold'}
14.0699 	EXP 	textboxInstrPractice_2: autoDraw = False
14.0699 	EXP 	textboxInstrPractice_2_2: autoDraw = False
14.0699 	EXP 	textboxInstrPractice_2_3: autoDraw = False
14.0699 	EXP 	textboxInstrPractice_2_4: autoDraw = False
14.0699 	EXP 	textboxInstrPractice_2_5: autoDraw = False
14.0699 	EXP 	textboxInstrPractice_2_6: autoDraw = False
14.0699 	EXP 	textboxInstrPractice_2_7: autoDraw = False
14.0699 	EXP 	textboxInstrPractice_2_8: autoDraw = False
14.0699 	EXP 	textboxInstrPractice_2_9: autoDraw = False
14.0699 	EXP 	textboxInstrPractice_2_10: autoDraw = False
14.0699 	EXP 	textboxInstrPractice_2_11: autoDraw = False
14.0699 	EXP 	textboxInstrPractice_2_12: autoDraw = False
14.0699 	EXP 	fixationITI: autoDraw = True
15.2507 	EXP 	fixationITI: autoDraw = False
15.2507 	EXP 	fixationITI: autoDraw = False
15.2507 	EXP 	polygonCol_2: fillColor = <psychopy.colors.Color: gold, alpha=1.0>
15.2507 	EXP 	polygonCol_2: borderColor = <psychopy.colors.Color: gold, alpha=1.0>
15.2507 	EXP 	imagePractice_2: image = 'REPSWITCH1_Practice/PICTURE_12.png'
15.2507 	EXP 	polygonCol_2: autoDraw = True
15.2507 	EXP 	polygonWh_2: autoDraw = True
15.2507 	EXP 	imagePractice_2: autoDraw = True
15.2507 	EXP 	polygonText_2: autoDraw = True
15.2507 	EXP 	textPractice_2: autoDraw = True
15.2507 	EXP 	textPractice_2: height = 0.05
15.2507 	EXP 	textPractice_2: height = 0.05
15.2507 	EXP 	textPractice_2: height = 0.05
15.2507 	EXP 	textPractice_2: text = ''
18.2787 	EXP 	polygonCol_2: autoDraw = False
18.2787 	EXP 	polygonWh_2: autoDraw = False
18.2787 	EXP 	imagePractice_2: autoDraw = False
18.2787 	EXP 	polygonText_2: autoDraw = False
18.2787 	EXP 	textPractice_2: autoDraw = False
18.2787 	EXP 	polygonCol_2: autoDraw = False
18.2787 	EXP 	polygonWh_2: autoDraw = False
18.2787 	EXP 	imagePractice_2: autoDraw = False
18.2787 	EXP 	polygonText_2: autoDraw = False
18.2787 	EXP 	textPractice_2: autoDraw = False
18.2787 	EXP 	textBlankLoop: autoDraw = True
18.7721 	EXP 	New trial (rep=0, index=1): {'image': 'REPSWITCH1_Practice/PICTURE_12.png', 'correctAns': 'sirena', 'respModal': 'TYPE', 'frameColor': 'darkblue'}
18.7788 	EXP 	textBlankLoop: autoDraw = False
18.7788 	EXP 	textBlankLoop: autoDraw = False
18.7788 	EXP 	fixationITI: autoDraw = True
19.8554 	EXP 	fixationITI: autoDraw = False
19.8554 	EXP 	fixationITI: autoDraw = False
19.8554 	EXP 	polygonCol_2: fillColor = <psychopy.colors.Color: darkblue, alpha=1.0>
19.8554 	EXP 	polygonCol_2: borderColor = <psychopy.colors.Color: darkblue, alpha=1.0>
19.8554 	EXP 	imagePractice_2: image = 'REPSWITCH1_Practice/PICTURE_12.png'
19.8554 	EXP 	polygonCol_2: autoDraw = True
19.8554 	EXP 	polygonWh_2: autoDraw = True
19.8554 	EXP 	imagePractice_2: autoDraw = True
19.8554 	EXP 	polygonText_2: autoDraw = True
19.8554 	EXP 	textPractice_2: autoDraw = True
20.8284 	DATA 	Keypress: s
21.0092 	DATA 	Keypress: i
21.1201 	DATA 	Keypress: r
21.2175 	DATA 	Keypress: e
21.4746 	DATA 	Keypress: n
21.5646 	DATA 	Keypress: a
22.8835 	EXP 	polygonCol_2: autoDraw = False
22.8835 	EXP 	polygonWh_2: autoDraw = False
22.8835 	EXP 	imagePractice_2: autoDraw = False
22.8835 	EXP 	polygonText_2: autoDraw = False
22.8835 	EXP 	textPractice_2: autoDraw = False
22.8835 	EXP 	polygonCol_2: autoDraw = False
22.8835 	EXP 	polygonWh_2: autoDraw = False
22.8835 	EXP 	imagePractice_2: autoDraw = False
22.8835 	EXP 	polygonText_2: autoDraw = False
22.8835 	EXP 	textPractice_2: autoDraw = False
22.8835 	EXP 	textBlankLoop: autoDraw = True
23.3768 	EXP 	New trial (rep=0, index=2): {'image': 'REPSWITCH1_Practice/PICTURE_599.png', 'correctAns': 'nube', 'respModal': 'SPEAK', 'frameColor': 'gold'}
23.3837 	EXP 	textBlankLoop: autoDraw = False
23.3837 	EXP 	fixationITI: autoDraw = True
24.4670 	EXP 	fixationITI: autoDraw = False
24.4670 	EXP 	fixationITI: autoDraw = False
24.4670 	EXP 	polygonCol_2: fillColor = <psychopy.colors.Color: gold, alpha=1.0>
24.4670 	EXP 	polygonCol_2: borderColor = <psychopy.colors.Color: gold, alpha=1.0>
24.4670 	EXP 	imagePractice_2: image = 'REPSWITCH1_Practice/PICTURE_599.png'
24.4670 	EXP 	polygonCol_2: autoDraw = True
24.4670 	EXP 	polygonWh_2: autoDraw = True
24.4670 	EXP 	imagePractice_2: autoDraw = True
24.4670 	EXP 	polygonText_2: autoDraw = True
24.4670 	EXP 	textPractice_2: autoDraw = True
27.4884 	EXP 	polygonCol_2: autoDraw = False
27.4884 	EXP 	polygonWh_2: autoDraw = False
27.4884 	EXP 	imagePractice_2: autoDraw = False
27.4884 	EXP 	polygonText_2: autoDraw = False
27.4884 	EXP 	textPractice_2: autoDraw = False
27.4884 	EXP 	polygonCol_2: autoDraw = False
27.4884 	EXP 	polygonWh_2: autoDraw = False
27.4884 	EXP 	imagePractice_2: autoDraw = False
27.4884 	EXP 	polygonText_2: autoDraw = False
27.4884 	EXP 	textPractice_2: autoDraw = False
27.4884 	EXP 	textBlankLoop: autoDraw = True
27.9817 	EXP 	New trial (rep=0, index=3): {'image': 'REPSWITCH1_Practice/PICTURE_733.png', 'correctAns': 'gafas', 'respModal': 'TYPE', 'frameColor': 'darkblue'}
27.9884 	EXP 	textBlankLoop: autoDraw = False
27.9884 	EXP 	textBlankLoop: autoDraw = False
27.9884 	EXP 	fixationITI: autoDraw = True
29.1066 	EXP 	fixationITI: autoDraw = False
29.1066 	EXP 	fixationITI: autoDraw = False
29.1066 	EXP 	polygonCol_2: fillColor = <psychopy.colors.Color: darkblue, alpha=1.0>
29.1066 	EXP 	polygonCol_2: borderColor = <psychopy.colors.Color: darkblue, alpha=1.0>
29.1066 	EXP 	imagePractice_2: image = 'REPSWITCH1_Practice/PICTURE_733.png'
29.1066 	EXP 	polygonCol_2: autoDraw = True
29.1066 	EXP 	polygonWh_2: autoDraw = True
29.1066 	EXP 	imagePractice_2: autoDraw = True
29.1066 	EXP 	polygonText_2: autoDraw = True
29.1066 	EXP 	textPractice_2: autoDraw = True
30.6075 	DATA 	Keypress: g
30.7603 	DATA 	Keypress: a
31.0728 	DATA 	Keypress: f
31.2188 	DATA 	Keypress: a
31.3021 	DATA 	Keypress: s
32.1347 	EXP 	polygonCol_2: autoDraw = False
32.1347 	EXP 	polygonWh_2: autoDraw = False
32.1347 	EXP 	imagePractice_2: autoDraw = False
32.1347 	EXP 	polygonText_2: autoDraw = False
32.1347 	EXP 	textPractice_2: autoDraw = False
32.1347 	EXP 	polygonCol_2: autoDraw = False
32.1347 	EXP 	polygonWh_2: autoDraw = False
32.1347 	EXP 	imagePractice_2: autoDraw = False
32.1347 	EXP 	polygonText_2: autoDraw = False
32.1347 	EXP 	textPractice_2: autoDraw = False
32.1347 	EXP 	textBlankLoop: autoDraw = True
32.6280 	EXP 	New trial (rep=0, index=4): {'image': 'REPSWITCH1_Practice/PICTURE_614.png', 'correctAns': 'reina', 'respModal': 'TYPE', 'frameColor': 'darkblue'}
32.6348 	EXP 	textBlankLoop: autoDraw = False
32.6348 	EXP 	fixationITI: autoDraw = True
33.7252 	EXP 	fixationITI: autoDraw = False
33.7252 	EXP 	fixationITI: autoDraw = False
33.7252 	EXP 	polygonCol_2: fillColor = <psychopy.colors.Color: darkblue, alpha=1.0>
33.7252 	EXP 	polygonCol_2: borderColor = <psychopy.colors.Color: darkblue, alpha=1.0>
33.7252 	EXP 	imagePractice_2: image = 'REPSWITCH1_Practice/PICTURE_614.png'
33.7252 	EXP 	polygonCol_2: autoDraw = True
33.7252 	EXP 	polygonWh_2: autoDraw = True
33.7252 	EXP 	imagePractice_2: autoDraw = True
33.7252 	EXP 	polygonText_2: autoDraw = True
33.7252 	EXP 	textPractice_2: autoDraw = True
34.8791 	DATA 	Keypress: r
34.9415 	DATA 	Keypress: e
35.1289 	DATA 	Keypress: i
35.3372 	DATA 	Keypress: n
35.4415 	DATA 	Keypress: a
36.7464 	EXP 	polygonCol_2: autoDraw = False
36.7464 	EXP 	polygonWh_2: autoDraw = False
36.7464 	EXP 	imagePractice_2: autoDraw = False
36.7464 	EXP 	polygonText_2: autoDraw = False
36.7464 	EXP 	textPractice_2: autoDraw = False
36.7464 	EXP 	polygonCol_2: autoDraw = False
36.7464 	EXP 	polygonWh_2: autoDraw = False
36.7464 	EXP 	imagePractice_2: autoDraw = False
36.7464 	EXP 	polygonText_2: autoDraw = False
36.7464 	EXP 	textPractice_2: autoDraw = False
36.7464 	EXP 	textBlankLoop: autoDraw = True
37.2398 	EXP 	New trial (rep=0, index=5): {'image': 'REPSWITCH1_Practice/PICTURE_612.png', 'correctAns': 'rana', 'respModal': 'TYPE', 'frameColor': 'darkblue'}
37.2465 	EXP 	textBlankLoop: autoDraw = False
37.2465 	EXP 	textBlankLoop: autoDraw = False
37.2465 	EXP 	fixationITI: autoDraw = True
38.3300 	EXP 	fixationITI: autoDraw = False
38.3300 	EXP 	fixationITI: autoDraw = False
38.3300 	EXP 	polygonCol_2: fillColor = <psychopy.colors.Color: darkblue, alpha=1.0>
38.3300 	EXP 	polygonCol_2: borderColor = <psychopy.colors.Color: darkblue, alpha=1.0>
38.3300 	EXP 	imagePractice_2: image = 'REPSWITCH1_Practice/PICTURE_612.png'
38.3300 	EXP 	polygonCol_2: autoDraw = True
38.3300 	EXP 	polygonWh_2: autoDraw = True
38.3300 	EXP 	imagePractice_2: autoDraw = True
38.3300 	EXP 	polygonText_2: autoDraw = True
38.3300 	EXP 	textPractice_2: autoDraw = True
39.3655 	DATA 	Keypress: r
39.6573 	DATA 	Keypress: a
39.7893 	DATA 	Keypress: n
39.9074 	DATA 	Keypress: a
41.3512 	EXP 	polygonCol_2: autoDraw = False
41.3512 	EXP 	polygonWh_2: autoDraw = False
41.3512 	EXP 	imagePractice_2: autoDraw = False
41.3512 	EXP 	polygonText_2: autoDraw = False
41.3512 	EXP 	textPractice_2: autoDraw = False
41.3512 	EXP 	polygonCol_2: autoDraw = False
41.3512 	EXP 	polygonWh_2: autoDraw = False
41.3512 	EXP 	imagePractice_2: autoDraw = False
41.3512 	EXP 	polygonText_2: autoDraw = False
41.3512 	EXP 	textPractice_2: autoDraw = False
41.3512 	EXP 	textBlankLoop: autoDraw = True
41.8446 	EXP 	New trial (rep=0, index=6): {'image': 'REPSWITCH1_Practice/PICTURE_612.png', 'correctAns': 'rana', 'respModal': 'SPEAK', 'frameColor': 'gold'}
41.8513 	EXP 	textBlankLoop: autoDraw = False
41.8513 	EXP 	textBlankLoop: autoDraw = False
41.8513 	EXP 	fixationITI: autoDraw = True
42.9278 	EXP 	fixationITI: autoDraw = False
42.9278 	EXP 	fixationITI: autoDraw = False
42.9278 	EXP 	polygonCol_2: fillColor = <psychopy.colors.Color: gold, alpha=1.0>
42.9278 	EXP 	polygonCol_2: borderColor = <psychopy.colors.Color: gold, alpha=1.0>
42.9278 	EXP 	imagePractice_2: image = 'REPSWITCH1_Practice/PICTURE_612.png'
42.9278 	EXP 	polygonCol_2: autoDraw = True
42.9278 	EXP 	polygonWh_2: autoDraw = True
42.9278 	EXP 	imagePractice_2: autoDraw = True
42.9278 	EXP 	polygonText_2: autoDraw = True
42.9278 	EXP 	textPractice_2: autoDraw = True
45.9560 	EXP 	polygonCol_2: autoDraw = False
45.9560 	EXP 	polygonWh_2: autoDraw = False
45.9560 	EXP 	imagePractice_2: autoDraw = False
45.9560 	EXP 	polygonText_2: autoDraw = False
45.9560 	EXP 	textPractice_2: autoDraw = False
45.9560 	EXP 	polygonCol_2: autoDraw = False
45.9560 	EXP 	polygonWh_2: autoDraw = False
45.9560 	EXP 	imagePractice_2: autoDraw = False
45.9560 	EXP 	polygonText_2: autoDraw = False
45.9560 	EXP 	textPractice_2: autoDraw = False
45.9560 	EXP 	textBlankLoop: autoDraw = True
46.4492 	EXP 	New trial (rep=0, index=7): {'image': 'REPSWITCH1_Practice/PICTURE_570.png', 'correctAns': 'toro', 'respModal': 'TYPE', 'frameColor': 'darkblue'}
46.4561 	EXP 	textBlankLoop: autoDraw = False
46.4561 	EXP 	fixationITI: autoDraw = True
47.5951 	EXP 	fixationITI: autoDraw = False
47.5951 	EXP 	fixationITI: autoDraw = False
47.5951 	EXP 	polygonCol_2: fillColor = <psychopy.colors.Color: darkblue, alpha=1.0>
47.5951 	EXP 	polygonCol_2: borderColor = <psychopy.colors.Color: darkblue, alpha=1.0>
47.5951 	EXP 	imagePractice_2: image = 'REPSWITCH1_Practice/PICTURE_570.png'
47.5951 	EXP 	polygonCol_2: autoDraw = True
47.5951 	EXP 	polygonWh_2: autoDraw = True
47.5951 	EXP 	imagePractice_2: autoDraw = True
47.5951 	EXP 	polygonText_2: autoDraw = True
47.5951 	EXP 	textPractice_2: autoDraw = True
48.6932 	DATA 	Keypress: t
48.8599 	DATA 	Keypress: o
49.0127 	DATA 	Keypress: r
49.1170 	DATA 	Keypress: o
50.6233 	EXP 	polygonCol_2: autoDraw = False
50.6233 	EXP 	polygonWh_2: autoDraw = False
50.6233 	EXP 	imagePractice_2: autoDraw = False
50.6233 	EXP 	polygonText_2: autoDraw = False
50.6233 	EXP 	textPractice_2: autoDraw = False
50.6233 	EXP 	polygonCol_2: autoDraw = False
50.6233 	EXP 	polygonWh_2: autoDraw = False
50.6233 	EXP 	imagePractice_2: autoDraw = False
50.6233 	EXP 	polygonText_2: autoDraw = False
50.6233 	EXP 	textPractice_2: autoDraw = False
50.6233 	EXP 	textBlankLoop: autoDraw = True
51.1165 	EXP 	New trial (rep=0, index=8): {'image': 'REPSWITCH1_Practice/PICTURE_110.png', 'correctAns': 'mesa', 'respModal': 'SPEAK', 'frameColor': 'gold'}
51.1234 	EXP 	textBlankLoop: autoDraw = False
51.1234 	EXP 	fixationITI: autoDraw = True
52.2416 	EXP 	fixationITI: autoDraw = False
52.2416 	EXP 	fixationITI: autoDraw = False
52.2416 	EXP 	polygonCol_2: fillColor = <psychopy.colors.Color: gold, alpha=1.0>
52.2416 	EXP 	polygonCol_2: borderColor = <psychopy.colors.Color: gold, alpha=1.0>
52.2416 	EXP 	imagePractice_2: image = 'REPSWITCH1_Practice/PICTURE_110.png'
52.2416 	EXP 	polygonCol_2: autoDraw = True
52.2416 	EXP 	polygonWh_2: autoDraw = True
52.2416 	EXP 	imagePractice_2: autoDraw = True
52.2416 	EXP 	polygonText_2: autoDraw = True
52.2416 	EXP 	textPractice_2: autoDraw = True
55.2627 	EXP 	polygonCol_2: autoDraw = False
55.2627 	EXP 	polygonWh_2: autoDraw = False
55.2627 	EXP 	imagePractice_2: autoDraw = False
55.2627 	EXP 	polygonText_2: autoDraw = False
55.2627 	EXP 	textPractice_2: autoDraw = False
55.2627 	EXP 	polygonCol_2: autoDraw = False
55.2627 	EXP 	polygonWh_2: autoDraw = False
55.2627 	EXP 	imagePractice_2: autoDraw = False
55.2627 	EXP 	polygonText_2: autoDraw = False
55.2627 	EXP 	textPractice_2: autoDraw = False
55.2627 	EXP 	textBlankLoop: autoDraw = True
55.7561 	EXP 	New trial (rep=0, index=9): {'image': 'REPSWITCH1_Practice/PICTURE_733.png', 'correctAns': 'gafas', 'respModal': 'SPEAK', 'frameColor': 'gold'}
55.7628 	EXP 	textBlankLoop: autoDraw = False
55.7628 	EXP 	textBlankLoop: autoDraw = False
55.7628 	EXP 	fixationITI: autoDraw = True
56.9019 	EXP 	fixationITI: autoDraw = False
56.9019 	EXP 	fixationITI: autoDraw = False
56.9019 	EXP 	polygonCol_2: fillColor = <psychopy.colors.Color: gold, alpha=1.0>
56.9019 	EXP 	polygonCol_2: borderColor = <psychopy.colors.Color: gold, alpha=1.0>
56.9019 	EXP 	imagePractice_2: image = 'REPSWITCH1_Practice/PICTURE_733.png'
56.9019 	EXP 	polygonCol_2: autoDraw = True
56.9019 	EXP 	polygonWh_2: autoDraw = True
56.9019 	EXP 	imagePractice_2: autoDraw = True
56.9019 	EXP 	polygonText_2: autoDraw = True
56.9019 	EXP 	textPractice_2: autoDraw = True
59.9231 	EXP 	polygonCol_2: autoDraw = False
59.9231 	EXP 	polygonWh_2: autoDraw = False
59.9231 	EXP 	imagePractice_2: autoDraw = False
59.9231 	EXP 	polygonText_2: autoDraw = False
59.9231 	EXP 	textPractice_2: autoDraw = False
59.9231 	EXP 	polygonCol_2: autoDraw = False
59.9231 	EXP 	polygonWh_2: autoDraw = False
59.9231 	EXP 	imagePractice_2: autoDraw = False
59.9231 	EXP 	polygonText_2: autoDraw = False
59.9231 	EXP 	textPractice_2: autoDraw = False
59.9231 	EXP 	textBlankLoop: autoDraw = True
60.4165 	EXP 	New trial (rep=0, index=10): {'image': 'REPSWITCH1_Practice/PICTURE_733.png', 'correctAns': 'gafas', 'respModal': 'TYPE', 'frameColor': 'darkblue'}
60.4232 	EXP 	textBlankLoop: autoDraw = False
60.4232 	EXP 	textBlankLoop: autoDraw = False
60.4232 	EXP 	fixationITI: autoDraw = True
61.6039 	EXP 	fixationITI: autoDraw = False
61.6039 	EXP 	fixationITI: autoDraw = False
61.6039 	EXP 	polygonCol_2: fillColor = <psychopy.colors.Color: darkblue, alpha=1.0>
61.6039 	EXP 	polygonCol_2: borderColor = <psychopy.colors.Color: darkblue, alpha=1.0>
61.6039 	EXP 	imagePractice_2: image = 'REPSWITCH1_Practice/PICTURE_733.png'
61.6039 	EXP 	polygonCol_2: autoDraw = True
61.6039 	EXP 	polygonWh_2: autoDraw = True
61.6039 	EXP 	imagePractice_2: autoDraw = True
61.6039 	EXP 	polygonText_2: autoDraw = True
61.6039 	EXP 	textPractice_2: autoDraw = True
62.7020 	DATA 	Keypress: g
62.8269 	DATA 	Keypress: a
62.9728 	DATA 	Keypress: f
63.0562 	DATA 	Keypress: a
63.1395 	DATA 	Keypress: s
64.6252 	EXP 	polygonCol_2: autoDraw = False
64.6252 	EXP 	polygonWh_2: autoDraw = False
64.6252 	EXP 	imagePractice_2: autoDraw = False
64.6252 	EXP 	polygonText_2: autoDraw = False
64.6252 	EXP 	textPractice_2: autoDraw = False
64.6252 	EXP 	polygonCol_2: autoDraw = False
64.6252 	EXP 	polygonWh_2: autoDraw = False
64.6252 	EXP 	imagePractice_2: autoDraw = False
64.6252 	EXP 	polygonText_2: autoDraw = False
64.6252 	EXP 	textPractice_2: autoDraw = False
64.6252 	EXP 	textBlankLoop: autoDraw = True
65.1184 	EXP 	New trial (rep=0, index=11): {'image': 'REPSWITCH1_Practice/PICTURE_614.png', 'correctAns': 'reina', 'respModal': 'SPEAK', 'frameColor': 'gold'}
65.1252 	EXP 	textBlankLoop: autoDraw = False
65.1252 	EXP 	textBlankLoop: autoDraw = False
65.1252 	EXP 	fixationITI: autoDraw = True
66.2226 	EXP 	fixationITI: autoDraw = False
66.2226 	EXP 	fixationITI: autoDraw = False
66.2226 	EXP 	polygonCol_2: fillColor = <psychopy.colors.Color: gold, alpha=1.0>
66.2226 	EXP 	polygonCol_2: borderColor = <psychopy.colors.Color: gold, alpha=1.0>
66.2226 	EXP 	imagePractice_2: image = 'REPSWITCH1_Practice/PICTURE_614.png'
66.2226 	EXP 	polygonCol_2: autoDraw = True
66.2226 	EXP 	polygonWh_2: autoDraw = True
66.2226 	EXP 	imagePractice_2: autoDraw = True
66.2226 	EXP 	polygonText_2: autoDraw = True
66.2226 	EXP 	textPractice_2: autoDraw = True
69.2507 	EXP 	polygonCol_2: autoDraw = False
69.2507 	EXP 	polygonWh_2: autoDraw = False
69.2507 	EXP 	imagePractice_2: autoDraw = False
69.2507 	EXP 	polygonText_2: autoDraw = False
69.2507 	EXP 	textPractice_2: autoDraw = False
69.2507 	EXP 	polygonCol_2: autoDraw = False
69.2507 	EXP 	polygonWh_2: autoDraw = False
69.2507 	EXP 	imagePractice_2: autoDraw = False
69.2507 	EXP 	polygonText_2: autoDraw = False
69.2507 	EXP 	textPractice_2: autoDraw = False
69.2507 	EXP 	textBlankLoop: autoDraw = True
69.7507 	EXP 	textBlankLoop: autoDraw = False
69.7507 	EXP 	textboxEndPractice_2: autoDraw = True
74.0810 	DATA 	Keypress: space
74.0810 	DATA 	Keypress: n
74.0847 	EXP 	textboxEndPractice_2: autoDraw = False
74.1092 	EXP 	window1: mouseVisible = True
