13.2999 	DATA 	Mouse:  Right button up, pos=(832,667)
13.3415 	EXP 	Created window1 = Window(allowGUI=True, allowStencil=False, autoLog=True, backendConf=UNKNOWN, bitsMode=UNKNOWN, blendMode='avg', bpc=(8, 8, 8), color=array([0, 0, 0]), colorSpace='rgb', depthBits=8, fullscr=<method-wrapper '__getattribute__' of attributeSetter object at 0x0000022B620DAB50>, gamma=None, gammaErrorPolicy='raise', lms=UNKNOWN, monitor=<psychopy.monitors.calibTools.Monitor object at 0x0000022B68530490>, multiSample=False, name='window1', numSamples=2, pos=(0, 0), screen=0, size=array([1920, 1080]), stencilBits=0, stereo=False, units='height', useFBO=True, useRetina=False, viewOri=0.0, viewPos=None, viewScale=None, waitBlanking=True, winType='pyglet')
13.3415 	EXP 	window1: mouseVisible = True
13.3416 	EXP 	window1: mouseVisible = False
13.3416 	EXP 	window1: Attempting to measure frame rate of screen (0) ...
13.3416 	EXP 	window1: recordFrameIntervals = False
13.4108 	EXP 	window1: recordFrameIntervals = True
13.4872 	EXP 	Screen (0) actual frame rate measured at 143.98Hz
13.4872 	EXP 	window1: recordFrameIntervals = False
14.6244 	EXP 	Created textWelcomeFam = TextStim(__class__=<class 'psychopy.visual.text.TextStim'>, alignHoriz=method-wrapper(...), alignText='center', alignVert=method-wrapper(...), anchorHoriz='center', anchorVert='center', antialias=True, autoDraw=False, autoLog=True, bold=False, color=array([1, 1, 1]), colorSpace='rgb', contrast=1.0, depth=0.0, flipHoriz=False, flipVert=False, font='Open Sans', fontFiles=[], height=0.05, italic=False, languageStyle='LTR', name='textWelcomeFam', opacity=1.0, ori=0.0, pos=array([0., 0.]), rgb=UNKNOWN, text='Bienvenido/a al experimento!', units='height', win=Window(...), wrapWidth=1)
14.6672 	EXP 	Created fixationITI = ShapeStim(__class__=<class 'psychopy.visual.shape.ShapeStim'>, anchor=('center', 'center'), autoDraw=False, autoLog=True, closeShape=True, color=method-wrapper(...), colorSpace='rgb', contrast=None, depth=0.0, fillColor=array([1, 1, 1]), fillColorSpace='rgb', fillRGB=array([1, 1, 1]), interpolate=True, lineColor=array([1, 1, 1]), lineColorSpace='rgb', lineRGB=array([1, 1, 1]), lineWidth=1.0, name='fixationITI', opacity=1.0, ori=0.0, pos=array([0., 0.]), size=array([0.1, 0.1]), units='height', vertices=ndarray(...), win=Window(...), windingRule=None)
14.6678 	EXP 	Created polygonWhiteFam = Rect(__class__=<class 'psychopy.visual.rect.Rect'>, anchor=('center', 'center'), autoDraw=False, autoLog=True, closeShape=True, color=method-wrapper(...), colorSpace='rgb', contrast=None, depth=0.0, fillColor=array([1, 1, 1]), fillColorSpace='rgb', fillRGB=array([1, 1, 1]), interpolate=True, lineColor=array([1, 1, 1]), lineColorSpace='rgb', lineRGB=array([1, 1, 1]), lineWidth=1.0, name='polygonWhiteFam', opacity=1.0, ori=0.0, pos=array([0., 0.]), size=array([0.5, 0.5]), units='height', vertices=ndarray(...), win=Window(...))
14.6707 	EXP 	Created imageFam = ImageStim(__class__=<class 'psychopy.visual.image.ImageStim'>, anchor=('center', 'center'), autoLog=True, color=array([1, 1, 1]), colorSpace='rgb', contrast=1.0, depth=-1.0, flipHoriz=False, flipVert=False, image='sin', interpolate=True, mask=None, maskParams=None, name='imageFam', opacity=1.0, ori=0.0, pos=array([0., 0.]), size=array([0.5, 0.5]), texRes=128.0, units='height', win=Window(...))
14.6711 	EXP 	Created textFam = TextStim(__class__=<class 'psychopy.visual.text.TextStim'>, alignHoriz=method-wrapper(...), alignText='center', alignVert=method-wrapper(...), anchorHoriz='center', anchorVert='center', antialias=True, autoDraw=False, autoLog=True, bold=False, color=array([1, 1, 1]), colorSpace='rgb', contrast=1.0, depth=-2.0, flipHoriz=False, flipVert=False, font='Open Sans', fontFiles=[], height=0.05, italic=False, languageStyle='LTR', name='textFam', opacity=1.0, ori=0.0, pos=array([ 0. , -0.3]), rgb=UNKNOWN, text='', units='height', win=Window(...), wrapWidth=1)
14.7191 	EXP 	Created textBlankLoop = TextStim(__class__=<class 'psychopy.visual.text.TextStim'>, alignHoriz=method-wrapper(...), alignText='center', alignVert=method-wrapper(...), anchorHoriz='center', anchorVert='center', antialias=True, autoDraw=False, autoLog=True, bold=False, color=array([1, 1, 1]), colorSpace='rgb', contrast=1.0, depth=0.0, flipHoriz=False, flipVert=False, font='Open Sans', fontFiles=[], height=0.05, italic=False, languageStyle='LTR', name='textBlankLoop', opacity=1.0, ori=0.0, pos=array([0., 0.]), rgb=UNKNOWN, text='', units='height', win=Window(...), wrapWidth=1)
14.7414 	EXP 	textboxInstrFam: autoLog = True
14.7414 	EXP 	textboxEndFam: autoLog = True
14.7414 	EXP 	textWelcomeFam: autoDraw = True
16.7376 	EXP 	textWelcomeFam: autoDraw = False
16.7376 	EXP 	textboxInstrFam: autoDraw = True
27.0233 	EXP 	Imported repswitch_fam.xlsx as conditions, 45 conditions, 2 params
27.0239 	EXP 	Created sequence: random, trialTypes=45, nReps=1, seed=None
27.0240 	EXP 	New trial (rep=0, index=0): {'image': 'REPSWITCH1_Fam/PICTURE_446.png', 'correctAns': 'cerdo'}
27.0247 	DATA 	Keypress: space
27.0306 	EXP 	textboxInstrFam: autoDraw = False
27.0306 	EXP 	fixationITI: autoDraw = True
28.0932 	EXP 	fixationITI: autoDraw = False
28.0932 	EXP 	fixationITI: autoDraw = False
28.0932 	EXP 	imageFam: image = 'REPSWITCH1_Fam/PICTURE_446.png'
28.0932 	EXP 	polygonWhiteFam: autoDraw = True
28.0932 	EXP 	imageFam: autoDraw = True
31.5867 	EXP 	textFam: autoDraw = True
34.0870 	EXP 	textFam: autoDraw = False
34.1218 	EXP 	polygonWhiteFam: autoDraw = False
34.1218 	EXP 	imageFam: autoDraw = False
34.1218 	EXP 	polygonWhiteFam: autoDraw = False
34.1218 	EXP 	imageFam: autoDraw = False
34.1218 	EXP 	textFam: autoDraw = False
34.1218 	EXP 	textBlankLoop: autoDraw = True
34.6151 	EXP 	New trial (rep=0, index=1): {'image': 'REPSWITCH1_Fam/PICTURE_169.png', 'correctAns': 'espalda'}
34.6218 	EXP 	textBlankLoop: autoDraw = False
34.6218 	EXP 	textBlankLoop: autoDraw = False
34.6218 	EXP 	fixationITI: autoDraw = True
35.7053 	EXP 	fixationITI: autoDraw = False
35.7053 	EXP 	fixationITI: autoDraw = False
35.7053 	EXP 	imageFam: image = 'REPSWITCH1_Fam/PICTURE_169.png'
35.7053 	EXP 	polygonWhiteFam: autoDraw = True
35.7053 	EXP 	imageFam: autoDraw = True
39.1988 	EXP 	textFam: autoDraw = True
41.6991 	EXP 	textFam: autoDraw = False
41.7340 	EXP 	polygonWhiteFam: autoDraw = False
41.7340 	EXP 	imageFam: autoDraw = False
41.7340 	EXP 	polygonWhiteFam: autoDraw = False
41.7340 	EXP 	imageFam: autoDraw = False
41.7340 	EXP 	textFam: autoDraw = False
41.7340 	EXP 	textBlankLoop: autoDraw = True
42.2274 	EXP 	New trial (rep=0, index=2): {'image': 'REPSWITCH1_Fam/PICTURE_464.png', 'correctAns': 'goma'}
42.2339 	EXP 	textBlankLoop: autoDraw = False
42.2339 	EXP 	textBlankLoop: autoDraw = False
42.2339 	EXP 	fixationITI: autoDraw = True
43.3591 	EXP 	fixationITI: autoDraw = False
43.3591 	EXP 	fixationITI: autoDraw = False
43.3591 	EXP 	imageFam: image = 'REPSWITCH1_Fam/PICTURE_464.png'
43.3591 	EXP 	polygonWhiteFam: autoDraw = True
43.3591 	EXP 	imageFam: autoDraw = True
46.8527 	EXP 	textFam: autoDraw = True
49.3529 	EXP 	textFam: autoDraw = False
49.3876 	EXP 	polygonWhiteFam: autoDraw = False
49.3876 	EXP 	imageFam: autoDraw = False
49.3876 	EXP 	polygonWhiteFam: autoDraw = False
49.3876 	EXP 	imageFam: autoDraw = False
49.3876 	EXP 	textFam: autoDraw = False
49.3876 	EXP 	textBlankLoop: autoDraw = True
49.8810 	EXP 	New trial (rep=0, index=3): {'image': 'REPSWITCH1_Fam/PICTURE_235.png', 'correctAns': 'aguja'}
49.8877 	EXP 	textBlankLoop: autoDraw = False
49.8877 	EXP 	textBlankLoop: autoDraw = False
49.8877 	EXP 	fixationITI: autoDraw = True
50.9503 	EXP 	fixationITI: autoDraw = False
50.9503 	EXP 	fixationITI: autoDraw = False
50.9503 	EXP 	imageFam: image = 'REPSWITCH1_Fam/PICTURE_235.png'
50.9503 	EXP 	polygonWhiteFam: autoDraw = True
50.9503 	EXP 	imageFam: autoDraw = True
54.4439 	EXP 	textFam: autoDraw = True
56.9442 	EXP 	textFam: autoDraw = False
56.9789 	EXP 	polygonWhiteFam: autoDraw = False
56.9789 	EXP 	imageFam: autoDraw = False
56.9789 	EXP 	polygonWhiteFam: autoDraw = False
56.9789 	EXP 	imageFam: autoDraw = False
56.9789 	EXP 	textFam: autoDraw = False
56.9789 	EXP 	textBlankLoop: autoDraw = True
57.4723 	EXP 	New trial (rep=0, index=4): {'image': 'REPSWITCH1_Fam/PICTURE_590.png', 'correctAns': 'escoba'}
57.4790 	EXP 	textBlankLoop: autoDraw = False
57.4790 	EXP 	textBlankLoop: autoDraw = False
57.4790 	EXP 	fixationITI: autoDraw = True
58.6389 	EXP 	fixationITI: autoDraw = False
58.6389 	EXP 	fixationITI: autoDraw = False
58.6389 	EXP 	imageFam: image = 'REPSWITCH1_Fam/PICTURE_590.png'
58.6389 	EXP 	polygonWhiteFam: autoDraw = True
58.6389 	EXP 	imageFam: autoDraw = True
62.1324 	EXP 	textFam: autoDraw = True
64.6327 	EXP 	textFam: autoDraw = False
64.6674 	EXP 	polygonWhiteFam: autoDraw = False
64.6674 	EXP 	imageFam: autoDraw = False
64.6674 	EXP 	polygonWhiteFam: autoDraw = False
64.6674 	EXP 	imageFam: autoDraw = False
64.6674 	EXP 	textFam: autoDraw = False
64.6674 	EXP 	textBlankLoop: autoDraw = True
65.1608 	EXP 	New trial (rep=0, index=5): {'image': 'REPSWITCH1_Fam/PICTURE_570.png', 'correctAns': 'toro'}
65.1675 	EXP 	textBlankLoop: autoDraw = False
65.1675 	EXP 	textBlankLoop: autoDraw = False
65.1675 	EXP 	fixationITI: autoDraw = True
66.2163 	EXP 	fixationITI: autoDraw = False
66.2163 	EXP 	fixationITI: autoDraw = False
66.2163 	EXP 	imageFam: image = 'REPSWITCH1_Fam/PICTURE_570.png'
66.2163 	EXP 	polygonWhiteFam: autoDraw = True
66.2163 	EXP 	imageFam: autoDraw = True
69.7098 	EXP 	textFam: autoDraw = True
72.2101 	EXP 	textFam: autoDraw = False
72.2448 	EXP 	polygonWhiteFam: autoDraw = False
72.2448 	EXP 	imageFam: autoDraw = False
72.2448 	EXP 	polygonWhiteFam: autoDraw = False
72.2448 	EXP 	imageFam: autoDraw = False
72.2448 	EXP 	textFam: autoDraw = False
72.2448 	EXP 	textBlankLoop: autoDraw = True
72.7382 	EXP 	New trial (rep=0, index=6): {'image': 'REPSWITCH1_Fam/PICTURE_576.png', 'correctAns': 'guante'}
72.7449 	EXP 	textBlankLoop: autoDraw = False
72.7449 	EXP 	textBlankLoop: autoDraw = False
72.7449 	EXP 	fixationITI: autoDraw = True
73.8978 	EXP 	fixationITI: autoDraw = False
73.8978 	EXP 	fixationITI: autoDraw = False
73.8978 	EXP 	imageFam: image = 'REPSWITCH1_Fam/PICTURE_576.png'
73.8978 	EXP 	polygonWhiteFam: autoDraw = True
73.8978 	EXP 	imageFam: autoDraw = True
77.3913 	EXP 	textFam: autoDraw = True
79.8917 	EXP 	textFam: autoDraw = False
79.9264 	EXP 	polygonWhiteFam: autoDraw = False
79.9264 	EXP 	imageFam: autoDraw = False
79.9264 	EXP 	polygonWhiteFam: autoDraw = False
79.9264 	EXP 	imageFam: autoDraw = False
79.9264 	EXP 	textFam: autoDraw = False
79.9264 	EXP 	textBlankLoop: autoDraw = True
80.4198 	EXP 	New trial (rep=0, index=7): {'image': 'REPSWITCH1_Fam/PICTURE_599.png', 'correctAns': 'nube'}
80.4265 	EXP 	textBlankLoop: autoDraw = False
80.4265 	EXP 	textBlankLoop: autoDraw = False
80.4265 	EXP 	fixationITI: autoDraw = True
81.6141 	EXP 	fixationITI: autoDraw = False
81.6141 	EXP 	fixationITI: autoDraw = False
81.6141 	EXP 	imageFam: image = 'REPSWITCH1_Fam/PICTURE_599.png'
81.6141 	EXP 	polygonWhiteFam: autoDraw = True
81.6141 	EXP 	imageFam: autoDraw = True
85.1076 	EXP 	textFam: autoDraw = True
87.6079 	EXP 	textFam: autoDraw = False
87.6427 	EXP 	polygonWhiteFam: autoDraw = False
87.6427 	EXP 	imageFam: autoDraw = False
87.6427 	EXP 	polygonWhiteFam: autoDraw = False
87.6427 	EXP 	imageFam: autoDraw = False
87.6427 	EXP 	textFam: autoDraw = False
87.6427 	EXP 	textBlankLoop: autoDraw = True
88.1360 	EXP 	New trial (rep=0, index=8): {'image': 'REPSWITCH1_Fam/PICTURE_8.png', 'correctAns': 'pierna'}
88.1427 	EXP 	textBlankLoop: autoDraw = False
88.1427 	EXP 	textBlankLoop: autoDraw = False
88.1427 	EXP 	fixationITI: autoDraw = True
89.2887 	EXP 	fixationITI: autoDraw = False
89.2887 	EXP 	fixationITI: autoDraw = False
89.2887 	EXP 	imageFam: image = 'REPSWITCH1_Fam/PICTURE_8.png'
89.2887 	EXP 	polygonWhiteFam: autoDraw = True
89.2887 	EXP 	imageFam: autoDraw = True
92.7822 	EXP 	textFam: autoDraw = True
95.2826 	EXP 	textFam: autoDraw = False
95.3173 	EXP 	polygonWhiteFam: autoDraw = False
95.3173 	EXP 	imageFam: autoDraw = False
95.3173 	EXP 	polygonWhiteFam: autoDraw = False
95.3173 	EXP 	imageFam: autoDraw = False
95.3173 	EXP 	textFam: autoDraw = False
95.3173 	EXP 	textBlankLoop: autoDraw = True
95.8107 	EXP 	New trial (rep=0, index=9): {'image': 'REPSWITCH1_Fam/PICTURE_728.png', 'correctAns': 'pulpo'}
95.8173 	EXP 	textBlankLoop: autoDraw = False
95.8173 	EXP 	textBlankLoop: autoDraw = False
95.8173 	EXP 	fixationITI: autoDraw = True
96.9772 	EXP 	fixationITI: autoDraw = False
96.9772 	EXP 	fixationITI: autoDraw = False
96.9772 	EXP 	imageFam: image = 'REPSWITCH1_Fam/PICTURE_728.png'
96.9772 	EXP 	polygonWhiteFam: autoDraw = True
96.9772 	EXP 	imageFam: autoDraw = True
100.4707 	EXP 	textFam: autoDraw = True
102.9711 	EXP 	textFam: autoDraw = False
103.0058 	EXP 	polygonWhiteFam: autoDraw = False
103.0058 	EXP 	imageFam: autoDraw = False
103.0058 	EXP 	polygonWhiteFam: autoDraw = False
103.0058 	EXP 	imageFam: autoDraw = False
103.0058 	EXP 	textFam: autoDraw = False
103.0058 	EXP 	textBlankLoop: autoDraw = True
103.4992 	EXP 	New trial (rep=0, index=10): {'image': 'REPSWITCH1_Fam/PICTURE_242.png', 'correctAns': 'cartero'}
103.5059 	EXP 	textBlankLoop: autoDraw = False
103.5059 	EXP 	textBlankLoop: autoDraw = False
103.5059 	EXP 	fixationITI: autoDraw = True
104.6796 	EXP 	fixationITI: autoDraw = False
104.6796 	EXP 	fixationITI: autoDraw = False
104.6796 	EXP 	imageFam: image = 'REPSWITCH1_Fam/PICTURE_242.png'
104.6796 	EXP 	polygonWhiteFam: autoDraw = True
104.6796 	EXP 	imageFam: autoDraw = True
108.1731 	EXP 	textFam: autoDraw = True
110.6735 	EXP 	textFam: autoDraw = False
110.7082 	EXP 	polygonWhiteFam: autoDraw = False
110.7082 	EXP 	imageFam: autoDraw = False
110.7082 	EXP 	polygonWhiteFam: autoDraw = False
110.7082 	EXP 	imageFam: autoDraw = False
110.7082 	EXP 	textFam: autoDraw = False
110.7082 	EXP 	textBlankLoop: autoDraw = True
111.2015 	EXP 	New trial (rep=0, index=11): {'image': 'REPSWITCH1_Fam/PICTURE_16.png', 'correctAns': 'cazador'}
111.2082 	EXP 	textBlankLoop: autoDraw = False
111.2082 	EXP 	textBlankLoop: autoDraw = False
111.2082 	EXP 	fixationITI: autoDraw = True
112.3889 	EXP 	fixationITI: autoDraw = False
112.3889 	EXP 	fixationITI: autoDraw = False
112.3889 	EXP 	imageFam: image = 'REPSWITCH1_Fam/PICTURE_16.png'
112.3889 	EXP 	polygonWhiteFam: autoDraw = True
112.3889 	EXP 	imageFam: autoDraw = True
115.8824 	EXP 	textFam: autoDraw = True
118.3828 	EXP 	textFam: autoDraw = False
118.4175 	EXP 	polygonWhiteFam: autoDraw = False
118.4175 	EXP 	imageFam: autoDraw = False
118.4175 	EXP 	polygonWhiteFam: autoDraw = False
118.4175 	EXP 	imageFam: autoDraw = False
118.4175 	EXP 	textFam: autoDraw = False
118.4175 	EXP 	textBlankLoop: autoDraw = True
118.9109 	EXP 	New trial (rep=0, index=12): {'image': 'REPSWITCH1_Fam/PICTURE_48.png', 'correctAns': 'bombero'}
118.9177 	EXP 	textBlankLoop: autoDraw = False
118.9177 	EXP 	textBlankLoop: autoDraw = False
118.9177 	EXP 	fixationITI: autoDraw = True
120.0358 	EXP 	fixationITI: autoDraw = False
120.0358 	EXP 	fixationITI: autoDraw = False
120.0358 	EXP 	imageFam: image = 'REPSWITCH1_Fam/PICTURE_48.png'
120.0358 	EXP 	polygonWhiteFam: autoDraw = True
120.0358 	EXP 	imageFam: autoDraw = True
123.5293 	EXP 	textFam: autoDraw = True
126.0296 	EXP 	textFam: autoDraw = False
126.0644 	EXP 	polygonWhiteFam: autoDraw = False
126.0644 	EXP 	imageFam: autoDraw = False
126.0644 	EXP 	polygonWhiteFam: autoDraw = False
126.0644 	EXP 	imageFam: autoDraw = False
126.0644 	EXP 	textFam: autoDraw = False
126.0644 	EXP 	textBlankLoop: autoDraw = True
126.5577 	EXP 	New trial (rep=0, index=13): {'image': 'REPSWITCH1_Fam/PICTURE_199.png', 'correctAns': 'falda'}
126.5644 	EXP 	textBlankLoop: autoDraw = False
126.5644 	EXP 	textBlankLoop: autoDraw = False
126.5644 	EXP 	fixationITI: autoDraw = True
127.7590 	EXP 	fixationITI: autoDraw = False
127.7590 	EXP 	fixationITI: autoDraw = False
127.7590 	EXP 	imageFam: image = 'REPSWITCH1_Fam/PICTURE_199.png'
127.7590 	EXP 	polygonWhiteFam: autoDraw = True
127.7590 	EXP 	imageFam: autoDraw = True
131.2525 	EXP 	textFam: autoDraw = True
133.7529 	EXP 	textFam: autoDraw = False
133.7877 	EXP 	polygonWhiteFam: autoDraw = False
133.7877 	EXP 	imageFam: autoDraw = False
133.7877 	EXP 	polygonWhiteFam: autoDraw = False
133.7877 	EXP 	imageFam: autoDraw = False
133.7877 	EXP 	textFam: autoDraw = False
133.7877 	EXP 	textBlankLoop: autoDraw = True
134.2810 	EXP 	New trial (rep=0, index=14): {'image': 'REPSWITCH1_Fam/PICTURE_610.png', 'correctAns': 'miel'}
134.2877 	EXP 	textBlankLoop: autoDraw = False
134.2877 	EXP 	textBlankLoop: autoDraw = False
134.2877 	EXP 	fixationITI: autoDraw = True
135.4129 	EXP 	fixationITI: autoDraw = False
135.4129 	EXP 	fixationITI: autoDraw = False
135.4129 	EXP 	imageFam: image = 'REPSWITCH1_Fam/PICTURE_610.png'
135.4129 	EXP 	polygonWhiteFam: autoDraw = True
135.4129 	EXP 	imageFam: autoDraw = True
138.9063 	EXP 	textFam: autoDraw = True
141.4066 	EXP 	textFam: autoDraw = False
141.4414 	EXP 	polygonWhiteFam: autoDraw = False
141.4414 	EXP 	imageFam: autoDraw = False
141.4414 	EXP 	polygonWhiteFam: autoDraw = False
141.4414 	EXP 	imageFam: autoDraw = False
141.4414 	EXP 	textFam: autoDraw = False
141.4414 	EXP 	textBlankLoop: autoDraw = True
141.9347 	EXP 	New trial (rep=0, index=15): {'image': 'REPSWITCH1_Fam/PICTURE_142.png', 'correctAns': 'vaso'}
141.9414 	EXP 	textBlankLoop: autoDraw = False
141.9414 	EXP 	textBlankLoop: autoDraw = False
141.9414 	EXP 	fixationITI: autoDraw = True
142.9833 	EXP 	fixationITI: autoDraw = False
142.9833 	EXP 	fixationITI: autoDraw = False
142.9833 	EXP 	imageFam: image = 'REPSWITCH1_Fam/PICTURE_142.png'
142.9833 	EXP 	polygonWhiteFam: autoDraw = True
142.9833 	EXP 	imageFam: autoDraw = True
146.4767 	EXP 	textFam: autoDraw = True
148.9770 	EXP 	textFam: autoDraw = False
149.0118 	EXP 	polygonWhiteFam: autoDraw = False
149.0118 	EXP 	imageFam: autoDraw = False
149.0118 	EXP 	polygonWhiteFam: autoDraw = False
149.0118 	EXP 	imageFam: autoDraw = False
149.0118 	EXP 	textFam: autoDraw = False
149.0118 	EXP 	textBlankLoop: autoDraw = True
149.5052 	EXP 	New trial (rep=0, index=16): {'image': 'REPSWITCH1_Fam/PICTURE_175.png', 'correctAns': 'pintor'}
149.5119 	EXP 	textBlankLoop: autoDraw = False
149.5119 	EXP 	textBlankLoop: autoDraw = False
149.5119 	EXP 	fixationITI: autoDraw = True
150.6301 	EXP 	fixationITI: autoDraw = False
150.6301 	EXP 	fixationITI: autoDraw = False
150.6301 	EXP 	imageFam: image = 'REPSWITCH1_Fam/PICTURE_175.png'
150.6301 	EXP 	polygonWhiteFam: autoDraw = True
150.6301 	EXP 	imageFam: autoDraw = True
154.1236 	EXP 	textFam: autoDraw = True
156.6239 	EXP 	textFam: autoDraw = False
156.6587 	EXP 	polygonWhiteFam: autoDraw = False
156.6587 	EXP 	imageFam: autoDraw = False
156.6587 	EXP 	polygonWhiteFam: autoDraw = False
156.6587 	EXP 	imageFam: autoDraw = False
156.6587 	EXP 	textFam: autoDraw = False
156.6587 	EXP 	textBlankLoop: autoDraw = True
157.1520 	EXP 	New trial (rep=0, index=17): {'image': 'REPSWITCH1_Fam/PICTURE_338.png', 'correctAns': 'regalo'}
157.1587 	EXP 	textBlankLoop: autoDraw = False
157.1587 	EXP 	textBlankLoop: autoDraw = False
157.1587 	EXP 	fixationITI: autoDraw = True
158.3672 	EXP 	fixationITI: autoDraw = False
158.3672 	EXP 	fixationITI: autoDraw = False
158.3672 	EXP 	imageFam: image = 'REPSWITCH1_Fam/PICTURE_338.png'
158.3672 	EXP 	polygonWhiteFam: autoDraw = True
158.3672 	EXP 	imageFam: autoDraw = True
161.8607 	EXP 	textFam: autoDraw = True
164.3611 	EXP 	textFam: autoDraw = False
164.3958 	EXP 	polygonWhiteFam: autoDraw = False
164.3958 	EXP 	imageFam: autoDraw = False
164.3958 	EXP 	polygonWhiteFam: autoDraw = False
164.3958 	EXP 	imageFam: autoDraw = False
164.3958 	EXP 	textFam: autoDraw = False
164.3958 	EXP 	textBlankLoop: autoDraw = True
164.8891 	EXP 	New trial (rep=0, index=18): {'image': 'REPSWITCH1_Fam/PICTURE_30.png', 'correctAns': 'granja'}
164.8958 	EXP 	textBlankLoop: autoDraw = False
164.8958 	EXP 	textBlankLoop: autoDraw = False
164.8958 	EXP 	fixationITI: autoDraw = True
165.9307 	EXP 	fixationITI: autoDraw = False
165.9307 	EXP 	fixationITI: autoDraw = False
165.9307 	EXP 	imageFam: image = 'REPSWITCH1_Fam/PICTURE_30.png'
165.9307 	EXP 	polygonWhiteFam: autoDraw = True
165.9307 	EXP 	imageFam: autoDraw = True
169.4242 	EXP 	textFam: autoDraw = True
171.9245 	EXP 	textFam: autoDraw = False
171.9593 	EXP 	polygonWhiteFam: autoDraw = False
171.9593 	EXP 	imageFam: autoDraw = False
171.9593 	EXP 	polygonWhiteFam: autoDraw = False
171.9593 	EXP 	imageFam: autoDraw = False
171.9593 	EXP 	textFam: autoDraw = False
171.9593 	EXP 	textBlankLoop: autoDraw = True
172.4526 	EXP 	New trial (rep=0, index=19): {'image': 'REPSWITCH1_Fam/PICTURE_498.png', 'correctAns': 'taza'}
172.4593 	EXP 	textBlankLoop: autoDraw = False
172.4593 	EXP 	textBlankLoop: autoDraw = False
172.4593 	EXP 	fixationITI: autoDraw = True
173.5428 	EXP 	fixationITI: autoDraw = False
173.5428 	EXP 	fixationITI: autoDraw = False
173.5428 	EXP 	imageFam: image = 'REPSWITCH1_Fam/PICTURE_498.png'
173.5428 	EXP 	polygonWhiteFam: autoDraw = True
173.5428 	EXP 	imageFam: autoDraw = True
177.0363 	EXP 	textFam: autoDraw = True
179.5366 	EXP 	textFam: autoDraw = False
179.5714 	EXP 	polygonWhiteFam: autoDraw = False
179.5714 	EXP 	imageFam: autoDraw = False
179.5714 	EXP 	polygonWhiteFam: autoDraw = False
179.5714 	EXP 	imageFam: autoDraw = False
179.5714 	EXP 	textFam: autoDraw = False
179.5714 	EXP 	textBlankLoop: autoDraw = True
180.0648 	EXP 	New trial (rep=0, index=20): {'image': 'REPSWITCH1_Fam/PICTURE_663.png', 'correctAns': 'columna'}
180.0715 	EXP 	textBlankLoop: autoDraw = False
180.0715 	EXP 	textBlankLoop: autoDraw = False
180.0715 	EXP 	fixationITI: autoDraw = True
181.1827 	EXP 	fixationITI: autoDraw = False
181.1827 	EXP 	fixationITI: autoDraw = False
181.1827 	EXP 	imageFam: image = 'REPSWITCH1_Fam/PICTURE_663.png'
181.1827 	EXP 	polygonWhiteFam: autoDraw = True
181.1827 	EXP 	imageFam: autoDraw = True
184.6762 	EXP 	textFam: autoDraw = True
187.1765 	EXP 	textFam: autoDraw = False
187.2112 	EXP 	polygonWhiteFam: autoDraw = False
187.2112 	EXP 	imageFam: autoDraw = False
187.2112 	EXP 	polygonWhiteFam: autoDraw = False
187.2112 	EXP 	imageFam: autoDraw = False
187.2112 	EXP 	textFam: autoDraw = False
187.2112 	EXP 	textBlankLoop: autoDraw = True
187.7046 	EXP 	New trial (rep=0, index=21): {'image': 'REPSWITCH1_Fam/PICTURE_319.png', 'correctAns': 'vaca'}
187.7113 	EXP 	textBlankLoop: autoDraw = False
187.7113 	EXP 	textBlankLoop: autoDraw = False
187.7113 	EXP 	fixationITI: autoDraw = True
188.7393 	EXP 	fixationITI: autoDraw = False
188.7393 	EXP 	fixationITI: autoDraw = False
188.7393 	EXP 	imageFam: image = 'REPSWITCH1_Fam/PICTURE_319.png'
188.7393 	EXP 	polygonWhiteFam: autoDraw = True
188.7393 	EXP 	imageFam: autoDraw = True
192.2327 	EXP 	textFam: autoDraw = True
194.7330 	EXP 	textFam: autoDraw = False
194.7678 	EXP 	polygonWhiteFam: autoDraw = False
194.7678 	EXP 	imageFam: autoDraw = False
194.7678 	EXP 	polygonWhiteFam: autoDraw = False
194.7678 	EXP 	imageFam: autoDraw = False
194.7678 	EXP 	textFam: autoDraw = False
194.7678 	EXP 	textBlankLoop: autoDraw = True
195.2611 	EXP 	New trial (rep=0, index=22): {'image': 'REPSWITCH1_Fam/PICTURE_19.png', 'correctAns': 'pavo'}
195.2678 	EXP 	textBlankLoop: autoDraw = False
195.2678 	EXP 	textBlankLoop: autoDraw = False
195.2678 	EXP 	fixationITI: autoDraw = True
196.2958 	EXP 	fixationITI: autoDraw = False
196.2958 	EXP 	fixationITI: autoDraw = False
196.2958 	EXP 	imageFam: image = 'REPSWITCH1_Fam/PICTURE_19.png'
196.2958 	EXP 	polygonWhiteFam: autoDraw = True
196.2958 	EXP 	imageFam: autoDraw = True
199.7893 	EXP 	textFam: autoDraw = True
202.2896 	EXP 	textFam: autoDraw = False
202.3243 	EXP 	polygonWhiteFam: autoDraw = False
202.3243 	EXP 	imageFam: autoDraw = False
202.3243 	EXP 	polygonWhiteFam: autoDraw = False
202.3243 	EXP 	imageFam: autoDraw = False
202.3243 	EXP 	textFam: autoDraw = False
202.3243 	EXP 	textBlankLoop: autoDraw = True
202.8177 	EXP 	New trial (rep=0, index=23): {'image': 'REPSWITCH1_Fam/PICTURE_135.png', 'correctAns': 'traje'}
202.8245 	EXP 	textBlankLoop: autoDraw = False
202.8245 	EXP 	textBlankLoop: autoDraw = False
202.8245 	EXP 	fixationITI: autoDraw = True
203.9149 	EXP 	fixationITI: autoDraw = False
203.9149 	EXP 	fixationITI: autoDraw = False
203.9149 	EXP 	imageFam: image = 'REPSWITCH1_Fam/PICTURE_135.png'
203.9149 	EXP 	polygonWhiteFam: autoDraw = True
203.9149 	EXP 	imageFam: autoDraw = True
207.4083 	EXP 	textFam: autoDraw = True
209.9087 	EXP 	textFam: autoDraw = False
209.9435 	EXP 	polygonWhiteFam: autoDraw = False
209.9435 	EXP 	imageFam: autoDraw = False
209.9435 	EXP 	polygonWhiteFam: autoDraw = False
209.9435 	EXP 	imageFam: autoDraw = False
209.9435 	EXP 	textFam: autoDraw = False
209.9435 	EXP 	textBlankLoop: autoDraw = True
210.4368 	EXP 	New trial (rep=0, index=24): {'image': 'REPSWITCH1_Fam/PICTURE_320.png', 'correctAns': 'iglesia'}
210.4435 	EXP 	textBlankLoop: autoDraw = False
210.4435 	EXP 	textBlankLoop: autoDraw = False
210.4435 	EXP 	fixationITI: autoDraw = True
211.6173 	EXP 	fixationITI: autoDraw = False
211.6173 	EXP 	fixationITI: autoDraw = False
211.6173 	EXP 	imageFam: image = 'REPSWITCH1_Fam/PICTURE_320.png'
211.6173 	EXP 	polygonWhiteFam: autoDraw = True
211.6173 	EXP 	imageFam: autoDraw = True
215.1108 	EXP 	textFam: autoDraw = True
217.6110 	EXP 	textFam: autoDraw = False
217.6458 	EXP 	polygonWhiteFam: autoDraw = False
217.6458 	EXP 	imageFam: autoDraw = False
217.6458 	EXP 	polygonWhiteFam: autoDraw = False
217.6458 	EXP 	imageFam: autoDraw = False
217.6458 	EXP 	textFam: autoDraw = False
217.6458 	EXP 	textBlankLoop: autoDraw = True
218.1392 	EXP 	New trial (rep=0, index=25): {'image': 'REPSWITCH1_Fam/PICTURE_719.png', 'correctAns': 'baño'}
218.1459 	EXP 	textBlankLoop: autoDraw = False
218.1459 	EXP 	textBlankLoop: autoDraw = False
218.1459 	EXP 	fixationITI: autoDraw = True
219.1946 	EXP 	fixationITI: autoDraw = False
219.1946 	EXP 	fixationITI: autoDraw = False
219.1946 	EXP 	imageFam: image = 'REPSWITCH1_Fam/PICTURE_719.png'
219.1946 	EXP 	polygonWhiteFam: autoDraw = True
219.1946 	EXP 	imageFam: autoDraw = True
222.6882 	EXP 	textFam: autoDraw = True
225.1884 	EXP 	textFam: autoDraw = False
225.2232 	EXP 	polygonWhiteFam: autoDraw = False
225.2232 	EXP 	imageFam: autoDraw = False
225.2232 	EXP 	polygonWhiteFam: autoDraw = False
225.2232 	EXP 	imageFam: autoDraw = False
225.2232 	EXP 	textFam: autoDraw = False
225.2232 	EXP 	textBlankLoop: autoDraw = True
225.7165 	EXP 	New trial (rep=0, index=26): {'image': 'REPSWITCH1_Fam/PICTURE_646.png', 'correctAns': 'tronco'}
225.7232 	EXP 	textBlankLoop: autoDraw = False
225.7232 	EXP 	textBlankLoop: autoDraw = False
225.7232 	EXP 	fixationITI: autoDraw = True
226.8554 	EXP 	fixationITI: autoDraw = False
226.8554 	EXP 	fixationITI: autoDraw = False
226.8554 	EXP 	imageFam: image = 'REPSWITCH1_Fam/PICTURE_646.png'
226.8554 	EXP 	polygonWhiteFam: autoDraw = True
226.8554 	EXP 	imageFam: autoDraw = True
230.3488 	EXP 	textFam: autoDraw = True
232.8492 	EXP 	textFam: autoDraw = False
232.8839 	EXP 	polygonWhiteFam: autoDraw = False
232.8839 	EXP 	imageFam: autoDraw = False
232.8839 	EXP 	polygonWhiteFam: autoDraw = False
232.8839 	EXP 	imageFam: autoDraw = False
232.8839 	EXP 	textFam: autoDraw = False
232.8839 	EXP 	textBlankLoop: autoDraw = True
233.3774 	EXP 	New trial (rep=0, index=27): {'image': 'REPSWITCH1_Fam/PICTURE_673.png', 'correctAns': 'tenedor'}
233.3841 	EXP 	textBlankLoop: autoDraw = False
233.3841 	EXP 	textBlankLoop: autoDraw = False
233.3841 	EXP 	fixationITI: autoDraw = True
234.5577 	EXP 	fixationITI: autoDraw = False
234.5577 	EXP 	fixationITI: autoDraw = False
234.5577 	EXP 	imageFam: image = 'REPSWITCH1_Fam/PICTURE_673.png'
234.5577 	EXP 	polygonWhiteFam: autoDraw = True
234.5577 	EXP 	imageFam: autoDraw = True
238.0512 	EXP 	textFam: autoDraw = True
240.5516 	EXP 	textFam: autoDraw = False
240.5863 	EXP 	polygonWhiteFam: autoDraw = False
240.5863 	EXP 	imageFam: autoDraw = False
240.5863 	EXP 	polygonWhiteFam: autoDraw = False
240.5863 	EXP 	imageFam: autoDraw = False
240.5863 	EXP 	textFam: autoDraw = False
240.5863 	EXP 	textBlankLoop: autoDraw = True
241.0797 	EXP 	New trial (rep=0, index=28): {'image': 'REPSWITCH1_Fam/PICTURE_612.png', 'correctAns': 'rana'}
241.0864 	EXP 	textBlankLoop: autoDraw = False
241.0864 	EXP 	textBlankLoop: autoDraw = False
241.0864 	EXP 	fixationITI: autoDraw = True
242.2462 	EXP 	fixationITI: autoDraw = False
242.2462 	EXP 	fixationITI: autoDraw = False
242.2462 	EXP 	imageFam: image = 'REPSWITCH1_Fam/PICTURE_612.png'
242.2462 	EXP 	polygonWhiteFam: autoDraw = True
242.2462 	EXP 	imageFam: autoDraw = True
245.7397 	EXP 	textFam: autoDraw = True
248.2401 	EXP 	textFam: autoDraw = False
248.2748 	EXP 	polygonWhiteFam: autoDraw = False
248.2748 	EXP 	imageFam: autoDraw = False
248.2748 	EXP 	polygonWhiteFam: autoDraw = False
248.2748 	EXP 	imageFam: autoDraw = False
248.2748 	EXP 	textFam: autoDraw = False
248.2748 	EXP 	textBlankLoop: autoDraw = True
248.7682 	EXP 	New trial (rep=0, index=29): {'image': 'REPSWITCH1_Fam/PICTURE_381.png', 'correctAns': 'fresa'}
248.7749 	EXP 	textBlankLoop: autoDraw = False
248.7749 	EXP 	textBlankLoop: autoDraw = False
248.7749 	EXP 	fixationITI: autoDraw = True
249.8792 	EXP 	fixationITI: autoDraw = False
249.8792 	EXP 	fixationITI: autoDraw = False
249.8792 	EXP 	imageFam: image = 'REPSWITCH1_Fam/PICTURE_381.png'
249.8792 	EXP 	polygonWhiteFam: autoDraw = True
249.8792 	EXP 	imageFam: autoDraw = True
253.3727 	EXP 	textFam: autoDraw = True
255.8730 	EXP 	textFam: autoDraw = False
255.9078 	EXP 	polygonWhiteFam: autoDraw = False
255.9078 	EXP 	imageFam: autoDraw = False
255.9078 	EXP 	polygonWhiteFam: autoDraw = False
255.9078 	EXP 	imageFam: autoDraw = False
255.9078 	EXP 	textFam: autoDraw = False
255.9078 	EXP 	textBlankLoop: autoDraw = True
256.4012 	EXP 	New trial (rep=0, index=30): {'image': 'REPSWITCH1_Fam/PICTURE_391.png', 'correctAns': 'cadena'}
256.4078 	EXP 	textBlankLoop: autoDraw = False
256.4078 	EXP 	textBlankLoop: autoDraw = False
256.4078 	EXP 	fixationITI: autoDraw = True
257.5260 	EXP 	fixationITI: autoDraw = False
257.5260 	EXP 	fixationITI: autoDraw = False
257.5260 	EXP 	imageFam: image = 'REPSWITCH1_Fam/PICTURE_391.png'
257.5260 	EXP 	polygonWhiteFam: autoDraw = True
257.5260 	EXP 	imageFam: autoDraw = True
261.0195 	EXP 	textFam: autoDraw = True
263.5199 	EXP 	textFam: autoDraw = False
263.5546 	EXP 	polygonWhiteFam: autoDraw = False
263.5546 	EXP 	imageFam: autoDraw = False
263.5546 	EXP 	polygonWhiteFam: autoDraw = False
263.5546 	EXP 	imageFam: autoDraw = False
263.5546 	EXP 	textFam: autoDraw = False
263.5546 	EXP 	textBlankLoop: autoDraw = True
264.0479 	EXP 	New trial (rep=0, index=31): {'image': 'REPSWITCH1_Fam/PICTURE_517.png', 'correctAns': 'cuerda'}
264.0547 	EXP 	textBlankLoop: autoDraw = False
264.0547 	EXP 	textBlankLoop: autoDraw = False
264.0547 	EXP 	fixationITI: autoDraw = True
265.0965 	EXP 	fixationITI: autoDraw = False
265.0965 	EXP 	fixationITI: autoDraw = False
265.0965 	EXP 	imageFam: image = 'REPSWITCH1_Fam/PICTURE_517.png'
265.0965 	EXP 	polygonWhiteFam: autoDraw = True
265.0965 	EXP 	imageFam: autoDraw = True
268.5900 	EXP 	textFam: autoDraw = True
271.0903 	EXP 	textFam: autoDraw = False
271.1250 	EXP 	polygonWhiteFam: autoDraw = False
271.1250 	EXP 	imageFam: autoDraw = False
271.1250 	EXP 	polygonWhiteFam: autoDraw = False
271.1250 	EXP 	imageFam: autoDraw = False
271.1250 	EXP 	textFam: autoDraw = False
271.1250 	EXP 	textBlankLoop: autoDraw = True
271.6184 	EXP 	New trial (rep=0, index=32): {'image': 'REPSWITCH1_Fam/PICTURE_614.png', 'correctAns': 'reina'}
271.6251 	EXP 	textBlankLoop: autoDraw = False
271.6251 	EXP 	textBlankLoop: autoDraw = False
271.6251 	EXP 	fixationITI: autoDraw = True
272.7641 	EXP 	fixationITI: autoDraw = False
272.7641 	EXP 	fixationITI: autoDraw = False
272.7641 	EXP 	imageFam: image = 'REPSWITCH1_Fam/PICTURE_614.png'
272.7641 	EXP 	polygonWhiteFam: autoDraw = True
272.7641 	EXP 	imageFam: autoDraw = True
276.2576 	EXP 	textFam: autoDraw = True
278.7580 	EXP 	textFam: autoDraw = False
278.7927 	EXP 	polygonWhiteFam: autoDraw = False
278.7927 	EXP 	imageFam: autoDraw = False
278.7927 	EXP 	polygonWhiteFam: autoDraw = False
278.7927 	EXP 	imageFam: autoDraw = False
278.7927 	EXP 	textFam: autoDraw = False
278.7927 	EXP 	textBlankLoop: autoDraw = True
279.2862 	EXP 	New trial (rep=0, index=33): {'image': 'REPSWITCH1_Fam/PICTURE_340.png', 'correctAns': 'espejo'}
279.2927 	EXP 	textBlankLoop: autoDraw = False
279.2927 	EXP 	textBlankLoop: autoDraw = False
279.2927 	EXP 	fixationITI: autoDraw = True
280.3415 	EXP 	fixationITI: autoDraw = False
280.3415 	EXP 	fixationITI: autoDraw = False
280.3415 	EXP 	imageFam: image = 'REPSWITCH1_Fam/PICTURE_340.png'
280.3415 	EXP 	polygonWhiteFam: autoDraw = True
280.3415 	EXP 	imageFam: autoDraw = True
283.8350 	EXP 	textFam: autoDraw = True
286.3354 	EXP 	textFam: autoDraw = False
286.3701 	EXP 	polygonWhiteFam: autoDraw = False
286.3701 	EXP 	imageFam: autoDraw = False
286.3701 	EXP 	polygonWhiteFam: autoDraw = False
286.3701 	EXP 	imageFam: autoDraw = False
286.3701 	EXP 	textFam: autoDraw = False
286.3701 	EXP 	textBlankLoop: autoDraw = True
286.8635 	EXP 	New trial (rep=0, index=34): {'image': 'REPSWITCH1_Fam/PICTURE_152.png', 'correctAns': 'caracol'}
286.8701 	EXP 	textBlankLoop: autoDraw = False
286.8701 	EXP 	textBlankLoop: autoDraw = False
286.8701 	EXP 	fixationITI: autoDraw = True
288.0161 	EXP 	fixationITI: autoDraw = False
288.0161 	EXP 	fixationITI: autoDraw = False
288.0161 	EXP 	imageFam: image = 'REPSWITCH1_Fam/PICTURE_152.png'
288.0161 	EXP 	polygonWhiteFam: autoDraw = True
288.0161 	EXP 	imageFam: autoDraw = True
291.5096 	EXP 	textFam: autoDraw = True
294.0100 	EXP 	textFam: autoDraw = False
294.0447 	EXP 	polygonWhiteFam: autoDraw = False
294.0447 	EXP 	imageFam: autoDraw = False
294.0447 	EXP 	polygonWhiteFam: autoDraw = False
294.0447 	EXP 	imageFam: autoDraw = False
294.0447 	EXP 	textFam: autoDraw = False
294.0447 	EXP 	textBlankLoop: autoDraw = True
294.5380 	EXP 	New trial (rep=0, index=35): {'image': 'REPSWITCH1_Fam/PICTURE_264.png', 'correctAns': 'mano'}
294.5448 	EXP 	textBlankLoop: autoDraw = False
294.5448 	EXP 	textBlankLoop: autoDraw = False
294.5448 	EXP 	fixationITI: autoDraw = True
295.5797 	EXP 	fixationITI: autoDraw = False
295.5797 	EXP 	fixationITI: autoDraw = False
295.5797 	EXP 	imageFam: image = 'REPSWITCH1_Fam/PICTURE_264.png'
295.5797 	EXP 	polygonWhiteFam: autoDraw = True
295.5797 	EXP 	imageFam: autoDraw = True
299.0732 	EXP 	textFam: autoDraw = True
301.5735 	EXP 	textFam: autoDraw = False
301.6082 	EXP 	polygonWhiteFam: autoDraw = False
301.6082 	EXP 	imageFam: autoDraw = False
301.6082 	EXP 	polygonWhiteFam: autoDraw = False
301.6082 	EXP 	imageFam: autoDraw = False
301.6082 	EXP 	textFam: autoDraw = False
301.6082 	EXP 	textBlankLoop: autoDraw = True
302.1017 	EXP 	New trial (rep=0, index=36): {'image': 'REPSWITCH1_Fam/PICTURE_552.png', 'correctAns': 'manzana'}
302.1083 	EXP 	textBlankLoop: autoDraw = False
302.1083 	EXP 	textBlankLoop: autoDraw = False
302.1083 	EXP 	fixationITI: autoDraw = True
303.2195 	EXP 	fixationITI: autoDraw = False
303.2195 	EXP 	fixationITI: autoDraw = False
303.2195 	EXP 	imageFam: image = 'REPSWITCH1_Fam/PICTURE_552.png'
303.2195 	EXP 	polygonWhiteFam: autoDraw = True
303.2195 	EXP 	imageFam: autoDraw = True
306.7130 	EXP 	textFam: autoDraw = True
309.2133 	EXP 	textFam: autoDraw = False
309.2481 	EXP 	polygonWhiteFam: autoDraw = False
309.2481 	EXP 	imageFam: autoDraw = False
309.2481 	EXP 	polygonWhiteFam: autoDraw = False
309.2481 	EXP 	imageFam: autoDraw = False
309.2481 	EXP 	textFam: autoDraw = False
309.2481 	EXP 	textBlankLoop: autoDraw = True
309.7414 	EXP 	New trial (rep=0, index=37): {'image': 'REPSWITCH1_Fam/PICTURE_128.png', 'correctAns': 'muñeca'}
309.7482 	EXP 	textBlankLoop: autoDraw = False
309.7482 	EXP 	textBlankLoop: autoDraw = False
309.7482 	EXP 	fixationITI: autoDraw = True
311.0400 	EXP 	fixationITI: autoDraw = False
311.0400 	EXP 	fixationITI: autoDraw = False
311.0400 	EXP 	imageFam: image = 'REPSWITCH1_Fam/PICTURE_128.png'
311.0400 	EXP 	polygonWhiteFam: autoDraw = True
311.0400 	EXP 	imageFam: autoDraw = True
314.5335 	EXP 	textFam: autoDraw = True
317.0338 	EXP 	textFam: autoDraw = False
317.0686 	EXP 	polygonWhiteFam: autoDraw = False
317.0686 	EXP 	imageFam: autoDraw = False
317.0686 	EXP 	polygonWhiteFam: autoDraw = False
317.0686 	EXP 	imageFam: autoDraw = False
317.0686 	EXP 	textFam: autoDraw = False
317.0686 	EXP 	textBlankLoop: autoDraw = True
317.5619 	EXP 	New trial (rep=0, index=38): {'image': 'REPSWITCH1_Fam/PICTURE_35.png', 'correctAns': 'oreja'}
317.5686 	EXP 	textBlankLoop: autoDraw = False
317.5686 	EXP 	textBlankLoop: autoDraw = False
317.5686 	EXP 	fixationITI: autoDraw = True
318.6660 	EXP 	fixationITI: autoDraw = False
318.6660 	EXP 	fixationITI: autoDraw = False
318.6660 	EXP 	imageFam: image = 'REPSWITCH1_Fam/PICTURE_35.png'
318.6660 	EXP 	polygonWhiteFam: autoDraw = True
318.6660 	EXP 	imageFam: autoDraw = True
322.1595 	EXP 	textFam: autoDraw = True
324.6599 	EXP 	textFam: autoDraw = False
324.6946 	EXP 	polygonWhiteFam: autoDraw = False
324.6946 	EXP 	imageFam: autoDraw = False
324.6946 	EXP 	polygonWhiteFam: autoDraw = False
324.6946 	EXP 	imageFam: autoDraw = False
324.6946 	EXP 	textFam: autoDraw = False
324.6946 	EXP 	textBlankLoop: autoDraw = True
325.1879 	EXP 	New trial (rep=0, index=39): {'image': 'REPSWITCH1_Fam/PICTURE_271.png', 'correctAns': 'conejo'}
325.1946 	EXP 	textBlankLoop: autoDraw = False
325.1946 	EXP 	textBlankLoop: autoDraw = False
325.1946 	EXP 	fixationITI: autoDraw = True
326.2503 	EXP 	fixationITI: autoDraw = False
326.2503 	EXP 	fixationITI: autoDraw = False
326.2503 	EXP 	imageFam: image = 'REPSWITCH1_Fam/PICTURE_271.png'
326.2503 	EXP 	polygonWhiteFam: autoDraw = True
326.2503 	EXP 	imageFam: autoDraw = True
329.7438 	EXP 	textFam: autoDraw = True
332.2442 	EXP 	textFam: autoDraw = False
332.2789 	EXP 	polygonWhiteFam: autoDraw = False
332.2789 	EXP 	imageFam: autoDraw = False
332.2789 	EXP 	polygonWhiteFam: autoDraw = False
332.2789 	EXP 	imageFam: autoDraw = False
332.2789 	EXP 	textFam: autoDraw = False
332.2789 	EXP 	textBlankLoop: autoDraw = True
332.7722 	EXP 	New trial (rep=0, index=40): {'image': 'REPSWITCH1_Fam/PICTURE_178.png', 'correctAns': 'puente'}
332.7789 	EXP 	textBlankLoop: autoDraw = False
332.7789 	EXP 	textBlankLoop: autoDraw = False
332.7789 	EXP 	fixationITI: autoDraw = True
333.9041 	EXP 	fixationITI: autoDraw = False
333.9041 	EXP 	fixationITI: autoDraw = False
333.9041 	EXP 	imageFam: image = 'REPSWITCH1_Fam/PICTURE_178.png'
333.9041 	EXP 	polygonWhiteFam: autoDraw = True
333.9041 	EXP 	imageFam: autoDraw = True
337.3976 	EXP 	textFam: autoDraw = True
339.8979 	EXP 	textFam: autoDraw = False
339.9327 	EXP 	polygonWhiteFam: autoDraw = False
339.9327 	EXP 	imageFam: autoDraw = False
339.9327 	EXP 	polygonWhiteFam: autoDraw = False
339.9327 	EXP 	imageFam: autoDraw = False
339.9327 	EXP 	textFam: autoDraw = False
339.9327 	EXP 	textBlankLoop: autoDraw = True
340.4260 	EXP 	New trial (rep=0, index=41): {'image': 'REPSWITCH1_Fam/PICTURE_687.png', 'correctAns': 'camisa'}
340.4328 	EXP 	textBlankLoop: autoDraw = False
340.4328 	EXP 	textBlankLoop: autoDraw = False
340.4328 	EXP 	fixationITI: autoDraw = True
341.5301 	EXP 	fixationITI: autoDraw = False
341.5301 	EXP 	fixationITI: autoDraw = False
341.5301 	EXP 	imageFam: image = 'REPSWITCH1_Fam/PICTURE_687.png'
341.5301 	EXP 	polygonWhiteFam: autoDraw = True
341.5301 	EXP 	imageFam: autoDraw = True
345.0236 	EXP 	textFam: autoDraw = True
347.5239 	EXP 	textFam: autoDraw = False
347.5587 	EXP 	polygonWhiteFam: autoDraw = False
347.5587 	EXP 	imageFam: autoDraw = False
347.5587 	EXP 	polygonWhiteFam: autoDraw = False
347.5587 	EXP 	imageFam: autoDraw = False
347.5587 	EXP 	textFam: autoDraw = False
347.5587 	EXP 	textBlankLoop: autoDraw = True
348.0520 	EXP 	New trial (rep=0, index=42): {'image': 'REPSWITCH1_Fam/PICTURE_12.png', 'correctAns': 'sirena'}
348.0587 	EXP 	textBlankLoop: autoDraw = False
348.0587 	EXP 	textBlankLoop: autoDraw = False
348.0587 	EXP 	fixationITI: autoDraw = True
349.1700 	EXP 	fixationITI: autoDraw = False
349.1700 	EXP 	fixationITI: autoDraw = False
349.1700 	EXP 	imageFam: image = 'REPSWITCH1_Fam/PICTURE_12.png'
349.1700 	EXP 	polygonWhiteFam: autoDraw = True
349.1700 	EXP 	imageFam: autoDraw = True
352.6635 	EXP 	textFam: autoDraw = True
355.1638 	EXP 	textFam: autoDraw = False
355.1986 	EXP 	polygonWhiteFam: autoDraw = False
355.1986 	EXP 	imageFam: autoDraw = False
355.1986 	EXP 	polygonWhiteFam: autoDraw = False
355.1986 	EXP 	imageFam: autoDraw = False
355.1986 	EXP 	textFam: autoDraw = False
355.1986 	EXP 	textBlankLoop: autoDraw = True
355.6919 	EXP 	New trial (rep=0, index=43): {'image': 'REPSWITCH1_Fam/PICTURE_733.png', 'correctAns': 'gafas'}
355.6986 	EXP 	textBlankLoop: autoDraw = False
355.6986 	EXP 	textBlankLoop: autoDraw = False
355.6986 	EXP 	fixationITI: autoDraw = True
356.7890 	EXP 	fixationITI: autoDraw = False
356.7890 	EXP 	fixationITI: autoDraw = False
356.7890 	EXP 	imageFam: image = 'REPSWITCH1_Fam/PICTURE_733.png'
356.7890 	EXP 	polygonWhiteFam: autoDraw = True
356.7890 	EXP 	imageFam: autoDraw = True
360.2826 	EXP 	textFam: autoDraw = True
362.7830 	EXP 	textFam: autoDraw = False
362.8177 	EXP 	polygonWhiteFam: autoDraw = False
362.8177 	EXP 	imageFam: autoDraw = False
362.8177 	EXP 	polygonWhiteFam: autoDraw = False
362.8177 	EXP 	imageFam: autoDraw = False
362.8177 	EXP 	textFam: autoDraw = False
362.8177 	EXP 	textBlankLoop: autoDraw = True
363.3110 	EXP 	New trial (rep=0, index=44): {'image': 'REPSWITCH1_Fam/PICTURE_110.png', 'correctAns': 'mesa'}
363.3177 	EXP 	textBlankLoop: autoDraw = False
363.3177 	EXP 	textBlankLoop: autoDraw = False
363.3177 	EXP 	fixationITI: autoDraw = True
364.4428 	EXP 	fixationITI: autoDraw = False
364.4428 	EXP 	fixationITI: autoDraw = False
364.4428 	EXP 	imageFam: image = 'REPSWITCH1_Fam/PICTURE_110.png'
364.4428 	EXP 	polygonWhiteFam: autoDraw = True
364.4428 	EXP 	imageFam: autoDraw = True
367.9363 	EXP 	textFam: autoDraw = True
370.4367 	EXP 	textFam: autoDraw = False
370.4714 	EXP 	polygonWhiteFam: autoDraw = False
370.4714 	EXP 	imageFam: autoDraw = False
370.4714 	EXP 	polygonWhiteFam: autoDraw = False
370.4714 	EXP 	imageFam: autoDraw = False
370.4714 	EXP 	textFam: autoDraw = False
370.4714 	EXP 	textBlankLoop: autoDraw = True
370.9715 	EXP 	textBlankLoop: autoDraw = False
370.9715 	EXP 	textBlankLoop: autoDraw = False
370.9715 	EXP 	textboxEndFam: autoDraw = True
375.0100 	DATA 	Keypress: space
375.0137 	EXP 	textboxEndFam: autoDraw = False
375.0450 	EXP 	window1: mouseVisible = True
