7.2140 	EXP 	Created window1 = Window(allowGUI=True, allowStencil=False, autoLog=True, backendConf=UNKNOWN, bitsMode=UNKNOWN, blendMode='avg', bpc=(8, 8, 8), color=array([0, 0, 0]), colorSpace='rgb', depthBits=8, fullscr=<method-wrapper '__getattribute__' of attributeSetter object at 0x0000029F68A7AAF0>, gamma=None, gammaErrorPolicy='raise', lms=UNKNOWN, monitor=<psychopy.monitors.calibTools.Monitor object at 0x0000029F6EBCB460>, multiSample=False, name='window1', numSamples=2, pos=(0, 0), screen=0, size=array([1920, 1080]), stencilBits=0, stereo=False, units='height', useFBO=True, useRetina=False, viewOri=0.0, viewPos=None, viewScale=None, waitBlanking=True, winType='pyglet')
7.2141 	EXP 	window1: mouseVisible = True
7.2141 	EXP 	window1: mouseVisible = False
7.2141 	EXP 	window1: Attempting to measure frame rate of screen (0) ...
7.2141 	EXP 	window1: recordFrameIntervals = False
7.2832 	EXP 	window1: recordFrameIntervals = True
7.3597 	EXP 	Screen (0) actual frame rate measured at 143.92Hz
7.3597 	EXP 	window1: recordFrameIntervals = False
8.7555 	EXP 	Created textWelcomeFam = TextStim(__class__=<class 'psychopy.visual.text.TextStim'>, alignHoriz=method-wrapper(...), alignText='center', alignVert=method-wrapper(...), anchorHoriz='center', anchorVert='center', antialias=True, autoDraw=False, autoLog=True, bold=False, color=array([1, 1, 1]), colorSpace='rgb', contrast=1.0, depth=0.0, flipHoriz=False, flipVert=False, font='Open Sans', fontFiles=[], height=0.05, italic=False, languageStyle='LTR', name='textWelcomeFam', opacity=1.0, ori=0.0, pos=array([0., 0.]), rgb=UNKNOWN, text='Bienvenido/a al experimento!', units='height', win=Window(...), wrapWidth=1)
8.7985 	EXP 	Created fixationITI = ShapeStim(__class__=<class 'psychopy.visual.shape.ShapeStim'>, anchor=('center', 'center'), autoDraw=False, autoLog=True, closeShape=True, color=method-wrapper(...), colorSpace='rgb', contrast=None, depth=0.0, fillColor=array([1, 1, 1]), fillColorSpace='rgb', fillRGB=array([1, 1, 1]), interpolate=True, lineColor=array([1, 1, 1]), lineColorSpace='rgb', lineRGB=array([1, 1, 1]), lineWidth=1.0, name='fixationITI', opacity=1.0, ori=0.0, pos=array([0., 0.]), size=array([0.1, 0.1]), units='height', vertices=ndarray(...), win=Window(...), windingRule=None)
8.7991 	EXP 	Created polygonWhiteFam = Rect(__class__=<class 'psychopy.visual.rect.Rect'>, anchor=('center', 'center'), autoDraw=False, autoLog=True, closeShape=True, color=method-wrapper(...), colorSpace='rgb', contrast=None, depth=0.0, fillColor=array([1, 1, 1]), fillColorSpace='rgb', fillRGB=array([1, 1, 1]), interpolate=True, lineColor=array([1, 1, 1]), lineColorSpace='rgb', lineRGB=array([1, 1, 1]), lineWidth=1.0, name='polygonWhiteFam', opacity=1.0, ori=0.0, pos=array([0., 0.]), size=array([0.5, 0.5]), units='height', vertices=ndarray(...), win=Window(...))
8.8021 	EXP 	Created imageFam = ImageStim(__class__=<class 'psychopy.visual.image.ImageStim'>, anchor=('center', 'center'), autoLog=True, color=array([1, 1, 1]), colorSpace='rgb', contrast=1.0, depth=-1.0, flipHoriz=False, flipVert=False, image='sin', interpolate=True, mask=None, maskParams=None, name='imageFam', opacity=1.0, ori=0.0, pos=array([0., 0.]), size=array([0.5, 0.5]), texRes=128.0, units='height', win=Window(...))
8.8025 	EXP 	Created textFam = TextStim(__class__=<class 'psychopy.visual.text.TextStim'>, alignHoriz=method-wrapper(...), alignText='center', alignVert=method-wrapper(...), anchorHoriz='center', anchorVert='center', antialias=True, autoDraw=False, autoLog=True, bold=False, color=array([1, 1, 1]), colorSpace='rgb', contrast=1.0, depth=-2.0, flipHoriz=False, flipVert=False, font='Open Sans', fontFiles=[], height=0.05, italic=False, languageStyle='LTR', name='textFam', opacity=1.0, ori=0.0, pos=array([ 0. , -0.3]), rgb=UNKNOWN, text='', units='height', win=Window(...), wrapWidth=1)
8.8492 	EXP 	Created textBlankLoop = TextStim(__class__=<class 'psychopy.visual.text.TextStim'>, alignHoriz=method-wrapper(...), alignText='center', alignVert=method-wrapper(...), anchorHoriz='center', anchorVert='center', antialias=True, autoDraw=False, autoLog=True, bold=False, color=array([1, 1, 1]), colorSpace='rgb', contrast=1.0, depth=0.0, flipHoriz=False, flipVert=False, font='Open Sans', fontFiles=[], height=0.05, italic=False, languageStyle='LTR', name='textBlankLoop', opacity=1.0, ori=0.0, pos=array([0., 0.]), rgb=UNKNOWN, text='', units='height', win=Window(...), wrapWidth=1)
8.8720 	EXP 	textboxInstrFam: autoLog = True
8.8720 	EXP 	textboxEndFam: autoLog = True
8.8720 	EXP 	textWelcomeFam: autoDraw = True
10.8671 	EXP 	textWelcomeFam: autoDraw = False
10.8671 	EXP 	textboxInstrFam: autoDraw = True
19.6173 	EXP 	Imported repswitch_fam.xlsx as conditions, 45 conditions, 2 params
19.6178 	EXP 	Created sequence: random, trialTypes=45, nReps=1, seed=None
19.6179 	EXP 	New trial (rep=0, index=0): {'image': 'REPSWITCH1_Fam/PICTURE_319.png', 'correctAns': 'vaca'}
19.6186 	DATA 	Keypress: space
19.6251 	EXP 	textboxInstrFam: autoDraw = False
19.6251 	EXP 	fixationITI: autoDraw = True
20.7780 	EXP 	fixationITI: autoDraw = False
20.7780 	EXP 	fixationITI: autoDraw = False
20.7780 	EXP 	imageFam: image = 'REPSWITCH1_Fam/PICTURE_319.png'
20.7780 	EXP 	polygonWhiteFam: autoDraw = True
20.7780 	EXP 	imageFam: autoDraw = True
24.2715 	EXP 	textFam: autoDraw = True
26.7719 	EXP 	textFam: autoDraw = False
26.8135 	EXP 	polygonWhiteFam: autoDraw = False
26.8135 	EXP 	imageFam: autoDraw = False
26.8135 	EXP 	polygonWhiteFam: autoDraw = False
26.8135 	EXP 	imageFam: autoDraw = False
26.8135 	EXP 	textFam: autoDraw = False
26.8135 	EXP 	textBlankLoop: autoDraw = True
27.3068 	EXP 	New trial (rep=0, index=1): {'image': 'REPSWITCH1_Fam/PICTURE_340.png', 'correctAns': 'espejo'}
27.3136 	EXP 	textBlankLoop: autoDraw = False
27.3136 	EXP 	fixationITI: autoDraw = True
28.4040 	EXP 	fixationITI: autoDraw = False
28.4040 	EXP 	fixationITI: autoDraw = False
28.4040 	EXP 	imageFam: image = 'REPSWITCH1_Fam/PICTURE_340.png'
28.4040 	EXP 	polygonWhiteFam: autoDraw = True
28.4040 	EXP 	imageFam: autoDraw = True
31.8975 	EXP 	textFam: autoDraw = True
34.3979 	EXP 	textFam: autoDraw = False
34.4327 	EXP 	polygonWhiteFam: autoDraw = False
34.4327 	EXP 	imageFam: autoDraw = False
34.4327 	EXP 	polygonWhiteFam: autoDraw = False
34.4327 	EXP 	imageFam: autoDraw = False
34.4327 	EXP 	textFam: autoDraw = False
34.4327 	EXP 	textBlankLoop: autoDraw = True
34.9259 	EXP 	New trial (rep=0, index=2): {'image': 'REPSWITCH1_Fam/PICTURE_19.png', 'correctAns': 'pavo'}
34.9327 	EXP 	textBlankLoop: autoDraw = False
34.9327 	EXP 	textBlankLoop: autoDraw = False
34.9327 	EXP 	fixationITI: autoDraw = True
35.9814 	EXP 	fixationITI: autoDraw = False
35.9814 	EXP 	fixationITI: autoDraw = False
35.9814 	EXP 	imageFam: image = 'REPSWITCH1_Fam/PICTURE_19.png'
35.9814 	EXP 	polygonWhiteFam: autoDraw = True
35.9814 	EXP 	imageFam: autoDraw = True
39.4749 	EXP 	textFam: autoDraw = True
41.9752 	EXP 	textFam: autoDraw = False
42.0100 	EXP 	polygonWhiteFam: autoDraw = False
42.0100 	EXP 	imageFam: autoDraw = False
42.0100 	EXP 	polygonWhiteFam: autoDraw = False
42.0100 	EXP 	imageFam: autoDraw = False
42.0100 	EXP 	textFam: autoDraw = False
42.0100 	EXP 	textBlankLoop: autoDraw = True
42.5033 	EXP 	New trial (rep=0, index=3): {'image': 'REPSWITCH1_Fam/PICTURE_446.png', 'correctAns': 'cerdo'}
42.5101 	EXP 	textBlankLoop: autoDraw = False
42.5101 	EXP 	textBlankLoop: autoDraw = False
42.5101 	EXP 	fixationITI: autoDraw = True
43.6699 	EXP 	fixationITI: autoDraw = False
43.6699 	EXP 	fixationITI: autoDraw = False
43.6699 	EXP 	imageFam: image = 'REPSWITCH1_Fam/PICTURE_446.png'
43.6699 	EXP 	polygonWhiteFam: autoDraw = True
43.6699 	EXP 	imageFam: autoDraw = True
47.1634 	EXP 	textFam: autoDraw = True
49.6638 	EXP 	textFam: autoDraw = False
49.6985 	EXP 	polygonWhiteFam: autoDraw = False
49.6985 	EXP 	imageFam: autoDraw = False
49.6985 	EXP 	polygonWhiteFam: autoDraw = False
49.6985 	EXP 	imageFam: autoDraw = False
49.6985 	EXP 	textFam: autoDraw = False
49.6985 	EXP 	textBlankLoop: autoDraw = True
50.1919 	EXP 	New trial (rep=0, index=4): {'image': 'REPSWITCH1_Fam/PICTURE_8.png', 'correctAns': 'pierna'}
50.1986 	EXP 	textBlankLoop: autoDraw = False
50.1986 	EXP 	textBlankLoop: autoDraw = False
50.1986 	EXP 	fixationITI: autoDraw = True
51.2821 	EXP 	fixationITI: autoDraw = False
51.2821 	EXP 	fixationITI: autoDraw = False
51.2821 	EXP 	imageFam: image = 'REPSWITCH1_Fam/PICTURE_8.png'
51.2821 	EXP 	polygonWhiteFam: autoDraw = True
51.2821 	EXP 	imageFam: autoDraw = True
54.7755 	EXP 	textFam: autoDraw = True
57.2758 	EXP 	textFam: autoDraw = False
57.3107 	EXP 	polygonWhiteFam: autoDraw = False
57.3107 	EXP 	imageFam: autoDraw = False
57.3107 	EXP 	polygonWhiteFam: autoDraw = False
57.3107 	EXP 	imageFam: autoDraw = False
57.3107 	EXP 	textFam: autoDraw = False
57.3107 	EXP 	textBlankLoop: autoDraw = True
57.8040 	EXP 	New trial (rep=0, index=5): {'image': 'REPSWITCH1_Fam/PICTURE_235.png', 'correctAns': 'aguja'}
57.8106 	EXP 	textBlankLoop: autoDraw = False
57.8106 	EXP 	textBlankLoop: autoDraw = False
57.8106 	EXP 	fixationITI: autoDraw = True
58.8872 	EXP 	fixationITI: autoDraw = False
58.8872 	EXP 	fixationITI: autoDraw = False
58.8872 	EXP 	imageFam: image = 'REPSWITCH1_Fam/PICTURE_235.png'
58.8872 	EXP 	polygonWhiteFam: autoDraw = True
58.8872 	EXP 	imageFam: autoDraw = True
62.3807 	EXP 	textFam: autoDraw = True
64.8810 	EXP 	textFam: autoDraw = False
64.9158 	EXP 	polygonWhiteFam: autoDraw = False
64.9158 	EXP 	imageFam: autoDraw = False
64.9158 	EXP 	polygonWhiteFam: autoDraw = False
64.9158 	EXP 	imageFam: autoDraw = False
64.9158 	EXP 	textFam: autoDraw = False
64.9158 	EXP 	textBlankLoop: autoDraw = True
65.4092 	EXP 	New trial (rep=0, index=6): {'image': 'REPSWITCH1_Fam/PICTURE_498.png', 'correctAns': 'taza'}
65.4159 	EXP 	textBlankLoop: autoDraw = False
65.4159 	EXP 	textBlankLoop: autoDraw = False
65.4159 	EXP 	fixationITI: autoDraw = True
66.5966 	EXP 	fixationITI: autoDraw = False
66.5966 	EXP 	fixationITI: autoDraw = False
66.5966 	EXP 	imageFam: image = 'REPSWITCH1_Fam/PICTURE_498.png'
66.5966 	EXP 	polygonWhiteFam: autoDraw = True
66.5966 	EXP 	imageFam: autoDraw = True
70.0900 	EXP 	textFam: autoDraw = True
72.5903 	EXP 	textFam: autoDraw = False
72.6252 	EXP 	polygonWhiteFam: autoDraw = False
72.6252 	EXP 	imageFam: autoDraw = False
72.6252 	EXP 	polygonWhiteFam: autoDraw = False
72.6252 	EXP 	imageFam: autoDraw = False
72.6252 	EXP 	textFam: autoDraw = False
72.6252 	EXP 	textBlankLoop: autoDraw = True
73.1186 	EXP 	New trial (rep=0, index=7): {'image': 'REPSWITCH1_Fam/PICTURE_320.png', 'correctAns': 'iglesia'}
73.1251 	EXP 	textBlankLoop: autoDraw = False
73.1251 	EXP 	textBlankLoop: autoDraw = False
73.1251 	EXP 	fixationITI: autoDraw = True
74.2364 	EXP 	fixationITI: autoDraw = False
74.2364 	EXP 	fixationITI: autoDraw = False
74.2364 	EXP 	imageFam: image = 'REPSWITCH1_Fam/PICTURE_320.png'
74.2364 	EXP 	polygonWhiteFam: autoDraw = True
74.2364 	EXP 	imageFam: autoDraw = True
77.7299 	EXP 	textFam: autoDraw = True
80.2302 	EXP 	textFam: autoDraw = False
80.2650 	EXP 	polygonWhiteFam: autoDraw = False
80.2650 	EXP 	imageFam: autoDraw = False
80.2650 	EXP 	polygonWhiteFam: autoDraw = False
80.2650 	EXP 	imageFam: autoDraw = False
80.2650 	EXP 	textFam: autoDraw = False
80.2650 	EXP 	textBlankLoop: autoDraw = True
80.7584 	EXP 	New trial (rep=0, index=8): {'image': 'REPSWITCH1_Fam/PICTURE_12.png', 'correctAns': 'sirena'}
80.7651 	EXP 	textBlankLoop: autoDraw = False
80.7651 	EXP 	textBlankLoop: autoDraw = False
80.7651 	EXP 	fixationITI: autoDraw = True
81.8346 	EXP 	fixationITI: autoDraw = False
81.8346 	EXP 	fixationITI: autoDraw = False
81.8346 	EXP 	imageFam: image = 'REPSWITCH1_Fam/PICTURE_12.png'
81.8346 	EXP 	polygonWhiteFam: autoDraw = True
81.8346 	EXP 	imageFam: autoDraw = True
85.3281 	EXP 	textFam: autoDraw = True
87.8285 	EXP 	textFam: autoDraw = False
87.8632 	EXP 	polygonWhiteFam: autoDraw = False
87.8632 	EXP 	imageFam: autoDraw = False
87.8632 	EXP 	polygonWhiteFam: autoDraw = False
87.8632 	EXP 	imageFam: autoDraw = False
87.8632 	EXP 	textFam: autoDraw = False
87.8632 	EXP 	textBlankLoop: autoDraw = True
88.3566 	EXP 	New trial (rep=0, index=9): {'image': 'REPSWITCH1_Fam/PICTURE_175.png', 'correctAns': 'pintor'}
88.3632 	EXP 	textBlankLoop: autoDraw = False
88.3632 	EXP 	textBlankLoop: autoDraw = False
88.3632 	EXP 	fixationITI: autoDraw = True
89.5162 	EXP 	fixationITI: autoDraw = False
89.5162 	EXP 	fixationITI: autoDraw = False
89.5162 	EXP 	imageFam: image = 'REPSWITCH1_Fam/PICTURE_175.png'
89.5162 	EXP 	polygonWhiteFam: autoDraw = True
89.5162 	EXP 	imageFam: autoDraw = True
93.0097 	EXP 	textFam: autoDraw = True
95.5100 	EXP 	textFam: autoDraw = False
95.5448 	EXP 	polygonWhiteFam: autoDraw = False
95.5448 	EXP 	imageFam: autoDraw = False
95.5448 	EXP 	polygonWhiteFam: autoDraw = False
95.5448 	EXP 	imageFam: autoDraw = False
95.5448 	EXP 	textFam: autoDraw = False
95.5448 	EXP 	textBlankLoop: autoDraw = True
96.0382 	EXP 	New trial (rep=0, index=10): {'image': 'REPSWITCH1_Fam/PICTURE_599.png', 'correctAns': 'nube'}
96.0449 	EXP 	textBlankLoop: autoDraw = False
96.0449 	EXP 	textBlankLoop: autoDraw = False
96.0449 	EXP 	fixationITI: autoDraw = True
97.1283 	EXP 	fixationITI: autoDraw = False
97.1283 	EXP 	fixationITI: autoDraw = False
97.1283 	EXP 	imageFam: image = 'REPSWITCH1_Fam/PICTURE_599.png'
97.1283 	EXP 	polygonWhiteFam: autoDraw = True
97.1283 	EXP 	imageFam: autoDraw = True
100.6219 	EXP 	textFam: autoDraw = True
103.1221 	EXP 	textFam: autoDraw = False
103.1569 	EXP 	polygonWhiteFam: autoDraw = False
103.1569 	EXP 	imageFam: autoDraw = False
103.1569 	EXP 	polygonWhiteFam: autoDraw = False
103.1569 	EXP 	imageFam: autoDraw = False
103.1569 	EXP 	textFam: autoDraw = False
103.1569 	EXP 	textBlankLoop: autoDraw = True
103.6502 	EXP 	New trial (rep=0, index=11): {'image': 'REPSWITCH1_Fam/PICTURE_570.png', 'correctAns': 'toro'}
103.6569 	EXP 	textBlankLoop: autoDraw = False
103.6569 	EXP 	textBlankLoop: autoDraw = False
103.6569 	EXP 	fixationITI: autoDraw = True
104.8168 	EXP 	fixationITI: autoDraw = False
104.8168 	EXP 	fixationITI: autoDraw = False
104.8168 	EXP 	imageFam: image = 'REPSWITCH1_Fam/PICTURE_570.png'
104.8168 	EXP 	polygonWhiteFam: autoDraw = True
104.8168 	EXP 	imageFam: autoDraw = True
108.3103 	EXP 	textFam: autoDraw = True
110.8107 	EXP 	textFam: autoDraw = False
110.8454 	EXP 	polygonWhiteFam: autoDraw = False
110.8454 	EXP 	imageFam: autoDraw = False
110.8454 	EXP 	polygonWhiteFam: autoDraw = False
110.8454 	EXP 	imageFam: autoDraw = False
110.8454 	EXP 	textFam: autoDraw = False
110.8454 	EXP 	textBlankLoop: autoDraw = True
111.3388 	EXP 	New trial (rep=0, index=12): {'image': 'REPSWITCH1_Fam/PICTURE_610.png', 'correctAns': 'miel'}
111.3454 	EXP 	textBlankLoop: autoDraw = False
111.3454 	EXP 	textBlankLoop: autoDraw = False
111.3454 	EXP 	fixationITI: autoDraw = True
112.4290 	EXP 	fixationITI: autoDraw = False
112.4290 	EXP 	fixationITI: autoDraw = False
112.4290 	EXP 	imageFam: image = 'REPSWITCH1_Fam/PICTURE_610.png'
112.4290 	EXP 	polygonWhiteFam: autoDraw = True
112.4290 	EXP 	imageFam: autoDraw = True
115.9225 	EXP 	textFam: autoDraw = True
118.4228 	EXP 	textFam: autoDraw = False
118.4576 	EXP 	polygonWhiteFam: autoDraw = False
118.4576 	EXP 	imageFam: autoDraw = False
118.4576 	EXP 	polygonWhiteFam: autoDraw = False
118.4576 	EXP 	imageFam: autoDraw = False
118.4576 	EXP 	textFam: autoDraw = False
118.4576 	EXP 	textBlankLoop: autoDraw = True
118.9508 	EXP 	New trial (rep=0, index=13): {'image': 'REPSWITCH1_Fam/PICTURE_128.png', 'correctAns': 'muñeca'}
118.9575 	EXP 	textBlankLoop: autoDraw = False
118.9575 	EXP 	textBlankLoop: autoDraw = False
118.9575 	EXP 	fixationITI: autoDraw = True
120.0549 	EXP 	fixationITI: autoDraw = False
120.0549 	EXP 	fixationITI: autoDraw = False
120.0549 	EXP 	imageFam: image = 'REPSWITCH1_Fam/PICTURE_128.png'
120.0549 	EXP 	polygonWhiteFam: autoDraw = True
120.0549 	EXP 	imageFam: autoDraw = True
123.5485 	EXP 	textFam: autoDraw = True
126.0488 	EXP 	textFam: autoDraw = False
126.0836 	EXP 	polygonWhiteFam: autoDraw = False
126.0836 	EXP 	imageFam: autoDraw = False
126.0836 	EXP 	polygonWhiteFam: autoDraw = False
126.0836 	EXP 	imageFam: autoDraw = False
126.0836 	EXP 	textFam: autoDraw = False
126.0836 	EXP 	textBlankLoop: autoDraw = True
126.5769 	EXP 	New trial (rep=0, index=14): {'image': 'REPSWITCH1_Fam/PICTURE_178.png', 'correctAns': 'puente'}
126.5835 	EXP 	textBlankLoop: autoDraw = False
126.5835 	EXP 	textBlankLoop: autoDraw = False
126.5835 	EXP 	fixationITI: autoDraw = True
127.6532 	EXP 	fixationITI: autoDraw = False
127.6532 	EXP 	fixationITI: autoDraw = False
127.6532 	EXP 	imageFam: image = 'REPSWITCH1_Fam/PICTURE_178.png'
127.6532 	EXP 	polygonWhiteFam: autoDraw = True
127.6532 	EXP 	imageFam: autoDraw = True
131.1466 	EXP 	textFam: autoDraw = True
133.6470 	EXP 	textFam: autoDraw = False
133.6817 	EXP 	polygonWhiteFam: autoDraw = False
133.6817 	EXP 	imageFam: autoDraw = False
133.6817 	EXP 	polygonWhiteFam: autoDraw = False
133.6817 	EXP 	imageFam: autoDraw = False
133.6817 	EXP 	textFam: autoDraw = False
133.6817 	EXP 	textBlankLoop: autoDraw = True
134.1752 	EXP 	New trial (rep=0, index=15): {'image': 'REPSWITCH1_Fam/PICTURE_381.png', 'correctAns': 'fresa'}
134.1818 	EXP 	textBlankLoop: autoDraw = False
134.1818 	EXP 	textBlankLoop: autoDraw = False
134.1818 	EXP 	fixationITI: autoDraw = True
135.2583 	EXP 	fixationITI: autoDraw = False
135.2583 	EXP 	fixationITI: autoDraw = False
135.2583 	EXP 	imageFam: image = 'REPSWITCH1_Fam/PICTURE_381.png'
135.2583 	EXP 	polygonWhiteFam: autoDraw = True
135.2583 	EXP 	imageFam: autoDraw = True
138.7518 	EXP 	textFam: autoDraw = True
141.2521 	EXP 	textFam: autoDraw = False
141.2869 	EXP 	polygonWhiteFam: autoDraw = False
141.2869 	EXP 	imageFam: autoDraw = False
141.2869 	EXP 	polygonWhiteFam: autoDraw = False
141.2869 	EXP 	imageFam: autoDraw = False
141.2869 	EXP 	textFam: autoDraw = False
141.2869 	EXP 	textBlankLoop: autoDraw = True
141.7802 	EXP 	New trial (rep=0, index=16): {'image': 'REPSWITCH1_Fam/PICTURE_30.png', 'correctAns': 'granja'}
141.7869 	EXP 	textBlankLoop: autoDraw = False
141.7869 	EXP 	textBlankLoop: autoDraw = False
141.7869 	EXP 	fixationITI: autoDraw = True
142.8496 	EXP 	fixationITI: autoDraw = False
142.8496 	EXP 	fixationITI: autoDraw = False
142.8496 	EXP 	imageFam: image = 'REPSWITCH1_Fam/PICTURE_30.png'
142.8496 	EXP 	polygonWhiteFam: autoDraw = True
142.8496 	EXP 	imageFam: autoDraw = True
146.3431 	EXP 	textFam: autoDraw = True
148.8434 	EXP 	textFam: autoDraw = False
148.8781 	EXP 	polygonWhiteFam: autoDraw = False
148.8781 	EXP 	imageFam: autoDraw = False
148.8781 	EXP 	polygonWhiteFam: autoDraw = False
148.8781 	EXP 	imageFam: autoDraw = False
148.8781 	EXP 	textFam: autoDraw = False
148.8781 	EXP 	textBlankLoop: autoDraw = True
149.3715 	EXP 	New trial (rep=0, index=17): {'image': 'REPSWITCH1_Fam/PICTURE_169.png', 'correctAns': 'espalda'}
149.3782 	EXP 	textBlankLoop: autoDraw = False
149.3782 	EXP 	textBlankLoop: autoDraw = False
149.3782 	EXP 	fixationITI: autoDraw = True
150.4617 	EXP 	fixationITI: autoDraw = False
150.4617 	EXP 	fixationITI: autoDraw = False
150.4617 	EXP 	imageFam: image = 'REPSWITCH1_Fam/PICTURE_169.png'
150.4617 	EXP 	polygonWhiteFam: autoDraw = True
150.4617 	EXP 	imageFam: autoDraw = True
153.9552 	EXP 	textFam: autoDraw = True
156.4555 	EXP 	textFam: autoDraw = False
156.4902 	EXP 	polygonWhiteFam: autoDraw = False
156.4902 	EXP 	imageFam: autoDraw = False
156.4902 	EXP 	polygonWhiteFam: autoDraw = False
156.4902 	EXP 	imageFam: autoDraw = False
156.4902 	EXP 	textFam: autoDraw = False
156.4902 	EXP 	textBlankLoop: autoDraw = True
156.9838 	EXP 	New trial (rep=0, index=18): {'image': 'REPSWITCH1_Fam/PICTURE_152.png', 'correctAns': 'caracol'}
156.9904 	EXP 	textBlankLoop: autoDraw = False
156.9904 	EXP 	textBlankLoop: autoDraw = False
156.9904 	EXP 	fixationITI: autoDraw = True
158.1711 	EXP 	fixationITI: autoDraw = False
158.1711 	EXP 	fixationITI: autoDraw = False
158.1711 	EXP 	imageFam: image = 'REPSWITCH1_Fam/PICTURE_152.png'
158.1711 	EXP 	polygonWhiteFam: autoDraw = True
158.1711 	EXP 	imageFam: autoDraw = True
161.6645 	EXP 	textFam: autoDraw = True
164.1649 	EXP 	textFam: autoDraw = False
164.1996 	EXP 	polygonWhiteFam: autoDraw = False
164.1996 	EXP 	imageFam: autoDraw = False
164.1996 	EXP 	polygonWhiteFam: autoDraw = False
164.1996 	EXP 	imageFam: autoDraw = False
164.1996 	EXP 	textFam: autoDraw = False
164.1996 	EXP 	textBlankLoop: autoDraw = True
164.6930 	EXP 	New trial (rep=0, index=19): {'image': 'REPSWITCH1_Fam/PICTURE_552.png', 'correctAns': 'manzana'}
164.6997 	EXP 	textBlankLoop: autoDraw = False
164.6997 	EXP 	textBlankLoop: autoDraw = False
164.6997 	EXP 	fixationITI: autoDraw = True
165.7623 	EXP 	fixationITI: autoDraw = False
165.7623 	EXP 	fixationITI: autoDraw = False
165.7623 	EXP 	imageFam: image = 'REPSWITCH1_Fam/PICTURE_552.png'
165.7623 	EXP 	polygonWhiteFam: autoDraw = True
165.7623 	EXP 	imageFam: autoDraw = True
169.2558 	EXP 	textFam: autoDraw = True
171.7561 	EXP 	textFam: autoDraw = False
171.7909 	EXP 	polygonWhiteFam: autoDraw = False
171.7909 	EXP 	imageFam: autoDraw = False
171.7909 	EXP 	polygonWhiteFam: autoDraw = False
171.7909 	EXP 	imageFam: autoDraw = False
171.7909 	EXP 	textFam: autoDraw = False
171.7909 	EXP 	textBlankLoop: autoDraw = True
172.2843 	EXP 	New trial (rep=0, index=20): {'image': 'REPSWITCH1_Fam/PICTURE_271.png', 'correctAns': 'conejo'}
172.2909 	EXP 	textBlankLoop: autoDraw = False
172.2909 	EXP 	textBlankLoop: autoDraw = False
172.2909 	EXP 	fixationITI: autoDraw = True
173.3258 	EXP 	fixationITI: autoDraw = False
173.3258 	EXP 	fixationITI: autoDraw = False
173.3258 	EXP 	imageFam: image = 'REPSWITCH1_Fam/PICTURE_271.png'
173.3258 	EXP 	polygonWhiteFam: autoDraw = True
173.3258 	EXP 	imageFam: autoDraw = True
176.8193 	EXP 	textFam: autoDraw = True
179.3196 	EXP 	textFam: autoDraw = False
179.3544 	EXP 	polygonWhiteFam: autoDraw = False
179.3544 	EXP 	imageFam: autoDraw = False
179.3544 	EXP 	polygonWhiteFam: autoDraw = False
179.3544 	EXP 	imageFam: autoDraw = False
179.3544 	EXP 	textFam: autoDraw = False
179.3544 	EXP 	textBlankLoop: autoDraw = True
179.8478 	EXP 	New trial (rep=0, index=21): {'image': 'REPSWITCH1_Fam/PICTURE_48.png', 'correctAns': 'bombero'}
179.8544 	EXP 	textBlankLoop: autoDraw = False
179.8544 	EXP 	textBlankLoop: autoDraw = False
179.8544 	EXP 	fixationITI: autoDraw = True
181.0212 	EXP 	fixationITI: autoDraw = False
181.0212 	EXP 	fixationITI: autoDraw = False
181.0212 	EXP 	imageFam: image = 'REPSWITCH1_Fam/PICTURE_48.png'
181.0212 	EXP 	polygonWhiteFam: autoDraw = True
181.0212 	EXP 	imageFam: autoDraw = True
184.5148 	EXP 	textFam: autoDraw = True
187.0151 	EXP 	textFam: autoDraw = False
187.0498 	EXP 	polygonWhiteFam: autoDraw = False
187.0498 	EXP 	imageFam: autoDraw = False
187.0498 	EXP 	polygonWhiteFam: autoDraw = False
187.0498 	EXP 	imageFam: autoDraw = False
187.0498 	EXP 	textFam: autoDraw = False
187.0498 	EXP 	textBlankLoop: autoDraw = True
187.5432 	EXP 	New trial (rep=0, index=22): {'image': 'REPSWITCH1_Fam/PICTURE_590.png', 'correctAns': 'escoba'}
187.5499 	EXP 	textBlankLoop: autoDraw = False
187.5499 	EXP 	textBlankLoop: autoDraw = False
187.5499 	EXP 	fixationITI: autoDraw = True
188.6750 	EXP 	fixationITI: autoDraw = False
188.6750 	EXP 	fixationITI: autoDraw = False
188.6750 	EXP 	imageFam: image = 'REPSWITCH1_Fam/PICTURE_590.png'
188.6750 	EXP 	polygonWhiteFam: autoDraw = True
188.6750 	EXP 	imageFam: autoDraw = True
192.1685 	EXP 	textFam: autoDraw = True
194.6689 	EXP 	textFam: autoDraw = False
194.7037 	EXP 	polygonWhiteFam: autoDraw = False
194.7037 	EXP 	imageFam: autoDraw = False
194.7037 	EXP 	polygonWhiteFam: autoDraw = False
194.7037 	EXP 	imageFam: autoDraw = False
194.7037 	EXP 	textFam: autoDraw = False
194.7037 	EXP 	textBlankLoop: autoDraw = True
195.1970 	EXP 	New trial (rep=0, index=23): {'image': 'REPSWITCH1_Fam/PICTURE_242.png', 'correctAns': 'cartero'}
195.2037 	EXP 	textBlankLoop: autoDraw = False
195.2037 	EXP 	textBlankLoop: autoDraw = False
195.2037 	EXP 	fixationITI: autoDraw = True
196.3774 	EXP 	fixationITI: autoDraw = False
196.3774 	EXP 	fixationITI: autoDraw = False
196.3774 	EXP 	imageFam: image = 'REPSWITCH1_Fam/PICTURE_242.png'
196.3774 	EXP 	polygonWhiteFam: autoDraw = True
196.3774 	EXP 	imageFam: autoDraw = True
199.8709 	EXP 	textFam: autoDraw = True
202.3712 	EXP 	textFam: autoDraw = False
202.4060 	EXP 	polygonWhiteFam: autoDraw = False
202.4060 	EXP 	imageFam: autoDraw = False
202.4060 	EXP 	polygonWhiteFam: autoDraw = False
202.4060 	EXP 	imageFam: autoDraw = False
202.4060 	EXP 	textFam: autoDraw = False
202.4060 	EXP 	textBlankLoop: autoDraw = True
202.8993 	EXP 	New trial (rep=0, index=24): {'image': 'REPSWITCH1_Fam/PICTURE_728.png', 'correctAns': 'pulpo'}
202.9060 	EXP 	textBlankLoop: autoDraw = False
202.9060 	EXP 	textBlankLoop: autoDraw = False
202.9060 	EXP 	fixationITI: autoDraw = True
203.9965 	EXP 	fixationITI: autoDraw = False
203.9965 	EXP 	fixationITI: autoDraw = False
203.9965 	EXP 	imageFam: image = 'REPSWITCH1_Fam/PICTURE_728.png'
203.9965 	EXP 	polygonWhiteFam: autoDraw = True
203.9965 	EXP 	imageFam: autoDraw = True
207.4900 	EXP 	textFam: autoDraw = True
209.9903 	EXP 	textFam: autoDraw = False
210.0251 	EXP 	polygonWhiteFam: autoDraw = False
210.0251 	EXP 	imageFam: autoDraw = False
210.0251 	EXP 	polygonWhiteFam: autoDraw = False
210.0251 	EXP 	imageFam: autoDraw = False
210.0251 	EXP 	textFam: autoDraw = False
210.0251 	EXP 	textBlankLoop: autoDraw = True
210.5184 	EXP 	New trial (rep=0, index=25): {'image': 'REPSWITCH1_Fam/PICTURE_338.png', 'correctAns': 'regalo'}
210.5251 	EXP 	textBlankLoop: autoDraw = False
210.5251 	EXP 	textBlankLoop: autoDraw = False
210.5251 	EXP 	fixationITI: autoDraw = True
211.6017 	EXP 	fixationITI: autoDraw = False
211.6017 	EXP 	fixationITI: autoDraw = False
211.6017 	EXP 	imageFam: image = 'REPSWITCH1_Fam/PICTURE_338.png'
211.6017 	EXP 	polygonWhiteFam: autoDraw = True
211.6017 	EXP 	imageFam: autoDraw = True
215.0951 	EXP 	textFam: autoDraw = True
217.5955 	EXP 	textFam: autoDraw = False
217.6302 	EXP 	polygonWhiteFam: autoDraw = False
217.6302 	EXP 	imageFam: autoDraw = False
217.6302 	EXP 	polygonWhiteFam: autoDraw = False
217.6302 	EXP 	imageFam: autoDraw = False
217.6302 	EXP 	textFam: autoDraw = False
217.6302 	EXP 	textBlankLoop: autoDraw = True
218.1237 	EXP 	New trial (rep=0, index=26): {'image': 'REPSWITCH1_Fam/PICTURE_733.png', 'correctAns': 'gafas'}
218.1303 	EXP 	textBlankLoop: autoDraw = False
218.1303 	EXP 	textBlankLoop: autoDraw = False
218.1303 	EXP 	fixationITI: autoDraw = True
219.2137 	EXP 	fixationITI: autoDraw = False
219.2137 	EXP 	fixationITI: autoDraw = False
219.2137 	EXP 	imageFam: image = 'REPSWITCH1_Fam/PICTURE_733.png'
219.2137 	EXP 	polygonWhiteFam: autoDraw = True
219.2137 	EXP 	imageFam: autoDraw = True
222.7073 	EXP 	textFam: autoDraw = True
225.2076 	EXP 	textFam: autoDraw = False
225.2424 	EXP 	polygonWhiteFam: autoDraw = False
225.2424 	EXP 	imageFam: autoDraw = False
225.2424 	EXP 	polygonWhiteFam: autoDraw = False
225.2424 	EXP 	imageFam: autoDraw = False
225.2424 	EXP 	textFam: autoDraw = False
225.2424 	EXP 	textBlankLoop: autoDraw = True
225.7357 	EXP 	New trial (rep=0, index=27): {'image': 'REPSWITCH1_Fam/PICTURE_719.png', 'correctAns': 'baño'}
225.7424 	EXP 	textBlankLoop: autoDraw = False
225.7424 	EXP 	textBlankLoop: autoDraw = False
225.7424 	EXP 	fixationITI: autoDraw = True
226.8120 	EXP 	fixationITI: autoDraw = False
226.8120 	EXP 	fixationITI: autoDraw = False
226.8120 	EXP 	imageFam: image = 'REPSWITCH1_Fam/PICTURE_719.png'
226.8120 	EXP 	polygonWhiteFam: autoDraw = True
226.8120 	EXP 	imageFam: autoDraw = True
230.3056 	EXP 	textFam: autoDraw = True
232.8059 	EXP 	textFam: autoDraw = False
232.8406 	EXP 	polygonWhiteFam: autoDraw = False
232.8406 	EXP 	imageFam: autoDraw = False
232.8406 	EXP 	polygonWhiteFam: autoDraw = False
232.8406 	EXP 	imageFam: autoDraw = False
232.8406 	EXP 	textFam: autoDraw = False
232.8406 	EXP 	textBlankLoop: autoDraw = True
233.3339 	EXP 	New trial (rep=0, index=28): {'image': 'REPSWITCH1_Fam/PICTURE_391.png', 'correctAns': 'cadena'}
233.3406 	EXP 	textBlankLoop: autoDraw = False
233.3406 	EXP 	textBlankLoop: autoDraw = False
233.3406 	EXP 	fixationITI: autoDraw = True
234.4171 	EXP 	fixationITI: autoDraw = False
234.4171 	EXP 	fixationITI: autoDraw = False
234.4171 	EXP 	imageFam: image = 'REPSWITCH1_Fam/PICTURE_391.png'
234.4171 	EXP 	polygonWhiteFam: autoDraw = True
234.4171 	EXP 	imageFam: autoDraw = True
237.9107 	EXP 	textFam: autoDraw = True
240.4110 	EXP 	textFam: autoDraw = False
240.4458 	EXP 	polygonWhiteFam: autoDraw = False
240.4458 	EXP 	imageFam: autoDraw = False
240.4458 	EXP 	polygonWhiteFam: autoDraw = False
240.4458 	EXP 	imageFam: autoDraw = False
240.4458 	EXP 	textFam: autoDraw = False
240.4458 	EXP 	textBlankLoop: autoDraw = True
240.9390 	EXP 	New trial (rep=0, index=29): {'image': 'REPSWITCH1_Fam/PICTURE_614.png', 'correctAns': 'reina'}
240.9458 	EXP 	textBlankLoop: autoDraw = False
240.9458 	EXP 	textBlankLoop: autoDraw = False
240.9458 	EXP 	fixationITI: autoDraw = True
242.1335 	EXP 	fixationITI: autoDraw = False
242.1335 	EXP 	fixationITI: autoDraw = False
242.1335 	EXP 	imageFam: image = 'REPSWITCH1_Fam/PICTURE_614.png'
242.1335 	EXP 	polygonWhiteFam: autoDraw = True
242.1335 	EXP 	imageFam: autoDraw = True
245.6269 	EXP 	textFam: autoDraw = True
248.1272 	EXP 	textFam: autoDraw = False
248.1620 	EXP 	polygonWhiteFam: autoDraw = False
248.1620 	EXP 	imageFam: autoDraw = False
248.1620 	EXP 	polygonWhiteFam: autoDraw = False
248.1620 	EXP 	imageFam: autoDraw = False
248.1620 	EXP 	textFam: autoDraw = False
248.1620 	EXP 	textBlankLoop: autoDraw = True
248.6555 	EXP 	New trial (rep=0, index=30): {'image': 'REPSWITCH1_Fam/PICTURE_264.png', 'correctAns': 'mano'}
248.6621 	EXP 	textBlankLoop: autoDraw = False
248.6621 	EXP 	textBlankLoop: autoDraw = False
248.6621 	EXP 	fixationITI: autoDraw = True
249.7594 	EXP 	fixationITI: autoDraw = False
249.7594 	EXP 	fixationITI: autoDraw = False
249.7594 	EXP 	imageFam: image = 'REPSWITCH1_Fam/PICTURE_264.png'
249.7594 	EXP 	polygonWhiteFam: autoDraw = True
249.7594 	EXP 	imageFam: autoDraw = True
253.2529 	EXP 	textFam: autoDraw = True
255.7532 	EXP 	textFam: autoDraw = False
255.7880 	EXP 	polygonWhiteFam: autoDraw = False
255.7880 	EXP 	imageFam: autoDraw = False
255.7880 	EXP 	polygonWhiteFam: autoDraw = False
255.7880 	EXP 	imageFam: autoDraw = False
255.7880 	EXP 	textFam: autoDraw = False
255.7880 	EXP 	textBlankLoop: autoDraw = True
256.2814 	EXP 	New trial (rep=0, index=31): {'image': 'REPSWITCH1_Fam/PICTURE_576.png', 'correctAns': 'guante'}
256.2880 	EXP 	textBlankLoop: autoDraw = False
256.2880 	EXP 	textBlankLoop: autoDraw = False
256.2880 	EXP 	fixationITI: autoDraw = True
257.3160 	EXP 	fixationITI: autoDraw = False
257.3160 	EXP 	fixationITI: autoDraw = False
257.3160 	EXP 	imageFam: image = 'REPSWITCH1_Fam/PICTURE_576.png'
257.3160 	EXP 	polygonWhiteFam: autoDraw = True
257.3160 	EXP 	imageFam: autoDraw = True
260.8095 	EXP 	textFam: autoDraw = True
263.3098 	EXP 	textFam: autoDraw = False
263.3445 	EXP 	polygonWhiteFam: autoDraw = False
263.3445 	EXP 	imageFam: autoDraw = False
263.3445 	EXP 	polygonWhiteFam: autoDraw = False
263.3445 	EXP 	imageFam: autoDraw = False
263.3445 	EXP 	textFam: autoDraw = False
263.3445 	EXP 	textBlankLoop: autoDraw = True
263.8379 	EXP 	New trial (rep=0, index=32): {'image': 'REPSWITCH1_Fam/PICTURE_464.png', 'correctAns': 'goma'}
263.8446 	EXP 	textBlankLoop: autoDraw = False
263.8446 	EXP 	textBlankLoop: autoDraw = False
263.8446 	EXP 	fixationITI: autoDraw = True
265.0322 	EXP 	fixationITI: autoDraw = False
265.0322 	EXP 	fixationITI: autoDraw = False
265.0322 	EXP 	imageFam: image = 'REPSWITCH1_Fam/PICTURE_464.png'
265.0322 	EXP 	polygonWhiteFam: autoDraw = True
265.0322 	EXP 	imageFam: autoDraw = True
268.5258 	EXP 	textFam: autoDraw = True
271.0261 	EXP 	textFam: autoDraw = False
271.0608 	EXP 	polygonWhiteFam: autoDraw = False
271.0608 	EXP 	imageFam: autoDraw = False
271.0608 	EXP 	polygonWhiteFam: autoDraw = False
271.0608 	EXP 	imageFam: autoDraw = False
271.0608 	EXP 	textFam: autoDraw = False
271.0608 	EXP 	textBlankLoop: autoDraw = True
271.5542 	EXP 	New trial (rep=0, index=33): {'image': 'REPSWITCH1_Fam/PICTURE_110.png', 'correctAns': 'mesa'}
271.5609 	EXP 	textBlankLoop: autoDraw = False
271.5609 	EXP 	textBlankLoop: autoDraw = False
271.5609 	EXP 	fixationITI: autoDraw = True
272.6305 	EXP 	fixationITI: autoDraw = False
272.6305 	EXP 	fixationITI: autoDraw = False
272.6305 	EXP 	imageFam: image = 'REPSWITCH1_Fam/PICTURE_110.png'
272.6305 	EXP 	polygonWhiteFam: autoDraw = True
272.6305 	EXP 	imageFam: autoDraw = True
276.1240 	EXP 	textFam: autoDraw = True
278.6243 	EXP 	textFam: autoDraw = False
278.6590 	EXP 	polygonWhiteFam: autoDraw = False
278.6590 	EXP 	imageFam: autoDraw = False
278.6590 	EXP 	polygonWhiteFam: autoDraw = False
278.6590 	EXP 	imageFam: autoDraw = False
278.6590 	EXP 	textFam: autoDraw = False
278.6590 	EXP 	textBlankLoop: autoDraw = True
279.1524 	EXP 	New trial (rep=0, index=34): {'image': 'REPSWITCH1_Fam/PICTURE_612.png', 'correctAns': 'rana'}
279.1591 	EXP 	textBlankLoop: autoDraw = False
279.1591 	EXP 	textBlankLoop: autoDraw = False
279.1591 	EXP 	fixationITI: autoDraw = True
280.2842 	EXP 	fixationITI: autoDraw = False
280.2842 	EXP 	fixationITI: autoDraw = False
280.2842 	EXP 	imageFam: image = 'REPSWITCH1_Fam/PICTURE_612.png'
280.2842 	EXP 	polygonWhiteFam: autoDraw = True
280.2842 	EXP 	imageFam: autoDraw = True
283.7778 	EXP 	textFam: autoDraw = True
286.2781 	EXP 	textFam: autoDraw = False
286.3128 	EXP 	polygonWhiteFam: autoDraw = False
286.3128 	EXP 	imageFam: autoDraw = False
286.3128 	EXP 	polygonWhiteFam: autoDraw = False
286.3128 	EXP 	imageFam: autoDraw = False
286.3128 	EXP 	textFam: autoDraw = False
286.3128 	EXP 	textBlankLoop: autoDraw = True
286.8063 	EXP 	New trial (rep=0, index=35): {'image': 'REPSWITCH1_Fam/PICTURE_142.png', 'correctAns': 'vaso'}
286.8130 	EXP 	textBlankLoop: autoDraw = False
286.8130 	EXP 	textBlankLoop: autoDraw = False
286.8130 	EXP 	fixationITI: autoDraw = True
287.8269 	EXP 	fixationITI: autoDraw = False
287.8269 	EXP 	fixationITI: autoDraw = False
287.8269 	EXP 	imageFam: image = 'REPSWITCH1_Fam/PICTURE_142.png'
287.8269 	EXP 	polygonWhiteFam: autoDraw = True
287.8269 	EXP 	imageFam: autoDraw = True
291.3204 	EXP 	textFam: autoDraw = True
293.8208 	EXP 	textFam: autoDraw = False
293.8555 	EXP 	polygonWhiteFam: autoDraw = False
293.8555 	EXP 	imageFam: autoDraw = False
293.8555 	EXP 	polygonWhiteFam: autoDraw = False
293.8555 	EXP 	imageFam: autoDraw = False
293.8555 	EXP 	textFam: autoDraw = False
293.8555 	EXP 	textBlankLoop: autoDraw = True
294.3488 	EXP 	New trial (rep=0, index=36): {'image': 'REPSWITCH1_Fam/PICTURE_35.png', 'correctAns': 'oreja'}
294.3556 	EXP 	textBlankLoop: autoDraw = False
294.3556 	EXP 	textBlankLoop: autoDraw = False
294.3556 	EXP 	fixationITI: autoDraw = True
295.5085 	EXP 	fixationITI: autoDraw = False
295.5085 	EXP 	fixationITI: autoDraw = False
295.5085 	EXP 	imageFam: image = 'REPSWITCH1_Fam/PICTURE_35.png'
295.5085 	EXP 	polygonWhiteFam: autoDraw = True
295.5085 	EXP 	imageFam: autoDraw = True
299.0020 	EXP 	textFam: autoDraw = True
301.5024 	EXP 	textFam: autoDraw = False
301.5370 	EXP 	polygonWhiteFam: autoDraw = False
301.5370 	EXP 	imageFam: autoDraw = False
301.5370 	EXP 	polygonWhiteFam: autoDraw = False
301.5370 	EXP 	imageFam: autoDraw = False
301.5370 	EXP 	textFam: autoDraw = False
301.5370 	EXP 	textBlankLoop: autoDraw = True
302.0304 	EXP 	New trial (rep=0, index=37): {'image': 'REPSWITCH1_Fam/PICTURE_663.png', 'correctAns': 'columna'}
302.0371 	EXP 	textBlankLoop: autoDraw = False
302.0371 	EXP 	textBlankLoop: autoDraw = False
302.0371 	EXP 	fixationITI: autoDraw = True
303.1762 	EXP 	fixationITI: autoDraw = False
303.1762 	EXP 	fixationITI: autoDraw = False
303.1762 	EXP 	imageFam: image = 'REPSWITCH1_Fam/PICTURE_663.png'
303.1762 	EXP 	polygonWhiteFam: autoDraw = True
303.1762 	EXP 	imageFam: autoDraw = True
306.6697 	EXP 	textFam: autoDraw = True
309.1700 	EXP 	textFam: autoDraw = False
309.2048 	EXP 	polygonWhiteFam: autoDraw = False
309.2048 	EXP 	imageFam: autoDraw = False
309.2048 	EXP 	polygonWhiteFam: autoDraw = False
309.2048 	EXP 	imageFam: autoDraw = False
309.2048 	EXP 	textFam: autoDraw = False
309.2048 	EXP 	textBlankLoop: autoDraw = True
309.6981 	EXP 	New trial (rep=0, index=38): {'image': 'REPSWITCH1_Fam/PICTURE_646.png', 'correctAns': 'tronco'}
309.7048 	EXP 	textBlankLoop: autoDraw = False
309.7048 	EXP 	textBlankLoop: autoDraw = False
309.7048 	EXP 	fixationITI: autoDraw = True
310.8438 	EXP 	fixationITI: autoDraw = False
310.8438 	EXP 	fixationITI: autoDraw = False
310.8438 	EXP 	imageFam: image = 'REPSWITCH1_Fam/PICTURE_646.png'
310.8438 	EXP 	polygonWhiteFam: autoDraw = True
310.8438 	EXP 	imageFam: autoDraw = True
314.3373 	EXP 	textFam: autoDraw = True
316.8377 	EXP 	textFam: autoDraw = False
316.8724 	EXP 	polygonWhiteFam: autoDraw = False
316.8724 	EXP 	imageFam: autoDraw = False
316.8724 	EXP 	polygonWhiteFam: autoDraw = False
316.8724 	EXP 	imageFam: autoDraw = False
316.8724 	EXP 	textFam: autoDraw = False
316.8724 	EXP 	textBlankLoop: autoDraw = True
317.3657 	EXP 	New trial (rep=0, index=39): {'image': 'REPSWITCH1_Fam/PICTURE_687.png', 'correctAns': 'camisa'}
317.3725 	EXP 	textBlankLoop: autoDraw = False
317.3725 	EXP 	textBlankLoop: autoDraw = False
317.3725 	EXP 	fixationITI: autoDraw = True
318.5115 	EXP 	fixationITI: autoDraw = False
318.5115 	EXP 	fixationITI: autoDraw = False
318.5115 	EXP 	imageFam: image = 'REPSWITCH1_Fam/PICTURE_687.png'
318.5115 	EXP 	polygonWhiteFam: autoDraw = True
318.5115 	EXP 	imageFam: autoDraw = True
322.0050 	EXP 	textFam: autoDraw = True
324.5054 	EXP 	textFam: autoDraw = False
324.5401 	EXP 	polygonWhiteFam: autoDraw = False
324.5401 	EXP 	imageFam: autoDraw = False
324.5401 	EXP 	polygonWhiteFam: autoDraw = False
324.5401 	EXP 	imageFam: autoDraw = False
324.5401 	EXP 	textFam: autoDraw = False
324.5401 	EXP 	textBlankLoop: autoDraw = True
325.0335 	EXP 	New trial (rep=0, index=40): {'image': 'REPSWITCH1_Fam/PICTURE_199.png', 'correctAns': 'falda'}
325.0402 	EXP 	textBlankLoop: autoDraw = False
325.0402 	EXP 	textBlankLoop: autoDraw = False
325.0402 	EXP 	fixationITI: autoDraw = True
326.2417 	EXP 	fixationITI: autoDraw = False
326.2417 	EXP 	fixationITI: autoDraw = False
326.2417 	EXP 	imageFam: image = 'REPSWITCH1_Fam/PICTURE_199.png'
326.2417 	EXP 	polygonWhiteFam: autoDraw = True
326.2417 	EXP 	imageFam: autoDraw = True
329.7352 	EXP 	textFam: autoDraw = True
332.2355 	EXP 	textFam: autoDraw = False
332.2702 	EXP 	polygonWhiteFam: autoDraw = False
332.2702 	EXP 	imageFam: autoDraw = False
332.2702 	EXP 	polygonWhiteFam: autoDraw = False
332.2702 	EXP 	imageFam: autoDraw = False
332.2702 	EXP 	textFam: autoDraw = False
332.2702 	EXP 	textBlankLoop: autoDraw = True
332.7636 	EXP 	New trial (rep=0, index=41): {'image': 'REPSWITCH1_Fam/PICTURE_517.png', 'correctAns': 'cuerda'}
332.7703 	EXP 	textBlankLoop: autoDraw = False
332.7703 	EXP 	textBlankLoop: autoDraw = False
332.7703 	EXP 	fixationITI: autoDraw = True
333.8886 	EXP 	fixationITI: autoDraw = False
333.8886 	EXP 	fixationITI: autoDraw = False
333.8886 	EXP 	imageFam: image = 'REPSWITCH1_Fam/PICTURE_517.png'
333.8886 	EXP 	polygonWhiteFam: autoDraw = True
333.8886 	EXP 	imageFam: autoDraw = True
337.3820 	EXP 	textFam: autoDraw = True
339.8824 	EXP 	textFam: autoDraw = False
339.9171 	EXP 	polygonWhiteFam: autoDraw = False
339.9171 	EXP 	imageFam: autoDraw = False
339.9171 	EXP 	polygonWhiteFam: autoDraw = False
339.9171 	EXP 	imageFam: autoDraw = False
339.9171 	EXP 	textFam: autoDraw = False
339.9171 	EXP 	textBlankLoop: autoDraw = True
340.4104 	EXP 	New trial (rep=0, index=42): {'image': 'REPSWITCH1_Fam/PICTURE_673.png', 'correctAns': 'tenedor'}
340.4171 	EXP 	textBlankLoop: autoDraw = False
340.4171 	EXP 	textBlankLoop: autoDraw = False
340.4171 	EXP 	fixationITI: autoDraw = True
341.4798 	EXP 	fixationITI: autoDraw = False
341.4798 	EXP 	fixationITI: autoDraw = False
341.4798 	EXP 	imageFam: image = 'REPSWITCH1_Fam/PICTURE_673.png'
341.4798 	EXP 	polygonWhiteFam: autoDraw = True
341.4798 	EXP 	imageFam: autoDraw = True
344.9733 	EXP 	textFam: autoDraw = True
347.4737 	EXP 	textFam: autoDraw = False
347.5084 	EXP 	polygonWhiteFam: autoDraw = False
347.5084 	EXP 	imageFam: autoDraw = False
347.5084 	EXP 	polygonWhiteFam: autoDraw = False
347.5084 	EXP 	imageFam: autoDraw = False
347.5084 	EXP 	textFam: autoDraw = False
347.5084 	EXP 	textBlankLoop: autoDraw = True
348.0017 	EXP 	New trial (rep=0, index=43): {'image': 'REPSWITCH1_Fam/PICTURE_16.png', 'correctAns': 'cazador'}
348.0084 	EXP 	textBlankLoop: autoDraw = False
348.0084 	EXP 	textBlankLoop: autoDraw = False
348.0084 	EXP 	fixationITI: autoDraw = True
349.2031 	EXP 	fixationITI: autoDraw = False
349.2031 	EXP 	fixationITI: autoDraw = False
349.2031 	EXP 	imageFam: image = 'REPSWITCH1_Fam/PICTURE_16.png'
349.2031 	EXP 	polygonWhiteFam: autoDraw = True
349.2031 	EXP 	imageFam: autoDraw = True
352.6965 	EXP 	textFam: autoDraw = True
355.1970 	EXP 	textFam: autoDraw = False
355.2317 	EXP 	polygonWhiteFam: autoDraw = False
355.2317 	EXP 	imageFam: autoDraw = False
355.2317 	EXP 	polygonWhiteFam: autoDraw = False
355.2317 	EXP 	imageFam: autoDraw = False
355.2317 	EXP 	textFam: autoDraw = False
355.2317 	EXP 	textBlankLoop: autoDraw = True
355.7250 	EXP 	New trial (rep=0, index=44): {'image': 'REPSWITCH1_Fam/PICTURE_135.png', 'correctAns': 'traje'}
355.7317 	EXP 	textBlankLoop: autoDraw = False
355.7317 	EXP 	textBlankLoop: autoDraw = False
355.7317 	EXP 	fixationITI: autoDraw = True
356.7804 	EXP 	fixationITI: autoDraw = False
356.7804 	EXP 	fixationITI: autoDraw = False
356.7804 	EXP 	imageFam: image = 'REPSWITCH1_Fam/PICTURE_135.png'
356.7804 	EXP 	polygonWhiteFam: autoDraw = True
356.7804 	EXP 	imageFam: autoDraw = True
360.2739 	EXP 	textFam: autoDraw = True
362.7743 	EXP 	textFam: autoDraw = False
362.8090 	EXP 	polygonWhiteFam: autoDraw = False
362.8090 	EXP 	imageFam: autoDraw = False
362.8090 	EXP 	polygonWhiteFam: autoDraw = False
362.8090 	EXP 	imageFam: autoDraw = False
362.8090 	EXP 	textFam: autoDraw = False
362.8090 	EXP 	textBlankLoop: autoDraw = True
363.3091 	EXP 	textBlankLoop: autoDraw = False
363.3091 	EXP 	textBlankLoop: autoDraw = False
363.3091 	EXP 	textboxEndFam: autoDraw = True
394.3437 	DATA 	Keypress: space
394.3479 	EXP 	textboxEndFam: autoDraw = False
394.3798 	EXP 	window1: mouseVisible = True
