7.8628 	EXP 	Created window1 = Window(allowGUI=True, allowStencil=False, autoLog=True, backendConf=UNKNOWN, bitsMode=UNKNOWN, blendMode='avg', bpc=(8, 8, 8), color=array([0, 0, 0]), colorSpace='rgb', depthBits=8, fullscr=<method-wrapper '__getattribute__' of attributeSetter object at 0x000001509060EBE0>, gamma=None, gammaErrorPolicy='raise', lms=UNKNOWN, monitor=<psychopy.monitors.calibTools.Monitor object at 0x0000015096AA8550>, multiSample=False, name='window1', numSamples=2, pos=(0, 0), screen=0, size=array([1920, 1080]), stencilBits=0, stereo=False, units='height', useFBO=True, useRetina=False, viewOri=0.0, viewPos=None, viewScale=None, waitBlanking=True, winType='pyglet')
7.8629 	EXP 	window1: mouseVisible = True
7.8629 	EXP 	window1: mouseVisible = False
7.8629 	EXP 	window1: Attempting to measure frame rate of screen (0) ...
7.8629 	EXP 	window1: recordFrameIntervals = False
7.9321 	EXP 	window1: recordFrameIntervals = True
8.0085 	EXP 	Screen (0) actual frame rate measured at 144.01Hz
8.0086 	EXP 	window1: recordFrameIntervals = False
9.2933 	EXP 	Created fixationITI = ShapeStim(__class__=<class 'psychopy.visual.shape.ShapeStim'>, anchor=('center', 'center'), autoDraw=False, autoLog=True, closeShape=True, color=method-wrapper(...), colorSpace='rgb', contrast=None, depth=0.0, fillColor=array([1, 1, 1]), fillColorSpace='rgb', fillRGB=array([1, 1, 1]), interpolate=True, lineColor=array([1, 1, 1]), lineColorSpace='rgb', lineRGB=array([1, 1, 1]), lineWidth=1.0, name='fixationITI', opacity=1.0, ori=0.0, pos=array([0., 0.]), size=array([0.1, 0.1]), units='height', vertices=ndarray(...), win=Window(...), windingRule=None)
9.2939 	EXP 	Created polygonCol_2 = Rect(__class__=<class 'psychopy.visual.rect.Rect'>, anchor=('center', 'center'), autoDraw=False, autoLog=True, closeShape=True, color=method-wrapper(...), colorSpace='rgb', contrast=None, depth=0.0, fillColor=array([1, 1, 1]), fillColorSpace='rgb', fillRGB=array([1, 1, 1]), interpolate=True, lineColor=array([1, 1, 1]), lineColorSpace='rgb', lineRGB=array([1, 1, 1]), lineWidth=1.0, name='polygonCol_2', opacity=1.0, ori=0.0, pos=array([0., 0.]), size=array([0.55, 0.55]), units='height', vertices=ndarray(...), win=Window(...))
9.2944 	EXP 	Created polygonWh_2 = Rect(__class__=<class 'psychopy.visual.rect.Rect'>, anchor=('center', 'center'), autoDraw=False, autoLog=True, closeShape=True, color=method-wrapper(...), colorSpace='rgb', contrast=None, depth=-1.0, fillColor=array([1, 1, 1]), fillColorSpace='rgb', fillRGB=array([1, 1, 1]), interpolate=True, lineColor=array([1, 1, 1]), lineColorSpace='rgb', lineRGB=array([1, 1, 1]), lineWidth=1.0, name='polygonWh_2', opacity=1.0, ori=0.0, pos=array([0., 0.]), size=array([0.5, 0.5]), units='height', vertices=ndarray(...), win=Window(...))
9.2974 	EXP 	Created imagePractice_2 = ImageStim(__class__=<class 'psychopy.visual.image.ImageStim'>, anchor=('center', 'center'), autoLog=True, color=array([1, 1, 1]), colorSpace='rgb', contrast=1.0, depth=-2.0, flipHoriz=False, flipVert=False, image='sin', interpolate=True, mask=None, maskParams=None, name='imagePractice_2', opacity=1.0, ori=0.0, pos=array([0., 0.]), size=array([0.5, 0.5]), texRes=128.0, units='height', win=Window(...))
9.2979 	EXP 	Created polygonText_2 = Rect(__class__=<class 'psychopy.visual.rect.Rect'>, anchor=('center', 'center'), autoDraw=False, autoLog=True, closeShape=True, color=method-wrapper(...), colorSpace='rgb', contrast=None, depth=-3.0, fillColor=array([0.9216, 0.9216, 0.9216]), fillColorSpace='rgb', fillRGB=array([0.9216, 0.9216, 0.9216]), interpolate=True, lineColor=array([0.9216, 0.9216, 0.9216]), lineColorSpace='rgb', lineRGB=array([0.9216, 0.9216, 0.9216]), lineWidth=1.0, name='polygonText_2', opacity=1.0, ori=0.0, pos=array([0., 0.]), size=array([0.2, 0.1]), units='height', vertices=ndarray(...), win=Window(...))
9.3100 	EXP 	Created textPractice_2 = TextStim(__class__=<class 'psychopy.visual.text.TextStim'>, alignHoriz=method-wrapper(...), alignText='center', alignVert=method-wrapper(...), anchorHoriz='center', anchorVert='center', antialias=True, autoDraw=False, autoLog=True, bold=False, color=array([-1., -1., -1.]), colorSpace='rgb', contrast=1.0, depth=-4.0, flipHoriz=False, flipVert=False, font='Open Sans', fontFiles=[], height=0.05, italic=False, languageStyle='LTR', name='textPractice_2', opacity=1.0, ori=0.0, pos=array([0., 0.]), rgb=UNKNOWN, text='', units='height', win=Window(...), wrapWidth=1)
9.3818 	EXP 	Created textBlankLoop = TextStim(__class__=<class 'psychopy.visual.text.TextStim'>, alignHoriz=method-wrapper(...), alignText='center', alignVert=method-wrapper(...), anchorHoriz='center', anchorVert='center', antialias=True, autoDraw=False, autoLog=True, bold=False, color=array([1, 1, 1]), colorSpace='rgb', contrast=1.0, depth=0.0, flipHoriz=False, flipVert=False, font='Open Sans', fontFiles=[], height=0.05, italic=False, languageStyle='LTR', name='textBlankLoop', opacity=1.0, ori=0.0, pos=array([0., 0.]), rgb=UNKNOWN, text='', units='height', win=Window(...), wrapWidth=1)
9.4136 	EXP 	textboxInstrPractice_2: autoLog = True
9.4136 	EXP 	textboxInstrPractice_2_2: autoLog = True
9.4136 	EXP 	textboxInstrPractice_2_3: autoLog = True
9.4136 	EXP 	textboxInstrPractice_2_4: autoLog = True
9.4136 	EXP 	textboxInstrPractice_2_5: autoLog = True
9.4136 	EXP 	textboxInstrPractice_2_6: autoLog = True
9.4136 	EXP 	textboxInstrPractice_2_7: autoLog = True
9.4136 	EXP 	textboxInstrPractice_2_8: autoLog = True
9.4136 	EXP 	textboxInstrPractice_2_9: autoLog = True
9.4136 	EXP 	textboxInstrPractice_2_10: autoLog = True
9.4136 	EXP 	textboxInstrPractice_2_11: autoLog = True
9.4136 	EXP 	textboxInstrPractice_2_12: autoLog = True
9.4136 	EXP 	textboxEndPractice_2: autoLog = True
9.4136 	EXP 	textboxInstrPractice_2: autoDraw = True
9.4136 	EXP 	textboxInstrPractice_2_2: autoDraw = True
9.4136 	EXP 	textboxInstrPractice_2_3: autoDraw = True
9.4136 	EXP 	textboxInstrPractice_2_4: autoDraw = True
9.4136 	EXP 	textboxInstrPractice_2_5: autoDraw = True
9.4136 	EXP 	textboxInstrPractice_2_6: autoDraw = True
9.4136 	EXP 	textboxInstrPractice_2_7: autoDraw = True
9.4136 	EXP 	textboxInstrPractice_2_8: autoDraw = True
9.4136 	EXP 	textboxInstrPractice_2_9: autoDraw = True
9.4136 	EXP 	textboxInstrPractice_2_10: autoDraw = True
9.4136 	EXP 	textboxInstrPractice_2_11: autoDraw = True
9.4136 	EXP 	textboxInstrPractice_2_12: autoDraw = True
14.7924 	DATA 	Keypress: space
14.7984 	EXP 	Imported repswitch_practice2_version2.xlsx as conditions, 12 conditions, 4 params
14.7987 	EXP 	Created sequence: sequential, trialTypes=12, nReps=1, seed=None
14.7989 	EXP 	New trial (rep=0, index=0): {'image': 'REPSWITCH1_Practice/PICTURE_12.png', 'correctAns': 'sirena', 'respModal': 'SPEAK', 'frameColor': 'darkblue'}
14.8010 	EXP 	textboxInstrPractice_2: autoDraw = False
14.8010 	EXP 	textboxInstrPractice_2_2: autoDraw = False
14.8010 	EXP 	textboxInstrPractice_2_3: autoDraw = False
14.8010 	EXP 	textboxInstrPractice_2_4: autoDraw = False
14.8010 	EXP 	textboxInstrPractice_2_5: autoDraw = False
14.8010 	EXP 	textboxInstrPractice_2_6: autoDraw = False
14.8010 	EXP 	textboxInstrPractice_2_7: autoDraw = False
14.8010 	EXP 	textboxInstrPractice_2_8: autoDraw = False
14.8010 	EXP 	textboxInstrPractice_2_9: autoDraw = False
14.8010 	EXP 	textboxInstrPractice_2_10: autoDraw = False
14.8010 	EXP 	textboxInstrPractice_2_11: autoDraw = False
14.8010 	EXP 	textboxInstrPractice_2_12: autoDraw = False
14.8010 	EXP 	fixationITI: autoDraw = True
15.8150 	EXP 	fixationITI: autoDraw = False
15.8150 	EXP 	fixationITI: autoDraw = False
15.8150 	EXP 	polygonCol_2: fillColor = <psychopy.colors.Color: darkblue, alpha=1.0>
15.8150 	EXP 	polygonCol_2: borderColor = <psychopy.colors.Color: darkblue, alpha=1.0>
15.8150 	EXP 	imagePractice_2: image = 'REPSWITCH1_Practice/PICTURE_12.png'
15.8150 	EXP 	polygonCol_2: autoDraw = True
15.8150 	EXP 	polygonWh_2: autoDraw = True
15.8150 	EXP 	imagePractice_2: autoDraw = True
15.8150 	EXP 	polygonText_2: autoDraw = True
15.8150 	EXP 	textPractice_2: autoDraw = True
15.8150 	EXP 	textPractice_2: height = 0.05
15.8150 	EXP 	textPractice_2: height = 0.05
15.8150 	EXP 	textPractice_2: height = 0.05
15.8150 	EXP 	textPractice_2: text = ''
18.8433 	EXP 	polygonCol_2: autoDraw = False
18.8433 	EXP 	polygonWh_2: autoDraw = False
18.8433 	EXP 	imagePractice_2: autoDraw = False
18.8433 	EXP 	polygonText_2: autoDraw = False
18.8433 	EXP 	textPractice_2: autoDraw = False
18.8433 	EXP 	polygonCol_2: autoDraw = False
18.8433 	EXP 	polygonWh_2: autoDraw = False
18.8433 	EXP 	imagePractice_2: autoDraw = False
18.8433 	EXP 	polygonText_2: autoDraw = False
18.8433 	EXP 	textPractice_2: autoDraw = False
18.8433 	EXP 	textBlankLoop: autoDraw = True
19.3366 	EXP 	New trial (rep=0, index=1): {'image': 'REPSWITCH1_Practice/PICTURE_12.png', 'correctAns': 'sirena', 'respModal': 'TYPE', 'frameColor': 'gold'}
19.3433 	EXP 	textBlankLoop: autoDraw = False
19.3433 	EXP 	textBlankLoop: autoDraw = False
19.3433 	EXP 	fixationITI: autoDraw = True
20.4755 	EXP 	fixationITI: autoDraw = False
20.4755 	EXP 	fixationITI: autoDraw = False
20.4755 	EXP 	polygonCol_2: fillColor = <psychopy.colors.Color: gold, alpha=1.0>
20.4755 	EXP 	polygonCol_2: borderColor = <psychopy.colors.Color: gold, alpha=1.0>
20.4755 	EXP 	imagePractice_2: image = 'REPSWITCH1_Practice/PICTURE_12.png'
20.4755 	EXP 	polygonCol_2: autoDraw = True
20.4755 	EXP 	polygonWh_2: autoDraw = True
20.4755 	EXP 	imagePractice_2: autoDraw = True
20.4755 	EXP 	polygonText_2: autoDraw = True
20.4755 	EXP 	textPractice_2: autoDraw = True
21.5248 	DATA 	Keypress: s
21.6082 	DATA 	Keypress: i
21.8791 	DATA 	Keypress: r
21.9071 	DATA 	Keypress: e
22.1640 	DATA 	Keypress: n
22.2471 	DATA 	Keypress: a
23.4966 	EXP 	polygonCol_2: autoDraw = False
23.4966 	EXP 	polygonWh_2: autoDraw = False
23.4966 	EXP 	imagePractice_2: autoDraw = False
23.4966 	EXP 	polygonText_2: autoDraw = False
23.4966 	EXP 	textPractice_2: autoDraw = False
23.4966 	EXP 	polygonCol_2: autoDraw = False
23.4966 	EXP 	polygonWh_2: autoDraw = False
23.4966 	EXP 	imagePractice_2: autoDraw = False
23.4966 	EXP 	polygonText_2: autoDraw = False
23.4966 	EXP 	textPractice_2: autoDraw = False
23.4966 	EXP 	textBlankLoop: autoDraw = True
23.9901 	EXP 	New trial (rep=0, index=2): {'image': 'REPSWITCH1_Practice/PICTURE_599.png', 'correctAns': 'nube', 'respModal': 'SPEAK', 'frameColor': 'darkblue'}
23.9967 	EXP 	textBlankLoop: autoDraw = False
23.9967 	EXP 	textBlankLoop: autoDraw = False
23.9967 	EXP 	fixationITI: autoDraw = True
25.1219 	EXP 	fixationITI: autoDraw = False
25.1219 	EXP 	fixationITI: autoDraw = False
25.1219 	EXP 	polygonCol_2: fillColor = <psychopy.colors.Color: darkblue, alpha=1.0>
25.1219 	EXP 	polygonCol_2: borderColor = <psychopy.colors.Color: darkblue, alpha=1.0>
25.1219 	EXP 	imagePractice_2: image = 'REPSWITCH1_Practice/PICTURE_599.png'
25.1219 	EXP 	polygonCol_2: autoDraw = True
25.1219 	EXP 	polygonWh_2: autoDraw = True
25.1219 	EXP 	imagePractice_2: autoDraw = True
25.1219 	EXP 	polygonText_2: autoDraw = True
25.1219 	EXP 	textPractice_2: autoDraw = True
28.1500 	EXP 	polygonCol_2: autoDraw = False
28.1500 	EXP 	polygonWh_2: autoDraw = False
28.1500 	EXP 	imagePractice_2: autoDraw = False
28.1500 	EXP 	polygonText_2: autoDraw = False
28.1500 	EXP 	textPractice_2: autoDraw = False
28.1500 	EXP 	polygonCol_2: autoDraw = False
28.1500 	EXP 	polygonWh_2: autoDraw = False
28.1500 	EXP 	imagePractice_2: autoDraw = False
28.1500 	EXP 	polygonText_2: autoDraw = False
28.1500 	EXP 	textPractice_2: autoDraw = False
28.1500 	EXP 	textBlankLoop: autoDraw = True
28.6433 	EXP 	New trial (rep=0, index=3): {'image': 'REPSWITCH1_Practice/PICTURE_733.png', 'correctAns': 'gafas', 'respModal': 'TYPE', 'frameColor': 'gold'}
28.6501 	EXP 	textBlankLoop: autoDraw = False
28.6501 	EXP 	fixationITI: autoDraw = True
29.7544 	EXP 	fixationITI: autoDraw = False
29.7544 	EXP 	fixationITI: autoDraw = False
29.7544 	EXP 	polygonCol_2: fillColor = <psychopy.colors.Color: gold, alpha=1.0>
29.7544 	EXP 	polygonCol_2: borderColor = <psychopy.colors.Color: gold, alpha=1.0>
29.7544 	EXP 	imagePractice_2: image = 'REPSWITCH1_Practice/PICTURE_733.png'
29.7544 	EXP 	polygonCol_2: autoDraw = True
29.7544 	EXP 	polygonWh_2: autoDraw = True
29.7544 	EXP 	imagePractice_2: autoDraw = True
29.7544 	EXP 	polygonText_2: autoDraw = True
29.7544 	EXP 	textPractice_2: autoDraw = True
32.7756 	EXP 	polygonCol_2: autoDraw = False
32.7756 	EXP 	polygonWh_2: autoDraw = False
32.7756 	EXP 	imagePractice_2: autoDraw = False
32.7756 	EXP 	polygonText_2: autoDraw = False
32.7756 	EXP 	textPractice_2: autoDraw = False
32.7756 	EXP 	polygonCol_2: autoDraw = False
32.7756 	EXP 	polygonWh_2: autoDraw = False
32.7756 	EXP 	imagePractice_2: autoDraw = False
32.7756 	EXP 	polygonText_2: autoDraw = False
32.7756 	EXP 	textPractice_2: autoDraw = False
32.7756 	EXP 	textBlankLoop: autoDraw = True
33.2691 	EXP 	New trial (rep=0, index=4): {'image': 'REPSWITCH1_Practice/PICTURE_614.png', 'correctAns': 'reina', 'respModal': 'TYPE', 'frameColor': 'gold'}
33.2757 	EXP 	textBlankLoop: autoDraw = False
33.2757 	EXP 	textBlankLoop: autoDraw = False
33.2757 	EXP 	fixationITI: autoDraw = True
34.3800 	EXP 	fixationITI: autoDraw = False
34.3800 	EXP 	fixationITI: autoDraw = False
34.3800 	EXP 	polygonCol_2: fillColor = <psychopy.colors.Color: gold, alpha=1.0>
34.3800 	EXP 	polygonCol_2: borderColor = <psychopy.colors.Color: gold, alpha=1.0>
34.3800 	EXP 	imagePractice_2: image = 'REPSWITCH1_Practice/PICTURE_614.png'
34.3800 	EXP 	polygonCol_2: autoDraw = True
34.3800 	EXP 	polygonWh_2: autoDraw = True
34.3800 	EXP 	imagePractice_2: autoDraw = True
34.3800 	EXP 	polygonText_2: autoDraw = True
34.3800 	EXP 	textPractice_2: autoDraw = True
35.9920 	DATA 	Keypress: r
36.1796 	DATA 	Keypress: e
36.2977 	DATA 	Keypress: i
36.4852 	DATA 	Keypress: n
36.5476 	DATA 	Keypress: a
37.4082 	EXP 	polygonCol_2: autoDraw = False
37.4082 	EXP 	polygonWh_2: autoDraw = False
37.4082 	EXP 	imagePractice_2: autoDraw = False
37.4082 	EXP 	polygonText_2: autoDraw = False
37.4082 	EXP 	textPractice_2: autoDraw = False
37.4082 	EXP 	polygonCol_2: autoDraw = False
37.4082 	EXP 	polygonWh_2: autoDraw = False
37.4082 	EXP 	imagePractice_2: autoDraw = False
37.4082 	EXP 	polygonText_2: autoDraw = False
37.4082 	EXP 	textPractice_2: autoDraw = False
37.4082 	EXP 	textBlankLoop: autoDraw = True
37.9015 	EXP 	New trial (rep=0, index=5): {'image': 'REPSWITCH1_Practice/PICTURE_612.png', 'correctAns': 'rana', 'respModal': 'TYPE', 'frameColor': 'gold'}
37.9083 	EXP 	textBlankLoop: autoDraw = False
37.9083 	EXP 	textBlankLoop: autoDraw = False
37.9083 	EXP 	fixationITI: autoDraw = True
38.9709 	EXP 	fixationITI: autoDraw = False
38.9709 	EXP 	fixationITI: autoDraw = False
38.9709 	EXP 	polygonCol_2: fillColor = <psychopy.colors.Color: gold, alpha=1.0>
38.9709 	EXP 	polygonCol_2: borderColor = <psychopy.colors.Color: gold, alpha=1.0>
38.9709 	EXP 	imagePractice_2: image = 'REPSWITCH1_Practice/PICTURE_612.png'
38.9709 	EXP 	polygonCol_2: autoDraw = True
38.9709 	EXP 	polygonWh_2: autoDraw = True
38.9709 	EXP 	imagePractice_2: autoDraw = True
38.9709 	EXP 	polygonText_2: autoDraw = True
38.9709 	EXP 	textPractice_2: autoDraw = True
40.2079 	DATA 	Keypress: r
40.2982 	DATA 	Keypress: a
40.5484 	DATA 	Keypress: n
40.6178 	DATA 	Keypress: a
41.9921 	EXP 	polygonCol_2: autoDraw = False
41.9921 	EXP 	polygonWh_2: autoDraw = False
41.9921 	EXP 	imagePractice_2: autoDraw = False
41.9921 	EXP 	polygonText_2: autoDraw = False
41.9921 	EXP 	textPractice_2: autoDraw = False
41.9921 	EXP 	polygonCol_2: autoDraw = False
41.9921 	EXP 	polygonWh_2: autoDraw = False
41.9921 	EXP 	imagePractice_2: autoDraw = False
41.9921 	EXP 	polygonText_2: autoDraw = False
41.9921 	EXP 	textPractice_2: autoDraw = False
41.9921 	EXP 	textBlankLoop: autoDraw = True
42.4855 	EXP 	New trial (rep=0, index=6): {'image': 'REPSWITCH1_Practice/PICTURE_612.png', 'correctAns': 'rana', 'respModal': 'SPEAK', 'frameColor': 'darkblue'}
42.4922 	EXP 	textBlankLoop: autoDraw = False
42.4922 	EXP 	textBlankLoop: autoDraw = False
42.4922 	EXP 	fixationITI: autoDraw = True
43.5895 	EXP 	fixationITI: autoDraw = False
43.5895 	EXP 	fixationITI: autoDraw = False
43.5895 	EXP 	polygonCol_2: fillColor = <psychopy.colors.Color: darkblue, alpha=1.0>
43.5895 	EXP 	polygonCol_2: borderColor = <psychopy.colors.Color: darkblue, alpha=1.0>
43.5895 	EXP 	imagePractice_2: image = 'REPSWITCH1_Practice/PICTURE_612.png'
43.5895 	EXP 	polygonCol_2: autoDraw = True
43.5895 	EXP 	polygonWh_2: autoDraw = True
43.5895 	EXP 	imagePractice_2: autoDraw = True
43.5895 	EXP 	polygonText_2: autoDraw = True
43.5895 	EXP 	textPractice_2: autoDraw = True
46.6108 	EXP 	polygonCol_2: autoDraw = False
46.6108 	EXP 	polygonWh_2: autoDraw = False
46.6108 	EXP 	imagePractice_2: autoDraw = False
46.6108 	EXP 	polygonText_2: autoDraw = False
46.6108 	EXP 	textPractice_2: autoDraw = False
46.6108 	EXP 	polygonCol_2: autoDraw = False
46.6108 	EXP 	polygonWh_2: autoDraw = False
46.6108 	EXP 	imagePractice_2: autoDraw = False
46.6108 	EXP 	polygonText_2: autoDraw = False
46.6108 	EXP 	textPractice_2: autoDraw = False
46.6108 	EXP 	textBlankLoop: autoDraw = True
47.1043 	EXP 	New trial (rep=0, index=7): {'image': 'REPSWITCH1_Practice/PICTURE_570.png', 'correctAns': 'toro', 'respModal': 'TYPE', 'frameColor': 'gold'}
47.1108 	EXP 	textBlankLoop: autoDraw = False
47.1108 	EXP 	textBlankLoop: autoDraw = False
47.1108 	EXP 	fixationITI: autoDraw = True
48.2082 	EXP 	fixationITI: autoDraw = False
48.2082 	EXP 	fixationITI: autoDraw = False
48.2082 	EXP 	polygonCol_2: fillColor = <psychopy.colors.Color: gold, alpha=1.0>
48.2082 	EXP 	polygonCol_2: borderColor = <psychopy.colors.Color: gold, alpha=1.0>
48.2082 	EXP 	imagePractice_2: image = 'REPSWITCH1_Practice/PICTURE_570.png'
48.2082 	EXP 	polygonCol_2: autoDraw = True
48.2082 	EXP 	polygonWh_2: autoDraw = True
48.2082 	EXP 	imagePractice_2: autoDraw = True
48.2082 	EXP 	polygonText_2: autoDraw = True
48.2082 	EXP 	textPractice_2: autoDraw = True
49.4590 	DATA 	Keypress: t
49.5496 	DATA 	Keypress: o
49.7441 	DATA 	Keypress: r
49.8480 	DATA 	Keypress: o
51.2294 	EXP 	polygonCol_2: autoDraw = False
51.2294 	EXP 	polygonWh_2: autoDraw = False
51.2294 	EXP 	imagePractice_2: autoDraw = False
51.2294 	EXP 	polygonText_2: autoDraw = False
51.2294 	EXP 	textPractice_2: autoDraw = False
51.2294 	EXP 	polygonCol_2: autoDraw = False
51.2294 	EXP 	polygonWh_2: autoDraw = False
51.2294 	EXP 	imagePractice_2: autoDraw = False
51.2294 	EXP 	polygonText_2: autoDraw = False
51.2294 	EXP 	textPractice_2: autoDraw = False
51.2294 	EXP 	textBlankLoop: autoDraw = True
51.7229 	EXP 	New trial (rep=0, index=8): {'image': 'REPSWITCH1_Practice/PICTURE_110.png', 'correctAns': 'mesa', 'respModal': 'SPEAK', 'frameColor': 'darkblue'}
51.7295 	EXP 	textBlankLoop: autoDraw = False
51.7295 	EXP 	textBlankLoop: autoDraw = False
51.7295 	EXP 	fixationITI: autoDraw = True
52.7505 	EXP 	fixationITI: autoDraw = False
52.7505 	EXP 	fixationITI: autoDraw = False
52.7505 	EXP 	polygonCol_2: fillColor = <psychopy.colors.Color: darkblue, alpha=1.0>
52.7505 	EXP 	polygonCol_2: borderColor = <psychopy.colors.Color: darkblue, alpha=1.0>
52.7505 	EXP 	imagePractice_2: image = 'REPSWITCH1_Practice/PICTURE_110.png'
52.7505 	EXP 	polygonCol_2: autoDraw = True
52.7505 	EXP 	polygonWh_2: autoDraw = True
52.7505 	EXP 	imagePractice_2: autoDraw = True
52.7505 	EXP 	polygonText_2: autoDraw = True
52.7505 	EXP 	textPractice_2: autoDraw = True
55.7786 	EXP 	polygonCol_2: autoDraw = False
55.7786 	EXP 	polygonWh_2: autoDraw = False
55.7786 	EXP 	imagePractice_2: autoDraw = False
55.7786 	EXP 	polygonText_2: autoDraw = False
55.7786 	EXP 	textPractice_2: autoDraw = False
55.7786 	EXP 	polygonCol_2: autoDraw = False
55.7786 	EXP 	polygonWh_2: autoDraw = False
55.7786 	EXP 	imagePractice_2: autoDraw = False
55.7786 	EXP 	polygonText_2: autoDraw = False
55.7786 	EXP 	textPractice_2: autoDraw = False
55.7786 	EXP 	textBlankLoop: autoDraw = True
56.2719 	EXP 	New trial (rep=0, index=9): {'image': 'REPSWITCH1_Practice/PICTURE_733.png', 'correctAns': 'gafas', 'respModal': 'SPEAK', 'frameColor': 'darkblue'}
56.2787 	EXP 	textBlankLoop: autoDraw = False
56.2787 	EXP 	fixationITI: autoDraw = True
57.4802 	EXP 	fixationITI: autoDraw = False
57.4802 	EXP 	fixationITI: autoDraw = False
57.4802 	EXP 	polygonCol_2: fillColor = <psychopy.colors.Color: darkblue, alpha=1.0>
57.4802 	EXP 	polygonCol_2: borderColor = <psychopy.colors.Color: darkblue, alpha=1.0>
57.4802 	EXP 	imagePractice_2: image = 'REPSWITCH1_Practice/PICTURE_733.png'
57.4802 	EXP 	polygonCol_2: autoDraw = True
57.4802 	EXP 	polygonWh_2: autoDraw = True
57.4802 	EXP 	imagePractice_2: autoDraw = True
57.4802 	EXP 	polygonText_2: autoDraw = True
57.4802 	EXP 	textPractice_2: autoDraw = True
60.5015 	EXP 	polygonCol_2: autoDraw = False
60.5015 	EXP 	polygonWh_2: autoDraw = False
60.5015 	EXP 	imagePractice_2: autoDraw = False
60.5015 	EXP 	polygonText_2: autoDraw = False
60.5015 	EXP 	textPractice_2: autoDraw = False
60.5015 	EXP 	polygonCol_2: autoDraw = False
60.5015 	EXP 	polygonWh_2: autoDraw = False
60.5015 	EXP 	imagePractice_2: autoDraw = False
60.5015 	EXP 	polygonText_2: autoDraw = False
60.5015 	EXP 	textPractice_2: autoDraw = False
60.5015 	EXP 	textBlankLoop: autoDraw = True
60.9948 	EXP 	New trial (rep=0, index=10): {'image': 'REPSWITCH1_Practice/PICTURE_733.png', 'correctAns': 'gafas', 'respModal': 'TYPE', 'frameColor': 'gold'}
61.0015 	EXP 	textBlankLoop: autoDraw = False
61.0015 	EXP 	textBlankLoop: autoDraw = False
61.0015 	EXP 	fixationITI: autoDraw = True
62.0642 	EXP 	fixationITI: autoDraw = False
62.0642 	EXP 	fixationITI: autoDraw = False
62.0642 	EXP 	polygonCol_2: fillColor = <psychopy.colors.Color: gold, alpha=1.0>
62.0642 	EXP 	polygonCol_2: borderColor = <psychopy.colors.Color: gold, alpha=1.0>
62.0642 	EXP 	imagePractice_2: image = 'REPSWITCH1_Practice/PICTURE_733.png'
62.0642 	EXP 	polygonCol_2: autoDraw = True
62.0642 	EXP 	polygonWh_2: autoDraw = True
62.0642 	EXP 	imagePractice_2: autoDraw = True
62.0642 	EXP 	polygonText_2: autoDraw = True
62.0642 	EXP 	textPractice_2: autoDraw = True
63.1830 	DATA 	Keypress: g
63.3013 	DATA 	Keypress: a
63.3847 	DATA 	Keypress: f
63.4817 	DATA 	Keypress: a
63.6693 	DATA 	Keypress: s
65.0855 	EXP 	polygonCol_2: autoDraw = False
65.0855 	EXP 	polygonWh_2: autoDraw = False
65.0855 	EXP 	imagePractice_2: autoDraw = False
65.0855 	EXP 	polygonText_2: autoDraw = False
65.0855 	EXP 	textPractice_2: autoDraw = False
65.0855 	EXP 	polygonCol_2: autoDraw = False
65.0855 	EXP 	polygonWh_2: autoDraw = False
65.0855 	EXP 	imagePractice_2: autoDraw = False
65.0855 	EXP 	polygonText_2: autoDraw = False
65.0855 	EXP 	textPractice_2: autoDraw = False
65.0855 	EXP 	textBlankLoop: autoDraw = True
65.5789 	EXP 	New trial (rep=0, index=11): {'image': 'REPSWITCH1_Practice/PICTURE_614.png', 'correctAns': 'reina', 'respModal': 'SPEAK', 'frameColor': 'darkblue'}
65.5855 	EXP 	textBlankLoop: autoDraw = False
65.5855 	EXP 	textBlankLoop: autoDraw = False
65.5855 	EXP 	fixationITI: autoDraw = True
66.7801 	EXP 	fixationITI: autoDraw = False
66.7801 	EXP 	fixationITI: autoDraw = False
66.7801 	EXP 	polygonCol_2: fillColor = <psychopy.colors.Color: darkblue, alpha=1.0>
66.7801 	EXP 	polygonCol_2: borderColor = <psychopy.colors.Color: darkblue, alpha=1.0>
66.7801 	EXP 	imagePractice_2: image = 'REPSWITCH1_Practice/PICTURE_614.png'
66.7801 	EXP 	polygonCol_2: autoDraw = True
66.7801 	EXP 	polygonWh_2: autoDraw = True
66.7801 	EXP 	imagePractice_2: autoDraw = True
66.7801 	EXP 	polygonText_2: autoDraw = True
66.7801 	EXP 	textPractice_2: autoDraw = True
69.8013 	EXP 	polygonCol_2: autoDraw = False
69.8013 	EXP 	polygonWh_2: autoDraw = False
69.8013 	EXP 	imagePractice_2: autoDraw = False
69.8013 	EXP 	polygonText_2: autoDraw = False
69.8013 	EXP 	textPractice_2: autoDraw = False
69.8013 	EXP 	polygonCol_2: autoDraw = False
69.8013 	EXP 	polygonWh_2: autoDraw = False
69.8013 	EXP 	imagePractice_2: autoDraw = False
69.8013 	EXP 	polygonText_2: autoDraw = False
69.8013 	EXP 	textPractice_2: autoDraw = False
69.8013 	EXP 	textBlankLoop: autoDraw = True
70.3014 	EXP 	textBlankLoop: autoDraw = False
70.3014 	EXP 	textBlankLoop: autoDraw = False
70.3014 	EXP 	textboxEndPractice_2: autoDraw = True
167.6917 	DATA 	Keypress: space
167.6961 	EXP 	textboxEndPractice_2: autoDraw = False
167.7209 	EXP 	window1: mouseVisible = True
