7.2647 	EXP 	Created window1 = Window(allowGUI=True, allowStencil=False, autoLog=True, backendConf=UNKNOWN, bitsMode=UNKNOWN, blendMode='avg', bpc=(8, 8, 8), color=array([0, 0, 0]), colorSpace='rgb', depthBits=8, fullscr=<method-wrapper '__getattribute__' of attributeSetter object at 0x0000026B368AAB50>, gamma=None, gammaErrorPolicy='raise', lms=UNKNOWN, monitor=<psychopy.monitors.calibTools.Monitor object at 0x0000026B3CD40490>, multiSample=False, name='window1', numSamples=2, pos=(0, 0), screen=0, size=array([1920, 1080]), stencilBits=0, stereo=False, units='height', useFBO=True, useRetina=False, viewOri=0.0, viewPos=None, viewScale=None, waitBlanking=True, winType='pyglet')
7.2647 	EXP 	window1: mouseVisible = True
7.2648 	EXP 	window1: mouseVisible = False
7.2648 	EXP 	window1: Attempting to measure frame rate of screen (0) ...
7.2648 	EXP 	window1: recordFrameIntervals = False
7.3339 	EXP 	window1: recordFrameIntervals = True
7.4104 	EXP 	Screen (0) actual frame rate measured at 143.93Hz
7.4104 	EXP 	window1: recordFrameIntervals = False
8.5545 	EXP 	Created textWelcomeFam = TextStim(__class__=<class 'psychopy.visual.text.TextStim'>, alignHoriz=method-wrapper(...), alignText='center', alignVert=method-wrapper(...), anchorHoriz='center', anchorVert='center', antialias=True, autoDraw=False, autoLog=True, bold=False, color=array([1, 1, 1]), colorSpace='rgb', contrast=1.0, depth=0.0, flipHoriz=False, flipVert=False, font='Open Sans', fontFiles=[], height=0.05, italic=False, languageStyle='LTR', name='textWelcomeFam', opacity=1.0, ori=0.0, pos=array([0., 0.]), rgb=UNKNOWN, text='Bienvenido/a al experimento!', units='height', win=Window(...), wrapWidth=1)
8.5964 	EXP 	Created fixationITI = ShapeStim(__class__=<class 'psychopy.visual.shape.ShapeStim'>, anchor=('center', 'center'), autoDraw=False, autoLog=True, closeShape=True, color=method-wrapper(...), colorSpace='rgb', contrast=None, depth=0.0, fillColor=array([1, 1, 1]), fillColorSpace='rgb', fillRGB=array([1, 1, 1]), interpolate=True, lineColor=array([1, 1, 1]), lineColorSpace='rgb', lineRGB=array([1, 1, 1]), lineWidth=1.0, name='fixationITI', opacity=1.0, ori=0.0, pos=array([0., 0.]), size=array([0.1, 0.1]), units='height', vertices=ndarray(...), win=Window(...), windingRule=None)
8.5969 	EXP 	Created polygonWhiteFam = Rect(__class__=<class 'psychopy.visual.rect.Rect'>, anchor=('center', 'center'), autoDraw=False, autoLog=True, closeShape=True, color=method-wrapper(...), colorSpace='rgb', contrast=None, depth=0.0, fillColor=array([1, 1, 1]), fillColorSpace='rgb', fillRGB=array([1, 1, 1]), interpolate=True, lineColor=array([1, 1, 1]), lineColorSpace='rgb', lineRGB=array([1, 1, 1]), lineWidth=1.0, name='polygonWhiteFam', opacity=1.0, ori=0.0, pos=array([0., 0.]), size=array([0.5, 0.5]), units='height', vertices=ndarray(...), win=Window(...))
8.5998 	EXP 	Created imageFam = ImageStim(__class__=<class 'psychopy.visual.image.ImageStim'>, anchor=('center', 'center'), autoLog=True, color=array([1, 1, 1]), colorSpace='rgb', contrast=1.0, depth=-1.0, flipHoriz=False, flipVert=False, image='sin', interpolate=True, mask=None, maskParams=None, name='imageFam', opacity=1.0, ori=0.0, pos=array([0., 0.]), size=array([0.5, 0.5]), texRes=128.0, units='height', win=Window(...))
8.6001 	EXP 	Created textFam = TextStim(__class__=<class 'psychopy.visual.text.TextStim'>, alignHoriz=method-wrapper(...), alignText='center', alignVert=method-wrapper(...), anchorHoriz='center', anchorVert='center', antialias=True, autoDraw=False, autoLog=True, bold=False, color=array([1, 1, 1]), colorSpace='rgb', contrast=1.0, depth=-2.0, flipHoriz=False, flipVert=False, font='Open Sans', fontFiles=[], height=0.05, italic=False, languageStyle='LTR', name='textFam', opacity=1.0, ori=0.0, pos=array([ 0. , -0.3]), rgb=UNKNOWN, text='', units='height', win=Window(...), wrapWidth=1)
8.6475 	EXP 	Created textBlankLoop = TextStim(__class__=<class 'psychopy.visual.text.TextStim'>, alignHoriz=method-wrapper(...), alignText='center', alignVert=method-wrapper(...), anchorHoriz='center', anchorVert='center', antialias=True, autoDraw=False, autoLog=True, bold=False, color=array([1, 1, 1]), colorSpace='rgb', contrast=1.0, depth=0.0, flipHoriz=False, flipVert=False, font='Open Sans', fontFiles=[], height=0.05, italic=False, languageStyle='LTR', name='textBlankLoop', opacity=1.0, ori=0.0, pos=array([0., 0.]), rgb=UNKNOWN, text='', units='height', win=Window(...), wrapWidth=1)
8.6695 	EXP 	textboxInstrFam: autoLog = True
8.6695 	EXP 	textboxEndFam: autoLog = True
8.6695 	EXP 	textWelcomeFam: autoDraw = True
10.6677 	EXP 	textWelcomeFam: autoDraw = False
10.6677 	EXP 	textboxInstrFam: autoDraw = True
26.3917 	EXP 	Imported repswitch_fam.xlsx as conditions, 45 conditions, 2 params
26.3922 	EXP 	Created sequence: random, trialTypes=45, nReps=1, seed=None
26.3923 	EXP 	New trial (rep=0, index=0): {'image': 'REPSWITCH1_Fam/PICTURE_599.png', 'correctAns': 'nube'}
26.3930 	DATA 	Keypress: space
26.3989 	EXP 	textboxInstrFam: autoDraw = False
26.3989 	EXP 	fixationITI: autoDraw = True
27.4476 	EXP 	fixationITI: autoDraw = False
27.4476 	EXP 	fixationITI: autoDraw = False
27.4476 	EXP 	imageFam: image = 'REPSWITCH1_Fam/PICTURE_599.png'
27.4476 	EXP 	polygonWhiteFam: autoDraw = True
27.4476 	EXP 	imageFam: autoDraw = True
30.9412 	EXP 	textFam: autoDraw = True
33.4415 	EXP 	textFam: autoDraw = False
33.4763 	EXP 	polygonWhiteFam: autoDraw = False
33.4763 	EXP 	imageFam: autoDraw = False
33.4763 	EXP 	polygonWhiteFam: autoDraw = False
33.4763 	EXP 	imageFam: autoDraw = False
33.4763 	EXP 	textFam: autoDraw = False
33.4763 	EXP 	textBlankLoop: autoDraw = True
33.9696 	EXP 	New trial (rep=0, index=1): {'image': 'REPSWITCH1_Fam/PICTURE_48.png', 'correctAns': 'bombero'}
33.9763 	EXP 	textBlankLoop: autoDraw = False
33.9763 	EXP 	textBlankLoop: autoDraw = False
33.9763 	EXP 	fixationITI: autoDraw = True
35.0528 	EXP 	fixationITI: autoDraw = False
35.0528 	EXP 	fixationITI: autoDraw = False
35.0528 	EXP 	imageFam: image = 'REPSWITCH1_Fam/PICTURE_48.png'
35.0528 	EXP 	polygonWhiteFam: autoDraw = True
35.0528 	EXP 	imageFam: autoDraw = True
38.5463 	EXP 	textFam: autoDraw = True
41.0466 	EXP 	textFam: autoDraw = False
41.0814 	EXP 	polygonWhiteFam: autoDraw = False
41.0814 	EXP 	imageFam: autoDraw = False
41.0814 	EXP 	polygonWhiteFam: autoDraw = False
41.0814 	EXP 	imageFam: autoDraw = False
41.0814 	EXP 	textFam: autoDraw = False
41.0814 	EXP 	textBlankLoop: autoDraw = True
41.5747 	EXP 	New trial (rep=0, index=2): {'image': 'REPSWITCH1_Fam/PICTURE_728.png', 'correctAns': 'pulpo'}
41.5814 	EXP 	textBlankLoop: autoDraw = False
41.5814 	EXP 	textBlankLoop: autoDraw = False
41.5814 	EXP 	fixationITI: autoDraw = True
42.7413 	EXP 	fixationITI: autoDraw = False
42.7413 	EXP 	fixationITI: autoDraw = False
42.7413 	EXP 	imageFam: image = 'REPSWITCH1_Fam/PICTURE_728.png'
42.7413 	EXP 	polygonWhiteFam: autoDraw = True
42.7413 	EXP 	imageFam: autoDraw = True
46.2348 	EXP 	textFam: autoDraw = True
48.7352 	EXP 	textFam: autoDraw = False
48.7699 	EXP 	polygonWhiteFam: autoDraw = False
48.7699 	EXP 	imageFam: autoDraw = False
48.7699 	EXP 	polygonWhiteFam: autoDraw = False
48.7699 	EXP 	imageFam: autoDraw = False
48.7699 	EXP 	textFam: autoDraw = False
48.7699 	EXP 	textBlankLoop: autoDraw = True
49.2632 	EXP 	New trial (rep=0, index=3): {'image': 'REPSWITCH1_Fam/PICTURE_16.png', 'correctAns': 'cazador'}
49.2699 	EXP 	textBlankLoop: autoDraw = False
49.2699 	EXP 	textBlankLoop: autoDraw = False
49.2699 	EXP 	fixationITI: autoDraw = True
50.4507 	EXP 	fixationITI: autoDraw = False
50.4507 	EXP 	fixationITI: autoDraw = False
50.4507 	EXP 	imageFam: image = 'REPSWITCH1_Fam/PICTURE_16.png'
50.4507 	EXP 	polygonWhiteFam: autoDraw = True
50.4507 	EXP 	imageFam: autoDraw = True
53.9442 	EXP 	textFam: autoDraw = True
56.4445 	EXP 	textFam: autoDraw = False
56.4792 	EXP 	polygonWhiteFam: autoDraw = False
56.4792 	EXP 	imageFam: autoDraw = False
56.4792 	EXP 	polygonWhiteFam: autoDraw = False
56.4792 	EXP 	imageFam: autoDraw = False
56.4792 	EXP 	textFam: autoDraw = False
56.4792 	EXP 	textBlankLoop: autoDraw = True
56.9726 	EXP 	New trial (rep=0, index=4): {'image': 'REPSWITCH1_Fam/PICTURE_340.png', 'correctAns': 'espejo'}
56.9793 	EXP 	textBlankLoop: autoDraw = False
56.9793 	EXP 	textBlankLoop: autoDraw = False
56.9793 	EXP 	fixationITI: autoDraw = True
58.0281 	EXP 	fixationITI: autoDraw = False
58.0281 	EXP 	fixationITI: autoDraw = False
58.0281 	EXP 	imageFam: image = 'REPSWITCH1_Fam/PICTURE_340.png'
58.0281 	EXP 	polygonWhiteFam: autoDraw = True
58.0281 	EXP 	imageFam: autoDraw = True
61.5215 	EXP 	textFam: autoDraw = True
64.0218 	EXP 	textFam: autoDraw = False
64.0566 	EXP 	polygonWhiteFam: autoDraw = False
64.0566 	EXP 	imageFam: autoDraw = False
64.0566 	EXP 	polygonWhiteFam: autoDraw = False
64.0566 	EXP 	imageFam: autoDraw = False
64.0566 	EXP 	textFam: autoDraw = False
64.0566 	EXP 	textBlankLoop: autoDraw = True
64.5501 	EXP 	New trial (rep=0, index=5): {'image': 'REPSWITCH1_Fam/PICTURE_320.png', 'correctAns': 'iglesia'}
64.5567 	EXP 	textBlankLoop: autoDraw = False
64.5567 	EXP 	textBlankLoop: autoDraw = False
64.5567 	EXP 	fixationITI: autoDraw = True
65.6262 	EXP 	fixationITI: autoDraw = False
65.6262 	EXP 	fixationITI: autoDraw = False
65.6262 	EXP 	imageFam: image = 'REPSWITCH1_Fam/PICTURE_320.png'
65.6262 	EXP 	polygonWhiteFam: autoDraw = True
65.6262 	EXP 	imageFam: autoDraw = True
69.1197 	EXP 	textFam: autoDraw = True
71.6201 	EXP 	textFam: autoDraw = False
71.6548 	EXP 	polygonWhiteFam: autoDraw = False
71.6548 	EXP 	imageFam: autoDraw = False
71.6548 	EXP 	polygonWhiteFam: autoDraw = False
71.6548 	EXP 	imageFam: autoDraw = False
71.6548 	EXP 	textFam: autoDraw = False
71.6548 	EXP 	textBlankLoop: autoDraw = True
72.1481 	EXP 	New trial (rep=0, index=6): {'image': 'REPSWITCH1_Fam/PICTURE_733.png', 'correctAns': 'gafas'}
72.1548 	EXP 	textBlankLoop: autoDraw = False
72.1548 	EXP 	textBlankLoop: autoDraw = False
72.1548 	EXP 	fixationITI: autoDraw = True
73.2800 	EXP 	fixationITI: autoDraw = False
73.2800 	EXP 	fixationITI: autoDraw = False
73.2800 	EXP 	imageFam: image = 'REPSWITCH1_Fam/PICTURE_733.png'
73.2800 	EXP 	polygonWhiteFam: autoDraw = True
73.2800 	EXP 	imageFam: autoDraw = True
76.7735 	EXP 	textFam: autoDraw = True
79.2738 	EXP 	textFam: autoDraw = False
79.3087 	EXP 	polygonWhiteFam: autoDraw = False
79.3087 	EXP 	imageFam: autoDraw = False
79.3087 	EXP 	polygonWhiteFam: autoDraw = False
79.3087 	EXP 	imageFam: autoDraw = False
79.3087 	EXP 	textFam: autoDraw = False
79.3087 	EXP 	textBlankLoop: autoDraw = True
79.8020 	EXP 	New trial (rep=0, index=7): {'image': 'REPSWITCH1_Fam/PICTURE_12.png', 'correctAns': 'sirena'}
79.8086 	EXP 	textBlankLoop: autoDraw = False
79.8086 	EXP 	textBlankLoop: autoDraw = False
79.8086 	EXP 	fixationITI: autoDraw = True
80.9060 	EXP 	fixationITI: autoDraw = False
80.9060 	EXP 	fixationITI: autoDraw = False
80.9060 	EXP 	imageFam: image = 'REPSWITCH1_Fam/PICTURE_12.png'
80.9060 	EXP 	polygonWhiteFam: autoDraw = True
80.9060 	EXP 	imageFam: autoDraw = True
84.3995 	EXP 	textFam: autoDraw = True
86.8999 	EXP 	textFam: autoDraw = False
86.9346 	EXP 	polygonWhiteFam: autoDraw = False
86.9346 	EXP 	imageFam: autoDraw = False
86.9346 	EXP 	polygonWhiteFam: autoDraw = False
86.9346 	EXP 	imageFam: autoDraw = False
86.9346 	EXP 	textFam: autoDraw = False
86.9346 	EXP 	textBlankLoop: autoDraw = True
87.4279 	EXP 	New trial (rep=0, index=8): {'image': 'REPSWITCH1_Fam/PICTURE_199.png', 'correctAns': 'falda'}
87.4347 	EXP 	textBlankLoop: autoDraw = False
87.4347 	EXP 	textBlankLoop: autoDraw = False
87.4347 	EXP 	fixationITI: autoDraw = True
88.5182 	EXP 	fixationITI: autoDraw = False
88.5182 	EXP 	fixationITI: autoDraw = False
88.5182 	EXP 	imageFam: image = 'REPSWITCH1_Fam/PICTURE_199.png'
88.5182 	EXP 	polygonWhiteFam: autoDraw = True
88.5182 	EXP 	imageFam: autoDraw = True
92.0116 	EXP 	textFam: autoDraw = True
94.5119 	EXP 	textFam: autoDraw = False
94.5467 	EXP 	polygonWhiteFam: autoDraw = False
94.5467 	EXP 	imageFam: autoDraw = False
94.5467 	EXP 	polygonWhiteFam: autoDraw = False
94.5467 	EXP 	imageFam: autoDraw = False
94.5467 	EXP 	textFam: autoDraw = False
94.5467 	EXP 	textBlankLoop: autoDraw = True
95.0401 	EXP 	New trial (rep=0, index=9): {'image': 'REPSWITCH1_Fam/PICTURE_610.png', 'correctAns': 'miel'}
95.0468 	EXP 	textBlankLoop: autoDraw = False
95.0468 	EXP 	textBlankLoop: autoDraw = False
95.0468 	EXP 	fixationITI: autoDraw = True
96.2969 	EXP 	fixationITI: autoDraw = False
96.2969 	EXP 	fixationITI: autoDraw = False
96.2969 	EXP 	imageFam: image = 'REPSWITCH1_Fam/PICTURE_610.png'
96.2969 	EXP 	polygonWhiteFam: autoDraw = True
96.2969 	EXP 	imageFam: autoDraw = True
99.7904 	EXP 	textFam: autoDraw = True
102.2907 	EXP 	textFam: autoDraw = False
102.3255 	EXP 	polygonWhiteFam: autoDraw = False
102.3255 	EXP 	imageFam: autoDraw = False
102.3255 	EXP 	polygonWhiteFam: autoDraw = False
102.3255 	EXP 	imageFam: autoDraw = False
102.3255 	EXP 	textFam: autoDraw = False
102.3255 	EXP 	textBlankLoop: autoDraw = True
102.8190 	EXP 	New trial (rep=0, index=10): {'image': 'REPSWITCH1_Fam/PICTURE_242.png', 'correctAns': 'cartero'}
102.8256 	EXP 	textBlankLoop: autoDraw = False
102.8256 	EXP 	textBlankLoop: autoDraw = False
102.8256 	EXP 	fixationITI: autoDraw = True
104.0549 	EXP 	fixationITI: autoDraw = False
104.0549 	EXP 	fixationITI: autoDraw = False
104.0549 	EXP 	imageFam: image = 'REPSWITCH1_Fam/PICTURE_242.png'
104.0549 	EXP 	polygonWhiteFam: autoDraw = True
104.0549 	EXP 	imageFam: autoDraw = True
107.5484 	EXP 	textFam: autoDraw = True
110.0487 	EXP 	textFam: autoDraw = False
110.0835 	EXP 	polygonWhiteFam: autoDraw = False
110.0835 	EXP 	imageFam: autoDraw = False
110.0835 	EXP 	polygonWhiteFam: autoDraw = False
110.0835 	EXP 	imageFam: autoDraw = False
110.0835 	EXP 	textFam: autoDraw = False
110.0835 	EXP 	textBlankLoop: autoDraw = True
110.5768 	EXP 	New trial (rep=0, index=11): {'image': 'REPSWITCH1_Fam/PICTURE_169.png', 'correctAns': 'espalda'}
110.5835 	EXP 	textBlankLoop: autoDraw = False
110.5835 	EXP 	textBlankLoop: autoDraw = False
110.5835 	EXP 	fixationITI: autoDraw = True
111.6809 	EXP 	fixationITI: autoDraw = False
111.6809 	EXP 	fixationITI: autoDraw = False
111.6809 	EXP 	imageFam: image = 'REPSWITCH1_Fam/PICTURE_169.png'
111.6809 	EXP 	polygonWhiteFam: autoDraw = True
111.6809 	EXP 	imageFam: autoDraw = True
115.1744 	EXP 	textFam: autoDraw = True
117.6747 	EXP 	textFam: autoDraw = False
117.7095 	EXP 	polygonWhiteFam: autoDraw = False
117.7095 	EXP 	imageFam: autoDraw = False
117.7095 	EXP 	polygonWhiteFam: autoDraw = False
117.7095 	EXP 	imageFam: autoDraw = False
117.7095 	EXP 	textFam: autoDraw = False
117.7095 	EXP 	textBlankLoop: autoDraw = True
118.2029 	EXP 	New trial (rep=0, index=12): {'image': 'REPSWITCH1_Fam/PICTURE_271.png', 'correctAns': 'conejo'}
118.2096 	EXP 	textBlankLoop: autoDraw = False
118.2096 	EXP 	textBlankLoop: autoDraw = False
118.2096 	EXP 	fixationITI: autoDraw = True
119.3902 	EXP 	fixationITI: autoDraw = False
119.3902 	EXP 	fixationITI: autoDraw = False
119.3902 	EXP 	imageFam: image = 'REPSWITCH1_Fam/PICTURE_271.png'
119.3902 	EXP 	polygonWhiteFam: autoDraw = True
119.3902 	EXP 	imageFam: autoDraw = True
122.8837 	EXP 	textFam: autoDraw = True
125.3840 	EXP 	textFam: autoDraw = False
125.4188 	EXP 	polygonWhiteFam: autoDraw = False
125.4188 	EXP 	imageFam: autoDraw = False
125.4188 	EXP 	polygonWhiteFam: autoDraw = False
125.4188 	EXP 	imageFam: autoDraw = False
125.4188 	EXP 	textFam: autoDraw = False
125.4188 	EXP 	textBlankLoop: autoDraw = True
125.9122 	EXP 	New trial (rep=0, index=13): {'image': 'REPSWITCH1_Fam/PICTURE_719.png', 'correctAns': 'baño'}
125.9189 	EXP 	textBlankLoop: autoDraw = False
125.9189 	EXP 	textBlankLoop: autoDraw = False
125.9189 	EXP 	fixationITI: autoDraw = True
126.9884 	EXP 	fixationITI: autoDraw = False
126.9884 	EXP 	fixationITI: autoDraw = False
126.9884 	EXP 	imageFam: image = 'REPSWITCH1_Fam/PICTURE_719.png'
126.9884 	EXP 	polygonWhiteFam: autoDraw = True
126.9884 	EXP 	imageFam: autoDraw = True
130.4819 	EXP 	textFam: autoDraw = True
132.9823 	EXP 	textFam: autoDraw = False
133.0170 	EXP 	polygonWhiteFam: autoDraw = False
133.0170 	EXP 	imageFam: autoDraw = False
133.0170 	EXP 	polygonWhiteFam: autoDraw = False
133.0170 	EXP 	imageFam: autoDraw = False
133.0170 	EXP 	textFam: autoDraw = False
133.0170 	EXP 	textBlankLoop: autoDraw = True
133.5104 	EXP 	New trial (rep=0, index=14): {'image': 'REPSWITCH1_Fam/PICTURE_687.png', 'correctAns': 'camisa'}
133.5171 	EXP 	textBlankLoop: autoDraw = False
133.5171 	EXP 	textBlankLoop: autoDraw = False
133.5171 	EXP 	fixationITI: autoDraw = True
134.5311 	EXP 	fixationITI: autoDraw = False
134.5311 	EXP 	fixationITI: autoDraw = False
134.5311 	EXP 	imageFam: image = 'REPSWITCH1_Fam/PICTURE_687.png'
134.5311 	EXP 	polygonWhiteFam: autoDraw = True
134.5311 	EXP 	imageFam: autoDraw = True
138.0246 	EXP 	textFam: autoDraw = True
140.5249 	EXP 	textFam: autoDraw = False
140.5597 	EXP 	polygonWhiteFam: autoDraw = False
140.5597 	EXP 	imageFam: autoDraw = False
140.5597 	EXP 	polygonWhiteFam: autoDraw = False
140.5597 	EXP 	imageFam: autoDraw = False
140.5597 	EXP 	textFam: autoDraw = False
140.5597 	EXP 	textBlankLoop: autoDraw = True
141.0531 	EXP 	New trial (rep=0, index=15): {'image': 'REPSWITCH1_Fam/PICTURE_614.png', 'correctAns': 'reina'}
141.0598 	EXP 	textBlankLoop: autoDraw = False
141.0598 	EXP 	textBlankLoop: autoDraw = False
141.0598 	EXP 	fixationITI: autoDraw = True
142.1363 	EXP 	fixationITI: autoDraw = False
142.1363 	EXP 	fixationITI: autoDraw = False
142.1363 	EXP 	imageFam: image = 'REPSWITCH1_Fam/PICTURE_614.png'
142.1363 	EXP 	polygonWhiteFam: autoDraw = True
142.1363 	EXP 	imageFam: autoDraw = True
145.6298 	EXP 	textFam: autoDraw = True
148.1302 	EXP 	textFam: autoDraw = False
148.1648 	EXP 	polygonWhiteFam: autoDraw = False
148.1648 	EXP 	imageFam: autoDraw = False
148.1648 	EXP 	polygonWhiteFam: autoDraw = False
148.1648 	EXP 	imageFam: autoDraw = False
148.1648 	EXP 	textFam: autoDraw = False
148.1648 	EXP 	textBlankLoop: autoDraw = True
148.6583 	EXP 	New trial (rep=0, index=16): {'image': 'REPSWITCH1_Fam/PICTURE_663.png', 'correctAns': 'columna'}
148.6649 	EXP 	textBlankLoop: autoDraw = False
148.6649 	EXP 	textBlankLoop: autoDraw = False
148.6649 	EXP 	fixationITI: autoDraw = True
149.8317 	EXP 	fixationITI: autoDraw = False
149.8317 	EXP 	fixationITI: autoDraw = False
149.8317 	EXP 	imageFam: image = 'REPSWITCH1_Fam/PICTURE_663.png'
149.8317 	EXP 	polygonWhiteFam: autoDraw = True
149.8317 	EXP 	imageFam: autoDraw = True
153.3252 	EXP 	textFam: autoDraw = True
155.8256 	EXP 	textFam: autoDraw = False
155.8602 	EXP 	polygonWhiteFam: autoDraw = False
155.8602 	EXP 	imageFam: autoDraw = False
155.8602 	EXP 	polygonWhiteFam: autoDraw = False
155.8602 	EXP 	imageFam: autoDraw = False
155.8602 	EXP 	textFam: autoDraw = False
155.8602 	EXP 	textBlankLoop: autoDraw = True
156.3536 	EXP 	New trial (rep=0, index=17): {'image': 'REPSWITCH1_Fam/PICTURE_446.png', 'correctAns': 'cerdo'}
156.3603 	EXP 	textBlankLoop: autoDraw = False
156.3603 	EXP 	textBlankLoop: autoDraw = False
156.3603 	EXP 	fixationITI: autoDraw = True
157.4230 	EXP 	fixationITI: autoDraw = False
157.4230 	EXP 	fixationITI: autoDraw = False
157.4230 	EXP 	imageFam: image = 'REPSWITCH1_Fam/PICTURE_446.png'
157.4230 	EXP 	polygonWhiteFam: autoDraw = True
157.4230 	EXP 	imageFam: autoDraw = True
160.9165 	EXP 	textFam: autoDraw = True
163.4168 	EXP 	textFam: autoDraw = False
163.4515 	EXP 	polygonWhiteFam: autoDraw = False
163.4515 	EXP 	imageFam: autoDraw = False
163.4515 	EXP 	polygonWhiteFam: autoDraw = False
163.4515 	EXP 	imageFam: autoDraw = False
163.4515 	EXP 	textFam: autoDraw = False
163.4515 	EXP 	textBlankLoop: autoDraw = True
163.9449 	EXP 	New trial (rep=0, index=18): {'image': 'REPSWITCH1_Fam/PICTURE_464.png', 'correctAns': 'goma'}
163.9516 	EXP 	textBlankLoop: autoDraw = False
163.9516 	EXP 	textBlankLoop: autoDraw = False
163.9516 	EXP 	fixationITI: autoDraw = True
165.0351 	EXP 	fixationITI: autoDraw = False
165.0351 	EXP 	fixationITI: autoDraw = False
165.0351 	EXP 	imageFam: image = 'REPSWITCH1_Fam/PICTURE_464.png'
165.0351 	EXP 	polygonWhiteFam: autoDraw = True
165.0351 	EXP 	imageFam: autoDraw = True
168.5287 	EXP 	textFam: autoDraw = True
171.0289 	EXP 	textFam: autoDraw = False
171.0637 	EXP 	polygonWhiteFam: autoDraw = False
171.0637 	EXP 	imageFam: autoDraw = False
171.0637 	EXP 	polygonWhiteFam: autoDraw = False
171.0637 	EXP 	imageFam: autoDraw = False
171.0637 	EXP 	textFam: autoDraw = False
171.0637 	EXP 	textBlankLoop: autoDraw = True
171.5570 	EXP 	New trial (rep=0, index=19): {'image': 'REPSWITCH1_Fam/PICTURE_612.png', 'correctAns': 'rana'}
171.5637 	EXP 	textBlankLoop: autoDraw = False
171.5637 	EXP 	textBlankLoop: autoDraw = False
171.5637 	EXP 	fixationITI: autoDraw = True
172.6611 	EXP 	fixationITI: autoDraw = False
172.6611 	EXP 	fixationITI: autoDraw = False
172.6611 	EXP 	imageFam: image = 'REPSWITCH1_Fam/PICTURE_612.png'
172.6611 	EXP 	polygonWhiteFam: autoDraw = True
172.6611 	EXP 	imageFam: autoDraw = True
176.1546 	EXP 	textFam: autoDraw = True
178.6549 	EXP 	textFam: autoDraw = False
178.6897 	EXP 	polygonWhiteFam: autoDraw = False
178.6897 	EXP 	imageFam: autoDraw = False
178.6897 	EXP 	polygonWhiteFam: autoDraw = False
178.6897 	EXP 	imageFam: autoDraw = False
178.6897 	EXP 	textFam: autoDraw = False
178.6897 	EXP 	textBlankLoop: autoDraw = True
179.1830 	EXP 	New trial (rep=0, index=20): {'image': 'REPSWITCH1_Fam/PICTURE_152.png', 'correctAns': 'caracol'}
179.1897 	EXP 	textBlankLoop: autoDraw = False
179.1897 	EXP 	textBlankLoop: autoDraw = False
179.1897 	EXP 	fixationITI: autoDraw = True
180.2871 	EXP 	fixationITI: autoDraw = False
180.2871 	EXP 	fixationITI: autoDraw = False
180.2871 	EXP 	imageFam: image = 'REPSWITCH1_Fam/PICTURE_152.png'
180.2871 	EXP 	polygonWhiteFam: autoDraw = True
180.2871 	EXP 	imageFam: autoDraw = True
183.7806 	EXP 	textFam: autoDraw = True
186.2809 	EXP 	textFam: autoDraw = False
186.3157 	EXP 	polygonWhiteFam: autoDraw = False
186.3157 	EXP 	imageFam: autoDraw = False
186.3157 	EXP 	polygonWhiteFam: autoDraw = False
186.3157 	EXP 	imageFam: autoDraw = False
186.3157 	EXP 	textFam: autoDraw = False
186.3157 	EXP 	textBlankLoop: autoDraw = True
186.8090 	EXP 	New trial (rep=0, index=21): {'image': 'REPSWITCH1_Fam/PICTURE_110.png', 'correctAns': 'mesa'}
186.8157 	EXP 	textBlankLoop: autoDraw = False
186.8157 	EXP 	textBlankLoop: autoDraw = False
186.8157 	EXP 	fixationITI: autoDraw = True
187.9131 	EXP 	fixationITI: autoDraw = False
187.9131 	EXP 	fixationITI: autoDraw = False
187.9131 	EXP 	imageFam: image = 'REPSWITCH1_Fam/PICTURE_110.png'
187.9131 	EXP 	polygonWhiteFam: autoDraw = True
187.9131 	EXP 	imageFam: autoDraw = True
191.4066 	EXP 	textFam: autoDraw = True
193.9069 	EXP 	textFam: autoDraw = False
193.9417 	EXP 	polygonWhiteFam: autoDraw = False
193.9417 	EXP 	imageFam: autoDraw = False
193.9417 	EXP 	polygonWhiteFam: autoDraw = False
193.9417 	EXP 	imageFam: autoDraw = False
193.9417 	EXP 	textFam: autoDraw = False
193.9417 	EXP 	textBlankLoop: autoDraw = True
194.4350 	EXP 	New trial (rep=0, index=22): {'image': 'REPSWITCH1_Fam/PICTURE_646.png', 'correctAns': 'tronco'}
194.4417 	EXP 	textBlankLoop: autoDraw = False
194.4417 	EXP 	textBlankLoop: autoDraw = False
194.4417 	EXP 	fixationITI: autoDraw = True
195.4974 	EXP 	fixationITI: autoDraw = False
195.4974 	EXP 	fixationITI: autoDraw = False
195.4974 	EXP 	imageFam: image = 'REPSWITCH1_Fam/PICTURE_646.png'
195.4974 	EXP 	polygonWhiteFam: autoDraw = True
195.4974 	EXP 	imageFam: autoDraw = True
198.9909 	EXP 	textFam: autoDraw = True
201.4912 	EXP 	textFam: autoDraw = False
201.5259 	EXP 	polygonWhiteFam: autoDraw = False
201.5259 	EXP 	imageFam: autoDraw = False
201.5259 	EXP 	polygonWhiteFam: autoDraw = False
201.5259 	EXP 	imageFam: autoDraw = False
201.5259 	EXP 	textFam: autoDraw = False
201.5259 	EXP 	textBlankLoop: autoDraw = True
202.0193 	EXP 	New trial (rep=0, index=23): {'image': 'REPSWITCH1_Fam/PICTURE_381.png', 'correctAns': 'fresa'}
202.0260 	EXP 	textBlankLoop: autoDraw = False
202.0260 	EXP 	textBlankLoop: autoDraw = False
202.0260 	EXP 	fixationITI: autoDraw = True
203.1651 	EXP 	fixationITI: autoDraw = False
203.1651 	EXP 	fixationITI: autoDraw = False
203.1651 	EXP 	imageFam: image = 'REPSWITCH1_Fam/PICTURE_381.png'
203.1651 	EXP 	polygonWhiteFam: autoDraw = True
203.1651 	EXP 	imageFam: autoDraw = True
206.6586 	EXP 	textFam: autoDraw = True
209.1589 	EXP 	textFam: autoDraw = False
209.1936 	EXP 	polygonWhiteFam: autoDraw = False
209.1936 	EXP 	imageFam: autoDraw = False
209.1936 	EXP 	polygonWhiteFam: autoDraw = False
209.1936 	EXP 	imageFam: autoDraw = False
209.1936 	EXP 	textFam: autoDraw = False
209.1936 	EXP 	textBlankLoop: autoDraw = True
209.6870 	EXP 	New trial (rep=0, index=24): {'image': 'REPSWITCH1_Fam/PICTURE_338.png', 'correctAns': 'regalo'}
209.6937 	EXP 	textBlankLoop: autoDraw = False
209.6937 	EXP 	textBlankLoop: autoDraw = False
209.6937 	EXP 	fixationITI: autoDraw = True
210.7425 	EXP 	fixationITI: autoDraw = False
210.7425 	EXP 	fixationITI: autoDraw = False
210.7425 	EXP 	imageFam: image = 'REPSWITCH1_Fam/PICTURE_338.png'
210.7425 	EXP 	polygonWhiteFam: autoDraw = True
210.7425 	EXP 	imageFam: autoDraw = True
214.2360 	EXP 	textFam: autoDraw = True
216.7363 	EXP 	textFam: autoDraw = False
216.7711 	EXP 	polygonWhiteFam: autoDraw = False
216.7711 	EXP 	imageFam: autoDraw = False
216.7711 	EXP 	polygonWhiteFam: autoDraw = False
216.7711 	EXP 	imageFam: autoDraw = False
216.7711 	EXP 	textFam: autoDraw = False
216.7711 	EXP 	textBlankLoop: autoDraw = True
217.2645 	EXP 	New trial (rep=0, index=25): {'image': 'REPSWITCH1_Fam/PICTURE_570.png', 'correctAns': 'toro'}
217.2712 	EXP 	textBlankLoop: autoDraw = False
217.2712 	EXP 	textBlankLoop: autoDraw = False
217.2712 	EXP 	fixationITI: autoDraw = True
218.3060 	EXP 	fixationITI: autoDraw = False
218.3060 	EXP 	fixationITI: autoDraw = False
218.3060 	EXP 	imageFam: image = 'REPSWITCH1_Fam/PICTURE_570.png'
218.3060 	EXP 	polygonWhiteFam: autoDraw = True
218.3060 	EXP 	imageFam: autoDraw = True
221.7995 	EXP 	textFam: autoDraw = True
224.2998 	EXP 	textFam: autoDraw = False
224.3345 	EXP 	polygonWhiteFam: autoDraw = False
224.3345 	EXP 	imageFam: autoDraw = False
224.3345 	EXP 	polygonWhiteFam: autoDraw = False
224.3345 	EXP 	imageFam: autoDraw = False
224.3345 	EXP 	textFam: autoDraw = False
224.3345 	EXP 	textBlankLoop: autoDraw = True
224.8279 	EXP 	New trial (rep=0, index=26): {'image': 'REPSWITCH1_Fam/PICTURE_35.png', 'correctAns': 'oreja'}
224.8346 	EXP 	textBlankLoop: autoDraw = False
224.8346 	EXP 	textBlankLoop: autoDraw = False
224.8346 	EXP 	fixationITI: autoDraw = True
225.9876 	EXP 	fixationITI: autoDraw = False
225.9876 	EXP 	fixationITI: autoDraw = False
225.9876 	EXP 	imageFam: image = 'REPSWITCH1_Fam/PICTURE_35.png'
225.9876 	EXP 	polygonWhiteFam: autoDraw = True
225.9876 	EXP 	imageFam: autoDraw = True
229.4810 	EXP 	textFam: autoDraw = True
231.9813 	EXP 	textFam: autoDraw = False
232.0162 	EXP 	polygonWhiteFam: autoDraw = False
232.0162 	EXP 	imageFam: autoDraw = False
232.0162 	EXP 	polygonWhiteFam: autoDraw = False
232.0162 	EXP 	imageFam: autoDraw = False
232.0162 	EXP 	textFam: autoDraw = False
232.0162 	EXP 	textBlankLoop: autoDraw = True
232.5095 	EXP 	New trial (rep=0, index=27): {'image': 'REPSWITCH1_Fam/PICTURE_235.png', 'correctAns': 'aguja'}
232.5161 	EXP 	textBlankLoop: autoDraw = False
232.5161 	EXP 	textBlankLoop: autoDraw = False
232.5161 	EXP 	fixationITI: autoDraw = True
233.5371 	EXP 	fixationITI: autoDraw = False
233.5371 	EXP 	fixationITI: autoDraw = False
233.5371 	EXP 	imageFam: image = 'REPSWITCH1_Fam/PICTURE_235.png'
233.5371 	EXP 	polygonWhiteFam: autoDraw = True
233.5371 	EXP 	imageFam: autoDraw = True
237.0306 	EXP 	textFam: autoDraw = True
239.5310 	EXP 	textFam: autoDraw = False
239.5658 	EXP 	polygonWhiteFam: autoDraw = False
239.5658 	EXP 	imageFam: autoDraw = False
239.5658 	EXP 	polygonWhiteFam: autoDraw = False
239.5658 	EXP 	imageFam: autoDraw = False
239.5658 	EXP 	textFam: autoDraw = False
239.5658 	EXP 	textBlankLoop: autoDraw = True
240.0590 	EXP 	New trial (rep=0, index=28): {'image': 'REPSWITCH1_Fam/PICTURE_135.png', 'correctAns': 'traje'}
240.0657 	EXP 	textBlankLoop: autoDraw = False
240.0657 	EXP 	textBlankLoop: autoDraw = False
240.0657 	EXP 	fixationITI: autoDraw = True
241.0936 	EXP 	fixationITI: autoDraw = False
241.0936 	EXP 	fixationITI: autoDraw = False
241.0936 	EXP 	imageFam: image = 'REPSWITCH1_Fam/PICTURE_135.png'
241.0936 	EXP 	polygonWhiteFam: autoDraw = True
241.0936 	EXP 	imageFam: autoDraw = True
244.5872 	EXP 	textFam: autoDraw = True
247.0875 	EXP 	textFam: autoDraw = False
247.1223 	EXP 	polygonWhiteFam: autoDraw = False
247.1223 	EXP 	imageFam: autoDraw = False
247.1223 	EXP 	polygonWhiteFam: autoDraw = False
247.1223 	EXP 	imageFam: autoDraw = False
247.1223 	EXP 	textFam: autoDraw = False
247.1223 	EXP 	textBlankLoop: autoDraw = True
247.6155 	EXP 	New trial (rep=0, index=29): {'image': 'REPSWITCH1_Fam/PICTURE_576.png', 'correctAns': 'guante'}
247.6223 	EXP 	textBlankLoop: autoDraw = False
247.6223 	EXP 	textBlankLoop: autoDraw = False
247.6223 	EXP 	fixationITI: autoDraw = True
248.6988 	EXP 	fixationITI: autoDraw = False
248.6988 	EXP 	fixationITI: autoDraw = False
248.6988 	EXP 	imageFam: image = 'REPSWITCH1_Fam/PICTURE_576.png'
248.6988 	EXP 	polygonWhiteFam: autoDraw = True
248.6988 	EXP 	imageFam: autoDraw = True
252.1923 	EXP 	textFam: autoDraw = True
254.6926 	EXP 	textFam: autoDraw = False
254.7274 	EXP 	polygonWhiteFam: autoDraw = False
254.7274 	EXP 	imageFam: autoDraw = False
254.7274 	EXP 	polygonWhiteFam: autoDraw = False
254.7274 	EXP 	imageFam: autoDraw = False
254.7274 	EXP 	textFam: autoDraw = False
254.7274 	EXP 	textBlankLoop: autoDraw = True
255.2207 	EXP 	New trial (rep=0, index=30): {'image': 'REPSWITCH1_Fam/PICTURE_673.png', 'correctAns': 'tenedor'}
255.2274 	EXP 	textBlankLoop: autoDraw = False
255.2274 	EXP 	textBlankLoop: autoDraw = False
255.2274 	EXP 	fixationITI: autoDraw = True
256.2971 	EXP 	fixationITI: autoDraw = False
256.2971 	EXP 	fixationITI: autoDraw = False
256.2971 	EXP 	imageFam: image = 'REPSWITCH1_Fam/PICTURE_673.png'
256.2971 	EXP 	polygonWhiteFam: autoDraw = True
256.2971 	EXP 	imageFam: autoDraw = True
259.7905 	EXP 	textFam: autoDraw = True
262.2909 	EXP 	textFam: autoDraw = False
262.3256 	EXP 	polygonWhiteFam: autoDraw = False
262.3256 	EXP 	imageFam: autoDraw = False
262.3256 	EXP 	polygonWhiteFam: autoDraw = False
262.3256 	EXP 	imageFam: autoDraw = False
262.3256 	EXP 	textFam: autoDraw = False
262.3256 	EXP 	textBlankLoop: autoDraw = True
262.8189 	EXP 	New trial (rep=0, index=31): {'image': 'REPSWITCH1_Fam/PICTURE_552.png', 'correctAns': 'manzana'}
262.8257 	EXP 	textBlankLoop: autoDraw = False
262.8257 	EXP 	textBlankLoop: autoDraw = False
262.8257 	EXP 	fixationITI: autoDraw = True
263.9022 	EXP 	fixationITI: autoDraw = False
263.9022 	EXP 	fixationITI: autoDraw = False
263.9022 	EXP 	imageFam: image = 'REPSWITCH1_Fam/PICTURE_552.png'
263.9022 	EXP 	polygonWhiteFam: autoDraw = True
263.9022 	EXP 	imageFam: autoDraw = True
267.3957 	EXP 	textFam: autoDraw = True
269.8960 	EXP 	textFam: autoDraw = False
269.9307 	EXP 	polygonWhiteFam: autoDraw = False
269.9307 	EXP 	imageFam: autoDraw = False
269.9307 	EXP 	polygonWhiteFam: autoDraw = False
269.9307 	EXP 	imageFam: autoDraw = False
269.9307 	EXP 	textFam: autoDraw = False
269.9307 	EXP 	textBlankLoop: autoDraw = True
270.4241 	EXP 	New trial (rep=0, index=32): {'image': 'REPSWITCH1_Fam/PICTURE_517.png', 'correctAns': 'cuerda'}
270.4308 	EXP 	textBlankLoop: autoDraw = False
270.4308 	EXP 	textBlankLoop: autoDraw = False
270.4308 	EXP 	fixationITI: autoDraw = True
271.5213 	EXP 	fixationITI: autoDraw = False
271.5213 	EXP 	fixationITI: autoDraw = False
271.5213 	EXP 	imageFam: image = 'REPSWITCH1_Fam/PICTURE_517.png'
271.5213 	EXP 	polygonWhiteFam: autoDraw = True
271.5213 	EXP 	imageFam: autoDraw = True
275.0148 	EXP 	textFam: autoDraw = True
277.5151 	EXP 	textFam: autoDraw = False
277.5498 	EXP 	polygonWhiteFam: autoDraw = False
277.5498 	EXP 	imageFam: autoDraw = False
277.5498 	EXP 	polygonWhiteFam: autoDraw = False
277.5498 	EXP 	imageFam: autoDraw = False
277.5498 	EXP 	textFam: autoDraw = False
277.5498 	EXP 	textBlankLoop: autoDraw = True
278.0432 	EXP 	New trial (rep=0, index=33): {'image': 'REPSWITCH1_Fam/PICTURE_319.png', 'correctAns': 'vaca'}
278.0499 	EXP 	textBlankLoop: autoDraw = False
278.0499 	EXP 	textBlankLoop: autoDraw = False
278.0499 	EXP 	fixationITI: autoDraw = True
279.1820 	EXP 	fixationITI: autoDraw = False
279.1820 	EXP 	fixationITI: autoDraw = False
279.1820 	EXP 	imageFam: image = 'REPSWITCH1_Fam/PICTURE_319.png'
279.1820 	EXP 	polygonWhiteFam: autoDraw = True
279.1820 	EXP 	imageFam: autoDraw = True
282.6755 	EXP 	textFam: autoDraw = True
285.1758 	EXP 	textFam: autoDraw = False
285.2106 	EXP 	polygonWhiteFam: autoDraw = False
285.2106 	EXP 	imageFam: autoDraw = False
285.2106 	EXP 	polygonWhiteFam: autoDraw = False
285.2106 	EXP 	imageFam: autoDraw = False
285.2106 	EXP 	textFam: autoDraw = False
285.2106 	EXP 	textBlankLoop: autoDraw = True
285.7039 	EXP 	New trial (rep=0, index=34): {'image': 'REPSWITCH1_Fam/PICTURE_175.png', 'correctAns': 'pintor'}
285.7106 	EXP 	textBlankLoop: autoDraw = False
285.7106 	EXP 	textBlankLoop: autoDraw = False
285.7106 	EXP 	fixationITI: autoDraw = True
286.8427 	EXP 	fixationITI: autoDraw = False
286.8427 	EXP 	fixationITI: autoDraw = False
286.8427 	EXP 	imageFam: image = 'REPSWITCH1_Fam/PICTURE_175.png'
286.8427 	EXP 	polygonWhiteFam: autoDraw = True
286.8427 	EXP 	imageFam: autoDraw = True
290.3362 	EXP 	textFam: autoDraw = True
292.8365 	EXP 	textFam: autoDraw = False
292.8713 	EXP 	polygonWhiteFam: autoDraw = False
292.8713 	EXP 	imageFam: autoDraw = False
292.8713 	EXP 	polygonWhiteFam: autoDraw = False
292.8713 	EXP 	imageFam: autoDraw = False
292.8713 	EXP 	textFam: autoDraw = False
292.8713 	EXP 	textBlankLoop: autoDraw = True
293.3648 	EXP 	New trial (rep=0, index=35): {'image': 'REPSWITCH1_Fam/PICTURE_19.png', 'correctAns': 'pavo'}
293.3714 	EXP 	textBlankLoop: autoDraw = False
293.3714 	EXP 	textBlankLoop: autoDraw = False
293.3714 	EXP 	fixationITI: autoDraw = True
294.4896 	EXP 	fixationITI: autoDraw = False
294.4896 	EXP 	fixationITI: autoDraw = False
294.4896 	EXP 	imageFam: image = 'REPSWITCH1_Fam/PICTURE_19.png'
294.4896 	EXP 	polygonWhiteFam: autoDraw = True
294.4896 	EXP 	imageFam: autoDraw = True
297.9831 	EXP 	textFam: autoDraw = True
300.4834 	EXP 	textFam: autoDraw = False
300.5182 	EXP 	polygonWhiteFam: autoDraw = False
300.5182 	EXP 	imageFam: autoDraw = False
300.5182 	EXP 	polygonWhiteFam: autoDraw = False
300.5182 	EXP 	imageFam: autoDraw = False
300.5182 	EXP 	textFam: autoDraw = False
300.5182 	EXP 	textBlankLoop: autoDraw = True
301.0115 	EXP 	New trial (rep=0, index=36): {'image': 'REPSWITCH1_Fam/PICTURE_264.png', 'correctAns': 'mano'}
301.0182 	EXP 	textBlankLoop: autoDraw = False
301.0182 	EXP 	textBlankLoop: autoDraw = False
301.0182 	EXP 	fixationITI: autoDraw = True
302.0947 	EXP 	fixationITI: autoDraw = False
302.0947 	EXP 	fixationITI: autoDraw = False
302.0947 	EXP 	imageFam: image = 'REPSWITCH1_Fam/PICTURE_264.png'
302.0947 	EXP 	polygonWhiteFam: autoDraw = True
302.0947 	EXP 	imageFam: autoDraw = True
305.5882 	EXP 	textFam: autoDraw = True
308.0886 	EXP 	textFam: autoDraw = False
308.1232 	EXP 	polygonWhiteFam: autoDraw = False
308.1232 	EXP 	imageFam: autoDraw = False
308.1232 	EXP 	polygonWhiteFam: autoDraw = False
308.1232 	EXP 	imageFam: autoDraw = False
308.1232 	EXP 	textFam: autoDraw = False
308.1232 	EXP 	textBlankLoop: autoDraw = True
308.6167 	EXP 	New trial (rep=0, index=37): {'image': 'REPSWITCH1_Fam/PICTURE_178.png', 'correctAns': 'puente'}
308.6233 	EXP 	textBlankLoop: autoDraw = False
308.6233 	EXP 	textBlankLoop: autoDraw = False
308.6233 	EXP 	fixationITI: autoDraw = True
309.6999 	EXP 	fixationITI: autoDraw = False
309.6999 	EXP 	fixationITI: autoDraw = False
309.6999 	EXP 	imageFam: image = 'REPSWITCH1_Fam/PICTURE_178.png'
309.6999 	EXP 	polygonWhiteFam: autoDraw = True
309.6999 	EXP 	imageFam: autoDraw = True
313.1934 	EXP 	textFam: autoDraw = True
315.6937 	EXP 	textFam: autoDraw = False
315.7285 	EXP 	polygonWhiteFam: autoDraw = False
315.7285 	EXP 	imageFam: autoDraw = False
315.7285 	EXP 	polygonWhiteFam: autoDraw = False
315.7285 	EXP 	imageFam: autoDraw = False
315.7285 	EXP 	textFam: autoDraw = False
315.7285 	EXP 	textBlankLoop: autoDraw = True
316.2219 	EXP 	New trial (rep=0, index=38): {'image': 'REPSWITCH1_Fam/PICTURE_8.png', 'correctAns': 'pierna'}
316.2285 	EXP 	textBlankLoop: autoDraw = False
316.2285 	EXP 	textBlankLoop: autoDraw = False
316.2285 	EXP 	fixationITI: autoDraw = True
317.4093 	EXP 	fixationITI: autoDraw = False
317.4093 	EXP 	fixationITI: autoDraw = False
317.4093 	EXP 	imageFam: image = 'REPSWITCH1_Fam/PICTURE_8.png'
317.4093 	EXP 	polygonWhiteFam: autoDraw = True
317.4093 	EXP 	imageFam: autoDraw = True
320.9027 	EXP 	textFam: autoDraw = True
323.4031 	EXP 	textFam: autoDraw = False
323.4378 	EXP 	polygonWhiteFam: autoDraw = False
323.4378 	EXP 	imageFam: autoDraw = False
323.4378 	EXP 	polygonWhiteFam: autoDraw = False
323.4378 	EXP 	imageFam: autoDraw = False
323.4378 	EXP 	textFam: autoDraw = False
323.4378 	EXP 	textBlankLoop: autoDraw = True
323.9311 	EXP 	New trial (rep=0, index=39): {'image': 'REPSWITCH1_Fam/PICTURE_128.png', 'correctAns': 'muñeca'}
323.9378 	EXP 	textBlankLoop: autoDraw = False
323.9378 	EXP 	textBlankLoop: autoDraw = False
323.9378 	EXP 	fixationITI: autoDraw = True
324.9796 	EXP 	fixationITI: autoDraw = False
324.9796 	EXP 	fixationITI: autoDraw = False
324.9796 	EXP 	imageFam: image = 'REPSWITCH1_Fam/PICTURE_128.png'
324.9796 	EXP 	polygonWhiteFam: autoDraw = True
324.9796 	EXP 	imageFam: autoDraw = True
328.4732 	EXP 	textFam: autoDraw = True
330.9736 	EXP 	textFam: autoDraw = False
331.0083 	EXP 	polygonWhiteFam: autoDraw = False
331.0083 	EXP 	imageFam: autoDraw = False
331.0083 	EXP 	polygonWhiteFam: autoDraw = False
331.0083 	EXP 	imageFam: autoDraw = False
331.0083 	EXP 	textFam: autoDraw = False
331.0083 	EXP 	textBlankLoop: autoDraw = True
331.5016 	EXP 	New trial (rep=0, index=40): {'image': 'REPSWITCH1_Fam/PICTURE_30.png', 'correctAns': 'granja'}
331.5083 	EXP 	textBlankLoop: autoDraw = False
331.5083 	EXP 	textBlankLoop: autoDraw = False
331.5083 	EXP 	fixationITI: autoDraw = True
332.6195 	EXP 	fixationITI: autoDraw = False
332.6195 	EXP 	fixationITI: autoDraw = False
332.6195 	EXP 	imageFam: image = 'REPSWITCH1_Fam/PICTURE_30.png'
332.6195 	EXP 	polygonWhiteFam: autoDraw = True
332.6195 	EXP 	imageFam: autoDraw = True
336.1131 	EXP 	textFam: autoDraw = True
338.6134 	EXP 	textFam: autoDraw = False
338.6482 	EXP 	polygonWhiteFam: autoDraw = False
338.6482 	EXP 	imageFam: autoDraw = False
338.6482 	EXP 	polygonWhiteFam: autoDraw = False
338.6482 	EXP 	imageFam: autoDraw = False
338.6482 	EXP 	textFam: autoDraw = False
338.6482 	EXP 	textBlankLoop: autoDraw = True
339.1416 	EXP 	New trial (rep=0, index=41): {'image': 'REPSWITCH1_Fam/PICTURE_590.png', 'correctAns': 'escoba'}
339.1482 	EXP 	textBlankLoop: autoDraw = False
339.1482 	EXP 	textBlankLoop: autoDraw = False
339.1482 	EXP 	fixationITI: autoDraw = True
340.1969 	EXP 	fixationITI: autoDraw = False
340.1969 	EXP 	fixationITI: autoDraw = False
340.1969 	EXP 	imageFam: image = 'REPSWITCH1_Fam/PICTURE_590.png'
340.1969 	EXP 	polygonWhiteFam: autoDraw = True
340.1969 	EXP 	imageFam: autoDraw = True
343.6904 	EXP 	textFam: autoDraw = True
346.1908 	EXP 	textFam: autoDraw = False
346.2255 	EXP 	polygonWhiteFam: autoDraw = False
346.2255 	EXP 	imageFam: autoDraw = False
346.2255 	EXP 	polygonWhiteFam: autoDraw = False
346.2255 	EXP 	imageFam: autoDraw = False
346.2255 	EXP 	textFam: autoDraw = False
346.2255 	EXP 	textBlankLoop: autoDraw = True
346.7189 	EXP 	New trial (rep=0, index=42): {'image': 'REPSWITCH1_Fam/PICTURE_498.png', 'correctAns': 'taza'}
346.7256 	EXP 	textBlankLoop: autoDraw = False
346.7256 	EXP 	textBlankLoop: autoDraw = False
346.7256 	EXP 	fixationITI: autoDraw = True
347.8577 	EXP 	fixationITI: autoDraw = False
347.8577 	EXP 	fixationITI: autoDraw = False
347.8577 	EXP 	imageFam: image = 'REPSWITCH1_Fam/PICTURE_498.png'
347.8577 	EXP 	polygonWhiteFam: autoDraw = True
347.8577 	EXP 	imageFam: autoDraw = True
351.3512 	EXP 	textFam: autoDraw = True
353.8515 	EXP 	textFam: autoDraw = False
353.8862 	EXP 	polygonWhiteFam: autoDraw = False
353.8862 	EXP 	imageFam: autoDraw = False
353.8862 	EXP 	polygonWhiteFam: autoDraw = False
353.8862 	EXP 	imageFam: autoDraw = False
353.8862 	EXP 	textFam: autoDraw = False
353.8862 	EXP 	textBlankLoop: autoDraw = True
354.3796 	EXP 	New trial (rep=0, index=43): {'image': 'REPSWITCH1_Fam/PICTURE_142.png', 'correctAns': 'vaso'}
354.3863 	EXP 	textBlankLoop: autoDraw = False
354.3863 	EXP 	textBlankLoop: autoDraw = False
354.3863 	EXP 	fixationITI: autoDraw = True
355.5462 	EXP 	fixationITI: autoDraw = False
355.5462 	EXP 	fixationITI: autoDraw = False
355.5462 	EXP 	imageFam: image = 'REPSWITCH1_Fam/PICTURE_142.png'
355.5462 	EXP 	polygonWhiteFam: autoDraw = True
355.5462 	EXP 	imageFam: autoDraw = True
359.0397 	EXP 	textFam: autoDraw = True
361.5400 	EXP 	textFam: autoDraw = False
361.5747 	EXP 	polygonWhiteFam: autoDraw = False
361.5747 	EXP 	imageFam: autoDraw = False
361.5747 	EXP 	polygonWhiteFam: autoDraw = False
361.5747 	EXP 	imageFam: autoDraw = False
361.5747 	EXP 	textFam: autoDraw = False
361.5747 	EXP 	textBlankLoop: autoDraw = True
362.0681 	EXP 	New trial (rep=0, index=44): {'image': 'REPSWITCH1_Fam/PICTURE_391.png', 'correctAns': 'cadena'}
362.0748 	EXP 	textBlankLoop: autoDraw = False
362.0748 	EXP 	textBlankLoop: autoDraw = False
362.0748 	EXP 	fixationITI: autoDraw = True
363.1374 	EXP 	fixationITI: autoDraw = False
363.1374 	EXP 	fixationITI: autoDraw = False
363.1374 	EXP 	imageFam: image = 'REPSWITCH1_Fam/PICTURE_391.png'
363.1374 	EXP 	polygonWhiteFam: autoDraw = True
363.1374 	EXP 	imageFam: autoDraw = True
366.6310 	EXP 	textFam: autoDraw = True
369.1313 	EXP 	textFam: autoDraw = False
369.1660 	EXP 	polygonWhiteFam: autoDraw = False
369.1660 	EXP 	imageFam: autoDraw = False
369.1660 	EXP 	polygonWhiteFam: autoDraw = False
369.1660 	EXP 	imageFam: autoDraw = False
369.1660 	EXP 	textFam: autoDraw = False
369.1660 	EXP 	textBlankLoop: autoDraw = True
369.6661 	EXP 	textBlankLoop: autoDraw = False
369.6661 	EXP 	textBlankLoop: autoDraw = False
369.6661 	EXP 	textboxEndFam: autoDraw = True
373.4579 	DATA 	Keypress: space
373.4652 	EXP 	textboxEndFam: autoDraw = False
373.4962 	EXP 	window1: mouseVisible = True
