9.4136 	EXP 	Created window1 = Window(allowGUI=True, allowStencil=False, autoLog=True, backendConf=UNKNOWN, bitsMode=UNKNOWN, blendMode='avg', bpc=(8, 8, 8), color=array([0, 0, 0]), colorSpace='rgb', depthBits=8, fullscr=<method-wrapper '__getattribute__' of attributeSetter object at 0x000001FD43E7AB20>, gamma=None, gammaErrorPolicy='raise', lms=UNKNOWN, monitor=<psychopy.monitors.calibTools.Monitor object at 0x000001FD4439F4F0>, multiSample=False, name='window1', numSamples=2, pos=(0, 0), screen=0, size=array([1920, 1080]), stencilBits=0, stereo=False, units='height', useFBO=True, useRetina=False, viewOri=0.0, viewPos=None, viewScale=None, waitBlanking=True, winType='pyglet')
9.4137 	EXP 	window1: mouseVisible = True
9.4137 	EXP 	window1: mouseVisible = False
9.4137 	EXP 	window1: Attempting to measure frame rate of screen (0) ...
9.4137 	EXP 	window1: recordFrameIntervals = False
9.4829 	EXP 	window1: recordFrameIntervals = True
9.5593 	EXP 	Screen (0) actual frame rate measured at 143.93Hz
9.5593 	EXP 	window1: recordFrameIntervals = False
10.7082 	EXP 	Created textWelcomeFam = TextStim(__class__=<class 'psychopy.visual.text.TextStim'>, alignHoriz=method-wrapper(...), alignText='center', alignVert=method-wrapper(...), anchorHoriz='center', anchorVert='center', antialias=True, autoDraw=False, autoLog=True, bold=False, color=array([1, 1, 1]), colorSpace='rgb', contrast=1.0, depth=0.0, flipHoriz=False, flipVert=False, font='Open Sans', fontFiles=[], height=0.05, italic=False, languageStyle='LTR', name='textWelcomeFam', opacity=1.0, ori=0.0, pos=array([0., 0.]), rgb=UNKNOWN, text='Bienvenido/a al experimento!', units='height', win=Window(...), wrapWidth=1)
10.7502 	EXP 	Created fixationITI = ShapeStim(__class__=<class 'psychopy.visual.shape.ShapeStim'>, anchor=('center', 'center'), autoDraw=False, autoLog=True, closeShape=True, color=method-wrapper(...), colorSpace='rgb', contrast=None, depth=0.0, fillColor=array([1, 1, 1]), fillColorSpace='rgb', fillRGB=array([1, 1, 1]), interpolate=True, lineColor=array([1, 1, 1]), lineColorSpace='rgb', lineRGB=array([1, 1, 1]), lineWidth=1.0, name='fixationITI', opacity=1.0, ori=0.0, pos=array([0., 0.]), size=array([0.1, 0.1]), units='height', vertices=ndarray(...), win=Window(...), windingRule=None)
10.7508 	EXP 	Created polygonWhiteFam = Rect(__class__=<class 'psychopy.visual.rect.Rect'>, anchor=('center', 'center'), autoDraw=False, autoLog=True, closeShape=True, color=method-wrapper(...), colorSpace='rgb', contrast=None, depth=0.0, fillColor=array([1, 1, 1]), fillColorSpace='rgb', fillRGB=array([1, 1, 1]), interpolate=True, lineColor=array([1, 1, 1]), lineColorSpace='rgb', lineRGB=array([1, 1, 1]), lineWidth=1.0, name='polygonWhiteFam', opacity=1.0, ori=0.0, pos=array([0., 0.]), size=array([0.5, 0.5]), units='height', vertices=ndarray(...), win=Window(...))
10.7538 	EXP 	Created imageFam = ImageStim(__class__=<class 'psychopy.visual.image.ImageStim'>, anchor=('center', 'center'), autoLog=True, color=array([1, 1, 1]), colorSpace='rgb', contrast=1.0, depth=-1.0, flipHoriz=False, flipVert=False, image='sin', interpolate=True, mask=None, maskParams=None, name='imageFam', opacity=1.0, ori=0.0, pos=array([0., 0.]), size=array([0.5, 0.5]), texRes=128.0, units='height', win=Window(...))
10.7541 	EXP 	Created textFam = TextStim(__class__=<class 'psychopy.visual.text.TextStim'>, alignHoriz=method-wrapper(...), alignText='center', alignVert=method-wrapper(...), anchorHoriz='center', anchorVert='center', antialias=True, autoDraw=False, autoLog=True, bold=False, color=array([1, 1, 1]), colorSpace='rgb', contrast=1.0, depth=-2.0, flipHoriz=False, flipVert=False, font='Open Sans', fontFiles=[], height=0.05, italic=False, languageStyle='LTR', name='textFam', opacity=1.0, ori=0.0, pos=array([ 0. , -0.3]), rgb=UNKNOWN, text='', units='height', win=Window(...), wrapWidth=1)
10.8016 	EXP 	Created textBlankLoop = TextStim(__class__=<class 'psychopy.visual.text.TextStim'>, alignHoriz=method-wrapper(...), alignText='center', alignVert=method-wrapper(...), anchorHoriz='center', anchorVert='center', antialias=True, autoDraw=False, autoLog=True, bold=False, color=array([1, 1, 1]), colorSpace='rgb', contrast=1.0, depth=0.0, flipHoriz=False, flipVert=False, font='Open Sans', fontFiles=[], height=0.05, italic=False, languageStyle='LTR', name='textBlankLoop', opacity=1.0, ori=0.0, pos=array([0., 0.]), rgb=UNKNOWN, text='', units='height', win=Window(...), wrapWidth=1)
10.8242 	EXP 	textboxInstrFam: autoLog = True
10.8242 	EXP 	textboxEndFam: autoLog = True
10.8242 	EXP 	textWelcomeFam: autoDraw = True
12.8167 	EXP 	textWelcomeFam: autoDraw = False
12.8167 	EXP 	textboxInstrFam: autoDraw = True
24.0605 	EXP 	Imported repswitch_fam.xlsx as conditions, 45 conditions, 2 params
24.0610 	EXP 	Created sequence: random, trialTypes=45, nReps=1, seed=None
24.0611 	EXP 	New trial (rep=0, index=0): {'image': 'REPSWITCH1_Fam/PICTURE_663.png', 'correctAns': 'columna'}
24.0618 	DATA 	Keypress: space
24.0681 	EXP 	textboxInstrFam: autoDraw = False
24.0681 	EXP 	fixationITI: autoDraw = True
25.1168 	EXP 	fixationITI: autoDraw = False
25.1168 	EXP 	fixationITI: autoDraw = False
25.1168 	EXP 	imageFam: image = 'REPSWITCH1_Fam/PICTURE_663.png'
25.1168 	EXP 	polygonWhiteFam: autoDraw = True
25.1168 	EXP 	imageFam: autoDraw = True
28.6104 	EXP 	textFam: autoDraw = True
31.1106 	EXP 	textFam: autoDraw = False
31.1454 	EXP 	polygonWhiteFam: autoDraw = False
31.1454 	EXP 	imageFam: autoDraw = False
31.1454 	EXP 	polygonWhiteFam: autoDraw = False
31.1454 	EXP 	imageFam: autoDraw = False
31.1454 	EXP 	textFam: autoDraw = False
31.1454 	EXP 	textBlankLoop: autoDraw = True
31.6388 	EXP 	New trial (rep=0, index=1): {'image': 'REPSWITCH1_Fam/PICTURE_48.png', 'correctAns': 'bombero'}
31.6454 	EXP 	textBlankLoop: autoDraw = False
31.6454 	EXP 	textBlankLoop: autoDraw = False
31.6454 	EXP 	fixationITI: autoDraw = True
32.6873 	EXP 	fixationITI: autoDraw = False
32.6873 	EXP 	fixationITI: autoDraw = False
32.6873 	EXP 	imageFam: image = 'REPSWITCH1_Fam/PICTURE_48.png'
32.6873 	EXP 	polygonWhiteFam: autoDraw = True
32.6873 	EXP 	imageFam: autoDraw = True
36.1807 	EXP 	textFam: autoDraw = True
38.6811 	EXP 	textFam: autoDraw = False
38.7159 	EXP 	polygonWhiteFam: autoDraw = False
38.7159 	EXP 	imageFam: autoDraw = False
38.7159 	EXP 	polygonWhiteFam: autoDraw = False
38.7159 	EXP 	imageFam: autoDraw = False
38.7159 	EXP 	textFam: autoDraw = False
38.7159 	EXP 	textBlankLoop: autoDraw = True
39.2092 	EXP 	New trial (rep=0, index=2): {'image': 'REPSWITCH1_Fam/PICTURE_338.png', 'correctAns': 'regalo'}
39.2159 	EXP 	textBlankLoop: autoDraw = False
39.2159 	EXP 	textBlankLoop: autoDraw = False
39.2159 	EXP 	fixationITI: autoDraw = True
40.3758 	EXP 	fixationITI: autoDraw = False
40.3758 	EXP 	fixationITI: autoDraw = False
40.3758 	EXP 	imageFam: image = 'REPSWITCH1_Fam/PICTURE_338.png'
40.3758 	EXP 	polygonWhiteFam: autoDraw = True
40.3758 	EXP 	imageFam: autoDraw = True
43.8693 	EXP 	textFam: autoDraw = True
46.3697 	EXP 	textFam: autoDraw = False
46.4043 	EXP 	polygonWhiteFam: autoDraw = False
46.4043 	EXP 	imageFam: autoDraw = False
46.4043 	EXP 	polygonWhiteFam: autoDraw = False
46.4043 	EXP 	imageFam: autoDraw = False
46.4043 	EXP 	textFam: autoDraw = False
46.4043 	EXP 	textBlankLoop: autoDraw = True
46.8978 	EXP 	New trial (rep=0, index=3): {'image': 'REPSWITCH1_Fam/PICTURE_646.png', 'correctAns': 'tronco'}
46.9044 	EXP 	textBlankLoop: autoDraw = False
46.9044 	EXP 	textBlankLoop: autoDraw = False
46.9044 	EXP 	fixationITI: autoDraw = True
48.0295 	EXP 	fixationITI: autoDraw = False
48.0295 	EXP 	fixationITI: autoDraw = False
48.0295 	EXP 	imageFam: image = 'REPSWITCH1_Fam/PICTURE_646.png'
48.0295 	EXP 	polygonWhiteFam: autoDraw = True
48.0295 	EXP 	imageFam: autoDraw = True
51.5231 	EXP 	textFam: autoDraw = True
54.0234 	EXP 	textFam: autoDraw = False
54.0582 	EXP 	polygonWhiteFam: autoDraw = False
54.0582 	EXP 	imageFam: autoDraw = False
54.0582 	EXP 	polygonWhiteFam: autoDraw = False
54.0582 	EXP 	imageFam: autoDraw = False
54.0582 	EXP 	textFam: autoDraw = False
54.0582 	EXP 	textBlankLoop: autoDraw = True
54.5515 	EXP 	New trial (rep=0, index=4): {'image': 'REPSWITCH1_Fam/PICTURE_319.png', 'correctAns': 'vaca'}
54.5582 	EXP 	textBlankLoop: autoDraw = False
54.5582 	EXP 	textBlankLoop: autoDraw = False
54.5582 	EXP 	fixationITI: autoDraw = True
55.6486 	EXP 	fixationITI: autoDraw = False
55.6486 	EXP 	fixationITI: autoDraw = False
55.6486 	EXP 	imageFam: image = 'REPSWITCH1_Fam/PICTURE_319.png'
55.6486 	EXP 	polygonWhiteFam: autoDraw = True
55.6486 	EXP 	imageFam: autoDraw = True
59.1422 	EXP 	textFam: autoDraw = True
61.6424 	EXP 	textFam: autoDraw = False
61.6772 	EXP 	polygonWhiteFam: autoDraw = False
61.6772 	EXP 	imageFam: autoDraw = False
61.6772 	EXP 	polygonWhiteFam: autoDraw = False
61.6772 	EXP 	imageFam: autoDraw = False
61.6772 	EXP 	textFam: autoDraw = False
61.6772 	EXP 	textBlankLoop: autoDraw = True
62.1705 	EXP 	New trial (rep=0, index=5): {'image': 'REPSWITCH1_Fam/PICTURE_673.png', 'correctAns': 'tenedor'}
62.1772 	EXP 	textBlankLoop: autoDraw = False
62.1772 	EXP 	textBlankLoop: autoDraw = False
62.1772 	EXP 	fixationITI: autoDraw = True
63.3718 	EXP 	fixationITI: autoDraw = False
63.3718 	EXP 	fixationITI: autoDraw = False
63.3718 	EXP 	imageFam: image = 'REPSWITCH1_Fam/PICTURE_673.png'
63.3718 	EXP 	polygonWhiteFam: autoDraw = True
63.3718 	EXP 	imageFam: autoDraw = True
66.8653 	EXP 	textFam: autoDraw = True
69.3657 	EXP 	textFam: autoDraw = False
69.4004 	EXP 	polygonWhiteFam: autoDraw = False
69.4004 	EXP 	imageFam: autoDraw = False
69.4004 	EXP 	polygonWhiteFam: autoDraw = False
69.4004 	EXP 	imageFam: autoDraw = False
69.4004 	EXP 	textFam: autoDraw = False
69.4004 	EXP 	textBlankLoop: autoDraw = True
69.8939 	EXP 	New trial (rep=0, index=6): {'image': 'REPSWITCH1_Fam/PICTURE_517.png', 'correctAns': 'cuerda'}
69.9005 	EXP 	textBlankLoop: autoDraw = False
69.9005 	EXP 	textBlankLoop: autoDraw = False
69.9005 	EXP 	fixationITI: autoDraw = True
71.0395 	EXP 	fixationITI: autoDraw = False
71.0395 	EXP 	fixationITI: autoDraw = False
71.0395 	EXP 	imageFam: image = 'REPSWITCH1_Fam/PICTURE_517.png'
71.0395 	EXP 	polygonWhiteFam: autoDraw = True
71.0395 	EXP 	imageFam: autoDraw = True
74.5330 	EXP 	textFam: autoDraw = True
77.0334 	EXP 	textFam: autoDraw = False
77.0681 	EXP 	polygonWhiteFam: autoDraw = False
77.0681 	EXP 	imageFam: autoDraw = False
77.0681 	EXP 	polygonWhiteFam: autoDraw = False
77.0681 	EXP 	imageFam: autoDraw = False
77.0681 	EXP 	textFam: autoDraw = False
77.0681 	EXP 	textBlankLoop: autoDraw = True
77.5614 	EXP 	New trial (rep=0, index=7): {'image': 'REPSWITCH1_Fam/PICTURE_264.png', 'correctAns': 'mano'}
77.5681 	EXP 	textBlankLoop: autoDraw = False
77.5681 	EXP 	textBlankLoop: autoDraw = False
77.5681 	EXP 	fixationITI: autoDraw = True
78.7281 	EXP 	fixationITI: autoDraw = False
78.7281 	EXP 	fixationITI: autoDraw = False
78.7281 	EXP 	imageFam: image = 'REPSWITCH1_Fam/PICTURE_264.png'
78.7281 	EXP 	polygonWhiteFam: autoDraw = True
78.7281 	EXP 	imageFam: autoDraw = True
82.2215 	EXP 	textFam: autoDraw = True
84.7218 	EXP 	textFam: autoDraw = False
84.7566 	EXP 	polygonWhiteFam: autoDraw = False
84.7566 	EXP 	imageFam: autoDraw = False
84.7566 	EXP 	polygonWhiteFam: autoDraw = False
84.7566 	EXP 	imageFam: autoDraw = False
84.7566 	EXP 	textFam: autoDraw = False
84.7566 	EXP 	textBlankLoop: autoDraw = True
85.2499 	EXP 	New trial (rep=0, index=8): {'image': 'REPSWITCH1_Fam/PICTURE_446.png', 'correctAns': 'cerdo'}
85.2566 	EXP 	textBlankLoop: autoDraw = False
85.2566 	EXP 	textBlankLoop: autoDraw = False
85.2566 	EXP 	fixationITI: autoDraw = True
86.3610 	EXP 	fixationITI: autoDraw = False
86.3610 	EXP 	fixationITI: autoDraw = False
86.3610 	EXP 	imageFam: image = 'REPSWITCH1_Fam/PICTURE_446.png'
86.3610 	EXP 	polygonWhiteFam: autoDraw = True
86.3610 	EXP 	imageFam: autoDraw = True
89.8545 	EXP 	textFam: autoDraw = True
92.3548 	EXP 	textFam: autoDraw = False
92.3895 	EXP 	polygonWhiteFam: autoDraw = False
92.3895 	EXP 	imageFam: autoDraw = False
92.3895 	EXP 	polygonWhiteFam: autoDraw = False
92.3895 	EXP 	imageFam: autoDraw = False
92.3895 	EXP 	textFam: autoDraw = False
92.3895 	EXP 	textBlankLoop: autoDraw = True
92.8828 	EXP 	New trial (rep=0, index=9): {'image': 'REPSWITCH1_Fam/PICTURE_381.png', 'correctAns': 'fresa'}
92.8896 	EXP 	textBlankLoop: autoDraw = False
92.8896 	EXP 	textBlankLoop: autoDraw = False
92.8896 	EXP 	fixationITI: autoDraw = True
93.9939 	EXP 	fixationITI: autoDraw = False
93.9939 	EXP 	fixationITI: autoDraw = False
93.9939 	EXP 	imageFam: image = 'REPSWITCH1_Fam/PICTURE_381.png'
93.9939 	EXP 	polygonWhiteFam: autoDraw = True
93.9939 	EXP 	imageFam: autoDraw = True
97.4874 	EXP 	textFam: autoDraw = True
99.9877 	EXP 	textFam: autoDraw = False
100.0225 	EXP 	polygonWhiteFam: autoDraw = False
100.0225 	EXP 	imageFam: autoDraw = False
100.0225 	EXP 	polygonWhiteFam: autoDraw = False
100.0225 	EXP 	imageFam: autoDraw = False
100.0225 	EXP 	textFam: autoDraw = False
100.0225 	EXP 	textBlankLoop: autoDraw = True
100.5158 	EXP 	New trial (rep=0, index=10): {'image': 'REPSWITCH1_Fam/PICTURE_687.png', 'correctAns': 'camisa'}
100.5225 	EXP 	textBlankLoop: autoDraw = False
100.5225 	EXP 	textBlankLoop: autoDraw = False
100.5225 	EXP 	fixationITI: autoDraw = True
101.5921 	EXP 	fixationITI: autoDraw = False
101.5921 	EXP 	fixationITI: autoDraw = False
101.5921 	EXP 	imageFam: image = 'REPSWITCH1_Fam/PICTURE_687.png'
101.5921 	EXP 	polygonWhiteFam: autoDraw = True
101.5921 	EXP 	imageFam: autoDraw = True
105.0857 	EXP 	textFam: autoDraw = True
107.5859 	EXP 	textFam: autoDraw = False
107.6207 	EXP 	polygonWhiteFam: autoDraw = False
107.6207 	EXP 	imageFam: autoDraw = False
107.6207 	EXP 	polygonWhiteFam: autoDraw = False
107.6207 	EXP 	imageFam: autoDraw = False
107.6207 	EXP 	textFam: autoDraw = False
107.6207 	EXP 	textBlankLoop: autoDraw = True
108.1140 	EXP 	New trial (rep=0, index=11): {'image': 'REPSWITCH1_Fam/PICTURE_35.png', 'correctAns': 'oreja'}
108.1207 	EXP 	textBlankLoop: autoDraw = False
108.1207 	EXP 	textBlankLoop: autoDraw = False
108.1207 	EXP 	fixationITI: autoDraw = True
109.1626 	EXP 	fixationITI: autoDraw = False
109.1626 	EXP 	fixationITI: autoDraw = False
109.1626 	EXP 	imageFam: image = 'REPSWITCH1_Fam/PICTURE_35.png'
109.1626 	EXP 	polygonWhiteFam: autoDraw = True
109.1626 	EXP 	imageFam: autoDraw = True
112.6560 	EXP 	textFam: autoDraw = True
115.1564 	EXP 	textFam: autoDraw = False
115.1911 	EXP 	polygonWhiteFam: autoDraw = False
115.1911 	EXP 	imageFam: autoDraw = False
115.1911 	EXP 	polygonWhiteFam: autoDraw = False
115.1911 	EXP 	imageFam: autoDraw = False
115.1911 	EXP 	textFam: autoDraw = False
115.1911 	EXP 	textBlankLoop: autoDraw = True
115.6845 	EXP 	New trial (rep=0, index=12): {'image': 'REPSWITCH1_Fam/PICTURE_175.png', 'correctAns': 'pintor'}
115.6912 	EXP 	textBlankLoop: autoDraw = False
115.6912 	EXP 	textBlankLoop: autoDraw = False
115.6912 	EXP 	fixationITI: autoDraw = True
116.8094 	EXP 	fixationITI: autoDraw = False
116.8094 	EXP 	fixationITI: autoDraw = False
116.8094 	EXP 	imageFam: image = 'REPSWITCH1_Fam/PICTURE_175.png'
116.8094 	EXP 	polygonWhiteFam: autoDraw = True
116.8094 	EXP 	imageFam: autoDraw = True
120.3029 	EXP 	textFam: autoDraw = True
122.8032 	EXP 	textFam: autoDraw = False
122.8379 	EXP 	polygonWhiteFam: autoDraw = False
122.8379 	EXP 	imageFam: autoDraw = False
122.8379 	EXP 	polygonWhiteFam: autoDraw = False
122.8379 	EXP 	imageFam: autoDraw = False
122.8379 	EXP 	textFam: autoDraw = False
122.8379 	EXP 	textBlankLoop: autoDraw = True
123.3313 	EXP 	New trial (rep=0, index=13): {'image': 'REPSWITCH1_Fam/PICTURE_612.png', 'correctAns': 'rana'}
123.3380 	EXP 	textBlankLoop: autoDraw = False
123.3380 	EXP 	textBlankLoop: autoDraw = False
123.3380 	EXP 	fixationITI: autoDraw = True
124.4909 	EXP 	fixationITI: autoDraw = False
124.4909 	EXP 	fixationITI: autoDraw = False
124.4909 	EXP 	imageFam: image = 'REPSWITCH1_Fam/PICTURE_612.png'
124.4909 	EXP 	polygonWhiteFam: autoDraw = True
124.4909 	EXP 	imageFam: autoDraw = True
127.9844 	EXP 	textFam: autoDraw = True
130.4848 	EXP 	textFam: autoDraw = False
130.5195 	EXP 	polygonWhiteFam: autoDraw = False
130.5195 	EXP 	imageFam: autoDraw = False
130.5195 	EXP 	polygonWhiteFam: autoDraw = False
130.5195 	EXP 	imageFam: autoDraw = False
130.5195 	EXP 	textFam: autoDraw = False
130.5195 	EXP 	textBlankLoop: autoDraw = True
131.0129 	EXP 	New trial (rep=0, index=14): {'image': 'REPSWITCH1_Fam/PICTURE_12.png', 'correctAns': 'sirena'}
131.0195 	EXP 	textBlankLoop: autoDraw = False
131.0195 	EXP 	textBlankLoop: autoDraw = False
131.0195 	EXP 	fixationITI: autoDraw = True
132.1239 	EXP 	fixationITI: autoDraw = False
132.1239 	EXP 	fixationITI: autoDraw = False
132.1239 	EXP 	imageFam: image = 'REPSWITCH1_Fam/PICTURE_12.png'
132.1239 	EXP 	polygonWhiteFam: autoDraw = True
132.1239 	EXP 	imageFam: autoDraw = True
135.6174 	EXP 	textFam: autoDraw = True
138.1177 	EXP 	textFam: autoDraw = False
138.1524 	EXP 	polygonWhiteFam: autoDraw = False
138.1524 	EXP 	imageFam: autoDraw = False
138.1524 	EXP 	polygonWhiteFam: autoDraw = False
138.1524 	EXP 	imageFam: autoDraw = False
138.1524 	EXP 	textFam: autoDraw = False
138.1524 	EXP 	textBlankLoop: autoDraw = True
138.6458 	EXP 	New trial (rep=0, index=15): {'image': 'REPSWITCH1_Fam/PICTURE_728.png', 'correctAns': 'pulpo'}
138.6525 	EXP 	textBlankLoop: autoDraw = False
138.6525 	EXP 	textBlankLoop: autoDraw = False
138.6525 	EXP 	fixationITI: autoDraw = True
139.7291 	EXP 	fixationITI: autoDraw = False
139.7291 	EXP 	fixationITI: autoDraw = False
139.7291 	EXP 	imageFam: image = 'REPSWITCH1_Fam/PICTURE_728.png'
139.7291 	EXP 	polygonWhiteFam: autoDraw = True
139.7291 	EXP 	imageFam: autoDraw = True
143.2225 	EXP 	textFam: autoDraw = True
145.7229 	EXP 	textFam: autoDraw = False
145.7576 	EXP 	polygonWhiteFam: autoDraw = False
145.7576 	EXP 	imageFam: autoDraw = False
145.7576 	EXP 	polygonWhiteFam: autoDraw = False
145.7576 	EXP 	imageFam: autoDraw = False
145.7576 	EXP 	textFam: autoDraw = False
145.7576 	EXP 	textBlankLoop: autoDraw = True
146.2510 	EXP 	New trial (rep=0, index=16): {'image': 'REPSWITCH1_Fam/PICTURE_19.png', 'correctAns': 'pavo'}
146.2577 	EXP 	textBlankLoop: autoDraw = False
146.2577 	EXP 	textBlankLoop: autoDraw = False
146.2577 	EXP 	fixationITI: autoDraw = True
147.4036 	EXP 	fixationITI: autoDraw = False
147.4036 	EXP 	fixationITI: autoDraw = False
147.4036 	EXP 	imageFam: image = 'REPSWITCH1_Fam/PICTURE_19.png'
147.4036 	EXP 	polygonWhiteFam: autoDraw = True
147.4036 	EXP 	imageFam: autoDraw = True
150.8972 	EXP 	textFam: autoDraw = True
153.3975 	EXP 	textFam: autoDraw = False
153.4322 	EXP 	polygonWhiteFam: autoDraw = False
153.4322 	EXP 	imageFam: autoDraw = False
153.4322 	EXP 	polygonWhiteFam: autoDraw = False
153.4322 	EXP 	imageFam: autoDraw = False
153.4322 	EXP 	textFam: autoDraw = False
153.4322 	EXP 	textBlankLoop: autoDraw = True
153.9256 	EXP 	New trial (rep=0, index=17): {'image': 'REPSWITCH1_Fam/PICTURE_464.png', 'correctAns': 'goma'}
153.9323 	EXP 	textBlankLoop: autoDraw = False
153.9323 	EXP 	textBlankLoop: autoDraw = False
153.9323 	EXP 	fixationITI: autoDraw = True
155.0644 	EXP 	fixationITI: autoDraw = False
155.0644 	EXP 	fixationITI: autoDraw = False
155.0644 	EXP 	imageFam: image = 'REPSWITCH1_Fam/PICTURE_464.png'
155.0644 	EXP 	polygonWhiteFam: autoDraw = True
155.0644 	EXP 	imageFam: autoDraw = True
158.5579 	EXP 	textFam: autoDraw = True
161.0582 	EXP 	textFam: autoDraw = False
161.0929 	EXP 	polygonWhiteFam: autoDraw = False
161.0929 	EXP 	imageFam: autoDraw = False
161.0929 	EXP 	polygonWhiteFam: autoDraw = False
161.0929 	EXP 	imageFam: autoDraw = False
161.0929 	EXP 	textFam: autoDraw = False
161.0929 	EXP 	textBlankLoop: autoDraw = True
161.5863 	EXP 	New trial (rep=0, index=18): {'image': 'REPSWITCH1_Fam/PICTURE_128.png', 'correctAns': 'muñeca'}
161.5930 	EXP 	textBlankLoop: autoDraw = False
161.5930 	EXP 	textBlankLoop: autoDraw = False
161.5930 	EXP 	fixationITI: autoDraw = True
162.7529 	EXP 	fixationITI: autoDraw = False
162.7529 	EXP 	fixationITI: autoDraw = False
162.7529 	EXP 	imageFam: image = 'REPSWITCH1_Fam/PICTURE_128.png'
162.7529 	EXP 	polygonWhiteFam: autoDraw = True
162.7529 	EXP 	imageFam: autoDraw = True
166.2464 	EXP 	textFam: autoDraw = True
168.7467 	EXP 	textFam: autoDraw = False
168.7814 	EXP 	polygonWhiteFam: autoDraw = False
168.7814 	EXP 	imageFam: autoDraw = False
168.7814 	EXP 	polygonWhiteFam: autoDraw = False
168.7814 	EXP 	imageFam: autoDraw = False
168.7814 	EXP 	textFam: autoDraw = False
168.7814 	EXP 	textBlankLoop: autoDraw = True
169.2748 	EXP 	New trial (rep=0, index=19): {'image': 'REPSWITCH1_Fam/PICTURE_391.png', 'correctAns': 'cadena'}
169.2815 	EXP 	textBlankLoop: autoDraw = False
169.2815 	EXP 	textBlankLoop: autoDraw = False
169.2815 	EXP 	fixationITI: autoDraw = True
170.3928 	EXP 	fixationITI: autoDraw = False
170.3928 	EXP 	fixationITI: autoDraw = False
170.3928 	EXP 	imageFam: image = 'REPSWITCH1_Fam/PICTURE_391.png'
170.3928 	EXP 	polygonWhiteFam: autoDraw = True
170.3928 	EXP 	imageFam: autoDraw = True
173.8863 	EXP 	textFam: autoDraw = True
176.3866 	EXP 	textFam: autoDraw = False
176.4213 	EXP 	polygonWhiteFam: autoDraw = False
176.4213 	EXP 	imageFam: autoDraw = False
176.4213 	EXP 	polygonWhiteFam: autoDraw = False
176.4213 	EXP 	imageFam: autoDraw = False
176.4213 	EXP 	textFam: autoDraw = False
176.4213 	EXP 	textBlankLoop: autoDraw = True
176.9147 	EXP 	New trial (rep=0, index=20): {'image': 'REPSWITCH1_Fam/PICTURE_590.png', 'correctAns': 'escoba'}
176.9215 	EXP 	textBlankLoop: autoDraw = False
176.9215 	EXP 	textBlankLoop: autoDraw = False
176.9215 	EXP 	fixationITI: autoDraw = True
178.1508 	EXP 	fixationITI: autoDraw = False
178.1508 	EXP 	fixationITI: autoDraw = False
178.1508 	EXP 	imageFam: image = 'REPSWITCH1_Fam/PICTURE_590.png'
178.1508 	EXP 	polygonWhiteFam: autoDraw = True
178.1508 	EXP 	imageFam: autoDraw = True
181.6443 	EXP 	textFam: autoDraw = True
184.1446 	EXP 	textFam: autoDraw = False
184.1794 	EXP 	polygonWhiteFam: autoDraw = False
184.1794 	EXP 	imageFam: autoDraw = False
184.1794 	EXP 	polygonWhiteFam: autoDraw = False
184.1794 	EXP 	imageFam: autoDraw = False
184.1794 	EXP 	textFam: autoDraw = False
184.1794 	EXP 	textBlankLoop: autoDraw = True
184.6726 	EXP 	New trial (rep=0, index=21): {'image': 'REPSWITCH1_Fam/PICTURE_719.png', 'correctAns': 'baño'}
184.6793 	EXP 	textBlankLoop: autoDraw = False
184.6793 	EXP 	textBlankLoop: autoDraw = False
184.6793 	EXP 	fixationITI: autoDraw = True
185.7837 	EXP 	fixationITI: autoDraw = False
185.7837 	EXP 	fixationITI: autoDraw = False
185.7837 	EXP 	imageFam: image = 'REPSWITCH1_Fam/PICTURE_719.png'
185.7837 	EXP 	polygonWhiteFam: autoDraw = True
185.7837 	EXP 	imageFam: autoDraw = True
189.2772 	EXP 	textFam: autoDraw = True
191.7775 	EXP 	textFam: autoDraw = False
191.8122 	EXP 	polygonWhiteFam: autoDraw = False
191.8122 	EXP 	imageFam: autoDraw = False
191.8122 	EXP 	polygonWhiteFam: autoDraw = False
191.8122 	EXP 	imageFam: autoDraw = False
191.8122 	EXP 	textFam: autoDraw = False
191.8122 	EXP 	textBlankLoop: autoDraw = True
192.3056 	EXP 	New trial (rep=0, index=22): {'image': 'REPSWITCH1_Fam/PICTURE_552.png', 'correctAns': 'manzana'}
192.3123 	EXP 	textBlankLoop: autoDraw = False
192.3123 	EXP 	textBlankLoop: autoDraw = False
192.3123 	EXP 	fixationITI: autoDraw = True
193.3333 	EXP 	fixationITI: autoDraw = False
193.3333 	EXP 	fixationITI: autoDraw = False
193.3333 	EXP 	imageFam: image = 'REPSWITCH1_Fam/PICTURE_552.png'
193.3333 	EXP 	polygonWhiteFam: autoDraw = True
193.3333 	EXP 	imageFam: autoDraw = True
196.8268 	EXP 	textFam: autoDraw = True
199.3271 	EXP 	textFam: autoDraw = False
199.3618 	EXP 	polygonWhiteFam: autoDraw = False
199.3618 	EXP 	imageFam: autoDraw = False
199.3618 	EXP 	polygonWhiteFam: autoDraw = False
199.3618 	EXP 	imageFam: autoDraw = False
199.3618 	EXP 	textFam: autoDraw = False
199.3618 	EXP 	textBlankLoop: autoDraw = True
199.8554 	EXP 	New trial (rep=0, index=23): {'image': 'REPSWITCH1_Fam/PICTURE_599.png', 'correctAns': 'nube'}
199.8619 	EXP 	textBlankLoop: autoDraw = False
199.8619 	EXP 	textBlankLoop: autoDraw = False
199.8619 	EXP 	fixationITI: autoDraw = True
200.9662 	EXP 	fixationITI: autoDraw = False
200.9662 	EXP 	fixationITI: autoDraw = False
200.9662 	EXP 	imageFam: image = 'REPSWITCH1_Fam/PICTURE_599.png'
200.9662 	EXP 	polygonWhiteFam: autoDraw = True
200.9662 	EXP 	imageFam: autoDraw = True
204.4597 	EXP 	textFam: autoDraw = True
206.9601 	EXP 	textFam: autoDraw = False
206.9947 	EXP 	polygonWhiteFam: autoDraw = False
206.9947 	EXP 	imageFam: autoDraw = False
206.9947 	EXP 	polygonWhiteFam: autoDraw = False
206.9947 	EXP 	imageFam: autoDraw = False
206.9947 	EXP 	textFam: autoDraw = False
206.9947 	EXP 	textBlankLoop: autoDraw = True
207.4881 	EXP 	New trial (rep=0, index=24): {'image': 'REPSWITCH1_Fam/PICTURE_576.png', 'correctAns': 'guante'}
207.4948 	EXP 	textBlankLoop: autoDraw = False
207.4948 	EXP 	textBlankLoop: autoDraw = False
207.4948 	EXP 	fixationITI: autoDraw = True
208.5644 	EXP 	fixationITI: autoDraw = False
208.5644 	EXP 	fixationITI: autoDraw = False
208.5644 	EXP 	imageFam: image = 'REPSWITCH1_Fam/PICTURE_576.png'
208.5644 	EXP 	polygonWhiteFam: autoDraw = True
208.5644 	EXP 	imageFam: autoDraw = True
212.0579 	EXP 	textFam: autoDraw = True
214.5583 	EXP 	textFam: autoDraw = False
214.5930 	EXP 	polygonWhiteFam: autoDraw = False
214.5930 	EXP 	imageFam: autoDraw = False
214.5930 	EXP 	polygonWhiteFam: autoDraw = False
214.5930 	EXP 	imageFam: autoDraw = False
214.5930 	EXP 	textFam: autoDraw = False
214.5930 	EXP 	textBlankLoop: autoDraw = True
215.0864 	EXP 	New trial (rep=0, index=25): {'image': 'REPSWITCH1_Fam/PICTURE_8.png', 'correctAns': 'pierna'}
215.0931 	EXP 	textBlankLoop: autoDraw = False
215.0931 	EXP 	textBlankLoop: autoDraw = False
215.0931 	EXP 	fixationITI: autoDraw = True
216.2252 	EXP 	fixationITI: autoDraw = False
216.2252 	EXP 	fixationITI: autoDraw = False
216.2252 	EXP 	imageFam: image = 'REPSWITCH1_Fam/PICTURE_8.png'
216.2252 	EXP 	polygonWhiteFam: autoDraw = True
216.2252 	EXP 	imageFam: autoDraw = True
219.7186 	EXP 	textFam: autoDraw = True
222.2190 	EXP 	textFam: autoDraw = False
222.2537 	EXP 	polygonWhiteFam: autoDraw = False
222.2537 	EXP 	imageFam: autoDraw = False
222.2537 	EXP 	polygonWhiteFam: autoDraw = False
222.2537 	EXP 	imageFam: autoDraw = False
222.2537 	EXP 	textFam: autoDraw = False
222.2537 	EXP 	textBlankLoop: autoDraw = True
222.7472 	EXP 	New trial (rep=0, index=26): {'image': 'REPSWITCH1_Fam/PICTURE_271.png', 'correctAns': 'conejo'}
222.7538 	EXP 	textBlankLoop: autoDraw = False
222.7538 	EXP 	textBlankLoop: autoDraw = False
222.7538 	EXP 	fixationITI: autoDraw = True
223.9137 	EXP 	fixationITI: autoDraw = False
223.9137 	EXP 	fixationITI: autoDraw = False
223.9137 	EXP 	imageFam: image = 'REPSWITCH1_Fam/PICTURE_271.png'
223.9137 	EXP 	polygonWhiteFam: autoDraw = True
223.9137 	EXP 	imageFam: autoDraw = True
227.4072 	EXP 	textFam: autoDraw = True
229.9075 	EXP 	textFam: autoDraw = False
229.9423 	EXP 	polygonWhiteFam: autoDraw = False
229.9423 	EXP 	imageFam: autoDraw = False
229.9423 	EXP 	polygonWhiteFam: autoDraw = False
229.9423 	EXP 	imageFam: autoDraw = False
229.9423 	EXP 	textFam: autoDraw = False
229.9423 	EXP 	textBlankLoop: autoDraw = True
230.4356 	EXP 	New trial (rep=0, index=27): {'image': 'REPSWITCH1_Fam/PICTURE_610.png', 'correctAns': 'miel'}
230.4423 	EXP 	textBlankLoop: autoDraw = False
230.4423 	EXP 	textBlankLoop: autoDraw = False
230.4423 	EXP 	fixationITI: autoDraw = True
231.6161 	EXP 	fixationITI: autoDraw = False
231.6161 	EXP 	fixationITI: autoDraw = False
231.6161 	EXP 	imageFam: image = 'REPSWITCH1_Fam/PICTURE_610.png'
231.6161 	EXP 	polygonWhiteFam: autoDraw = True
231.6161 	EXP 	imageFam: autoDraw = True
235.1096 	EXP 	textFam: autoDraw = True
237.6099 	EXP 	textFam: autoDraw = False
237.6447 	EXP 	polygonWhiteFam: autoDraw = False
237.6447 	EXP 	imageFam: autoDraw = False
237.6447 	EXP 	polygonWhiteFam: autoDraw = False
237.6447 	EXP 	imageFam: autoDraw = False
237.6447 	EXP 	textFam: autoDraw = False
237.6447 	EXP 	textBlankLoop: autoDraw = True
238.1379 	EXP 	New trial (rep=0, index=28): {'image': 'REPSWITCH1_Fam/PICTURE_570.png', 'correctAns': 'toro'}
238.1447 	EXP 	textBlankLoop: autoDraw = False
238.1447 	EXP 	textBlankLoop: autoDraw = False
238.1447 	EXP 	fixationITI: autoDraw = True
239.2351 	EXP 	fixationITI: autoDraw = False
239.2351 	EXP 	fixationITI: autoDraw = False
239.2351 	EXP 	imageFam: image = 'REPSWITCH1_Fam/PICTURE_570.png'
239.2351 	EXP 	polygonWhiteFam: autoDraw = True
239.2351 	EXP 	imageFam: autoDraw = True
242.7286 	EXP 	textFam: autoDraw = True
245.2290 	EXP 	textFam: autoDraw = False
245.2637 	EXP 	polygonWhiteFam: autoDraw = False
245.2637 	EXP 	imageFam: autoDraw = False
245.2637 	EXP 	polygonWhiteFam: autoDraw = False
245.2637 	EXP 	imageFam: autoDraw = False
245.2637 	EXP 	textFam: autoDraw = False
245.2637 	EXP 	textBlankLoop: autoDraw = True
245.7571 	EXP 	New trial (rep=0, index=29): {'image': 'REPSWITCH1_Fam/PICTURE_152.png', 'correctAns': 'caracol'}
245.7638 	EXP 	textBlankLoop: autoDraw = False
245.7638 	EXP 	textBlankLoop: autoDraw = False
245.7638 	EXP 	fixationITI: autoDraw = True
246.8056 	EXP 	fixationITI: autoDraw = False
246.8056 	EXP 	fixationITI: autoDraw = False
246.8056 	EXP 	imageFam: image = 'REPSWITCH1_Fam/PICTURE_152.png'
246.8056 	EXP 	polygonWhiteFam: autoDraw = True
246.8056 	EXP 	imageFam: autoDraw = True
250.2991 	EXP 	textFam: autoDraw = True
252.7994 	EXP 	textFam: autoDraw = False
252.8341 	EXP 	polygonWhiteFam: autoDraw = False
252.8341 	EXP 	imageFam: autoDraw = False
252.8341 	EXP 	polygonWhiteFam: autoDraw = False
252.8341 	EXP 	imageFam: autoDraw = False
252.8341 	EXP 	textFam: autoDraw = False
252.8341 	EXP 	textBlankLoop: autoDraw = True
253.3276 	EXP 	New trial (rep=0, index=30): {'image': 'REPSWITCH1_Fam/PICTURE_178.png', 'correctAns': 'puente'}
253.3342 	EXP 	textBlankLoop: autoDraw = False
253.3342 	EXP 	textBlankLoop: autoDraw = False
253.3342 	EXP 	fixationITI: autoDraw = True
254.4177 	EXP 	fixationITI: autoDraw = False
254.4177 	EXP 	fixationITI: autoDraw = False
254.4177 	EXP 	imageFam: image = 'REPSWITCH1_Fam/PICTURE_178.png'
254.4177 	EXP 	polygonWhiteFam: autoDraw = True
254.4177 	EXP 	imageFam: autoDraw = True
257.9112 	EXP 	textFam: autoDraw = True
260.4115 	EXP 	textFam: autoDraw = False
260.4463 	EXP 	polygonWhiteFam: autoDraw = False
260.4463 	EXP 	imageFam: autoDraw = False
260.4463 	EXP 	polygonWhiteFam: autoDraw = False
260.4463 	EXP 	imageFam: autoDraw = False
260.4463 	EXP 	textFam: autoDraw = False
260.4463 	EXP 	textBlankLoop: autoDraw = True
260.9396 	EXP 	New trial (rep=0, index=31): {'image': 'REPSWITCH1_Fam/PICTURE_320.png', 'correctAns': 'iglesia'}
260.9463 	EXP 	textBlankLoop: autoDraw = False
260.9463 	EXP 	textBlankLoop: autoDraw = False
260.9463 	EXP 	fixationITI: autoDraw = True
262.0853 	EXP 	fixationITI: autoDraw = False
262.0853 	EXP 	fixationITI: autoDraw = False
262.0853 	EXP 	imageFam: image = 'REPSWITCH1_Fam/PICTURE_320.png'
262.0853 	EXP 	polygonWhiteFam: autoDraw = True
262.0853 	EXP 	imageFam: autoDraw = True
265.5788 	EXP 	textFam: autoDraw = True
268.0792 	EXP 	textFam: autoDraw = False
268.1139 	EXP 	polygonWhiteFam: autoDraw = False
268.1139 	EXP 	imageFam: autoDraw = False
268.1139 	EXP 	polygonWhiteFam: autoDraw = False
268.1139 	EXP 	imageFam: autoDraw = False
268.1139 	EXP 	textFam: autoDraw = False
268.1139 	EXP 	textBlankLoop: autoDraw = True
268.6074 	EXP 	New trial (rep=0, index=32): {'image': 'REPSWITCH1_Fam/PICTURE_235.png', 'correctAns': 'aguja'}
268.6140 	EXP 	textBlankLoop: autoDraw = False
268.6140 	EXP 	textBlankLoop: autoDraw = False
268.6140 	EXP 	fixationITI: autoDraw = True
269.7739 	EXP 	fixationITI: autoDraw = False
269.7739 	EXP 	fixationITI: autoDraw = False
269.7739 	EXP 	imageFam: image = 'REPSWITCH1_Fam/PICTURE_235.png'
269.7739 	EXP 	polygonWhiteFam: autoDraw = True
269.7739 	EXP 	imageFam: autoDraw = True
273.2673 	EXP 	textFam: autoDraw = True
275.7676 	EXP 	textFam: autoDraw = False
275.8024 	EXP 	polygonWhiteFam: autoDraw = False
275.8024 	EXP 	imageFam: autoDraw = False
275.8024 	EXP 	polygonWhiteFam: autoDraw = False
275.8024 	EXP 	imageFam: autoDraw = False
275.8024 	EXP 	textFam: autoDraw = False
275.8024 	EXP 	textBlankLoop: autoDraw = True
276.2959 	EXP 	New trial (rep=0, index=33): {'image': 'REPSWITCH1_Fam/PICTURE_242.png', 'correctAns': 'cartero'}
276.3025 	EXP 	textBlankLoop: autoDraw = False
276.3025 	EXP 	textBlankLoop: autoDraw = False
276.3025 	EXP 	fixationITI: autoDraw = True
277.4624 	EXP 	fixationITI: autoDraw = False
277.4624 	EXP 	fixationITI: autoDraw = False
277.4624 	EXP 	imageFam: image = 'REPSWITCH1_Fam/PICTURE_242.png'
277.4624 	EXP 	polygonWhiteFam: autoDraw = True
277.4624 	EXP 	imageFam: autoDraw = True
280.9558 	EXP 	textFam: autoDraw = True
283.4561 	EXP 	textFam: autoDraw = False
283.4909 	EXP 	polygonWhiteFam: autoDraw = False
283.4909 	EXP 	imageFam: autoDraw = False
283.4909 	EXP 	polygonWhiteFam: autoDraw = False
283.4909 	EXP 	imageFam: autoDraw = False
283.4909 	EXP 	textFam: autoDraw = False
283.4909 	EXP 	textBlankLoop: autoDraw = True
283.9843 	EXP 	New trial (rep=0, index=34): {'image': 'REPSWITCH1_Fam/PICTURE_135.png', 'correctAns': 'traje'}
283.9910 	EXP 	textBlankLoop: autoDraw = False
283.9910 	EXP 	textBlankLoop: autoDraw = False
283.9910 	EXP 	fixationITI: autoDraw = True
285.0536 	EXP 	fixationITI: autoDraw = False
285.0536 	EXP 	fixationITI: autoDraw = False
285.0536 	EXP 	imageFam: image = 'REPSWITCH1_Fam/PICTURE_135.png'
285.0536 	EXP 	polygonWhiteFam: autoDraw = True
285.0536 	EXP 	imageFam: autoDraw = True
288.5471 	EXP 	textFam: autoDraw = True
291.0475 	EXP 	textFam: autoDraw = False
291.0822 	EXP 	polygonWhiteFam: autoDraw = False
291.0822 	EXP 	imageFam: autoDraw = False
291.0822 	EXP 	polygonWhiteFam: autoDraw = False
291.0822 	EXP 	imageFam: autoDraw = False
291.0822 	EXP 	textFam: autoDraw = False
291.0822 	EXP 	textBlankLoop: autoDraw = True
291.5757 	EXP 	New trial (rep=0, index=35): {'image': 'REPSWITCH1_Fam/PICTURE_110.png', 'correctAns': 'mesa'}
291.5822 	EXP 	textBlankLoop: autoDraw = False
291.5822 	EXP 	textBlankLoop: autoDraw = False
291.5822 	EXP 	fixationITI: autoDraw = True
292.6727 	EXP 	fixationITI: autoDraw = False
292.6727 	EXP 	fixationITI: autoDraw = False
292.6727 	EXP 	imageFam: image = 'REPSWITCH1_Fam/PICTURE_110.png'
292.6727 	EXP 	polygonWhiteFam: autoDraw = True
292.6727 	EXP 	imageFam: autoDraw = True
296.1662 	EXP 	textFam: autoDraw = True
298.6665 	EXP 	textFam: autoDraw = False
298.7013 	EXP 	polygonWhiteFam: autoDraw = False
298.7013 	EXP 	imageFam: autoDraw = False
298.7013 	EXP 	polygonWhiteFam: autoDraw = False
298.7013 	EXP 	imageFam: autoDraw = False
298.7013 	EXP 	textFam: autoDraw = False
298.7013 	EXP 	textBlankLoop: autoDraw = True
299.1946 	EXP 	New trial (rep=0, index=36): {'image': 'REPSWITCH1_Fam/PICTURE_16.png', 'correctAns': 'cazador'}
299.2013 	EXP 	textBlankLoop: autoDraw = False
299.2013 	EXP 	textBlankLoop: autoDraw = False
299.2013 	EXP 	fixationITI: autoDraw = True
300.2917 	EXP 	fixationITI: autoDraw = False
300.2917 	EXP 	fixationITI: autoDraw = False
300.2917 	EXP 	imageFam: image = 'REPSWITCH1_Fam/PICTURE_16.png'
300.2917 	EXP 	polygonWhiteFam: autoDraw = True
300.2917 	EXP 	imageFam: autoDraw = True
303.7852 	EXP 	textFam: autoDraw = True
306.2856 	EXP 	textFam: autoDraw = False
306.3204 	EXP 	polygonWhiteFam: autoDraw = False
306.3204 	EXP 	imageFam: autoDraw = False
306.3204 	EXP 	polygonWhiteFam: autoDraw = False
306.3204 	EXP 	imageFam: autoDraw = False
306.3204 	EXP 	textFam: autoDraw = False
306.3204 	EXP 	textBlankLoop: autoDraw = True
306.8136 	EXP 	New trial (rep=0, index=37): {'image': 'REPSWITCH1_Fam/PICTURE_614.png', 'correctAns': 'reina'}
306.8203 	EXP 	textBlankLoop: autoDraw = False
306.8203 	EXP 	textBlankLoop: autoDraw = False
306.8203 	EXP 	fixationITI: autoDraw = True
307.8969 	EXP 	fixationITI: autoDraw = False
307.8969 	EXP 	fixationITI: autoDraw = False
307.8969 	EXP 	imageFam: image = 'REPSWITCH1_Fam/PICTURE_614.png'
307.8969 	EXP 	polygonWhiteFam: autoDraw = True
307.8969 	EXP 	imageFam: autoDraw = True
311.3904 	EXP 	textFam: autoDraw = True
313.8907 	EXP 	textFam: autoDraw = False
313.9255 	EXP 	polygonWhiteFam: autoDraw = False
313.9255 	EXP 	imageFam: autoDraw = False
313.9255 	EXP 	polygonWhiteFam: autoDraw = False
313.9255 	EXP 	imageFam: autoDraw = False
313.9255 	EXP 	textFam: autoDraw = False
313.9255 	EXP 	textBlankLoop: autoDraw = True
314.4188 	EXP 	New trial (rep=0, index=38): {'image': 'REPSWITCH1_Fam/PICTURE_142.png', 'correctAns': 'vaso'}
314.4255 	EXP 	textBlankLoop: autoDraw = False
314.4255 	EXP 	textBlankLoop: autoDraw = False
314.4255 	EXP 	fixationITI: autoDraw = True
315.4743 	EXP 	fixationITI: autoDraw = False
315.4743 	EXP 	fixationITI: autoDraw = False
315.4743 	EXP 	imageFam: image = 'REPSWITCH1_Fam/PICTURE_142.png'
315.4743 	EXP 	polygonWhiteFam: autoDraw = True
315.4743 	EXP 	imageFam: autoDraw = True
318.9678 	EXP 	textFam: autoDraw = True
321.4681 	EXP 	textFam: autoDraw = False
321.5028 	EXP 	polygonWhiteFam: autoDraw = False
321.5028 	EXP 	imageFam: autoDraw = False
321.5028 	EXP 	polygonWhiteFam: autoDraw = False
321.5028 	EXP 	imageFam: autoDraw = False
321.5028 	EXP 	textFam: autoDraw = False
321.5028 	EXP 	textBlankLoop: autoDraw = True
321.9962 	EXP 	New trial (rep=0, index=39): {'image': 'REPSWITCH1_Fam/PICTURE_30.png', 'correctAns': 'granja'}
322.0029 	EXP 	textBlankLoop: autoDraw = False
322.0029 	EXP 	textBlankLoop: autoDraw = False
322.0029 	EXP 	fixationITI: autoDraw = True
323.0933 	EXP 	fixationITI: autoDraw = False
323.0933 	EXP 	fixationITI: autoDraw = False
323.0933 	EXP 	imageFam: image = 'REPSWITCH1_Fam/PICTURE_30.png'
323.0933 	EXP 	polygonWhiteFam: autoDraw = True
323.0933 	EXP 	imageFam: autoDraw = True
326.5868 	EXP 	textFam: autoDraw = True
329.0872 	EXP 	textFam: autoDraw = False
329.1219 	EXP 	polygonWhiteFam: autoDraw = False
329.1219 	EXP 	imageFam: autoDraw = False
329.1219 	EXP 	polygonWhiteFam: autoDraw = False
329.1219 	EXP 	imageFam: autoDraw = False
329.1219 	EXP 	textFam: autoDraw = False
329.1219 	EXP 	textBlankLoop: autoDraw = True
329.6153 	EXP 	New trial (rep=0, index=40): {'image': 'REPSWITCH1_Fam/PICTURE_733.png', 'correctAns': 'gafas'}
329.6219 	EXP 	textBlankLoop: autoDraw = False
329.6219 	EXP 	textBlankLoop: autoDraw = False
329.6219 	EXP 	fixationITI: autoDraw = True
330.7193 	EXP 	fixationITI: autoDraw = False
330.7193 	EXP 	fixationITI: autoDraw = False
330.7193 	EXP 	imageFam: image = 'REPSWITCH1_Fam/PICTURE_733.png'
330.7193 	EXP 	polygonWhiteFam: autoDraw = True
330.7193 	EXP 	imageFam: autoDraw = True
334.2128 	EXP 	textFam: autoDraw = True
336.7132 	EXP 	textFam: autoDraw = False
336.7479 	EXP 	polygonWhiteFam: autoDraw = False
336.7479 	EXP 	imageFam: autoDraw = False
336.7479 	EXP 	polygonWhiteFam: autoDraw = False
336.7479 	EXP 	imageFam: autoDraw = False
336.7479 	EXP 	textFam: autoDraw = False
336.7479 	EXP 	textBlankLoop: autoDraw = True
337.2412 	EXP 	New trial (rep=0, index=41): {'image': 'REPSWITCH1_Fam/PICTURE_498.png', 'correctAns': 'taza'}
337.2479 	EXP 	textBlankLoop: autoDraw = False
337.2479 	EXP 	textBlankLoop: autoDraw = False
337.2479 	EXP 	fixationITI: autoDraw = True
338.4148 	EXP 	fixationITI: autoDraw = False
338.4148 	EXP 	fixationITI: autoDraw = False
338.4148 	EXP 	imageFam: image = 'REPSWITCH1_Fam/PICTURE_498.png'
338.4148 	EXP 	polygonWhiteFam: autoDraw = True
338.4148 	EXP 	imageFam: autoDraw = True
341.9083 	EXP 	textFam: autoDraw = True
344.4087 	EXP 	textFam: autoDraw = False
344.4434 	EXP 	polygonWhiteFam: autoDraw = False
344.4434 	EXP 	imageFam: autoDraw = False
344.4434 	EXP 	polygonWhiteFam: autoDraw = False
344.4434 	EXP 	imageFam: autoDraw = False
344.4434 	EXP 	textFam: autoDraw = False
344.4434 	EXP 	textBlankLoop: autoDraw = True
344.9367 	EXP 	New trial (rep=0, index=42): {'image': 'REPSWITCH1_Fam/PICTURE_169.png', 'correctAns': 'espalda'}
344.9434 	EXP 	textBlankLoop: autoDraw = False
344.9434 	EXP 	textBlankLoop: autoDraw = False
344.9434 	EXP 	fixationITI: autoDraw = True
346.0686 	EXP 	fixationITI: autoDraw = False
346.0686 	EXP 	fixationITI: autoDraw = False
346.0686 	EXP 	imageFam: image = 'REPSWITCH1_Fam/PICTURE_169.png'
346.0686 	EXP 	polygonWhiteFam: autoDraw = True
346.0686 	EXP 	imageFam: autoDraw = True
349.5621 	EXP 	textFam: autoDraw = True
352.0624 	EXP 	textFam: autoDraw = False
352.0972 	EXP 	polygonWhiteFam: autoDraw = False
352.0972 	EXP 	imageFam: autoDraw = False
352.0972 	EXP 	polygonWhiteFam: autoDraw = False
352.0972 	EXP 	imageFam: autoDraw = False
352.0972 	EXP 	textFam: autoDraw = False
352.0972 	EXP 	textBlankLoop: autoDraw = True
352.5905 	EXP 	New trial (rep=0, index=43): {'image': 'REPSWITCH1_Fam/PICTURE_340.png', 'correctAns': 'espejo'}
352.5972 	EXP 	textBlankLoop: autoDraw = False
352.5972 	EXP 	textBlankLoop: autoDraw = False
352.5972 	EXP 	fixationITI: autoDraw = True
353.6043 	EXP 	fixationITI: autoDraw = False
353.6043 	EXP 	fixationITI: autoDraw = False
353.6043 	EXP 	imageFam: image = 'REPSWITCH1_Fam/PICTURE_340.png'
353.6043 	EXP 	polygonWhiteFam: autoDraw = True
353.6043 	EXP 	imageFam: autoDraw = True
357.0977 	EXP 	textFam: autoDraw = True
359.5981 	EXP 	textFam: autoDraw = False
359.6329 	EXP 	polygonWhiteFam: autoDraw = False
359.6329 	EXP 	imageFam: autoDraw = False
359.6329 	EXP 	polygonWhiteFam: autoDraw = False
359.6329 	EXP 	imageFam: autoDraw = False
359.6329 	EXP 	textFam: autoDraw = False
359.6329 	EXP 	textBlankLoop: autoDraw = True
360.1262 	EXP 	New trial (rep=0, index=44): {'image': 'REPSWITCH1_Fam/PICTURE_199.png', 'correctAns': 'falda'}
360.1329 	EXP 	textBlankLoop: autoDraw = False
360.1329 	EXP 	textBlankLoop: autoDraw = False
360.1329 	EXP 	fixationITI: autoDraw = True
361.2442 	EXP 	fixationITI: autoDraw = False
361.2442 	EXP 	fixationITI: autoDraw = False
361.2442 	EXP 	imageFam: image = 'REPSWITCH1_Fam/PICTURE_199.png'
361.2442 	EXP 	polygonWhiteFam: autoDraw = True
361.2442 	EXP 	imageFam: autoDraw = True
364.7376 	EXP 	textFam: autoDraw = True
367.2380 	EXP 	textFam: autoDraw = False
367.2727 	EXP 	polygonWhiteFam: autoDraw = False
367.2727 	EXP 	imageFam: autoDraw = False
367.2727 	EXP 	polygonWhiteFam: autoDraw = False
367.2727 	EXP 	imageFam: autoDraw = False
367.2727 	EXP 	textFam: autoDraw = False
367.2727 	EXP 	textBlankLoop: autoDraw = True
367.7727 	EXP 	textBlankLoop: autoDraw = False
367.7727 	EXP 	textBlankLoop: autoDraw = False
367.7727 	EXP 	textboxEndFam: autoDraw = True
371.0236 	DATA 	Keypress: space
371.0302 	EXP 	textboxEndFam: autoDraw = False
371.0630 	EXP 	window1: mouseVisible = True
