14.2331 	EXP 	Created window1 = Window(allowGUI=True, allowStencil=False, autoLog=True, backendConf=UNKNOWN, bitsMode=UNKNOWN, blendMode='avg', bpc=(8, 8, 8), color=array([0, 0, 0]), colorSpace='rgb', depthBits=8, fullscr=<method-wrapper '__getattribute__' of attributeSetter object at 0x000001601C48AAC0>, gamma=None, gammaErrorPolicy='raise', lms=UNKNOWN, monitor=<psychopy.monitors.calibTools.Monitor object at 0x000001601C76D430>, multiSample=False, name='window1', numSamples=2, pos=(0, 0), screen=0, size=array([1920, 1080]), stencilBits=0, stereo=False, units='height', useFBO=True, useRetina=False, viewOri=0.0, viewPos=None, viewScale=None, waitBlanking=True, winType='pyglet')
14.2331 	EXP 	window1: mouseVisible = True
14.2331 	EXP 	window1: mouseVisible = False
14.2331 	EXP 	window1: Attempting to measure frame rate of screen (0) ...
14.2332 	EXP 	window1: recordFrameIntervals = False
14.3023 	EXP 	window1: recordFrameIntervals = True
14.3787 	EXP 	Screen (0) actual frame rate measured at 143.88Hz
14.3787 	EXP 	window1: recordFrameIntervals = False
15.6272 	EXP 	Created textWelcomeFam = TextStim(__class__=<class 'psychopy.visual.text.TextStim'>, alignHoriz=method-wrapper(...), alignText='center', alignVert=method-wrapper(...), anchorHoriz='center', anchorVert='center', antialias=True, autoDraw=False, autoLog=True, bold=False, color=array([1, 1, 1]), colorSpace='rgb', contrast=1.0, depth=0.0, flipHoriz=False, flipVert=False, font='Open Sans', fontFiles=[], height=0.05, italic=False, languageStyle='LTR', name='textWelcomeFam', opacity=1.0, ori=0.0, pos=array([0., 0.]), rgb=UNKNOWN, text='Bienvenido/a al experimento!', units='height', win=Window(...), wrapWidth=1)
15.6712 	EXP 	Created fixationITI = ShapeStim(__class__=<class 'psychopy.visual.shape.ShapeStim'>, anchor=('center', 'center'), autoDraw=False, autoLog=True, closeShape=True, color=method-wrapper(...), colorSpace='rgb', contrast=None, depth=0.0, fillColor=array([1, 1, 1]), fillColorSpace='rgb', fillRGB=array([1, 1, 1]), interpolate=True, lineColor=array([1, 1, 1]), lineColorSpace='rgb', lineRGB=array([1, 1, 1]), lineWidth=1.0, name='fixationITI', opacity=1.0, ori=0.0, pos=array([0., 0.]), size=array([0.1, 0.1]), units='height', vertices=ndarray(...), win=Window(...), windingRule=None)
15.6718 	EXP 	Created polygonWhiteFam = Rect(__class__=<class 'psychopy.visual.rect.Rect'>, anchor=('center', 'center'), autoDraw=False, autoLog=True, closeShape=True, color=method-wrapper(...), colorSpace='rgb', contrast=None, depth=0.0, fillColor=array([1, 1, 1]), fillColorSpace='rgb', fillRGB=array([1, 1, 1]), interpolate=True, lineColor=array([1, 1, 1]), lineColorSpace='rgb', lineRGB=array([1, 1, 1]), lineWidth=1.0, name='polygonWhiteFam', opacity=1.0, ori=0.0, pos=array([0., 0.]), size=array([0.5, 0.5]), units='height', vertices=ndarray(...), win=Window(...))
15.6747 	EXP 	Created imageFam = ImageStim(__class__=<class 'psychopy.visual.image.ImageStim'>, anchor=('center', 'center'), autoLog=True, color=array([1, 1, 1]), colorSpace='rgb', contrast=1.0, depth=-1.0, flipHoriz=False, flipVert=False, image='sin', interpolate=True, mask=None, maskParams=None, name='imageFam', opacity=1.0, ori=0.0, pos=array([0., 0.]), size=array([0.5, 0.5]), texRes=128.0, units='height', win=Window(...))
15.6750 	EXP 	Created textFam = TextStim(__class__=<class 'psychopy.visual.text.TextStim'>, alignHoriz=method-wrapper(...), alignText='center', alignVert=method-wrapper(...), anchorHoriz='center', anchorVert='center', antialias=True, autoDraw=False, autoLog=True, bold=False, color=array([1, 1, 1]), colorSpace='rgb', contrast=1.0, depth=-2.0, flipHoriz=False, flipVert=False, font='Open Sans', fontFiles=[], height=0.05, italic=False, languageStyle='LTR', name='textFam', opacity=1.0, ori=0.0, pos=array([ 0. , -0.3]), rgb=UNKNOWN, text='', units='height', win=Window(...), wrapWidth=1)
15.7224 	EXP 	Created textBlankLoop = TextStim(__class__=<class 'psychopy.visual.text.TextStim'>, alignHoriz=method-wrapper(...), alignText='center', alignVert=method-wrapper(...), anchorHoriz='center', anchorVert='center', antialias=True, autoDraw=False, autoLog=True, bold=False, color=array([1, 1, 1]), colorSpace='rgb', contrast=1.0, depth=0.0, flipHoriz=False, flipVert=False, font='Open Sans', fontFiles=[], height=0.05, italic=False, languageStyle='LTR', name='textBlankLoop', opacity=1.0, ori=0.0, pos=array([0., 0.]), rgb=UNKNOWN, text='', units='height', win=Window(...), wrapWidth=1)
15.7443 	EXP 	textboxInstrFam: autoLog = True
15.7443 	EXP 	textboxEndFam: autoLog = True
15.7443 	EXP 	textWelcomeFam: autoDraw = True
17.7402 	EXP 	textWelcomeFam: autoDraw = False
17.7402 	EXP 	textboxInstrFam: autoDraw = True
41.2357 	EXP 	Imported repswitch_fam.xlsx as conditions, 45 conditions, 2 params
41.2362 	EXP 	Created sequence: random, trialTypes=45, nReps=1, seed=None
41.2364 	EXP 	New trial (rep=0, index=0): {'image': 'REPSWITCH1_Fam/PICTURE_446.png', 'correctAns': 'cerdo'}
41.2370 	DATA 	Keypress: space
41.2433 	EXP 	textboxInstrFam: autoDraw = False
41.2433 	EXP 	fixationITI: autoDraw = True
42.2990 	EXP 	fixationITI: autoDraw = False
42.2990 	EXP 	fixationITI: autoDraw = False
42.2990 	EXP 	imageFam: image = 'REPSWITCH1_Fam/PICTURE_446.png'
42.2990 	EXP 	polygonWhiteFam: autoDraw = True
42.2990 	EXP 	imageFam: autoDraw = True
44.7721 	DATA 	Keypress: space
44.7997 	DATA 	Keypress: space
45.7926 	EXP 	textFam: autoDraw = True
48.2928 	EXP 	textFam: autoDraw = False
48.3275 	EXP 	polygonWhiteFam: autoDraw = False
48.3275 	EXP 	imageFam: autoDraw = False
48.3275 	EXP 	polygonWhiteFam: autoDraw = False
48.3275 	EXP 	imageFam: autoDraw = False
48.3275 	EXP 	textFam: autoDraw = False
48.3275 	EXP 	textBlankLoop: autoDraw = True
48.8209 	EXP 	New trial (rep=0, index=1): {'image': 'REPSWITCH1_Fam/PICTURE_570.png', 'correctAns': 'toro'}
48.8276 	EXP 	textBlankLoop: autoDraw = False
48.8276 	EXP 	textBlankLoop: autoDraw = False
48.8276 	EXP 	fixationITI: autoDraw = True
49.8902 	EXP 	fixationITI: autoDraw = False
49.8902 	EXP 	fixationITI: autoDraw = False
49.8902 	EXP 	imageFam: image = 'REPSWITCH1_Fam/PICTURE_570.png'
49.8902 	EXP 	polygonWhiteFam: autoDraw = True
49.8902 	EXP 	imageFam: autoDraw = True
53.3838 	EXP 	textFam: autoDraw = True
55.8841 	EXP 	textFam: autoDraw = False
55.9188 	EXP 	polygonWhiteFam: autoDraw = False
55.9188 	EXP 	imageFam: autoDraw = False
55.9188 	EXP 	polygonWhiteFam: autoDraw = False
55.9188 	EXP 	imageFam: autoDraw = False
55.9188 	EXP 	textFam: autoDraw = False
55.9188 	EXP 	textBlankLoop: autoDraw = True
56.4122 	EXP 	New trial (rep=0, index=2): {'image': 'REPSWITCH1_Fam/PICTURE_235.png', 'correctAns': 'aguja'}
56.4189 	EXP 	textBlankLoop: autoDraw = False
56.4189 	EXP 	textBlankLoop: autoDraw = False
56.4189 	EXP 	fixationITI: autoDraw = True
57.6413 	EXP 	fixationITI: autoDraw = False
57.6413 	EXP 	fixationITI: autoDraw = False
57.6413 	EXP 	imageFam: image = 'REPSWITCH1_Fam/PICTURE_235.png'
57.6413 	EXP 	polygonWhiteFam: autoDraw = True
57.6413 	EXP 	imageFam: autoDraw = True
61.1347 	EXP 	textFam: autoDraw = True
63.6351 	EXP 	textFam: autoDraw = False
63.6698 	EXP 	polygonWhiteFam: autoDraw = False
63.6698 	EXP 	imageFam: autoDraw = False
63.6698 	EXP 	polygonWhiteFam: autoDraw = False
63.6698 	EXP 	imageFam: autoDraw = False
63.6698 	EXP 	textFam: autoDraw = False
63.6698 	EXP 	textBlankLoop: autoDraw = True
64.1632 	EXP 	New trial (rep=0, index=3): {'image': 'REPSWITCH1_Fam/PICTURE_264.png', 'correctAns': 'mano'}
64.1699 	EXP 	textBlankLoop: autoDraw = False
64.1699 	EXP 	textBlankLoop: autoDraw = False
64.1699 	EXP 	fixationITI: autoDraw = True
65.2951 	EXP 	fixationITI: autoDraw = False
65.2951 	EXP 	fixationITI: autoDraw = False
65.2951 	EXP 	imageFam: image = 'REPSWITCH1_Fam/PICTURE_264.png'
65.2951 	EXP 	polygonWhiteFam: autoDraw = True
65.2951 	EXP 	imageFam: autoDraw = True
68.7886 	EXP 	textFam: autoDraw = True
71.2889 	EXP 	textFam: autoDraw = False
71.3236 	EXP 	polygonWhiteFam: autoDraw = False
71.3236 	EXP 	imageFam: autoDraw = False
71.3236 	EXP 	polygonWhiteFam: autoDraw = False
71.3236 	EXP 	imageFam: autoDraw = False
71.3236 	EXP 	textFam: autoDraw = False
71.3236 	EXP 	textBlankLoop: autoDraw = True
71.8169 	EXP 	New trial (rep=0, index=4): {'image': 'REPSWITCH1_Fam/PICTURE_719.png', 'correctAns': 'baño'}
71.8237 	EXP 	textBlankLoop: autoDraw = False
71.8237 	EXP 	textBlankLoop: autoDraw = False
71.8237 	EXP 	fixationITI: autoDraw = True
72.9488 	EXP 	fixationITI: autoDraw = False
72.9488 	EXP 	fixationITI: autoDraw = False
72.9488 	EXP 	imageFam: image = 'REPSWITCH1_Fam/PICTURE_719.png'
72.9488 	EXP 	polygonWhiteFam: autoDraw = True
72.9488 	EXP 	imageFam: autoDraw = True
76.4424 	EXP 	textFam: autoDraw = True
78.9427 	EXP 	textFam: autoDraw = False
78.9774 	EXP 	polygonWhiteFam: autoDraw = False
78.9774 	EXP 	imageFam: autoDraw = False
78.9774 	EXP 	polygonWhiteFam: autoDraw = False
78.9774 	EXP 	imageFam: autoDraw = False
78.9774 	EXP 	textFam: autoDraw = False
78.9774 	EXP 	textBlankLoop: autoDraw = True
79.4708 	EXP 	New trial (rep=0, index=5): {'image': 'REPSWITCH1_Fam/PICTURE_391.png', 'correctAns': 'cadena'}
79.4775 	EXP 	textBlankLoop: autoDraw = False
79.4775 	EXP 	textBlankLoop: autoDraw = False
79.4775 	EXP 	fixationITI: autoDraw = True
80.5748 	EXP 	fixationITI: autoDraw = False
80.5748 	EXP 	fixationITI: autoDraw = False
80.5748 	EXP 	imageFam: image = 'REPSWITCH1_Fam/PICTURE_391.png'
80.5748 	EXP 	polygonWhiteFam: autoDraw = True
80.5748 	EXP 	imageFam: autoDraw = True
84.0683 	EXP 	textFam: autoDraw = True
86.5687 	EXP 	textFam: autoDraw = False
86.6034 	EXP 	polygonWhiteFam: autoDraw = False
86.6034 	EXP 	imageFam: autoDraw = False
86.6034 	EXP 	polygonWhiteFam: autoDraw = False
86.6034 	EXP 	imageFam: autoDraw = False
86.6034 	EXP 	textFam: autoDraw = False
86.6034 	EXP 	textBlankLoop: autoDraw = True
87.0968 	EXP 	New trial (rep=0, index=6): {'image': 'REPSWITCH1_Fam/PICTURE_142.png', 'correctAns': 'vaso'}
87.1034 	EXP 	textBlankLoop: autoDraw = False
87.1034 	EXP 	textBlankLoop: autoDraw = False
87.1034 	EXP 	fixationITI: autoDraw = True
88.1731 	EXP 	fixationITI: autoDraw = False
88.1731 	EXP 	fixationITI: autoDraw = False
88.1731 	EXP 	imageFam: image = 'REPSWITCH1_Fam/PICTURE_142.png'
88.1731 	EXP 	polygonWhiteFam: autoDraw = True
88.1731 	EXP 	imageFam: autoDraw = True
91.6665 	EXP 	textFam: autoDraw = True
94.1669 	EXP 	textFam: autoDraw = False
94.2016 	EXP 	polygonWhiteFam: autoDraw = False
94.2016 	EXP 	imageFam: autoDraw = False
94.2016 	EXP 	polygonWhiteFam: autoDraw = False
94.2016 	EXP 	imageFam: autoDraw = False
94.2016 	EXP 	textFam: autoDraw = False
94.2016 	EXP 	textBlankLoop: autoDraw = True
94.6951 	EXP 	New trial (rep=0, index=7): {'image': 'REPSWITCH1_Fam/PICTURE_733.png', 'correctAns': 'gafas'}
94.7017 	EXP 	textBlankLoop: autoDraw = False
94.7017 	EXP 	textBlankLoop: autoDraw = False
94.7017 	EXP 	fixationITI: autoDraw = True
95.7782 	EXP 	fixationITI: autoDraw = False
95.7782 	EXP 	fixationITI: autoDraw = False
95.7782 	EXP 	imageFam: image = 'REPSWITCH1_Fam/PICTURE_733.png'
95.7782 	EXP 	polygonWhiteFam: autoDraw = True
95.7782 	EXP 	imageFam: autoDraw = True
99.2717 	EXP 	textFam: autoDraw = True
101.7720 	EXP 	textFam: autoDraw = False
101.8068 	EXP 	polygonWhiteFam: autoDraw = False
101.8068 	EXP 	imageFam: autoDraw = False
101.8068 	EXP 	polygonWhiteFam: autoDraw = False
101.8068 	EXP 	imageFam: autoDraw = False
101.8068 	EXP 	textFam: autoDraw = False
101.8068 	EXP 	textBlankLoop: autoDraw = True
102.3002 	EXP 	New trial (rep=0, index=8): {'image': 'REPSWITCH1_Fam/PICTURE_110.png', 'correctAns': 'mesa'}
102.3069 	EXP 	textBlankLoop: autoDraw = False
102.3069 	EXP 	textBlankLoop: autoDraw = False
102.3069 	EXP 	fixationITI: autoDraw = True
103.3764 	EXP 	fixationITI: autoDraw = False
103.3764 	EXP 	fixationITI: autoDraw = False
103.3764 	EXP 	imageFam: image = 'REPSWITCH1_Fam/PICTURE_110.png'
103.3764 	EXP 	polygonWhiteFam: autoDraw = True
103.3764 	EXP 	imageFam: autoDraw = True
106.8699 	EXP 	textFam: autoDraw = True
109.3702 	EXP 	textFam: autoDraw = False
109.4050 	EXP 	polygonWhiteFam: autoDraw = False
109.4050 	EXP 	imageFam: autoDraw = False
109.4050 	EXP 	polygonWhiteFam: autoDraw = False
109.4050 	EXP 	imageFam: autoDraw = False
109.4050 	EXP 	textFam: autoDraw = False
109.4050 	EXP 	textBlankLoop: autoDraw = True
109.8983 	EXP 	New trial (rep=0, index=9): {'image': 'REPSWITCH1_Fam/PICTURE_663.png', 'correctAns': 'columna'}
109.9050 	EXP 	textBlankLoop: autoDraw = False
109.9050 	EXP 	textBlankLoop: autoDraw = False
109.9050 	EXP 	fixationITI: autoDraw = True
110.9677 	EXP 	fixationITI: autoDraw = False
110.9677 	EXP 	fixationITI: autoDraw = False
110.9677 	EXP 	imageFam: image = 'REPSWITCH1_Fam/PICTURE_663.png'
110.9677 	EXP 	polygonWhiteFam: autoDraw = True
110.9677 	EXP 	imageFam: autoDraw = True
114.4612 	EXP 	textFam: autoDraw = True
116.9615 	EXP 	textFam: autoDraw = False
116.9962 	EXP 	polygonWhiteFam: autoDraw = False
116.9962 	EXP 	imageFam: autoDraw = False
116.9962 	EXP 	polygonWhiteFam: autoDraw = False
116.9962 	EXP 	imageFam: autoDraw = False
116.9962 	EXP 	textFam: autoDraw = False
116.9962 	EXP 	textBlankLoop: autoDraw = True
117.4896 	EXP 	New trial (rep=0, index=10): {'image': 'REPSWITCH1_Fam/PICTURE_319.png', 'correctAns': 'vaca'}
117.4963 	EXP 	textBlankLoop: autoDraw = False
117.4963 	EXP 	textBlankLoop: autoDraw = False
117.4963 	EXP 	fixationITI: autoDraw = True
118.5659 	EXP 	fixationITI: autoDraw = False
118.5659 	EXP 	fixationITI: autoDraw = False
118.5659 	EXP 	imageFam: image = 'REPSWITCH1_Fam/PICTURE_319.png'
118.5659 	EXP 	polygonWhiteFam: autoDraw = True
118.5659 	EXP 	imageFam: autoDraw = True
122.0594 	EXP 	textFam: autoDraw = True
124.5597 	EXP 	textFam: autoDraw = False
124.5945 	EXP 	polygonWhiteFam: autoDraw = False
124.5945 	EXP 	imageFam: autoDraw = False
124.5945 	EXP 	polygonWhiteFam: autoDraw = False
124.5945 	EXP 	imageFam: autoDraw = False
124.5945 	EXP 	textFam: autoDraw = False
124.5945 	EXP 	textBlankLoop: autoDraw = True
125.0878 	EXP 	New trial (rep=0, index=11): {'image': 'REPSWITCH1_Fam/PICTURE_169.png', 'correctAns': 'espalda'}
125.0945 	EXP 	textBlankLoop: autoDraw = False
125.0945 	EXP 	textBlankLoop: autoDraw = False
125.0945 	EXP 	fixationITI: autoDraw = True
126.3655 	EXP 	fixationITI: autoDraw = False
126.3655 	EXP 	fixationITI: autoDraw = False
126.3655 	EXP 	imageFam: image = 'REPSWITCH1_Fam/PICTURE_169.png'
126.3655 	EXP 	polygonWhiteFam: autoDraw = True
126.3655 	EXP 	imageFam: autoDraw = True
129.8590 	EXP 	textFam: autoDraw = True
132.3593 	EXP 	textFam: autoDraw = False
132.3941 	EXP 	polygonWhiteFam: autoDraw = False
132.3941 	EXP 	imageFam: autoDraw = False
132.3941 	EXP 	polygonWhiteFam: autoDraw = False
132.3941 	EXP 	imageFam: autoDraw = False
132.3941 	EXP 	textFam: autoDraw = False
132.3941 	EXP 	textBlankLoop: autoDraw = True
132.8875 	EXP 	New trial (rep=0, index=12): {'image': 'REPSWITCH1_Fam/PICTURE_728.png', 'correctAns': 'pulpo'}
132.8941 	EXP 	textBlankLoop: autoDraw = False
132.8941 	EXP 	textBlankLoop: autoDraw = False
132.8941 	EXP 	fixationITI: autoDraw = True
134.0679 	EXP 	fixationITI: autoDraw = False
134.0679 	EXP 	fixationITI: autoDraw = False
134.0679 	EXP 	imageFam: image = 'REPSWITCH1_Fam/PICTURE_728.png'
134.0679 	EXP 	polygonWhiteFam: autoDraw = True
134.0679 	EXP 	imageFam: autoDraw = True
137.5614 	EXP 	textFam: autoDraw = True
140.0618 	EXP 	textFam: autoDraw = False
140.0965 	EXP 	polygonWhiteFam: autoDraw = False
140.0965 	EXP 	imageFam: autoDraw = False
140.0965 	EXP 	polygonWhiteFam: autoDraw = False
140.0965 	EXP 	imageFam: autoDraw = False
140.0965 	EXP 	textFam: autoDraw = False
140.0965 	EXP 	textBlankLoop: autoDraw = True
140.5900 	EXP 	New trial (rep=0, index=13): {'image': 'REPSWITCH1_Fam/PICTURE_178.png', 'correctAns': 'puente'}
140.5966 	EXP 	textBlankLoop: autoDraw = False
140.5966 	EXP 	textBlankLoop: autoDraw = False
140.5966 	EXP 	fixationITI: autoDraw = True
141.6314 	EXP 	fixationITI: autoDraw = False
141.6314 	EXP 	fixationITI: autoDraw = False
141.6314 	EXP 	imageFam: image = 'REPSWITCH1_Fam/PICTURE_178.png'
141.6314 	EXP 	polygonWhiteFam: autoDraw = True
141.6314 	EXP 	imageFam: autoDraw = True
145.1249 	EXP 	textFam: autoDraw = True
147.6252 	EXP 	textFam: autoDraw = False
147.6600 	EXP 	polygonWhiteFam: autoDraw = False
147.6600 	EXP 	imageFam: autoDraw = False
147.6600 	EXP 	polygonWhiteFam: autoDraw = False
147.6600 	EXP 	imageFam: autoDraw = False
147.6600 	EXP 	textFam: autoDraw = False
147.6600 	EXP 	textBlankLoop: autoDraw = True
148.1533 	EXP 	New trial (rep=0, index=14): {'image': 'REPSWITCH1_Fam/PICTURE_599.png', 'correctAns': 'nube'}
148.1600 	EXP 	textBlankLoop: autoDraw = False
148.1600 	EXP 	textBlankLoop: autoDraw = False
148.1600 	EXP 	fixationITI: autoDraw = True
149.3199 	EXP 	fixationITI: autoDraw = False
149.3199 	EXP 	fixationITI: autoDraw = False
149.3199 	EXP 	imageFam: image = 'REPSWITCH1_Fam/PICTURE_599.png'
149.3199 	EXP 	polygonWhiteFam: autoDraw = True
149.3199 	EXP 	imageFam: autoDraw = True
152.8134 	EXP 	textFam: autoDraw = True
155.3137 	EXP 	textFam: autoDraw = False
155.3485 	EXP 	polygonWhiteFam: autoDraw = False
155.3485 	EXP 	imageFam: autoDraw = False
155.3485 	EXP 	polygonWhiteFam: autoDraw = False
155.3485 	EXP 	imageFam: autoDraw = False
155.3485 	EXP 	textFam: autoDraw = False
155.3485 	EXP 	textBlankLoop: autoDraw = True
155.8418 	EXP 	New trial (rep=0, index=15): {'image': 'REPSWITCH1_Fam/PICTURE_8.png', 'correctAns': 'pierna'}
155.8485 	EXP 	textBlankLoop: autoDraw = False
155.8485 	EXP 	textBlankLoop: autoDraw = False
155.8485 	EXP 	fixationITI: autoDraw = True
156.9321 	EXP 	fixationITI: autoDraw = False
156.9321 	EXP 	fixationITI: autoDraw = False
156.9321 	EXP 	imageFam: image = 'REPSWITCH1_Fam/PICTURE_8.png'
156.9321 	EXP 	polygonWhiteFam: autoDraw = True
156.9321 	EXP 	imageFam: autoDraw = True
160.4255 	EXP 	textFam: autoDraw = True
162.9259 	EXP 	textFam: autoDraw = False
162.9606 	EXP 	polygonWhiteFam: autoDraw = False
162.9606 	EXP 	imageFam: autoDraw = False
162.9606 	EXP 	polygonWhiteFam: autoDraw = False
162.9606 	EXP 	imageFam: autoDraw = False
162.9606 	EXP 	textFam: autoDraw = False
162.9606 	EXP 	textBlankLoop: autoDraw = True
163.4540 	EXP 	New trial (rep=0, index=16): {'image': 'REPSWITCH1_Fam/PICTURE_612.png', 'correctAns': 'rana'}
163.4606 	EXP 	textBlankLoop: autoDraw = False
163.4606 	EXP 	textBlankLoop: autoDraw = False
163.4606 	EXP 	fixationITI: autoDraw = True
164.5372 	EXP 	fixationITI: autoDraw = False
164.5372 	EXP 	fixationITI: autoDraw = False
164.5372 	EXP 	imageFam: image = 'REPSWITCH1_Fam/PICTURE_612.png'
164.5372 	EXP 	polygonWhiteFam: autoDraw = True
164.5372 	EXP 	imageFam: autoDraw = True
168.0307 	EXP 	textFam: autoDraw = True
170.5310 	EXP 	textFam: autoDraw = False
170.5658 	EXP 	polygonWhiteFam: autoDraw = False
170.5658 	EXP 	imageFam: autoDraw = False
170.5658 	EXP 	polygonWhiteFam: autoDraw = False
170.5658 	EXP 	imageFam: autoDraw = False
170.5658 	EXP 	textFam: autoDraw = False
170.5658 	EXP 	textBlankLoop: autoDraw = True
171.0591 	EXP 	New trial (rep=0, index=17): {'image': 'REPSWITCH1_Fam/PICTURE_128.png', 'correctAns': 'muñeca'}
171.0658 	EXP 	textBlankLoop: autoDraw = False
171.0658 	EXP 	textBlankLoop: autoDraw = False
171.0658 	EXP 	fixationITI: autoDraw = True
172.1771 	EXP 	fixationITI: autoDraw = False
172.1771 	EXP 	fixationITI: autoDraw = False
172.1771 	EXP 	imageFam: image = 'REPSWITCH1_Fam/PICTURE_128.png'
172.1771 	EXP 	polygonWhiteFam: autoDraw = True
172.1771 	EXP 	imageFam: autoDraw = True
175.6706 	EXP 	textFam: autoDraw = True
178.1709 	EXP 	textFam: autoDraw = False
178.2057 	EXP 	polygonWhiteFam: autoDraw = False
178.2057 	EXP 	imageFam: autoDraw = False
178.2057 	EXP 	polygonWhiteFam: autoDraw = False
178.2057 	EXP 	imageFam: autoDraw = False
178.2057 	EXP 	textFam: autoDraw = False
178.2057 	EXP 	textBlankLoop: autoDraw = True
178.6990 	EXP 	New trial (rep=0, index=18): {'image': 'REPSWITCH1_Fam/PICTURE_498.png', 'correctAns': 'taza'}
178.7057 	EXP 	textBlankLoop: autoDraw = False
178.7057 	EXP 	textBlankLoop: autoDraw = False
178.7057 	EXP 	fixationITI: autoDraw = True
179.7892 	EXP 	fixationITI: autoDraw = False
179.7892 	EXP 	fixationITI: autoDraw = False
179.7892 	EXP 	imageFam: image = 'REPSWITCH1_Fam/PICTURE_498.png'
179.7892 	EXP 	polygonWhiteFam: autoDraw = True
179.7892 	EXP 	imageFam: autoDraw = True
183.2827 	EXP 	textFam: autoDraw = True
185.7830 	EXP 	textFam: autoDraw = False
185.8178 	EXP 	polygonWhiteFam: autoDraw = False
185.8178 	EXP 	imageFam: autoDraw = False
185.8178 	EXP 	polygonWhiteFam: autoDraw = False
185.8178 	EXP 	imageFam: autoDraw = False
185.8178 	EXP 	textFam: autoDraw = False
185.8178 	EXP 	textBlankLoop: autoDraw = True
186.3112 	EXP 	New trial (rep=0, index=19): {'image': 'REPSWITCH1_Fam/PICTURE_12.png', 'correctAns': 'sirena'}
186.3178 	EXP 	textBlankLoop: autoDraw = False
186.3178 	EXP 	textBlankLoop: autoDraw = False
186.3178 	EXP 	fixationITI: autoDraw = True
187.5749 	EXP 	fixationITI: autoDraw = False
187.5749 	EXP 	fixationITI: autoDraw = False
187.5749 	EXP 	imageFam: image = 'REPSWITCH1_Fam/PICTURE_12.png'
187.5749 	EXP 	polygonWhiteFam: autoDraw = True
187.5749 	EXP 	imageFam: autoDraw = True
191.0684 	EXP 	textFam: autoDraw = True
193.5688 	EXP 	textFam: autoDraw = False
193.6035 	EXP 	polygonWhiteFam: autoDraw = False
193.6035 	EXP 	imageFam: autoDraw = False
193.6035 	EXP 	polygonWhiteFam: autoDraw = False
193.6035 	EXP 	imageFam: autoDraw = False
193.6035 	EXP 	textFam: autoDraw = False
193.6035 	EXP 	textBlankLoop: autoDraw = True
194.0968 	EXP 	New trial (rep=0, index=20): {'image': 'REPSWITCH1_Fam/PICTURE_271.png', 'correctAns': 'conejo'}
194.1035 	EXP 	textBlankLoop: autoDraw = False
194.1035 	EXP 	textBlankLoop: autoDraw = False
194.1035 	EXP 	fixationITI: autoDraw = True
195.2982 	EXP 	fixationITI: autoDraw = False
195.2982 	EXP 	fixationITI: autoDraw = False
195.2982 	EXP 	imageFam: image = 'REPSWITCH1_Fam/PICTURE_271.png'
195.2982 	EXP 	polygonWhiteFam: autoDraw = True
195.2982 	EXP 	imageFam: autoDraw = True
198.7917 	EXP 	textFam: autoDraw = True
201.2920 	EXP 	textFam: autoDraw = False
201.3267 	EXP 	polygonWhiteFam: autoDraw = False
201.3267 	EXP 	imageFam: autoDraw = False
201.3267 	EXP 	polygonWhiteFam: autoDraw = False
201.3267 	EXP 	imageFam: autoDraw = False
201.3267 	EXP 	textFam: autoDraw = False
201.3267 	EXP 	textBlankLoop: autoDraw = True
201.8201 	EXP 	New trial (rep=0, index=21): {'image': 'REPSWITCH1_Fam/PICTURE_464.png', 'correctAns': 'goma'}
201.8268 	EXP 	textBlankLoop: autoDraw = False
201.8268 	EXP 	textBlankLoop: autoDraw = False
201.8268 	EXP 	fixationITI: autoDraw = True
202.9172 	EXP 	fixationITI: autoDraw = False
202.9172 	EXP 	fixationITI: autoDraw = False
202.9172 	EXP 	imageFam: image = 'REPSWITCH1_Fam/PICTURE_464.png'
202.9172 	EXP 	polygonWhiteFam: autoDraw = True
202.9172 	EXP 	imageFam: autoDraw = True
206.4107 	EXP 	textFam: autoDraw = True
208.9111 	EXP 	textFam: autoDraw = False
208.9458 	EXP 	polygonWhiteFam: autoDraw = False
208.9458 	EXP 	imageFam: autoDraw = False
208.9458 	EXP 	polygonWhiteFam: autoDraw = False
208.9458 	EXP 	imageFam: autoDraw = False
208.9458 	EXP 	textFam: autoDraw = False
208.9458 	EXP 	textBlankLoop: autoDraw = True
209.4391 	EXP 	New trial (rep=0, index=22): {'image': 'REPSWITCH1_Fam/PICTURE_340.png', 'correctAns': 'espejo'}
209.4458 	EXP 	textBlankLoop: autoDraw = False
209.4458 	EXP 	textBlankLoop: autoDraw = False
209.4458 	EXP 	fixationITI: autoDraw = True
210.5293 	EXP 	fixationITI: autoDraw = False
210.5293 	EXP 	fixationITI: autoDraw = False
210.5293 	EXP 	imageFam: image = 'REPSWITCH1_Fam/PICTURE_340.png'
210.5293 	EXP 	polygonWhiteFam: autoDraw = True
210.5293 	EXP 	imageFam: autoDraw = True
214.0229 	EXP 	textFam: autoDraw = True
216.5231 	EXP 	textFam: autoDraw = False
216.5579 	EXP 	polygonWhiteFam: autoDraw = False
216.5579 	EXP 	imageFam: autoDraw = False
216.5579 	EXP 	polygonWhiteFam: autoDraw = False
216.5579 	EXP 	imageFam: autoDraw = False
216.5579 	EXP 	textFam: autoDraw = False
216.5579 	EXP 	textBlankLoop: autoDraw = True
217.0512 	EXP 	New trial (rep=0, index=23): {'image': 'REPSWITCH1_Fam/PICTURE_19.png', 'correctAns': 'pavo'}
217.0579 	EXP 	textBlankLoop: autoDraw = False
217.0579 	EXP 	textBlankLoop: autoDraw = False
217.0579 	EXP 	fixationITI: autoDraw = True
218.0650 	EXP 	fixationITI: autoDraw = False
218.0650 	EXP 	fixationITI: autoDraw = False
218.0650 	EXP 	imageFam: image = 'REPSWITCH1_Fam/PICTURE_19.png'
218.0650 	EXP 	polygonWhiteFam: autoDraw = True
218.0650 	EXP 	imageFam: autoDraw = True
221.5585 	EXP 	textFam: autoDraw = True
224.0589 	EXP 	textFam: autoDraw = False
224.0937 	EXP 	polygonWhiteFam: autoDraw = False
224.0937 	EXP 	imageFam: autoDraw = False
224.0937 	EXP 	polygonWhiteFam: autoDraw = False
224.0937 	EXP 	imageFam: autoDraw = False
224.0937 	EXP 	textFam: autoDraw = False
224.0937 	EXP 	textBlankLoop: autoDraw = True
224.5870 	EXP 	New trial (rep=0, index=24): {'image': 'REPSWITCH1_Fam/PICTURE_517.png', 'correctAns': 'cuerda'}
224.5937 	EXP 	textBlankLoop: autoDraw = False
224.5937 	EXP 	textBlankLoop: autoDraw = False
224.5937 	EXP 	fixationITI: autoDraw = True
225.7536 	EXP 	fixationITI: autoDraw = False
225.7536 	EXP 	fixationITI: autoDraw = False
225.7536 	EXP 	imageFam: image = 'REPSWITCH1_Fam/PICTURE_517.png'
225.7536 	EXP 	polygonWhiteFam: autoDraw = True
225.7536 	EXP 	imageFam: autoDraw = True
229.2470 	EXP 	textFam: autoDraw = True
231.7473 	EXP 	textFam: autoDraw = False
231.7821 	EXP 	polygonWhiteFam: autoDraw = False
231.7821 	EXP 	imageFam: autoDraw = False
231.7821 	EXP 	polygonWhiteFam: autoDraw = False
231.7821 	EXP 	imageFam: autoDraw = False
231.7821 	EXP 	textFam: autoDraw = False
231.7821 	EXP 	textBlankLoop: autoDraw = True
232.2754 	EXP 	New trial (rep=0, index=25): {'image': 'REPSWITCH1_Fam/PICTURE_576.png', 'correctAns': 'guante'}
232.2821 	EXP 	textBlankLoop: autoDraw = False
232.2821 	EXP 	textBlankLoop: autoDraw = False
232.2821 	EXP 	fixationITI: autoDraw = True
233.3101 	EXP 	fixationITI: autoDraw = False
233.3101 	EXP 	fixationITI: autoDraw = False
233.3101 	EXP 	imageFam: image = 'REPSWITCH1_Fam/PICTURE_576.png'
233.3101 	EXP 	polygonWhiteFam: autoDraw = True
233.3101 	EXP 	imageFam: autoDraw = True
236.8036 	EXP 	textFam: autoDraw = True
239.3039 	EXP 	textFam: autoDraw = False
239.3386 	EXP 	polygonWhiteFam: autoDraw = False
239.3386 	EXP 	imageFam: autoDraw = False
239.3386 	EXP 	polygonWhiteFam: autoDraw = False
239.3386 	EXP 	imageFam: autoDraw = False
239.3386 	EXP 	textFam: autoDraw = False
239.3386 	EXP 	textBlankLoop: autoDraw = True
239.8320 	EXP 	New trial (rep=0, index=26): {'image': 'REPSWITCH1_Fam/PICTURE_687.png', 'correctAns': 'camisa'}
239.8387 	EXP 	textBlankLoop: autoDraw = False
239.8387 	EXP 	textBlankLoop: autoDraw = False
239.8387 	EXP 	fixationITI: autoDraw = True
240.9430 	EXP 	fixationITI: autoDraw = False
240.9430 	EXP 	fixationITI: autoDraw = False
240.9430 	EXP 	imageFam: image = 'REPSWITCH1_Fam/PICTURE_687.png'
240.9430 	EXP 	polygonWhiteFam: autoDraw = True
240.9430 	EXP 	imageFam: autoDraw = True
244.4365 	EXP 	textFam: autoDraw = True
246.9369 	EXP 	textFam: autoDraw = False
246.9717 	EXP 	polygonWhiteFam: autoDraw = False
246.9717 	EXP 	imageFam: autoDraw = False
246.9717 	EXP 	polygonWhiteFam: autoDraw = False
246.9717 	EXP 	imageFam: autoDraw = False
246.9717 	EXP 	textFam: autoDraw = False
246.9717 	EXP 	textBlankLoop: autoDraw = True
247.4652 	EXP 	New trial (rep=0, index=27): {'image': 'REPSWITCH1_Fam/PICTURE_610.png', 'correctAns': 'miel'}
247.4717 	EXP 	textBlankLoop: autoDraw = False
247.4717 	EXP 	textBlankLoop: autoDraw = False
247.4717 	EXP 	fixationITI: autoDraw = True
248.5759 	EXP 	fixationITI: autoDraw = False
248.5759 	EXP 	fixationITI: autoDraw = False
248.5759 	EXP 	imageFam: image = 'REPSWITCH1_Fam/PICTURE_610.png'
248.5759 	EXP 	polygonWhiteFam: autoDraw = True
248.5759 	EXP 	imageFam: autoDraw = True
252.0695 	EXP 	textFam: autoDraw = True
254.5698 	EXP 	textFam: autoDraw = False
254.6045 	EXP 	polygonWhiteFam: autoDraw = False
254.6045 	EXP 	imageFam: autoDraw = False
254.6045 	EXP 	polygonWhiteFam: autoDraw = False
254.6045 	EXP 	imageFam: autoDraw = False
254.6045 	EXP 	textFam: autoDraw = False
254.6045 	EXP 	textBlankLoop: autoDraw = True
255.0979 	EXP 	New trial (rep=0, index=28): {'image': 'REPSWITCH1_Fam/PICTURE_152.png', 'correctAns': 'caracol'}
255.1046 	EXP 	textBlankLoop: autoDraw = False
255.1046 	EXP 	textBlankLoop: autoDraw = False
255.1046 	EXP 	fixationITI: autoDraw = True
256.2923 	EXP 	fixationITI: autoDraw = False
256.2923 	EXP 	fixationITI: autoDraw = False
256.2923 	EXP 	imageFam: image = 'REPSWITCH1_Fam/PICTURE_152.png'
256.2923 	EXP 	polygonWhiteFam: autoDraw = True
256.2923 	EXP 	imageFam: autoDraw = True
259.7858 	EXP 	textFam: autoDraw = True
262.2861 	EXP 	textFam: autoDraw = False
262.3209 	EXP 	polygonWhiteFam: autoDraw = False
262.3209 	EXP 	imageFam: autoDraw = False
262.3209 	EXP 	polygonWhiteFam: autoDraw = False
262.3209 	EXP 	imageFam: autoDraw = False
262.3209 	EXP 	textFam: autoDraw = False
262.3209 	EXP 	textBlankLoop: autoDraw = True
262.8142 	EXP 	New trial (rep=0, index=29): {'image': 'REPSWITCH1_Fam/PICTURE_381.png', 'correctAns': 'fresa'}
262.8209 	EXP 	textBlankLoop: autoDraw = False
262.8209 	EXP 	textBlankLoop: autoDraw = False
262.8209 	EXP 	fixationITI: autoDraw = True
263.9321 	EXP 	fixationITI: autoDraw = False
263.9321 	EXP 	fixationITI: autoDraw = False
263.9321 	EXP 	imageFam: image = 'REPSWITCH1_Fam/PICTURE_381.png'
263.9321 	EXP 	polygonWhiteFam: autoDraw = True
263.9321 	EXP 	imageFam: autoDraw = True
267.4257 	EXP 	textFam: autoDraw = True
269.9259 	EXP 	textFam: autoDraw = False
269.9608 	EXP 	polygonWhiteFam: autoDraw = False
269.9608 	EXP 	imageFam: autoDraw = False
269.9608 	EXP 	polygonWhiteFam: autoDraw = False
269.9608 	EXP 	imageFam: autoDraw = False
269.9608 	EXP 	textFam: autoDraw = False
269.9608 	EXP 	textBlankLoop: autoDraw = True
270.4541 	EXP 	New trial (rep=0, index=30): {'image': 'REPSWITCH1_Fam/PICTURE_30.png', 'correctAns': 'granja'}
270.4608 	EXP 	textBlankLoop: autoDraw = False
270.4608 	EXP 	textBlankLoop: autoDraw = False
270.4608 	EXP 	fixationITI: autoDraw = True
271.4887 	EXP 	fixationITI: autoDraw = False
271.4887 	EXP 	fixationITI: autoDraw = False
271.4887 	EXP 	imageFam: image = 'REPSWITCH1_Fam/PICTURE_30.png'
271.4887 	EXP 	polygonWhiteFam: autoDraw = True
271.4887 	EXP 	imageFam: autoDraw = True
274.9822 	EXP 	textFam: autoDraw = True
277.4826 	EXP 	textFam: autoDraw = False
277.5173 	EXP 	polygonWhiteFam: autoDraw = False
277.5173 	EXP 	imageFam: autoDraw = False
277.5173 	EXP 	polygonWhiteFam: autoDraw = False
277.5173 	EXP 	imageFam: autoDraw = False
277.5173 	EXP 	textFam: autoDraw = False
277.5173 	EXP 	textBlankLoop: autoDraw = True
278.0107 	EXP 	New trial (rep=0, index=31): {'image': 'REPSWITCH1_Fam/PICTURE_48.png', 'correctAns': 'bombero'}
278.0173 	EXP 	textBlankLoop: autoDraw = False
278.0173 	EXP 	textBlankLoop: autoDraw = False
278.0173 	EXP 	fixationITI: autoDraw = True
279.0869 	EXP 	fixationITI: autoDraw = False
279.0869 	EXP 	fixationITI: autoDraw = False
279.0869 	EXP 	imageFam: image = 'REPSWITCH1_Fam/PICTURE_48.png'
279.0869 	EXP 	polygonWhiteFam: autoDraw = True
279.0869 	EXP 	imageFam: autoDraw = True
282.5805 	EXP 	textFam: autoDraw = True
285.0807 	EXP 	textFam: autoDraw = False
285.1155 	EXP 	polygonWhiteFam: autoDraw = False
285.1155 	EXP 	imageFam: autoDraw = False
285.1155 	EXP 	polygonWhiteFam: autoDraw = False
285.1155 	EXP 	imageFam: autoDraw = False
285.1155 	EXP 	textFam: autoDraw = False
285.1155 	EXP 	textBlankLoop: autoDraw = True
285.6088 	EXP 	New trial (rep=0, index=32): {'image': 'REPSWITCH1_Fam/PICTURE_199.png', 'correctAns': 'falda'}
285.6155 	EXP 	textBlankLoop: autoDraw = False
285.6155 	EXP 	textBlankLoop: autoDraw = False
285.6155 	EXP 	fixationITI: autoDraw = True
286.7338 	EXP 	fixationITI: autoDraw = False
286.7338 	EXP 	fixationITI: autoDraw = False
286.7338 	EXP 	imageFam: image = 'REPSWITCH1_Fam/PICTURE_199.png'
286.7338 	EXP 	polygonWhiteFam: autoDraw = True
286.7338 	EXP 	imageFam: autoDraw = True
290.2273 	EXP 	textFam: autoDraw = True
292.7276 	EXP 	textFam: autoDraw = False
292.7623 	EXP 	polygonWhiteFam: autoDraw = False
292.7623 	EXP 	imageFam: autoDraw = False
292.7623 	EXP 	polygonWhiteFam: autoDraw = False
292.7623 	EXP 	imageFam: autoDraw = False
292.7623 	EXP 	textFam: autoDraw = False
292.7623 	EXP 	textBlankLoop: autoDraw = True
293.2557 	EXP 	New trial (rep=0, index=33): {'image': 'REPSWITCH1_Fam/PICTURE_320.png', 'correctAns': 'iglesia'}
293.2624 	EXP 	textBlankLoop: autoDraw = False
293.2624 	EXP 	textBlankLoop: autoDraw = False
293.2624 	EXP 	fixationITI: autoDraw = True
294.3042 	EXP 	fixationITI: autoDraw = False
294.3042 	EXP 	fixationITI: autoDraw = False
294.3042 	EXP 	imageFam: image = 'REPSWITCH1_Fam/PICTURE_320.png'
294.3042 	EXP 	polygonWhiteFam: autoDraw = True
294.3042 	EXP 	imageFam: autoDraw = True
297.7977 	EXP 	textFam: autoDraw = True
300.2980 	EXP 	textFam: autoDraw = False
300.3327 	EXP 	polygonWhiteFam: autoDraw = False
300.3327 	EXP 	imageFam: autoDraw = False
300.3327 	EXP 	polygonWhiteFam: autoDraw = False
300.3327 	EXP 	imageFam: autoDraw = False
300.3327 	EXP 	textFam: autoDraw = False
300.3327 	EXP 	textBlankLoop: autoDraw = True
300.8261 	EXP 	New trial (rep=0, index=34): {'image': 'REPSWITCH1_Fam/PICTURE_242.png', 'correctAns': 'cartero'}
300.8328 	EXP 	textBlankLoop: autoDraw = False
300.8328 	EXP 	textBlankLoop: autoDraw = False
300.8328 	EXP 	fixationITI: autoDraw = True
301.9789 	EXP 	fixationITI: autoDraw = False
301.9789 	EXP 	fixationITI: autoDraw = False
301.9789 	EXP 	imageFam: image = 'REPSWITCH1_Fam/PICTURE_242.png'
301.9789 	EXP 	polygonWhiteFam: autoDraw = True
301.9789 	EXP 	imageFam: autoDraw = True
305.4723 	EXP 	textFam: autoDraw = True
307.9726 	EXP 	textFam: autoDraw = False
308.0074 	EXP 	polygonWhiteFam: autoDraw = False
308.0074 	EXP 	imageFam: autoDraw = False
308.0074 	EXP 	polygonWhiteFam: autoDraw = False
308.0074 	EXP 	imageFam: autoDraw = False
308.0074 	EXP 	textFam: autoDraw = False
308.0074 	EXP 	textBlankLoop: autoDraw = True
308.5007 	EXP 	New trial (rep=0, index=35): {'image': 'REPSWITCH1_Fam/PICTURE_673.png', 'correctAns': 'tenedor'}
308.5074 	EXP 	textBlankLoop: autoDraw = False
308.5074 	EXP 	textBlankLoop: autoDraw = False
308.5074 	EXP 	fixationITI: autoDraw = True
309.6187 	EXP 	fixationITI: autoDraw = False
309.6187 	EXP 	fixationITI: autoDraw = False
309.6187 	EXP 	imageFam: image = 'REPSWITCH1_Fam/PICTURE_673.png'
309.6187 	EXP 	polygonWhiteFam: autoDraw = True
309.6187 	EXP 	imageFam: autoDraw = True
313.1122 	EXP 	textFam: autoDraw = True
315.6125 	EXP 	textFam: autoDraw = False
315.6473 	EXP 	polygonWhiteFam: autoDraw = False
315.6473 	EXP 	imageFam: autoDraw = False
315.6473 	EXP 	polygonWhiteFam: autoDraw = False
315.6473 	EXP 	imageFam: autoDraw = False
315.6473 	EXP 	textFam: autoDraw = False
315.6473 	EXP 	textBlankLoop: autoDraw = True
316.1406 	EXP 	New trial (rep=0, index=36): {'image': 'REPSWITCH1_Fam/PICTURE_646.png', 'correctAns': 'tronco'}
316.1473 	EXP 	textBlankLoop: autoDraw = False
316.1473 	EXP 	textBlankLoop: autoDraw = False
316.1473 	EXP 	fixationITI: autoDraw = True
317.2378 	EXP 	fixationITI: autoDraw = False
317.2378 	EXP 	fixationITI: autoDraw = False
317.2378 	EXP 	imageFam: image = 'REPSWITCH1_Fam/PICTURE_646.png'
317.2378 	EXP 	polygonWhiteFam: autoDraw = True
317.2378 	EXP 	imageFam: autoDraw = True
320.7312 	EXP 	textFam: autoDraw = True
323.2316 	EXP 	textFam: autoDraw = False
323.2663 	EXP 	polygonWhiteFam: autoDraw = False
323.2663 	EXP 	imageFam: autoDraw = False
323.2663 	EXP 	polygonWhiteFam: autoDraw = False
323.2663 	EXP 	imageFam: autoDraw = False
323.2663 	EXP 	textFam: autoDraw = False
323.2663 	EXP 	textBlankLoop: autoDraw = True
323.7596 	EXP 	New trial (rep=0, index=37): {'image': 'REPSWITCH1_Fam/PICTURE_614.png', 'correctAns': 'reina'}
323.7664 	EXP 	textBlankLoop: autoDraw = False
323.7664 	EXP 	textBlankLoop: autoDraw = False
323.7664 	EXP 	fixationITI: autoDraw = True
324.8637 	EXP 	fixationITI: autoDraw = False
324.8637 	EXP 	fixationITI: autoDraw = False
324.8637 	EXP 	imageFam: image = 'REPSWITCH1_Fam/PICTURE_614.png'
324.8637 	EXP 	polygonWhiteFam: autoDraw = True
324.8637 	EXP 	imageFam: autoDraw = True
328.3573 	EXP 	textFam: autoDraw = True
330.8576 	EXP 	textFam: autoDraw = False
330.8923 	EXP 	polygonWhiteFam: autoDraw = False
330.8923 	EXP 	imageFam: autoDraw = False
330.8923 	EXP 	polygonWhiteFam: autoDraw = False
330.8923 	EXP 	imageFam: autoDraw = False
330.8923 	EXP 	textFam: autoDraw = False
330.8923 	EXP 	textBlankLoop: autoDraw = True
331.3857 	EXP 	New trial (rep=0, index=38): {'image': 'REPSWITCH1_Fam/PICTURE_135.png', 'correctAns': 'traje'}
331.3924 	EXP 	textBlankLoop: autoDraw = False
331.3924 	EXP 	textBlankLoop: autoDraw = False
331.3924 	EXP 	fixationITI: autoDraw = True
332.4967 	EXP 	fixationITI: autoDraw = False
332.4967 	EXP 	fixationITI: autoDraw = False
332.4967 	EXP 	imageFam: image = 'REPSWITCH1_Fam/PICTURE_135.png'
332.4967 	EXP 	polygonWhiteFam: autoDraw = True
332.4967 	EXP 	imageFam: autoDraw = True
335.9902 	EXP 	textFam: autoDraw = True
338.4905 	EXP 	textFam: autoDraw = False
338.5253 	EXP 	polygonWhiteFam: autoDraw = False
338.5253 	EXP 	imageFam: autoDraw = False
338.5253 	EXP 	polygonWhiteFam: autoDraw = False
338.5253 	EXP 	imageFam: autoDraw = False
338.5253 	EXP 	textFam: autoDraw = False
338.5253 	EXP 	textBlankLoop: autoDraw = True
339.0186 	EXP 	New trial (rep=0, index=39): {'image': 'REPSWITCH1_Fam/PICTURE_175.png', 'correctAns': 'pintor'}
339.0253 	EXP 	textBlankLoop: autoDraw = False
339.0253 	EXP 	textBlankLoop: autoDraw = False
339.0253 	EXP 	fixationITI: autoDraw = True
340.0602 	EXP 	fixationITI: autoDraw = False
340.0602 	EXP 	fixationITI: autoDraw = False
340.0602 	EXP 	imageFam: image = 'REPSWITCH1_Fam/PICTURE_175.png'
340.0602 	EXP 	polygonWhiteFam: autoDraw = True
340.0602 	EXP 	imageFam: autoDraw = True
343.5537 	EXP 	textFam: autoDraw = True
346.0540 	EXP 	textFam: autoDraw = False
346.0887 	EXP 	polygonWhiteFam: autoDraw = False
346.0887 	EXP 	imageFam: autoDraw = False
346.0887 	EXP 	polygonWhiteFam: autoDraw = False
346.0887 	EXP 	imageFam: autoDraw = False
346.0887 	EXP 	textFam: autoDraw = False
346.0887 	EXP 	textBlankLoop: autoDraw = True
346.5821 	EXP 	New trial (rep=0, index=40): {'image': 'REPSWITCH1_Fam/PICTURE_16.png', 'correctAns': 'cazador'}
346.5888 	EXP 	textBlankLoop: autoDraw = False
346.5888 	EXP 	textBlankLoop: autoDraw = False
346.5888 	EXP 	fixationITI: autoDraw = True
347.7001 	EXP 	fixationITI: autoDraw = False
347.7001 	EXP 	fixationITI: autoDraw = False
347.7001 	EXP 	imageFam: image = 'REPSWITCH1_Fam/PICTURE_16.png'
347.7001 	EXP 	polygonWhiteFam: autoDraw = True
347.7001 	EXP 	imageFam: autoDraw = True
351.1935 	EXP 	textFam: autoDraw = True
353.6939 	EXP 	textFam: autoDraw = False
353.7286 	EXP 	polygonWhiteFam: autoDraw = False
353.7286 	EXP 	imageFam: autoDraw = False
353.7286 	EXP 	polygonWhiteFam: autoDraw = False
353.7286 	EXP 	imageFam: autoDraw = False
353.7286 	EXP 	textFam: autoDraw = False
353.7286 	EXP 	textBlankLoop: autoDraw = True
354.2220 	EXP 	New trial (rep=0, index=41): {'image': 'REPSWITCH1_Fam/PICTURE_552.png', 'correctAns': 'manzana'}
354.2287 	EXP 	textBlankLoop: autoDraw = False
354.2287 	EXP 	textBlankLoop: autoDraw = False
354.2287 	EXP 	fixationITI: autoDraw = True
355.2358 	EXP 	fixationITI: autoDraw = False
355.2358 	EXP 	fixationITI: autoDraw = False
355.2358 	EXP 	imageFam: image = 'REPSWITCH1_Fam/PICTURE_552.png'
355.2358 	EXP 	polygonWhiteFam: autoDraw = True
355.2358 	EXP 	imageFam: autoDraw = True
358.7293 	EXP 	textFam: autoDraw = True
361.2296 	EXP 	textFam: autoDraw = False
361.2643 	EXP 	polygonWhiteFam: autoDraw = False
361.2643 	EXP 	imageFam: autoDraw = False
361.2643 	EXP 	polygonWhiteFam: autoDraw = False
361.2643 	EXP 	imageFam: autoDraw = False
361.2643 	EXP 	textFam: autoDraw = False
361.2643 	EXP 	textBlankLoop: autoDraw = True
361.7578 	EXP 	New trial (rep=0, index=42): {'image': 'REPSWITCH1_Fam/PICTURE_590.png', 'correctAns': 'escoba'}
361.7645 	EXP 	textBlankLoop: autoDraw = False
361.7645 	EXP 	textBlankLoop: autoDraw = False
361.7645 	EXP 	fixationITI: autoDraw = True
362.8827 	EXP 	fixationITI: autoDraw = False
362.8827 	EXP 	fixationITI: autoDraw = False
362.8827 	EXP 	imageFam: image = 'REPSWITCH1_Fam/PICTURE_590.png'
362.8827 	EXP 	polygonWhiteFam: autoDraw = True
362.8827 	EXP 	imageFam: autoDraw = True
366.3762 	EXP 	textFam: autoDraw = True
368.8764 	EXP 	textFam: autoDraw = False
368.9112 	EXP 	polygonWhiteFam: autoDraw = False
368.9112 	EXP 	imageFam: autoDraw = False
368.9112 	EXP 	polygonWhiteFam: autoDraw = False
368.9112 	EXP 	imageFam: autoDraw = False
368.9112 	EXP 	textFam: autoDraw = False
368.9112 	EXP 	textBlankLoop: autoDraw = True
369.4045 	EXP 	New trial (rep=0, index=43): {'image': 'REPSWITCH1_Fam/PICTURE_35.png', 'correctAns': 'oreja'}
369.4112 	EXP 	textBlankLoop: autoDraw = False
369.4112 	EXP 	textBlankLoop: autoDraw = False
369.4112 	EXP 	fixationITI: autoDraw = True
370.5295 	EXP 	fixationITI: autoDraw = False
370.5295 	EXP 	fixationITI: autoDraw = False
370.5295 	EXP 	imageFam: image = 'REPSWITCH1_Fam/PICTURE_35.png'
370.5295 	EXP 	polygonWhiteFam: autoDraw = True
370.5295 	EXP 	imageFam: autoDraw = True
374.0229 	EXP 	textFam: autoDraw = True
376.5233 	EXP 	textFam: autoDraw = False
376.5580 	EXP 	polygonWhiteFam: autoDraw = False
376.5580 	EXP 	imageFam: autoDraw = False
376.5580 	EXP 	polygonWhiteFam: autoDraw = False
376.5580 	EXP 	imageFam: autoDraw = False
376.5580 	EXP 	textFam: autoDraw = False
376.5580 	EXP 	textBlankLoop: autoDraw = True
377.0514 	EXP 	New trial (rep=0, index=44): {'image': 'REPSWITCH1_Fam/PICTURE_338.png', 'correctAns': 'regalo'}
377.0580 	EXP 	textBlankLoop: autoDraw = False
377.0580 	EXP 	textBlankLoop: autoDraw = False
377.0580 	EXP 	fixationITI: autoDraw = True
378.1971 	EXP 	fixationITI: autoDraw = False
378.1971 	EXP 	fixationITI: autoDraw = False
378.1971 	EXP 	imageFam: image = 'REPSWITCH1_Fam/PICTURE_338.png'
378.1971 	EXP 	polygonWhiteFam: autoDraw = True
378.1971 	EXP 	imageFam: autoDraw = True
381.6906 	EXP 	textFam: autoDraw = True
384.1909 	EXP 	textFam: autoDraw = False
384.2257 	EXP 	polygonWhiteFam: autoDraw = False
384.2257 	EXP 	imageFam: autoDraw = False
384.2257 	EXP 	polygonWhiteFam: autoDraw = False
384.2257 	EXP 	imageFam: autoDraw = False
384.2257 	EXP 	textFam: autoDraw = False
384.2257 	EXP 	textBlankLoop: autoDraw = True
384.7257 	EXP 	textBlankLoop: autoDraw = False
384.7257 	EXP 	textBlankLoop: autoDraw = False
384.7257 	EXP 	textboxEndFam: autoDraw = True
392.3434 	DATA 	Keypress: space
392.3448 	EXP 	textboxEndFam: autoDraw = False
392.3640 	EXP 	window1: mouseVisible = True
