8.3026 	EXP 	Created window1 = Window(allowGUI=True, allowStencil=False, autoLog=True, backendConf=UNKNOWN, bitsMode=UNKNOWN, blendMode='avg', bpc=(8, 8, 8), color=array([0, 0, 0]), colorSpace='rgb', depthBits=8, fullscr=<method-wrapper '__getattribute__' of attributeSetter object at 0x00000168B8205F70>, gamma=None, gammaErrorPolicy='raise', lms=UNKNOWN, monitor=<psychopy.monitors.calibTools.Monitor object at 0x00000168BE6D80A0>, multiSample=False, name='window1', numSamples=2, pos=(0, 0), screen=0, size=array([1920, 1080]), stencilBits=0, stereo=False, units='height', useFBO=True, useRetina=False, viewOri=0.0, viewPos=None, viewScale=None, waitBlanking=True, winType='pyglet')
8.3026 	EXP 	window1: mouseVisible = True
8.3027 	EXP 	window1: mouseVisible = False
8.3027 	EXP 	window1: Attempting to measure frame rate of screen (0) ...
8.3027 	EXP 	window1: recordFrameIntervals = False
8.3718 	EXP 	window1: recordFrameIntervals = True
8.4483 	EXP 	Screen (0) actual frame rate measured at 143.84Hz
8.4483 	EXP 	window1: recordFrameIntervals = False
9.6891 	EXP 	Created textWelcome = TextStim(__class__=<class 'psychopy.visual.text.TextStim'>, alignHoriz=method-wrapper(...), alignText='center', alignVert=method-wrapper(...), anchorHoriz='center', anchorVert='center', antialias=True, autoDraw=False, autoLog=True, bold=False, color=array([1, 1, 1]), colorSpace='rgb', contrast=1.0, depth=0.0, flipHoriz=False, flipVert=False, font='Open Sans', fontFiles=[], height=0.04, italic=False, languageStyle='LTR', name='textWelcome', opacity=1.0, ori=0.0, pos=array([0., 0.]), rgb=UNKNOWN, text='¡Ahora vamos a comenzar con el experimento!', units='height', win=Window(...), wrapWidth=1)
9.7875 	EXP 	Created fixationITI = ShapeStim(__class__=<class 'psychopy.visual.shape.ShapeStim'>, anchor=('center', 'center'), autoDraw=False, autoLog=True, closeShape=True, color=method-wrapper(...), colorSpace='rgb', contrast=None, depth=0.0, fillColor=array([1, 1, 1]), fillColorSpace='rgb', fillRGB=array([1, 1, 1]), interpolate=True, lineColor=array([1, 1, 1]), lineColorSpace='rgb', lineRGB=array([1, 1, 1]), lineWidth=1.0, name='fixationITI', opacity=1.0, ori=0.0, pos=array([0., 0.]), size=array([0.1, 0.1]), units='height', vertices=ndarray(...), win=Window(...), windingRule=None)
9.7881 	EXP 	Created polygonColour = Rect(__class__=<class 'psychopy.visual.rect.Rect'>, anchor=('center', 'center'), autoDraw=False, autoLog=True, closeShape=True, color=method-wrapper(...), colorSpace='rgb', contrast=None, depth=0.0, fillColor=array([1, 1, 1]), fillColorSpace='rgb', fillRGB=array([1, 1, 1]), interpolate=True, lineColor=array([1, 1, 1]), lineColorSpace='rgb', lineRGB=array([1, 1, 1]), lineWidth=1.0, name='polygonColour', opacity=1.0, ori=0.0, pos=array([0., 0.]), size=array([0.55, 0.55]), units='height', vertices=ndarray(...), win=Window(...))
9.7886 	EXP 	Created polygonWhite = Rect(__class__=<class 'psychopy.visual.rect.Rect'>, anchor=('center', 'center'), autoDraw=False, autoLog=True, closeShape=True, color=method-wrapper(...), colorSpace='rgb', contrast=None, depth=-1.0, fillColor=array([1, 1, 1]), fillColorSpace='rgb', fillRGB=array([1, 1, 1]), interpolate=True, lineColor=array([1, 1, 1]), lineColorSpace='rgb', lineRGB=array([1, 1, 1]), lineWidth=1.0, name='polygonWhite', opacity=1.0, ori=0.0, pos=array([0., 0.]), size=array([0.5, 0.5]), units='height', vertices=ndarray(...), win=Window(...))
9.7921 	EXP 	Created imageObject = ImageStim(__class__=<class 'psychopy.visual.image.ImageStim'>, anchor=('center', 'center'), autoLog=True, color=array([1, 1, 1]), colorSpace='rgb', contrast=1.0, depth=-2.0, flipHoriz=False, flipVert=False, image='sin', interpolate=True, mask=None, maskParams=None, name='imageObject', opacity=1.0, ori=0.0, pos=array([0., 0.]), size=array([0.5, 0.5]), texRes=128.0, units='height', win=Window(...))
9.7926 	EXP 	Created polygonType = Rect(__class__=<class 'psychopy.visual.rect.Rect'>, anchor=('center', 'center'), autoDraw=False, autoLog=True, closeShape=True, color=method-wrapper(...), colorSpace='rgb', contrast=None, depth=-3.0, fillColor=array([0.9216, 0.9216, 0.9216]), fillColorSpace='rgb', fillRGB=array([0.9216, 0.9216, 0.9216]), interpolate=True, lineColor=array([0.9216, 0.9216, 0.9216]), lineColorSpace='rgb', lineRGB=array([0.9216, 0.9216, 0.9216]), lineWidth=1.0, name='polygonType', opacity=1.0, ori=0.0, pos=array([0., 0.]), size=array([0.3, 0.1]), units='height', vertices=ndarray(...), win=Window(...))
9.7940 	EXP 	Created textInput = TextStim(__class__=<class 'psychopy.visual.text.TextStim'>, alignHoriz=method-wrapper(...), alignText='center', alignVert=method-wrapper(...), anchorHoriz='center', anchorVert='center', antialias=True, autoDraw=False, autoLog=True, bold=False, color=array([-1., -1., -1.]), colorSpace='rgb', contrast=1.0, depth=-4.0, flipHoriz=False, flipVert=False, font='Open Sans', fontFiles=[], height=0.05, italic=False, languageStyle='LTR', name='textInput', opacity=1.0, ori=0.0, pos=array([0., 0.]), rgb=UNKNOWN, text='', units='height', win=Window(...), wrapWidth=1)
9.8741 	EXP 	Created textBlankLoop = TextStim(__class__=<class 'psychopy.visual.text.TextStim'>, alignHoriz=method-wrapper(...), alignText='center', alignVert=method-wrapper(...), anchorHoriz='center', anchorVert='center', antialias=True, autoDraw=False, autoLog=True, bold=False, color=array([1, 1, 1]), colorSpace='rgb', contrast=1.0, depth=0.0, flipHoriz=False, flipVert=False, font='Open Sans', fontFiles=[], height=0.05, italic=False, languageStyle='LTR', name='textBlankLoop', opacity=1.0, ori=0.0, pos=array([0., 0.]), rgb=UNKNOWN, text='', units='height', win=Window(...), wrapWidth=1)
9.8966 	EXP 	textboxInstrMain1: autoLog = True
9.8966 	EXP 	textboxInstrMain1_2: autoLog = True
9.8966 	EXP 	textboxInstrMain1_3: autoLog = True
9.8966 	EXP 	textboxInstrMain2: autoLog = True
9.8966 	EXP 	textboxInstrMain2_2: autoLog = True
9.8966 	EXP 	textboxInstrMain2_3: autoLog = True
9.8966 	EXP 	textboxInstrMain2_4: autoLog = True
9.8966 	EXP 	textboxInstrMain2_5: autoLog = True
9.8966 	EXP 	textboxInstrMain2_6: autoLog = True
9.8966 	EXP 	textboxInstrMain2_7: autoLog = True
9.8966 	EXP 	textboxInstrMain2_8: autoLog = True
9.8966 	EXP 	textboxInstrMain2_9: autoLog = True
9.8966 	EXP 	textboxInstrMain2_10: autoLog = True
9.8966 	EXP 	textboxInstrMain2_11: autoLog = True
9.8966 	EXP 	textboxInstrMain2_12: autoLog = True
9.8966 	EXP 	textboxPause: autoLog = True
9.8966 	EXP 	textboxGoodbye: autoLog = True
9.8966 	EXP 	textWelcome: autoDraw = True
12.4018 	EXP 	textWelcome: autoDraw = False
12.4018 	EXP 	textboxInstrMain1: autoDraw = True
12.4018 	EXP 	textboxInstrMain1_2: autoDraw = True
12.4018 	EXP 	textboxInstrMain1_3: autoDraw = True
13.0307 	DATA 	Keypress: space
13.0406 	EXP 	textboxInstrMain1: autoDraw = False
13.0406 	EXP 	textboxInstrMain1_2: autoDraw = False
13.0406 	EXP 	textboxInstrMain1_3: autoDraw = False
13.0406 	EXP 	textboxInstrMain2: autoDraw = True
13.0406 	EXP 	textboxInstrMain2_2: autoDraw = True
13.0406 	EXP 	textboxInstrMain2_3: autoDraw = True
13.0406 	EXP 	textboxInstrMain2_4: autoDraw = True
13.0406 	EXP 	textboxInstrMain2_5: autoDraw = True
13.0406 	EXP 	textboxInstrMain2_6: autoDraw = True
13.0406 	EXP 	textboxInstrMain2_7: autoDraw = True
13.0406 	EXP 	textboxInstrMain2_8: autoDraw = True
13.0406 	EXP 	textboxInstrMain2_9: autoDraw = True
13.0406 	EXP 	textboxInstrMain2_10: autoDraw = True
13.0406 	EXP 	textboxInstrMain2_11: autoDraw = True
13.0406 	EXP 	textboxInstrMain2_12: autoDraw = True
16.0033 	EXP 	Imported repswitch_V1L4.xlsx as conditions, 408 conditions, 17 params
16.0058 	EXP 	Created sequence: sequential, trialTypes=408, nReps=1, seed=None
16.0067 	EXP 	New trial (rep=0, index=0): {'image': 'REPSWITCH1/PICTURE_8.png', 'correctAns': 'pierna', 'respModal': 'type', 'frameColor': 'darkblue', 'repSwitch': 'filler', 'sequence': 1, 'target': 'F', 'set': 1, 'block': 4, 'list': 4, 'exp_version': 1, 'stimulus': 'Stim3_Set4', 'baseline': 0, 'baseline_condition': None, 'trial_no': 1, 'psychopy_trial': 0, 'Column1': 1}
16.0075 	DATA 	Keypress: space
16.0135 	EXP 	textboxInstrMain2: autoDraw = False
16.0135 	EXP 	textboxInstrMain2_2: autoDraw = False
16.0135 	EXP 	textboxInstrMain2_3: autoDraw = False
16.0135 	EXP 	textboxInstrMain2_4: autoDraw = False
16.0135 	EXP 	textboxInstrMain2_5: autoDraw = False
16.0135 	EXP 	textboxInstrMain2_6: autoDraw = False
16.0135 	EXP 	textboxInstrMain2_7: autoDraw = False
16.0135 	EXP 	textboxInstrMain2_8: autoDraw = False
16.0135 	EXP 	textboxInstrMain2_9: autoDraw = False
16.0135 	EXP 	textboxInstrMain2_10: autoDraw = False
16.0135 	EXP 	textboxInstrMain2_11: autoDraw = False
16.0135 	EXP 	textboxInstrMain2_12: autoDraw = False
16.0135 	EXP 	fixationITI: autoDraw = True
17.1245 	EXP 	fixationITI: autoDraw = False
17.1245 	EXP 	fixationITI: autoDraw = False
17.1245 	EXP 	polygonColour: fillColor = <psychopy.colors.Color: darkblue, alpha=1.0>
17.1245 	EXP 	polygonColour: borderColor = <psychopy.colors.Color: darkblue, alpha=1.0>
17.1245 	EXP 	imageObject: image = 'REPSWITCH1/PICTURE_8.png'
17.1245 	EXP 	polygonColour: autoDraw = True
17.1245 	EXP 	polygonWhite: autoDraw = True
17.1245 	EXP 	imageObject: autoDraw = True
17.1245 	EXP 	polygonType: autoDraw = True
17.1245 	EXP 	textInput: autoDraw = True
17.1245 	EXP 	textInput: height = 0.05
17.1245 	EXP 	textInput: height = 0.05
17.1245 	EXP 	textInput: height = 0.05
17.1245 	EXP 	textInput: text = ''
17.9787 	DATA 	Keypress: p
18.2494 	DATA 	Keypress: i
18.4093 	DATA 	Keypress: e
18.5064 	DATA 	Keypress: r
18.5829 	DATA 	Keypress: n
18.7149 	DATA 	Keypress: a
20.1455 	EXP 	polygonColour: autoDraw = False
20.1455 	EXP 	polygonWhite: autoDraw = False
20.1455 	EXP 	imageObject: autoDraw = False
20.1455 	EXP 	polygonType: autoDraw = False
20.1455 	EXP 	textInput: autoDraw = False
20.1455 	EXP 	textBlankLoop: autoDraw = True
20.6396 	EXP 	New trial (rep=0, index=1): {'image': 'REPSWITCH1/PICTURE_498.png', 'correctAns': 'taza', 'respModal': 'speak', 'frameColor': 'gold', 'repSwitch': 'filler', 'sequence': 2, 'target': 'F', 'set': 1, 'block': 4, 'list': 4, 'exp_version': 1, 'stimulus': 'Stim4_Set4', 'baseline': 0, 'baseline_condition': None, 'trial_no': 2, 'psychopy_trial': 1, 'Column1': 2}
20.6456 	EXP 	textBlankLoop: autoDraw = False
20.6456 	EXP 	textboxPause: autoDraw = False
20.6456 	EXP 	fixationITI: autoDraw = True
21.7014 	EXP 	fixationITI: autoDraw = False
21.7014 	EXP 	fixationITI: autoDraw = False
21.7014 	EXP 	polygonColour: fillColor = <psychopy.colors.Color: gold, alpha=1.0>
21.7014 	EXP 	polygonColour: borderColor = <psychopy.colors.Color: gold, alpha=1.0>
21.7014 	EXP 	imageObject: image = 'REPSWITCH1/PICTURE_498.png'
21.7014 	EXP 	polygonColour: autoDraw = True
21.7014 	EXP 	polygonWhite: autoDraw = True
21.7014 	EXP 	imageObject: autoDraw = True
21.7014 	EXP 	polygonType: autoDraw = True
21.7014 	EXP 	textInput: autoDraw = True
24.7225 	EXP 	polygonColour: autoDraw = False
24.7225 	EXP 	polygonWhite: autoDraw = False
24.7225 	EXP 	imageObject: autoDraw = False
24.7225 	EXP 	polygonType: autoDraw = False
24.7225 	EXP 	textInput: autoDraw = False
24.7225 	EXP 	textBlankLoop: autoDraw = True
25.2164 	EXP 	New trial (rep=0, index=2): {'image': 'REPSWITCH1/PICTURE_19.png', 'correctAns': 'pavo', 'respModal': 'speak', 'frameColor': 'gold', 'repSwitch': 'nontarget', 'sequence': 2, 'target': 'NT', 'set': 1, 'block': 4, 'list': 4, 'exp_version': 1, 'stimulus': 'Stim5_Set1', 'baseline': 1, 'baseline_condition': 'repeat', 'trial_no': 3, 'psychopy_trial': 2, 'Column1': 3}
25.2225 	EXP 	textBlankLoop: autoDraw = False
25.2225 	EXP 	textboxPause: autoDraw = False
25.2225 	EXP 	fixationITI: autoDraw = True
26.3063 	EXP 	fixationITI: autoDraw = False
26.3063 	EXP 	fixationITI: autoDraw = False
26.3063 	EXP 	polygonColour: fillColor = <psychopy.colors.Color: gold, alpha=1.0>
26.3063 	EXP 	polygonColour: borderColor = <psychopy.colors.Color: gold, alpha=1.0>
26.3063 	EXP 	imageObject: image = 'REPSWITCH1/PICTURE_19.png'
26.3063 	EXP 	polygonColour: autoDraw = True
26.3063 	EXP 	polygonWhite: autoDraw = True
26.3063 	EXP 	imageObject: autoDraw = True
26.3063 	EXP 	polygonType: autoDraw = True
26.3063 	EXP 	textInput: autoDraw = True
29.3335 	EXP 	polygonColour: autoDraw = False
29.3335 	EXP 	polygonWhite: autoDraw = False
29.3335 	EXP 	imageObject: autoDraw = False
29.3335 	EXP 	polygonType: autoDraw = False
29.3335 	EXP 	textInput: autoDraw = False
29.3335 	EXP 	polygonColour: autoDraw = False
29.3335 	EXP 	polygonWhite: autoDraw = False
29.3335 	EXP 	imageObject: autoDraw = False
29.3335 	EXP 	polygonType: autoDraw = False
29.3335 	EXP 	textInput: autoDraw = False
29.3335 	EXP 	textBlankLoop: autoDraw = True
29.8276 	EXP 	New trial (rep=0, index=3): {'image': 'REPSWITCH1/PICTURE_19.png', 'correctAns': 'pavo', 'respModal': 'speak', 'frameColor': 'gold', 'repSwitch': 'repeat', 'sequence': 2, 'target': 'T', 'set': 1, 'block': 4, 'list': 4, 'exp_version': 1, 'stimulus': 'Stim5_Set1', 'baseline': 0, 'baseline_condition': None, 'trial_no': 4, 'psychopy_trial': 3, 'Column1': 4}
29.8337 	EXP 	textBlankLoop: autoDraw = False
29.8337 	EXP 	textBlankLoop: autoDraw = False
29.8337 	EXP 	textboxPause: autoDraw = False
29.8337 	EXP 	fixationITI: autoDraw = True
30.9180 	EXP 	fixationITI: autoDraw = False
30.9180 	EXP 	fixationITI: autoDraw = False
30.9180 	EXP 	polygonColour: fillColor = <psychopy.colors.Color: gold, alpha=1.0>
30.9180 	EXP 	polygonColour: borderColor = <psychopy.colors.Color: gold, alpha=1.0>
30.9180 	EXP 	imageObject: image = 'REPSWITCH1/PICTURE_19.png'
30.9180 	EXP 	polygonColour: autoDraw = True
30.9180 	EXP 	polygonWhite: autoDraw = True
30.9180 	EXP 	imageObject: autoDraw = True
30.9180 	EXP 	polygonType: autoDraw = True
30.9180 	EXP 	textInput: autoDraw = True
33.9391 	EXP 	polygonColour: autoDraw = False
33.9391 	EXP 	polygonWhite: autoDraw = False
33.9391 	EXP 	imageObject: autoDraw = False
33.9391 	EXP 	polygonType: autoDraw = False
33.9391 	EXP 	textInput: autoDraw = False
33.9391 	EXP 	textBlankLoop: autoDraw = True
34.4329 	EXP 	New trial (rep=0, index=4): {'image': 'REPSWITCH1/PICTURE_319.png', 'correctAns': 'vaca', 'respModal': 'type', 'frameColor': 'darkblue', 'repSwitch': 'filler', 'sequence': 1, 'target': 'F', 'set': 1, 'block': 4, 'list': 4, 'exp_version': 1, 'stimulus': 'Stim1_Set4', 'baseline': 1, 'baseline_condition': 'repeat', 'trial_no': 5, 'psychopy_trial': 4, 'Column1': 5}
34.4392 	EXP 	textBlankLoop: autoDraw = False
34.4392 	EXP 	textboxPause: autoDraw = False
34.4392 	EXP 	fixationITI: autoDraw = True
35.5506 	EXP 	fixationITI: autoDraw = False
35.5506 	EXP 	fixationITI: autoDraw = False
35.5506 	EXP 	polygonColour: fillColor = <psychopy.colors.Color: darkblue, alpha=1.0>
35.5506 	EXP 	polygonColour: borderColor = <psychopy.colors.Color: darkblue, alpha=1.0>
35.5506 	EXP 	imageObject: image = 'REPSWITCH1/PICTURE_319.png'
35.5506 	EXP 	polygonColour: autoDraw = True
35.5506 	EXP 	polygonWhite: autoDraw = True
35.5506 	EXP 	imageObject: autoDraw = True
35.5506 	EXP 	polygonType: autoDraw = True
35.5506 	EXP 	textInput: autoDraw = True
36.5505 	DATA 	Keypress: v
36.6339 	DATA 	Keypress: a
36.7658 	DATA 	Keypress: c
36.8423 	DATA 	Keypress: a
38.5715 	EXP 	polygonColour: autoDraw = False
38.5715 	EXP 	polygonWhite: autoDraw = False
38.5715 	EXP 	imageObject: autoDraw = False
38.5715 	EXP 	polygonType: autoDraw = False
38.5715 	EXP 	textInput: autoDraw = False
38.5715 	EXP 	textBlankLoop: autoDraw = True
39.0657 	EXP 	New trial (rep=0, index=5): {'image': 'REPSWITCH1/PICTURE_169.png', 'correctAns': 'espalda', 'respModal': 'speak', 'frameColor': 'gold', 'repSwitch': 'nontarget', 'sequence': 2, 'target': 'NT', 'set': 1, 'block': 4, 'list': 4, 'exp_version': 1, 'stimulus': 'Stim8_Set1', 'baseline': 1, 'baseline_condition': 'switch', 'trial_no': 6, 'psychopy_trial': 5, 'Column1': 6}
39.0718 	EXP 	textBlankLoop: autoDraw = False
39.0718 	EXP 	textboxPause: autoDraw = False
39.0718 	EXP 	fixationITI: autoDraw = True
40.2247 	EXP 	fixationITI: autoDraw = False
40.2247 	EXP 	fixationITI: autoDraw = False
40.2247 	EXP 	polygonColour: fillColor = <psychopy.colors.Color: gold, alpha=1.0>
40.2247 	EXP 	polygonColour: borderColor = <psychopy.colors.Color: gold, alpha=1.0>
40.2247 	EXP 	imageObject: image = 'REPSWITCH1/PICTURE_169.png'
40.2247 	EXP 	polygonColour: autoDraw = True
40.2247 	EXP 	polygonWhite: autoDraw = True
40.2247 	EXP 	imageObject: autoDraw = True
40.2247 	EXP 	polygonType: autoDraw = True
40.2247 	EXP 	textInput: autoDraw = True
43.2598 	EXP 	polygonColour: autoDraw = False
43.2598 	EXP 	polygonWhite: autoDraw = False
43.2598 	EXP 	imageObject: autoDraw = False
43.2598 	EXP 	polygonType: autoDraw = False
43.2598 	EXP 	textInput: autoDraw = False
43.2598 	EXP 	polygonColour: autoDraw = False
43.2598 	EXP 	polygonWhite: autoDraw = False
43.2598 	EXP 	imageObject: autoDraw = False
43.2598 	EXP 	polygonType: autoDraw = False
43.2598 	EXP 	textInput: autoDraw = False
43.2598 	EXP 	textBlankLoop: autoDraw = True
43.7537 	EXP 	New trial (rep=0, index=6): {'image': 'REPSWITCH1/PICTURE_169.png', 'correctAns': 'espalda', 'respModal': 'speak', 'frameColor': 'gold', 'repSwitch': 'repeat', 'sequence': 2, 'target': 'T', 'set': 1, 'block': 4, 'list': 4, 'exp_version': 1, 'stimulus': 'Stim8_Set1', 'baseline': 0, 'baseline_condition': None, 'trial_no': 7, 'psychopy_trial': 6, 'Column1': 7}
43.7599 	EXP 	textBlankLoop: autoDraw = False
43.7599 	EXP 	textboxPause: autoDraw = False
43.7599 	EXP 	fixationITI: autoDraw = True
44.8433 	EXP 	fixationITI: autoDraw = False
44.8433 	EXP 	fixationITI: autoDraw = False
44.8433 	EXP 	polygonColour: fillColor = <psychopy.colors.Color: gold, alpha=1.0>
44.8433 	EXP 	polygonColour: borderColor = <psychopy.colors.Color: gold, alpha=1.0>
44.8433 	EXP 	imageObject: image = 'REPSWITCH1/PICTURE_169.png'
44.8433 	EXP 	polygonColour: autoDraw = True
44.8433 	EXP 	polygonWhite: autoDraw = True
44.8433 	EXP 	imageObject: autoDraw = True
44.8433 	EXP 	polygonType: autoDraw = True
44.8433 	EXP 	textInput: autoDraw = True
47.8709 	EXP 	polygonColour: autoDraw = False
47.8709 	EXP 	polygonWhite: autoDraw = False
47.8709 	EXP 	imageObject: autoDraw = False
47.8709 	EXP 	polygonType: autoDraw = False
47.8709 	EXP 	textInput: autoDraw = False
47.8709 	EXP 	polygonColour: autoDraw = False
47.8709 	EXP 	polygonWhite: autoDraw = False
47.8709 	EXP 	imageObject: autoDraw = False
47.8709 	EXP 	polygonType: autoDraw = False
47.8709 	EXP 	textInput: autoDraw = False
47.8709 	EXP 	textBlankLoop: autoDraw = True
48.3658 	EXP 	New trial (rep=0, index=7): {'image': 'REPSWITCH1/PICTURE_728.png', 'correctAns': 'pulpo', 'respModal': 'type', 'frameColor': 'darkblue', 'repSwitch': 'filler', 'sequence': 1, 'target': 'F', 'set': 1, 'block': 4, 'list': 4, 'exp_version': 1, 'stimulus': 'Stim8_Set4', 'baseline': 0, 'baseline_condition': None, 'trial_no': 8, 'psychopy_trial': 7, 'Column1': 8}
48.3716 	EXP 	textBlankLoop: autoDraw = False
48.3716 	EXP 	textBlankLoop: autoDraw = False
48.3716 	EXP 	textboxPause: autoDraw = False
48.3716 	EXP 	fixationITI: autoDraw = True
49.4343 	EXP 	fixationITI: autoDraw = False
49.4343 	EXP 	fixationITI: autoDraw = False
49.4343 	EXP 	polygonColour: fillColor = <psychopy.colors.Color: darkblue, alpha=1.0>
49.4343 	EXP 	polygonColour: borderColor = <psychopy.colors.Color: darkblue, alpha=1.0>
49.4343 	EXP 	imageObject: image = 'REPSWITCH1/PICTURE_728.png'
49.4343 	EXP 	polygonColour: autoDraw = True
49.4343 	EXP 	polygonWhite: autoDraw = True
49.4343 	EXP 	imageObject: autoDraw = True
49.4343 	EXP 	polygonType: autoDraw = True
49.4343 	EXP 	textInput: autoDraw = True
50.2675 	DATA 	Keypress: p
50.5385 	DATA 	Keypress: u
51.0802 	DATA 	Keypress: l
51.1288 	DATA 	Keypress: p
51.3373 	DATA 	Keypress: o
52.4613 	EXP 	polygonColour: autoDraw = False
52.4613 	EXP 	polygonWhite: autoDraw = False
52.4613 	EXP 	imageObject: autoDraw = False
52.4613 	EXP 	polygonType: autoDraw = False
52.4613 	EXP 	textInput: autoDraw = False
52.4613 	EXP 	polygonColour: autoDraw = False
52.4613 	EXP 	polygonWhite: autoDraw = False
52.4613 	EXP 	imageObject: autoDraw = False
52.4613 	EXP 	polygonType: autoDraw = False
52.4613 	EXP 	textInput: autoDraw = False
52.4613 	EXP 	textBlankLoop: autoDraw = True
52.9566 	EXP 	New trial (rep=0, index=8): {'image': 'REPSWITCH1/PICTURE_142.png', 'correctAns': 'vaso', 'respModal': 'speak', 'frameColor': 'gold', 'repSwitch': 'nontarget', 'sequence': 2, 'target': 'NT', 'set': 1, 'block': 4, 'list': 4, 'exp_version': 1, 'stimulus': 'Stim7_Set1', 'baseline': 1, 'baseline_condition': 'switch', 'trial_no': 9, 'psychopy_trial': 8, 'Column1': 9}
52.9623 	EXP 	textBlankLoop: autoDraw = False
52.9623 	EXP 	textBlankLoop: autoDraw = False
52.9623 	EXP 	textboxPause: autoDraw = False
52.9623 	EXP 	fixationITI: autoDraw = True
54.1293 	EXP 	fixationITI: autoDraw = False
54.1293 	EXP 	fixationITI: autoDraw = False
54.1293 	EXP 	polygonColour: fillColor = <psychopy.colors.Color: gold, alpha=1.0>
54.1293 	EXP 	polygonColour: borderColor = <psychopy.colors.Color: gold, alpha=1.0>
54.1293 	EXP 	imageObject: image = 'REPSWITCH1/PICTURE_142.png'
54.1293 	EXP 	polygonColour: autoDraw = True
54.1293 	EXP 	polygonWhite: autoDraw = True
54.1293 	EXP 	imageObject: autoDraw = True
54.1293 	EXP 	polygonType: autoDraw = True
54.1293 	EXP 	textInput: autoDraw = True
57.1563 	EXP 	polygonColour: autoDraw = False
57.1563 	EXP 	polygonWhite: autoDraw = False
57.1563 	EXP 	imageObject: autoDraw = False
57.1563 	EXP 	polygonType: autoDraw = False
57.1563 	EXP 	textInput: autoDraw = False
57.1563 	EXP 	polygonColour: autoDraw = False
57.1563 	EXP 	polygonWhite: autoDraw = False
57.1563 	EXP 	imageObject: autoDraw = False
57.1563 	EXP 	polygonType: autoDraw = False
57.1563 	EXP 	textInput: autoDraw = False
57.1563 	EXP 	textBlankLoop: autoDraw = True
57.6507 	EXP 	New trial (rep=0, index=9): {'image': 'REPSWITCH1/PICTURE_142.png', 'correctAns': 'vaso', 'respModal': 'type', 'frameColor': 'darkblue', 'repSwitch': 'switch', 'sequence': 1, 'target': 'T', 'set': 1, 'block': 4, 'list': 4, 'exp_version': 1, 'stimulus': 'Stim7_Set1', 'baseline': 0, 'baseline_condition': None, 'trial_no': 10, 'psychopy_trial': 9, 'Column1': 10}
57.6567 	EXP 	textBlankLoop: autoDraw = False
57.6567 	EXP 	textBlankLoop: autoDraw = False
57.6567 	EXP 	textboxPause: autoDraw = False
57.6567 	EXP 	fixationITI: autoDraw = True
58.8095 	EXP 	fixationITI: autoDraw = False
58.8095 	EXP 	fixationITI: autoDraw = False
58.8095 	EXP 	polygonColour: fillColor = <psychopy.colors.Color: darkblue, alpha=1.0>
58.8095 	EXP 	polygonColour: borderColor = <psychopy.colors.Color: darkblue, alpha=1.0>
58.8095 	EXP 	imageObject: image = 'REPSWITCH1/PICTURE_142.png'
58.8095 	EXP 	polygonColour: autoDraw = True
58.8095 	EXP 	polygonWhite: autoDraw = True
58.8095 	EXP 	imageObject: autoDraw = True
58.8095 	EXP 	polygonType: autoDraw = True
58.8095 	EXP 	textInput: autoDraw = True
59.5951 	DATA 	Keypress: v
59.7065 	DATA 	Keypress: a
59.9147 	DATA 	Keypress: s
60.0397 	DATA 	Keypress: o
61.8386 	EXP 	polygonColour: autoDraw = False
61.8386 	EXP 	polygonWhite: autoDraw = False
61.8386 	EXP 	imageObject: autoDraw = False
61.8386 	EXP 	polygonType: autoDraw = False
61.8386 	EXP 	textInput: autoDraw = False
61.8386 	EXP 	polygonColour: autoDraw = False
61.8386 	EXP 	polygonWhite: autoDraw = False
61.8386 	EXP 	imageObject: autoDraw = False
61.8386 	EXP 	polygonType: autoDraw = False
61.8386 	EXP 	textInput: autoDraw = False
61.8386 	EXP 	textBlankLoop: autoDraw = True
62.3325 	EXP 	New trial (rep=0, index=10): {'image': 'REPSWITCH1/PICTURE_338.png', 'correctAns': 'regalo', 'respModal': 'type', 'frameColor': 'darkblue', 'repSwitch': 'filler', 'sequence': 1, 'target': 'F', 'set': 1, 'block': 4, 'list': 4, 'exp_version': 1, 'stimulus': 'Stim6_Set4', 'baseline': 1, 'baseline_condition': 'repeat', 'trial_no': 11, 'psychopy_trial': 10, 'Column1': 11}
62.3386 	EXP 	textBlankLoop: autoDraw = False
62.3386 	EXP 	textboxPause: autoDraw = False
62.3386 	EXP 	fixationITI: autoDraw = True
63.3946 	EXP 	fixationITI: autoDraw = False
63.3946 	EXP 	fixationITI: autoDraw = False
63.3946 	EXP 	polygonColour: fillColor = <psychopy.colors.Color: darkblue, alpha=1.0>
63.3946 	EXP 	polygonColour: borderColor = <psychopy.colors.Color: darkblue, alpha=1.0>
63.3946 	EXP 	imageObject: image = 'REPSWITCH1/PICTURE_338.png'
63.3946 	EXP 	polygonColour: autoDraw = True
63.3946 	EXP 	polygonWhite: autoDraw = True
63.3946 	EXP 	imageObject: autoDraw = True
63.3946 	EXP 	polygonType: autoDraw = True
63.3946 	EXP 	textInput: autoDraw = True
64.3805 	DATA 	Keypress: e
64.7138 	DATA 	KeyPress: ¡
65.0680 	DATA 	Keypress: r
65.1166 	DATA 	Keypress: e
65.2766 	DATA 	Keypress: g
65.3876 	DATA 	Keypress: a
65.4641 	DATA 	Keypress: l
65.6243 	DATA 	Keypress: o
66.4289 	EXP 	polygonColour: autoDraw = False
66.4289 	EXP 	polygonWhite: autoDraw = False
66.4289 	EXP 	imageObject: autoDraw = False
66.4289 	EXP 	polygonType: autoDraw = False
66.4289 	EXP 	textInput: autoDraw = False
66.4289 	EXP 	polygonColour: autoDraw = False
66.4289 	EXP 	polygonWhite: autoDraw = False
66.4289 	EXP 	imageObject: autoDraw = False
66.4289 	EXP 	polygonType: autoDraw = False
66.4289 	EXP 	textInput: autoDraw = False
66.4289 	EXP 	textBlankLoop: autoDraw = True
66.9226 	EXP 	New trial (rep=0, index=11): {'image': 'REPSWITCH1/PICTURE_135.png', 'correctAns': 'traje', 'respModal': 'type', 'frameColor': 'darkblue', 'repSwitch': 'nontarget', 'sequence': 1, 'target': 'NT', 'set': 1, 'block': 4, 'list': 4, 'exp_version': 1, 'stimulus': 'Stim3_Set1', 'baseline': 1, 'baseline_condition': 'repeat', 'trial_no': 12, 'psychopy_trial': 11, 'Column1': 12}
66.9288 	EXP 	textBlankLoop: autoDraw = False
66.9288 	EXP 	textboxPause: autoDraw = False
66.9288 	EXP 	fixationITI: autoDraw = True
67.9715 	EXP 	fixationITI: autoDraw = False
67.9715 	EXP 	fixationITI: autoDraw = False
67.9715 	EXP 	polygonColour: fillColor = <psychopy.colors.Color: darkblue, alpha=1.0>
67.9715 	EXP 	polygonColour: borderColor = <psychopy.colors.Color: darkblue, alpha=1.0>
67.9715 	EXP 	imageObject: image = 'REPSWITCH1/PICTURE_135.png'
67.9715 	EXP 	polygonColour: autoDraw = True
67.9715 	EXP 	polygonWhite: autoDraw = True
67.9715 	EXP 	imageObject: autoDraw = True
67.9715 	EXP 	polygonType: autoDraw = True
67.9715 	EXP 	textInput: autoDraw = True
68.7143 	DATA 	Keypress: t
68.9713 	DATA 	Keypress: a
69.0477 	DATA 	Keypress: j
69.1935 	DATA 	Keypress: e
70.9924 	EXP 	polygonColour: autoDraw = False
70.9924 	EXP 	polygonWhite: autoDraw = False
70.9924 	EXP 	imageObject: autoDraw = False
70.9924 	EXP 	polygonType: autoDraw = False
70.9924 	EXP 	textInput: autoDraw = False
70.9924 	EXP 	textBlankLoop: autoDraw = True
71.4862 	EXP 	New trial (rep=0, index=12): {'image': 'REPSWITCH1/PICTURE_135.png', 'correctAns': 'traje', 'respModal': 'speak', 'frameColor': 'gold', 'repSwitch': 'switch', 'sequence': 2, 'target': 'T', 'set': 1, 'block': 4, 'list': 4, 'exp_version': 1, 'stimulus': 'Stim3_Set1', 'baseline': 0, 'baseline_condition': None, 'trial_no': 13, 'psychopy_trial': 12, 'Column1': 13}
71.4923 	EXP 	textBlankLoop: autoDraw = False
71.4923 	EXP 	textboxPause: autoDraw = False
71.4923 	EXP 	fixationITI: autoDraw = True
71.9308 	DATA 	Keypress: escape
72.6053 	EXP 	window1: mouseVisible = True
