8.8041 	EXP 	Created window1 = Window(allowGUI=True, allowStencil=False, autoLog=True, backendConf=UNKNOWN, bitsMode=UNKNOWN, blendMode='avg', bpc=(8, 8, 8), color=array([0, 0, 0]), colorSpace='rgb', depthBits=8, fullscr=<method-wrapper '__getattribute__' of attributeSetter object at 0x00000211113A5940>, gamma=None, gammaErrorPolicy='raise', lms=UNKNOWN, monitor=<psychopy.monitors.calibTools.Monitor object at 0x0000021113329520>, multiSample=False, name='window1', numSamples=2, pos=(192, 108), screen=0, size=array([1536,  864]), stencilBits=0, stereo=False, units='height', useFBO=True, useRetina=False, viewOri=0.0, viewPos=None, viewScale=None, waitBlanking=True, winType='pyglet')
8.8043 	EXP 	window1: mouseVisible = True
8.8044 	EXP 	window1: mouseVisible = True
8.8044 	EXP 	window1: Attempting to measure frame rate of screen (0) ...
8.8045 	EXP 	window1: recordFrameIntervals = False
8.9696 	EXP 	window1: recordFrameIntervals = True
9.1532 	EXP 	Screen (0) actual frame rate measured at 60.01Hz
9.1532 	EXP 	window1: recordFrameIntervals = False
9.1858 	WARNING 	launchHubServer: If using the iohub mouse or eyetracker devices, fullScr should be True.
11.0223 	EXP 	Created textInstr1 = TextStim(__class__=<class 'psychopy.visual.text.TextStim'>, alignHoriz=method-wrapper(...), alignText='center', alignVert=method-wrapper(...), anchorHoriz='center', anchorVert='center', antialias=True, autoDraw=False, autoLog=True, bold=False, color=array([1, 1, 1]), colorSpace='rgb', contrast=1.0, depth=0.0, flipHoriz=False, flipVert=False, font='Open Sans', fontFiles=[], height=0.04, italic=False, languageStyle='LTR', name='textInstr1', opacity=1.0, ori=0.0, pos=array([0., 0.]), rgb=UNKNOWN, text=str(...), units='height', win=Window(...), wrapWidth=1)
11.0524 	EXP 	Created textInstr2 = TextStim(__class__=<class 'psychopy.visual.text.TextStim'>, alignHoriz=method-wrapper(...), alignText='center', alignVert=method-wrapper(...), anchorHoriz='center', anchorVert='center', antialias=True, autoDraw=False, autoLog=True, bold=False, color=array([1, 1, 1]), colorSpace='rgb', contrast=1.0, depth=0.0, flipHoriz=False, flipVert=False, font='Open Sans', fontFiles=[], height=0.05, italic=False, languageStyle='LTR', name='textInstr2', opacity=1.0, ori=0.0, pos=array([0., 0.]), rgb=UNKNOWN, text=str(...), units='height', win=Window(...), wrapWidth=1)
11.0584 	EXP 	Created textInstr3 = TextStim(__class__=<class 'psychopy.visual.text.TextStim'>, alignHoriz=method-wrapper(...), alignText='center', alignVert=method-wrapper(...), anchorHoriz='center', anchorVert='center', antialias=True, autoDraw=False, autoLog=True, bold=False, color=array([1, 1, 1]), colorSpace='rgb', contrast=1.0, depth=0.0, flipHoriz=False, flipVert=False, font='Open Sans', fontFiles=[], height=0.05, italic=False, languageStyle='LTR', name='textInstr3', opacity=1.0, ori=0.0, pos=array([0., 0.]), rgb=UNKNOWN, text=str(...), units='height', win=Window(...), wrapWidth=1)
11.0723 	EXP 	Created textInstrPractice = TextStim(__class__=<class 'psychopy.visual.text.TextStim'>, alignHoriz=method-wrapper(...), alignText='center', alignVert=method-wrapper(...), anchorHoriz='center', anchorVert='center', antialias=True, autoDraw=False, autoLog=True, bold=False, color=array([1, 1, 1]), colorSpace='rgb', contrast=1.0, depth=0.0, flipHoriz=False, flipVert=False, font='Open Sans', fontFiles=[], height=0.05, italic=False, languageStyle='LTR', name='textInstrPractice', opacity=1.0, ori=0.0, pos=array([0., 0.]), rgb=UNKNOWN, text=str(...), units='height', win=Window(...), wrapWidth=1)
11.0733 	EXP 	Created textBlank500 = TextStim(__class__=<class 'psychopy.visual.text.TextStim'>, alignHoriz=method-wrapper(...), alignText='center', alignVert=method-wrapper(...), anchorHoriz='center', anchorVert='center', antialias=True, autoDraw=False, autoLog=True, bold=False, color=array([1, 1, 1]), colorSpace='rgb', contrast=1.0, depth=0.0, flipHoriz=False, flipVert=False, font='Open Sans', fontFiles=[], height=0.05, italic=False, languageStyle='LTR', name='textBlank500', opacity=1.0, ori=0.0, pos=array([0., 0.]), rgb=UNKNOWN, text='', units='height', win=Window(...), wrapWidth=1)
11.0760 	EXP 	Created fixationITI = ShapeStim(__class__=<class 'psychopy.visual.shape.ShapeStim'>, anchor=('center', 'center'), autoDraw=False, autoLog=True, closeShape=True, color=method-wrapper(...), colorSpace='rgb', contrast=None, depth=0.0, fillColor=array([1, 1, 1]), fillColorSpace='rgb', fillRGB=array([1, 1, 1]), interpolate=True, lineColor=array([1, 1, 1]), lineColorSpace='rgb', lineRGB=array([1, 1, 1]), lineWidth=1.0, name='fixationITI', opacity=1.0, ori=0.0, pos=array([0., 0.]), size=array([0.1, 0.1]), units='height', vertices=ndarray(...), win=Window(...), windingRule=None)
11.0772 	EXP 	Created polygonCol = Rect(__class__=<class 'psychopy.visual.rect.Rect'>, anchor=('center', 'center'), autoDraw=False, autoLog=True, closeShape=True, color=method-wrapper(...), colorSpace='rgb', contrast=None, depth=0.0, fillColor=array([1, 1, 1]), fillColorSpace='rgb', fillRGB=array([1, 1, 1]), interpolate=True, lineColor=array([1, 1, 1]), lineColorSpace='rgb', lineRGB=array([1, 1, 1]), lineWidth=1.0, name='polygonCol', opacity=1.0, ori=0.0, pos=array([0., 0.]), size=array([0.55, 0.55]), units='height', vertices=ndarray(...), win=Window(...))
11.0785 	EXP 	Created polygonWh = Rect(__class__=<class 'psychopy.visual.rect.Rect'>, anchor=('center', 'center'), autoDraw=False, autoLog=True, closeShape=True, color=method-wrapper(...), colorSpace='rgb', contrast=None, depth=-1.0, fillColor=array([1, 1, 1]), fillColorSpace='rgb', fillRGB=array([1, 1, 1]), interpolate=True, lineColor=array([1, 1, 1]), lineColorSpace='rgb', lineRGB=array([1, 1, 1]), lineWidth=1.0, name='polygonWh', opacity=1.0, ori=0.0, pos=array([0., 0.]), size=array([0.5, 0.5]), units='height', vertices=ndarray(...), win=Window(...))
11.0792 	EXP 	Created textCue = TextStim(__class__=<class 'psychopy.visual.text.TextStim'>, alignHoriz=method-wrapper(...), alignText='center', alignVert=method-wrapper(...), anchorHoriz='center', anchorVert='center', antialias=True, autoDraw=False, autoLog=True, bold=False, color=array([1, 1, 1]), colorSpace='rgb', contrast=1.0, depth=-2.0, flipHoriz=False, flipVert=False, font='Open Sans', fontFiles=[], height=0.05, italic=False, languageStyle='LTR', name='textCue', opacity=1.0, ori=0.0, pos=array([0.  , 0.35]), rgb=UNKNOWN, text='', units='height', win=Window(...), wrapWidth=1)
11.0886 	EXP 	Created imagePractice = ImageStim(__class__=<class 'psychopy.visual.image.ImageStim'>, anchor=('center', 'center'), autoLog=True, color=array([1, 1, 1]), colorSpace='rgb', contrast=1.0, depth=-3.0, flipHoriz=False, flipVert=False, image='sin', interpolate=True, mask=None, maskParams=None, name='imagePractice', opacity=1.0, ori=0.0, pos=array([0., 0.]), size=array([0.5, 0.5]), texRes=128.0, units='height', win=Window(...))
11.0896 	EXP 	Created polygonText = Rect(__class__=<class 'psychopy.visual.rect.Rect'>, anchor=('center', 'center'), autoDraw=False, autoLog=True, closeShape=True, color=method-wrapper(...), colorSpace='rgb', contrast=None, depth=-4.0, fillColor=array([0.9216, 0.9216, 0.9216]), fillColorSpace='rgb', fillRGB=array([0.9216, 0.9216, 0.9216]), interpolate=True, lineColor=array([0.9216, 0.9216, 0.9216]), lineColorSpace='rgb', lineRGB=array([0.9216, 0.9216, 0.9216]), lineWidth=1.0, name='polygonText', opacity=1.0, ori=0.0, pos=array([0., 0.]), size=array([0.2, 0.1]), units='height', vertices=ndarray(...), win=Window(...))
11.0901 	EXP 	Created textPractice = TextStim(__class__=<class 'psychopy.visual.text.TextStim'>, alignHoriz=method-wrapper(...), alignText='center', alignVert=method-wrapper(...), anchorHoriz='center', anchorVert='center', antialias=True, autoDraw=False, autoLog=True, bold=False, color=array([-1., -1., -1.]), colorSpace='rgb', contrast=1.0, depth=-5.0, flipHoriz=False, flipVert=False, font='Open Sans', fontFiles=[], height=0.05, italic=False, languageStyle='LTR', name='textPractice', opacity=1.0, ori=0.0, pos=array([0., 0.]), rgb=UNKNOWN, text='', units='height', win=Window(...), wrapWidth=1)
12.4518 	EXP 	Created textBlank500 = TextStim(__class__=<class 'psychopy.visual.text.TextStim'>, alignHoriz=method-wrapper(...), alignText='center', alignVert=method-wrapper(...), anchorHoriz='center', anchorVert='center', antialias=True, autoDraw=False, autoLog=True, bold=False, color=array([1, 1, 1]), colorSpace='rgb', contrast=1.0, depth=0.0, flipHoriz=False, flipVert=False, font='Open Sans', fontFiles=[], height=0.05, italic=False, languageStyle='LTR', name='textBlank500', opacity=1.0, ori=0.0, pos=array([0., 0.]), rgb=UNKNOWN, text='', units='height', win=Window(...), wrapWidth=1)
12.4534 	EXP 	Created textBlank500 = TextStim(__class__=<class 'psychopy.visual.text.TextStim'>, alignHoriz=method-wrapper(...), alignText='center', alignVert=method-wrapper(...), anchorHoriz='center', anchorVert='center', antialias=True, autoDraw=False, autoLog=True, bold=False, color=array([1, 1, 1]), colorSpace='rgb', contrast=1.0, depth=0.0, flipHoriz=False, flipVert=False, font='Open Sans', fontFiles=[], height=0.05, italic=False, languageStyle='LTR', name='textBlank500', opacity=1.0, ori=0.0, pos=array([0., 0.]), rgb=UNKNOWN, text='', units='height', win=Window(...), wrapWidth=1)
12.4612 	EXP 	Created textEndPractice = TextStim(__class__=<class 'psychopy.visual.text.TextStim'>, alignHoriz=method-wrapper(...), alignText='center', alignVert=method-wrapper(...), anchorHoriz='center', anchorVert='center', antialias=True, autoDraw=False, autoLog=True, bold=False, color=array([1, 1, 1]), colorSpace='rgb', contrast=1.0, depth=0.0, flipHoriz=False, flipVert=False, font='Open Sans', fontFiles=[], height=0.05, italic=False, languageStyle='LTR', name='textEndPractice', opacity=1.0, ori=0.0, pos=array([0., 0.]), rgb=UNKNOWN, text='Great! \n\n\nPress SPACE to continue.', units='height', win=Window(...), wrapWidth=1)
12.4711 	EXP 	textInstr1: autoDraw = True
13.3568 	DATA 	Keypress: space
13.3685 	EXP 	textInstr1: autoDraw = False
13.3685 	EXP 	textInstr2: autoDraw = True
14.9371 	DATA 	Keypress: space
14.9514 	EXP 	textInstr2: autoDraw = False
14.9514 	EXP 	textInstr3: autoDraw = True
15.5197 	DATA 	Keypress: space
15.5349 	EXP 	textInstr3: autoDraw = False
15.5349 	EXP 	textInstrPractice: autoDraw = True
16.0868 	DATA 	Keypress: space
16.1006 	EXP 	textInstrPractice: autoDraw = False
16.1006 	EXP 	textBlank500: autoDraw = True
16.6000 	EXP 	Imported repswitch_practice.xlsx as conditions, 12 conditions, 4 params
16.6005 	EXP 	Created sequence: sequential, trialTypes=12, nReps=1, seed=None
16.6008 	EXP 	New trial (rep=0, index=0): {'image': 'REPSWITCH1_Practice/PICTURE_612.png', 'correctAns': 'rana', 'respModal': 'TYPE', 'frameColor': 'indigo'}
16.6162 	EXP 	textBlank500: autoDraw = False
16.6162 	EXP 	textBlank500: autoDraw = False
16.6162 	EXP 	fixationITI: autoDraw = True
17.9167 	EXP 	fixationITI: autoDraw = False
17.9167 	EXP 	fixationITI: autoDraw = False
17.9167 	EXP 	polygonCol: fillColor = <psychopy.colors.Color: indigo, alpha=1.0>
17.9167 	EXP 	polygonCol: borderColor = <psychopy.colors.Color: indigo, alpha=1.0>
17.9167 	EXP 	textCue: foreColor = <psychopy.colors.Color: indigo, alpha=1.0>
17.9167 	EXP 	imagePractice: image = 'REPSWITCH1_Practice/PICTURE_612.png'
17.9167 	EXP 	polygonCol: autoDraw = True
17.9167 	EXP 	polygonWh: autoDraw = True
17.9167 	EXP 	textCue: autoDraw = True
17.9167 	EXP 	imagePractice: autoDraw = True
17.9167 	EXP 	polygonText: autoDraw = True
17.9167 	EXP 	textPractice: autoDraw = True
17.9167 	EXP 	textPractice: height = 0.05
17.9167 	EXP 	textPractice: height = 0.05
17.9167 	EXP 	textPractice: height = 0.05
17.9167 	EXP 	textPractice: text = ''
18.8701 	DATA 	Keypress: r
18.9535 	DATA 	Keypress: a
19.1389 	DATA 	Keypress: n
19.2401 	DATA 	Keypress: a
20.8981 	EXP 	polygonCol: autoDraw = False
20.8981 	EXP 	polygonWh: autoDraw = False
20.8981 	EXP 	textCue: autoDraw = False
20.8981 	EXP 	imagePractice: autoDraw = False
20.8981 	EXP 	polygonText: autoDraw = False
20.8981 	EXP 	textPractice: autoDraw = False
20.8981 	EXP 	textBlank500: autoDraw = True
21.3663 	EXP 	New trial (rep=0, index=1): {'image': 'REPSWITCH1_Practice/PICTURE_599.png', 'correctAns': 'nube', 'respModal': 'SPEAK', 'frameColor': 'yellow'}
21.3830 	EXP 	textBlank500: autoDraw = False
21.3830 	EXP 	fixationITI: autoDraw = True
22.4172 	EXP 	fixationITI: autoDraw = False
22.4172 	EXP 	fixationITI: autoDraw = False
22.4172 	EXP 	polygonCol: fillColor = <psychopy.colors.Color: yellow, alpha=1.0>
22.4172 	EXP 	polygonCol: borderColor = <psychopy.colors.Color: yellow, alpha=1.0>
22.4172 	EXP 	textCue: foreColor = <psychopy.colors.Color: yellow, alpha=1.0>
22.4172 	EXP 	imagePractice: image = 'REPSWITCH1_Practice/PICTURE_599.png'
22.4172 	EXP 	polygonCol: autoDraw = True
22.4172 	EXP 	polygonWh: autoDraw = True
22.4172 	EXP 	textCue: autoDraw = True
22.4172 	EXP 	imagePractice: autoDraw = True
22.4172 	EXP 	polygonText: autoDraw = True
22.4172 	EXP 	textPractice: autoDraw = True
25.4513 	EXP 	window1: mouseVisible = True
