9.5788 	EXP 	Created window1 = Window(allowGUI=True, allowStencil=False, autoLog=True, backendConf=UNKNOWN, bitsMode=UNKNOWN, blendMode='avg', bpc=(8, 8, 8), color=array([0, 0, 0]), colorSpace='rgb', depthBits=8, fullscr=<method-wrapper '__getattribute__' of attributeSetter object at 0x0000023CD1202940>, gamma=None, gammaErrorPolicy='raise', lms=UNKNOWN, monitor=<psychopy.monitors.calibTools.Monitor object at 0x0000023CD3187550>, multiSample=False, name='window1', numSamples=2, pos=(192, 108), screen=0, size=array([1536,  864]), stencilBits=0, stereo=False, units='height', useFBO=True, useRetina=False, viewOri=0.0, viewPos=None, viewScale=None, waitBlanking=True, winType='pyglet')
9.5790 	EXP 	window1: mouseVisible = True
9.5790 	EXP 	window1: mouseVisible = True
9.5791 	EXP 	window1: Attempting to measure frame rate of screen (0) ...
9.5791 	EXP 	window1: recordFrameIntervals = False
9.7448 	EXP 	window1: recordFrameIntervals = True
9.9285 	EXP 	Screen (0) actual frame rate measured at 59.99Hz
9.9286 	EXP 	window1: recordFrameIntervals = False
9.9609 	WARNING 	launchHubServer: If using the iohub mouse or eyetracker devices, fullScr should be True.
11.6835 	EXP 	Created textInstrPractice_2 = TextStim(__class__=<class 'psychopy.visual.text.TextStim'>, alignHoriz=method-wrapper(...), alignText='center', alignVert=method-wrapper(...), anchorHoriz='center', anchorVert='center', antialias=True, autoDraw=False, autoLog=True, bold=False, color=array([1, 1, 1]), colorSpace='rgb', contrast=1.0, depth=0.0, flipHoriz=False, flipVert=False, font='Open Sans', fontFiles=[], height=0.04, italic=False, languageStyle='LTR', name='textInstrPractice_2', opacity=1.0, ori=0.0, pos=array([0., 0.]), rgb=UNKNOWN, text=str(...), units='height', win=Window(...), wrapWidth=1)
11.6853 	EXP 	Created textBlank500 = TextStim(__class__=<class 'psychopy.visual.text.TextStim'>, alignHoriz=method-wrapper(...), alignText='center', alignVert=method-wrapper(...), anchorHoriz='center', anchorVert='center', antialias=True, autoDraw=False, autoLog=True, bold=False, color=array([1, 1, 1]), colorSpace='rgb', contrast=1.0, depth=0.0, flipHoriz=False, flipVert=False, font='Open Sans', fontFiles=[], height=0.05, italic=False, languageStyle='LTR', name='textBlank500', opacity=1.0, ori=0.0, pos=array([0., 0.]), rgb=UNKNOWN, text='', units='height', win=Window(...), wrapWidth=1)
11.6878 	EXP 	Created fixationITI = ShapeStim(__class__=<class 'psychopy.visual.shape.ShapeStim'>, anchor=('center', 'center'), autoDraw=False, autoLog=True, closeShape=True, color=method-wrapper(...), colorSpace='rgb', contrast=None, depth=0.0, fillColor=array([1, 1, 1]), fillColorSpace='rgb', fillRGB=array([1, 1, 1]), interpolate=True, lineColor=array([1, 1, 1]), lineColorSpace='rgb', lineRGB=array([1, 1, 1]), lineWidth=1.0, name='fixationITI', opacity=1.0, ori=0.0, pos=array([0., 0.]), size=array([0.1, 0.1]), units='height', vertices=ndarray(...), win=Window(...), windingRule=None)
11.6891 	EXP 	Created polygonCol_2 = Rect(__class__=<class 'psychopy.visual.rect.Rect'>, anchor=('center', 'center'), autoDraw=False, autoLog=True, closeShape=True, color=method-wrapper(...), colorSpace='rgb', contrast=None, depth=0.0, fillColor=array([1, 1, 1]), fillColorSpace='rgb', fillRGB=array([1, 1, 1]), interpolate=True, lineColor=array([1, 1, 1]), lineColorSpace='rgb', lineRGB=array([1, 1, 1]), lineWidth=1.0, name='polygonCol_2', opacity=1.0, ori=0.0, pos=array([0., 0.]), size=array([0.55, 0.55]), units='height', vertices=ndarray(...), win=Window(...))
11.6902 	EXP 	Created polygonWh_2 = Rect(__class__=<class 'psychopy.visual.rect.Rect'>, anchor=('center', 'center'), autoDraw=False, autoLog=True, closeShape=True, color=method-wrapper(...), colorSpace='rgb', contrast=None, depth=-1.0, fillColor=array([1, 1, 1]), fillColorSpace='rgb', fillRGB=array([1, 1, 1]), interpolate=True, lineColor=array([1, 1, 1]), lineColorSpace='rgb', lineRGB=array([1, 1, 1]), lineWidth=1.0, name='polygonWh_2', opacity=1.0, ori=0.0, pos=array([0., 0.]), size=array([0.5, 0.5]), units='height', vertices=ndarray(...), win=Window(...))
11.6994 	EXP 	Created imagePractice_2 = ImageStim(__class__=<class 'psychopy.visual.image.ImageStim'>, anchor=('center', 'center'), autoLog=True, color=array([1, 1, 1]), colorSpace='rgb', contrast=1.0, depth=-2.0, flipHoriz=False, flipVert=False, image='sin', interpolate=True, mask=None, maskParams=None, name='imagePractice_2', opacity=1.0, ori=0.0, pos=array([0., 0.]), size=array([0.5, 0.5]), texRes=128.0, units='height', win=Window(...))
11.7005 	EXP 	Created polygonText_2 = Rect(__class__=<class 'psychopy.visual.rect.Rect'>, anchor=('center', 'center'), autoDraw=False, autoLog=True, closeShape=True, color=method-wrapper(...), colorSpace='rgb', contrast=None, depth=-3.0, fillColor=array([0.9216, 0.9216, 0.9216]), fillColorSpace='rgb', fillRGB=array([0.9216, 0.9216, 0.9216]), interpolate=True, lineColor=array([0.9216, 0.9216, 0.9216]), lineColorSpace='rgb', lineRGB=array([0.9216, 0.9216, 0.9216]), lineWidth=1.0, name='polygonText_2', opacity=1.0, ori=0.0, pos=array([0., 0.]), size=array([0.2, 0.1]), units='height', vertices=ndarray(...), win=Window(...))
11.7010 	EXP 	Created textPractice_2 = TextStim(__class__=<class 'psychopy.visual.text.TextStim'>, alignHoriz=method-wrapper(...), alignText='center', alignVert=method-wrapper(...), anchorHoriz='center', anchorVert='center', antialias=True, autoDraw=False, autoLog=True, bold=False, color=array([-1., -1., -1.]), colorSpace='rgb', contrast=1.0, depth=-4.0, flipHoriz=False, flipVert=False, font='Open Sans', fontFiles=[], height=0.05, italic=False, languageStyle='LTR', name='textPractice_2', opacity=1.0, ori=0.0, pos=array([0., 0.]), rgb=UNKNOWN, text='', units='height', win=Window(...), wrapWidth=1)
11.7842 	EXP 	Created textBlank500 = TextStim(__class__=<class 'psychopy.visual.text.TextStim'>, alignHoriz=method-wrapper(...), alignText='center', alignVert=method-wrapper(...), anchorHoriz='center', anchorVert='center', antialias=True, autoDraw=False, autoLog=True, bold=False, color=array([1, 1, 1]), colorSpace='rgb', contrast=1.0, depth=0.0, flipHoriz=False, flipVert=False, font='Open Sans', fontFiles=[], height=0.05, italic=False, languageStyle='LTR', name='textBlank500', opacity=1.0, ori=0.0, pos=array([0., 0.]), rgb=UNKNOWN, text='', units='height', win=Window(...), wrapWidth=1)
11.7852 	EXP 	Created textBlank500 = TextStim(__class__=<class 'psychopy.visual.text.TextStim'>, alignHoriz=method-wrapper(...), alignText='center', alignVert=method-wrapper(...), anchorHoriz='center', anchorVert='center', antialias=True, autoDraw=False, autoLog=True, bold=False, color=array([1, 1, 1]), colorSpace='rgb', contrast=1.0, depth=0.0, flipHoriz=False, flipVert=False, font='Open Sans', fontFiles=[], height=0.05, italic=False, languageStyle='LTR', name='textBlank500', opacity=1.0, ori=0.0, pos=array([0., 0.]), rgb=UNKNOWN, text='', units='height', win=Window(...), wrapWidth=1)
11.8000 	EXP 	Created textEndPractice_2 = TextStim(__class__=<class 'psychopy.visual.text.TextStim'>, alignHoriz=method-wrapper(...), alignText='center', alignVert=method-wrapper(...), anchorHoriz='center', anchorVert='center', antialias=True, autoDraw=False, autoLog=True, bold=False, color=array([1, 1, 1]), colorSpace='rgb', contrast=1.0, depth=0.0, flipHoriz=False, flipVert=False, font='Open Sans', fontFiles=[], height=0.05, italic=False, languageStyle='LTR', name='textEndPractice_2', opacity=1.0, ori=0.0, pos=array([0., 0.]), rgb=UNKNOWN, text='Great! \n\n\nPress SPACE to continue.', units='height', win=Window(...), wrapWidth=1)
11.8124 	EXP 	textInstrPractice_2: autoDraw = True
12.5962 	DATA 	Keypress: space
12.6105 	EXP 	textInstrPractice_2: autoDraw = False
12.6105 	EXP 	textBlank500: autoDraw = True
13.1019 	EXP 	Imported repswitch_practice_2.xlsx as conditions, 12 conditions, 4 params
13.1024 	EXP 	Created sequence: sequential, trialTypes=12, nReps=1, seed=None
13.1026 	EXP 	New trial (rep=0, index=0): {'image': 'REPSWITCH1_Practice/PICTURE_12.png', 'correctAns': 'sirena', 'respModal': 'SPEAK', 'frameColor': 'yellow'}
13.1101 	EXP 	textBlank500: autoDraw = False
13.1101 	EXP 	textBlank500: autoDraw = False
13.1101 	EXP 	fixationITI: autoDraw = True
14.4763 	EXP 	fixationITI: autoDraw = False
14.4763 	EXP 	fixationITI: autoDraw = False
14.4763 	EXP 	polygonCol_2: fillColor = <psychopy.colors.Color: yellow, alpha=1.0>
14.4763 	EXP 	polygonCol_2: borderColor = <psychopy.colors.Color: yellow, alpha=1.0>
14.4763 	EXP 	imagePractice_2: image = 'REPSWITCH1_Practice/PICTURE_12.png'
14.4763 	EXP 	polygonCol_2: autoDraw = True
14.4763 	EXP 	polygonWh_2: autoDraw = True
14.4763 	EXP 	imagePractice_2: autoDraw = True
14.4763 	EXP 	polygonText_2: autoDraw = True
14.4763 	EXP 	textPractice_2: autoDraw = True
14.4763 	EXP 	textPractice_2: height = 0.05
14.4763 	EXP 	textPractice_2: height = 0.05
14.4763 	EXP 	textPractice_2: height = 0.05
14.4763 	EXP 	textPractice_2: text = ''
17.4579 	EXP 	polygonCol_2: autoDraw = False
17.4579 	EXP 	polygonWh_2: autoDraw = False
17.4579 	EXP 	imagePractice_2: autoDraw = False
17.4579 	EXP 	polygonText_2: autoDraw = False
17.4579 	EXP 	textPractice_2: autoDraw = False
17.4579 	EXP 	textBlank500: autoDraw = True
17.9261 	EXP 	New trial (rep=0, index=1): {'image': 'REPSWITCH1_Practice/PICTURE_12.png', 'correctAns': 'sirena', 'respModal': 'TYPE', 'frameColor': 'indigo'}
17.9425 	EXP 	textBlank500: autoDraw = False
17.9425 	EXP 	fixationITI: autoDraw = True
19.0267 	EXP 	fixationITI: autoDraw = False
19.0267 	EXP 	fixationITI: autoDraw = False
19.0267 	EXP 	polygonCol_2: fillColor = <psychopy.colors.Color: indigo, alpha=1.0>
19.0267 	EXP 	polygonCol_2: borderColor = <psychopy.colors.Color: indigo, alpha=1.0>
19.0267 	EXP 	imagePractice_2: image = 'REPSWITCH1_Practice/PICTURE_12.png'
19.0267 	EXP 	polygonCol_2: autoDraw = True
19.0267 	EXP 	polygonWh_2: autoDraw = True
19.0267 	EXP 	imagePractice_2: autoDraw = True
19.0267 	EXP 	polygonText_2: autoDraw = True
19.0267 	EXP 	textPractice_2: autoDraw = True
19.4614 	DATA 	Keypress: s
19.5953 	DATA 	Keypress: i
19.6952 	DATA 	Keypress: r
19.7785 	DATA 	Keypress: e
19.9785 	DATA 	Keypress: a
20.3284 	DATA 	Keypress: backspace
20.5614 	DATA 	Keypress: n
20.6287 	DATA 	Keypress: a
22.0701 	EXP 	window1: mouseVisible = True
