17.9030 	EXP 	Created window1 = Window(allowGUI=True, allowStencil=False, autoLog=True, backendConf=UNKNOWN, bitsMode=UNKNOWN, blendMode='avg', bpc=(8, 8, 8), color=array([0, 0, 0]), colorSpace='rgb', depthBits=8, fullscr=<method-wrapper '__getattribute__' of attributeSetter object at 0x00000203933A2850>, gamma=None, gammaErrorPolicy='raise', lms=UNKNOWN, monitor=<psychopy.monitors.calibTools.Monitor object at 0x0000020395327400>, multiSample=False, name='window1', numSamples=2, pos=(192, 108), screen=0, size=array([1536,  864]), stencilBits=0, stereo=False, units='height', useFBO=True, useRetina=False, viewOri=0.0, viewPos=None, viewScale=None, waitBlanking=True, winType='pyglet')
17.9033 	EXP 	window1: mouseVisible = True
17.9034 	EXP 	window1: mouseVisible = True
17.9034 	EXP 	window1: Attempting to measure frame rate of screen (0) ...
17.9035 	EXP 	window1: recordFrameIntervals = False
18.0671 	EXP 	window1: recordFrameIntervals = True
18.2512 	EXP 	Screen (0) actual frame rate measured at 59.86Hz
18.2514 	EXP 	window1: recordFrameIntervals = False
18.4287 	WARNING 	launchHubServer: If using the iohub mouse or eyetracker devices, fullScr should be True.
20.9237 	EXP 	Created textInstrPractice_2 = TextStim(__class__=<class 'psychopy.visual.text.TextStim'>, alignHoriz=method-wrapper(...), alignText='center', alignVert=method-wrapper(...), anchorHoriz='center', anchorVert='center', antialias=True, autoDraw=False, autoLog=True, bold=False, color=array([1, 1, 1]), colorSpace='rgb', contrast=1.0, depth=0.0, flipHoriz=False, flipVert=False, font='Open Sans', fontFiles=[], height=0.04, italic=False, languageStyle='LTR', name='textInstrPractice_2', opacity=1.0, ori=0.0, pos=array([0., 0.]), rgb=UNKNOWN, text=str(...), units='height', win=Window(...), wrapWidth=1)
20.9255 	EXP 	Created textBlank500 = TextStim(__class__=<class 'psychopy.visual.text.TextStim'>, alignHoriz=method-wrapper(...), alignText='center', alignVert=method-wrapper(...), anchorHoriz='center', anchorVert='center', antialias=True, autoDraw=False, autoLog=True, bold=False, color=array([1, 1, 1]), colorSpace='rgb', contrast=1.0, depth=0.0, flipHoriz=False, flipVert=False, font='Open Sans', fontFiles=[], height=0.05, italic=False, languageStyle='LTR', name='textBlank500', opacity=1.0, ori=0.0, pos=array([0., 0.]), rgb=UNKNOWN, text='', units='height', win=Window(...), wrapWidth=1)
20.9315 	EXP 	Created fixationITI = ShapeStim(__class__=<class 'psychopy.visual.shape.ShapeStim'>, anchor=('center', 'center'), autoDraw=False, autoLog=True, closeShape=True, color=method-wrapper(...), colorSpace='rgb', contrast=None, depth=0.0, fillColor=array([1, 1, 1]), fillColorSpace='rgb', fillRGB=array([1, 1, 1]), interpolate=True, lineColor=array([1, 1, 1]), lineColorSpace='rgb', lineRGB=array([1, 1, 1]), lineWidth=1.0, name='fixationITI', opacity=1.0, ori=0.0, pos=array([0., 0.]), size=array([0.1, 0.1]), units='height', vertices=ndarray(...), win=Window(...), windingRule=None)
20.9328 	EXP 	Created polygonCol_2 = Rect(__class__=<class 'psychopy.visual.rect.Rect'>, anchor=('center', 'center'), autoDraw=False, autoLog=True, closeShape=True, color=method-wrapper(...), colorSpace='rgb', contrast=None, depth=0.0, fillColor=array([1, 1, 1]), fillColorSpace='rgb', fillRGB=array([1, 1, 1]), interpolate=True, lineColor=array([1, 1, 1]), lineColorSpace='rgb', lineRGB=array([1, 1, 1]), lineWidth=1.0, name='polygonCol_2', opacity=1.0, ori=0.0, pos=array([0., 0.]), size=array([0.55, 0.55]), units='height', vertices=ndarray(...), win=Window(...))
20.9339 	EXP 	Created polygonWh_2 = Rect(__class__=<class 'psychopy.visual.rect.Rect'>, anchor=('center', 'center'), autoDraw=False, autoLog=True, closeShape=True, color=method-wrapper(...), colorSpace='rgb', contrast=None, depth=-1.0, fillColor=array([1, 1, 1]), fillColorSpace='rgb', fillRGB=array([1, 1, 1]), interpolate=True, lineColor=array([1, 1, 1]), lineColorSpace='rgb', lineRGB=array([1, 1, 1]), lineWidth=1.0, name='polygonWh_2', opacity=1.0, ori=0.0, pos=array([0., 0.]), size=array([0.5, 0.5]), units='height', vertices=ndarray(...), win=Window(...))
21.0663 	EXP 	Created imagePractice_2 = ImageStim(__class__=<class 'psychopy.visual.image.ImageStim'>, anchor=('center', 'center'), autoLog=True, color=array([1, 1, 1]), colorSpace='rgb', contrast=1.0, depth=-2.0, flipHoriz=False, flipVert=False, image='sin', interpolate=True, mask=None, maskParams=None, name='imagePractice_2', opacity=1.0, ori=0.0, pos=array([0., 0.]), size=array([0.5, 0.5]), texRes=128.0, units='height', win=Window(...))
21.0678 	EXP 	Created polygonText_2 = Rect(__class__=<class 'psychopy.visual.rect.Rect'>, anchor=('center', 'center'), autoDraw=False, autoLog=True, closeShape=True, color=method-wrapper(...), colorSpace='rgb', contrast=None, depth=-3.0, fillColor=array([0.9216, 0.9216, 0.9216]), fillColorSpace='rgb', fillRGB=array([0.9216, 0.9216, 0.9216]), interpolate=True, lineColor=array([0.9216, 0.9216, 0.9216]), lineColorSpace='rgb', lineRGB=array([0.9216, 0.9216, 0.9216]), lineWidth=1.0, name='polygonText_2', opacity=1.0, ori=0.0, pos=array([0., 0.]), size=array([0.2, 0.1]), units='height', vertices=ndarray(...), win=Window(...))
21.0685 	EXP 	Created textPractice_2 = TextStim(__class__=<class 'psychopy.visual.text.TextStim'>, alignHoriz=method-wrapper(...), alignText='center', alignVert=method-wrapper(...), anchorHoriz='center', anchorVert='center', antialias=True, autoDraw=False, autoLog=True, bold=False, color=array([-1., -1., -1.]), colorSpace='rgb', contrast=1.0, depth=-4.0, flipHoriz=False, flipVert=False, font='Open Sans', fontFiles=[], height=0.05, italic=False, languageStyle='LTR', name='textPractice_2', opacity=1.0, ori=0.0, pos=array([0., 0.]), rgb=UNKNOWN, text='', units='height', win=Window(...), wrapWidth=1)
22.3375 	EXP 	Created textBlank500 = TextStim(__class__=<class 'psychopy.visual.text.TextStim'>, alignHoriz=method-wrapper(...), alignText='center', alignVert=method-wrapper(...), anchorHoriz='center', anchorVert='center', antialias=True, autoDraw=False, autoLog=True, bold=False, color=array([1, 1, 1]), colorSpace='rgb', contrast=1.0, depth=0.0, flipHoriz=False, flipVert=False, font='Open Sans', fontFiles=[], height=0.05, italic=False, languageStyle='LTR', name='textBlank500', opacity=1.0, ori=0.0, pos=array([0., 0.]), rgb=UNKNOWN, text='', units='height', win=Window(...), wrapWidth=1)
22.3410 	EXP 	Created textBlank500 = TextStim(__class__=<class 'psychopy.visual.text.TextStim'>, alignHoriz=method-wrapper(...), alignText='center', alignVert=method-wrapper(...), anchorHoriz='center', anchorVert='center', antialias=True, autoDraw=False, autoLog=True, bold=False, color=array([1, 1, 1]), colorSpace='rgb', contrast=1.0, depth=0.0, flipHoriz=False, flipVert=False, font='Open Sans', fontFiles=[], height=0.05, italic=False, languageStyle='LTR', name='textBlank500', opacity=1.0, ori=0.0, pos=array([0., 0.]), rgb=UNKNOWN, text='', units='height', win=Window(...), wrapWidth=1)
22.3622 	EXP 	Created textEndPractice_2 = TextStim(__class__=<class 'psychopy.visual.text.TextStim'>, alignHoriz=method-wrapper(...), alignText='center', alignVert=method-wrapper(...), anchorHoriz='center', anchorVert='center', antialias=True, autoDraw=False, autoLog=True, bold=False, color=array([1, 1, 1]), colorSpace='rgb', contrast=1.0, depth=0.0, flipHoriz=False, flipVert=False, font='Open Sans', fontFiles=[], height=0.05, italic=False, languageStyle='LTR', name='textEndPractice_2', opacity=1.0, ori=0.0, pos=array([0., 0.]), rgb=UNKNOWN, text='Great! \n\n\nPress SPACE to continue.', units='height', win=Window(...), wrapWidth=1)
22.3869 	EXP 	textInstrPractice_2: autoDraw = True
23.5340 	DATA 	Keypress: space
23.5485 	EXP 	textInstrPractice_2: autoDraw = False
23.5485 	EXP 	textBlank500: autoDraw = True
24.0404 	EXP 	Imported repswitch_practice_2.xlsx as conditions, 12 conditions, 4 params
24.0409 	EXP 	Created sequence: sequential, trialTypes=12, nReps=1, seed=None
24.0411 	EXP 	New trial (rep=0, index=0): {'image': 'REPSWITCH1_Practice/PICTURE_12.png', 'correctAns': 'sirena', 'respModal': 'SPEAK', 'frameColor': 'yellow'}
24.0484 	EXP 	textBlank500: autoDraw = False
24.0484 	EXP 	textBlank500: autoDraw = False
24.0484 	EXP 	fixationITI: autoDraw = True
25.4482 	EXP 	fixationITI: autoDraw = False
25.4482 	EXP 	fixationITI: autoDraw = False
25.4482 	EXP 	polygonCol_2: fillColor = <psychopy.colors.Color: yellow, alpha=1.0>
25.4482 	EXP 	polygonCol_2: borderColor = <psychopy.colors.Color: yellow, alpha=1.0>
25.4482 	EXP 	imagePractice_2: image = 'REPSWITCH1_Practice/PICTURE_12.png'
25.4482 	EXP 	polygonCol_2: autoDraw = True
25.4482 	EXP 	polygonWh_2: autoDraw = True
25.4482 	EXP 	imagePractice_2: autoDraw = True
25.4482 	EXP 	polygonText_2: autoDraw = True
25.4482 	EXP 	textPractice_2: autoDraw = True
25.4482 	EXP 	textPractice_2: height = 0.05
25.4482 	EXP 	textPractice_2: height = 0.05
25.4482 	EXP 	textPractice_2: height = 0.05
25.4482 	EXP 	textPractice_2: text = ''
28.3127 	EXP 	polygonCol_2: autoDraw = False
28.3127 	EXP 	polygonWh_2: autoDraw = False
28.3127 	EXP 	imagePractice_2: autoDraw = False
28.3127 	EXP 	polygonText_2: autoDraw = False
28.3127 	EXP 	textPractice_2: autoDraw = False
28.3127 	EXP 	textBlank500: autoDraw = True
28.7810 	EXP 	New trial (rep=0, index=1): {'image': 'REPSWITCH1_Practice/PICTURE_12.png', 'correctAns': 'sirena', 'respModal': 'TYPE', 'frameColor': 'indigo'}
28.7975 	EXP 	textBlank500: autoDraw = False
28.7975 	EXP 	fixationITI: autoDraw = True
29.8982 	EXP 	fixationITI: autoDraw = False
29.8982 	EXP 	fixationITI: autoDraw = False
29.8982 	EXP 	polygonCol_2: fillColor = <psychopy.colors.Color: indigo, alpha=1.0>
29.8982 	EXP 	polygonCol_2: borderColor = <psychopy.colors.Color: indigo, alpha=1.0>
29.8982 	EXP 	imagePractice_2: image = 'REPSWITCH1_Practice/PICTURE_12.png'
29.8982 	EXP 	polygonCol_2: autoDraw = True
29.8982 	EXP 	polygonWh_2: autoDraw = True
29.8982 	EXP 	imagePractice_2: autoDraw = True
29.8982 	EXP 	polygonText_2: autoDraw = True
29.8982 	EXP 	textPractice_2: autoDraw = True
32.9117 	EXP 	polygonCol_2: autoDraw = False
32.9117 	EXP 	polygonWh_2: autoDraw = False
32.9117 	EXP 	imagePractice_2: autoDraw = False
32.9117 	EXP 	polygonText_2: autoDraw = False
32.9117 	EXP 	textPractice_2: autoDraw = False
32.9117 	EXP 	textBlank500: autoDraw = True
33.3965 	EXP 	New trial (rep=0, index=2): {'image': 'REPSWITCH1_Practice/PICTURE_599.png', 'correctAns': 'nube', 'respModal': 'SPEAK', 'frameColor': 'yellow'}
33.4126 	EXP 	textBlank500: autoDraw = False
33.4126 	EXP 	fixationITI: autoDraw = True
34.8457 	EXP 	fixationITI: autoDraw = False
34.8457 	EXP 	fixationITI: autoDraw = False
34.8457 	EXP 	polygonCol_2: fillColor = <psychopy.colors.Color: yellow, alpha=1.0>
34.8457 	EXP 	polygonCol_2: borderColor = <psychopy.colors.Color: yellow, alpha=1.0>
34.8457 	EXP 	imagePractice_2: image = 'REPSWITCH1_Practice/PICTURE_599.png'
34.8457 	EXP 	polygonCol_2: autoDraw = True
34.8457 	EXP 	polygonWh_2: autoDraw = True
34.8457 	EXP 	imagePractice_2: autoDraw = True
34.8457 	EXP 	polygonText_2: autoDraw = True
34.8457 	EXP 	textPractice_2: autoDraw = True
35.9408 	EXP 	window1: mouseVisible = True
