13.6854 	EXP 	Created window1 = Window(allowGUI=True, allowStencil=False, autoLog=True, backendConf=UNKNOWN, bitsMode=UNKNOWN, blendMode='avg', bpc=(8, 8, 8), color=array([0, 0, 0]), colorSpace='rgb', depthBits=8, fullscr=<method-wrapper '__getattribute__' of attributeSetter object at 0x0000015360B81850>, gamma=None, gammaErrorPolicy='raise', lms=UNKNOWN, monitor=<psychopy.monitors.calibTools.Monitor object at 0x0000015361B36430>, multiSample=False, name='window1', numSamples=2, pos=(192, 108), screen=0, size=array([1536,  864]), stencilBits=0, stereo=False, units='height', useFBO=True, useRetina=False, viewOri=0.0, viewPos=None, viewScale=None, waitBlanking=True, winType='pyglet')
13.6856 	EXP 	window1: mouseVisible = True
13.6858 	EXP 	window1: mouseVisible = True
13.6858 	EXP 	window1: Attempting to measure frame rate of screen (0) ...
13.6858 	EXP 	window1: recordFrameIntervals = False
13.8511 	EXP 	window1: recordFrameIntervals = True
14.0354 	EXP 	Screen (0) actual frame rate measured at 59.62Hz
14.0355 	EXP 	window1: recordFrameIntervals = False
14.0983 	WARNING 	launchHubServer: If using the iohub mouse or eyetracker devices, fullScr should be True.
16.8241 	EXP 	Created textInstrPractice_2 = TextStim(__class__=<class 'psychopy.visual.text.TextStim'>, alignHoriz=method-wrapper(...), alignText='center', alignVert=method-wrapper(...), anchorHoriz='center', anchorVert='center', antialias=True, autoDraw=False, autoLog=True, bold=False, color=array([1, 1, 1]), colorSpace='rgb', contrast=1.0, depth=0.0, flipHoriz=False, flipVert=False, font='Open Sans', fontFiles=[], height=0.04, italic=False, languageStyle='LTR', name='textInstrPractice_2', opacity=1.0, ori=0.0, pos=array([0., 0.]), rgb=UNKNOWN, text=str(...), units='height', win=Window(...), wrapWidth=1)
16.8286 	EXP 	Created textBlank500 = TextStim(__class__=<class 'psychopy.visual.text.TextStim'>, alignHoriz=method-wrapper(...), alignText='center', alignVert=method-wrapper(...), anchorHoriz='center', anchorVert='center', antialias=True, autoDraw=False, autoLog=True, bold=False, color=array([1, 1, 1]), colorSpace='rgb', contrast=1.0, depth=0.0, flipHoriz=False, flipVert=False, font='Open Sans', fontFiles=[], height=0.05, italic=False, languageStyle='LTR', name='textBlank500', opacity=1.0, ori=0.0, pos=array([0., 0.]), rgb=UNKNOWN, text='', units='height', win=Window(...), wrapWidth=1)
16.8346 	EXP 	Created fixationITI = ShapeStim(__class__=<class 'psychopy.visual.shape.ShapeStim'>, anchor=('center', 'center'), autoDraw=False, autoLog=True, closeShape=True, color=method-wrapper(...), colorSpace='rgb', contrast=None, depth=0.0, fillColor=array([1, 1, 1]), fillColorSpace='rgb', fillRGB=array([1, 1, 1]), interpolate=True, lineColor=array([1, 1, 1]), lineColorSpace='rgb', lineRGB=array([1, 1, 1]), lineWidth=1.0, name='fixationITI', opacity=1.0, ori=0.0, pos=array([0., 0.]), size=array([0.1, 0.1]), units='height', vertices=ndarray(...), win=Window(...), windingRule=None)
16.8377 	EXP 	Created polygonCol_2 = Rect(__class__=<class 'psychopy.visual.rect.Rect'>, anchor=('center', 'center'), autoDraw=False, autoLog=True, closeShape=True, color=method-wrapper(...), colorSpace='rgb', contrast=None, depth=0.0, fillColor=array([1, 1, 1]), fillColorSpace='rgb', fillRGB=array([1, 1, 1]), interpolate=True, lineColor=array([1, 1, 1]), lineColorSpace='rgb', lineRGB=array([1, 1, 1]), lineWidth=1.0, name='polygonCol_2', opacity=1.0, ori=0.0, pos=array([0., 0.]), size=array([0.55, 0.55]), units='height', vertices=ndarray(...), win=Window(...))
16.8417 	EXP 	Created polygonWh_2 = Rect(__class__=<class 'psychopy.visual.rect.Rect'>, anchor=('center', 'center'), autoDraw=False, autoLog=True, closeShape=True, color=method-wrapper(...), colorSpace='rgb', contrast=None, depth=-1.0, fillColor=array([1, 1, 1]), fillColorSpace='rgb', fillRGB=array([1, 1, 1]), interpolate=True, lineColor=array([1, 1, 1]), lineColorSpace='rgb', lineRGB=array([1, 1, 1]), lineWidth=1.0, name='polygonWh_2', opacity=1.0, ori=0.0, pos=array([0., 0.]), size=array([0.5, 0.5]), units='height', vertices=ndarray(...), win=Window(...))
16.8650 	EXP 	Created imagePractice_2 = ImageStim(__class__=<class 'psychopy.visual.image.ImageStim'>, anchor=('center', 'center'), autoLog=True, color=array([1, 1, 1]), colorSpace='rgb', contrast=1.0, depth=-2.0, flipHoriz=False, flipVert=False, image='sin', interpolate=True, mask=None, maskParams=None, name='imagePractice_2', opacity=1.0, ori=0.0, pos=array([0., 0.]), size=array([0.5, 0.5]), texRes=128.0, units='height', win=Window(...))
16.8679 	EXP 	Created polygonText_2 = Rect(__class__=<class 'psychopy.visual.rect.Rect'>, anchor=('center', 'center'), autoDraw=False, autoLog=True, closeShape=True, color=method-wrapper(...), colorSpace='rgb', contrast=None, depth=-3.0, fillColor=array([0.9216, 0.9216, 0.9216]), fillColorSpace='rgb', fillRGB=array([0.9216, 0.9216, 0.9216]), interpolate=True, lineColor=array([0.9216, 0.9216, 0.9216]), lineColorSpace='rgb', lineRGB=array([0.9216, 0.9216, 0.9216]), lineWidth=1.0, name='polygonText_2', opacity=1.0, ori=0.0, pos=array([0., 0.]), size=array([0.2, 0.1]), units='height', vertices=ndarray(...), win=Window(...))
16.8692 	EXP 	Created textPractice_2 = TextStim(__class__=<class 'psychopy.visual.text.TextStim'>, alignHoriz=method-wrapper(...), alignText='center', alignVert=method-wrapper(...), anchorHoriz='center', anchorVert='center', antialias=True, autoDraw=False, autoLog=True, bold=False, color=array([-1., -1., -1.]), colorSpace='rgb', contrast=1.0, depth=-4.0, flipHoriz=False, flipVert=False, font='Open Sans', fontFiles=[], height=0.05, italic=False, languageStyle='LTR', name='textPractice_2', opacity=1.0, ori=0.0, pos=array([0., 0.]), rgb=UNKNOWN, text='', units='height', win=Window(...), wrapWidth=1)
18.2275 	EXP 	Created textBlank500 = TextStim(__class__=<class 'psychopy.visual.text.TextStim'>, alignHoriz=method-wrapper(...), alignText='center', alignVert=method-wrapper(...), anchorHoriz='center', anchorVert='center', antialias=True, autoDraw=False, autoLog=True, bold=False, color=array([1, 1, 1]), colorSpace='rgb', contrast=1.0, depth=0.0, flipHoriz=False, flipVert=False, font='Open Sans', fontFiles=[], height=0.05, italic=False, languageStyle='LTR', name='textBlank500', opacity=1.0, ori=0.0, pos=array([0., 0.]), rgb=UNKNOWN, text='', units='height', win=Window(...), wrapWidth=1)
18.2321 	EXP 	Created textBlank500 = TextStim(__class__=<class 'psychopy.visual.text.TextStim'>, alignHoriz=method-wrapper(...), alignText='center', alignVert=method-wrapper(...), anchorHoriz='center', anchorVert='center', antialias=True, autoDraw=False, autoLog=True, bold=False, color=array([1, 1, 1]), colorSpace='rgb', contrast=1.0, depth=0.0, flipHoriz=False, flipVert=False, font='Open Sans', fontFiles=[], height=0.05, italic=False, languageStyle='LTR', name='textBlank500', opacity=1.0, ori=0.0, pos=array([0., 0.]), rgb=UNKNOWN, text='', units='height', win=Window(...), wrapWidth=1)
18.2834 	EXP 	Created textEndPractice_2 = TextStim(__class__=<class 'psychopy.visual.text.TextStim'>, alignHoriz=method-wrapper(...), alignText='center', alignVert=method-wrapper(...), anchorHoriz='center', anchorVert='center', antialias=True, autoDraw=False, autoLog=True, bold=False, color=array([1, 1, 1]), colorSpace='rgb', contrast=1.0, depth=0.0, flipHoriz=False, flipVert=False, font='Open Sans', fontFiles=[], height=0.05, italic=False, languageStyle='LTR', name='textEndPractice_2', opacity=1.0, ori=0.0, pos=array([0., 0.]), rgb=UNKNOWN, text='Great! \n\n\nPress SPACE to continue.', units='height', win=Window(...), wrapWidth=1)
18.3138 	EXP 	textInstrPractice_2: autoDraw = True
18.7039 	DATA 	Keypress: space
18.7326 	EXP 	textInstrPractice_2: autoDraw = False
18.7326 	EXP 	textBlank500: autoDraw = True
19.2521 	EXP 	Imported repswitch_practice_2.xlsx as conditions, 12 conditions, 4 params
19.2536 	EXP 	Created sequence: sequential, trialTypes=12, nReps=1, seed=None
19.2545 	EXP 	New trial (rep=0, index=0): {'image': 'REPSWITCH1_Practice/PICTURE_12.png', 'correctAns': 'sirena', 'respModal': 'SPEAK', 'frameColor': 'yellow'}
19.2646 	EXP 	textBlank500: autoDraw = False
19.2646 	EXP 	textBlank500: autoDraw = False
19.2646 	EXP 	fixationITI: autoDraw = True
20.5654 	EXP 	fixationITI: autoDraw = False
20.5654 	EXP 	fixationITI: autoDraw = False
20.5654 	EXP 	polygonCol_2: fillColor = <psychopy.colors.Color: yellow, alpha=1.0>
20.5654 	EXP 	polygonCol_2: borderColor = <psychopy.colors.Color: yellow, alpha=1.0>
20.5654 	EXP 	imagePractice_2: image = 'REPSWITCH1_Practice/PICTURE_12.png'
20.5654 	EXP 	polygonCol_2: autoDraw = True
20.5654 	EXP 	polygonWh_2: autoDraw = True
20.5654 	EXP 	imagePractice_2: autoDraw = True
20.5654 	EXP 	polygonText_2: autoDraw = True
20.5654 	EXP 	textPractice_2: autoDraw = True
20.5654 	EXP 	textPractice_2: height = 0.05
20.5654 	EXP 	textPractice_2: height = 0.05
20.5654 	EXP 	textPractice_2: height = 0.05
20.5654 	EXP 	textPractice_2: text = ''
21.0776 	EXP 	window1: mouseVisible = True
