17.2801 	EXP 	Created window1 = Window(allowGUI=True, allowStencil=False, autoLog=True, backendConf=UNKNOWN, bitsMode=UNKNOWN, blendMode='avg', bpc=(8, 8, 8), color=array([0, 0, 0]), colorSpace='rgb', depthBits=8, fullscr=<method-wrapper '__getattribute__' of attributeSetter object at 0x000002767C3C48E0>, gamma=None, gammaErrorPolicy='raise', lms=UNKNOWN, monitor=<psychopy.monitors.calibTools.Monitor object at 0x000002767E34A490>, multiSample=False, name='window1', numSamples=2, pos=(192, 108), screen=0, size=array([1536,  864]), stencilBits=0, stereo=False, units='height', useFBO=True, useRetina=False, viewOri=0.0, viewPos=None, viewScale=None, waitBlanking=True, winType='pyglet')
17.2805 	EXP 	window1: mouseVisible = True
17.2807 	EXP 	window1: mouseVisible = True
17.2807 	EXP 	window1: Attempting to measure frame rate of screen (0) ...
17.2808 	EXP 	window1: recordFrameIntervals = False
18.2430 	EXP 	window1: recordFrameIntervals = True
18.4272 	EXP 	Screen (0) actual frame rate measured at 61.01Hz
18.4272 	EXP 	window1: recordFrameIntervals = False
18.5463 	WARNING 	launchHubServer: If using the iohub mouse or eyetracker devices, fullScr should be True.
24.7928 	EXP 	Created textBlank500 = TextStim(__class__=<class 'psychopy.visual.text.TextStim'>, alignHoriz=method-wrapper(...), alignText='center', alignVert=method-wrapper(...), anchorHoriz='center', anchorVert='center', antialias=True, autoDraw=False, autoLog=True, bold=False, color=array([1, 1, 1]), colorSpace='rgb', contrast=1.0, depth=0.0, flipHoriz=False, flipVert=False, font='Open Sans', fontFiles=[], height=0.05, italic=False, languageStyle='LTR', name='textBlank500', opacity=1.0, ori=0.0, pos=array([0., 0.]), rgb=UNKNOWN, text='', units='height', win=Window(...), wrapWidth=1)
24.7972 	EXP 	Created fixationITI = ShapeStim(__class__=<class 'psychopy.visual.shape.ShapeStim'>, anchor=('center', 'center'), autoDraw=False, autoLog=True, closeShape=True, color=method-wrapper(...), colorSpace='rgb', contrast=None, depth=0.0, fillColor=array([1, 1, 1]), fillColorSpace='rgb', fillRGB=array([1, 1, 1]), interpolate=True, lineColor=array([1, 1, 1]), lineColorSpace='rgb', lineRGB=array([1, 1, 1]), lineWidth=1.0, name='fixationITI', opacity=1.0, ori=0.0, pos=array([0., 0.]), size=array([0.1, 0.1]), units='height', vertices=ndarray(...), win=Window(...), windingRule=None)
24.7998 	EXP 	Created polygonCol = Rect(__class__=<class 'psychopy.visual.rect.Rect'>, anchor=('center', 'center'), autoDraw=False, autoLog=True, closeShape=True, color=method-wrapper(...), colorSpace='rgb', contrast=None, depth=0.0, fillColor=array([1, 1, 1]), fillColorSpace='rgb', fillRGB=array([1, 1, 1]), interpolate=True, lineColor=array([1, 1, 1]), lineColorSpace='rgb', lineRGB=array([1, 1, 1]), lineWidth=1.0, name='polygonCol', opacity=1.0, ori=0.0, pos=array([0., 0.]), size=array([0.55, 0.55]), units='height', vertices=ndarray(...), win=Window(...))
24.8023 	EXP 	Created polygonWh = Rect(__class__=<class 'psychopy.visual.rect.Rect'>, anchor=('center', 'center'), autoDraw=False, autoLog=True, closeShape=True, color=method-wrapper(...), colorSpace='rgb', contrast=None, depth=-1.0, fillColor=array([1, 1, 1]), fillColorSpace='rgb', fillRGB=array([1, 1, 1]), interpolate=True, lineColor=array([1, 1, 1]), lineColorSpace='rgb', lineRGB=array([1, 1, 1]), lineWidth=1.0, name='polygonWh', opacity=1.0, ori=0.0, pos=array([0., 0.]), size=array([0.5, 0.5]), units='height', vertices=ndarray(...), win=Window(...))
24.8039 	EXP 	Created textCue = TextStim(__class__=<class 'psychopy.visual.text.TextStim'>, alignHoriz=method-wrapper(...), alignText='center', alignVert=method-wrapper(...), anchorHoriz='center', anchorVert='center', antialias=True, autoDraw=False, autoLog=True, bold=False, color=array([1, 1, 1]), colorSpace='rgb', contrast=1.0, depth=-2.0, flipHoriz=False, flipVert=False, font='Open Sans', fontFiles=[], height=0.05, italic=False, languageStyle='LTR', name='textCue', opacity=1.0, ori=0.0, pos=array([0.  , 0.35]), rgb=UNKNOWN, text='', units='height', win=Window(...), wrapWidth=1)
24.8243 	EXP 	Created imagePractice = ImageStim(__class__=<class 'psychopy.visual.image.ImageStim'>, anchor=('center', 'center'), autoLog=True, color=array([1, 1, 1]), colorSpace='rgb', contrast=1.0, depth=-3.0, flipHoriz=False, flipVert=False, image='sin', interpolate=True, mask=None, maskParams=None, name='imagePractice', opacity=1.0, ori=0.0, pos=array([0., 0.]), size=array([0.5, 0.5]), texRes=128.0, units='height', win=Window(...))
24.8257 	EXP 	Created polygonText = Rect(__class__=<class 'psychopy.visual.rect.Rect'>, anchor=('center', 'center'), autoDraw=False, autoLog=True, closeShape=True, color=method-wrapper(...), colorSpace='rgb', contrast=None, depth=-4.0, fillColor=array([0.9216, 0.9216, 0.9216]), fillColorSpace='rgb', fillRGB=array([0.9216, 0.9216, 0.9216]), interpolate=True, lineColor=array([0.9216, 0.9216, 0.9216]), lineColorSpace='rgb', lineRGB=array([0.9216, 0.9216, 0.9216]), lineWidth=1.0, name='polygonText', opacity=1.0, ori=0.0, pos=array([0., 0.]), size=array([0.2, 0.1]), units='height', vertices=ndarray(...), win=Window(...))
24.8269 	EXP 	Created textPractice = TextStim(__class__=<class 'psychopy.visual.text.TextStim'>, alignHoriz=method-wrapper(...), alignText='center', alignVert=method-wrapper(...), anchorHoriz='center', anchorVert='center', antialias=True, autoDraw=False, autoLog=True, bold=False, color=array([-1., -1., -1.]), colorSpace='rgb', contrast=1.0, depth=-5.0, flipHoriz=False, flipVert=False, font='Open Sans', fontFiles=[], height=0.05, italic=False, languageStyle='LTR', name='textPractice', opacity=1.0, ori=0.0, pos=array([0., 0.]), rgb=UNKNOWN, text='', units='height', win=Window(...), wrapWidth=1)
26.4974 	EXP 	Created textBlank500 = TextStim(__class__=<class 'psychopy.visual.text.TextStim'>, alignHoriz=method-wrapper(...), alignText='center', alignVert=method-wrapper(...), anchorHoriz='center', anchorVert='center', antialias=True, autoDraw=False, autoLog=True, bold=False, color=array([1, 1, 1]), colorSpace='rgb', contrast=1.0, depth=0.0, flipHoriz=False, flipVert=False, font='Open Sans', fontFiles=[], height=0.05, italic=False, languageStyle='LTR', name='textBlank500', opacity=1.0, ori=0.0, pos=array([0., 0.]), rgb=UNKNOWN, text='', units='height', win=Window(...), wrapWidth=1)
26.4995 	EXP 	Created textBlank500 = TextStim(__class__=<class 'psychopy.visual.text.TextStim'>, alignHoriz=method-wrapper(...), alignText='center', alignVert=method-wrapper(...), anchorHoriz='center', anchorVert='center', antialias=True, autoDraw=False, autoLog=True, bold=False, color=array([1, 1, 1]), colorSpace='rgb', contrast=1.0, depth=0.0, flipHoriz=False, flipVert=False, font='Open Sans', fontFiles=[], height=0.05, italic=False, languageStyle='LTR', name='textBlank500', opacity=1.0, ori=0.0, pos=array([0., 0.]), rgb=UNKNOWN, text='', units='height', win=Window(...), wrapWidth=1)
26.5687 	DATA 	Mouse: Left button down, pos=(1008,608)
26.5695 	DATA 	Mouse:  Left button up, pos=(1008,608)
26.5929 	EXP 	textboxInstr1: autoLog = True
26.5929 	EXP 	textboxInstr1_2: autoLog = True
26.5929 	EXP 	textboxInstr1_3: autoLog = True
26.5929 	EXP 	textboxInstr1_4: autoLog = True
26.5929 	EXP 	textboxInstr1_5: autoLog = True
26.5929 	EXP 	textboxInstr1_6: autoLog = True
26.5929 	EXP 	textboxInstr1_7: autoLog = True
26.5929 	EXP 	textboxInstr1_8: autoLog = True
26.5929 	EXP 	textboxInstr1_9: autoLog = True
26.5929 	EXP 	textboxInstr1_10: autoLog = True
26.5929 	EXP 	textboxInstr2: autoLog = True
26.5929 	EXP 	textboxInstr3: autoLog = True
26.5929 	EXP 	textboxInstrPractice: autoLog = True
26.5929 	EXP 	textboxInstrPractice_2: autoLog = True
26.5929 	EXP 	textboxInstrPractice_3: autoLog = True
26.5929 	EXP 	textboxInstrPractice_4: autoLog = True
26.5929 	EXP 	textboxInstrPractice_5: autoLog = True
26.5929 	EXP 	textboxInstrPractice_6: autoLog = True
26.5929 	EXP 	textboxInstrPractice_7: autoLog = True
26.5929 	EXP 	textboxInstrPractice_8: autoLog = True
26.5929 	EXP 	textboxInstrPractice_9: autoLog = True
26.5929 	EXP 	textboxInstrPractice_10: autoLog = True
26.5929 	EXP 	textboxInstrPractice_11: autoLog = True
26.5929 	EXP 	textboxInstrPractice_12: autoLog = True
26.5929 	EXP 	textboxInstrPractice_13: autoLog = True
26.5929 	EXP 	textboxInstrPractice_14: autoLog = True
26.5929 	EXP 	textboxInstrPractice_15: autoLog = True
26.5929 	EXP 	textboxInstrPractice_16: autoLog = True
26.5929 	EXP 	textboxInstrPractice_17: autoLog = True
26.5929 	EXP 	textboxEndPracrice: autoLog = True
26.5929 	EXP 	textboxInstr1: autoDraw = True
26.5929 	EXP 	textboxInstr1_2: autoDraw = True
26.5929 	EXP 	textboxInstr1_3: autoDraw = True
26.5929 	EXP 	textboxInstr1_4: autoDraw = True
26.5929 	EXP 	textboxInstr1_5: autoDraw = True
26.5929 	EXP 	textboxInstr1_6: autoDraw = True
26.5929 	EXP 	textboxInstr1_7: autoDraw = True
26.5929 	EXP 	textboxInstr1_8: autoDraw = True
26.5929 	EXP 	textboxInstr1_9: autoDraw = True
26.5929 	EXP 	textboxInstr1_10: autoDraw = True
29.6507 	DATA 	Keypress: space
29.6735 	EXP 	textboxInstr1: autoDraw = False
29.6735 	EXP 	textboxInstr1_2: autoDraw = False
29.6735 	EXP 	textboxInstr1_3: autoDraw = False
29.6735 	EXP 	textboxInstr1_4: autoDraw = False
29.6735 	EXP 	textboxInstr1_5: autoDraw = False
29.6735 	EXP 	textboxInstr1_6: autoDraw = False
29.6735 	EXP 	textboxInstr1_7: autoDraw = False
29.6735 	EXP 	textboxInstr1_8: autoDraw = False
29.6735 	EXP 	textboxInstr1_9: autoDraw = False
29.6735 	EXP 	textboxInstr1_10: autoDraw = False
29.6735 	EXP 	textboxInstr2: autoDraw = True
30.3443 	DATA 	Keypress: space
30.3565 	EXP 	textboxInstr2: autoDraw = False
30.3565 	EXP 	textboxInstr3: autoDraw = True
30.8422 	DATA 	Keypress: space
30.8555 	EXP 	textboxInstr3: autoDraw = False
30.8555 	EXP 	textboxInstrPractice: autoDraw = True
30.8555 	EXP 	textboxInstrPractice_2: autoDraw = True
30.8555 	EXP 	textboxInstrPractice_3: autoDraw = True
30.8555 	EXP 	textboxInstrPractice_4: autoDraw = True
30.8555 	EXP 	textboxInstrPractice_5: autoDraw = True
30.8555 	EXP 	textboxInstrPractice_6: autoDraw = True
30.8555 	EXP 	textboxInstrPractice_7: autoDraw = True
30.8555 	EXP 	textboxInstrPractice_8: autoDraw = True
30.8555 	EXP 	textboxInstrPractice_9: autoDraw = True
30.8555 	EXP 	textboxInstrPractice_10: autoDraw = True
30.8555 	EXP 	textboxInstrPractice_11: autoDraw = True
30.8555 	EXP 	textboxInstrPractice_12: autoDraw = True
30.8555 	EXP 	textboxInstrPractice_13: autoDraw = True
30.8555 	EXP 	textboxInstrPractice_14: autoDraw = True
30.8555 	EXP 	textboxInstrPractice_15: autoDraw = True
30.8555 	EXP 	textboxInstrPractice_16: autoDraw = True
30.8555 	EXP 	textboxInstrPractice_17: autoDraw = True
31.3250 	DATA 	Keypress: space
31.3398 	EXP 	textboxInstrPractice: autoDraw = False
31.3398 	EXP 	textboxInstrPractice_2: autoDraw = False
31.3398 	EXP 	textboxInstrPractice_3: autoDraw = False
31.3398 	EXP 	textboxInstrPractice_4: autoDraw = False
31.3398 	EXP 	textboxInstrPractice_5: autoDraw = False
31.3398 	EXP 	textboxInstrPractice_6: autoDraw = False
31.3398 	EXP 	textboxInstrPractice_7: autoDraw = False
31.3398 	EXP 	textboxInstrPractice_8: autoDraw = False
31.3398 	EXP 	textboxInstrPractice_9: autoDraw = False
31.3398 	EXP 	textboxInstrPractice_10: autoDraw = False
31.3398 	EXP 	textboxInstrPractice_11: autoDraw = False
31.3398 	EXP 	textboxInstrPractice_12: autoDraw = False
31.3398 	EXP 	textboxInstrPractice_13: autoDraw = False
31.3398 	EXP 	textboxInstrPractice_14: autoDraw = False
31.3398 	EXP 	textboxInstrPractice_15: autoDraw = False
31.3398 	EXP 	textboxInstrPractice_16: autoDraw = False
31.3398 	EXP 	textboxInstrPractice_17: autoDraw = False
31.3398 	EXP 	textBlank500: autoDraw = True
31.8382 	EXP 	Imported repswitch_practice_version1.xlsx as conditions, 12 conditions, 4 params
31.8829 	EXP 	Created sequence: sequential, trialTypes=12, nReps=1, seed=None
31.8833 	EXP 	New trial (rep=0, index=0): {'image': 'REPSWITCH1_Practice/PICTURE_612.png', 'correctAns': 'rana', 'respModal': 'TECLEA', 'frameColor': 'darkblue'}
31.9216 	EXP 	textBlank500: autoDraw = False
31.9216 	EXP 	fixationITI: autoDraw = True
33.3550 	EXP 	fixationITI: autoDraw = False
33.3550 	EXP 	fixationITI: autoDraw = False
33.3550 	EXP 	polygonCol: fillColor = <psychopy.colors.Color: darkblue, alpha=1.0>
33.3550 	EXP 	polygonCol: borderColor = <psychopy.colors.Color: darkblue, alpha=1.0>
33.3550 	EXP 	textCue: foreColor = <psychopy.colors.Color: darkblue, alpha=1.0>
33.3550 	EXP 	imagePractice: image = 'REPSWITCH1_Practice/PICTURE_612.png'
33.3550 	EXP 	polygonCol: autoDraw = True
33.3550 	EXP 	polygonWh: autoDraw = True
33.3550 	EXP 	textCue: autoDraw = True
33.3550 	EXP 	imagePractice: autoDraw = True
33.3550 	EXP 	polygonText: autoDraw = True
33.3550 	EXP 	textPractice: autoDraw = True
33.3550 	EXP 	textPractice: height = 0.05
33.3550 	EXP 	textPractice: height = 0.05
33.3550 	EXP 	textPractice: height = 0.05
33.3550 	EXP 	textPractice: text = ''
36.3203 	EXP 	polygonCol: autoDraw = False
36.3203 	EXP 	polygonWh: autoDraw = False
36.3203 	EXP 	textCue: autoDraw = False
36.3203 	EXP 	imagePractice: autoDraw = False
36.3203 	EXP 	polygonText: autoDraw = False
36.3203 	EXP 	textPractice: autoDraw = False
36.3203 	EXP 	textBlank500: autoDraw = True
36.8053 	EXP 	New trial (rep=0, index=1): {'image': 'REPSWITCH1_Practice/PICTURE_599.png', 'correctAns': 'nube', 'respModal': 'HABLA', 'frameColor': 'gold'}
36.8216 	EXP 	textBlank500: autoDraw = False
36.8216 	EXP 	fixationITI: autoDraw = True
37.9377 	EXP 	fixationITI: autoDraw = False
37.9377 	EXP 	fixationITI: autoDraw = False
37.9377 	EXP 	polygonCol: fillColor = <psychopy.colors.Color: gold, alpha=1.0>
37.9377 	EXP 	polygonCol: borderColor = <psychopy.colors.Color: gold, alpha=1.0>
37.9377 	EXP 	textCue: foreColor = <psychopy.colors.Color: gold, alpha=1.0>
37.9377 	EXP 	imagePractice: image = 'REPSWITCH1_Practice/PICTURE_599.png'
37.9377 	EXP 	polygonCol: autoDraw = True
37.9377 	EXP 	polygonWh: autoDraw = True
37.9377 	EXP 	textCue: autoDraw = True
37.9377 	EXP 	imagePractice: autoDraw = True
37.9377 	EXP 	polygonText: autoDraw = True
37.9377 	EXP 	textPractice: autoDraw = True
41.0862 	EXP 	polygonCol: autoDraw = False
41.0862 	EXP 	polygonWh: autoDraw = False
41.0862 	EXP 	textCue: autoDraw = False
41.0862 	EXP 	imagePractice: autoDraw = False
41.0862 	EXP 	polygonText: autoDraw = False
41.0862 	EXP 	textPractice: autoDraw = False
41.0862 	EXP 	textBlank500: autoDraw = True
41.5710 	EXP 	New trial (rep=0, index=2): {'image': 'REPSWITCH1_Practice/PICTURE_570.png', 'correctAns': 'toro', 'respModal': 'TECLEA', 'frameColor': 'darkblue'}
41.5866 	EXP 	textBlank500: autoDraw = False
41.5866 	EXP 	textBlank500: autoDraw = False
41.5866 	EXP 	fixationITI: autoDraw = True
42.9032 	EXP 	fixationITI: autoDraw = False
42.9032 	EXP 	fixationITI: autoDraw = False
42.9032 	EXP 	polygonCol: fillColor = <psychopy.colors.Color: darkblue, alpha=1.0>
42.9032 	EXP 	polygonCol: borderColor = <psychopy.colors.Color: darkblue, alpha=1.0>
42.9032 	EXP 	textCue: foreColor = <psychopy.colors.Color: darkblue, alpha=1.0>
42.9032 	EXP 	imagePractice: image = 'REPSWITCH1_Practice/PICTURE_570.png'
42.9032 	EXP 	polygonCol: autoDraw = True
42.9032 	EXP 	polygonWh: autoDraw = True
42.9032 	EXP 	textCue: autoDraw = True
42.9032 	EXP 	imagePractice: autoDraw = True
42.9032 	EXP 	polygonText: autoDraw = True
42.9032 	EXP 	textPractice: autoDraw = True
45.9515 	EXP 	polygonCol: autoDraw = False
45.9515 	EXP 	polygonWh: autoDraw = False
45.9515 	EXP 	textCue: autoDraw = False
45.9515 	EXP 	imagePractice: autoDraw = False
45.9515 	EXP 	polygonText: autoDraw = False
45.9515 	EXP 	textPractice: autoDraw = False
45.9515 	EXP 	textBlank500: autoDraw = True
46.4399 	EXP 	New trial (rep=0, index=3): {'image': 'REPSWITCH1_Practice/PICTURE_570.png', 'correctAns': 'toro', 'respModal': 'TECLEA', 'frameColor': 'darkblue'}
46.4542 	EXP 	textBlank500: autoDraw = False
46.4542 	EXP 	fixationITI: autoDraw = True
47.5696 	EXP 	fixationITI: autoDraw = False
47.5696 	EXP 	fixationITI: autoDraw = False
47.5696 	EXP 	polygonCol: fillColor = <psychopy.colors.Color: darkblue, alpha=1.0>
47.5696 	EXP 	polygonCol: borderColor = <psychopy.colors.Color: darkblue, alpha=1.0>
47.5696 	EXP 	textCue: foreColor = <psychopy.colors.Color: darkblue, alpha=1.0>
47.5696 	EXP 	imagePractice: image = 'REPSWITCH1_Practice/PICTURE_570.png'
47.5696 	EXP 	polygonCol: autoDraw = True
47.5696 	EXP 	polygonWh: autoDraw = True
47.5696 	EXP 	textCue: autoDraw = True
47.5696 	EXP 	imagePractice: autoDraw = True
47.5696 	EXP 	polygonText: autoDraw = True
47.5696 	EXP 	textPractice: autoDraw = True
50.7379 	EXP 	polygonCol: autoDraw = False
50.7379 	EXP 	polygonWh: autoDraw = False
50.7379 	EXP 	textCue: autoDraw = False
50.7379 	EXP 	imagePractice: autoDraw = False
50.7379 	EXP 	polygonText: autoDraw = False
50.7379 	EXP 	textPractice: autoDraw = False
50.7379 	EXP 	polygonCol: autoDraw = False
50.7379 	EXP 	polygonWh: autoDraw = False
50.7379 	EXP 	textCue: autoDraw = False
50.7379 	EXP 	imagePractice: autoDraw = False
50.7379 	EXP 	polygonText: autoDraw = False
50.7379 	EXP 	textPractice: autoDraw = False
50.7379 	EXP 	textBlank500: autoDraw = True
51.2354 	EXP 	New trial (rep=0, index=4): {'image': 'REPSWITCH1_Practice/PICTURE_733.png', 'correctAns': 'gafas', 'respModal': 'HABLA', 'frameColor': 'gold'}
51.2514 	EXP 	textBlank500: autoDraw = False
51.2514 	EXP 	fixationITI: autoDraw = True
52.4679 	EXP 	fixationITI: autoDraw = False
52.4679 	EXP 	fixationITI: autoDraw = False
52.4679 	EXP 	polygonCol: fillColor = <psychopy.colors.Color: gold, alpha=1.0>
52.4679 	EXP 	polygonCol: borderColor = <psychopy.colors.Color: gold, alpha=1.0>
52.4679 	EXP 	textCue: foreColor = <psychopy.colors.Color: gold, alpha=1.0>
52.4679 	EXP 	imagePractice: image = 'REPSWITCH1_Practice/PICTURE_733.png'
52.4679 	EXP 	polygonCol: autoDraw = True
52.4679 	EXP 	polygonWh: autoDraw = True
52.4679 	EXP 	textCue: autoDraw = True
52.4679 	EXP 	imagePractice: autoDraw = True
52.4679 	EXP 	polygonText: autoDraw = True
52.4679 	EXP 	textPractice: autoDraw = True
55.2206 	DATA 	Keypress: escape
56.2593 	EXP 	window1: mouseVisible = True
