6.6638 	EXP 	Created window1 = Window(allowGUI=True, allowStencil=False, autoLog=True, backendConf=UNKNOWN, bitsMode=UNKNOWN, blendMode='avg', bpc=(8, 8, 8), color=array([0, 0, 0]), colorSpace='rgb', depthBits=8, fullscr=<method-wrapper '__getattribute__' of attributeSetter object at 0x00000229E21E18E0>, gamma=None, gammaErrorPolicy='raise', lms=UNKNOWN, monitor=<psychopy.monitors.calibTools.Monitor object at 0x00000229E41654F0>, multiSample=False, name='window1', numSamples=2, pos=(192, 108), screen=0, size=array([1536,  864]), stencilBits=0, stereo=False, units='height', useFBO=True, useRetina=False, viewOri=0.0, viewPos=None, viewScale=None, waitBlanking=True, winType='pyglet')
6.6640 	EXP 	window1: mouseVisible = True
6.6641 	EXP 	window1: mouseVisible = True
6.6642 	EXP 	window1: Attempting to measure frame rate of screen (0) ...
6.6642 	EXP 	window1: recordFrameIntervals = False
6.8294 	EXP 	window1: recordFrameIntervals = True
7.0129 	EXP 	Screen (0) actual frame rate measured at 60.04Hz
7.0130 	EXP 	window1: recordFrameIntervals = False
7.0524 	WARNING 	launchHubServer: If using the iohub mouse or eyetracker devices, fullScr should be True.
9.3794 	EXP 	Created fixationITI = ShapeStim(__class__=<class 'psychopy.visual.shape.ShapeStim'>, anchor=('center', 'center'), autoDraw=False, autoLog=True, closeShape=True, color=method-wrapper(...), colorSpace='rgb', contrast=None, depth=0.0, fillColor=array([1, 1, 1]), fillColorSpace='rgb', fillRGB=array([1, 1, 1]), interpolate=True, lineColor=array([1, 1, 1]), lineColorSpace='rgb', lineRGB=array([1, 1, 1]), lineWidth=1.0, name='fixationITI', opacity=1.0, ori=0.0, pos=array([0., 0.]), size=array([0.1, 0.1]), units='height', vertices=ndarray(...), win=Window(...), windingRule=None)
9.3804 	EXP 	Created polygonCol_2 = Rect(__class__=<class 'psychopy.visual.rect.Rect'>, anchor=('center', 'center'), autoDraw=False, autoLog=True, closeShape=True, color=method-wrapper(...), colorSpace='rgb', contrast=None, depth=0.0, fillColor=array([1, 1, 1]), fillColorSpace='rgb', fillRGB=array([1, 1, 1]), interpolate=True, lineColor=array([1, 1, 1]), lineColorSpace='rgb', lineRGB=array([1, 1, 1]), lineWidth=1.0, name='polygonCol_2', opacity=1.0, ori=0.0, pos=array([0., 0.]), size=array([0.55, 0.55]), units='height', vertices=ndarray(...), win=Window(...))
9.3815 	EXP 	Created polygonWh_2 = Rect(__class__=<class 'psychopy.visual.rect.Rect'>, anchor=('center', 'center'), autoDraw=False, autoLog=True, closeShape=True, color=method-wrapper(...), colorSpace='rgb', contrast=None, depth=-1.0, fillColor=array([1, 1, 1]), fillColorSpace='rgb', fillRGB=array([1, 1, 1]), interpolate=True, lineColor=array([1, 1, 1]), lineColorSpace='rgb', lineRGB=array([1, 1, 1]), lineWidth=1.0, name='polygonWh_2', opacity=1.0, ori=0.0, pos=array([0., 0.]), size=array([0.5, 0.5]), units='height', vertices=ndarray(...), win=Window(...))
9.3888 	EXP 	Created imagePractice_2 = ImageStim(__class__=<class 'psychopy.visual.image.ImageStim'>, anchor=('center', 'center'), autoLog=True, color=array([1, 1, 1]), colorSpace='rgb', contrast=1.0, depth=-2.0, flipHoriz=False, flipVert=False, image='sin', interpolate=True, mask=None, maskParams=None, name='imagePractice_2', opacity=1.0, ori=0.0, pos=array([0., 0.]), size=array([0.5, 0.5]), texRes=128.0, units='height', win=Window(...))
9.3942 	EXP 	Created polygonText_2 = Rect(__class__=<class 'psychopy.visual.rect.Rect'>, anchor=('center', 'center'), autoDraw=False, autoLog=True, closeShape=True, color=method-wrapper(...), colorSpace='rgb', contrast=None, depth=-3.0, fillColor=array([0.9216, 0.9216, 0.9216]), fillColorSpace='rgb', fillRGB=array([0.9216, 0.9216, 0.9216]), interpolate=True, lineColor=array([0.9216, 0.9216, 0.9216]), lineColorSpace='rgb', lineRGB=array([0.9216, 0.9216, 0.9216]), lineWidth=1.0, name='polygonText_2', opacity=1.0, ori=0.0, pos=array([0., 0.]), size=array([0.2, 0.1]), units='height', vertices=ndarray(...), win=Window(...))
9.4186 	EXP 	Created textPractice_2 = TextStim(__class__=<class 'psychopy.visual.text.TextStim'>, alignHoriz=method-wrapper(...), alignText='center', alignVert=method-wrapper(...), anchorHoriz='center', anchorVert='center', antialias=True, autoDraw=False, autoLog=True, bold=False, color=array([-1., -1., -1.]), colorSpace='rgb', contrast=1.0, depth=-4.0, flipHoriz=False, flipVert=False, font='Open Sans', fontFiles=[], height=0.05, italic=False, languageStyle='LTR', name='textPractice_2', opacity=1.0, ori=0.0, pos=array([0., 0.]), rgb=UNKNOWN, text='', units='height', win=Window(...), wrapWidth=1)
10.8260 	EXP 	Created textBlankLoop = TextStim(__class__=<class 'psychopy.visual.text.TextStim'>, alignHoriz=method-wrapper(...), alignText='center', alignVert=method-wrapper(...), anchorHoriz='center', anchorVert='center', antialias=True, autoDraw=False, autoLog=True, bold=False, color=array([1, 1, 1]), colorSpace='rgb', contrast=1.0, depth=0.0, flipHoriz=False, flipVert=False, font='Open Sans', fontFiles=[], height=0.05, italic=False, languageStyle='LTR', name='textBlankLoop', opacity=1.0, ori=0.0, pos=array([0., 0.]), rgb=UNKNOWN, text='', units='height', win=Window(...), wrapWidth=1)
10.8972 	EXP 	textboxInstrPractice_2: autoLog = True
10.8972 	EXP 	textboxInstrPractice_2_2: autoLog = True
10.8972 	EXP 	textboxInstrPractice_2_3: autoLog = True
10.8972 	EXP 	textboxInstrPractice_2_4: autoLog = True
10.8972 	EXP 	textboxInstrPractice_2_5: autoLog = True
10.8972 	EXP 	textboxInstrPractice_2_6: autoLog = True
10.8972 	EXP 	textboxInstrPractice_2_7: autoLog = True
10.8972 	EXP 	textboxInstrPractice_2_8: autoLog = True
10.8972 	EXP 	textboxInstrPractice_2_9: autoLog = True
10.8972 	EXP 	textboxInstrPractice_2_10: autoLog = True
10.8972 	EXP 	textboxInstrPractice_2_11: autoLog = True
10.8972 	EXP 	textboxInstrPractice_2_12: autoLog = True
10.8972 	EXP 	textboxEndPractice_2: autoLog = True
10.8972 	EXP 	textboxInstrPractice_2: autoDraw = True
10.8972 	EXP 	textboxInstrPractice_2_2: autoDraw = True
10.8972 	EXP 	textboxInstrPractice_2_3: autoDraw = True
10.8972 	EXP 	textboxInstrPractice_2_4: autoDraw = True
10.8972 	EXP 	textboxInstrPractice_2_5: autoDraw = True
10.8972 	EXP 	textboxInstrPractice_2_6: autoDraw = True
10.8972 	EXP 	textboxInstrPractice_2_7: autoDraw = True
10.8972 	EXP 	textboxInstrPractice_2_8: autoDraw = True
10.8972 	EXP 	textboxInstrPractice_2_9: autoDraw = True
10.8972 	EXP 	textboxInstrPractice_2_10: autoDraw = True
10.8972 	EXP 	textboxInstrPractice_2_11: autoDraw = True
10.8972 	EXP 	textboxInstrPractice_2_12: autoDraw = True
11.7605 	DATA 	Keypress: v
11.7607 	DATA 	Keypress: k
11.8583 	DATA 	Keypress: n
11.8585 	DATA 	Keypress: lshift
11.9589 	DATA 	Keypress: a
11.9592 	DATA 	Keypress: d
12.0251 	DATA 	Keypress: apostrophe
12.0582 	DATA 	Keypress: i
12.0921 	DATA 	Keypress: s
12.1249 	DATA 	Keypress: g
12.1929 	DATA 	Keypress: o
12.1932 	DATA 	Keypress: space
12.2178 	EXP 	Imported repswitch_practice2_version1.xlsx as conditions, 12 conditions, 4 params
12.2182 	EXP 	Created sequence: sequential, trialTypes=12, nReps=1, seed=None
12.2185 	EXP 	New trial (rep=0, index=0): {'image': 'REPSWITCH1_Practice/PICTURE_12.png', 'correctAns': 'sirena', 'respModal': 'SPEAK', 'frameColor': 'gold'}
12.2270 	EXP 	textboxInstrPractice_2: autoDraw = False
12.2270 	EXP 	textboxInstrPractice_2_2: autoDraw = False
12.2270 	EXP 	textboxInstrPractice_2_3: autoDraw = False
12.2270 	EXP 	textboxInstrPractice_2_4: autoDraw = False
12.2270 	EXP 	textboxInstrPractice_2_5: autoDraw = False
12.2270 	EXP 	textboxInstrPractice_2_6: autoDraw = False
12.2270 	EXP 	textboxInstrPractice_2_7: autoDraw = False
12.2270 	EXP 	textboxInstrPractice_2_8: autoDraw = False
12.2270 	EXP 	textboxInstrPractice_2_9: autoDraw = False
12.2270 	EXP 	textboxInstrPractice_2_10: autoDraw = False
12.2270 	EXP 	textboxInstrPractice_2_11: autoDraw = False
12.2270 	EXP 	textboxInstrPractice_2_12: autoDraw = False
12.2270 	EXP 	fixationITI: autoDraw = True
12.2452 	DATA 	Keypress: t
12.4117 	DATA 	Keypress: 5
13.3591 	EXP 	fixationITI: autoDraw = False
13.3591 	EXP 	fixationITI: autoDraw = False
13.3591 	EXP 	polygonCol_2: fillColor = <psychopy.colors.Color: gold, alpha=1.0>
13.3591 	EXP 	polygonCol_2: borderColor = <psychopy.colors.Color: gold, alpha=1.0>
13.3591 	EXP 	imagePractice_2: image = 'REPSWITCH1_Practice/PICTURE_12.png'
13.3591 	EXP 	polygonCol_2: autoDraw = True
13.3591 	EXP 	polygonWh_2: autoDraw = True
13.3591 	EXP 	imagePractice_2: autoDraw = True
13.3591 	EXP 	polygonText_2: autoDraw = True
13.3591 	EXP 	textPractice_2: autoDraw = True
13.3591 	EXP 	textPractice_2: height = 0.05
13.3591 	EXP 	textPractice_2: height = 0.05
13.3591 	EXP 	textPractice_2: height = 0.05
13.3591 	EXP 	textPractice_2: text = ''
16.4582 	EXP 	polygonCol_2: autoDraw = False
16.4582 	EXP 	polygonWh_2: autoDraw = False
16.4582 	EXP 	imagePractice_2: autoDraw = False
16.4582 	EXP 	polygonText_2: autoDraw = False
16.4582 	EXP 	textPractice_2: autoDraw = False
16.4582 	EXP 	textBlankLoop: autoDraw = True
16.9431 	EXP 	New trial (rep=0, index=1): {'image': 'REPSWITCH1_Practice/PICTURE_12.png', 'correctAns': 'sirena', 'respModal': 'TYPE', 'frameColor': 'darkblue'}
16.9592 	EXP 	textBlankLoop: autoDraw = False
16.9592 	EXP 	fixationITI: autoDraw = True
18.1440 	EXP 	fixationITI: autoDraw = False
18.1440 	EXP 	fixationITI: autoDraw = False
18.1440 	EXP 	polygonCol_2: fillColor = <psychopy.colors.Color: darkblue, alpha=1.0>
18.1440 	EXP 	polygonCol_2: borderColor = <psychopy.colors.Color: darkblue, alpha=1.0>
18.1440 	EXP 	imagePractice_2: image = 'REPSWITCH1_Practice/PICTURE_12.png'
18.1440 	EXP 	polygonCol_2: autoDraw = True
18.1440 	EXP 	polygonWh_2: autoDraw = True
18.1440 	EXP 	imagePractice_2: autoDraw = True
18.1440 	EXP 	polygonText_2: autoDraw = True
18.1440 	EXP 	textPractice_2: autoDraw = True
21.3237 	EXP 	polygonCol_2: autoDraw = False
21.3237 	EXP 	polygonWh_2: autoDraw = False
21.3237 	EXP 	imagePractice_2: autoDraw = False
21.3237 	EXP 	polygonText_2: autoDraw = False
21.3237 	EXP 	textPractice_2: autoDraw = False
21.3237 	EXP 	polygonCol_2: autoDraw = False
21.3237 	EXP 	polygonWh_2: autoDraw = False
21.3237 	EXP 	imagePractice_2: autoDraw = False
21.3237 	EXP 	polygonText_2: autoDraw = False
21.3237 	EXP 	textPractice_2: autoDraw = False
21.3237 	EXP 	textBlankLoop: autoDraw = True
21.8084 	EXP 	New trial (rep=0, index=2): {'image': 'REPSWITCH1_Practice/PICTURE_599.png', 'correctAns': 'nube', 'respModal': 'SPEAK', 'frameColor': 'gold'}
21.8254 	EXP 	textBlankLoop: autoDraw = False
21.8254 	EXP 	fixationITI: autoDraw = True
23.1243 	EXP 	fixationITI: autoDraw = False
23.1243 	EXP 	fixationITI: autoDraw = False
23.1243 	EXP 	polygonCol_2: fillColor = <psychopy.colors.Color: gold, alpha=1.0>
23.1243 	EXP 	polygonCol_2: borderColor = <psychopy.colors.Color: gold, alpha=1.0>
23.1243 	EXP 	imagePractice_2: image = 'REPSWITCH1_Practice/PICTURE_599.png'
23.1243 	EXP 	polygonCol_2: autoDraw = True
23.1243 	EXP 	polygonWh_2: autoDraw = True
23.1243 	EXP 	imagePractice_2: autoDraw = True
23.1243 	EXP 	polygonText_2: autoDraw = True
23.1243 	EXP 	textPractice_2: autoDraw = True
26.3606 	EXP 	polygonCol_2: autoDraw = False
26.3606 	EXP 	polygonWh_2: autoDraw = False
26.3606 	EXP 	imagePractice_2: autoDraw = False
26.3606 	EXP 	polygonText_2: autoDraw = False
26.3606 	EXP 	textPractice_2: autoDraw = False
26.3606 	EXP 	polygonCol_2: autoDraw = False
26.3606 	EXP 	polygonWh_2: autoDraw = False
26.3606 	EXP 	imagePractice_2: autoDraw = False
26.3606 	EXP 	polygonText_2: autoDraw = False
26.3606 	EXP 	textPractice_2: autoDraw = False
26.3606 	EXP 	textBlankLoop: autoDraw = True
26.8576 	EXP 	New trial (rep=0, index=3): {'image': 'REPSWITCH1_Practice/PICTURE_733.png', 'correctAns': 'gafas', 'respModal': 'TYPE', 'frameColor': 'darkblue'}
26.8735 	EXP 	textBlankLoop: autoDraw = False
26.8735 	EXP 	fixationITI: autoDraw = True
28.0730 	EXP 	fixationITI: autoDraw = False
28.0730 	EXP 	fixationITI: autoDraw = False
28.0730 	EXP 	polygonCol_2: fillColor = <psychopy.colors.Color: darkblue, alpha=1.0>
28.0730 	EXP 	polygonCol_2: borderColor = <psychopy.colors.Color: darkblue, alpha=1.0>
28.0730 	EXP 	imagePractice_2: image = 'REPSWITCH1_Practice/PICTURE_733.png'
28.0730 	EXP 	polygonCol_2: autoDraw = True
28.0730 	EXP 	polygonWh_2: autoDraw = True
28.0730 	EXP 	imagePractice_2: autoDraw = True
28.0730 	EXP 	polygonText_2: autoDraw = True
28.0730 	EXP 	textPractice_2: autoDraw = True
28.2932 	DATA 	Keypress: escape
28.9558 	EXP 	window1: mouseVisible = True
