10.5658 	EXP 	Created window1 = Window(allowGUI=True, allowStencil=False, autoLog=True, backendConf=UNKNOWN, bitsMode=UNKNOWN, blendMode='avg', bpc=(8, 8, 8), color=array([0, 0, 0]), colorSpace='rgb', depthBits=8, fullscr=<method-wrapper '__getattribute__' of attributeSetter object at 0x000002666E1F9850>, gamma=None, gammaErrorPolicy='raise', lms=UNKNOWN, monitor=<psychopy.monitors.calibTools.Monitor object at 0x000002667017F430>, multiSample=False, name='window1', numSamples=2, pos=(192, 108), screen=0, size=array([1536,  864]), stencilBits=0, stereo=False, units='height', useFBO=True, useRetina=False, viewOri=0.0, viewPos=None, viewScale=None, waitBlanking=True, winType='pyglet')
10.5659 	EXP 	window1: mouseVisible = True
10.5659 	EXP 	window1: mouseVisible = True
10.5659 	EXP 	window1: Attempting to measure frame rate of screen (0) ...
10.5659 	EXP 	window1: recordFrameIntervals = False
10.7320 	EXP 	window1: recordFrameIntervals = True
10.9165 	EXP 	Screen (0) actual frame rate measured at 59.66Hz
10.9165 	EXP 	window1: recordFrameIntervals = False
10.9465 	WARNING 	launchHubServer: If using the iohub mouse or eyetracker devices, fullScr should be True.
14.0731 	EXP 	Created textBlank500 = TextStim(__class__=<class 'psychopy.visual.text.TextStim'>, alignHoriz=method-wrapper(...), alignText='center', alignVert=method-wrapper(...), anchorHoriz='center', anchorVert='center', antialias=True, autoDraw=False, autoLog=True, bold=False, color=array([1, 1, 1]), colorSpace='rgb', contrast=1.0, depth=0.0, flipHoriz=False, flipVert=False, font='Open Sans', fontFiles=[], height=0.05, italic=False, languageStyle='LTR', name='textBlank500', opacity=1.0, ori=0.0, pos=array([0., 0.]), rgb=UNKNOWN, text='', units='height', win=Window(...), wrapWidth=1)
14.0748 	EXP 	Created fixationITI = ShapeStim(__class__=<class 'psychopy.visual.shape.ShapeStim'>, anchor=('center', 'center'), autoDraw=False, autoLog=True, closeShape=True, color=method-wrapper(...), colorSpace='rgb', contrast=None, depth=0.0, fillColor=array([1, 1, 1]), fillColorSpace='rgb', fillRGB=array([1, 1, 1]), interpolate=True, lineColor=array([1, 1, 1]), lineColorSpace='rgb', lineRGB=array([1, 1, 1]), lineWidth=1.0, name='fixationITI', opacity=1.0, ori=0.0, pos=array([0., 0.]), size=array([0.1, 0.1]), units='height', vertices=ndarray(...), win=Window(...), windingRule=None)
14.0761 	EXP 	Created polygonCol = Rect(__class__=<class 'psychopy.visual.rect.Rect'>, anchor=('center', 'center'), autoDraw=False, autoLog=True, closeShape=True, color=method-wrapper(...), colorSpace='rgb', contrast=None, depth=0.0, fillColor=array([1, 1, 1]), fillColorSpace='rgb', fillRGB=array([1, 1, 1]), interpolate=True, lineColor=array([1, 1, 1]), lineColorSpace='rgb', lineRGB=array([1, 1, 1]), lineWidth=1.0, name='polygonCol', opacity=1.0, ori=0.0, pos=array([0., 0.]), size=array([0.55, 0.55]), units='height', vertices=ndarray(...), win=Window(...))
14.0776 	EXP 	Created polygonWh = Rect(__class__=<class 'psychopy.visual.rect.Rect'>, anchor=('center', 'center'), autoDraw=False, autoLog=True, closeShape=True, color=method-wrapper(...), colorSpace='rgb', contrast=None, depth=-1.0, fillColor=array([1, 1, 1]), fillColorSpace='rgb', fillRGB=array([1, 1, 1]), interpolate=True, lineColor=array([1, 1, 1]), lineColorSpace='rgb', lineRGB=array([1, 1, 1]), lineWidth=1.0, name='polygonWh', opacity=1.0, ori=0.0, pos=array([0., 0.]), size=array([0.5, 0.5]), units='height', vertices=ndarray(...), win=Window(...))
14.0783 	EXP 	Created textCue = TextStim(__class__=<class 'psychopy.visual.text.TextStim'>, alignHoriz=method-wrapper(...), alignText='center', alignVert=method-wrapper(...), anchorHoriz='center', anchorVert='center', antialias=True, autoDraw=False, autoLog=True, bold=False, color=array([1, 1, 1]), colorSpace='rgb', contrast=1.0, depth=-2.0, flipHoriz=False, flipVert=False, font='Open Sans', fontFiles=[], height=0.05, italic=False, languageStyle='LTR', name='textCue', opacity=1.0, ori=0.0, pos=array([0.  , 0.35]), rgb=UNKNOWN, text='', units='height', win=Window(...), wrapWidth=1)
14.0893 	EXP 	Created imagePractice = ImageStim(__class__=<class 'psychopy.visual.image.ImageStim'>, anchor=('center', 'center'), autoLog=True, color=array([1, 1, 1]), colorSpace='rgb', contrast=1.0, depth=-3.0, flipHoriz=False, flipVert=False, image='sin', interpolate=True, mask=None, maskParams=None, name='imagePractice', opacity=1.0, ori=0.0, pos=array([0., 0.]), size=array([0.5, 0.5]), texRes=128.0, units='height', win=Window(...))
14.0912 	EXP 	Created polygonText = Rect(__class__=<class 'psychopy.visual.rect.Rect'>, anchor=('center', 'center'), autoDraw=False, autoLog=True, closeShape=True, color=method-wrapper(...), colorSpace='rgb', contrast=None, depth=-4.0, fillColor=array([0.9216, 0.9216, 0.9216]), fillColorSpace='rgb', fillRGB=array([0.9216, 0.9216, 0.9216]), interpolate=True, lineColor=array([0.9216, 0.9216, 0.9216]), lineColorSpace='rgb', lineRGB=array([0.9216, 0.9216, 0.9216]), lineWidth=1.0, name='polygonText', opacity=1.0, ori=0.0, pos=array([0., 0.]), size=array([0.2, 0.1]), units='height', vertices=ndarray(...), win=Window(...))
14.0922 	EXP 	Created textPractice = TextStim(__class__=<class 'psychopy.visual.text.TextStim'>, alignHoriz=method-wrapper(...), alignText='center', alignVert=method-wrapper(...), anchorHoriz='center', anchorVert='center', antialias=True, autoDraw=False, autoLog=True, bold=False, color=array([-1., -1., -1.]), colorSpace='rgb', contrast=1.0, depth=-5.0, flipHoriz=False, flipVert=False, font='Open Sans', fontFiles=[], height=0.05, italic=False, languageStyle='LTR', name='textPractice', opacity=1.0, ori=0.0, pos=array([0., 0.]), rgb=UNKNOWN, text='', units='height', win=Window(...), wrapWidth=1)
15.4516 	EXP 	Created textBlank500 = TextStim(__class__=<class 'psychopy.visual.text.TextStim'>, alignHoriz=method-wrapper(...), alignText='center', alignVert=method-wrapper(...), anchorHoriz='center', anchorVert='center', antialias=True, autoDraw=False, autoLog=True, bold=False, color=array([1, 1, 1]), colorSpace='rgb', contrast=1.0, depth=0.0, flipHoriz=False, flipVert=False, font='Open Sans', fontFiles=[], height=0.05, italic=False, languageStyle='LTR', name='textBlank500', opacity=1.0, ori=0.0, pos=array([0., 0.]), rgb=UNKNOWN, text='', units='height', win=Window(...), wrapWidth=1)
15.4536 	EXP 	Created textBlank500 = TextStim(__class__=<class 'psychopy.visual.text.TextStim'>, alignHoriz=method-wrapper(...), alignText='center', alignVert=method-wrapper(...), anchorHoriz='center', anchorVert='center', antialias=True, autoDraw=False, autoLog=True, bold=False, color=array([1, 1, 1]), colorSpace='rgb', contrast=1.0, depth=0.0, flipHoriz=False, flipVert=False, font='Open Sans', fontFiles=[], height=0.05, italic=False, languageStyle='LTR', name='textBlank500', opacity=1.0, ori=0.0, pos=array([0., 0.]), rgb=UNKNOWN, text='', units='height', win=Window(...), wrapWidth=1)
15.5524 	EXP 	textboxInstr1: autoLog = True
15.5524 	EXP 	textboxInstr1_3: autoLog = True
15.5524 	EXP 	textboxInstr1_4: autoLog = True
15.5524 	EXP 	textboxInstr1_5: autoLog = True
15.5524 	EXP 	textboxInstr1_6: autoLog = True
15.5524 	EXP 	textboxInstr1_7: autoLog = True
15.5524 	EXP 	textboxInstr1_8: autoLog = True
15.5524 	EXP 	textboxInstr1_9: autoLog = True
15.5524 	EXP 	textboxInstr1_10: autoLog = True
15.5524 	EXP 	textboxInstr1_11: autoLog = True
15.5524 	EXP 	textboxInstr2: autoLog = True
15.5524 	EXP 	textboxInstr3: autoLog = True
15.5524 	EXP 	textboxInstrPractice: autoLog = True
15.5524 	EXP 	textboxInstrPractice_2: autoLog = True
15.5524 	EXP 	textboxInstrPractice_3: autoLog = True
15.5524 	EXP 	textboxInstrPractice_4: autoLog = True
15.5524 	EXP 	textboxInstrPractice_5: autoLog = True
15.5524 	EXP 	textboxInstrPractice_6: autoLog = True
15.5524 	EXP 	textboxInstrPractice_7: autoLog = True
15.5524 	EXP 	textboxInstrPractice_8: autoLog = True
15.5524 	EXP 	textboxInstrPractice_9: autoLog = True
15.5524 	EXP 	textboxInstrPractice_10: autoLog = True
15.5524 	EXP 	textboxInstrPractice_11: autoLog = True
15.5524 	EXP 	textboxInstrPractice_12: autoLog = True
15.5524 	EXP 	textboxInstrPractice_13: autoLog = True
15.5524 	EXP 	textboxInstrPractice_14: autoLog = True
15.5524 	EXP 	textboxInstrPractice_15: autoLog = True
15.5524 	EXP 	textboxInstrPractice_16: autoLog = True
15.5524 	EXP 	textboxInstrPractice_17: autoLog = True
15.5524 	EXP 	textboxEndPracrice: autoLog = True
15.5524 	EXP 	textboxInstr1: autoDraw = True
15.5524 	EXP 	textboxInstr1_3: autoDraw = True
15.5524 	EXP 	textboxInstr1_4: autoDraw = True
15.5524 	EXP 	textboxInstr1_5: autoDraw = True
15.5524 	EXP 	textboxInstr1_6: autoDraw = True
15.5524 	EXP 	textboxInstr1_7: autoDraw = True
15.5524 	EXP 	textboxInstr1_8: autoDraw = True
15.5524 	EXP 	textboxInstr1_9: autoDraw = True
15.5524 	EXP 	textboxInstr1_10: autoDraw = True
15.5524 	EXP 	textboxInstr1_11: autoDraw = True
16.5365 	DATA 	Keypress: space
16.5640 	EXP 	textboxInstr1: autoDraw = False
16.5640 	EXP 	textboxInstr1_3: autoDraw = False
16.5640 	EXP 	textboxInstr1_4: autoDraw = False
16.5640 	EXP 	textboxInstr1_5: autoDraw = False
16.5640 	EXP 	textboxInstr1_6: autoDraw = False
16.5640 	EXP 	textboxInstr1_7: autoDraw = False
16.5640 	EXP 	textboxInstr1_8: autoDraw = False
16.5640 	EXP 	textboxInstr1_9: autoDraw = False
16.5640 	EXP 	textboxInstr1_10: autoDraw = False
16.5640 	EXP 	textboxInstr1_11: autoDraw = False
16.5640 	EXP 	textboxInstr2: autoDraw = True
17.0211 	DATA 	Keypress: space
17.0308 	EXP 	textboxInstr2: autoDraw = False
17.0308 	EXP 	textboxInstr3: autoDraw = True
17.4452 	DATA 	Keypress: space
17.4625 	EXP 	textboxInstr3: autoDraw = False
17.4625 	EXP 	textboxInstrPractice: autoDraw = True
17.4625 	EXP 	textboxInstrPractice_2: autoDraw = True
17.4625 	EXP 	textboxInstrPractice_3: autoDraw = True
17.4625 	EXP 	textboxInstrPractice_4: autoDraw = True
17.4625 	EXP 	textboxInstrPractice_5: autoDraw = True
17.4625 	EXP 	textboxInstrPractice_6: autoDraw = True
17.4625 	EXP 	textboxInstrPractice_7: autoDraw = True
17.4625 	EXP 	textboxInstrPractice_8: autoDraw = True
17.4625 	EXP 	textboxInstrPractice_9: autoDraw = True
17.4625 	EXP 	textboxInstrPractice_10: autoDraw = True
17.4625 	EXP 	textboxInstrPractice_11: autoDraw = True
17.4625 	EXP 	textboxInstrPractice_12: autoDraw = True
17.4625 	EXP 	textboxInstrPractice_13: autoDraw = True
17.4625 	EXP 	textboxInstrPractice_14: autoDraw = True
17.4625 	EXP 	textboxInstrPractice_15: autoDraw = True
17.4625 	EXP 	textboxInstrPractice_16: autoDraw = True
17.4625 	EXP 	textboxInstrPractice_17: autoDraw = True
19.1168 	DATA 	Keypress: space
19.1300 	EXP 	textboxInstrPractice: autoDraw = False
19.1300 	EXP 	textboxInstrPractice_2: autoDraw = False
19.1300 	EXP 	textboxInstrPractice_3: autoDraw = False
19.1300 	EXP 	textboxInstrPractice_4: autoDraw = False
19.1300 	EXP 	textboxInstrPractice_5: autoDraw = False
19.1300 	EXP 	textboxInstrPractice_6: autoDraw = False
19.1300 	EXP 	textboxInstrPractice_7: autoDraw = False
19.1300 	EXP 	textboxInstrPractice_8: autoDraw = False
19.1300 	EXP 	textboxInstrPractice_9: autoDraw = False
19.1300 	EXP 	textboxInstrPractice_10: autoDraw = False
19.1300 	EXP 	textboxInstrPractice_11: autoDraw = False
19.1300 	EXP 	textboxInstrPractice_12: autoDraw = False
19.1300 	EXP 	textboxInstrPractice_13: autoDraw = False
19.1300 	EXP 	textboxInstrPractice_14: autoDraw = False
19.1300 	EXP 	textboxInstrPractice_15: autoDraw = False
19.1300 	EXP 	textboxInstrPractice_16: autoDraw = False
19.1300 	EXP 	textboxInstrPractice_17: autoDraw = False
19.1300 	EXP 	textBlank500: autoDraw = True
19.7352 	EXP 	Imported repswitch_practice.xlsx as conditions, 12 conditions, 4 params
19.7984 	EXP 	Created sequence: sequential, trialTypes=12, nReps=1, seed=None
19.7990 	EXP 	New trial (rep=0, index=0): {'image': 'REPSWITCH1_Practice/PICTURE_612.png', 'correctAns': 'rana', 'respModal': 'TYPE', 'frameColor': 'indigo'}
19.8453 	EXP 	textBlank500: autoDraw = False
19.8453 	EXP 	textBlank500: autoDraw = False
19.8453 	EXP 	fixationITI: autoDraw = True
21.3793 	EXP 	fixationITI: autoDraw = False
21.3793 	EXP 	fixationITI: autoDraw = False
21.3793 	EXP 	polygonCol: fillColor = <psychopy.colors.Color: indigo, alpha=1.0>
21.3793 	EXP 	polygonCol: borderColor = <psychopy.colors.Color: indigo, alpha=1.0>
21.3793 	EXP 	textCue: foreColor = <psychopy.colors.Color: indigo, alpha=1.0>
21.3793 	EXP 	imagePractice: image = 'REPSWITCH1_Practice/PICTURE_612.png'
21.3793 	EXP 	polygonCol: autoDraw = True
21.3793 	EXP 	polygonWh: autoDraw = True
21.3793 	EXP 	textCue: autoDraw = True
21.3793 	EXP 	imagePractice: autoDraw = True
21.3793 	EXP 	polygonText: autoDraw = True
21.3793 	EXP 	textPractice: autoDraw = True
21.3793 	EXP 	textPractice: height = 0.05
21.3793 	EXP 	textPractice: height = 0.05
21.3793 	EXP 	textPractice: height = 0.05
21.3793 	EXP 	textPractice: text = ''
22.7023 	DATA 	Keypress: r
22.8177 	DATA 	Keypress: a
22.9332 	DATA 	Keypress: n
23.0506 	DATA 	Keypress: a
24.2107 	EXP 	polygonCol: autoDraw = False
24.2107 	EXP 	polygonWh: autoDraw = False
24.2107 	EXP 	textCue: autoDraw = False
24.2107 	EXP 	imagePractice: autoDraw = False
24.2107 	EXP 	polygonText: autoDraw = False
24.2107 	EXP 	textPractice: autoDraw = False
24.2107 	EXP 	textBlank500: autoDraw = True
24.5630 	EXP 	New trial (rep=0, index=1): {'image': 'REPSWITCH1_Practice/PICTURE_599.png', 'correctAns': 'nube', 'respModal': 'SPEAK', 'frameColor': 'yellow'}
24.5789 	EXP 	textBlank500: autoDraw = False
24.5789 	EXP 	fixationITI: autoDraw = True
25.8446 	EXP 	fixationITI: autoDraw = False
25.8446 	EXP 	fixationITI: autoDraw = False
25.8446 	EXP 	polygonCol: fillColor = <psychopy.colors.Color: yellow, alpha=1.0>
25.8446 	EXP 	polygonCol: borderColor = <psychopy.colors.Color: yellow, alpha=1.0>
25.8446 	EXP 	textCue: foreColor = <psychopy.colors.Color: yellow, alpha=1.0>
25.8446 	EXP 	imagePractice: image = 'REPSWITCH1_Practice/PICTURE_599.png'
25.8446 	EXP 	polygonCol: autoDraw = True
25.8446 	EXP 	polygonWh: autoDraw = True
25.8446 	EXP 	textCue: autoDraw = True
25.8446 	EXP 	imagePractice: autoDraw = True
25.8446 	EXP 	polygonText: autoDraw = True
25.8446 	EXP 	textPractice: autoDraw = True
26.8167 	DATA 	Keypress: n
27.0335 	DATA 	Keypress: u
27.2832 	DATA 	Keypress: b
27.3503 	DATA 	Keypress: e
28.7765 	EXP 	polygonCol: autoDraw = False
28.7765 	EXP 	polygonWh: autoDraw = False
28.7765 	EXP 	textCue: autoDraw = False
28.7765 	EXP 	imagePractice: autoDraw = False
28.7765 	EXP 	polygonText: autoDraw = False
28.7765 	EXP 	textPractice: autoDraw = False
28.7765 	EXP 	textBlank500: autoDraw = True
29.2613 	EXP 	New trial (rep=0, index=2): {'image': 'REPSWITCH1_Practice/PICTURE_570.png', 'correctAns': 'toro', 'respModal': 'TYPE', 'frameColor': 'indigo'}
29.2775 	EXP 	textBlank500: autoDraw = False
29.2775 	EXP 	fixationITI: autoDraw = True
30.6773 	EXP 	fixationITI: autoDraw = False
30.6773 	EXP 	fixationITI: autoDraw = False
30.6773 	EXP 	polygonCol: fillColor = <psychopy.colors.Color: indigo, alpha=1.0>
30.6773 	EXP 	polygonCol: borderColor = <psychopy.colors.Color: indigo, alpha=1.0>
30.6773 	EXP 	textCue: foreColor = <psychopy.colors.Color: indigo, alpha=1.0>
30.6773 	EXP 	imagePractice: image = 'REPSWITCH1_Practice/PICTURE_570.png'
30.6773 	EXP 	polygonCol: autoDraw = True
30.6773 	EXP 	polygonWh: autoDraw = True
30.6773 	EXP 	textCue: autoDraw = True
30.6773 	EXP 	imagePractice: autoDraw = True
30.6773 	EXP 	polygonText: autoDraw = True
30.6773 	EXP 	textPractice: autoDraw = True
31.4152 	DATA 	Keypress: t
31.5317 	DATA 	Keypress: o
31.6486 	DATA 	Keypress: r
31.7651 	DATA 	Keypress: o
33.6084 	EXP 	polygonCol: autoDraw = False
33.6084 	EXP 	polygonWh: autoDraw = False
33.6084 	EXP 	textCue: autoDraw = False
33.6084 	EXP 	imagePractice: autoDraw = False
33.6084 	EXP 	polygonText: autoDraw = False
33.6084 	EXP 	textPractice: autoDraw = False
33.6084 	EXP 	textBlank500: autoDraw = True
34.0767 	EXP 	New trial (rep=0, index=3): {'image': 'REPSWITCH1_Practice/PICTURE_570.png', 'correctAns': 'toro', 'respModal': 'TYPE', 'frameColor': 'indigo'}
34.0930 	EXP 	textBlank500: autoDraw = False
34.0930 	EXP 	fixationITI: autoDraw = True
35.1606 	EXP 	fixationITI: autoDraw = False
35.1606 	EXP 	fixationITI: autoDraw = False
35.1606 	EXP 	polygonCol: fillColor = <psychopy.colors.Color: indigo, alpha=1.0>
35.1606 	EXP 	polygonCol: borderColor = <psychopy.colors.Color: indigo, alpha=1.0>
35.1606 	EXP 	textCue: foreColor = <psychopy.colors.Color: indigo, alpha=1.0>
35.1606 	EXP 	imagePractice: image = 'REPSWITCH1_Practice/PICTURE_570.png'
35.1606 	EXP 	polygonCol: autoDraw = True
35.1606 	EXP 	polygonWh: autoDraw = True
35.1606 	EXP 	textCue: autoDraw = True
35.1606 	EXP 	imagePractice: autoDraw = True
35.1606 	EXP 	polygonText: autoDraw = True
35.1606 	EXP 	textPractice: autoDraw = True
35.6293 	DATA 	Keypress: t
35.7626 	DATA 	Keypress: o
35.8797 	DATA 	Keypress: r
36.0133 	DATA 	Keypress: o
38.3008 	EXP 	window1: mouseVisible = True
