11.0093 	EXP 	Created window1 = Window(allowGUI=True, allowStencil=False, autoLog=True, backendConf=UNKNOWN, bitsMode=UNKNOWN, blendMode='avg', bpc=(8, 8, 8), color=array([0, 0, 0]), colorSpace='rgb', depthBits=8, fullscr=<method-wrapper '__getattribute__' of attributeSetter object at 0x000002567121C760>, gamma=None, gammaErrorPolicy='raise', lms=UNKNOWN, monitor=<psychopy.monitors.calibTools.Monitor object at 0x000002567319E3A0>, multiSample=False, name='window1', numSamples=2, pos=(192, 108), screen=0, size=array([1536,  864]), stencilBits=0, stereo=False, units='height', useFBO=True, useRetina=False, viewOri=0.0, viewPos=None, viewScale=None, waitBlanking=True, winType='pyglet')
11.0094 	EXP 	window1: mouseVisible = True
11.0094 	EXP 	window1: mouseVisible = True
11.0094 	EXP 	window1: Attempting to measure frame rate of screen (0) ...
11.0095 	EXP 	window1: recordFrameIntervals = False
11.1772 	EXP 	window1: recordFrameIntervals = True
11.3595 	EXP 	Screen (0) actual frame rate measured at 60.19Hz
11.3596 	EXP 	window1: recordFrameIntervals = False
11.3815 	WARNING 	launchHubServer: If using the iohub mouse or eyetracker devices, fullScr should be True.
13.6900 	EXP 	Created textWelcomeFam = TextStim(__class__=<class 'psychopy.visual.text.TextStim'>, alignHoriz=method-wrapper(...), alignText='center', alignVert=method-wrapper(...), anchorHoriz='center', anchorVert='center', antialias=True, autoDraw=False, autoLog=True, bold=False, color=array([1, 1, 1]), colorSpace='rgb', contrast=1.0, depth=0.0, flipHoriz=False, flipVert=False, font='Open Sans', fontFiles=[], height=0.05, italic=False, languageStyle='LTR', name='textWelcomeFam', opacity=1.0, ori=0.0, pos=array([0., 0.]), rgb=UNKNOWN, text='Welcome to the experiment!', units='height', win=Window(...), wrapWidth=1)
13.6910 	EXP 	Created textBlank500 = TextStim(__class__=<class 'psychopy.visual.text.TextStim'>, alignHoriz=method-wrapper(...), alignText='center', alignVert=method-wrapper(...), anchorHoriz='center', anchorVert='center', antialias=True, autoDraw=False, autoLog=True, bold=False, color=array([1, 1, 1]), colorSpace='rgb', contrast=1.0, depth=0.0, flipHoriz=False, flipVert=False, font='Open Sans', fontFiles=[], height=0.05, italic=False, languageStyle='LTR', name='textBlank500', opacity=1.0, ori=0.0, pos=array([0., 0.]), rgb=UNKNOWN, text='', units='height', win=Window(...), wrapWidth=1)
13.7892 	EXP 	Created textBlank500 = TextStim(__class__=<class 'psychopy.visual.text.TextStim'>, alignHoriz=method-wrapper(...), alignText='center', alignVert=method-wrapper(...), anchorHoriz='center', anchorVert='center', antialias=True, autoDraw=False, autoLog=True, bold=False, color=array([1, 1, 1]), colorSpace='rgb', contrast=1.0, depth=0.0, flipHoriz=False, flipVert=False, font='Open Sans', fontFiles=[], height=0.05, italic=False, languageStyle='LTR', name='textBlank500', opacity=1.0, ori=0.0, pos=array([0., 0.]), rgb=UNKNOWN, text='', units='height', win=Window(...), wrapWidth=1)
13.7915 	EXP 	Created fixationITI = ShapeStim(__class__=<class 'psychopy.visual.shape.ShapeStim'>, anchor=('center', 'center'), autoDraw=False, autoLog=True, closeShape=True, color=method-wrapper(...), colorSpace='rgb', contrast=None, depth=0.0, fillColor=array([1, 1, 1]), fillColorSpace='rgb', fillRGB=array([1, 1, 1]), interpolate=True, lineColor=array([1, 1, 1]), lineColorSpace='rgb', lineRGB=array([1, 1, 1]), lineWidth=1.0, name='fixationITI', opacity=1.0, ori=0.0, pos=array([0., 0.]), size=array([0.1, 0.1]), units='height', vertices=ndarray(...), win=Window(...), windingRule=None)
13.7930 	EXP 	Created polygonWhiteFam = Rect(__class__=<class 'psychopy.visual.rect.Rect'>, anchor=('center', 'center'), autoDraw=False, autoLog=True, closeShape=True, color=method-wrapper(...), colorSpace='rgb', contrast=None, depth=0.0, fillColor=array([1, 1, 1]), fillColorSpace='rgb', fillRGB=array([1, 1, 1]), interpolate=True, lineColor=array([1, 1, 1]), lineColorSpace='rgb', lineRGB=array([1, 1, 1]), lineWidth=1.0, name='polygonWhiteFam', opacity=1.0, ori=0.0, pos=array([0., 0.]), size=array([0.5, 0.5]), units='height', vertices=ndarray(...), win=Window(...))
13.8032 	EXP 	Created imageFam = ImageStim(__class__=<class 'psychopy.visual.image.ImageStim'>, anchor=('center', 'center'), autoLog=True, color=array([1, 1, 1]), colorSpace='rgb', contrast=1.0, depth=-1.0, flipHoriz=False, flipVert=False, image='sin', interpolate=True, mask=None, maskParams=None, name='imageFam', opacity=1.0, ori=0.0, pos=array([0., 0.]), size=array([0.5, 0.5]), texRes=128.0, units='height', win=Window(...))
13.8047 	EXP 	Created textFam = TextStim(__class__=<class 'psychopy.visual.text.TextStim'>, alignHoriz=method-wrapper(...), alignText='center', alignVert=method-wrapper(...), anchorHoriz='center', anchorVert='center', antialias=True, autoDraw=False, autoLog=True, bold=False, color=array([1, 1, 1]), colorSpace='rgb', contrast=1.0, depth=-2.0, flipHoriz=False, flipVert=False, font='Open Sans', fontFiles=[], height=0.05, italic=False, languageStyle='LTR', name='textFam', opacity=1.0, ori=0.0, pos=array([ 0. , -0.3]), rgb=UNKNOWN, text='', units='height', win=Window(...), wrapWidth=1)
15.1660 	EXP 	Created textBlank500 = TextStim(__class__=<class 'psychopy.visual.text.TextStim'>, alignHoriz=method-wrapper(...), alignText='center', alignVert=method-wrapper(...), anchorHoriz='center', anchorVert='center', antialias=True, autoDraw=False, autoLog=True, bold=False, color=array([1, 1, 1]), colorSpace='rgb', contrast=1.0, depth=0.0, flipHoriz=False, flipVert=False, font='Open Sans', fontFiles=[], height=0.05, italic=False, languageStyle='LTR', name='textBlank500', opacity=1.0, ori=0.0, pos=array([0., 0.]), rgb=UNKNOWN, text='', units='height', win=Window(...), wrapWidth=1)
15.1670 	EXP 	Created textBlank500 = TextStim(__class__=<class 'psychopy.visual.text.TextStim'>, alignHoriz=method-wrapper(...), alignText='center', alignVert=method-wrapper(...), anchorHoriz='center', anchorVert='center', antialias=True, autoDraw=False, autoLog=True, bold=False, color=array([1, 1, 1]), colorSpace='rgb', contrast=1.0, depth=0.0, flipHoriz=False, flipVert=False, font='Open Sans', fontFiles=[], height=0.05, italic=False, languageStyle='LTR', name='textBlank500', opacity=1.0, ori=0.0, pos=array([0., 0.]), rgb=UNKNOWN, text='', units='height', win=Window(...), wrapWidth=1)
16.0631 	EXP 	textboxInstrFam: autoLog = True
16.0631 	EXP 	textboxEndFam: autoLog = True
16.0631 	EXP 	textWelcomeFam: autoDraw = True
17.2271 	EXP 	textWelcomeFam: autoDraw = False
17.2271 	EXP 	textBlank500: autoDraw = True
17.7245 	EXP 	textBlank500: autoDraw = False
17.7245 	EXP 	textboxInstrFam: autoDraw = True
19.2327 	DATA 	Mouse: Left button down, pos=(563,251)
19.3620 	DATA 	Mouse:  Left button up, pos=(563,251)
19.6763 	DATA 	Keypress: space
19.6908 	EXP 	textboxInstrFam: autoDraw = False
19.6908 	EXP 	textBlank500: autoDraw = True
20.1891 	EXP 	Imported repswitch_fam.xlsx as conditions, 39 conditions, 2 params
20.1899 	EXP 	Created sequence: random, trialTypes=39, nReps=1, seed=None
20.1901 	EXP 	New trial (rep=0, index=0): {'image': 'REPSWITCH1_Fam/PICTURE_319.png', 'correctAns': 'vaca'}
20.2058 	EXP 	textBlank500: autoDraw = False
20.2058 	EXP 	textBlank500: autoDraw = False
20.2058 	EXP 	fixationITI: autoDraw = True
21.5058 	EXP 	fixationITI: autoDraw = False
21.5058 	EXP 	fixationITI: autoDraw = False
21.5058 	EXP 	imageFam: image = 'REPSWITCH1_Fam/PICTURE_319.png'
21.5058 	EXP 	polygonWhiteFam: autoDraw = True
21.5058 	EXP 	imageFam: autoDraw = True
24.8731 	EXP 	textFam: autoDraw = True
27.3730 	EXP 	textFam: autoDraw = False
27.5597 	EXP 	window1: mouseVisible = True
