12.8897 	EXP 	Created window1 = Window(allowGUI=True, allowStencil=False, autoLog=True, backendConf=UNKNOWN, bitsMode=UNKNOWN, blendMode='avg', bpc=(8, 8, 8), color=array([0, 0, 0]), colorSpace='rgb', depthBits=8, fullscr=<method-wrapper '__getattribute__' of attributeSetter object at 0x0000027F5EC56A00>, gamma=None, gammaErrorPolicy='raise', lms=UNKNOWN, monitor=<psychopy.monitors.calibTools.Monitor object at 0x0000027F60BDF520>, multiSample=False, name='window1', numSamples=2, pos=(192, 108), screen=0, size=array([1536,  864]), stencilBits=0, stereo=False, units='height', useFBO=True, useRetina=False, viewOri=0.0, viewPos=None, viewScale=None, waitBlanking=True, winType='pyglet')
12.8899 	EXP 	window1: mouseVisible = True
12.8899 	EXP 	window1: mouseVisible = True
12.8900 	EXP 	window1: Attempting to measure frame rate of screen (0) ...
12.8900 	EXP 	window1: recordFrameIntervals = False
13.0566 	EXP 	window1: recordFrameIntervals = True
13.2400 	EXP 	Screen (0) actual frame rate measured at 59.99Hz
13.2401 	EXP 	window1: recordFrameIntervals = False
13.2957 	WARNING 	launchHubServer: If using the iohub mouse or eyetracker devices, fullScr should be True.
16.2789 	EXP 	Created textWelcomePractice = TextStim(__class__=<class 'psychopy.visual.text.TextStim'>, alignHoriz=method-wrapper(...), alignText='center', alignVert=method-wrapper(...), anchorHoriz='center', anchorVert='center', antialias=True, autoDraw=False, autoLog=True, bold=False, color=array([1, 1, 1]), colorSpace='rgb', contrast=1.0, depth=0.0, flipHoriz=False, flipVert=False, font='Open Sans', fontFiles=[], height=0.05, italic=False, languageStyle='LTR', name='textWelcomePractice', opacity=1.0, ori=0.0, pos=array([0., 0.]), rgb=UNKNOWN, text='Welcome to the second part of the experiment!', units='height', win=Window(...), wrapWidth=1)
16.2811 	EXP 	Created textBlank500 = TextStim(__class__=<class 'psychopy.visual.text.TextStim'>, alignHoriz=method-wrapper(...), alignText='center', alignVert=method-wrapper(...), anchorHoriz='center', anchorVert='center', antialias=True, autoDraw=False, autoLog=True, bold=False, color=array([1, 1, 1]), colorSpace='rgb', contrast=1.0, depth=0.0, flipHoriz=False, flipVert=False, font='Open Sans', fontFiles=[], height=0.05, italic=False, languageStyle='LTR', name='textBlank500', opacity=1.0, ori=0.0, pos=array([0., 0.]), rgb=UNKNOWN, text='', units='height', win=Window(...), wrapWidth=1)
16.3970 	EXP 	Created textInstrPractice = TextStim(__class__=<class 'psychopy.visual.text.TextStim'>, alignHoriz=method-wrapper(...), alignText='center', alignVert=method-wrapper(...), anchorHoriz='center', anchorVert='center', antialias=True, autoDraw=False, autoLog=True, bold=False, color=array([1, 1, 1]), colorSpace='rgb', contrast=1.0, depth=0.0, flipHoriz=False, flipVert=False, font='Open Sans', fontFiles=[], height=0.03, italic=False, languageStyle='LTR', name='textInstrPractice', opacity=1.0, ori=0.0, pos=array([0., 0.]), rgb=UNKNOWN, text=str(...), units='height', win=Window(...), wrapWidth=1)
16.3997 	EXP 	Created textBlank500 = TextStim(__class__=<class 'psychopy.visual.text.TextStim'>, alignHoriz=method-wrapper(...), alignText='center', alignVert=method-wrapper(...), anchorHoriz='center', anchorVert='center', antialias=True, autoDraw=False, autoLog=True, bold=False, color=array([1, 1, 1]), colorSpace='rgb', contrast=1.0, depth=0.0, flipHoriz=False, flipVert=False, font='Open Sans', fontFiles=[], height=0.05, italic=False, languageStyle='LTR', name='textBlank500', opacity=1.0, ori=0.0, pos=array([0., 0.]), rgb=UNKNOWN, text='', units='height', win=Window(...), wrapWidth=1)
16.4050 	EXP 	Created fixationITI = ShapeStim(__class__=<class 'psychopy.visual.shape.ShapeStim'>, anchor=('center', 'center'), autoDraw=False, autoLog=True, closeShape=True, color=method-wrapper(...), colorSpace='rgb', contrast=None, depth=0.0, fillColor=array([1, 1, 1]), fillColorSpace='rgb', fillRGB=array([1, 1, 1]), interpolate=True, lineColor=array([1, 1, 1]), lineColorSpace='rgb', lineRGB=array([1, 1, 1]), lineWidth=1.0, name='fixationITI', opacity=1.0, ori=0.0, pos=array([0., 0.]), size=array([0.1, 0.1]), units='height', vertices=ndarray(...), win=Window(...), windingRule=None)
16.4088 	EXP 	Created polygonCol = Rect(__class__=<class 'psychopy.visual.rect.Rect'>, anchor=('center', 'center'), autoDraw=False, autoLog=True, closeShape=True, color=method-wrapper(...), colorSpace='rgb', contrast=None, depth=0.0, fillColor=array([1, 1, 1]), fillColorSpace='rgb', fillRGB=array([1, 1, 1]), interpolate=True, lineColor=array([1, 1, 1]), lineColorSpace='rgb', lineRGB=array([1, 1, 1]), lineWidth=1.0, name='polygonCol', opacity=1.0, ori=0.0, pos=array([0., 0.]), size=array([0.55, 0.55]), units='height', vertices=ndarray(...), win=Window(...))
16.4103 	EXP 	Created textCue = TextStim(__class__=<class 'psychopy.visual.text.TextStim'>, alignHoriz=method-wrapper(...), alignText='center', alignVert=method-wrapper(...), anchorHoriz='center', anchorVert='center', antialias=True, autoDraw=False, autoLog=True, bold=False, color=array([1, 1, 1]), colorSpace='rgb', contrast=1.0, depth=-1.0, flipHoriz=False, flipVert=False, font='Open Sans', fontFiles=[], height=0.05, italic=False, languageStyle='LTR', name='textCue', opacity=1.0, ori=0.0, pos=array([1., 1.]), rgb=UNKNOWN, text='', units='height', win=Window(...), wrapWidth=1)
16.4130 	EXP 	Created polygonWh = Rect(__class__=<class 'psychopy.visual.rect.Rect'>, anchor=('center', 'center'), autoDraw=False, autoLog=True, closeShape=True, color=method-wrapper(...), colorSpace='rgb', contrast=None, depth=-2.0, fillColor=array([1, 1, 1]), fillColorSpace='rgb', fillRGB=array([1, 1, 1]), interpolate=True, lineColor=array([1, 1, 1]), lineColorSpace='rgb', lineRGB=array([1, 1, 1]), lineWidth=1.0, name='polygonWh', opacity=1.0, ori=0.0, pos=array([0., 0.]), size=array([0.5, 0.5]), units='height', vertices=ndarray(...), win=Window(...))
16.4347 	EXP 	Created imagePractice = ImageStim(__class__=<class 'psychopy.visual.image.ImageStim'>, anchor=('center', 'center'), autoLog=True, color=array([1, 1, 1]), colorSpace='rgb', contrast=1.0, depth=-3.0, flipHoriz=False, flipVert=False, image='sin', interpolate=True, mask=None, maskParams=None, name='imagePractice', opacity=1.0, ori=0.0, pos=array([0., 0.]), size=array([0.5, 0.5]), texRes=128.0, units='height', win=Window(...))
16.4371 	EXP 	Created polygonText = Rect(__class__=<class 'psychopy.visual.rect.Rect'>, anchor=('center', 'center'), autoDraw=False, autoLog=True, closeShape=True, color=method-wrapper(...), colorSpace='rgb', contrast=None, depth=-4.0, fillColor=array([0.9216, 0.9216, 0.9216]), fillColorSpace='rgb', fillRGB=array([0.9216, 0.9216, 0.9216]), interpolate=True, lineColor=array([0.9216, 0.9216, 0.9216]), lineColorSpace='rgb', lineRGB=array([0.9216, 0.9216, 0.9216]), lineWidth=1.0, name='polygonText', opacity=1.0, ori=0.0, pos=array([0., 0.]), size=array([0.2, 0.1]), units='height', vertices=ndarray(...), win=Window(...))
16.4382 	EXP 	Created textPractice = TextStim(__class__=<class 'psychopy.visual.text.TextStim'>, alignHoriz=method-wrapper(...), alignText='center', alignVert=method-wrapper(...), anchorHoriz='center', anchorVert='center', antialias=True, autoDraw=False, autoLog=True, bold=False, color=array([-1., -1., -1.]), colorSpace='rgb', contrast=1.0, depth=-5.0, flipHoriz=False, flipVert=False, font='Open Sans', fontFiles=[], height=0.05, italic=False, languageStyle='LTR', name='textPractice', opacity=1.0, ori=0.0, pos=array([0., 0.]), rgb=UNKNOWN, text='', units='height', win=Window(...), wrapWidth=1)
17.5436 	EXP 	Created textBlank500 = TextStim(__class__=<class 'psychopy.visual.text.TextStim'>, alignHoriz=method-wrapper(...), alignText='center', alignVert=method-wrapper(...), anchorHoriz='center', anchorVert='center', antialias=True, autoDraw=False, autoLog=True, bold=False, color=array([1, 1, 1]), colorSpace='rgb', contrast=1.0, depth=0.0, flipHoriz=False, flipVert=False, font='Open Sans', fontFiles=[], height=0.05, italic=False, languageStyle='LTR', name='textBlank500', opacity=1.0, ori=0.0, pos=array([0., 0.]), rgb=UNKNOWN, text='', units='height', win=Window(...), wrapWidth=1)
17.5473 	EXP 	Created textBlank500 = TextStim(__class__=<class 'psychopy.visual.text.TextStim'>, alignHoriz=method-wrapper(...), alignText='center', alignVert=method-wrapper(...), anchorHoriz='center', anchorVert='center', antialias=True, autoDraw=False, autoLog=True, bold=False, color=array([1, 1, 1]), colorSpace='rgb', contrast=1.0, depth=0.0, flipHoriz=False, flipVert=False, font='Open Sans', fontFiles=[], height=0.05, italic=False, languageStyle='LTR', name='textBlank500', opacity=1.0, ori=0.0, pos=array([0., 0.]), rgb=UNKNOWN, text='', units='height', win=Window(...), wrapWidth=1)
17.6036 	EXP 	Created text = TextStim(__class__=<class 'psychopy.visual.text.TextStim'>, alignHoriz=method-wrapper(...), alignText='center', alignVert=method-wrapper(...), anchorHoriz='center', anchorVert='center', antialias=True, autoDraw=False, autoLog=True, bold=False, color=array([1, 1, 1]), colorSpace='rgb', contrast=1.0, depth=0.0, flipHoriz=False, flipVert=False, font='Open Sans', fontFiles=[], height=0.05, italic=False, languageStyle='LTR', name='text', opacity=1.0, ori=0.0, pos=array([0., 0.]), rgb=UNKNOWN, text=str(...), units='height', win=Window(...), wrapWidth=1)
17.6341 	EXP 	textWelcomePractice: autoDraw = True
19.6221 	EXP 	textWelcomePractice: autoDraw = False
19.6221 	EXP 	textBlank500: autoDraw = True
20.1227 	EXP 	textBlank500: autoDraw = False
20.1227 	EXP 	textInstrPractice: autoDraw = True
20.5956 	DATA 	Keypress: space
20.6045 	EXP 	textInstrPractice: autoDraw = False
20.6045 	EXP 	textBlank500: autoDraw = True
21.1676 	EXP 	Imported repswitch_practice.xlsx as conditions, 24 conditions, 8 params
21.1700 	EXP 	Created sequence: sequential, trialTypes=24, nReps=1, seed=None
21.1713 	EXP 	New trial (rep=0, index=0): {'image': 'REPSWITCH1_Practice/PICTURE_612.png', 'correctAns': 'rana', 'respModal': 'speak', 'frameColor': 'yellow', 'modalSymb': 'REPSWITCH1_Practice/lips.png', 'repSwitch': 'nontarget', 'sequence': 2, 'target': 'NT'}
21.1860 	EXP 	textBlank500: autoDraw = False
21.1860 	EXP 	textBlank500: autoDraw = False
21.1860 	EXP 	fixationITI: autoDraw = True
22.5200 	EXP 	fixationITI: autoDraw = False
22.5200 	EXP 	fixationITI: autoDraw = False
22.5200 	EXP 	polygonCol: fillColor = <psychopy.colors.Color: yellow, alpha=1.0>
22.5200 	EXP 	polygonCol: borderColor = <psychopy.colors.Color: yellow, alpha=1.0>
22.5200 	EXP 	textCue: foreColor = <psychopy.colors.Color: black, alpha=1.0>
22.5200 	EXP 	textCue: height = 0.05
22.5200 	EXP 	textCue: height = 0.05
22.5200 	EXP 	textCue: height = 0.05
22.5200 	EXP 	textCue: text = 'speak'
22.5200 	EXP 	imagePractice: image = 'REPSWITCH1_Practice/PICTURE_612.png'
22.5200 	EXP 	polygonCol: autoDraw = True
22.5200 	EXP 	textCue: autoDraw = True
22.5200 	EXP 	polygonWh: autoDraw = True
22.5200 	EXP 	imagePractice: autoDraw = True
22.5200 	EXP 	polygonText: autoDraw = True
22.5200 	EXP 	textPractice: autoDraw = True
22.5200 	EXP 	textPractice: height = 0.05
22.5200 	EXP 	textPractice: height = 0.05
22.5200 	EXP 	textPractice: height = 0.05
22.5200 	EXP 	textPractice: text = ''
25.4019 	EXP 	polygonCol: autoDraw = False
25.4019 	EXP 	textCue: autoDraw = False
25.4019 	EXP 	polygonWh: autoDraw = False
25.4019 	EXP 	imagePractice: autoDraw = False
25.4019 	EXP 	polygonText: autoDraw = False
25.4019 	EXP 	textPractice: autoDraw = False
25.4019 	EXP 	textBlank500: autoDraw = True
25.8544 	EXP 	New trial (rep=0, index=1): {'image': 'REPSWITCH1_Practice/PICTURE_612.png', 'correctAns': 'rana', 'respModal': 'speak', 'frameColor': 'yellow', 'modalSymb': 'REPSWITCH1_Practice/lips.png', 'repSwitch': 'repeat', 'sequence': 2, 'target': 'T'}
25.8700 	EXP 	textBlank500: autoDraw = False
25.8700 	EXP 	fixationITI: autoDraw = True
27.1557 	EXP 	fixationITI: autoDraw = False
27.1557 	EXP 	fixationITI: autoDraw = False
27.1557 	EXP 	polygonCol: fillColor = <psychopy.colors.Color: yellow, alpha=1.0>
27.1557 	EXP 	polygonCol: borderColor = <psychopy.colors.Color: yellow, alpha=1.0>
27.1557 	EXP 	textCue: foreColor = <psychopy.colors.Color: black, alpha=1.0>
27.1557 	EXP 	textCue: text = 'speak'
27.1557 	EXP 	imagePractice: image = 'REPSWITCH1_Practice/PICTURE_612.png'
27.1557 	EXP 	polygonCol: autoDraw = True
27.1557 	EXP 	textCue: autoDraw = True
27.1557 	EXP 	polygonWh: autoDraw = True
27.1557 	EXP 	imagePractice: autoDraw = True
27.1557 	EXP 	polygonText: autoDraw = True
27.1557 	EXP 	textPractice: autoDraw = True
27.9110 	DATA 	Keypress: escape
28.9278 	EXP 	window1: mouseVisible = True
