18.8885 	EXP 	Created window1 = Window(allowGUI=True, allowStencil=False, autoLog=True, backendConf=UNKNOWN, bitsMode=UNKNOWN, blendMode='avg', bpc=(8, 8, 8), color=array([0, 0, 0]), colorSpace='rgb', depthBits=8, fullscr=<method-wrapper '__getattribute__' of attributeSetter object at 0x000001F7BD7B6AC0>, gamma=None, gammaErrorPolicy='raise', lms=UNKNOWN, monitor=<psychopy.monitors.calibTools.Monitor object at 0x000001F7BF73F610>, multiSample=False, name='window1', numSamples=2, pos=(192, 108), screen=0, size=array([1536,  864]), stencilBits=0, stereo=False, units='height', useFBO=True, useRetina=False, viewOri=0.0, viewPos=None, viewScale=None, waitBlanking=True, winType='pyglet')
18.8888 	EXP 	window1: mouseVisible = True
18.8889 	EXP 	window1: mouseVisible = True
18.8889 	EXP 	window1: Attempting to measure frame rate of screen (0) ...
18.8890 	EXP 	window1: recordFrameIntervals = False
19.0540 	EXP 	window1: recordFrameIntervals = True
19.2377 	EXP 	Screen (0) actual frame rate measured at 59.94Hz
19.2378 	EXP 	window1: recordFrameIntervals = False
19.3007 	WARNING 	launchHubServer: If using the iohub mouse or eyetracker devices, fullScr should be True.
22.1479 	EXP 	Created textWelcomePractice = TextStim(__class__=<class 'psychopy.visual.text.TextStim'>, alignHoriz=method-wrapper(...), alignText='center', alignVert=method-wrapper(...), anchorHoriz='center', anchorVert='center', antialias=True, autoDraw=False, autoLog=True, bold=False, color=array([1, 1, 1]), colorSpace='rgb', contrast=1.0, depth=0.0, flipHoriz=False, flipVert=False, font='Open Sans', fontFiles=[], height=0.05, italic=False, languageStyle='LTR', name='textWelcomePractice', opacity=1.0, ori=0.0, pos=array([0., 0.]), rgb=UNKNOWN, text='Welcome to the second part of the experiment!', units='height', win=Window(...), wrapWidth=1)
22.1505 	EXP 	Created textBlank500 = TextStim(__class__=<class 'psychopy.visual.text.TextStim'>, alignHoriz=method-wrapper(...), alignText='center', alignVert=method-wrapper(...), anchorHoriz='center', anchorVert='center', antialias=True, autoDraw=False, autoLog=True, bold=False, color=array([1, 1, 1]), colorSpace='rgb', contrast=1.0, depth=0.0, flipHoriz=False, flipVert=False, font='Open Sans', fontFiles=[], height=0.05, italic=False, languageStyle='LTR', name='textBlank500', opacity=1.0, ori=0.0, pos=array([0., 0.]), rgb=UNKNOWN, text='', units='height', win=Window(...), wrapWidth=1)
22.2338 	EXP 	Created textInstrPractice = TextStim(__class__=<class 'psychopy.visual.text.TextStim'>, alignHoriz=method-wrapper(...), alignText='center', alignVert=method-wrapper(...), anchorHoriz='center', anchorVert='center', antialias=True, autoDraw=False, autoLog=True, bold=False, color=array([1, 1, 1]), colorSpace='rgb', contrast=1.0, depth=0.0, flipHoriz=False, flipVert=False, font='Open Sans', fontFiles=[], height=0.03, italic=False, languageStyle='LTR', name='textInstrPractice', opacity=1.0, ori=0.0, pos=array([0., 0.]), rgb=UNKNOWN, text=str(...), units='height', win=Window(...), wrapWidth=1)
22.2353 	EXP 	Created textBlank500 = TextStim(__class__=<class 'psychopy.visual.text.TextStim'>, alignHoriz=method-wrapper(...), alignText='center', alignVert=method-wrapper(...), anchorHoriz='center', anchorVert='center', antialias=True, autoDraw=False, autoLog=True, bold=False, color=array([1, 1, 1]), colorSpace='rgb', contrast=1.0, depth=0.0, flipHoriz=False, flipVert=False, font='Open Sans', fontFiles=[], height=0.05, italic=False, languageStyle='LTR', name='textBlank500', opacity=1.0, ori=0.0, pos=array([0., 0.]), rgb=UNKNOWN, text='', units='height', win=Window(...), wrapWidth=1)
22.2388 	EXP 	Created fixationITI = ShapeStim(__class__=<class 'psychopy.visual.shape.ShapeStim'>, anchor=('center', 'center'), autoDraw=False, autoLog=True, closeShape=True, color=method-wrapper(...), colorSpace='rgb', contrast=None, depth=0.0, fillColor=array([1, 1, 1]), fillColorSpace='rgb', fillRGB=array([1, 1, 1]), interpolate=True, lineColor=array([1, 1, 1]), lineColorSpace='rgb', lineRGB=array([1, 1, 1]), lineWidth=1.0, name='fixationITI', opacity=1.0, ori=0.0, pos=array([0., 0.]), size=array([0.1, 0.1]), units='height', vertices=ndarray(...), win=Window(...), windingRule=None)
22.2414 	EXP 	Created polygonCol = Rect(__class__=<class 'psychopy.visual.rect.Rect'>, anchor=('center', 'center'), autoDraw=False, autoLog=True, closeShape=True, color=method-wrapper(...), colorSpace='rgb', contrast=None, depth=0.0, fillColor=array([1, 1, 1]), fillColorSpace='rgb', fillRGB=array([1, 1, 1]), interpolate=True, lineColor=array([1, 1, 1]), lineColorSpace='rgb', lineRGB=array([1, 1, 1]), lineWidth=1.0, name='polygonCol', opacity=1.0, ori=0.0, pos=array([0., 0.]), size=array([0.55, 0.55]), units='height', vertices=ndarray(...), win=Window(...))
22.2431 	EXP 	Created polygonWh = Rect(__class__=<class 'psychopy.visual.rect.Rect'>, anchor=('center', 'center'), autoDraw=False, autoLog=True, closeShape=True, color=method-wrapper(...), colorSpace='rgb', contrast=None, depth=-1.0, fillColor=array([1, 1, 1]), fillColorSpace='rgb', fillRGB=array([1, 1, 1]), interpolate=True, lineColor=array([1, 1, 1]), lineColorSpace='rgb', lineRGB=array([1, 1, 1]), lineWidth=1.0, name='polygonWh', opacity=1.0, ori=0.0, pos=array([0., 0.]), size=array([0.5, 0.5]), units='height', vertices=ndarray(...), win=Window(...))
22.2441 	EXP 	Created textCue = TextStim(__class__=<class 'psychopy.visual.text.TextStim'>, alignHoriz=method-wrapper(...), alignText='center', alignVert=method-wrapper(...), anchorHoriz='center', anchorVert='center', antialias=True, autoDraw=False, autoLog=True, bold=False, color=array([1, 1, 1]), colorSpace='rgb', contrast=1.0, depth=-2.0, flipHoriz=False, flipVert=False, font='Open Sans', fontFiles=[], height=0.05, italic=False, languageStyle='LTR', name='textCue', opacity=1.0, ori=0.0, pos=array([0. , 0.3]), rgb=UNKNOWN, text='', units='height', win=Window(...), wrapWidth=1)
22.2602 	EXP 	Created imagePractice = ImageStim(__class__=<class 'psychopy.visual.image.ImageStim'>, anchor=('center', 'center'), autoLog=True, color=array([1, 1, 1]), colorSpace='rgb', contrast=1.0, depth=-3.0, flipHoriz=False, flipVert=False, image='sin', interpolate=True, mask=None, maskParams=None, name='imagePractice', opacity=1.0, ori=0.0, pos=array([0., 0.]), size=array([0.5, 0.5]), texRes=128.0, units='height', win=Window(...))
22.2627 	EXP 	Created polygonText = Rect(__class__=<class 'psychopy.visual.rect.Rect'>, anchor=('center', 'center'), autoDraw=False, autoLog=True, closeShape=True, color=method-wrapper(...), colorSpace='rgb', contrast=None, depth=-4.0, fillColor=array([0.9216, 0.9216, 0.9216]), fillColorSpace='rgb', fillRGB=array([0.9216, 0.9216, 0.9216]), interpolate=True, lineColor=array([0.9216, 0.9216, 0.9216]), lineColorSpace='rgb', lineRGB=array([0.9216, 0.9216, 0.9216]), lineWidth=1.0, name='polygonText', opacity=1.0, ori=0.0, pos=array([0., 0.]), size=array([0.2, 0.1]), units='height', vertices=ndarray(...), win=Window(...))
22.2644 	EXP 	Created textPractice = TextStim(__class__=<class 'psychopy.visual.text.TextStim'>, alignHoriz=method-wrapper(...), alignText='center', alignVert=method-wrapper(...), anchorHoriz='center', anchorVert='center', antialias=True, autoDraw=False, autoLog=True, bold=False, color=array([-1., -1., -1.]), colorSpace='rgb', contrast=1.0, depth=-5.0, flipHoriz=False, flipVert=False, font='Open Sans', fontFiles=[], height=0.05, italic=False, languageStyle='LTR', name='textPractice', opacity=1.0, ori=0.0, pos=array([0., 0.]), rgb=UNKNOWN, text='', units='height', win=Window(...), wrapWidth=1)
23.3277 	EXP 	Created textBlank500 = TextStim(__class__=<class 'psychopy.visual.text.TextStim'>, alignHoriz=method-wrapper(...), alignText='center', alignVert=method-wrapper(...), anchorHoriz='center', anchorVert='center', antialias=True, autoDraw=False, autoLog=True, bold=False, color=array([1, 1, 1]), colorSpace='rgb', contrast=1.0, depth=0.0, flipHoriz=False, flipVert=False, font='Open Sans', fontFiles=[], height=0.05, italic=False, languageStyle='LTR', name='textBlank500', opacity=1.0, ori=0.0, pos=array([0., 0.]), rgb=UNKNOWN, text='', units='height', win=Window(...), wrapWidth=1)
23.3311 	EXP 	Created textBlank500 = TextStim(__class__=<class 'psychopy.visual.text.TextStim'>, alignHoriz=method-wrapper(...), alignText='center', alignVert=method-wrapper(...), anchorHoriz='center', anchorVert='center', antialias=True, autoDraw=False, autoLog=True, bold=False, color=array([1, 1, 1]), colorSpace='rgb', contrast=1.0, depth=0.0, flipHoriz=False, flipVert=False, font='Open Sans', fontFiles=[], height=0.05, italic=False, languageStyle='LTR', name='textBlank500', opacity=1.0, ori=0.0, pos=array([0., 0.]), rgb=UNKNOWN, text='', units='height', win=Window(...), wrapWidth=1)
23.3700 	EXP 	Created text = TextStim(__class__=<class 'psychopy.visual.text.TextStim'>, alignHoriz=method-wrapper(...), alignText='center', alignVert=method-wrapper(...), anchorHoriz='center', anchorVert='center', antialias=True, autoDraw=False, autoLog=True, bold=False, color=array([1, 1, 1]), colorSpace='rgb', contrast=1.0, depth=0.0, flipHoriz=False, flipVert=False, font='Open Sans', fontFiles=[], height=0.05, italic=False, languageStyle='LTR', name='text', opacity=1.0, ori=0.0, pos=array([0., 0.]), rgb=UNKNOWN, text=str(...), units='height', win=Window(...), wrapWidth=1)
23.3946 	EXP 	textWelcomePractice: autoDraw = True
25.4019 	EXP 	textWelcomePractice: autoDraw = False
25.4019 	EXP 	textBlank500: autoDraw = True
25.9027 	EXP 	textBlank500: autoDraw = False
25.9027 	EXP 	textInstrPractice: autoDraw = True
26.7755 	DATA 	Keypress: space
26.7851 	EXP 	textInstrPractice: autoDraw = False
26.7851 	EXP 	textBlank500: autoDraw = True
27.3348 	EXP 	Imported repswitch_practice.xlsx as conditions, 24 conditions, 8 params
27.3368 	EXP 	Created sequence: sequential, trialTypes=24, nReps=1, seed=None
27.3381 	EXP 	New trial (rep=0, index=0): {'image': 'REPSWITCH1_Practice/PICTURE_612.png', 'correctAns': 'rana', 'respModal': 'speak', 'frameColor': 'yellow', 'modalSymb': 'REPSWITCH1_Practice/lips.png', 'repSwitch': 'nontarget', 'sequence': 2, 'target': 'NT'}
27.3499 	EXP 	textBlank500: autoDraw = False
27.3499 	EXP 	textBlank500: autoDraw = False
27.3499 	EXP 	fixationITI: autoDraw = True
28.9004 	EXP 	fixationITI: autoDraw = False
28.9004 	EXP 	fixationITI: autoDraw = False
28.9004 	EXP 	polygonCol: fillColor = <psychopy.colors.Color: yellow, alpha=1.0>
28.9004 	EXP 	polygonCol: borderColor = <psychopy.colors.Color: yellow, alpha=1.0>
28.9004 	EXP 	textCue: foreColor = <psychopy.colors.Color: black, alpha=1.0>
28.9004 	EXP 	textCue: height = 0.05
28.9004 	EXP 	textCue: height = 0.05
28.9004 	EXP 	textCue: height = 0.05
28.9004 	EXP 	textCue: text = 'speak'
28.9004 	EXP 	imagePractice: image = 'REPSWITCH1_Practice/PICTURE_612.png'
28.9004 	EXP 	polygonCol: autoDraw = True
28.9004 	EXP 	polygonWh: autoDraw = True
28.9004 	EXP 	textCue: autoDraw = True
28.9004 	EXP 	imagePractice: autoDraw = True
28.9004 	EXP 	polygonText: autoDraw = True
28.9004 	EXP 	textPractice: autoDraw = True
28.9004 	EXP 	textPractice: height = 0.05
28.9004 	EXP 	textPractice: height = 0.05
28.9004 	EXP 	textPractice: height = 0.05
28.9004 	EXP 	textPractice: text = ''
31.7984 	EXP 	polygonCol: autoDraw = False
31.7984 	EXP 	polygonWh: autoDraw = False
31.7984 	EXP 	textCue: autoDraw = False
31.7984 	EXP 	imagePractice: autoDraw = False
31.7984 	EXP 	polygonText: autoDraw = False
31.7984 	EXP 	textPractice: autoDraw = False
31.7984 	EXP 	textBlank500: autoDraw = True
32.2678 	EXP 	New trial (rep=0, index=1): {'image': 'REPSWITCH1_Practice/PICTURE_612.png', 'correctAns': 'rana', 'respModal': 'speak', 'frameColor': 'yellow', 'modalSymb': 'REPSWITCH1_Practice/lips.png', 'repSwitch': 'repeat', 'sequence': 2, 'target': 'T'}
32.2835 	EXP 	textBlank500: autoDraw = False
32.2835 	EXP 	fixationITI: autoDraw = True
33.3829 	EXP 	fixationITI: autoDraw = False
33.3829 	EXP 	fixationITI: autoDraw = False
33.3829 	EXP 	polygonCol: fillColor = <psychopy.colors.Color: yellow, alpha=1.0>
33.3829 	EXP 	polygonCol: borderColor = <psychopy.colors.Color: yellow, alpha=1.0>
33.3829 	EXP 	textCue: foreColor = <psychopy.colors.Color: black, alpha=1.0>
33.3829 	EXP 	textCue: text = 'speak'
33.3829 	EXP 	imagePractice: image = 'REPSWITCH1_Practice/PICTURE_612.png'
33.3829 	EXP 	polygonCol: autoDraw = True
33.3829 	EXP 	polygonWh: autoDraw = True
33.3829 	EXP 	textCue: autoDraw = True
33.3829 	EXP 	imagePractice: autoDraw = True
33.3829 	EXP 	polygonText: autoDraw = True
33.3829 	EXP 	textPractice: autoDraw = True
33.4066 	DATA 	Keypress: escape
33.9478 	EXP 	window1: mouseVisible = True
