12.1742 	EXP 	Created window1 = Window(allowGUI=True, allowStencil=False, autoLog=True, backendConf=UNKNOWN, bitsMode=UNKNOWN, blendMode='avg', bpc=(8, 8, 8), color=array([0, 0, 0]), colorSpace='rgb', depthBits=8, fullscr=<method-wrapper '__getattribute__' of attributeSetter object at 0x0000018477826A90>, gamma=None, gammaErrorPolicy='raise', lms=UNKNOWN, monitor=<psychopy.monitors.calibTools.Monitor object at 0x00000184797CF5E0>, multiSample=False, name='window1', numSamples=2, pos=(192, 108), screen=0, size=array([1536,  864]), stencilBits=0, stereo=False, units='height', useFBO=True, useRetina=False, viewOri=0.0, viewPos=None, viewScale=None, waitBlanking=True, winType='pyglet')
12.1745 	EXP 	window1: mouseVisible = True
12.1746 	EXP 	window1: mouseVisible = True
12.1746 	EXP 	window1: Attempting to measure frame rate of screen (0) ...
12.1747 	EXP 	window1: recordFrameIntervals = False
12.3395 	EXP 	window1: recordFrameIntervals = True
12.5225 	EXP 	Screen (0) actual frame rate measured at 60.14Hz
12.5226 	EXP 	window1: recordFrameIntervals = False
12.5562 	WARNING 	launchHubServer: If using the iohub mouse or eyetracker devices, fullScr should be True.
15.7477 	EXP 	Created textWelcomePractice = TextStim(__class__=<class 'psychopy.visual.text.TextStim'>, alignHoriz=method-wrapper(...), alignText='center', alignVert=method-wrapper(...), anchorHoriz='center', anchorVert='center', antialias=True, autoDraw=False, autoLog=True, bold=False, color=array([1, 1, 1]), colorSpace='rgb', contrast=1.0, depth=0.0, flipHoriz=False, flipVert=False, font='Open Sans', fontFiles=[], height=0.05, italic=False, languageStyle='LTR', name='textWelcomePractice', opacity=1.0, ori=0.0, pos=array([0., 0.]), rgb=UNKNOWN, text='Welcome to the second part of the experiment!', units='height', win=Window(...), wrapWidth=1)
15.7517 	EXP 	Created textBlank500 = TextStim(__class__=<class 'psychopy.visual.text.TextStim'>, alignHoriz=method-wrapper(...), alignText='center', alignVert=method-wrapper(...), anchorHoriz='center', anchorVert='center', antialias=True, autoDraw=False, autoLog=True, bold=False, color=array([1, 1, 1]), colorSpace='rgb', contrast=1.0, depth=0.0, flipHoriz=False, flipVert=False, font='Open Sans', fontFiles=[], height=0.05, italic=False, languageStyle='LTR', name='textBlank500', opacity=1.0, ori=0.0, pos=array([0., 0.]), rgb=UNKNOWN, text='', units='height', win=Window(...), wrapWidth=1)
15.8886 	EXP 	Created textInstrPractice = TextStim(__class__=<class 'psychopy.visual.text.TextStim'>, alignHoriz=method-wrapper(...), alignText='center', alignVert=method-wrapper(...), anchorHoriz='center', anchorVert='center', antialias=True, autoDraw=False, autoLog=True, bold=False, color=array([1, 1, 1]), colorSpace='rgb', contrast=1.0, depth=0.0, flipHoriz=False, flipVert=False, font='Open Sans', fontFiles=[], height=0.03, italic=False, languageStyle='LTR', name='textInstrPractice', opacity=1.0, ori=0.0, pos=array([0., 0.]), rgb=UNKNOWN, text=str(...), units='height', win=Window(...), wrapWidth=1)
15.8912 	EXP 	Created textBlank500 = TextStim(__class__=<class 'psychopy.visual.text.TextStim'>, alignHoriz=method-wrapper(...), alignText='center', alignVert=method-wrapper(...), anchorHoriz='center', anchorVert='center', antialias=True, autoDraw=False, autoLog=True, bold=False, color=array([1, 1, 1]), colorSpace='rgb', contrast=1.0, depth=0.0, flipHoriz=False, flipVert=False, font='Open Sans', fontFiles=[], height=0.05, italic=False, languageStyle='LTR', name='textBlank500', opacity=1.0, ori=0.0, pos=array([0., 0.]), rgb=UNKNOWN, text='', units='height', win=Window(...), wrapWidth=1)
15.8973 	EXP 	Created fixationITI = ShapeStim(__class__=<class 'psychopy.visual.shape.ShapeStim'>, anchor=('center', 'center'), autoDraw=False, autoLog=True, closeShape=True, color=method-wrapper(...), colorSpace='rgb', contrast=None, depth=0.0, fillColor=array([1, 1, 1]), fillColorSpace='rgb', fillRGB=array([1, 1, 1]), interpolate=True, lineColor=array([1, 1, 1]), lineColorSpace='rgb', lineRGB=array([1, 1, 1]), lineWidth=1.0, name='fixationITI', opacity=1.0, ori=0.0, pos=array([0., 0.]), size=array([0.1, 0.1]), units='height', vertices=ndarray(...), win=Window(...), windingRule=None)
15.9024 	EXP 	Created polygonCol = Rect(__class__=<class 'psychopy.visual.rect.Rect'>, anchor=('center', 'center'), autoDraw=False, autoLog=True, closeShape=True, color=method-wrapper(...), colorSpace='rgb', contrast=None, depth=0.0, fillColor=array([1, 1, 1]), fillColorSpace='rgb', fillRGB=array([1, 1, 1]), interpolate=True, lineColor=array([1, 1, 1]), lineColorSpace='rgb', lineRGB=array([1, 1, 1]), lineWidth=1.0, name='polygonCol', opacity=1.0, ori=0.0, pos=array([0., 0.]), size=array([0.55, 0.55]), units='height', vertices=ndarray(...), win=Window(...))
15.9054 	EXP 	Created polygonWh = Rect(__class__=<class 'psychopy.visual.rect.Rect'>, anchor=('center', 'center'), autoDraw=False, autoLog=True, closeShape=True, color=method-wrapper(...), colorSpace='rgb', contrast=None, depth=-1.0, fillColor=array([1, 1, 1]), fillColorSpace='rgb', fillRGB=array([1, 1, 1]), interpolate=True, lineColor=array([1, 1, 1]), lineColorSpace='rgb', lineRGB=array([1, 1, 1]), lineWidth=1.0, name='polygonWh', opacity=1.0, ori=0.0, pos=array([0., 0.]), size=array([0.5, 0.5]), units='height', vertices=ndarray(...), win=Window(...))
15.9070 	EXP 	Created textCue = TextStim(__class__=<class 'psychopy.visual.text.TextStim'>, alignHoriz=method-wrapper(...), alignText='center', alignVert=method-wrapper(...), anchorHoriz='center', anchorVert='center', antialias=True, autoDraw=False, autoLog=True, bold=False, color=array([1, 1, 1]), colorSpace='rgb', contrast=1.0, depth=-2.0, flipHoriz=False, flipVert=False, font='Open Sans', fontFiles=[], height=0.05, italic=False, languageStyle='LTR', name='textCue', opacity=1.0, ori=0.0, pos=array([0. , 0.3]), rgb=UNKNOWN, text='', units='height', win=Window(...), wrapWidth=1)
15.9285 	EXP 	Created imagePractice = ImageStim(__class__=<class 'psychopy.visual.image.ImageStim'>, anchor=('center', 'center'), autoLog=True, color=array([1, 1, 1]), colorSpace='rgb', contrast=1.0, depth=-3.0, flipHoriz=False, flipVert=False, image='sin', interpolate=True, mask=None, maskParams=None, name='imagePractice', opacity=1.0, ori=0.0, pos=array([0., 0.]), size=array([0.5, 0.5]), texRes=128.0, units='height', win=Window(...))
15.9314 	EXP 	Created polygonText = Rect(__class__=<class 'psychopy.visual.rect.Rect'>, anchor=('center', 'center'), autoDraw=False, autoLog=True, closeShape=True, color=method-wrapper(...), colorSpace='rgb', contrast=None, depth=-4.0, fillColor=array([0.9216, 0.9216, 0.9216]), fillColorSpace='rgb', fillRGB=array([0.9216, 0.9216, 0.9216]), interpolate=True, lineColor=array([0.9216, 0.9216, 0.9216]), lineColorSpace='rgb', lineRGB=array([0.9216, 0.9216, 0.9216]), lineWidth=1.0, name='polygonText', opacity=1.0, ori=0.0, pos=array([0., 0.]), size=array([0.2, 0.1]), units='height', vertices=ndarray(...), win=Window(...))
15.9331 	EXP 	Created textPractice = TextStim(__class__=<class 'psychopy.visual.text.TextStim'>, alignHoriz=method-wrapper(...), alignText='center', alignVert=method-wrapper(...), anchorHoriz='center', anchorVert='center', antialias=True, autoDraw=False, autoLog=True, bold=False, color=array([-1., -1., -1.]), colorSpace='rgb', contrast=1.0, depth=-5.0, flipHoriz=False, flipVert=False, font='Open Sans', fontFiles=[], height=0.05, italic=False, languageStyle='LTR', name='textPractice', opacity=1.0, ori=0.0, pos=array([0., 0.]), rgb=UNKNOWN, text='', units='height', win=Window(...), wrapWidth=1)
17.0365 	EXP 	Created textBlank500 = TextStim(__class__=<class 'psychopy.visual.text.TextStim'>, alignHoriz=method-wrapper(...), alignText='center', alignVert=method-wrapper(...), anchorHoriz='center', anchorVert='center', antialias=True, autoDraw=False, autoLog=True, bold=False, color=array([1, 1, 1]), colorSpace='rgb', contrast=1.0, depth=0.0, flipHoriz=False, flipVert=False, font='Open Sans', fontFiles=[], height=0.05, italic=False, languageStyle='LTR', name='textBlank500', opacity=1.0, ori=0.0, pos=array([0., 0.]), rgb=UNKNOWN, text='', units='height', win=Window(...), wrapWidth=1)
17.0412 	EXP 	Created textBlank500 = TextStim(__class__=<class 'psychopy.visual.text.TextStim'>, alignHoriz=method-wrapper(...), alignText='center', alignVert=method-wrapper(...), anchorHoriz='center', anchorVert='center', antialias=True, autoDraw=False, autoLog=True, bold=False, color=array([1, 1, 1]), colorSpace='rgb', contrast=1.0, depth=0.0, flipHoriz=False, flipVert=False, font='Open Sans', fontFiles=[], height=0.05, italic=False, languageStyle='LTR', name='textBlank500', opacity=1.0, ori=0.0, pos=array([0., 0.]), rgb=UNKNOWN, text='', units='height', win=Window(...), wrapWidth=1)
17.1059 	EXP 	Created text = TextStim(__class__=<class 'psychopy.visual.text.TextStim'>, alignHoriz=method-wrapper(...), alignText='center', alignVert=method-wrapper(...), anchorHoriz='center', anchorVert='center', antialias=True, autoDraw=False, autoLog=True, bold=False, color=array([1, 1, 1]), colorSpace='rgb', contrast=1.0, depth=0.0, flipHoriz=False, flipVert=False, font='Open Sans', fontFiles=[], height=0.05, italic=False, languageStyle='LTR', name='text', opacity=1.0, ori=0.0, pos=array([0., 0.]), rgb=UNKNOWN, text=str(...), units='height', win=Window(...), wrapWidth=1)
17.1435 	EXP 	textWelcomePractice: autoDraw = True
19.1379 	EXP 	textWelcomePractice: autoDraw = False
19.1379 	EXP 	textBlank500: autoDraw = True
19.6223 	EXP 	textBlank500: autoDraw = False
19.6223 	EXP 	textInstrPractice: autoDraw = True
20.7278 	DATA 	Keypress: space
20.7377 	EXP 	textInstrPractice: autoDraw = False
20.7377 	EXP 	textBlank500: autoDraw = True
21.3204 	EXP 	Imported repswitch_practice.xlsx as conditions, 24 conditions, 8 params
21.3217 	EXP 	Created sequence: sequential, trialTypes=24, nReps=1, seed=None
21.3223 	EXP 	New trial (rep=0, index=0): {'image': 'REPSWITCH1_Practice/PICTURE_612.png', 'correctAns': 'rana', 'respModal': 'SPEAK', 'frameColor': 'yellow', 'modalSymb': 'REPSWITCH1_Practice/lips.png', 'repSwitch': 'nontarget', 'sequence': 2, 'target': 'NT'}
21.3349 	EXP 	textBlank500: autoDraw = False
21.3349 	EXP 	textBlank500: autoDraw = False
21.3349 	EXP 	fixationITI: autoDraw = True
22.9227 	EXP 	fixationITI: autoDraw = False
22.9227 	EXP 	fixationITI: autoDraw = False
22.9227 	EXP 	polygonCol: fillColor = <psychopy.colors.Color: yellow, alpha=1.0>
22.9227 	EXP 	polygonCol: borderColor = <psychopy.colors.Color: yellow, alpha=1.0>
22.9227 	EXP 	textCue: foreColor = <psychopy.colors.Color: white, alpha=1.0>
22.9227 	EXP 	textCue: height = 0.05
22.9227 	EXP 	textCue: height = 0.05
22.9227 	EXP 	textCue: height = 0.05
22.9227 	EXP 	textCue: text = 'SPEAK'
22.9227 	EXP 	imagePractice: image = 'REPSWITCH1_Practice/PICTURE_612.png'
22.9227 	EXP 	polygonCol: autoDraw = True
22.9227 	EXP 	polygonWh: autoDraw = True
22.9227 	EXP 	textCue: autoDraw = True
22.9227 	EXP 	imagePractice: autoDraw = True
22.9227 	EXP 	polygonText: autoDraw = True
22.9227 	EXP 	textPractice: autoDraw = True
22.9227 	EXP 	textPractice: height = 0.05
22.9227 	EXP 	textPractice: height = 0.05
22.9227 	EXP 	textPractice: height = 0.05
22.9227 	EXP 	textPractice: text = ''
25.7182 	EXP 	polygonCol: autoDraw = False
25.7182 	EXP 	polygonWh: autoDraw = False
25.7182 	EXP 	textCue: autoDraw = False
25.7182 	EXP 	imagePractice: autoDraw = False
25.7182 	EXP 	polygonText: autoDraw = False
25.7182 	EXP 	textPractice: autoDraw = False
25.7182 	EXP 	textBlank500: autoDraw = True
26.1716 	EXP 	New trial (rep=0, index=1): {'image': 'REPSWITCH1_Practice/PICTURE_612.png', 'correctAns': 'rana', 'respModal': 'SPEAK', 'frameColor': 'yellow', 'modalSymb': 'REPSWITCH1_Practice/lips.png', 'repSwitch': 'repeat', 'sequence': 2, 'target': 'T'}
26.1866 	EXP 	textBlank500: autoDraw = False
26.1866 	EXP 	fixationITI: autoDraw = True
27.3359 	EXP 	fixationITI: autoDraw = False
27.3359 	EXP 	fixationITI: autoDraw = False
27.3359 	EXP 	polygonCol: fillColor = <psychopy.colors.Color: yellow, alpha=1.0>
27.3359 	EXP 	polygonCol: borderColor = <psychopy.colors.Color: yellow, alpha=1.0>
27.3359 	EXP 	textCue: foreColor = <psychopy.colors.Color: white, alpha=1.0>
27.3359 	EXP 	textCue: text = 'SPEAK'
27.3359 	EXP 	imagePractice: image = 'REPSWITCH1_Practice/PICTURE_612.png'
27.3359 	EXP 	polygonCol: autoDraw = True
27.3359 	EXP 	polygonWh: autoDraw = True
27.3359 	EXP 	textCue: autoDraw = True
27.3359 	EXP 	imagePractice: autoDraw = True
27.3359 	EXP 	polygonText: autoDraw = True
27.3359 	EXP 	textPractice: autoDraw = True
30.3339 	EXP 	polygonCol: autoDraw = False
30.3339 	EXP 	polygonWh: autoDraw = False
30.3339 	EXP 	textCue: autoDraw = False
30.3339 	EXP 	imagePractice: autoDraw = False
30.3339 	EXP 	polygonText: autoDraw = False
30.3339 	EXP 	textPractice: autoDraw = False
30.3339 	EXP 	textBlank500: autoDraw = True
30.8042 	EXP 	New trial (rep=0, index=2): {'image': 'REPSWITCH1_Practice/PICTURE_599.png', 'correctAns': 'nube', 'respModal': 'TYPE', 'frameColor': 'blue', 'modalSymb': 'REPSWITCH1_Practice/keyboard.png', 'repSwitch': 'filler', 'sequence': 1, 'target': 'F'}
30.8188 	EXP 	textBlank500: autoDraw = False
30.8188 	EXP 	fixationITI: autoDraw = True
32.1684 	EXP 	fixationITI: autoDraw = False
32.1684 	EXP 	fixationITI: autoDraw = False
32.1684 	EXP 	polygonCol: fillColor = <psychopy.colors.Color: blue, alpha=1.0>
32.1684 	EXP 	polygonCol: borderColor = <psychopy.colors.Color: blue, alpha=1.0>
32.1684 	EXP 	textCue: foreColor = <psychopy.colors.Color: white, alpha=1.0>
32.1684 	EXP 	textCue: height = 0.05
32.1684 	EXP 	textCue: height = 0.05
32.1684 	EXP 	textCue: height = 0.05
32.1684 	EXP 	textCue: text = 'TYPE'
32.1684 	EXP 	imagePractice: image = 'REPSWITCH1_Practice/PICTURE_599.png'
32.1684 	EXP 	polygonCol: autoDraw = True
32.1684 	EXP 	polygonWh: autoDraw = True
32.1684 	EXP 	textCue: autoDraw = True
32.1684 	EXP 	imagePractice: autoDraw = True
32.1684 	EXP 	polygonText: autoDraw = True
32.1684 	EXP 	textPractice: autoDraw = True
33.6775 	DATA 	Keypress: escape
34.6311 	EXP 	window1: mouseVisible = True
