67.9698 	EXP 	Created window1 = Window(allowGUI=True, allowStencil=False, autoLog=True, backendConf=UNKNOWN, bitsMode=UNKNOWN, blendMode='avg', bpc=(8, 8, 8), color=array([0, 0, 0]), colorSpace='rgb', depthBits=8, fullscr=<method-wrapper '__getattribute__' of attributeSetter object at 0x0000013311396A90>, gamma=None, gammaErrorPolicy='raise', lms=UNKNOWN, monitor=<psychopy.monitors.calibTools.Monitor object at 0x000001331331F5E0>, multiSample=False, name='window1', numSamples=2, pos=(192, 108), screen=0, size=array([1536,  864]), stencilBits=0, stereo=False, units='height', useFBO=True, useRetina=False, viewOri=0.0, viewPos=None, viewScale=None, waitBlanking=True, winType='pyglet')
67.9701 	EXP 	window1: mouseVisible = True
67.9702 	EXP 	window1: mouseVisible = True
67.9702 	EXP 	window1: Attempting to measure frame rate of screen (0) ...
67.9703 	EXP 	window1: recordFrameIntervals = False
68.1336 	EXP 	window1: recordFrameIntervals = True
68.3174 	EXP 	Screen (0) actual frame rate measured at 59.99Hz
68.3176 	EXP 	window1: recordFrameIntervals = False
68.6003 	WARNING 	launchHubServer: If using the iohub mouse or eyetracker devices, fullScr should be True.
76.6145 	EXP 	Created textWelcomePractice = TextStim(__class__=<class 'psychopy.visual.text.TextStim'>, alignHoriz=method-wrapper(...), alignText='center', alignVert=method-wrapper(...), anchorHoriz='center', anchorVert='center', antialias=True, autoDraw=False, autoLog=True, bold=False, color=array([1, 1, 1]), colorSpace='rgb', contrast=1.0, depth=0.0, flipHoriz=False, flipVert=False, font='Open Sans', fontFiles=[], height=0.05, italic=False, languageStyle='LTR', name='textWelcomePractice', opacity=1.0, ori=0.0, pos=array([0., 0.]), rgb=UNKNOWN, text='Welcome to the second part of the experiment!', units='height', win=Window(...), wrapWidth=1)
76.6171 	EXP 	Created textBlank500 = TextStim(__class__=<class 'psychopy.visual.text.TextStim'>, alignHoriz=method-wrapper(...), alignText='center', alignVert=method-wrapper(...), anchorHoriz='center', anchorVert='center', antialias=True, autoDraw=False, autoLog=True, bold=False, color=array([1, 1, 1]), colorSpace='rgb', contrast=1.0, depth=0.0, flipHoriz=False, flipVert=False, font='Open Sans', fontFiles=[], height=0.05, italic=False, languageStyle='LTR', name='textBlank500', opacity=1.0, ori=0.0, pos=array([0., 0.]), rgb=UNKNOWN, text='', units='height', win=Window(...), wrapWidth=1)
76.7268 	EXP 	Created textInstrPractice = TextStim(__class__=<class 'psychopy.visual.text.TextStim'>, alignHoriz=method-wrapper(...), alignText='center', alignVert=method-wrapper(...), anchorHoriz='center', anchorVert='center', antialias=True, autoDraw=False, autoLog=True, bold=False, color=array([1, 1, 1]), colorSpace='rgb', contrast=1.0, depth=0.0, flipHoriz=False, flipVert=False, font='Open Sans', fontFiles=[], height=0.03, italic=False, languageStyle='LTR', name='textInstrPractice', opacity=1.0, ori=0.0, pos=array([0., 0.]), rgb=UNKNOWN, text=str(...), units='height', win=Window(...), wrapWidth=1)
76.7284 	EXP 	Created textBlank500 = TextStim(__class__=<class 'psychopy.visual.text.TextStim'>, alignHoriz=method-wrapper(...), alignText='center', alignVert=method-wrapper(...), anchorHoriz='center', anchorVert='center', antialias=True, autoDraw=False, autoLog=True, bold=False, color=array([1, 1, 1]), colorSpace='rgb', contrast=1.0, depth=0.0, flipHoriz=False, flipVert=False, font='Open Sans', fontFiles=[], height=0.05, italic=False, languageStyle='LTR', name='textBlank500', opacity=1.0, ori=0.0, pos=array([0., 0.]), rgb=UNKNOWN, text='', units='height', win=Window(...), wrapWidth=1)
76.8115 	EXP 	Created fixationITI = ShapeStim(__class__=<class 'psychopy.visual.shape.ShapeStim'>, anchor=('center', 'center'), autoDraw=False, autoLog=True, closeShape=True, color=method-wrapper(...), colorSpace='rgb', contrast=None, depth=0.0, fillColor=array([1, 1, 1]), fillColorSpace='rgb', fillRGB=array([1, 1, 1]), interpolate=True, lineColor=array([1, 1, 1]), lineColorSpace='rgb', lineRGB=array([1, 1, 1]), lineWidth=1.0, name='fixationITI', opacity=1.0, ori=0.0, pos=array([0., 0.]), size=array([0.1, 0.1]), units='height', vertices=ndarray(...), win=Window(...), windingRule=None)
76.8132 	EXP 	Created textCue = TextStim(__class__=<class 'psychopy.visual.text.TextStim'>, alignHoriz=method-wrapper(...), alignText='center', alignVert=method-wrapper(...), anchorHoriz='center', anchorVert='center', antialias=True, autoDraw=False, autoLog=True, bold=False, color=array([1, 1, 1]), colorSpace='rgb', contrast=1.0, depth=0.0, flipHoriz=False, flipVert=False, font='Open Sans', fontFiles=[], height=0.05, italic=False, languageStyle='LTR', name='textCue', opacity=1.0, ori=0.0, pos=array([-1.,  0.]), rgb=UNKNOWN, text='', units='height', win=Window(...), wrapWidth=1)
76.8402 	EXP 	Created polygonCol = Rect(__class__=<class 'psychopy.visual.rect.Rect'>, anchor=('center', 'center'), autoDraw=False, autoLog=True, closeShape=True, color=method-wrapper(...), colorSpace='rgb', contrast=None, depth=-1.0, fillColor=array([1, 1, 1]), fillColorSpace='rgb', fillRGB=array([1, 1, 1]), interpolate=True, lineColor=array([1, 1, 1]), lineColorSpace='rgb', lineRGB=array([1, 1, 1]), lineWidth=1.0, name='polygonCol', opacity=1.0, ori=0.0, pos=array([0., 0.]), size=array([0.55, 0.55]), units='height', vertices=ndarray(...), win=Window(...))
76.8429 	EXP 	Created polygonWh = Rect(__class__=<class 'psychopy.visual.rect.Rect'>, anchor=('center', 'center'), autoDraw=False, autoLog=True, closeShape=True, color=method-wrapper(...), colorSpace='rgb', contrast=None, depth=-2.0, fillColor=array([1, 1, 1]), fillColorSpace='rgb', fillRGB=array([1, 1, 1]), interpolate=True, lineColor=array([1, 1, 1]), lineColorSpace='rgb', lineRGB=array([1, 1, 1]), lineWidth=1.0, name='polygonWh', opacity=1.0, ori=0.0, pos=array([0., 0.]), size=array([0.5, 0.5]), units='height', vertices=ndarray(...), win=Window(...))
76.9098 	EXP 	Created imagePractice = ImageStim(__class__=<class 'psychopy.visual.image.ImageStim'>, anchor=('center', 'center'), autoLog=True, color=array([1, 1, 1]), colorSpace='rgb', contrast=1.0, depth=-3.0, flipHoriz=False, flipVert=False, image='sin', interpolate=True, mask=None, maskParams=None, name='imagePractice', opacity=1.0, ori=0.0, pos=array([0., 0.]), size=array([0.5, 0.5]), texRes=128.0, units='height', win=Window(...))
76.9120 	EXP 	Created polygonText = Rect(__class__=<class 'psychopy.visual.rect.Rect'>, anchor=('center', 'center'), autoDraw=False, autoLog=True, closeShape=True, color=method-wrapper(...), colorSpace='rgb', contrast=None, depth=-4.0, fillColor=array([0.9216, 0.9216, 0.9216]), fillColorSpace='rgb', fillRGB=array([0.9216, 0.9216, 0.9216]), interpolate=True, lineColor=array([0.9216, 0.9216, 0.9216]), lineColorSpace='rgb', lineRGB=array([0.9216, 0.9216, 0.9216]), lineWidth=1.0, name='polygonText', opacity=1.0, ori=0.0, pos=array([0., 0.]), size=array([0.2, 0.1]), units='height', vertices=ndarray(...), win=Window(...))
76.9131 	EXP 	Created textPractice = TextStim(__class__=<class 'psychopy.visual.text.TextStim'>, alignHoriz=method-wrapper(...), alignText='center', alignVert=method-wrapper(...), anchorHoriz='center', anchorVert='center', antialias=True, autoDraw=False, autoLog=True, bold=False, color=array([-1., -1., -1.]), colorSpace='rgb', contrast=1.0, depth=-5.0, flipHoriz=False, flipVert=False, font='Open Sans', fontFiles=[], height=0.05, italic=False, languageStyle='LTR', name='textPractice', opacity=1.0, ori=0.0, pos=array([0., 0.]), rgb=UNKNOWN, text='', units='height', win=Window(...), wrapWidth=1)
77.9863 	EXP 	Created textBlank500 = TextStim(__class__=<class 'psychopy.visual.text.TextStim'>, alignHoriz=method-wrapper(...), alignText='center', alignVert=method-wrapper(...), anchorHoriz='center', anchorVert='center', antialias=True, autoDraw=False, autoLog=True, bold=False, color=array([1, 1, 1]), colorSpace='rgb', contrast=1.0, depth=0.0, flipHoriz=False, flipVert=False, font='Open Sans', fontFiles=[], height=0.05, italic=False, languageStyle='LTR', name='textBlank500', opacity=1.0, ori=0.0, pos=array([0., 0.]), rgb=UNKNOWN, text='', units='height', win=Window(...), wrapWidth=1)
77.9901 	EXP 	Created textBlank500 = TextStim(__class__=<class 'psychopy.visual.text.TextStim'>, alignHoriz=method-wrapper(...), alignText='center', alignVert=method-wrapper(...), anchorHoriz='center', anchorVert='center', antialias=True, autoDraw=False, autoLog=True, bold=False, color=array([1, 1, 1]), colorSpace='rgb', contrast=1.0, depth=0.0, flipHoriz=False, flipVert=False, font='Open Sans', fontFiles=[], height=0.05, italic=False, languageStyle='LTR', name='textBlank500', opacity=1.0, ori=0.0, pos=array([0., 0.]), rgb=UNKNOWN, text='', units='height', win=Window(...), wrapWidth=1)
78.0481 	EXP 	Created text = TextStim(__class__=<class 'psychopy.visual.text.TextStim'>, alignHoriz=method-wrapper(...), alignText='center', alignVert=method-wrapper(...), anchorHoriz='center', anchorVert='center', antialias=True, autoDraw=False, autoLog=True, bold=False, color=array([1, 1, 1]), colorSpace='rgb', contrast=1.0, depth=0.0, flipHoriz=False, flipVert=False, font='Open Sans', fontFiles=[], height=0.05, italic=False, languageStyle='LTR', name='text', opacity=1.0, ori=0.0, pos=array([0., 0.]), rgb=UNKNOWN, text=str(...), units='height', win=Window(...), wrapWidth=1)
78.0952 	EXP 	textWelcomePractice: autoDraw = True
80.0802 	EXP 	textWelcomePractice: autoDraw = False
80.0802 	EXP 	textBlank500: autoDraw = True
80.5806 	EXP 	textBlank500: autoDraw = False
80.5806 	EXP 	textInstrPractice: autoDraw = True
82.8052 	DATA 	Keypress: space
82.8141 	EXP 	textInstrPractice: autoDraw = False
82.8141 	EXP 	textBlank500: autoDraw = True
83.6783 	EXP 	Imported repswitch_practice.xlsx as conditions, 24 conditions, 8 params
83.7013 	EXP 	Created sequence: sequential, trialTypes=24, nReps=1, seed=None
83.7026 	EXP 	New trial (rep=0, index=0): {'image': 'REPSWITCH1_Practice/PICTURE_612.png', 'correctAns': 'rana', 'respModal': 'speak', 'frameColor': 'yellow', 'modalSymb': 'REPSWITCH1_Practice/lips.png', 'repSwitch': 'nontarget', 'sequence': 2, 'target': 'NT'}
83.7448 	EXP 	textBlank500: autoDraw = False
83.7448 	EXP 	textBlank500: autoDraw = False
83.7448 	EXP 	fixationITI: autoDraw = True
85.2287 	EXP 	fixationITI: autoDraw = False
85.2287 	EXP 	fixationITI: autoDraw = False
85.2287 	EXP 	textCue: foreColor = <psychopy.colors.Color: yellow, alpha=1.0>
85.2287 	EXP 	polygonCol: fillColor = <psychopy.colors.Color: yellow, alpha=1.0>
85.2287 	EXP 	polygonCol: borderColor = <psychopy.colors.Color: yellow, alpha=1.0>
85.2287 	EXP 	imagePractice: image = 'REPSWITCH1_Practice/PICTURE_612.png'
85.2287 	EXP 	textCue: autoDraw = True
85.2287 	EXP 	polygonCol: autoDraw = True
85.2287 	EXP 	polygonWh: autoDraw = True
85.2287 	EXP 	imagePractice: autoDraw = True
85.2287 	EXP 	polygonText: autoDraw = True
85.2287 	EXP 	textPractice: autoDraw = True
85.2287 	EXP 	textPractice: height = 0.05
85.2287 	EXP 	textPractice: height = 0.05
85.2287 	EXP 	textPractice: height = 0.05
85.2287 	EXP 	textPractice: text = ''
86.8728 	DATA 	Keypress: f
86.9705 	DATA 	Keypress: r
87.0876 	DATA 	Keypress: o
87.2554 	DATA 	Keypress: g
87.9945 	EXP 	textCue: autoDraw = False
87.9945 	EXP 	polygonCol: autoDraw = False
87.9945 	EXP 	polygonWh: autoDraw = False
87.9945 	EXP 	imagePractice: autoDraw = False
87.9945 	EXP 	polygonText: autoDraw = False
87.9945 	EXP 	textPractice: autoDraw = False
87.9945 	EXP 	textBlank500: autoDraw = True
88.4629 	EXP 	New trial (rep=0, index=1): {'image': 'REPSWITCH1_Practice/PICTURE_612.png', 'correctAns': 'rana', 'respModal': 'speak', 'frameColor': 'yellow', 'modalSymb': 'REPSWITCH1_Practice/lips.png', 'repSwitch': 'repeat', 'sequence': 2, 'target': 'T'}
88.4789 	EXP 	textBlank500: autoDraw = False
88.4789 	EXP 	fixationITI: autoDraw = True
89.7118 	EXP 	fixationITI: autoDraw = False
89.7118 	EXP 	fixationITI: autoDraw = False
89.7118 	EXP 	textCue: foreColor = <psychopy.colors.Color: yellow, alpha=1.0>
89.7118 	EXP 	polygonCol: fillColor = <psychopy.colors.Color: yellow, alpha=1.0>
89.7118 	EXP 	polygonCol: borderColor = <psychopy.colors.Color: yellow, alpha=1.0>
89.7118 	EXP 	imagePractice: image = 'REPSWITCH1_Practice/PICTURE_612.png'
89.7118 	EXP 	textCue: autoDraw = True
89.7118 	EXP 	polygonCol: autoDraw = True
89.7118 	EXP 	polygonWh: autoDraw = True
89.7118 	EXP 	imagePractice: autoDraw = True
89.7118 	EXP 	polygonText: autoDraw = True
89.7118 	EXP 	textPractice: autoDraw = True
90.6202 	DATA 	Keypress: f
90.7042 	DATA 	Keypress: r
90.8199 	DATA 	Keypress: o
91.0368 	DATA 	Keypress: g
92.7098 	EXP 	textCue: autoDraw = False
92.7098 	EXP 	polygonCol: autoDraw = False
92.7098 	EXP 	polygonWh: autoDraw = False
92.7098 	EXP 	imagePractice: autoDraw = False
92.7098 	EXP 	polygonText: autoDraw = False
92.7098 	EXP 	textPractice: autoDraw = False
92.7098 	EXP 	textBlank500: autoDraw = True
92.9980 	DATA 	Keypress: escape
93.1788 	EXP 	New trial (rep=0, index=2): {'image': 'REPSWITCH1_Practice/PICTURE_599.png', 'correctAns': 'nube', 'respModal': 'type', 'frameColor': 'blue', 'modalSymb': 'REPSWITCH1_Practice/keyboard.png', 'repSwitch': 'filler', 'sequence': 1, 'target': 'F'}
94.4229 	EXP 	window1: mouseVisible = True
