0.9847 	WARNING 	We strongly recommend you activate the PTB sound engine in PsychoPy prefs as the preferred audio engine. Its timing is vastly superior. Your prefs are currently set to use ['sounddevice', 'PTB', 'pyo', 'pygame'] (in that order).
3.7317 	EXP 	Created window1 = Window(allowGUI=True, allowStencil=False, autoLog=True, backendConf=UNKNOWN, bitsMode=UNKNOWN, blendMode='avg', bpc=(8, 8, 8), color=array([0, 0, 0]), colorSpace='rgb', depthBits=8, fullscr=<method-wrapper '__getattribute__' of attributeSetter object at 0x000001F4985C4160>, gamma=None, gammaErrorPolicy='raise', lms=UNKNOWN, monitor=<psychopy.monitors.calibTools.Monitor object at 0x000001F49EB1A2E0>, multiSample=False, name='window1', numSamples=2, pos=(0, 0), screen=0, size=array([1920, 1080]), stencilBits=0, stereo=False, units='height', useFBO=True, useRetina=False, viewOri=0.0, viewPos=None, viewScale=None, waitBlanking=True, winType='pyglet')
3.7317 	EXP 	window1: mouseVisible = True
3.7317 	EXP 	window1: mouseVisible = False
3.7318 	EXP 	window1: Attempting to measure frame rate of screen (0) ...
3.7318 	EXP 	window1: recordFrameIntervals = False
3.7592 	EXP 	window1: recordFrameIntervals = True
3.7898 	EXP 	Screen (0) actual frame rate measured at 360.14Hz
3.7898 	EXP 	window1: recordFrameIntervals = False
5.2099 	EXP 	Created textWelcomeFam = TextStim(__class__=<class 'psychopy.visual.text.TextStim'>, alignHoriz=method-wrapper(...), alignText='center', alignVert=method-wrapper(...), anchorHoriz='center', anchorVert='center', antialias=True, autoDraw=False, autoLog=True, bold=False, color=array([1, 1, 1]), colorSpace='rgb', contrast=1.0, depth=0.0, flipHoriz=False, flipVert=False, font='Open Sans', fontFiles=[], height=0.05, italic=False, languageStyle='LTR', name='textWelcomeFam', opacity=1.0, ori=0.0, pos=array([0., 0.]), rgb=UNKNOWN, text='Bienvenido/a al experimento!', units='height', win=Window(...), wrapWidth=1)
5.2105 	EXP 	Created textBlank500 = TextStim(__class__=<class 'psychopy.visual.text.TextStim'>, alignHoriz=method-wrapper(...), alignText='center', alignVert=method-wrapper(...), anchorHoriz='center', anchorVert='center', antialias=True, autoDraw=False, autoLog=True, bold=False, color=array([1, 1, 1]), colorSpace='rgb', contrast=1.0, depth=0.0, flipHoriz=False, flipVert=False, font='Open Sans', fontFiles=[], height=0.05, italic=False, languageStyle='LTR', name='textBlank500', opacity=1.0, ori=0.0, pos=array([0., 0.]), rgb=UNKNOWN, text='', units='height', win=Window(...), wrapWidth=1)
5.2536 	EXP 	Created textBlank2 = TextStim(__class__=<class 'psychopy.visual.text.TextStim'>, alignHoriz=method-wrapper(...), alignText='center', alignVert=method-wrapper(...), anchorHoriz='center', anchorVert='center', antialias=True, autoDraw=False, autoLog=True, bold=False, color=array([1, 1, 1]), colorSpace='rgb', contrast=1.0, depth=0.0, flipHoriz=False, flipVert=False, font='Open Sans', fontFiles=[], height=0.05, italic=False, languageStyle='LTR', name='textBlank2', opacity=1.0, ori=0.0, pos=array([0., 0.]), rgb=UNKNOWN, text='', units='height', win=Window(...), wrapWidth=1)
5.2548 	EXP 	Created fixationITI = ShapeStim(__class__=<class 'psychopy.visual.shape.ShapeStim'>, anchor=('center', 'center'), autoDraw=False, autoLog=True, closeShape=True, color=method-wrapper(...), colorSpace='rgb', contrast=None, depth=0.0, fillColor=array([1, 1, 1]), fillColorSpace='rgb', fillRGB=array([1, 1, 1]), interpolate=True, lineColor=array([1, 1, 1]), lineColorSpace='rgb', lineRGB=array([1, 1, 1]), lineWidth=1.0, name='fixationITI', opacity=1.0, ori=0.0, pos=array([0., 0.]), size=array([0.1, 0.1]), units='height', vertices=ndarray(...), win=Window(...), windingRule=None)
5.2554 	EXP 	Created polygonWhiteFam = Rect(__class__=<class 'psychopy.visual.rect.Rect'>, anchor=('center', 'center'), autoDraw=False, autoLog=True, closeShape=True, color=method-wrapper(...), colorSpace='rgb', contrast=None, depth=0.0, fillColor=array([1, 1, 1]), fillColorSpace='rgb', fillRGB=array([1, 1, 1]), interpolate=True, lineColor=array([1, 1, 1]), lineColorSpace='rgb', lineRGB=array([1, 1, 1]), lineWidth=1.0, name='polygonWhiteFam', opacity=1.0, ori=0.0, pos=array([0., 0.]), size=array([0.5, 0.5]), units='height', vertices=ndarray(...), win=Window(...))
5.2603 	EXP 	Created imageFam = ImageStim(__class__=<class 'psychopy.visual.image.ImageStim'>, anchor=('center', 'center'), autoLog=True, color=array([1, 1, 1]), colorSpace='rgb', contrast=1.0, depth=-1.0, flipHoriz=False, flipVert=False, image='sin', interpolate=True, mask=None, maskParams=None, name='imageFam', opacity=1.0, ori=0.0, pos=array([0., 0.]), size=array([0.5, 0.5]), texRes=128.0, units='height', win=Window(...))
5.2608 	EXP 	Created textFam = TextStim(__class__=<class 'psychopy.visual.text.TextStim'>, alignHoriz=method-wrapper(...), alignText='center', alignVert=method-wrapper(...), anchorHoriz='center', anchorVert='center', antialias=True, autoDraw=False, autoLog=True, bold=False, color=array([1, 1, 1]), colorSpace='rgb', contrast=1.0, depth=-2.0, flipHoriz=False, flipVert=False, font='Open Sans', fontFiles=[], height=0.05, italic=False, languageStyle='LTR', name='textFam', opacity=1.0, ori=0.0, pos=array([ 0. , -0.3]), rgb=UNKNOWN, text='', units='height', win=Window(...), wrapWidth=1)
5.4157 	EXP 	Created textBlankLoop = TextStim(__class__=<class 'psychopy.visual.text.TextStim'>, alignHoriz=method-wrapper(...), alignText='center', alignVert=method-wrapper(...), anchorHoriz='center', anchorVert='center', antialias=True, autoDraw=False, autoLog=True, bold=False, color=array([1, 1, 1]), colorSpace='rgb', contrast=1.0, depth=0.0, flipHoriz=False, flipVert=False, font='Open Sans', fontFiles=[], height=0.05, italic=False, languageStyle='LTR', name='textBlankLoop', opacity=1.0, ori=0.0, pos=array([0., 0.]), rgb=UNKNOWN, text='', units='height', win=Window(...), wrapWidth=1)
5.4162 	EXP 	Created textBlank3 = TextStim(__class__=<class 'psychopy.visual.text.TextStim'>, alignHoriz=method-wrapper(...), alignText='center', alignVert=method-wrapper(...), anchorHoriz='center', anchorVert='center', antialias=True, autoDraw=False, autoLog=True, bold=False, color=array([1, 1, 1]), colorSpace='rgb', contrast=1.0, depth=0.0, flipHoriz=False, flipVert=False, font='Open Sans', fontFiles=[], height=0.05, italic=False, languageStyle='LTR', name='textBlank3', opacity=1.0, ori=0.0, pos=array([0., 0.]), rgb=UNKNOWN, text='', units='height', win=Window(...), wrapWidth=1)
5.4425 	EXP 	textboxInstrFam: autoLog = True
5.4425 	EXP 	textboxEndFam: autoLog = True
5.4425 	EXP 	textWelcomeFam: autoDraw = True
7.4339 	EXP 	textWelcomeFam: autoDraw = False
7.4339 	EXP 	textBlank500: autoDraw = True
7.9395 	EXP 	textBlank500: autoDraw = False
7.9395 	EXP 	textboxInstrFam: autoDraw = True
11.1447 	DATA 	Keypress: space
11.1492 	EXP 	textboxInstrFam: autoDraw = False
11.1492 	EXP 	textBlank2: autoDraw = True
11.6518 	EXP 	Imported repswitch_fam.xlsx as conditions, 45 conditions, 2 params
11.6538 	EXP 	Created sequence: random, trialTypes=45, nReps=1, seed=None
11.6539 	EXP 	New trial (rep=0, index=0): {'image': 'REPSWITCH1_Fam/PICTURE_464.png', 'correctAns': 'goma'}
11.6612 	EXP 	textBlank2: autoDraw = False
11.6612 	EXP 	fixationITI: autoDraw = True
12.7093 	EXP 	fixationITI: autoDraw = False
12.7093 	EXP 	fixationITI: autoDraw = False
12.7093 	EXP 	imageFam: image = 'REPSWITCH1_Fam/PICTURE_464.png'
12.7093 	EXP 	polygonWhiteFam: autoDraw = True
12.7093 	EXP 	imageFam: autoDraw = True
16.2028 	EXP 	textFam: autoDraw = True
18.7386 	EXP 	textFam: autoDraw = False
18.7386 	EXP 	polygonWhiteFam: autoDraw = False
18.7386 	EXP 	imageFam: autoDraw = False
18.7386 	EXP 	textFam: autoDraw = False
18.7386 	EXP 	textBlankLoop: autoDraw = True
19.2336 	EXP 	New trial (rep=0, index=1): {'image': 'REPSWITCH1_Fam/PICTURE_235.png', 'correctAns': 'aguja'}
19.2393 	EXP 	textBlankLoop: autoDraw = False
19.2393 	EXP 	fixationITI: autoDraw = True
20.4040 	EXP 	fixationITI: autoDraw = False
20.4040 	EXP 	fixationITI: autoDraw = False
20.4040 	EXP 	imageFam: image = 'REPSWITCH1_Fam/PICTURE_235.png'
20.4040 	EXP 	polygonWhiteFam: autoDraw = True
20.4040 	EXP 	imageFam: autoDraw = True
23.9029 	EXP 	textFam: autoDraw = True
26.4370 	EXP 	polygonWhiteFam: autoDraw = False
26.4370 	EXP 	imageFam: autoDraw = False
26.4370 	EXP 	textFam: autoDraw = False
26.4370 	EXP 	polygonWhiteFam: autoDraw = False
26.4370 	EXP 	imageFam: autoDraw = False
26.4370 	EXP 	textFam: autoDraw = False
26.4370 	EXP 	textBlankLoop: autoDraw = True
26.9341 	EXP 	New trial (rep=0, index=2): {'image': 'REPSWITCH1_Fam/PICTURE_135.png', 'correctAns': 'traje'}
26.9388 	EXP 	textBlankLoop: autoDraw = False
26.9388 	EXP 	fixationITI: autoDraw = True
28.0072 	EXP 	fixationITI: autoDraw = False
28.0072 	EXP 	fixationITI: autoDraw = False
28.0072 	EXP 	imageFam: image = 'REPSWITCH1_Fam/PICTURE_135.png'
28.0072 	EXP 	polygonWhiteFam: autoDraw = True
28.0072 	EXP 	imageFam: autoDraw = True
31.5032 	EXP 	textFam: autoDraw = True
34.0065 	EXP 	textFam: autoDraw = False
34.0490 	EXP 	polygonWhiteFam: autoDraw = False
34.0490 	EXP 	imageFam: autoDraw = False
34.0490 	EXP 	polygonWhiteFam: autoDraw = False
34.0490 	EXP 	imageFam: autoDraw = False
34.0490 	EXP 	textFam: autoDraw = False
34.0490 	EXP 	textBlankLoop: autoDraw = True
34.5480 	EXP 	New trial (rep=0, index=3): {'image': 'REPSWITCH1_Fam/PICTURE_175.png', 'correctAns': 'pintor'}
34.5533 	EXP 	textBlankLoop: autoDraw = False
34.5533 	EXP 	fixationITI: autoDraw = True
35.0474 	DATA 	Keypress: escape
35.5600 	EXP 	window1: mouseVisible = True
