9.2781 	EXP 	Created window1 = Window(allowGUI=True, allowStencil=False, autoLog=True, backendConf=UNKNOWN, bitsMode=UNKNOWN, blendMode='avg', bpc=(8, 8, 8), color=array([0, 0, 0]), colorSpace='rgb', depthBits=8, fullscr=<method-wrapper '__getattribute__' of attributeSetter object at 0x00000266C4D63790>, gamma=None, gammaErrorPolicy='raise', lms=UNKNOWN, monitor=<psychopy.monitors.calibTools.Monitor object at 0x00000266C6CE8340>, multiSample=False, name='window1', numSamples=2, pos=(192, 108), screen=0, size=array([1536,  864]), stencilBits=0, stereo=False, units='height', useFBO=True, useRetina=False, viewOri=0.0, viewPos=None, viewScale=None, waitBlanking=True, winType='pyglet')
9.2781 	EXP 	window1: mouseVisible = True
9.2782 	EXP 	window1: mouseVisible = True
9.2782 	EXP 	window1: Attempting to measure frame rate of screen (0) ...
9.2782 	EXP 	window1: recordFrameIntervals = False
9.4449 	EXP 	window1: recordFrameIntervals = True
9.6286 	EXP 	Screen (0) actual frame rate measured at 60.01Hz
9.6287 	EXP 	window1: recordFrameIntervals = False
9.6681 	WARNING 	launchHubServer: If using the iohub mouse or eyetracker devices, fullScr should be True.
11.8868 	EXP 	Created textBlank500 = TextStim(__class__=<class 'psychopy.visual.text.TextStim'>, alignHoriz=method-wrapper(...), alignText='center', alignVert=method-wrapper(...), anchorHoriz='center', anchorVert='center', antialias=True, autoDraw=False, autoLog=True, bold=False, color=array([1, 1, 1]), colorSpace='rgb', contrast=1.0, depth=0.0, flipHoriz=False, flipVert=False, font='Open Sans', fontFiles=[], height=0.05, italic=False, languageStyle='LTR', name='textBlank500', opacity=1.0, ori=0.0, pos=array([0., 0.]), rgb=UNKNOWN, text='', units='height', win=Window(...), wrapWidth=1)
11.8884 	EXP 	Created fixationITI = ShapeStim(__class__=<class 'psychopy.visual.shape.ShapeStim'>, anchor=('center', 'center'), autoDraw=False, autoLog=True, closeShape=True, color=method-wrapper(...), colorSpace='rgb', contrast=None, depth=0.0, fillColor=array([1, 1, 1]), fillColorSpace='rgb', fillRGB=array([1, 1, 1]), interpolate=True, lineColor=array([1, 1, 1]), lineColorSpace='rgb', lineRGB=array([1, 1, 1]), lineWidth=1.0, name='fixationITI', opacity=1.0, ori=0.0, pos=array([0., 0.]), size=array([0.1, 0.1]), units='height', vertices=ndarray(...), win=Window(...), windingRule=None)
11.8896 	EXP 	Created polygonCol_2 = Rect(__class__=<class 'psychopy.visual.rect.Rect'>, anchor=('center', 'center'), autoDraw=False, autoLog=True, closeShape=True, color=method-wrapper(...), colorSpace='rgb', contrast=None, depth=0.0, fillColor=array([1, 1, 1]), fillColorSpace='rgb', fillRGB=array([1, 1, 1]), interpolate=True, lineColor=array([1, 1, 1]), lineColorSpace='rgb', lineRGB=array([1, 1, 1]), lineWidth=1.0, name='polygonCol_2', opacity=1.0, ori=0.0, pos=array([0., 0.]), size=array([0.55, 0.55]), units='height', vertices=ndarray(...), win=Window(...))
11.8909 	EXP 	Created polygonWh_2 = Rect(__class__=<class 'psychopy.visual.rect.Rect'>, anchor=('center', 'center'), autoDraw=False, autoLog=True, closeShape=True, color=method-wrapper(...), colorSpace='rgb', contrast=None, depth=-1.0, fillColor=array([1, 1, 1]), fillColorSpace='rgb', fillRGB=array([1, 1, 1]), interpolate=True, lineColor=array([1, 1, 1]), lineColorSpace='rgb', lineRGB=array([1, 1, 1]), lineWidth=1.0, name='polygonWh_2', opacity=1.0, ori=0.0, pos=array([0., 0.]), size=array([0.5, 0.5]), units='height', vertices=ndarray(...), win=Window(...))
11.8981 	EXP 	Created imagePractice_2 = ImageStim(__class__=<class 'psychopy.visual.image.ImageStim'>, anchor=('center', 'center'), autoLog=True, color=array([1, 1, 1]), colorSpace='rgb', contrast=1.0, depth=-2.0, flipHoriz=False, flipVert=False, image='sin', interpolate=True, mask=None, maskParams=None, name='imagePractice_2', opacity=1.0, ori=0.0, pos=array([0., 0.]), size=array([0.5, 0.5]), texRes=128.0, units='height', win=Window(...))
11.9001 	EXP 	Created polygonText_2 = Rect(__class__=<class 'psychopy.visual.rect.Rect'>, anchor=('center', 'center'), autoDraw=False, autoLog=True, closeShape=True, color=method-wrapper(...), colorSpace='rgb', contrast=None, depth=-3.0, fillColor=array([0.9216, 0.9216, 0.9216]), fillColorSpace='rgb', fillRGB=array([0.9216, 0.9216, 0.9216]), interpolate=True, lineColor=array([0.9216, 0.9216, 0.9216]), lineColorSpace='rgb', lineRGB=array([0.9216, 0.9216, 0.9216]), lineWidth=1.0, name='polygonText_2', opacity=1.0, ori=0.0, pos=array([0., 0.]), size=array([0.2, 0.1]), units='height', vertices=ndarray(...), win=Window(...))
11.9009 	EXP 	Created textPractice_2 = TextStim(__class__=<class 'psychopy.visual.text.TextStim'>, alignHoriz=method-wrapper(...), alignText='center', alignVert=method-wrapper(...), anchorHoriz='center', anchorVert='center', antialias=True, autoDraw=False, autoLog=True, bold=False, color=array([-1., -1., -1.]), colorSpace='rgb', contrast=1.0, depth=-4.0, flipHoriz=False, flipVert=False, font='Open Sans', fontFiles=[], height=0.05, italic=False, languageStyle='LTR', name='textPractice_2', opacity=1.0, ori=0.0, pos=array([0., 0.]), rgb=UNKNOWN, text='', units='height', win=Window(...), wrapWidth=1)
12.9543 	EXP 	Created textBlank500 = TextStim(__class__=<class 'psychopy.visual.text.TextStim'>, alignHoriz=method-wrapper(...), alignText='center', alignVert=method-wrapper(...), anchorHoriz='center', anchorVert='center', antialias=True, autoDraw=False, autoLog=True, bold=False, color=array([1, 1, 1]), colorSpace='rgb', contrast=1.0, depth=0.0, flipHoriz=False, flipVert=False, font='Open Sans', fontFiles=[], height=0.05, italic=False, languageStyle='LTR', name='textBlank500', opacity=1.0, ori=0.0, pos=array([0., 0.]), rgb=UNKNOWN, text='', units='height', win=Window(...), wrapWidth=1)
12.9576 	EXP 	Created textBlank500 = TextStim(__class__=<class 'psychopy.visual.text.TextStim'>, alignHoriz=method-wrapper(...), alignText='center', alignVert=method-wrapper(...), anchorHoriz='center', anchorVert='center', antialias=True, autoDraw=False, autoLog=True, bold=False, color=array([1, 1, 1]), colorSpace='rgb', contrast=1.0, depth=0.0, flipHoriz=False, flipVert=False, font='Open Sans', fontFiles=[], height=0.05, italic=False, languageStyle='LTR', name='textBlank500', opacity=1.0, ori=0.0, pos=array([0., 0.]), rgb=UNKNOWN, text='', units='height', win=Window(...), wrapWidth=1)
13.0284 	EXP 	textboxInstrPractice_2: autoLog = True
13.0284 	EXP 	textboxInstrPractice_2_2: autoLog = True
13.0284 	EXP 	textboxInstrPractice_2_3: autoLog = True
13.0284 	EXP 	textboxInstrPractice_2_4: autoLog = True
13.0284 	EXP 	textboxInstrPractice_2_5: autoLog = True
13.0284 	EXP 	textboxInstrPractice_2_6: autoLog = True
13.0284 	EXP 	textboxInstrPractice_2_7: autoLog = True
13.0284 	EXP 	textboxInstrPractice_2_8: autoLog = True
13.0284 	EXP 	textboxInstrPractice_2_9: autoLog = True
13.0284 	EXP 	textboxInstrPractice_2_10: autoLog = True
13.0284 	EXP 	textboxInstrPractice_2_11: autoLog = True
13.0284 	EXP 	textboxInstrPractice_2_12: autoLog = True
13.0284 	EXP 	textboxEndPractice_2: autoLog = True
13.0284 	EXP 	textboxInstrPractice_2: autoDraw = True
13.0284 	EXP 	textboxInstrPractice_2_2: autoDraw = True
13.0284 	EXP 	textboxInstrPractice_2_3: autoDraw = True
13.0284 	EXP 	textboxInstrPractice_2_4: autoDraw = True
13.0284 	EXP 	textboxInstrPractice_2_5: autoDraw = True
13.0284 	EXP 	textboxInstrPractice_2_6: autoDraw = True
13.0284 	EXP 	textboxInstrPractice_2_7: autoDraw = True
13.0284 	EXP 	textboxInstrPractice_2_8: autoDraw = True
13.0284 	EXP 	textboxInstrPractice_2_9: autoDraw = True
13.0284 	EXP 	textboxInstrPractice_2_10: autoDraw = True
13.0284 	EXP 	textboxInstrPractice_2_11: autoDraw = True
13.0284 	EXP 	textboxInstrPractice_2_12: autoDraw = True
14.1258 	DATA 	Keypress: space
14.1596 	EXP 	textboxInstrPractice_2: autoDraw = False
14.1596 	EXP 	textboxInstrPractice_2_2: autoDraw = False
14.1596 	EXP 	textboxInstrPractice_2_3: autoDraw = False
14.1596 	EXP 	textboxInstrPractice_2_4: autoDraw = False
14.1596 	EXP 	textboxInstrPractice_2_5: autoDraw = False
14.1596 	EXP 	textboxInstrPractice_2_6: autoDraw = False
14.1596 	EXP 	textboxInstrPractice_2_7: autoDraw = False
14.1596 	EXP 	textboxInstrPractice_2_8: autoDraw = False
14.1596 	EXP 	textboxInstrPractice_2_9: autoDraw = False
14.1596 	EXP 	textboxInstrPractice_2_10: autoDraw = False
14.1596 	EXP 	textboxInstrPractice_2_11: autoDraw = False
14.1596 	EXP 	textboxInstrPractice_2_12: autoDraw = False
14.1596 	EXP 	textBlank500: autoDraw = True
14.6510 	EXP 	Imported repswitch_practice_2.xlsx as conditions, 12 conditions, 4 params
14.6515 	EXP 	Created sequence: sequential, trialTypes=12, nReps=1, seed=None
14.6518 	EXP 	New trial (rep=0, index=0): {'image': 'REPSWITCH1_Practice/PICTURE_12.png', 'correctAns': 'sirena', 'respModal': 'SPEAK', 'frameColor': 'yellow'}
14.6596 	EXP 	textBlank500: autoDraw = False
14.6596 	EXP 	fixationITI: autoDraw = True
15.9087 	EXP 	fixationITI: autoDraw = False
15.9087 	EXP 	fixationITI: autoDraw = False
15.9087 	EXP 	polygonCol_2: fillColor = <psychopy.colors.Color: yellow, alpha=1.0>
15.9087 	EXP 	polygonCol_2: borderColor = <psychopy.colors.Color: yellow, alpha=1.0>
15.9087 	EXP 	imagePractice_2: image = 'REPSWITCH1_Practice/PICTURE_12.png'
15.9087 	EXP 	polygonCol_2: autoDraw = True
15.9087 	EXP 	polygonWh_2: autoDraw = True
15.9087 	EXP 	imagePractice_2: autoDraw = True
15.9087 	EXP 	polygonText_2: autoDraw = True
15.9087 	EXP 	textPractice_2: autoDraw = True
15.9087 	EXP 	textPractice_2: height = 0.05
15.9087 	EXP 	textPractice_2: height = 0.05
15.9087 	EXP 	textPractice_2: height = 0.05
15.9087 	EXP 	textPractice_2: text = ''
16.7789 	DATA 	Keypress: s
16.8954 	DATA 	Keypress: i
17.0123 	DATA 	Keypress: r
17.0957 	DATA 	Keypress: e
17.1788 	DATA 	Keypress: n
17.3126 	DATA 	Keypress: a
18.8909 	EXP 	polygonCol_2: autoDraw = False
18.8909 	EXP 	polygonWh_2: autoDraw = False
18.8909 	EXP 	imagePractice_2: autoDraw = False
18.8909 	EXP 	polygonText_2: autoDraw = False
18.8909 	EXP 	textPractice_2: autoDraw = False
18.8909 	EXP 	textBlank500: autoDraw = True
19.3588 	EXP 	New trial (rep=0, index=1): {'image': 'REPSWITCH1_Practice/PICTURE_12.png', 'correctAns': 'sirena', 'respModal': 'TYPE', 'frameColor': 'darkblue'}
19.3751 	EXP 	textBlank500: autoDraw = False
19.3751 	EXP 	fixationITI: autoDraw = True
20.5257 	EXP 	fixationITI: autoDraw = False
20.5257 	EXP 	fixationITI: autoDraw = False
20.5257 	EXP 	polygonCol_2: fillColor = <psychopy.colors.Color: darkblue, alpha=1.0>
20.5257 	EXP 	polygonCol_2: borderColor = <psychopy.colors.Color: darkblue, alpha=1.0>
20.5257 	EXP 	imagePractice_2: image = 'REPSWITCH1_Practice/PICTURE_12.png'
20.5257 	EXP 	polygonCol_2: autoDraw = True
20.5257 	EXP 	polygonWh_2: autoDraw = True
20.5257 	EXP 	imagePractice_2: autoDraw = True
20.5257 	EXP 	polygonText_2: autoDraw = True
20.5257 	EXP 	textPractice_2: autoDraw = True
20.8943 	DATA 	Keypress: s
20.9613 	DATA 	Keypress: i
21.2276 	DATA 	Keypress: r
21.2950 	DATA 	Keypress: e
21.3946 	DATA 	Keypress: n
21.5109 	DATA 	Keypress: a
23.5796 	EXP 	window1: mouseVisible = True
