9.1299 	EXP 	Created window1 = Window(allowGUI=True, allowStencil=False, autoLog=True, backendConf=UNKNOWN, bitsMode=UNKNOWN, blendMode='avg', bpc=(8, 8, 8), color=array([0, 0, 0]), colorSpace='rgb', depthBits=8, fullscr=<method-wrapper '__getattribute__' of attributeSetter object at 0x000002688C2B77F0>, gamma=None, gammaErrorPolicy='raise', lms=UNKNOWN, monitor=<psychopy.monitors.calibTools.Monitor object at 0x000002688E23B400>, multiSample=False, name='window1', numSamples=2, pos=(192, 108), screen=0, size=array([1536,  864]), stencilBits=0, stereo=False, units='height', useFBO=True, useRetina=False, viewOri=0.0, viewPos=None, viewScale=None, waitBlanking=True, winType='pyglet')
9.1301 	EXP 	window1: mouseVisible = True
9.1301 	EXP 	window1: mouseVisible = True
9.1301 	EXP 	window1: Attempting to measure frame rate of screen (0) ...
9.1301 	EXP 	window1: recordFrameIntervals = False
9.2966 	EXP 	window1: recordFrameIntervals = True
9.4804 	EXP 	Screen (0) actual frame rate measured at 60.20Hz
9.4805 	EXP 	window1: recordFrameIntervals = False
9.5232 	WARNING 	launchHubServer: If using the iohub mouse or eyetracker devices, fullScr should be True.
11.5490 	EXP 	Created textWelcome = TextStim(__class__=<class 'psychopy.visual.text.TextStim'>, alignHoriz=method-wrapper(...), alignText='center', alignVert=method-wrapper(...), anchorHoriz='center', anchorVert='center', antialias=True, autoDraw=False, autoLog=True, bold=False, color=array([1, 1, 1]), colorSpace='rgb', contrast=1.0, depth=0.0, flipHoriz=False, flipVert=False, font='Open Sans', fontFiles=[], height=0.05, italic=False, languageStyle='LTR', name='textWelcome', opacity=1.0, ori=0.0, pos=array([0., 0.]), rgb=UNKNOWN, text='We are going to start the experiment!', units='height', win=Window(...), wrapWidth=1)
11.5500 	EXP 	Created textBlank500 = TextStim(__class__=<class 'psychopy.visual.text.TextStim'>, alignHoriz=method-wrapper(...), alignText='center', alignVert=method-wrapper(...), anchorHoriz='center', anchorVert='center', antialias=True, autoDraw=False, autoLog=True, bold=False, color=array([1, 1, 1]), colorSpace='rgb', contrast=1.0, depth=0.0, flipHoriz=False, flipVert=False, font='Open Sans', fontFiles=[], height=0.05, italic=False, languageStyle='LTR', name='textBlank500', opacity=1.0, ori=0.0, pos=array([0., 0.]), rgb=UNKNOWN, text='', units='height', win=Window(...), wrapWidth=1)
11.9535 	EXP 	Created textBlank500 = TextStim(__class__=<class 'psychopy.visual.text.TextStim'>, alignHoriz=method-wrapper(...), alignText='center', alignVert=method-wrapper(...), anchorHoriz='center', anchorVert='center', antialias=True, autoDraw=False, autoLog=True, bold=False, color=array([1, 1, 1]), colorSpace='rgb', contrast=1.0, depth=0.0, flipHoriz=False, flipVert=False, font='Open Sans', fontFiles=[], height=0.05, italic=False, languageStyle='LTR', name='textBlank500', opacity=1.0, ori=0.0, pos=array([0., 0.]), rgb=UNKNOWN, text='', units='height', win=Window(...), wrapWidth=1)
11.9550 	EXP 	Created fixationITI = ShapeStim(__class__=<class 'psychopy.visual.shape.ShapeStim'>, anchor=('center', 'center'), autoDraw=False, autoLog=True, closeShape=True, color=method-wrapper(...), colorSpace='rgb', contrast=None, depth=0.0, fillColor=array([1, 1, 1]), fillColorSpace='rgb', fillRGB=array([1, 1, 1]), interpolate=True, lineColor=array([1, 1, 1]), lineColorSpace='rgb', lineRGB=array([1, 1, 1]), lineWidth=1.0, name='fixationITI', opacity=1.0, ori=0.0, pos=array([0., 0.]), size=array([0.1, 0.1]), units='height', vertices=ndarray(...), win=Window(...), windingRule=None)
11.9561 	EXP 	Created polygonColour = Rect(__class__=<class 'psychopy.visual.rect.Rect'>, anchor=('center', 'center'), autoDraw=False, autoLog=True, closeShape=True, color=method-wrapper(...), colorSpace='rgb', contrast=None, depth=0.0, fillColor=array([1, 1, 1]), fillColorSpace='rgb', fillRGB=array([1, 1, 1]), interpolate=True, lineColor=array([1, 1, 1]), lineColorSpace='rgb', lineRGB=array([1, 1, 1]), lineWidth=1.0, name='polygonColour', opacity=1.0, ori=0.0, pos=array([0., 0.]), size=array([0.55, 0.55]), units='height', vertices=ndarray(...), win=Window(...))
11.9573 	EXP 	Created polygonWhite = Rect(__class__=<class 'psychopy.visual.rect.Rect'>, anchor=('center', 'center'), autoDraw=False, autoLog=True, closeShape=True, color=method-wrapper(...), colorSpace='rgb', contrast=None, depth=-1.0, fillColor=array([1, 1, 1]), fillColorSpace='rgb', fillRGB=array([1, 1, 1]), interpolate=True, lineColor=array([1, 1, 1]), lineColorSpace='rgb', lineRGB=array([1, 1, 1]), lineWidth=1.0, name='polygonWhite', opacity=1.0, ori=0.0, pos=array([0., 0.]), size=array([0.5, 0.5]), units='height', vertices=ndarray(...), win=Window(...))
11.9617 	EXP 	Created imageObject = ImageStim(__class__=<class 'psychopy.visual.image.ImageStim'>, anchor=('center', 'center'), autoLog=True, color=array([1, 1, 1]), colorSpace='rgb', contrast=1.0, depth=-2.0, flipHoriz=False, flipVert=False, image='sin', interpolate=True, mask=None, maskParams=None, name='imageObject', opacity=1.0, ori=0.0, pos=array([0., 0.]), size=array([0.5, 0.5]), texRes=128.0, units='height', win=Window(...))
11.9633 	EXP 	Created polygonType = Rect(__class__=<class 'psychopy.visual.rect.Rect'>, anchor=('center', 'center'), autoDraw=False, autoLog=True, closeShape=True, color=method-wrapper(...), colorSpace='rgb', contrast=None, depth=-3.0, fillColor=array([0.9216, 0.9216, 0.9216]), fillColorSpace='rgb', fillRGB=array([0.9216, 0.9216, 0.9216]), interpolate=True, lineColor=array([0.9216, 0.9216, 0.9216]), lineColorSpace='rgb', lineRGB=array([0.9216, 0.9216, 0.9216]), lineWidth=1.0, name='polygonType', opacity=1.0, ori=0.0, pos=array([0., 0.]), size=array([0.3, 0.1]), units='height', vertices=ndarray(...), win=Window(...))
11.9641 	EXP 	Created textInput = TextStim(__class__=<class 'psychopy.visual.text.TextStim'>, alignHoriz=method-wrapper(...), alignText='center', alignVert=method-wrapper(...), anchorHoriz='center', anchorVert='center', antialias=True, autoDraw=False, autoLog=True, bold=False, color=array([-1., -1., -1.]), colorSpace='rgb', contrast=1.0, depth=-4.0, flipHoriz=False, flipVert=False, font='Open Sans', fontFiles=[], height=0.05, italic=False, languageStyle='LTR', name='textInput', opacity=1.0, ori=0.0, pos=array([0., 0.]), rgb=UNKNOWN, text='', units='height', win=Window(...), wrapWidth=1)
12.0584 	EXP 	Created textBlank500 = TextStim(__class__=<class 'psychopy.visual.text.TextStim'>, alignHoriz=method-wrapper(...), alignText='center', alignVert=method-wrapper(...), anchorHoriz='center', anchorVert='center', antialias=True, autoDraw=False, autoLog=True, bold=False, color=array([1, 1, 1]), colorSpace='rgb', contrast=1.0, depth=0.0, flipHoriz=False, flipVert=False, font='Open Sans', fontFiles=[], height=0.05, italic=False, languageStyle='LTR', name='textBlank500', opacity=1.0, ori=0.0, pos=array([0., 0.]), rgb=UNKNOWN, text='', units='height', win=Window(...), wrapWidth=1)
12.0759 	EXP 	Created textBlank500 = TextStim(__class__=<class 'psychopy.visual.text.TextStim'>, alignHoriz=method-wrapper(...), alignText='center', alignVert=method-wrapper(...), anchorHoriz='center', anchorVert='center', antialias=True, autoDraw=False, autoLog=True, bold=False, color=array([1, 1, 1]), colorSpace='rgb', contrast=1.0, depth=0.0, flipHoriz=False, flipVert=False, font='Open Sans', fontFiles=[], height=0.05, italic=False, languageStyle='LTR', name='textBlank500', opacity=1.0, ori=0.0, pos=array([0., 0.]), rgb=UNKNOWN, text='', units='height', win=Window(...), wrapWidth=1)
12.1341 	EXP 	textboxInstrMain1: autoLog = True
12.1341 	EXP 	textboxInstrMain1_2: autoLog = True
12.1341 	EXP 	textboxInstrMain1_3: autoLog = True
12.1341 	EXP 	textboxInstrMain2: autoLog = True
12.1341 	EXP 	textboxInstrMain2_2: autoLog = True
12.1341 	EXP 	textboxInstrMain2_3: autoLog = True
12.1341 	EXP 	textboxInstrMain2_4: autoLog = True
12.1341 	EXP 	textboxInstrMain2_5: autoLog = True
12.1341 	EXP 	textboxInstrMain2_6: autoLog = True
12.1341 	EXP 	textboxInstrMain2_7: autoLog = True
12.1341 	EXP 	textboxInstrMain2_8: autoLog = True
12.1341 	EXP 	textboxInstrMain2_9: autoLog = True
12.1341 	EXP 	textboxInstrMain2_10: autoLog = True
12.1341 	EXP 	textboxInstrMain2_11: autoLog = True
12.1341 	EXP 	textboxInstrMain2_12: autoLog = True
12.1341 	EXP 	textboxPause: autoLog = True
12.1341 	EXP 	textboxGoodbye: autoLog = True
12.1341 	EXP 	textWelcome: autoDraw = True
14.1281 	EXP 	textWelcome: autoDraw = False
14.1281 	EXP 	textBlank500: autoDraw = True
14.6281 	EXP 	textBlank500: autoDraw = False
14.6281 	EXP 	textboxInstrMain1: autoDraw = True
14.6281 	EXP 	textboxInstrMain1_2: autoDraw = True
14.6281 	EXP 	textboxInstrMain1_3: autoDraw = True
15.2212 	DATA 	Keypress: space
15.2270 	EXP 	textboxInstrMain1: autoDraw = False
15.2270 	EXP 	textboxInstrMain1_2: autoDraw = False
15.2270 	EXP 	textboxInstrMain1_3: autoDraw = False
15.2270 	EXP 	textboxInstrMain2: autoDraw = True
15.2270 	EXP 	textboxInstrMain2_2: autoDraw = True
15.2270 	EXP 	textboxInstrMain2_3: autoDraw = True
15.2270 	EXP 	textboxInstrMain2_4: autoDraw = True
15.2270 	EXP 	textboxInstrMain2_5: autoDraw = True
15.2270 	EXP 	textboxInstrMain2_6: autoDraw = True
15.2270 	EXP 	textboxInstrMain2_7: autoDraw = True
15.2270 	EXP 	textboxInstrMain2_8: autoDraw = True
15.2270 	EXP 	textboxInstrMain2_9: autoDraw = True
15.2270 	EXP 	textboxInstrMain2_10: autoDraw = True
15.2270 	EXP 	textboxInstrMain2_11: autoDraw = True
15.2270 	EXP 	textboxInstrMain2_12: autoDraw = True
15.9963 	DATA 	Keypress: space
16.0110 	EXP 	textboxInstrMain2: autoDraw = False
16.0110 	EXP 	textboxInstrMain2_2: autoDraw = False
16.0110 	EXP 	textboxInstrMain2_3: autoDraw = False
16.0110 	EXP 	textboxInstrMain2_4: autoDraw = False
16.0110 	EXP 	textboxInstrMain2_5: autoDraw = False
16.0110 	EXP 	textboxInstrMain2_6: autoDraw = False
16.0110 	EXP 	textboxInstrMain2_7: autoDraw = False
16.0110 	EXP 	textboxInstrMain2_8: autoDraw = False
16.0110 	EXP 	textboxInstrMain2_9: autoDraw = False
16.0110 	EXP 	textboxInstrMain2_10: autoDraw = False
16.0110 	EXP 	textboxInstrMain2_11: autoDraw = False
16.0110 	EXP 	textboxInstrMain2_12: autoDraw = False
16.0110 	EXP 	textBlank500: autoDraw = True
16.6162 	EXP 	Imported repswitch.xlsx as conditions, 384 conditions, 11 params
16.6215 	EXP 	Created sequence: sequential, trialTypes=384, nReps=1, seed=None
16.6220 	EXP 	New trial (rep=0, index=0): {'image': 'REPSWITCH1/PICTURE_178.png', 'correctAns': 'puente', 'respModal': 'speak', 'frameColor': 'yellow', 'repSwitch': 'nontarget', 'sequence': 2, 'target': 'NT', 'set': 1, 'stimulus': 'Stim1_Set1', 'order': 1, 'psychopy_order': 0}
16.6428 	EXP 	textBlank500: autoDraw = False
16.6428 	EXP 	textBlank500: autoDraw = False
16.6428 	EXP 	fixationITI: autoDraw = True
17.7604 	EXP 	fixationITI: autoDraw = False
17.7604 	EXP 	fixationITI: autoDraw = False
17.7604 	EXP 	polygonColour: fillColor = <psychopy.colors.Color: yellow, alpha=1.0>
17.7604 	EXP 	polygonColour: borderColor = <psychopy.colors.Color: yellow, alpha=1.0>
17.7604 	EXP 	imageObject: image = 'REPSWITCH1/PICTURE_178.png'
17.7604 	EXP 	polygonColour: autoDraw = True
17.7604 	EXP 	polygonWhite: autoDraw = True
17.7604 	EXP 	imageObject: autoDraw = True
17.7604 	EXP 	polygonType: autoDraw = True
17.7604 	EXP 	textInput: autoDraw = True
17.7604 	EXP 	textInput: height = 0.05
17.7604 	EXP 	textInput: height = 0.05
17.7604 	EXP 	textInput: height = 0.05
17.7604 	EXP 	textInput: text = ''
18.2974 	DATA 	Keypress: p
18.4135 	DATA 	Keypress: u
18.5472 	DATA 	Keypress: e
18.6640 	DATA 	Keypress: n
18.7469 	DATA 	Keypress: t
18.8468 	DATA 	Keypress: e
20.7265 	EXP 	polygonColour: autoDraw = False
20.7265 	EXP 	polygonWhite: autoDraw = False
20.7265 	EXP 	imageObject: autoDraw = False
20.7265 	EXP 	polygonType: autoDraw = False
20.7265 	EXP 	textInput: autoDraw = False
20.7265 	EXP 	textBlank500: autoDraw = True
21.2110 	EXP 	New trial (rep=0, index=1): {'image': 'REPSWITCH1/PICTURE_178.png', 'correctAns': 'puente', 'respModal': 'speak', 'frameColor': 'yellow', 'repSwitch': 'repeat', 'sequence': 2, 'target': 'T', 'set': 1, 'stimulus': 'Stim1_Set1', 'order': 2, 'psychopy_order': 1}
21.2269 	EXP 	textBlank500: autoDraw = False
21.2269 	EXP 	textboxPause: autoDraw = False
21.2269 	EXP 	fixationITI: autoDraw = True
22.4261 	EXP 	fixationITI: autoDraw = False
22.4261 	EXP 	fixationITI: autoDraw = False
22.4261 	EXP 	polygonColour: fillColor = <psychopy.colors.Color: yellow, alpha=1.0>
22.4261 	EXP 	polygonColour: borderColor = <psychopy.colors.Color: yellow, alpha=1.0>
22.4261 	EXP 	imageObject: image = 'REPSWITCH1/PICTURE_178.png'
22.4261 	EXP 	polygonColour: autoDraw = True
22.4261 	EXP 	polygonWhite: autoDraw = True
22.4261 	EXP 	imageObject: autoDraw = True
22.4261 	EXP 	polygonType: autoDraw = True
22.4261 	EXP 	textInput: autoDraw = True
22.9297 	DATA 	Keypress: p
23.2294 	DATA 	Keypress: u
23.3625 	DATA 	Keypress: e
23.4790 	DATA 	Keypress: n
23.5792 	DATA 	Keypress: t
23.6796 	DATA 	Keypress: e
25.4252 	EXP 	polygonColour: autoDraw = False
25.4252 	EXP 	polygonWhite: autoDraw = False
25.4252 	EXP 	imageObject: autoDraw = False
25.4252 	EXP 	polygonType: autoDraw = False
25.4252 	EXP 	textInput: autoDraw = False
25.4252 	EXP 	textBlank500: autoDraw = True
25.9100 	EXP 	New trial (rep=0, index=2): {'image': 'REPSWITCH1/PICTURE_319.png', 'correctAns': 'vaca', 'respModal': 'type', 'frameColor': 'darkblue', 'repSwitch': 'filler', 'sequence': 1, 'target': 'F', 'set': 1, 'stimulus': 'Stim1_Set4', 'order': 3, 'psychopy_order': 2}
25.9254 	EXP 	textBlank500: autoDraw = False
25.9254 	EXP 	textboxPause: autoDraw = False
25.9254 	EXP 	fixationITI: autoDraw = True
26.9762 	EXP 	fixationITI: autoDraw = False
26.9762 	EXP 	fixationITI: autoDraw = False
26.9762 	EXP 	polygonColour: fillColor = <psychopy.colors.Color: darkblue, alpha=1.0>
26.9762 	EXP 	polygonColour: borderColor = <psychopy.colors.Color: darkblue, alpha=1.0>
26.9762 	EXP 	imageObject: image = 'REPSWITCH1/PICTURE_319.png'
26.9762 	EXP 	polygonColour: autoDraw = True
26.9762 	EXP 	polygonWhite: autoDraw = True
26.9762 	EXP 	imageObject: autoDraw = True
26.9762 	EXP 	polygonType: autoDraw = True
26.9762 	EXP 	textInput: autoDraw = True
28.1114 	DATA 	Keypress: v
28.2613 	DATA 	Keypress: a
28.3777 	DATA 	Keypress: c
28.4780 	DATA 	Keypress: a
29.9911 	EXP 	polygonColour: autoDraw = False
29.9911 	EXP 	polygonWhite: autoDraw = False
29.9911 	EXP 	imageObject: autoDraw = False
29.9911 	EXP 	polygonType: autoDraw = False
29.9911 	EXP 	textInput: autoDraw = False
29.9911 	EXP 	textBlank500: autoDraw = True
30.4755 	EXP 	New trial (rep=0, index=3): {'image': 'REPSWITCH1/PICTURE_142.png', 'correctAns': 'vaso', 'respModal': 'speak', 'frameColor': 'yellow', 'repSwitch': 'nontarget', 'sequence': 2, 'target': 'NT', 'set': 1, 'stimulus': 'Stim2_Set1', 'order': 4, 'psychopy_order': 3}
30.4907 	EXP 	textBlank500: autoDraw = False
30.4907 	EXP 	textboxPause: autoDraw = False
30.4907 	EXP 	fixationITI: autoDraw = True
31.6071 	EXP 	fixationITI: autoDraw = False
31.6071 	EXP 	fixationITI: autoDraw = False
31.6071 	EXP 	polygonColour: fillColor = <psychopy.colors.Color: yellow, alpha=1.0>
31.6071 	EXP 	polygonColour: borderColor = <psychopy.colors.Color: yellow, alpha=1.0>
31.6071 	EXP 	imageObject: image = 'REPSWITCH1/PICTURE_142.png'
31.6071 	EXP 	polygonColour: autoDraw = True
31.6071 	EXP 	polygonWhite: autoDraw = True
31.6071 	EXP 	imageObject: autoDraw = True
31.6071 	EXP 	polygonType: autoDraw = True
31.6071 	EXP 	textInput: autoDraw = True
32.4105 	DATA 	Keypress: a
32.5606 	DATA 	Keypress: s
32.6267 	DATA 	Keypress: o
34.5907 	EXP 	polygonColour: autoDraw = False
34.5907 	EXP 	polygonWhite: autoDraw = False
34.5907 	EXP 	imageObject: autoDraw = False
34.5907 	EXP 	polygonType: autoDraw = False
34.5907 	EXP 	textInput: autoDraw = False
34.5907 	EXP 	textBlank500: autoDraw = True
35.1017 	EXP 	New trial (rep=0, index=4): {'image': 'REPSWITCH1/PICTURE_142.png', 'correctAns': 'vaso', 'respModal': 'speak', 'frameColor': 'yellow', 'repSwitch': 'repeat', 'sequence': 2, 'target': 'T', 'set': 1, 'stimulus': 'Stim2_Set1', 'order': 5, 'psychopy_order': 4}
35.1281 	EXP 	textBlank500: autoDraw = False
35.1281 	EXP 	textboxPause: autoDraw = False
35.1281 	EXP 	fixationITI: autoDraw = True
36.1783 	EXP 	fixationITI: autoDraw = False
36.1783 	EXP 	fixationITI: autoDraw = False
36.1783 	EXP 	polygonColour: fillColor = <psychopy.colors.Color: yellow, alpha=1.0>
36.1783 	EXP 	polygonColour: borderColor = <psychopy.colors.Color: yellow, alpha=1.0>
36.1783 	EXP 	imageObject: image = 'REPSWITCH1/PICTURE_142.png'
36.1783 	EXP 	polygonColour: autoDraw = True
36.1783 	EXP 	polygonWhite: autoDraw = True
36.1783 	EXP 	imageObject: autoDraw = True
36.1783 	EXP 	polygonType: autoDraw = True
36.1783 	EXP 	textInput: autoDraw = True
39.1721 	EXP 	polygonColour: autoDraw = False
39.1721 	EXP 	polygonWhite: autoDraw = False
39.1721 	EXP 	imageObject: autoDraw = False
39.1721 	EXP 	polygonType: autoDraw = False
39.1721 	EXP 	textInput: autoDraw = False
39.1721 	EXP 	textBlank500: autoDraw = True
39.6565 	EXP 	New trial (rep=0, index=5): {'image': 'REPSWITCH1/PICTURE_719.png', 'correctAns': 'baño', 'respModal': 'type', 'frameColor': 'darkblue', 'repSwitch': 'filler', 'sequence': 1, 'target': 'F', 'set': 1, 'stimulus': 'Stim2_Set4', 'order': 6, 'psychopy_order': 5}
39.6724 	EXP 	textBlank500: autoDraw = False
39.6724 	EXP 	textboxPause: autoDraw = False
39.6724 	EXP 	fixationITI: autoDraw = True
40.9047 	EXP 	fixationITI: autoDraw = False
40.9047 	EXP 	fixationITI: autoDraw = False
40.9047 	EXP 	polygonColour: fillColor = <psychopy.colors.Color: darkblue, alpha=1.0>
40.9047 	EXP 	polygonColour: borderColor = <psychopy.colors.Color: darkblue, alpha=1.0>
40.9047 	EXP 	imageObject: image = 'REPSWITCH1/PICTURE_719.png'
40.9047 	EXP 	polygonColour: autoDraw = True
40.9047 	EXP 	polygonWhite: autoDraw = True
40.9047 	EXP 	imageObject: autoDraw = True
40.9047 	EXP 	polygonType: autoDraw = True
40.9047 	EXP 	textInput: autoDraw = True
41.8078 	DATA 	Keypress: b
41.8918 	DATA 	Keypress: a
42.0246 	DATA 	Keypress: n
42.1078 	DATA 	Keypress: o
43.9043 	EXP 	polygonColour: autoDraw = False
43.9043 	EXP 	polygonWhite: autoDraw = False
43.9043 	EXP 	imageObject: autoDraw = False
43.9043 	EXP 	polygonType: autoDraw = False
43.9043 	EXP 	textInput: autoDraw = False
43.9043 	EXP 	textBlank500: autoDraw = True
44.3889 	EXP 	New trial (rep=0, index=6): {'image': 'REPSWITCH1/PICTURE_135.png', 'correctAns': 'traje', 'respModal': 'speak', 'frameColor': 'yellow', 'repSwitch': 'nontarget', 'sequence': 2, 'target': 'NT', 'set': 1, 'stimulus': 'Stim3_Set1', 'order': 7, 'psychopy_order': 6}
44.4042 	EXP 	textBlank500: autoDraw = False
44.4042 	EXP 	textboxPause: autoDraw = False
44.4042 	EXP 	fixationITI: autoDraw = True
45.5370 	EXP 	fixationITI: autoDraw = False
45.5370 	EXP 	fixationITI: autoDraw = False
45.5370 	EXP 	polygonColour: fillColor = <psychopy.colors.Color: yellow, alpha=1.0>
45.5370 	EXP 	polygonColour: borderColor = <psychopy.colors.Color: yellow, alpha=1.0>
45.5370 	EXP 	imageObject: image = 'REPSWITCH1/PICTURE_135.png'
45.5370 	EXP 	polygonColour: autoDraw = True
45.5370 	EXP 	polygonWhite: autoDraw = True
45.5370 	EXP 	imageObject: autoDraw = True
45.5370 	EXP 	polygonType: autoDraw = True
45.5370 	EXP 	textInput: autoDraw = True
47.0571 	DATA 	Keypress: t
47.6902 	DATA 	Keypress: backspace
48.5361 	EXP 	polygonColour: autoDraw = False
48.5361 	EXP 	polygonWhite: autoDraw = False
48.5361 	EXP 	imageObject: autoDraw = False
48.5361 	EXP 	polygonType: autoDraw = False
48.5361 	EXP 	textInput: autoDraw = False
48.5361 	EXP 	textBlank500: autoDraw = True
49.0207 	EXP 	New trial (rep=0, index=7): {'image': 'REPSWITCH1/PICTURE_135.png', 'correctAns': 'traje', 'respModal': 'type', 'frameColor': 'darkblue', 'repSwitch': 'switch', 'sequence': 1, 'target': 'T', 'set': 1, 'stimulus': 'Stim3_Set1', 'order': 8, 'psychopy_order': 7}
49.0366 	EXP 	textBlank500: autoDraw = False
49.0366 	EXP 	textboxPause: autoDraw = False
49.0366 	EXP 	fixationITI: autoDraw = True
50.2359 	EXP 	fixationITI: autoDraw = False
50.2359 	EXP 	fixationITI: autoDraw = False
50.2359 	EXP 	polygonColour: fillColor = <psychopy.colors.Color: darkblue, alpha=1.0>
50.2359 	EXP 	polygonColour: borderColor = <psychopy.colors.Color: darkblue, alpha=1.0>
50.2359 	EXP 	imageObject: image = 'REPSWITCH1/PICTURE_135.png'
50.2359 	EXP 	polygonColour: autoDraw = True
50.2359 	EXP 	polygonWhite: autoDraw = True
50.2359 	EXP 	imageObject: autoDraw = True
50.2359 	EXP 	polygonType: autoDraw = True
50.2359 	EXP 	textInput: autoDraw = True
51.2890 	DATA 	Keypress: t
51.3554 	DATA 	Keypress: r
51.5388 	DATA 	Keypress: a
51.6218 	DATA 	Keypress: j
51.7388 	DATA 	Keypress: e
53.2353 	EXP 	polygonColour: autoDraw = False
53.2353 	EXP 	polygonWhite: autoDraw = False
53.2353 	EXP 	imageObject: autoDraw = False
53.2353 	EXP 	polygonType: autoDraw = False
53.2353 	EXP 	textInput: autoDraw = False
53.2353 	EXP 	textBlank500: autoDraw = True
53.7194 	EXP 	New trial (rep=0, index=8): {'image': 'REPSWITCH1/PICTURE_128.png', 'correctAns': 'muñeca', 'respModal': 'type', 'frameColor': 'darkblue', 'repSwitch': 'nontarget', 'sequence': 1, 'target': 'NT', 'set': 1, 'stimulus': 'Stim4_Set1', 'order': 9, 'psychopy_order': 8}
53.7354 	EXP 	textBlank500: autoDraw = False
53.7354 	EXP 	textboxPause: autoDraw = False
53.7354 	EXP 	fixationITI: autoDraw = True
54.9848 	EXP 	fixationITI: autoDraw = False
54.9848 	EXP 	fixationITI: autoDraw = False
54.9848 	EXP 	polygonColour: fillColor = <psychopy.colors.Color: darkblue, alpha=1.0>
54.9848 	EXP 	polygonColour: borderColor = <psychopy.colors.Color: darkblue, alpha=1.0>
54.9848 	EXP 	imageObject: image = 'REPSWITCH1/PICTURE_128.png'
54.9848 	EXP 	polygonColour: autoDraw = True
54.9848 	EXP 	polygonWhite: autoDraw = True
54.9848 	EXP 	imageObject: autoDraw = True
54.9848 	EXP 	polygonType: autoDraw = True
54.9848 	EXP 	textInput: autoDraw = True
55.8376 	DATA 	Keypress: m
56.0710 	DATA 	Keypress: u
56.3543 	DATA 	Keypress: n
56.4871 	DATA 	Keypress: e
56.6544 	DATA 	Keypress: c
56.7213 	DATA 	Keypress: a
57.9840 	EXP 	polygonColour: autoDraw = False
57.9840 	EXP 	polygonWhite: autoDraw = False
57.9840 	EXP 	imageObject: autoDraw = False
57.9840 	EXP 	polygonType: autoDraw = False
57.9840 	EXP 	textInput: autoDraw = False
57.9840 	EXP 	textBlank500: autoDraw = True
58.4683 	EXP 	New trial (rep=0, index=9): {'image': 'REPSWITCH1/PICTURE_128.png', 'correctAns': 'muñeca', 'respModal': 'speak', 'frameColor': 'yellow', 'repSwitch': 'switch', 'sequence': 2, 'target': 'T', 'set': 1, 'stimulus': 'Stim4_Set1', 'order': 10, 'psychopy_order': 9}
58.4843 	EXP 	textBlank500: autoDraw = False
58.4843 	EXP 	textboxPause: autoDraw = False
58.4843 	EXP 	fixationITI: autoDraw = True
59.6671 	EXP 	fixationITI: autoDraw = False
59.6671 	EXP 	fixationITI: autoDraw = False
59.6671 	EXP 	polygonColour: fillColor = <psychopy.colors.Color: yellow, alpha=1.0>
59.6671 	EXP 	polygonColour: borderColor = <psychopy.colors.Color: yellow, alpha=1.0>
59.6671 	EXP 	imageObject: image = 'REPSWITCH1/PICTURE_128.png'
59.6671 	EXP 	polygonColour: autoDraw = True
59.6671 	EXP 	polygonWhite: autoDraw = True
59.6671 	EXP 	imageObject: autoDraw = True
59.6671 	EXP 	polygonType: autoDraw = True
59.6671 	EXP 	textInput: autoDraw = True
60.4199 	DATA 	Keypress: m
60.6038 	DATA 	Keypress: u
60.8368 	DATA 	Keypress: n
60.8870 	DATA 	Keypress: e
61.0531 	DATA 	Keypress: c
61.1199 	DATA 	Keypress: a
62.6664 	EXP 	polygonColour: autoDraw = False
62.6664 	EXP 	polygonWhite: autoDraw = False
62.6664 	EXP 	imageObject: autoDraw = False
62.6664 	EXP 	polygonType: autoDraw = False
62.6664 	EXP 	textInput: autoDraw = False
62.6664 	EXP 	textBlank500: autoDraw = True
63.1540 	EXP 	New trial (rep=0, index=10): {'image': 'REPSWITCH1/PICTURE_8.png', 'correctAns': 'pierna', 'respModal': 'speak', 'frameColor': 'yellow', 'repSwitch': 'filler', 'sequence': 2, 'target': 'F', 'set': 1, 'stimulus': 'Stim3_Set4', 'order': 11, 'psychopy_order': 10}
63.1663 	EXP 	textBlank500: autoDraw = False
63.1663 	EXP 	textboxPause: autoDraw = False
63.1663 	EXP 	fixationITI: autoDraw = True
64.2343 	EXP 	fixationITI: autoDraw = False
64.2343 	EXP 	fixationITI: autoDraw = False
64.2343 	EXP 	polygonColour: fillColor = <psychopy.colors.Color: yellow, alpha=1.0>
64.2343 	EXP 	polygonColour: borderColor = <psychopy.colors.Color: yellow, alpha=1.0>
64.2343 	EXP 	imageObject: image = 'REPSWITCH1/PICTURE_8.png'
64.2343 	EXP 	polygonColour: autoDraw = True
64.2343 	EXP 	polygonWhite: autoDraw = True
64.2343 	EXP 	imageObject: autoDraw = True
64.2343 	EXP 	polygonType: autoDraw = True
64.2343 	EXP 	textInput: autoDraw = True
67.2321 	EXP 	polygonColour: autoDraw = False
67.2321 	EXP 	polygonWhite: autoDraw = False
67.2321 	EXP 	imageObject: autoDraw = False
67.2321 	EXP 	polygonType: autoDraw = False
67.2321 	EXP 	textInput: autoDraw = False
67.2321 	EXP 	textBlank500: autoDraw = True
67.7162 	EXP 	New trial (rep=0, index=11): {'image': 'REPSWITCH1/PICTURE_19.png', 'correctAns': 'pavo', 'respModal': 'speak', 'frameColor': 'yellow', 'repSwitch': 'nontarget', 'sequence': 2, 'target': 'NT', 'set': 1, 'stimulus': 'Stim5_Set1', 'order': 12, 'psychopy_order': 11}
67.7321 	EXP 	textBlank500: autoDraw = False
67.7321 	EXP 	textboxPause: autoDraw = False
67.7321 	EXP 	fixationITI: autoDraw = True
68.8313 	EXP 	fixationITI: autoDraw = False
68.8313 	EXP 	fixationITI: autoDraw = False
68.8313 	EXP 	polygonColour: fillColor = <psychopy.colors.Color: yellow, alpha=1.0>
68.8313 	EXP 	polygonColour: borderColor = <psychopy.colors.Color: yellow, alpha=1.0>
68.8313 	EXP 	imageObject: image = 'REPSWITCH1/PICTURE_19.png'
68.8313 	EXP 	polygonColour: autoDraw = True
68.8313 	EXP 	polygonWhite: autoDraw = True
68.8313 	EXP 	imageObject: autoDraw = True
68.8313 	EXP 	polygonType: autoDraw = True
68.8313 	EXP 	textInput: autoDraw = True
71.8310 	EXP 	polygonColour: autoDraw = False
71.8310 	EXP 	polygonWhite: autoDraw = False
71.8310 	EXP 	imageObject: autoDraw = False
71.8310 	EXP 	polygonType: autoDraw = False
71.8310 	EXP 	textInput: autoDraw = False
71.8310 	EXP 	textBlank500: autoDraw = True
72.3153 	EXP 	New trial (rep=0, index=12): {'image': 'REPSWITCH1/PICTURE_19.png', 'correctAns': 'pavo', 'respModal': 'type', 'frameColor': 'darkblue', 'repSwitch': 'switch', 'sequence': 1, 'target': 'T', 'set': 1, 'stimulus': 'Stim5_Set1', 'order': 13, 'psychopy_order': 12}
72.3308 	EXP 	textBlank500: autoDraw = False
72.3308 	EXP 	textboxPause: autoDraw = False
72.3308 	EXP 	fixationITI: autoDraw = True
73.6135 	EXP 	fixationITI: autoDraw = False
73.6135 	EXP 	fixationITI: autoDraw = False
73.6135 	EXP 	polygonColour: fillColor = <psychopy.colors.Color: darkblue, alpha=1.0>
73.6135 	EXP 	polygonColour: borderColor = <psychopy.colors.Color: darkblue, alpha=1.0>
73.6135 	EXP 	imageObject: image = 'REPSWITCH1/PICTURE_19.png'
73.6135 	EXP 	polygonColour: autoDraw = True
73.6135 	EXP 	polygonWhite: autoDraw = True
73.6135 	EXP 	imageObject: autoDraw = True
73.6135 	EXP 	polygonType: autoDraw = True
73.6135 	EXP 	textInput: autoDraw = True
76.5966 	EXP 	polygonColour: autoDraw = False
76.5966 	EXP 	polygonWhite: autoDraw = False
76.5966 	EXP 	imageObject: autoDraw = False
76.5966 	EXP 	polygonType: autoDraw = False
76.5966 	EXP 	textInput: autoDraw = False
76.5966 	EXP 	textBlank500: autoDraw = True
77.0811 	EXP 	New trial (rep=0, index=13): {'image': 'REPSWITCH1/PICTURE_498.png', 'correctAns': 'taza', 'respModal': 'speak', 'frameColor': 'yellow', 'repSwitch': 'filler', 'sequence': 2, 'target': 'F', 'set': 1, 'stimulus': 'Stim4_Set4', 'order': 14, 'psychopy_order': 13}
77.0962 	EXP 	textBlank500: autoDraw = False
77.0962 	EXP 	textBlank500: autoDraw = False
77.0962 	EXP 	textboxPause: autoDraw = False
77.0962 	EXP 	fixationITI: autoDraw = True
78.1795 	EXP 	fixationITI: autoDraw = False
78.1795 	EXP 	fixationITI: autoDraw = False
78.1795 	EXP 	polygonColour: fillColor = <psychopy.colors.Color: yellow, alpha=1.0>
78.1795 	EXP 	polygonColour: borderColor = <psychopy.colors.Color: yellow, alpha=1.0>
78.1795 	EXP 	imageObject: image = 'REPSWITCH1/PICTURE_498.png'
78.1795 	EXP 	polygonColour: autoDraw = True
78.1795 	EXP 	polygonWhite: autoDraw = True
78.1795 	EXP 	imageObject: autoDraw = True
78.1795 	EXP 	polygonType: autoDraw = True
78.1795 	EXP 	textInput: autoDraw = True
81.1788 	EXP 	polygonColour: autoDraw = False
81.1788 	EXP 	polygonWhite: autoDraw = False
81.1788 	EXP 	imageObject: autoDraw = False
81.1788 	EXP 	polygonType: autoDraw = False
81.1788 	EXP 	textInput: autoDraw = False
81.1788 	EXP 	textBlank500: autoDraw = True
81.6628 	EXP 	New trial (rep=0, index=14): {'image': 'REPSWITCH1/PICTURE_16.png', 'correctAns': 'cazador', 'respModal': 'type', 'frameColor': 'darkblue', 'repSwitch': 'nontarget', 'sequence': 1, 'target': 'NT', 'set': 1, 'stimulus': 'Stim6_Set1', 'order': 15, 'psychopy_order': 14}
81.6786 	EXP 	textBlank500: autoDraw = False
81.6786 	EXP 	textboxPause: autoDraw = False
81.6786 	EXP 	fixationITI: autoDraw = True
82.7613 	EXP 	fixationITI: autoDraw = False
82.7613 	EXP 	fixationITI: autoDraw = False
82.7613 	EXP 	polygonColour: fillColor = <psychopy.colors.Color: darkblue, alpha=1.0>
82.7613 	EXP 	polygonColour: borderColor = <psychopy.colors.Color: darkblue, alpha=1.0>
82.7613 	EXP 	imageObject: image = 'REPSWITCH1/PICTURE_16.png'
82.7613 	EXP 	polygonColour: autoDraw = True
82.7613 	EXP 	polygonWhite: autoDraw = True
82.7613 	EXP 	imageObject: autoDraw = True
82.7613 	EXP 	polygonType: autoDraw = True
82.7613 	EXP 	textInput: autoDraw = True
85.7612 	EXP 	polygonColour: autoDraw = False
85.7612 	EXP 	polygonWhite: autoDraw = False
85.7612 	EXP 	imageObject: autoDraw = False
85.7612 	EXP 	polygonType: autoDraw = False
85.7612 	EXP 	textInput: autoDraw = False
85.7612 	EXP 	textBlank500: autoDraw = True
86.2454 	EXP 	New trial (rep=0, index=15): {'image': 'REPSWITCH1/PICTURE_16.png', 'correctAns': 'cazador', 'respModal': 'type', 'frameColor': 'darkblue', 'repSwitch': 'repeat', 'sequence': 1, 'target': 'T', 'set': 1, 'stimulus': 'Stim6_Set1', 'order': 16, 'psychopy_order': 15}
86.2606 	EXP 	textBlank500: autoDraw = False
86.2606 	EXP 	textboxPause: autoDraw = False
86.2606 	EXP 	fixationITI: autoDraw = True
87.5641 	EXP 	fixationITI: autoDraw = False
87.5641 	EXP 	fixationITI: autoDraw = False
87.5641 	EXP 	polygonColour: fillColor = <psychopy.colors.Color: darkblue, alpha=1.0>
87.5641 	EXP 	polygonColour: borderColor = <psychopy.colors.Color: darkblue, alpha=1.0>
87.5641 	EXP 	imageObject: image = 'REPSWITCH1/PICTURE_16.png'
87.5641 	EXP 	polygonColour: autoDraw = True
87.5641 	EXP 	polygonWhite: autoDraw = True
87.5641 	EXP 	imageObject: autoDraw = True
87.5641 	EXP 	polygonType: autoDraw = True
87.5641 	EXP 	textInput: autoDraw = True
90.5594 	EXP 	polygonColour: autoDraw = False
90.5594 	EXP 	polygonWhite: autoDraw = False
90.5594 	EXP 	imageObject: autoDraw = False
90.5594 	EXP 	polygonType: autoDraw = False
90.5594 	EXP 	textInput: autoDraw = False
90.5594 	EXP 	textBlank500: autoDraw = True
91.0439 	EXP 	New trial (rep=0, index=16): {'image': 'REPSWITCH1/PICTURE_687.png', 'correctAns': 'camisa', 'respModal': 'speak', 'frameColor': 'yellow', 'repSwitch': 'filler', 'sequence': 2, 'target': 'F', 'set': 1, 'stimulus': 'Stim5_Set4', 'order': 17, 'psychopy_order': 16}
91.0595 	EXP 	textBlank500: autoDraw = False
91.0595 	EXP 	textboxPause: autoDraw = False
91.0595 	EXP 	fixationITI: autoDraw = True
92.2927 	EXP 	fixationITI: autoDraw = False
92.2927 	EXP 	fixationITI: autoDraw = False
92.2927 	EXP 	polygonColour: fillColor = <psychopy.colors.Color: yellow, alpha=1.0>
92.2927 	EXP 	polygonColour: borderColor = <psychopy.colors.Color: yellow, alpha=1.0>
92.2927 	EXP 	imageObject: image = 'REPSWITCH1/PICTURE_687.png'
92.2927 	EXP 	polygonColour: autoDraw = True
92.2927 	EXP 	polygonWhite: autoDraw = True
92.2927 	EXP 	imageObject: autoDraw = True
92.2927 	EXP 	polygonType: autoDraw = True
92.2927 	EXP 	textInput: autoDraw = True
95.2753 	EXP 	polygonColour: autoDraw = False
95.2753 	EXP 	polygonWhite: autoDraw = False
95.2753 	EXP 	imageObject: autoDraw = False
95.2753 	EXP 	polygonType: autoDraw = False
95.2753 	EXP 	textInput: autoDraw = False
95.2753 	EXP 	textBlank500: autoDraw = True
95.7620 	EXP 	New trial (rep=0, index=17): {'image': 'REPSWITCH1/PICTURE_142.png', 'correctAns': 'vaso', 'respModal': 'type', 'frameColor': 'darkblue', 'repSwitch': 'nontarget', 'sequence': 1, 'target': 'NT', 'set': 1, 'stimulus': 'Stim7_Set1', 'order': 18, 'psychopy_order': 17}
95.7751 	EXP 	textBlank500: autoDraw = False
95.7751 	EXP 	textBlank500: autoDraw = False
95.7751 	EXP 	textboxPause: autoDraw = False
95.7751 	EXP 	fixationITI: autoDraw = True
96.8912 	EXP 	fixationITI: autoDraw = False
96.8912 	EXP 	fixationITI: autoDraw = False
96.8912 	EXP 	polygonColour: fillColor = <psychopy.colors.Color: darkblue, alpha=1.0>
96.8912 	EXP 	polygonColour: borderColor = <psychopy.colors.Color: darkblue, alpha=1.0>
96.8912 	EXP 	imageObject: image = 'REPSWITCH1/PICTURE_142.png'
96.8912 	EXP 	polygonColour: autoDraw = True
96.8912 	EXP 	polygonWhite: autoDraw = True
96.8912 	EXP 	imageObject: autoDraw = True
96.8912 	EXP 	polygonType: autoDraw = True
96.8912 	EXP 	textInput: autoDraw = True
99.8906 	EXP 	polygonColour: autoDraw = False
99.8906 	EXP 	polygonWhite: autoDraw = False
99.8906 	EXP 	imageObject: autoDraw = False
99.8906 	EXP 	polygonType: autoDraw = False
99.8906 	EXP 	textInput: autoDraw = False
99.8906 	EXP 	textBlank500: autoDraw = True
100.3750 	EXP 	New trial (rep=0, index=18): {'image': 'REPSWITCH1/PICTURE_142.png', 'correctAns': 'vaso', 'respModal': 'type', 'frameColor': 'darkblue', 'repSwitch': 'repeat', 'sequence': 1, 'target': 'T', 'set': 1, 'stimulus': 'Stim7_Set1', 'order': 19, 'psychopy_order': 18}
100.3908 	EXP 	textBlank500: autoDraw = False
100.3908 	EXP 	textboxPause: autoDraw = False
100.3908 	EXP 	fixationITI: autoDraw = True
101.5902 	EXP 	fixationITI: autoDraw = False
101.5902 	EXP 	fixationITI: autoDraw = False
101.5902 	EXP 	polygonColour: fillColor = <psychopy.colors.Color: darkblue, alpha=1.0>
101.5902 	EXP 	polygonColour: borderColor = <psychopy.colors.Color: darkblue, alpha=1.0>
101.5902 	EXP 	imageObject: image = 'REPSWITCH1/PICTURE_142.png'
101.5902 	EXP 	polygonColour: autoDraw = True
101.5902 	EXP 	polygonWhite: autoDraw = True
101.5902 	EXP 	imageObject: autoDraw = True
101.5902 	EXP 	polygonType: autoDraw = True
101.5902 	EXP 	textInput: autoDraw = True
104.5734 	EXP 	polygonColour: autoDraw = False
104.5734 	EXP 	polygonWhite: autoDraw = False
104.5734 	EXP 	imageObject: autoDraw = False
104.5734 	EXP 	polygonType: autoDraw = False
104.5734 	EXP 	textInput: autoDraw = False
104.5734 	EXP 	textBlank500: autoDraw = True
105.0577 	EXP 	New trial (rep=0, index=19): {'image': 'REPSWITCH1/PICTURE_338.png', 'correctAns': 'regalo', 'respModal': 'speak', 'frameColor': 'yellow', 'repSwitch': 'filler', 'sequence': 2, 'target': 'F', 'set': 1, 'stimulus': 'Stim6_Set4', 'order': 20, 'psychopy_order': 19}
105.0730 	EXP 	textBlank500: autoDraw = False
105.0730 	EXP 	textBlank500: autoDraw = False
105.0730 	EXP 	textboxPause: autoDraw = False
105.0730 	EXP 	fixationITI: autoDraw = True
106.2057 	EXP 	fixationITI: autoDraw = False
106.2057 	EXP 	fixationITI: autoDraw = False
106.2057 	EXP 	polygonColour: fillColor = <psychopy.colors.Color: yellow, alpha=1.0>
106.2057 	EXP 	polygonColour: borderColor = <psychopy.colors.Color: yellow, alpha=1.0>
106.2057 	EXP 	imageObject: image = 'REPSWITCH1/PICTURE_338.png'
106.2057 	EXP 	polygonColour: autoDraw = True
106.2057 	EXP 	polygonWhite: autoDraw = True
106.2057 	EXP 	imageObject: autoDraw = True
106.2057 	EXP 	polygonType: autoDraw = True
106.2057 	EXP 	textInput: autoDraw = True
109.2052 	EXP 	polygonColour: autoDraw = False
109.2052 	EXP 	polygonWhite: autoDraw = False
109.2052 	EXP 	imageObject: autoDraw = False
109.2052 	EXP 	polygonType: autoDraw = False
109.2052 	EXP 	textInput: autoDraw = False
109.2052 	EXP 	textBlank500: autoDraw = True
109.6895 	EXP 	New trial (rep=0, index=20): {'image': 'REPSWITCH1/PICTURE_169.png', 'correctAns': 'espalda', 'respModal': 'type', 'frameColor': 'darkblue', 'repSwitch': 'nontarget', 'sequence': 1, 'target': 'NT', 'set': 1, 'stimulus': 'Stim8_Set1', 'order': 21, 'psychopy_order': 20}
109.7051 	EXP 	textBlank500: autoDraw = False
109.7051 	EXP 	textboxPause: autoDraw = False
109.7051 	EXP 	fixationITI: autoDraw = True
110.7378 	EXP 	fixationITI: autoDraw = False
110.7378 	EXP 	fixationITI: autoDraw = False
110.7378 	EXP 	polygonColour: fillColor = <psychopy.colors.Color: darkblue, alpha=1.0>
110.7378 	EXP 	polygonColour: borderColor = <psychopy.colors.Color: darkblue, alpha=1.0>
110.7378 	EXP 	imageObject: image = 'REPSWITCH1/PICTURE_169.png'
110.7378 	EXP 	polygonColour: autoDraw = True
110.7378 	EXP 	polygonWhite: autoDraw = True
110.7378 	EXP 	imageObject: autoDraw = True
110.7378 	EXP 	polygonType: autoDraw = True
110.7378 	EXP 	textInput: autoDraw = True
113.7374 	EXP 	polygonColour: autoDraw = False
113.7374 	EXP 	polygonWhite: autoDraw = False
113.7374 	EXP 	imageObject: autoDraw = False
113.7374 	EXP 	polygonType: autoDraw = False
113.7374 	EXP 	textInput: autoDraw = False
113.7374 	EXP 	textBlank500: autoDraw = True
114.2218 	EXP 	New trial (rep=0, index=21): {'image': 'REPSWITCH1/PICTURE_169.png', 'correctAns': 'espalda', 'respModal': 'speak', 'frameColor': 'yellow', 'repSwitch': 'switch', 'sequence': 2, 'target': 'T', 'set': 1, 'stimulus': 'Stim8_Set1', 'order': 22, 'psychopy_order': 21}
114.2373 	EXP 	textBlank500: autoDraw = False
114.2373 	EXP 	textboxPause: autoDraw = False
114.2373 	EXP 	fixationITI: autoDraw = True
115.6882 	EXP 	fixationITI: autoDraw = False
115.6882 	EXP 	fixationITI: autoDraw = False
115.6882 	EXP 	polygonColour: fillColor = <psychopy.colors.Color: yellow, alpha=1.0>
115.6882 	EXP 	polygonColour: borderColor = <psychopy.colors.Color: yellow, alpha=1.0>
115.6882 	EXP 	imageObject: image = 'REPSWITCH1/PICTURE_169.png'
115.6882 	EXP 	polygonColour: autoDraw = True
115.6882 	EXP 	polygonWhite: autoDraw = True
115.6882 	EXP 	imageObject: autoDraw = True
115.6882 	EXP 	polygonType: autoDraw = True
115.6882 	EXP 	textInput: autoDraw = True
118.7026 	EXP 	polygonColour: autoDraw = False
118.7026 	EXP 	polygonWhite: autoDraw = False
118.7026 	EXP 	imageObject: autoDraw = False
118.7026 	EXP 	polygonType: autoDraw = False
118.7026 	EXP 	textInput: autoDraw = False
118.7026 	EXP 	textBlank500: autoDraw = True
119.1877 	EXP 	New trial (rep=0, index=22): {'image': 'REPSWITCH1/PICTURE_48.png', 'correctAns': 'bombero', 'respModal': 'type', 'frameColor': 'darkblue', 'repSwitch': 'filler', 'sequence': 1, 'target': 'F', 'set': 1, 'stimulus': 'Stim7_Set4', 'order': 23, 'psychopy_order': 22}
119.2025 	EXP 	textBlank500: autoDraw = False
119.2025 	EXP 	textboxPause: autoDraw = False
119.2025 	EXP 	fixationITI: autoDraw = True
120.5023 	EXP 	fixationITI: autoDraw = False
120.5023 	EXP 	fixationITI: autoDraw = False
120.5023 	EXP 	polygonColour: fillColor = <psychopy.colors.Color: darkblue, alpha=1.0>
120.5023 	EXP 	polygonColour: borderColor = <psychopy.colors.Color: darkblue, alpha=1.0>
120.5023 	EXP 	imageObject: image = 'REPSWITCH1/PICTURE_48.png'
120.5023 	EXP 	polygonColour: autoDraw = True
120.5023 	EXP 	polygonWhite: autoDraw = True
120.5023 	EXP 	imageObject: autoDraw = True
120.5023 	EXP 	polygonType: autoDraw = True
120.5023 	EXP 	textInput: autoDraw = True
123.5017 	EXP 	polygonColour: autoDraw = False
123.5017 	EXP 	polygonWhite: autoDraw = False
123.5017 	EXP 	imageObject: autoDraw = False
123.5017 	EXP 	polygonType: autoDraw = False
123.5017 	EXP 	textInput: autoDraw = False
123.5017 	EXP 	textBlank500: autoDraw = True
123.9863 	EXP 	New trial (rep=0, index=23): {'image': 'REPSWITCH1/PICTURE_728.png', 'correctAns': 'pulpo', 'respModal': 'type', 'frameColor': 'darkblue', 'repSwitch': 'filler', 'sequence': 1, 'target': 'F', 'set': 1, 'stimulus': 'Stim8_Set4', 'order': 24, 'psychopy_order': 23}
124.0014 	EXP 	textBlank500: autoDraw = False
124.0014 	EXP 	textboxPause: autoDraw = False
124.0014 	EXP 	fixationITI: autoDraw = True
125.2512 	EXP 	fixationITI: autoDraw = False
125.2512 	EXP 	fixationITI: autoDraw = False
125.2512 	EXP 	polygonColour: fillColor = <psychopy.colors.Color: darkblue, alpha=1.0>
125.2512 	EXP 	polygonColour: borderColor = <psychopy.colors.Color: darkblue, alpha=1.0>
125.2512 	EXP 	imageObject: image = 'REPSWITCH1/PICTURE_728.png'
125.2512 	EXP 	polygonColour: autoDraw = True
125.2512 	EXP 	polygonWhite: autoDraw = True
125.2512 	EXP 	imageObject: autoDraw = True
125.2512 	EXP 	polygonType: autoDraw = True
125.2512 	EXP 	textInput: autoDraw = True
128.0841 	EXP 	polygonColour: autoDraw = False
128.0841 	EXP 	polygonWhite: autoDraw = False
128.0841 	EXP 	imageObject: autoDraw = False
128.0841 	EXP 	polygonType: autoDraw = False
128.0841 	EXP 	textInput: autoDraw = False
128.0841 	EXP 	textBlank500: autoDraw = True
128.5683 	EXP 	New trial (rep=0, index=24): {'image': 'REPSWITCH1/PICTURE_178.png', 'correctAns': 'puente', 'respModal': 'speak', 'frameColor': 'yellow', 'repSwitch': 'filler', 'sequence': 2, 'target': 'F', 'set': 2, 'stimulus': 'Stim1_Set1', 'order': 25, 'psychopy_order': 24}
128.5842 	EXP 	textBlank500: autoDraw = False
128.5842 	EXP 	textboxPause: autoDraw = False
128.5842 	EXP 	fixationITI: autoDraw = True
129.6837 	EXP 	fixationITI: autoDraw = False
129.6837 	EXP 	fixationITI: autoDraw = False
129.6837 	EXP 	polygonColour: fillColor = <psychopy.colors.Color: yellow, alpha=1.0>
129.6837 	EXP 	polygonColour: borderColor = <psychopy.colors.Color: yellow, alpha=1.0>
129.6837 	EXP 	imageObject: image = 'REPSWITCH1/PICTURE_178.png'
129.6837 	EXP 	polygonColour: autoDraw = True
129.6837 	EXP 	polygonWhite: autoDraw = True
129.6837 	EXP 	imageObject: autoDraw = True
129.6837 	EXP 	polygonType: autoDraw = True
129.6837 	EXP 	textInput: autoDraw = True
132.6830 	EXP 	polygonColour: autoDraw = False
132.6830 	EXP 	polygonWhite: autoDraw = False
132.6830 	EXP 	imageObject: autoDraw = False
132.6830 	EXP 	polygonType: autoDraw = False
132.6830 	EXP 	textInput: autoDraw = False
132.6830 	EXP 	textBlank500: autoDraw = True
133.1669 	EXP 	New trial (rep=0, index=25): {'image': 'REPSWITCH1/PICTURE_175.png', 'correctAns': 'pintor', 'respModal': 'type', 'frameColor': 'darkblue', 'repSwitch': 'nontarget', 'sequence': 1, 'target': 'NT', 'set': 2, 'stimulus': 'Stim1_Set2', 'order': 26, 'psychopy_order': 25}
133.1826 	EXP 	textBlank500: autoDraw = False
133.1826 	EXP 	textboxPause: autoDraw = False
133.1826 	EXP 	fixationITI: autoDraw = True
134.3323 	EXP 	fixationITI: autoDraw = False
134.3323 	EXP 	fixationITI: autoDraw = False
134.3323 	EXP 	polygonColour: fillColor = <psychopy.colors.Color: darkblue, alpha=1.0>
134.3323 	EXP 	polygonColour: borderColor = <psychopy.colors.Color: darkblue, alpha=1.0>
134.3323 	EXP 	imageObject: image = 'REPSWITCH1/PICTURE_175.png'
134.3323 	EXP 	polygonColour: autoDraw = True
134.3323 	EXP 	polygonWhite: autoDraw = True
134.3323 	EXP 	imageObject: autoDraw = True
134.3323 	EXP 	polygonType: autoDraw = True
134.3323 	EXP 	textInput: autoDraw = True
137.3318 	EXP 	polygonColour: autoDraw = False
137.3318 	EXP 	polygonWhite: autoDraw = False
137.3318 	EXP 	imageObject: autoDraw = False
137.3318 	EXP 	polygonType: autoDraw = False
137.3318 	EXP 	textInput: autoDraw = False
137.3318 	EXP 	textBlank500: autoDraw = True
137.8162 	EXP 	New trial (rep=0, index=26): {'image': 'REPSWITCH1/PICTURE_175.png', 'correctAns': 'pintor', 'respModal': 'type', 'frameColor': 'darkblue', 'repSwitch': 'repeat', 'sequence': 1, 'target': 'T', 'set': 2, 'stimulus': 'Stim1_Set2', 'order': 27, 'psychopy_order': 26}
137.8315 	EXP 	textBlank500: autoDraw = False
137.8315 	EXP 	textboxPause: autoDraw = False
137.8315 	EXP 	fixationITI: autoDraw = True
139.1147 	EXP 	fixationITI: autoDraw = False
139.1147 	EXP 	fixationITI: autoDraw = False
139.1147 	EXP 	polygonColour: fillColor = <psychopy.colors.Color: darkblue, alpha=1.0>
139.1147 	EXP 	polygonColour: borderColor = <psychopy.colors.Color: darkblue, alpha=1.0>
139.1147 	EXP 	imageObject: image = 'REPSWITCH1/PICTURE_175.png'
139.1147 	EXP 	polygonColour: autoDraw = True
139.1147 	EXP 	polygonWhite: autoDraw = True
139.1147 	EXP 	imageObject: autoDraw = True
139.1147 	EXP 	polygonType: autoDraw = True
139.1147 	EXP 	textInput: autoDraw = True
142.1139 	EXP 	polygonColour: autoDraw = False
142.1139 	EXP 	polygonWhite: autoDraw = False
142.1139 	EXP 	imageObject: autoDraw = False
142.1139 	EXP 	polygonType: autoDraw = False
142.1139 	EXP 	textInput: autoDraw = False
142.1139 	EXP 	textBlank500: autoDraw = True
142.5984 	EXP 	New trial (rep=0, index=27): {'image': 'REPSWITCH1/PICTURE_142.png', 'correctAns': 'vaso', 'respModal': 'speak', 'frameColor': 'yellow', 'repSwitch': 'filler', 'sequence': 2, 'target': 'F', 'set': 2, 'stimulus': 'Stim2_Set1', 'order': 28, 'psychopy_order': 27}
142.6138 	EXP 	textBlank500: autoDraw = False
142.6138 	EXP 	textboxPause: autoDraw = False
142.6138 	EXP 	fixationITI: autoDraw = True
143.9302 	EXP 	fixationITI: autoDraw = False
143.9302 	EXP 	fixationITI: autoDraw = False
143.9302 	EXP 	polygonColour: fillColor = <psychopy.colors.Color: yellow, alpha=1.0>
143.9302 	EXP 	polygonColour: borderColor = <psychopy.colors.Color: yellow, alpha=1.0>
143.9302 	EXP 	imageObject: image = 'REPSWITCH1/PICTURE_142.png'
143.9302 	EXP 	polygonColour: autoDraw = True
143.9302 	EXP 	polygonWhite: autoDraw = True
143.9302 	EXP 	imageObject: autoDraw = True
143.9302 	EXP 	polygonType: autoDraw = True
143.9302 	EXP 	textInput: autoDraw = True
146.9295 	EXP 	polygonColour: autoDraw = False
146.9295 	EXP 	polygonWhite: autoDraw = False
146.9295 	EXP 	imageObject: autoDraw = False
146.9295 	EXP 	polygonType: autoDraw = False
146.9295 	EXP 	textInput: autoDraw = False
146.9295 	EXP 	textBlank500: autoDraw = True
147.4141 	EXP 	New trial (rep=0, index=28): {'image': 'REPSWITCH1/PICTURE_152.png', 'correctAns': 'caracol', 'respModal': 'type', 'frameColor': 'darkblue', 'repSwitch': 'nontarget', 'sequence': 1, 'target': 'NT', 'set': 2, 'stimulus': 'Stim2_Set2', 'order': 29, 'psychopy_order': 28}
147.4296 	EXP 	textBlank500: autoDraw = False
147.4296 	EXP 	textboxPause: autoDraw = False
147.4296 	EXP 	fixationITI: autoDraw = True
148.6625 	EXP 	fixationITI: autoDraw = False
148.6625 	EXP 	fixationITI: autoDraw = False
148.6625 	EXP 	polygonColour: fillColor = <psychopy.colors.Color: darkblue, alpha=1.0>
148.6625 	EXP 	polygonColour: borderColor = <psychopy.colors.Color: darkblue, alpha=1.0>
148.6625 	EXP 	imageObject: image = 'REPSWITCH1/PICTURE_152.png'
148.6625 	EXP 	polygonColour: autoDraw = True
148.6625 	EXP 	polygonWhite: autoDraw = True
148.6625 	EXP 	imageObject: autoDraw = True
148.6625 	EXP 	polygonType: autoDraw = True
148.6625 	EXP 	textInput: autoDraw = True
151.6448 	EXP 	polygonColour: autoDraw = False
151.6448 	EXP 	polygonWhite: autoDraw = False
151.6448 	EXP 	imageObject: autoDraw = False
151.6448 	EXP 	polygonType: autoDraw = False
151.6448 	EXP 	textInput: autoDraw = False
151.6448 	EXP 	textBlank500: autoDraw = True
152.1300 	EXP 	New trial (rep=0, index=29): {'image': 'REPSWITCH1/PICTURE_152.png', 'correctAns': 'caracol', 'respModal': 'type', 'frameColor': 'darkblue', 'repSwitch': 'repeat', 'sequence': 1, 'target': 'T', 'set': 2, 'stimulus': 'Stim2_Set2', 'order': 30, 'psychopy_order': 29}
152.1447 	EXP 	textBlank500: autoDraw = False
152.1447 	EXP 	textBlank500: autoDraw = False
152.1447 	EXP 	textboxPause: autoDraw = False
152.1447 	EXP 	fixationITI: autoDraw = True
153.3614 	EXP 	fixationITI: autoDraw = False
153.3614 	EXP 	fixationITI: autoDraw = False
153.3614 	EXP 	polygonColour: fillColor = <psychopy.colors.Color: darkblue, alpha=1.0>
153.3614 	EXP 	polygonColour: borderColor = <psychopy.colors.Color: darkblue, alpha=1.0>
153.3614 	EXP 	imageObject: image = 'REPSWITCH1/PICTURE_152.png'
153.3614 	EXP 	polygonColour: autoDraw = True
153.3614 	EXP 	polygonWhite: autoDraw = True
153.3614 	EXP 	imageObject: autoDraw = True
153.3614 	EXP 	polygonType: autoDraw = True
153.3614 	EXP 	textInput: autoDraw = True
156.3439 	EXP 	polygonColour: autoDraw = False
156.3439 	EXP 	polygonWhite: autoDraw = False
156.3439 	EXP 	imageObject: autoDraw = False
156.3439 	EXP 	polygonType: autoDraw = False
156.3439 	EXP 	textInput: autoDraw = False
156.3439 	EXP 	textBlank500: autoDraw = True
156.8286 	EXP 	New trial (rep=0, index=30): {'image': 'REPSWITCH1/PICTURE_264.png', 'correctAns': 'mano', 'respModal': 'type', 'frameColor': 'darkblue', 'repSwitch': 'nontarget', 'sequence': 1, 'target': 'NT', 'set': 2, 'stimulus': 'Stim3_Set2', 'order': 31, 'psychopy_order': 30}
156.8443 	EXP 	textBlank500: autoDraw = False
156.8443 	EXP 	textBlank500: autoDraw = False
156.8443 	EXP 	textboxPause: autoDraw = False
156.8443 	EXP 	fixationITI: autoDraw = True
157.9268 	EXP 	fixationITI: autoDraw = False
157.9268 	EXP 	fixationITI: autoDraw = False
157.9268 	EXP 	polygonColour: fillColor = <psychopy.colors.Color: darkblue, alpha=1.0>
157.9268 	EXP 	polygonColour: borderColor = <psychopy.colors.Color: darkblue, alpha=1.0>
157.9268 	EXP 	imageObject: image = 'REPSWITCH1/PICTURE_264.png'
157.9268 	EXP 	polygonColour: autoDraw = True
157.9268 	EXP 	polygonWhite: autoDraw = True
157.9268 	EXP 	imageObject: autoDraw = True
157.9268 	EXP 	polygonType: autoDraw = True
157.9268 	EXP 	textInput: autoDraw = True
160.9261 	EXP 	polygonColour: autoDraw = False
160.9261 	EXP 	polygonWhite: autoDraw = False
160.9261 	EXP 	imageObject: autoDraw = False
160.9261 	EXP 	polygonType: autoDraw = False
160.9261 	EXP 	textInput: autoDraw = False
160.9261 	EXP 	textBlank500: autoDraw = True
161.4103 	EXP 	New trial (rep=0, index=31): {'image': 'REPSWITCH1/PICTURE_264.png', 'correctAns': 'mano', 'respModal': 'speak', 'frameColor': 'yellow', 'repSwitch': 'switch', 'sequence': 2, 'target': 'T', 'set': 2, 'stimulus': 'Stim3_Set2', 'order': 32, 'psychopy_order': 31}
161.4260 	EXP 	textBlank500: autoDraw = False
161.4260 	EXP 	textboxPause: autoDraw = False
161.4260 	EXP 	fixationITI: autoDraw = True
162.7087 	EXP 	fixationITI: autoDraw = False
162.7087 	EXP 	fixationITI: autoDraw = False
162.7087 	EXP 	polygonColour: fillColor = <psychopy.colors.Color: yellow, alpha=1.0>
162.7087 	EXP 	polygonColour: borderColor = <psychopy.colors.Color: yellow, alpha=1.0>
162.7087 	EXP 	imageObject: image = 'REPSWITCH1/PICTURE_264.png'
162.7087 	EXP 	polygonColour: autoDraw = True
162.7087 	EXP 	polygonWhite: autoDraw = True
162.7087 	EXP 	imageObject: autoDraw = True
162.7087 	EXP 	polygonType: autoDraw = True
162.7087 	EXP 	textInput: autoDraw = True
165.7084 	EXP 	polygonColour: autoDraw = False
165.7084 	EXP 	polygonWhite: autoDraw = False
165.7084 	EXP 	imageObject: autoDraw = False
165.7084 	EXP 	polygonType: autoDraw = False
165.7084 	EXP 	textInput: autoDraw = False
165.7084 	EXP 	textBlank500: autoDraw = True
166.1929 	EXP 	New trial (rep=0, index=32): {'image': 'REPSWITCH1/PICTURE_517.png', 'correctAns': 'cuerda', 'respModal': 'speak', 'frameColor': 'yellow', 'repSwitch': 'nontarget', 'sequence': 2, 'target': 'NT', 'set': 2, 'stimulus': 'Stim4_Set2', 'order': 33, 'psychopy_order': 32}
166.2081 	EXP 	textBlank500: autoDraw = False
166.2081 	EXP 	textboxPause: autoDraw = False
166.2081 	EXP 	fixationITI: autoDraw = True
167.7244 	EXP 	fixationITI: autoDraw = False
167.7244 	EXP 	fixationITI: autoDraw = False
167.7244 	EXP 	polygonColour: fillColor = <psychopy.colors.Color: yellow, alpha=1.0>
167.7244 	EXP 	polygonColour: borderColor = <psychopy.colors.Color: yellow, alpha=1.0>
167.7244 	EXP 	imageObject: image = 'REPSWITCH1/PICTURE_517.png'
167.7244 	EXP 	polygonColour: autoDraw = True
167.7244 	EXP 	polygonWhite: autoDraw = True
167.7244 	EXP 	imageObject: autoDraw = True
167.7244 	EXP 	polygonType: autoDraw = True
167.7244 	EXP 	textInput: autoDraw = True
170.3408 	EXP 	polygonColour: autoDraw = False
170.3408 	EXP 	polygonWhite: autoDraw = False
170.3408 	EXP 	imageObject: autoDraw = False
170.3408 	EXP 	polygonType: autoDraw = False
170.3408 	EXP 	textInput: autoDraw = False
170.3408 	EXP 	textBlank500: autoDraw = True
170.8272 	EXP 	New trial (rep=0, index=33): {'image': 'REPSWITCH1/PICTURE_517.png', 'correctAns': 'cuerda', 'respModal': 'type', 'frameColor': 'darkblue', 'repSwitch': 'switch', 'sequence': 1, 'target': 'T', 'set': 2, 'stimulus': 'Stim4_Set2', 'order': 34, 'psychopy_order': 33}
170.8401 	EXP 	textBlank500: autoDraw = False
170.8401 	EXP 	textboxPause: autoDraw = False
170.8401 	EXP 	fixationITI: autoDraw = True
171.8745 	EXP 	fixationITI: autoDraw = False
171.8745 	EXP 	fixationITI: autoDraw = False
171.8745 	EXP 	polygonColour: fillColor = <psychopy.colors.Color: darkblue, alpha=1.0>
171.8745 	EXP 	polygonColour: borderColor = <psychopy.colors.Color: darkblue, alpha=1.0>
171.8745 	EXP 	imageObject: image = 'REPSWITCH1/PICTURE_517.png'
171.8745 	EXP 	polygonColour: autoDraw = True
171.8745 	EXP 	polygonWhite: autoDraw = True
171.8745 	EXP 	imageObject: autoDraw = True
171.8745 	EXP 	polygonType: autoDraw = True
171.8745 	EXP 	textInput: autoDraw = True
174.9382 	EXP 	window1: mouseVisible = True
