0.9646 	WARNING 	We strongly recommend you activate the PTB sound engine in PsychoPy prefs as the preferred audio engine. Its timing is vastly superior. Your prefs are currently set to use ['sounddevice', 'PTB', 'pyo', 'pygame'] (in that order).
3.4743 	EXP 	Created window1 = Window(allowGUI=True, allowStencil=False, autoLog=True, backendConf=UNKNOWN, bitsMode=UNKNOWN, blendMode='avg', bpc=(8, 8, 8), color=array([0, 0, 0]), colorSpace='rgb', depthBits=8, fullscr=<method-wrapper '__getattribute__' of attributeSetter object at 0x000002B128DE9250>, gamma=None, gammaErrorPolicy='raise', lms=UNKNOWN, monitor=<psychopy.monitors.calibTools.Monitor object at 0x000002B1293883A0>, multiSample=False, name='window1', numSamples=2, pos=(0, 0), screen=0, size=array([1920, 1080]), stencilBits=0, stereo=False, units='height', useFBO=True, useRetina=False, viewOri=0.0, viewPos=None, viewScale=None, waitBlanking=True, winType='pyglet')
3.4744 	EXP 	window1: mouseVisible = True
3.4744 	EXP 	window1: mouseVisible = False
3.4744 	EXP 	window1: Attempting to measure frame rate of screen (0) ...
3.4744 	EXP 	window1: recordFrameIntervals = False
3.5019 	EXP 	window1: recordFrameIntervals = True
3.5324 	EXP 	Screen (0) actual frame rate measured at 360.00Hz
3.5325 	EXP 	window1: recordFrameIntervals = False
4.7688 	EXP 	Created textWelcome = TextStim(__class__=<class 'psychopy.visual.text.TextStim'>, alignHoriz=method-wrapper(...), alignText='center', alignVert=method-wrapper(...), anchorHoriz='center', anchorVert='center', antialias=True, autoDraw=False, autoLog=True, bold=False, color=array([1, 1, 1]), colorSpace='rgb', contrast=1.0, depth=0.0, flipHoriz=False, flipVert=False, font='Open Sans', fontFiles=[], height=0.04, italic=False, languageStyle='LTR', name='textWelcome', opacity=1.0, ori=0.0, pos=array([0., 0.]), rgb=UNKNOWN, text='¡Ahora vamos a comenzar con el experimento!', units='height', win=Window(...), wrapWidth=1)
4.8704 	EXP 	Created textBlank500 = TextStim(__class__=<class 'psychopy.visual.text.TextStim'>, alignHoriz=method-wrapper(...), alignText='center', alignVert=method-wrapper(...), anchorHoriz='center', anchorVert='center', antialias=True, autoDraw=False, autoLog=True, bold=False, color=array([1, 1, 1]), colorSpace='rgb', contrast=1.0, depth=0.0, flipHoriz=False, flipVert=False, font='Open Sans', fontFiles=[], height=0.05, italic=False, languageStyle='LTR', name='textBlank500', opacity=1.0, ori=0.0, pos=array([0., 0.]), rgb=UNKNOWN, text='', units='height', win=Window(...), wrapWidth=1)
4.8714 	EXP 	Created fixationITI = ShapeStim(__class__=<class 'psychopy.visual.shape.ShapeStim'>, anchor=('center', 'center'), autoDraw=False, autoLog=True, closeShape=True, color=method-wrapper(...), colorSpace='rgb', contrast=None, depth=0.0, fillColor=array([1, 1, 1]), fillColorSpace='rgb', fillRGB=array([1, 1, 1]), interpolate=True, lineColor=array([1, 1, 1]), lineColorSpace='rgb', lineRGB=array([1, 1, 1]), lineWidth=1.0, name='fixationITI', opacity=1.0, ori=0.0, pos=array([0., 0.]), size=array([0.1, 0.1]), units='height', vertices=ndarray(...), win=Window(...), windingRule=None)
4.8720 	EXP 	Created polygonColour = Rect(__class__=<class 'psychopy.visual.rect.Rect'>, anchor=('center', 'center'), autoDraw=False, autoLog=True, closeShape=True, color=method-wrapper(...), colorSpace='rgb', contrast=None, depth=0.0, fillColor=array([1, 1, 1]), fillColorSpace='rgb', fillRGB=array([1, 1, 1]), interpolate=True, lineColor=array([1, 1, 1]), lineColorSpace='rgb', lineRGB=array([1, 1, 1]), lineWidth=1.0, name='polygonColour', opacity=1.0, ori=0.0, pos=array([0., 0.]), size=array([0.55, 0.55]), units='height', vertices=ndarray(...), win=Window(...))
4.8725 	EXP 	Created polygonWhite = Rect(__class__=<class 'psychopy.visual.rect.Rect'>, anchor=('center', 'center'), autoDraw=False, autoLog=True, closeShape=True, color=method-wrapper(...), colorSpace='rgb', contrast=None, depth=-1.0, fillColor=array([1, 1, 1]), fillColorSpace='rgb', fillRGB=array([1, 1, 1]), interpolate=True, lineColor=array([1, 1, 1]), lineColorSpace='rgb', lineRGB=array([1, 1, 1]), lineWidth=1.0, name='polygonWhite', opacity=1.0, ori=0.0, pos=array([0., 0.]), size=array([0.5, 0.5]), units='height', vertices=ndarray(...), win=Window(...))
4.8776 	EXP 	Created imageObject = ImageStim(__class__=<class 'psychopy.visual.image.ImageStim'>, anchor=('center', 'center'), autoLog=True, color=array([1, 1, 1]), colorSpace='rgb', contrast=1.0, depth=-2.0, flipHoriz=False, flipVert=False, image='sin', interpolate=True, mask=None, maskParams=None, name='imageObject', opacity=1.0, ori=0.0, pos=array([0., 0.]), size=array([0.5, 0.5]), texRes=128.0, units='height', win=Window(...))
4.8781 	EXP 	Created polygonType = Rect(__class__=<class 'psychopy.visual.rect.Rect'>, anchor=('center', 'center'), autoDraw=False, autoLog=True, closeShape=True, color=method-wrapper(...), colorSpace='rgb', contrast=None, depth=-3.0, fillColor=array([0.9216, 0.9216, 0.9216]), fillColorSpace='rgb', fillRGB=array([0.9216, 0.9216, 0.9216]), interpolate=True, lineColor=array([0.9216, 0.9216, 0.9216]), lineColorSpace='rgb', lineRGB=array([0.9216, 0.9216, 0.9216]), lineWidth=1.0, name='polygonType', opacity=1.0, ori=0.0, pos=array([0., 0.]), size=array([0.3, 0.1]), units='height', vertices=ndarray(...), win=Window(...))
4.8784 	EXP 	Created textInput = TextStim(__class__=<class 'psychopy.visual.text.TextStim'>, alignHoriz=method-wrapper(...), alignText='center', alignVert=method-wrapper(...), anchorHoriz='center', anchorVert='center', antialias=True, autoDraw=False, autoLog=True, bold=False, color=array([-1., -1., -1.]), colorSpace='rgb', contrast=1.0, depth=-4.0, flipHoriz=False, flipVert=False, font='Open Sans', fontFiles=[], height=0.05, italic=False, languageStyle='LTR', name='textInput', opacity=1.0, ori=0.0, pos=array([0., 0.]), rgb=UNKNOWN, text='', units='height', win=Window(...), wrapWidth=1)
5.0610 	EXP 	Created textBlankLoop = TextStim(__class__=<class 'psychopy.visual.text.TextStim'>, alignHoriz=method-wrapper(...), alignText='center', alignVert=method-wrapper(...), anchorHoriz='center', anchorVert='center', antialias=True, autoDraw=False, autoLog=True, bold=False, color=array([1, 1, 1]), colorSpace='rgb', contrast=1.0, depth=0.0, flipHoriz=False, flipVert=False, font='Open Sans', fontFiles=[], height=0.05, italic=False, languageStyle='LTR', name='textBlankLoop', opacity=1.0, ori=0.0, pos=array([0., 0.]), rgb=UNKNOWN, text='', units='height', win=Window(...), wrapWidth=1)
5.0640 	EXP 	Created textBlank2 = TextStim(__class__=<class 'psychopy.visual.text.TextStim'>, alignHoriz=method-wrapper(...), alignText='center', alignVert=method-wrapper(...), anchorHoriz='center', anchorVert='center', antialias=True, autoDraw=False, autoLog=True, bold=False, color=array([1, 1, 1]), colorSpace='rgb', contrast=1.0, depth=0.0, flipHoriz=False, flipVert=False, font='Open Sans', fontFiles=[], height=0.05, italic=False, languageStyle='LTR', name='textBlank2', opacity=1.0, ori=0.0, pos=array([0., 0.]), rgb=UNKNOWN, text='', units='height', win=Window(...), wrapWidth=1)
5.0834 	EXP 	textboxInstrMain1: autoLog = True
5.0834 	EXP 	textboxInstrMain1_2: autoLog = True
5.0834 	EXP 	textboxInstrMain1_3: autoLog = True
5.0834 	EXP 	textboxInstrMain2: autoLog = True
5.0834 	EXP 	textboxInstrMain2_2: autoLog = True
5.0834 	EXP 	textboxInstrMain2_3: autoLog = True
5.0834 	EXP 	textboxInstrMain2_4: autoLog = True
5.0834 	EXP 	textboxInstrMain2_5: autoLog = True
5.0834 	EXP 	textboxInstrMain2_6: autoLog = True
5.0834 	EXP 	textboxInstrMain2_7: autoLog = True
5.0834 	EXP 	textboxInstrMain2_8: autoLog = True
5.0834 	EXP 	textboxInstrMain2_9: autoLog = True
5.0834 	EXP 	textboxInstrMain2_10: autoLog = True
5.0834 	EXP 	textboxInstrMain2_11: autoLog = True
5.0834 	EXP 	textboxInstrMain2_12: autoLog = True
5.0834 	EXP 	textboxPause: autoLog = True
5.0834 	EXP 	textboxGoodbye: autoLog = True
5.0834 	EXP 	textWelcome: autoDraw = True
7.5788 	EXP 	textWelcome: autoDraw = False
7.5788 	EXP 	textboxInstrMain1: autoDraw = True
7.5788 	EXP 	textboxInstrMain1_2: autoDraw = True
7.5788 	EXP 	textboxInstrMain1_3: autoDraw = True
9.6269 	DATA 	Keypress: space
9.6445 	EXP 	textboxInstrMain1: autoDraw = False
9.6445 	EXP 	textboxInstrMain1_2: autoDraw = False
9.6445 	EXP 	textboxInstrMain1_3: autoDraw = False
9.6445 	EXP 	textboxInstrMain2: autoDraw = True
9.6445 	EXP 	textboxInstrMain2_2: autoDraw = True
9.6445 	EXP 	textboxInstrMain2_3: autoDraw = True
9.6445 	EXP 	textboxInstrMain2_4: autoDraw = True
9.6445 	EXP 	textboxInstrMain2_5: autoDraw = True
9.6445 	EXP 	textboxInstrMain2_6: autoDraw = True
9.6445 	EXP 	textboxInstrMain2_7: autoDraw = True
9.6445 	EXP 	textboxInstrMain2_8: autoDraw = True
9.6445 	EXP 	textboxInstrMain2_9: autoDraw = True
9.6445 	EXP 	textboxInstrMain2_10: autoDraw = True
9.6445 	EXP 	textboxInstrMain2_11: autoDraw = True
9.6445 	EXP 	textboxInstrMain2_12: autoDraw = True
11.5651 	DATA 	Keypress: space
11.5701 	EXP 	textboxInstrMain2: autoDraw = False
11.5701 	EXP 	textboxInstrMain2_2: autoDraw = False
11.5701 	EXP 	textboxInstrMain2_3: autoDraw = False
11.5701 	EXP 	textboxInstrMain2_4: autoDraw = False
11.5701 	EXP 	textboxInstrMain2_5: autoDraw = False
11.5701 	EXP 	textboxInstrMain2_6: autoDraw = False
11.5701 	EXP 	textboxInstrMain2_7: autoDraw = False
11.5701 	EXP 	textboxInstrMain2_8: autoDraw = False
11.5701 	EXP 	textboxInstrMain2_9: autoDraw = False
11.5701 	EXP 	textboxInstrMain2_10: autoDraw = False
11.5701 	EXP 	textboxInstrMain2_11: autoDraw = False
11.5701 	EXP 	textboxInstrMain2_12: autoDraw = False
11.5701 	EXP 	textBlank500: autoDraw = True
12.1528 	EXP 	Imported repswitch_V2L2.xlsx as conditions, 408 conditions, 17 params
12.1553 	EXP 	Created sequence: sequential, trialTypes=408, nReps=1, seed=None
12.1555 	EXP 	New trial (rep=0, index=0): {'image': 'REPSWITCH1/PICTURE_646.png', 'correctAns': 'tronco', 'respModal': 'speak', 'frameColor': 'darkblue', 'repSwitch': 'filler', 'sequence': 2, 'target': 'F', 'set': 1, 'block': 3, 'list': 2, 'exp_version': 2, 'stimulus': 'Extra4', 'baseline': 0, 'baseline_condition': None, 'trial_no': 1, 'psychopy_trial': 0, 'Column1': 1}
12.1609 	EXP 	textBlank500: autoDraw = False
12.1609 	EXP 	fixationITI: autoDraw = True
13.2878 	EXP 	fixationITI: autoDraw = False
13.2878 	EXP 	fixationITI: autoDraw = False
13.2878 	EXP 	polygonColour: fillColor = <psychopy.colors.Color: darkblue, alpha=1.0>
13.2878 	EXP 	polygonColour: borderColor = <psychopy.colors.Color: darkblue, alpha=1.0>
13.2878 	EXP 	imageObject: image = 'REPSWITCH1/PICTURE_646.png'
13.2878 	EXP 	polygonColour: autoDraw = True
13.2878 	EXP 	polygonWhite: autoDraw = True
13.2878 	EXP 	imageObject: autoDraw = True
13.2878 	EXP 	polygonType: autoDraw = True
13.2878 	EXP 	textInput: autoDraw = True
13.2878 	EXP 	textInput: height = 0.05
13.2878 	EXP 	textInput: height = 0.05
13.2878 	EXP 	textInput: height = 0.05
13.2878 	EXP 	textInput: text = ''
16.3118 	EXP 	polygonColour: autoDraw = False
16.3118 	EXP 	polygonWhite: autoDraw = False
16.3118 	EXP 	imageObject: autoDraw = False
16.3118 	EXP 	polygonType: autoDraw = False
16.3118 	EXP 	textInput: autoDraw = False
16.3118 	EXP 	textBlankLoop: autoDraw = True
16.8098 	EXP 	New trial (rep=0, index=1): {'image': 'REPSWITCH1/PICTURE_340.png', 'correctAns': 'espejo', 'respModal': 'type', 'frameColor': 'gold', 'repSwitch': 'filler', 'sequence': 1, 'target': 'F', 'set': 1, 'block': 3, 'list': 2, 'exp_version': 2, 'stimulus': 'Extra1', 'baseline': 0, 'baseline_condition': None, 'trial_no': 2, 'psychopy_trial': 1, 'Column1': 2}
16.8116 	EXP 	textBlankLoop: autoDraw = False
16.8116 	EXP 	textboxPause: autoDraw = False
16.8116 	EXP 	fixationITI: autoDraw = True
17.8863 	EXP 	fixationITI: autoDraw = False
17.8863 	EXP 	fixationITI: autoDraw = False
17.8863 	EXP 	polygonColour: fillColor = <psychopy.colors.Color: gold, alpha=1.0>
17.8863 	EXP 	polygonColour: borderColor = <psychopy.colors.Color: gold, alpha=1.0>
17.8863 	EXP 	imageObject: image = 'REPSWITCH1/PICTURE_340.png'
17.8863 	EXP 	polygonColour: autoDraw = True
17.8863 	EXP 	polygonWhite: autoDraw = True
17.8863 	EXP 	imageObject: autoDraw = True
17.8863 	EXP 	polygonType: autoDraw = True
17.8863 	EXP 	textInput: autoDraw = True
18.6980 	DATA 	Keypress: e
18.9869 	DATA 	Keypress: s
19.2115 	DATA 	Keypress: p
19.6114 	DATA 	Keypress: e
19.6922 	DATA 	Keypress: j
19.7866 	DATA 	Keypress: o
20.9105 	EXP 	polygonColour: autoDraw = False
20.9105 	EXP 	polygonWhite: autoDraw = False
20.9105 	EXP 	imageObject: autoDraw = False
20.9105 	EXP 	polygonType: autoDraw = False
20.9105 	EXP 	textInput: autoDraw = False
20.9105 	EXP 	polygonColour: autoDraw = False
20.9105 	EXP 	polygonWhite: autoDraw = False
20.9105 	EXP 	imageObject: autoDraw = False
20.9105 	EXP 	polygonType: autoDraw = False
20.9105 	EXP 	textInput: autoDraw = False
20.9105 	EXP 	textBlankLoop: autoDraw = True
21.4083 	EXP 	New trial (rep=0, index=2): {'image': 'REPSWITCH1/PICTURE_338.png', 'correctAns': 'regalo', 'respModal': 'speak', 'frameColor': 'darkblue', 'repSwitch': 'filler', 'sequence': 2, 'target': 'F', 'set': 1, 'block': 3, 'list': 2, 'exp_version': 2, 'stimulus': 'Stim6_Set4', 'baseline': 0, 'baseline_condition': None, 'trial_no': 3, 'psychopy_trial': 2, 'Column1': 3}
21.4102 	EXP 	textBlankLoop: autoDraw = False
21.4102 	EXP 	textBlankLoop: autoDraw = False
21.4102 	EXP 	textboxPause: autoDraw = False
21.4102 	EXP 	fixationITI: autoDraw = True
22.5459 	EXP 	fixationITI: autoDraw = False
22.5459 	EXP 	fixationITI: autoDraw = False
22.5459 	EXP 	polygonColour: fillColor = <psychopy.colors.Color: darkblue, alpha=1.0>
22.5459 	EXP 	polygonColour: borderColor = <psychopy.colors.Color: darkblue, alpha=1.0>
22.5459 	EXP 	imageObject: image = 'REPSWITCH1/PICTURE_338.png'
22.5459 	EXP 	polygonColour: autoDraw = True
22.5459 	EXP 	polygonWhite: autoDraw = True
22.5459 	EXP 	imageObject: autoDraw = True
22.5459 	EXP 	polygonType: autoDraw = True
22.5459 	EXP 	textInput: autoDraw = True
25.5700 	EXP 	polygonColour: autoDraw = False
25.5700 	EXP 	polygonWhite: autoDraw = False
25.5700 	EXP 	imageObject: autoDraw = False
25.5700 	EXP 	polygonType: autoDraw = False
25.5700 	EXP 	textInput: autoDraw = False
25.5700 	EXP 	polygonColour: autoDraw = False
25.5700 	EXP 	polygonWhite: autoDraw = False
25.5700 	EXP 	imageObject: autoDraw = False
25.5700 	EXP 	polygonType: autoDraw = False
25.5700 	EXP 	textInput: autoDraw = False
25.5700 	EXP 	textBlankLoop: autoDraw = True
26.0680 	EXP 	New trial (rep=0, index=3): {'image': 'REPSWITCH1/PICTURE_142.png', 'correctAns': 'vaso', 'respModal': 'speak', 'frameColor': 'darkblue', 'repSwitch': 'nontarget', 'sequence': 2, 'target': 'NT', 'set': 1, 'block': 3, 'list': 2, 'exp_version': 2, 'stimulus': 'Stim7_Set1', 'baseline': 1, 'baseline_condition': 'repeat', 'trial_no': 4, 'psychopy_trial': 3, 'Column1': 4}
26.0698 	EXP 	textBlankLoop: autoDraw = False
26.0698 	EXP 	textBlankLoop: autoDraw = False
26.0698 	EXP 	textboxPause: autoDraw = False
26.0698 	EXP 	fixationITI: autoDraw = True
27.1889 	EXP 	fixationITI: autoDraw = False
27.1889 	EXP 	fixationITI: autoDraw = False
27.1889 	EXP 	polygonColour: fillColor = <psychopy.colors.Color: darkblue, alpha=1.0>
27.1889 	EXP 	polygonColour: borderColor = <psychopy.colors.Color: darkblue, alpha=1.0>
27.1889 	EXP 	imageObject: image = 'REPSWITCH1/PICTURE_142.png'
27.1889 	EXP 	polygonColour: autoDraw = True
27.1889 	EXP 	polygonWhite: autoDraw = True
27.1889 	EXP 	imageObject: autoDraw = True
27.1889 	EXP 	polygonType: autoDraw = True
27.1889 	EXP 	textInput: autoDraw = True
30.2157 	EXP 	polygonColour: autoDraw = False
30.2157 	EXP 	polygonWhite: autoDraw = False
30.2157 	EXP 	imageObject: autoDraw = False
30.2157 	EXP 	polygonType: autoDraw = False
30.2157 	EXP 	textInput: autoDraw = False
30.2157 	EXP 	polygonColour: autoDraw = False
30.2157 	EXP 	polygonWhite: autoDraw = False
30.2157 	EXP 	imageObject: autoDraw = False
30.2157 	EXP 	polygonType: autoDraw = False
30.2157 	EXP 	textInput: autoDraw = False
30.2157 	EXP 	textBlankLoop: autoDraw = True
30.7138 	EXP 	New trial (rep=0, index=4): {'image': 'REPSWITCH1/PICTURE_142.png', 'correctAns': 'vaso', 'respModal': 'speak', 'frameColor': 'darkblue', 'repSwitch': 'repeat', 'sequence': 2, 'target': 'T', 'set': 1, 'block': 3, 'list': 2, 'exp_version': 2, 'stimulus': 'Stim7_Set1', 'baseline': 0, 'baseline_condition': None, 'trial_no': 5, 'psychopy_trial': 4, 'Column1': 5}
30.7155 	EXP 	textBlankLoop: autoDraw = False
30.7155 	EXP 	textBlankLoop: autoDraw = False
30.7155 	EXP 	textboxPause: autoDraw = False
30.7155 	EXP 	fixationITI: autoDraw = True
31.8152 	EXP 	fixationITI: autoDraw = False
31.8152 	EXP 	fixationITI: autoDraw = False
31.8152 	EXP 	polygonColour: fillColor = <psychopy.colors.Color: darkblue, alpha=1.0>
31.8152 	EXP 	polygonColour: borderColor = <psychopy.colors.Color: darkblue, alpha=1.0>
31.8152 	EXP 	imageObject: image = 'REPSWITCH1/PICTURE_142.png'
31.8152 	EXP 	polygonColour: autoDraw = True
31.8152 	EXP 	polygonWhite: autoDraw = True
31.8152 	EXP 	imageObject: autoDraw = True
31.8152 	EXP 	polygonType: autoDraw = True
31.8152 	EXP 	textInput: autoDraw = True
34.8392 	EXP 	polygonColour: autoDraw = False
34.8392 	EXP 	polygonWhite: autoDraw = False
34.8392 	EXP 	imageObject: autoDraw = False
34.8392 	EXP 	polygonType: autoDraw = False
34.8392 	EXP 	textInput: autoDraw = False
34.8392 	EXP 	polygonColour: autoDraw = False
34.8392 	EXP 	polygonWhite: autoDraw = False
34.8392 	EXP 	imageObject: autoDraw = False
34.8392 	EXP 	polygonType: autoDraw = False
34.8392 	EXP 	textInput: autoDraw = False
34.8392 	EXP 	textBlankLoop: autoDraw = True
35.3372 	EXP 	New trial (rep=0, index=5): {'image': 'REPSWITCH1/PICTURE_498.png', 'correctAns': 'taza', 'respModal': 'type', 'frameColor': 'gold', 'repSwitch': 'filler', 'sequence': 1, 'target': 'F', 'set': 1, 'block': 3, 'list': 2, 'exp_version': 2, 'stimulus': 'Stim4_Set4', 'baseline': 0, 'baseline_condition': None, 'trial_no': 6, 'psychopy_trial': 5, 'Column1': 6}
35.3391 	EXP 	textBlankLoop: autoDraw = False
35.3391 	EXP 	textBlankLoop: autoDraw = False
35.3391 	EXP 	textboxPause: autoDraw = False
35.3391 	EXP 	fixationITI: autoDraw = True
36.4282 	EXP 	fixationITI: autoDraw = False
36.4282 	EXP 	fixationITI: autoDraw = False
36.4282 	EXP 	polygonColour: fillColor = <psychopy.colors.Color: gold, alpha=1.0>
36.4282 	EXP 	polygonColour: borderColor = <psychopy.colors.Color: gold, alpha=1.0>
36.4282 	EXP 	imageObject: image = 'REPSWITCH1/PICTURE_498.png'
36.4282 	EXP 	polygonColour: autoDraw = True
36.4282 	EXP 	polygonWhite: autoDraw = True
36.4282 	EXP 	imageObject: autoDraw = True
36.4282 	EXP 	polygonType: autoDraw = True
36.4282 	EXP 	textInput: autoDraw = True
37.3061 	DATA 	Keypress: t
37.5002 	DATA 	Keypress: capslock
38.0750 	DATA 	Keypress: z
38.5220 	DATA 	Keypress: a
38.7638 	DATA 	Keypress: capslock
39.4489 	EXP 	polygonColour: autoDraw = False
39.4489 	EXP 	polygonWhite: autoDraw = False
39.4489 	EXP 	imageObject: autoDraw = False
39.4489 	EXP 	polygonType: autoDraw = False
39.4489 	EXP 	textInput: autoDraw = False
39.4489 	EXP 	textBlankLoop: autoDraw = True
39.9468 	EXP 	New trial (rep=0, index=6): {'image': 'REPSWITCH1/PICTURE_16.png', 'correctAns': 'cazador', 'respModal': 'speak', 'frameColor': 'darkblue', 'repSwitch': 'nontarget', 'sequence': 2, 'target': 'NT', 'set': 1, 'block': 3, 'list': 2, 'exp_version': 2, 'stimulus': 'Stim6_Set1', 'baseline': 1, 'baseline_condition': 'switch', 'trial_no': 7, 'psychopy_trial': 6, 'Column1': 7}
39.9487 	EXP 	textBlankLoop: autoDraw = False
39.9487 	EXP 	textBlankLoop: autoDraw = False
39.9487 	EXP 	textboxPause: autoDraw = False
39.9487 	EXP 	fixationITI: autoDraw = True
41.0268 	EXP 	fixationITI: autoDraw = False
41.0268 	EXP 	fixationITI: autoDraw = False
41.0268 	EXP 	polygonColour: fillColor = <psychopy.colors.Color: darkblue, alpha=1.0>
41.0268 	EXP 	polygonColour: borderColor = <psychopy.colors.Color: darkblue, alpha=1.0>
41.0268 	EXP 	imageObject: image = 'REPSWITCH1/PICTURE_16.png'
41.0268 	EXP 	polygonColour: autoDraw = True
41.0268 	EXP 	polygonWhite: autoDraw = True
41.0268 	EXP 	imageObject: autoDraw = True
41.0268 	EXP 	polygonType: autoDraw = True
41.0268 	EXP 	textInput: autoDraw = True
44.0446 	EXP 	polygonColour: autoDraw = False
44.0446 	EXP 	polygonWhite: autoDraw = False
44.0446 	EXP 	imageObject: autoDraw = False
44.0446 	EXP 	polygonType: autoDraw = False
44.0446 	EXP 	textInput: autoDraw = False
44.0446 	EXP 	textBlankLoop: autoDraw = True
44.5426 	EXP 	New trial (rep=0, index=7): {'image': 'REPSWITCH1/PICTURE_16.png', 'correctAns': 'cazador', 'respModal': 'speak', 'frameColor': 'darkblue', 'repSwitch': 'repeat', 'sequence': 2, 'target': 'T', 'set': 1, 'block': 3, 'list': 2, 'exp_version': 2, 'stimulus': 'Stim6_Set1', 'baseline': 0, 'baseline_condition': None, 'trial_no': 8, 'psychopy_trial': 7, 'Column1': 8}
44.5444 	EXP 	textBlankLoop: autoDraw = False
44.5444 	EXP 	textBlankLoop: autoDraw = False
44.5444 	EXP 	textboxPause: autoDraw = False
44.5444 	EXP 	fixationITI: autoDraw = True
45.6143 	EXP 	fixationITI: autoDraw = False
45.6143 	EXP 	fixationITI: autoDraw = False
45.6143 	EXP 	polygonColour: fillColor = <psychopy.colors.Color: darkblue, alpha=1.0>
45.6143 	EXP 	polygonColour: borderColor = <psychopy.colors.Color: darkblue, alpha=1.0>
45.6143 	EXP 	imageObject: image = 'REPSWITCH1/PICTURE_16.png'
45.6143 	EXP 	polygonColour: autoDraw = True
45.6143 	EXP 	polygonWhite: autoDraw = True
45.6143 	EXP 	imageObject: autoDraw = True
45.6143 	EXP 	polygonType: autoDraw = True
45.6143 	EXP 	textInput: autoDraw = True
48.6350 	EXP 	polygonColour: autoDraw = False
48.6350 	EXP 	polygonWhite: autoDraw = False
48.6350 	EXP 	imageObject: autoDraw = False
48.6350 	EXP 	polygonType: autoDraw = False
48.6350 	EXP 	textInput: autoDraw = False
48.6350 	EXP 	textBlankLoop: autoDraw = True
49.1330 	EXP 	New trial (rep=0, index=8): {'image': 'REPSWITCH1/PICTURE_719.png', 'correctAns': 'baño', 'respModal': 'type', 'frameColor': 'gold', 'repSwitch': 'filler', 'sequence': 1, 'target': 'F', 'set': 1, 'block': 3, 'list': 2, 'exp_version': 2, 'stimulus': 'Stim2_Set4', 'baseline': 0, 'baseline_condition': None, 'trial_no': 9, 'psychopy_trial': 8, 'Column1': 9}
49.1347 	EXP 	textBlankLoop: autoDraw = False
49.1347 	EXP 	textBlankLoop: autoDraw = False
49.1347 	EXP 	textboxPause: autoDraw = False
49.1347 	EXP 	fixationITI: autoDraw = True
50.2372 	EXP 	fixationITI: autoDraw = False
50.2372 	EXP 	fixationITI: autoDraw = False
50.2372 	EXP 	polygonColour: fillColor = <psychopy.colors.Color: gold, alpha=1.0>
50.2372 	EXP 	polygonColour: borderColor = <psychopy.colors.Color: gold, alpha=1.0>
50.2372 	EXP 	imageObject: image = 'REPSWITCH1/PICTURE_719.png'
50.2372 	EXP 	polygonColour: autoDraw = True
50.2372 	EXP 	polygonWhite: autoDraw = True
50.2372 	EXP 	imageObject: autoDraw = True
50.2372 	EXP 	polygonType: autoDraw = True
50.2372 	EXP 	textInput: autoDraw = True
51.2763 	DATA 	Keypress: b
51.3877 	DATA 	Keypress: a
51.5624 	DATA 	Keypress: n
51.8678 	DATA 	Keypress: o
53.2610 	EXP 	polygonColour: autoDraw = False
53.2610 	EXP 	polygonWhite: autoDraw = False
53.2610 	EXP 	imageObject: autoDraw = False
53.2610 	EXP 	polygonType: autoDraw = False
53.2610 	EXP 	textInput: autoDraw = False
53.2610 	EXP 	textBlankLoop: autoDraw = True
53.7592 	EXP 	New trial (rep=0, index=9): {'image': 'REPSWITCH1/PICTURE_169.png', 'correctAns': 'espalda', 'respModal': 'speak', 'frameColor': 'darkblue', 'repSwitch': 'nontarget', 'sequence': 2, 'target': 'NT', 'set': 1, 'block': 3, 'list': 2, 'exp_version': 2, 'stimulus': 'Stim8_Set1', 'baseline': 0, 'baseline_condition': None, 'trial_no': 10, 'psychopy_trial': 9, 'Column1': 10}
53.7610 	EXP 	textBlankLoop: autoDraw = False
53.7610 	EXP 	textBlankLoop: autoDraw = False
53.7610 	EXP 	textboxPause: autoDraw = False
53.7610 	EXP 	fixationITI: autoDraw = True
54.8277 	EXP 	fixationITI: autoDraw = False
54.8277 	EXP 	fixationITI: autoDraw = False
54.8277 	EXP 	polygonColour: fillColor = <psychopy.colors.Color: darkblue, alpha=1.0>
54.8277 	EXP 	polygonColour: borderColor = <psychopy.colors.Color: darkblue, alpha=1.0>
54.8277 	EXP 	imageObject: image = 'REPSWITCH1/PICTURE_169.png'
54.8277 	EXP 	polygonColour: autoDraw = True
54.8277 	EXP 	polygonWhite: autoDraw = True
54.8277 	EXP 	imageObject: autoDraw = True
54.8277 	EXP 	polygonType: autoDraw = True
54.8277 	EXP 	textInput: autoDraw = True
57.8486 	EXP 	polygonColour: autoDraw = False
57.8486 	EXP 	polygonWhite: autoDraw = False
57.8486 	EXP 	imageObject: autoDraw = False
57.8486 	EXP 	polygonType: autoDraw = False
57.8486 	EXP 	textInput: autoDraw = False
57.8486 	EXP 	textBlankLoop: autoDraw = True
58.3467 	EXP 	New trial (rep=0, index=10): {'image': 'REPSWITCH1/PICTURE_169.png', 'correctAns': 'espalda', 'respModal': 'type', 'frameColor': 'gold', 'repSwitch': 'switch', 'sequence': 1, 'target': 'T', 'set': 1, 'block': 3, 'list': 2, 'exp_version': 2, 'stimulus': 'Stim8_Set1', 'baseline': 0, 'baseline_condition': None, 'trial_no': 11, 'psychopy_trial': 10, 'Column1': 11}
58.3484 	EXP 	textBlankLoop: autoDraw = False
58.3484 	EXP 	textBlankLoop: autoDraw = False
58.3484 	EXP 	textboxPause: autoDraw = False
58.3484 	EXP 	fixationITI: autoDraw = True
59.4564 	EXP 	fixationITI: autoDraw = False
59.4564 	EXP 	fixationITI: autoDraw = False
59.4564 	EXP 	polygonColour: fillColor = <psychopy.colors.Color: gold, alpha=1.0>
59.4564 	EXP 	polygonColour: borderColor = <psychopy.colors.Color: gold, alpha=1.0>
59.4564 	EXP 	imageObject: image = 'REPSWITCH1/PICTURE_169.png'
59.4564 	EXP 	polygonColour: autoDraw = True
59.4564 	EXP 	polygonWhite: autoDraw = True
59.4564 	EXP 	imageObject: autoDraw = True
59.4564 	EXP 	polygonType: autoDraw = True
59.4564 	EXP 	textInput: autoDraw = True
60.0902 	DATA 	Keypress: e
60.2986 	DATA 	Keypress: s
60.5068 	DATA 	Keypress: p
60.6511 	DATA 	Keypress: a
60.8427 	DATA 	Keypress: k
61.3564 	DATA 	Keypress: backspace
61.5952 	DATA 	Keypress: l
61.7230 	DATA 	Keypress: d
61.8035 	DATA 	Keypress: a
62.4804 	EXP 	polygonColour: autoDraw = False
62.4804 	EXP 	polygonWhite: autoDraw = False
62.4804 	EXP 	imageObject: autoDraw = False
62.4804 	EXP 	polygonType: autoDraw = False
62.4804 	EXP 	textInput: autoDraw = False
62.4804 	EXP 	polygonColour: autoDraw = False
62.4804 	EXP 	polygonWhite: autoDraw = False
62.4804 	EXP 	imageObject: autoDraw = False
62.4804 	EXP 	polygonType: autoDraw = False
62.4804 	EXP 	textInput: autoDraw = False
62.4804 	EXP 	textBlankLoop: autoDraw = True
62.9784 	EXP 	New trial (rep=0, index=11): {'image': 'REPSWITCH1/PICTURE_687.png', 'correctAns': 'camisa', 'respModal': 'type', 'frameColor': 'gold', 'repSwitch': 'filler', 'sequence': 1, 'target': 'F', 'set': 1, 'block': 3, 'list': 2, 'exp_version': 2, 'stimulus': 'Stim5_Set4', 'baseline': 0, 'baseline_condition': None, 'trial_no': 12, 'psychopy_trial': 11, 'Column1': 12}
62.9802 	EXP 	textBlankLoop: autoDraw = False
62.9802 	EXP 	textBlankLoop: autoDraw = False
62.9802 	EXP 	textboxPause: autoDraw = False
62.9802 	EXP 	fixationITI: autoDraw = True
64.0438 	EXP 	fixationITI: autoDraw = False
64.0438 	EXP 	fixationITI: autoDraw = False
64.0438 	EXP 	polygonColour: fillColor = <psychopy.colors.Color: gold, alpha=1.0>
64.0438 	EXP 	polygonColour: borderColor = <psychopy.colors.Color: gold, alpha=1.0>
64.0438 	EXP 	imageObject: image = 'REPSWITCH1/PICTURE_687.png'
64.0438 	EXP 	polygonColour: autoDraw = True
64.0438 	EXP 	polygonWhite: autoDraw = True
64.0438 	EXP 	imageObject: autoDraw = True
64.0438 	EXP 	polygonType: autoDraw = True
64.0438 	EXP 	textInput: autoDraw = True
65.1470 	DATA 	Keypress: c
65.3891 	DATA 	Keypress: a
65.6273 	DATA 	Keypress: m
65.7079 	DATA 	Keypress: i
65.8023 	DATA 	Keypress: s
65.8661 	DATA 	Keypress: a
67.0791 	EXP 	polygonColour: autoDraw = False
67.0791 	EXP 	polygonWhite: autoDraw = False
67.0791 	EXP 	imageObject: autoDraw = False
67.0791 	EXP 	polygonType: autoDraw = False
67.0791 	EXP 	textInput: autoDraw = False
67.0791 	EXP 	polygonColour: autoDraw = False
67.0791 	EXP 	polygonWhite: autoDraw = False
67.0791 	EXP 	imageObject: autoDraw = False
67.0791 	EXP 	polygonType: autoDraw = False
67.0791 	EXP 	textInput: autoDraw = False
67.0791 	EXP 	textBlankLoop: autoDraw = True
67.5769 	EXP 	New trial (rep=0, index=12): {'image': 'REPSWITCH1/PICTURE_178.png', 'correctAns': 'puente', 'respModal': 'type', 'frameColor': 'gold', 'repSwitch': 'nontarget', 'sequence': 1, 'target': 'NT', 'set': 1, 'block': 3, 'list': 2, 'exp_version': 2, 'stimulus': 'Stim1_Set1', 'baseline': 1, 'baseline_condition': 'repeat', 'trial_no': 13, 'psychopy_trial': 12, 'Column1': 13}
67.5788 	EXP 	textBlankLoop: autoDraw = False
67.5788 	EXP 	textboxPause: autoDraw = False
67.5788 	EXP 	fixationITI: autoDraw = True
68.6895 	EXP 	fixationITI: autoDraw = False
68.6895 	EXP 	fixationITI: autoDraw = False
68.6895 	EXP 	polygonColour: fillColor = <psychopy.colors.Color: gold, alpha=1.0>
68.6895 	EXP 	polygonColour: borderColor = <psychopy.colors.Color: gold, alpha=1.0>
68.6895 	EXP 	imageObject: image = 'REPSWITCH1/PICTURE_178.png'
68.6895 	EXP 	polygonColour: autoDraw = True
68.6895 	EXP 	polygonWhite: autoDraw = True
68.6895 	EXP 	imageObject: autoDraw = True
68.6895 	EXP 	polygonType: autoDraw = True
68.6895 	EXP 	textInput: autoDraw = True
70.0592 	DATA 	Keypress: p
70.2842 	DATA 	Keypress: u
70.4286 	DATA 	Keypress: e
70.5230 	DATA 	Keypress: n
70.6340 	DATA 	Keypress: t
70.6981 	DATA 	Keypress: e
71.7138 	EXP 	polygonColour: autoDraw = False
71.7138 	EXP 	polygonWhite: autoDraw = False
71.7138 	EXP 	imageObject: autoDraw = False
71.7138 	EXP 	polygonType: autoDraw = False
71.7138 	EXP 	textInput: autoDraw = False
71.7138 	EXP 	polygonColour: autoDraw = False
71.7138 	EXP 	polygonWhite: autoDraw = False
71.7138 	EXP 	imageObject: autoDraw = False
71.7138 	EXP 	polygonType: autoDraw = False
71.7138 	EXP 	textInput: autoDraw = False
71.7138 	EXP 	textBlankLoop: autoDraw = True
72.2115 	EXP 	New trial (rep=0, index=13): {'image': 'REPSWITCH1/PICTURE_178.png', 'correctAns': 'puente', 'respModal': 'speak', 'frameColor': 'darkblue', 'repSwitch': 'switch', 'sequence': 2, 'target': 'T', 'set': 1, 'block': 3, 'list': 2, 'exp_version': 2, 'stimulus': 'Stim1_Set1', 'baseline': 0, 'baseline_condition': None, 'trial_no': 14, 'psychopy_trial': 13, 'Column1': 14}
72.2134 	EXP 	textBlankLoop: autoDraw = False
72.2134 	EXP 	textBlankLoop: autoDraw = False
72.2134 	EXP 	textboxPause: autoDraw = False
72.2134 	EXP 	fixationITI: autoDraw = True
73.3047 	EXP 	fixationITI: autoDraw = False
73.3047 	EXP 	fixationITI: autoDraw = False
73.3047 	EXP 	polygonColour: fillColor = <psychopy.colors.Color: darkblue, alpha=1.0>
73.3047 	EXP 	polygonColour: borderColor = <psychopy.colors.Color: darkblue, alpha=1.0>
73.3047 	EXP 	imageObject: image = 'REPSWITCH1/PICTURE_178.png'
73.3047 	EXP 	polygonColour: autoDraw = True
73.3047 	EXP 	polygonWhite: autoDraw = True
73.3047 	EXP 	imageObject: autoDraw = True
73.3047 	EXP 	polygonType: autoDraw = True
73.3047 	EXP 	textInput: autoDraw = True
76.3288 	EXP 	polygonColour: autoDraw = False
76.3288 	EXP 	polygonWhite: autoDraw = False
76.3288 	EXP 	imageObject: autoDraw = False
76.3288 	EXP 	polygonType: autoDraw = False
76.3288 	EXP 	textInput: autoDraw = False
76.3288 	EXP 	polygonColour: autoDraw = False
76.3288 	EXP 	polygonWhite: autoDraw = False
76.3288 	EXP 	imageObject: autoDraw = False
76.3288 	EXP 	polygonType: autoDraw = False
76.3288 	EXP 	textInput: autoDraw = False
76.3288 	EXP 	textBlankLoop: autoDraw = True
76.8268 	EXP 	New trial (rep=0, index=14): {'image': 'REPSWITCH1/PICTURE_128.png', 'correctAns': 'muñeca', 'respModal': 'speak', 'frameColor': 'darkblue', 'repSwitch': 'nontarget', 'sequence': 2, 'target': 'NT', 'set': 1, 'block': 3, 'list': 2, 'exp_version': 2, 'stimulus': 'Stim4_Set1', 'baseline': 1, 'baseline_condition': 'repeat', 'trial_no': 15, 'psychopy_trial': 14, 'Column1': 15}
76.8286 	EXP 	textBlankLoop: autoDraw = False
76.8286 	EXP 	textBlankLoop: autoDraw = False
76.8286 	EXP 	textboxPause: autoDraw = False
76.8286 	EXP 	fixationITI: autoDraw = True
77.9094 	EXP 	fixationITI: autoDraw = False
77.9094 	EXP 	fixationITI: autoDraw = False
77.9094 	EXP 	polygonColour: fillColor = <psychopy.colors.Color: darkblue, alpha=1.0>
77.9094 	EXP 	polygonColour: borderColor = <psychopy.colors.Color: darkblue, alpha=1.0>
77.9094 	EXP 	imageObject: image = 'REPSWITCH1/PICTURE_128.png'
77.9094 	EXP 	polygonColour: autoDraw = True
77.9094 	EXP 	polygonWhite: autoDraw = True
77.9094 	EXP 	imageObject: autoDraw = True
77.9094 	EXP 	polygonType: autoDraw = True
77.9094 	EXP 	textInput: autoDraw = True
80.9301 	EXP 	polygonColour: autoDraw = False
80.9301 	EXP 	polygonWhite: autoDraw = False
80.9301 	EXP 	imageObject: autoDraw = False
80.9301 	EXP 	polygonType: autoDraw = False
80.9301 	EXP 	textInput: autoDraw = False
80.9301 	EXP 	textBlankLoop: autoDraw = True
81.4281 	EXP 	New trial (rep=0, index=15): {'image': 'REPSWITCH1/PICTURE_128.png', 'correctAns': 'muñeca', 'respModal': 'type', 'frameColor': 'gold', 'repSwitch': 'switch', 'sequence': 1, 'target': 'T', 'set': 1, 'block': 3, 'list': 2, 'exp_version': 2, 'stimulus': 'Stim4_Set1', 'baseline': 0, 'baseline_condition': None, 'trial_no': 16, 'psychopy_trial': 15, 'Column1': 16}
81.4299 	EXP 	textBlankLoop: autoDraw = False
81.4299 	EXP 	textBlankLoop: autoDraw = False
81.4299 	EXP 	textboxPause: autoDraw = False
81.4299 	EXP 	fixationITI: autoDraw = True
82.4549 	EXP 	fixationITI: autoDraw = False
82.4549 	EXP 	fixationITI: autoDraw = False
82.4549 	EXP 	polygonColour: fillColor = <psychopy.colors.Color: gold, alpha=1.0>
82.4549 	EXP 	polygonColour: borderColor = <psychopy.colors.Color: gold, alpha=1.0>
82.4549 	EXP 	imageObject: image = 'REPSWITCH1/PICTURE_128.png'
82.4549 	EXP 	polygonColour: autoDraw = True
82.4549 	EXP 	polygonWhite: autoDraw = True
82.4549 	EXP 	imageObject: autoDraw = True
82.4549 	EXP 	polygonType: autoDraw = True
82.4549 	EXP 	textInput: autoDraw = True
83.2580 	DATA 	Keypress: m
83.6745 	DATA 	Keypress: u
84.2353 	DATA 	KeyPress: ñ
84.4101 	DATA 	Keypress: e
84.7801 	DATA 	Keypress: c
84.8747 	DATA 	Keypress: a
85.4760 	EXP 	polygonColour: autoDraw = False
85.4760 	EXP 	polygonWhite: autoDraw = False
85.4760 	EXP 	imageObject: autoDraw = False
85.4760 	EXP 	polygonType: autoDraw = False
85.4760 	EXP 	textInput: autoDraw = False
85.4760 	EXP 	textBlankLoop: autoDraw = True
85.9739 	EXP 	New trial (rep=0, index=16): {'image': 'REPSWITCH1/PICTURE_319.png', 'correctAns': 'vaca', 'respModal': 'speak', 'frameColor': 'darkblue', 'repSwitch': 'filler', 'sequence': 2, 'target': 'F', 'set': 1, 'block': 3, 'list': 2, 'exp_version': 2, 'stimulus': 'Stim1_Set4', 'baseline': 1, 'baseline_condition': 'switch', 'trial_no': 17, 'psychopy_trial': 16, 'Column1': 17}
85.9757 	EXP 	textBlankLoop: autoDraw = False
85.9757 	EXP 	textBlankLoop: autoDraw = False
85.9757 	EXP 	textboxPause: autoDraw = False
85.9757 	EXP 	fixationITI: autoDraw = True
87.0707 	EXP 	fixationITI: autoDraw = False
87.0707 	EXP 	fixationITI: autoDraw = False
87.0707 	EXP 	polygonColour: fillColor = <psychopy.colors.Color: darkblue, alpha=1.0>
87.0707 	EXP 	polygonColour: borderColor = <psychopy.colors.Color: darkblue, alpha=1.0>
87.0707 	EXP 	imageObject: image = 'REPSWITCH1/PICTURE_319.png'
87.0707 	EXP 	polygonColour: autoDraw = True
87.0707 	EXP 	polygonWhite: autoDraw = True
87.0707 	EXP 	imageObject: autoDraw = True
87.0707 	EXP 	polygonType: autoDraw = True
87.0707 	EXP 	textInput: autoDraw = True
90.0883 	EXP 	polygonColour: autoDraw = False
90.0883 	EXP 	polygonWhite: autoDraw = False
90.0883 	EXP 	imageObject: autoDraw = False
90.0883 	EXP 	polygonType: autoDraw = False
90.0883 	EXP 	textInput: autoDraw = False
90.0883 	EXP 	textBlankLoop: autoDraw = True
90.5863 	EXP 	New trial (rep=0, index=17): {'image': 'REPSWITCH1/PICTURE_728.png', 'correctAns': 'pulpo', 'respModal': 'speak', 'frameColor': 'darkblue', 'repSwitch': 'filler', 'sequence': 2, 'target': 'F', 'set': 1, 'block': 3, 'list': 2, 'exp_version': 2, 'stimulus': 'Stim8_Set4', 'baseline': 0, 'baseline_condition': None, 'trial_no': 18, 'psychopy_trial': 17, 'Column1': 18}
90.5881 	EXP 	textBlankLoop: autoDraw = False
90.5881 	EXP 	textBlankLoop: autoDraw = False
90.5881 	EXP 	textboxPause: autoDraw = False
90.5881 	EXP 	fixationITI: autoDraw = True
91.6330 	EXP 	fixationITI: autoDraw = False
91.6330 	EXP 	fixationITI: autoDraw = False
91.6330 	EXP 	polygonColour: fillColor = <psychopy.colors.Color: darkblue, alpha=1.0>
91.6330 	EXP 	polygonColour: borderColor = <psychopy.colors.Color: darkblue, alpha=1.0>
91.6330 	EXP 	imageObject: image = 'REPSWITCH1/PICTURE_728.png'
91.6330 	EXP 	polygonColour: autoDraw = True
91.6330 	EXP 	polygonWhite: autoDraw = True
91.6330 	EXP 	imageObject: autoDraw = True
91.6330 	EXP 	polygonType: autoDraw = True
91.6330 	EXP 	textInput: autoDraw = True
94.6535 	EXP 	polygonColour: autoDraw = False
94.6535 	EXP 	polygonWhite: autoDraw = False
94.6535 	EXP 	imageObject: autoDraw = False
94.6535 	EXP 	polygonType: autoDraw = False
94.6535 	EXP 	textInput: autoDraw = False
94.6535 	EXP 	textBlankLoop: autoDraw = True
95.1514 	EXP 	New trial (rep=0, index=18): {'image': 'REPSWITCH1/PICTURE_381.png', 'correctAns': 'fresa', 'respModal': 'type', 'frameColor': 'gold', 'repSwitch': 'nontarget', 'sequence': 1, 'target': 'NT', 'set': 1, 'block': 3, 'list': 2, 'exp_version': 2, 'stimulus': 'Stim2_Set1', 'baseline': 1, 'baseline_condition': 'switch', 'trial_no': 19, 'psychopy_trial': 18, 'Column1': 19}
95.1533 	EXP 	textBlankLoop: autoDraw = False
95.1533 	EXP 	textBlankLoop: autoDraw = False
95.1533 	EXP 	textboxPause: autoDraw = False
95.1533 	EXP 	fixationITI: autoDraw = True
96.2705 	EXP 	fixationITI: autoDraw = False
96.2705 	EXP 	fixationITI: autoDraw = False
96.2705 	EXP 	polygonColour: fillColor = <psychopy.colors.Color: gold, alpha=1.0>
96.2705 	EXP 	polygonColour: borderColor = <psychopy.colors.Color: gold, alpha=1.0>
96.2705 	EXP 	imageObject: image = 'REPSWITCH1/PICTURE_381.png'
96.2705 	EXP 	polygonColour: autoDraw = True
96.2705 	EXP 	polygonWhite: autoDraw = True
96.2705 	EXP 	imageObject: autoDraw = True
96.2705 	EXP 	polygonType: autoDraw = True
96.2705 	EXP 	textInput: autoDraw = True
97.1783 	DATA 	Keypress: f
97.3562 	DATA 	Keypress: r
97.4339 	DATA 	Keypress: e
97.6253 	DATA 	Keypress: s
97.8365 	DATA 	Keypress: a
99.2882 	EXP 	polygonColour: autoDraw = False
99.2882 	EXP 	polygonWhite: autoDraw = False
99.2882 	EXP 	imageObject: autoDraw = False
99.2882 	EXP 	polygonType: autoDraw = False
99.2882 	EXP 	textInput: autoDraw = False
99.2882 	EXP 	textBlankLoop: autoDraw = True
99.7861 	EXP 	New trial (rep=0, index=19): {'image': 'REPSWITCH1/PICTURE_381.png', 'correctAns': 'fresa', 'respModal': 'type', 'frameColor': 'gold', 'repSwitch': 'repeat', 'sequence': 1, 'target': 'T', 'set': 1, 'block': 3, 'list': 2, 'exp_version': 2, 'stimulus': 'Stim2_Set1', 'baseline': 0, 'baseline_condition': None, 'trial_no': 20, 'psychopy_trial': 19, 'Column1': 20}
99.7880 	EXP 	textBlankLoop: autoDraw = False
99.7880 	EXP 	textBlankLoop: autoDraw = False
99.7880 	EXP 	textboxPause: autoDraw = False
99.7880 	EXP 	fixationITI: autoDraw = True
100.8293 	EXP 	fixationITI: autoDraw = False
100.8293 	EXP 	fixationITI: autoDraw = False
100.8293 	EXP 	polygonColour: fillColor = <psychopy.colors.Color: gold, alpha=1.0>
100.8293 	EXP 	polygonColour: borderColor = <psychopy.colors.Color: gold, alpha=1.0>
100.8293 	EXP 	imageObject: image = 'REPSWITCH1/PICTURE_381.png'
100.8293 	EXP 	polygonColour: autoDraw = True
100.8293 	EXP 	polygonWhite: autoDraw = True
100.8293 	EXP 	imageObject: autoDraw = True
100.8293 	EXP 	polygonType: autoDraw = True
100.8293 	EXP 	textInput: autoDraw = True
101.6436 	DATA 	Keypress: f
101.8187 	DATA 	Keypress: r
101.8992 	DATA 	Keypress: e
102.1240 	DATA 	Keypress: s
102.1878 	DATA 	Keypress: a
103.8533 	EXP 	polygonColour: autoDraw = False
103.8533 	EXP 	polygonWhite: autoDraw = False
103.8533 	EXP 	imageObject: autoDraw = False
103.8533 	EXP 	polygonType: autoDraw = False
103.8533 	EXP 	textInput: autoDraw = False
103.8533 	EXP 	polygonColour: autoDraw = False
103.8533 	EXP 	polygonWhite: autoDraw = False
103.8533 	EXP 	imageObject: autoDraw = False
103.8533 	EXP 	polygonType: autoDraw = False
103.8533 	EXP 	textInput: autoDraw = False
103.8533 	EXP 	textBlankLoop: autoDraw = True
104.3513 	EXP 	New trial (rep=0, index=20): {'image': 'REPSWITCH1/PICTURE_8.png', 'correctAns': 'pierna', 'respModal': 'speak', 'frameColor': 'darkblue', 'repSwitch': 'filler', 'sequence': 2, 'target': 'F', 'set': 1, 'block': 3, 'list': 2, 'exp_version': 2, 'stimulus': 'Stim3_Set4', 'baseline': 0, 'baseline_condition': None, 'trial_no': 21, 'psychopy_trial': 20, 'Column1': 21}
104.3532 	EXP 	textBlankLoop: autoDraw = False
104.3532 	EXP 	textBlankLoop: autoDraw = False
104.3532 	EXP 	textboxPause: autoDraw = False
104.3532 	EXP 	fixationITI: autoDraw = True
105.3834 	EXP 	fixationITI: autoDraw = False
105.3834 	EXP 	fixationITI: autoDraw = False
105.3834 	EXP 	polygonColour: fillColor = <psychopy.colors.Color: darkblue, alpha=1.0>
105.3834 	EXP 	polygonColour: borderColor = <psychopy.colors.Color: darkblue, alpha=1.0>
105.3834 	EXP 	imageObject: image = 'REPSWITCH1/PICTURE_8.png'
105.3834 	EXP 	polygonColour: autoDraw = True
105.3834 	EXP 	polygonWhite: autoDraw = True
105.3834 	EXP 	imageObject: autoDraw = True
105.3834 	EXP 	polygonType: autoDraw = True
105.3834 	EXP 	textInput: autoDraw = True
108.4193 	EXP 	polygonColour: autoDraw = False
108.4193 	EXP 	polygonWhite: autoDraw = False
108.4193 	EXP 	imageObject: autoDraw = False
108.4193 	EXP 	polygonType: autoDraw = False
108.4193 	EXP 	textInput: autoDraw = False
108.4193 	EXP 	polygonColour: autoDraw = False
108.4193 	EXP 	polygonWhite: autoDraw = False
108.4193 	EXP 	imageObject: autoDraw = False
108.4193 	EXP 	polygonType: autoDraw = False
108.4193 	EXP 	textInput: autoDraw = False
108.4193 	EXP 	textBlankLoop: autoDraw = True
108.9164 	EXP 	New trial (rep=0, index=21): {'image': 'REPSWITCH1/PICTURE_48.png', 'correctAns': 'bombero', 'respModal': 'speak', 'frameColor': 'darkblue', 'repSwitch': 'filler', 'sequence': 2, 'target': 'F', 'set': 1, 'block': 3, 'list': 2, 'exp_version': 2, 'stimulus': 'Stim7_Set4', 'baseline': 0, 'baseline_condition': None, 'trial_no': 22, 'psychopy_trial': 21, 'Column1': 22}
108.9184 	EXP 	textBlankLoop: autoDraw = False
108.9184 	EXP 	textboxPause: autoDraw = False
108.9184 	EXP 	fixationITI: autoDraw = True
109.9792 	EXP 	fixationITI: autoDraw = False
109.9792 	EXP 	fixationITI: autoDraw = False
109.9792 	EXP 	polygonColour: fillColor = <psychopy.colors.Color: darkblue, alpha=1.0>
109.9792 	EXP 	polygonColour: borderColor = <psychopy.colors.Color: darkblue, alpha=1.0>
109.9792 	EXP 	imageObject: image = 'REPSWITCH1/PICTURE_48.png'
109.9792 	EXP 	polygonColour: autoDraw = True
109.9792 	EXP 	polygonWhite: autoDraw = True
109.9792 	EXP 	imageObject: autoDraw = True
109.9792 	EXP 	polygonType: autoDraw = True
109.9792 	EXP 	textInput: autoDraw = True
113.0032 	EXP 	polygonColour: autoDraw = False
113.0032 	EXP 	polygonWhite: autoDraw = False
113.0032 	EXP 	imageObject: autoDraw = False
113.0032 	EXP 	polygonType: autoDraw = False
113.0032 	EXP 	textInput: autoDraw = False
113.0032 	EXP 	polygonColour: autoDraw = False
113.0032 	EXP 	polygonWhite: autoDraw = False
113.0032 	EXP 	imageObject: autoDraw = False
113.0032 	EXP 	polygonType: autoDraw = False
113.0032 	EXP 	textInput: autoDraw = False
113.0032 	EXP 	textBlankLoop: autoDraw = True
113.5012 	EXP 	New trial (rep=0, index=22): {'image': 'REPSWITCH1/PICTURE_135.png', 'correctAns': 'traje', 'respModal': 'type', 'frameColor': 'gold', 'repSwitch': 'nontarget', 'sequence': 1, 'target': 'NT', 'set': 1, 'block': 3, 'list': 2, 'exp_version': 2, 'stimulus': 'Stim3_Set1', 'baseline': 1, 'baseline_condition': 'switch', 'trial_no': 23, 'psychopy_trial': 22, 'Column1': 23}
113.5030 	EXP 	textBlankLoop: autoDraw = False
113.5030 	EXP 	textBlankLoop: autoDraw = False
113.5030 	EXP 	textboxPause: autoDraw = False
113.5030 	EXP 	fixationITI: autoDraw = True
114.5702 	EXP 	fixationITI: autoDraw = False
114.5702 	EXP 	fixationITI: autoDraw = False
114.5702 	EXP 	polygonColour: fillColor = <psychopy.colors.Color: gold, alpha=1.0>
114.5702 	EXP 	polygonColour: borderColor = <psychopy.colors.Color: gold, alpha=1.0>
114.5702 	EXP 	imageObject: image = 'REPSWITCH1/PICTURE_135.png'
114.5702 	EXP 	polygonColour: autoDraw = True
114.5702 	EXP 	polygonWhite: autoDraw = True
114.5702 	EXP 	imageObject: autoDraw = True
114.5702 	EXP 	polygonType: autoDraw = True
114.5702 	EXP 	textInput: autoDraw = True
115.6281 	DATA 	Keypress: t
115.7057 	DATA 	Keypress: r
116.0584 	DATA 	Keypress: a
116.2195 	DATA 	Keypress: j
116.3138 	DATA 	Keypress: e
117.5907 	EXP 	polygonColour: autoDraw = False
117.5907 	EXP 	polygonWhite: autoDraw = False
117.5907 	EXP 	imageObject: autoDraw = False
117.5907 	EXP 	polygonType: autoDraw = False
117.5907 	EXP 	textInput: autoDraw = False
117.5907 	EXP 	textBlankLoop: autoDraw = True
118.0885 	EXP 	New trial (rep=0, index=23): {'image': 'REPSWITCH1/PICTURE_135.png', 'correctAns': 'traje', 'respModal': 'type', 'frameColor': 'gold', 'repSwitch': 'repeat', 'sequence': 1, 'target': 'T', 'set': 1, 'block': 3, 'list': 2, 'exp_version': 2, 'stimulus': 'Stim3_Set1', 'baseline': 0, 'baseline_condition': None, 'trial_no': 24, 'psychopy_trial': 23, 'Column1': 24}
118.0904 	EXP 	textBlankLoop: autoDraw = False
118.0904 	EXP 	textboxPause: autoDraw = False
118.0904 	EXP 	fixationITI: autoDraw = True
119.1318 	EXP 	fixationITI: autoDraw = False
119.1318 	EXP 	fixationITI: autoDraw = False
119.1318 	EXP 	polygonColour: fillColor = <psychopy.colors.Color: gold, alpha=1.0>
119.1318 	EXP 	polygonColour: borderColor = <psychopy.colors.Color: gold, alpha=1.0>
119.1318 	EXP 	imageObject: image = 'REPSWITCH1/PICTURE_135.png'
119.1318 	EXP 	polygonColour: autoDraw = True
119.1318 	EXP 	polygonWhite: autoDraw = True
119.1318 	EXP 	imageObject: autoDraw = True
119.1318 	EXP 	polygonType: autoDraw = True
119.1318 	EXP 	textInput: autoDraw = True
120.1545 	DATA 	Keypress: t
120.2517 	DATA 	Keypress: r
120.6653 	DATA 	Keypress: a
120.7958 	DATA 	Keypress: j
120.8903 	DATA 	Keypress: e
122.1558 	EXP 	polygonColour: autoDraw = False
122.1558 	EXP 	polygonWhite: autoDraw = False
122.1558 	EXP 	imageObject: autoDraw = False
122.1558 	EXP 	polygonType: autoDraw = False
122.1558 	EXP 	textInput: autoDraw = False
122.1558 	EXP 	polygonColour: autoDraw = False
122.1558 	EXP 	polygonWhite: autoDraw = False
122.1558 	EXP 	imageObject: autoDraw = False
122.1558 	EXP 	polygonType: autoDraw = False
122.1558 	EXP 	textInput: autoDraw = False
122.1558 	EXP 	textBlankLoop: autoDraw = True
122.6538 	EXP 	New trial (rep=0, index=24): {'image': 'REPSWITCH1/PICTURE_19.png', 'correctAns': 'pavo', 'respModal': 'type', 'frameColor': 'gold', 'repSwitch': 'nontarget', 'sequence': 1, 'target': 'NT', 'set': 1, 'block': 3, 'list': 2, 'exp_version': 2, 'stimulus': 'Stim5_Set1', 'baseline': 1, 'baseline_condition': 'repeat', 'trial_no': 25, 'psychopy_trial': 24, 'Column1': 25}
122.6557 	EXP 	textBlankLoop: autoDraw = False
122.6557 	EXP 	textBlankLoop: autoDraw = False
122.6557 	EXP 	textboxPause: autoDraw = False
122.6557 	EXP 	fixationITI: autoDraw = True
123.8147 	EXP 	fixationITI: autoDraw = False
123.8147 	EXP 	fixationITI: autoDraw = False
123.8147 	EXP 	polygonColour: fillColor = <psychopy.colors.Color: gold, alpha=1.0>
123.8147 	EXP 	polygonColour: borderColor = <psychopy.colors.Color: gold, alpha=1.0>
123.8147 	EXP 	imageObject: image = 'REPSWITCH1/PICTURE_19.png'
123.8147 	EXP 	polygonColour: autoDraw = True
123.8147 	EXP 	polygonWhite: autoDraw = True
123.8147 	EXP 	imageObject: autoDraw = True
123.8147 	EXP 	polygonType: autoDraw = True
123.8147 	EXP 	textInput: autoDraw = True
124.7307 	DATA 	Keypress: p
124.8585 	DATA 	Keypress: a
125.1473 	DATA 	Keypress: v
125.3083 	DATA 	Keypress: o
126.8321 	EXP 	polygonColour: autoDraw = False
126.8321 	EXP 	polygonWhite: autoDraw = False
126.8321 	EXP 	imageObject: autoDraw = False
126.8321 	EXP 	polygonType: autoDraw = False
126.8321 	EXP 	textInput: autoDraw = False
126.8321 	EXP 	textBlankLoop: autoDraw = True
127.3301 	EXP 	New trial (rep=0, index=25): {'image': 'REPSWITCH1/PICTURE_19.png', 'correctAns': 'pavo', 'respModal': 'speak', 'frameColor': 'darkblue', 'repSwitch': 'switch', 'sequence': 2, 'target': 'T', 'set': 1, 'block': 3, 'list': 2, 'exp_version': 2, 'stimulus': 'Stim5_Set1', 'baseline': 0, 'baseline_condition': None, 'trial_no': 26, 'psychopy_trial': 25, 'Column1': 26}
127.3319 	EXP 	textBlankLoop: autoDraw = False
127.3319 	EXP 	textBlankLoop: autoDraw = False
127.3319 	EXP 	textboxPause: autoDraw = False
127.3319 	EXP 	fixationITI: autoDraw = True
128.4066 	EXP 	fixationITI: autoDraw = False
128.4066 	EXP 	fixationITI: autoDraw = False
128.4066 	EXP 	polygonColour: fillColor = <psychopy.colors.Color: darkblue, alpha=1.0>
128.4066 	EXP 	polygonColour: borderColor = <psychopy.colors.Color: darkblue, alpha=1.0>
128.4066 	EXP 	imageObject: image = 'REPSWITCH1/PICTURE_19.png'
128.4066 	EXP 	polygonColour: autoDraw = True
128.4066 	EXP 	polygonWhite: autoDraw = True
128.4066 	EXP 	imageObject: autoDraw = True
128.4066 	EXP 	polygonType: autoDraw = True
128.4066 	EXP 	textInput: autoDraw = True
131.4306 	EXP 	polygonColour: autoDraw = False
131.4306 	EXP 	polygonWhite: autoDraw = False
131.4306 	EXP 	imageObject: autoDraw = False
131.4306 	EXP 	polygonType: autoDraw = False
131.4306 	EXP 	textInput: autoDraw = False
131.4306 	EXP 	polygonColour: autoDraw = False
131.4306 	EXP 	polygonWhite: autoDraw = False
131.4306 	EXP 	imageObject: autoDraw = False
131.4306 	EXP 	polygonType: autoDraw = False
131.4306 	EXP 	textInput: autoDraw = False
131.4306 	EXP 	textBlankLoop: autoDraw = True
131.9287 	EXP 	New trial (rep=0, index=26): {'image': 'REPSWITCH1/PICTURE_142.png', 'correctAns': 'vaso', 'respModal': 'speak', 'frameColor': 'darkblue', 'repSwitch': 'filler', 'sequence': 2, 'target': 'F', 'set': 2, 'block': 3, 'list': 2, 'exp_version': 2, 'stimulus': 'Stim7_Set1', 'baseline': 0, 'baseline_condition': None, 'trial_no': 27, 'psychopy_trial': 26, 'Column1': 27}
131.9305 	EXP 	textBlankLoop: autoDraw = False
131.9305 	EXP 	textBlankLoop: autoDraw = False
131.9305 	EXP 	textboxPause: autoDraw = False
131.9305 	EXP 	fixationITI: autoDraw = True
132.9746 	EXP 	fixationITI: autoDraw = False
132.9746 	EXP 	fixationITI: autoDraw = False
132.9746 	EXP 	polygonColour: fillColor = <psychopy.colors.Color: darkblue, alpha=1.0>
132.9746 	EXP 	polygonColour: borderColor = <psychopy.colors.Color: darkblue, alpha=1.0>
132.9746 	EXP 	imageObject: image = 'REPSWITCH1/PICTURE_142.png'
132.9746 	EXP 	polygonColour: autoDraw = True
132.9746 	EXP 	polygonWhite: autoDraw = True
132.9746 	EXP 	imageObject: autoDraw = True
132.9746 	EXP 	polygonType: autoDraw = True
132.9746 	EXP 	textInput: autoDraw = True
136.0098 	EXP 	polygonColour: autoDraw = False
136.0098 	EXP 	polygonWhite: autoDraw = False
136.0098 	EXP 	imageObject: autoDraw = False
136.0098 	EXP 	polygonType: autoDraw = False
136.0098 	EXP 	textInput: autoDraw = False
136.0098 	EXP 	polygonColour: autoDraw = False
136.0098 	EXP 	polygonWhite: autoDraw = False
136.0098 	EXP 	imageObject: autoDraw = False
136.0098 	EXP 	polygonType: autoDraw = False
136.0098 	EXP 	textInput: autoDraw = False
136.0098 	EXP 	textBlankLoop: autoDraw = True
136.5077 	EXP 	New trial (rep=0, index=27): {'image': 'REPSWITCH1/PICTURE_135.png', 'correctAns': 'traje', 'respModal': 'type', 'frameColor': 'gold', 'repSwitch': 'filler', 'sequence': 1, 'target': 'F', 'set': 2, 'block': 3, 'list': 2, 'exp_version': 2, 'stimulus': 'Stim3_Set1', 'baseline': 0, 'baseline_condition': None, 'trial_no': 28, 'psychopy_trial': 27, 'Column1': 28}
136.5096 	EXP 	textBlankLoop: autoDraw = False
136.5096 	EXP 	textboxPause: autoDraw = False
136.5096 	EXP 	fixationITI: autoDraw = True
137.6709 	EXP 	fixationITI: autoDraw = False
137.6709 	EXP 	fixationITI: autoDraw = False
137.6709 	EXP 	polygonColour: fillColor = <psychopy.colors.Color: gold, alpha=1.0>
137.6709 	EXP 	polygonColour: borderColor = <psychopy.colors.Color: gold, alpha=1.0>
137.6709 	EXP 	imageObject: image = 'REPSWITCH1/PICTURE_135.png'
137.6709 	EXP 	polygonColour: autoDraw = True
137.6709 	EXP 	polygonWhite: autoDraw = True
137.6709 	EXP 	imageObject: autoDraw = True
137.6709 	EXP 	polygonType: autoDraw = True
137.6709 	EXP 	textInput: autoDraw = True
138.5708 	DATA 	Keypress: t
138.6513 	DATA 	Keypress: r
138.8595 	DATA 	Keypress: a
138.9373 	DATA 	Keypress: j
139.0845 	DATA 	Keypress: e
140.6916 	EXP 	polygonColour: autoDraw = False
140.6916 	EXP 	polygonWhite: autoDraw = False
140.6916 	EXP 	imageObject: autoDraw = False
140.6916 	EXP 	polygonType: autoDraw = False
140.6916 	EXP 	textInput: autoDraw = False
140.6916 	EXP 	textBlankLoop: autoDraw = True
141.1896 	EXP 	New trial (rep=0, index=28): {'image': 'REPSWITCH1/PICTURE_446.png', 'correctAns': 'cerdo', 'respModal': 'type', 'frameColor': 'gold', 'repSwitch': 'nontarget', 'sequence': 1, 'target': 'NT', 'set': 2, 'block': 3, 'list': 2, 'exp_version': 2, 'stimulus': 'Stim7_Set2', 'baseline': 0, 'baseline_condition': None, 'trial_no': 29, 'psychopy_trial': 28, 'Column1': 29}
141.1914 	EXP 	textBlankLoop: autoDraw = False
141.1914 	EXP 	textBlankLoop: autoDraw = False
141.1914 	EXP 	textboxPause: autoDraw = False
141.1914 	EXP 	fixationITI: autoDraw = True
142.2779 	EXP 	fixationITI: autoDraw = False
142.2779 	EXP 	fixationITI: autoDraw = False
142.2779 	EXP 	polygonColour: fillColor = <psychopy.colors.Color: gold, alpha=1.0>
142.2779 	EXP 	polygonColour: borderColor = <psychopy.colors.Color: gold, alpha=1.0>
142.2779 	EXP 	imageObject: image = 'REPSWITCH1/PICTURE_446.png'
142.2779 	EXP 	polygonColour: autoDraw = True
142.2779 	EXP 	polygonWhite: autoDraw = True
142.2779 	EXP 	imageObject: autoDraw = True
142.2779 	EXP 	polygonType: autoDraw = True
142.2779 	EXP 	textInput: autoDraw = True
144.0912 	DATA 	Keypress: c
144.4278 	DATA 	Keypress: e
144.5716 	DATA 	Keypress: r
144.7465 	DATA 	Keypress: d
144.9381 	DATA 	Keypress: o
145.2957 	EXP 	polygonColour: autoDraw = False
145.2957 	EXP 	polygonWhite: autoDraw = False
145.2957 	EXP 	imageObject: autoDraw = False
145.2957 	EXP 	polygonType: autoDraw = False
145.2957 	EXP 	textInput: autoDraw = False
145.2957 	EXP 	textBlankLoop: autoDraw = True
145.7936 	EXP 	New trial (rep=0, index=29): {'image': 'REPSWITCH1/PICTURE_446.png', 'correctAns': 'cerdo', 'respModal': 'type', 'frameColor': 'gold', 'repSwitch': 'repeat', 'sequence': 1, 'target': 'T', 'set': 2, 'block': 3, 'list': 2, 'exp_version': 2, 'stimulus': 'Stim7_Set2', 'baseline': 0, 'baseline_condition': None, 'trial_no': 30, 'psychopy_trial': 29, 'Column1': 30}
145.7955 	EXP 	textBlankLoop: autoDraw = False
145.7955 	EXP 	textBlankLoop: autoDraw = False
145.7955 	EXP 	textboxPause: autoDraw = False
145.7955 	EXP 	fixationITI: autoDraw = True
146.9211 	EXP 	fixationITI: autoDraw = False
146.9211 	EXP 	fixationITI: autoDraw = False
146.9211 	EXP 	polygonColour: fillColor = <psychopy.colors.Color: gold, alpha=1.0>
146.9211 	EXP 	polygonColour: borderColor = <psychopy.colors.Color: gold, alpha=1.0>
146.9211 	EXP 	imageObject: image = 'REPSWITCH1/PICTURE_446.png'
146.9211 	EXP 	polygonColour: autoDraw = True
146.9211 	EXP 	polygonWhite: autoDraw = True
146.9211 	EXP 	imageObject: autoDraw = True
146.9211 	EXP 	polygonType: autoDraw = True
146.9211 	EXP 	textInput: autoDraw = True
147.8679 	DATA 	Keypress: c
147.9955 	DATA 	Keypress: e
148.1708 	DATA 	Keypress: r
148.3455 	DATA 	Keypress: d
148.6036 	DATA 	Keypress: o
149.9531 	EXP 	polygonColour: autoDraw = False
149.9531 	EXP 	polygonWhite: autoDraw = False
149.9531 	EXP 	imageObject: autoDraw = False
149.9531 	EXP 	polygonType: autoDraw = False
149.9531 	EXP 	textInput: autoDraw = False
149.9531 	EXP 	textBlankLoop: autoDraw = True
150.4505 	EXP 	New trial (rep=0, index=30): {'image': 'REPSWITCH1/PICTURE_16.png', 'correctAns': 'cazador', 'respModal': 'speak', 'frameColor': 'darkblue', 'repSwitch': 'filler', 'sequence': 2, 'target': 'F', 'set': 2, 'block': 3, 'list': 2, 'exp_version': 2, 'stimulus': 'Stim6_Set1', 'baseline': 0, 'baseline_condition': None, 'trial_no': 31, 'psychopy_trial': 30, 'Column1': 31}
150.4524 	EXP 	textBlankLoop: autoDraw = False
150.4524 	EXP 	textboxPause: autoDraw = False
150.4524 	EXP 	fixationITI: autoDraw = True
151.4800 	EXP 	fixationITI: autoDraw = False
151.4800 	EXP 	fixationITI: autoDraw = False
151.4800 	EXP 	polygonColour: fillColor = <psychopy.colors.Color: darkblue, alpha=1.0>
151.4800 	EXP 	polygonColour: borderColor = <psychopy.colors.Color: darkblue, alpha=1.0>
151.4800 	EXP 	imageObject: image = 'REPSWITCH1/PICTURE_16.png'
151.4800 	EXP 	polygonColour: autoDraw = True
151.4800 	EXP 	polygonWhite: autoDraw = True
151.4800 	EXP 	imageObject: autoDraw = True
151.4800 	EXP 	polygonType: autoDraw = True
151.4800 	EXP 	textInput: autoDraw = True
154.5039 	EXP 	polygonColour: autoDraw = False
154.5039 	EXP 	polygonWhite: autoDraw = False
154.5039 	EXP 	imageObject: autoDraw = False
154.5039 	EXP 	polygonType: autoDraw = False
154.5039 	EXP 	textInput: autoDraw = False
154.5039 	EXP 	textBlankLoop: autoDraw = True
155.0019 	EXP 	New trial (rep=0, index=31): {'image': 'REPSWITCH1/PICTURE_552.png', 'correctAns': 'manzana', 'respModal': 'type', 'frameColor': 'gold', 'repSwitch': 'nontarget', 'sequence': 1, 'target': 'NT', 'set': 2, 'block': 3, 'list': 2, 'exp_version': 2, 'stimulus': 'Stim6_Set2', 'baseline': 1, 'baseline_condition': 'switch', 'trial_no': 32, 'psychopy_trial': 31, 'Column1': 32}
155.0037 	EXP 	textBlankLoop: autoDraw = False
155.0037 	EXP 	textBlankLoop: autoDraw = False
155.0037 	EXP 	textboxPause: autoDraw = False
155.0037 	EXP 	fixationITI: autoDraw = True
156.0570 	EXP 	fixationITI: autoDraw = False
156.0570 	EXP 	fixationITI: autoDraw = False
156.0570 	EXP 	polygonColour: fillColor = <psychopy.colors.Color: gold, alpha=1.0>
156.0570 	EXP 	polygonColour: borderColor = <psychopy.colors.Color: gold, alpha=1.0>
156.0570 	EXP 	imageObject: image = 'REPSWITCH1/PICTURE_552.png'
156.0570 	EXP 	polygonColour: autoDraw = True
156.0570 	EXP 	polygonWhite: autoDraw = True
156.0570 	EXP 	imageObject: autoDraw = True
156.0570 	EXP 	polygonType: autoDraw = True
156.0570 	EXP 	textInput: autoDraw = True
156.9873 	DATA 	Keypress: m
157.1148 	DATA 	Keypress: a
157.2427 	DATA 	Keypress: n
157.4342 	DATA 	Keypress: z
157.6590 	DATA 	Keypress: a
157.7702 	DATA 	Keypress: n
158.5700 	DATA 	Keypress: a
159.0746 	EXP 	polygonColour: autoDraw = False
159.0746 	EXP 	polygonWhite: autoDraw = False
159.0746 	EXP 	imageObject: autoDraw = False
159.0746 	EXP 	polygonType: autoDraw = False
159.0746 	EXP 	textInput: autoDraw = False
159.0746 	EXP 	textBlankLoop: autoDraw = True
159.5726 	EXP 	New trial (rep=0, index=32): {'image': 'REPSWITCH1/PICTURE_552.png', 'correctAns': 'manzana', 'respModal': 'type', 'frameColor': 'gold', 'repSwitch': 'repeat', 'sequence': 1, 'target': 'T', 'set': 2, 'block': 3, 'list': 2, 'exp_version': 2, 'stimulus': 'Stim6_Set2', 'baseline': 0, 'baseline_condition': None, 'trial_no': 33, 'psychopy_trial': 32, 'Column1': 33}
159.5745 	EXP 	textBlankLoop: autoDraw = False
159.5745 	EXP 	textBlankLoop: autoDraw = False
159.5745 	EXP 	textboxPause: autoDraw = False
159.5745 	EXP 	fixationITI: autoDraw = True
160.6463 	EXP 	fixationITI: autoDraw = False
160.6463 	EXP 	fixationITI: autoDraw = False
160.6463 	EXP 	polygonColour: fillColor = <psychopy.colors.Color: gold, alpha=1.0>
160.6463 	EXP 	polygonColour: borderColor = <psychopy.colors.Color: gold, alpha=1.0>
160.6463 	EXP 	imageObject: image = 'REPSWITCH1/PICTURE_552.png'
160.6463 	EXP 	polygonColour: autoDraw = True
160.6463 	EXP 	polygonWhite: autoDraw = True
160.6463 	EXP 	imageObject: autoDraw = True
160.6463 	EXP 	polygonType: autoDraw = True
160.6463 	EXP 	textInput: autoDraw = True
161.3219 	DATA 	Keypress: m
161.4023 	DATA 	Keypress: a
161.5974 	DATA 	Keypress: n
161.7386 	DATA 	Keypress: z
161.9161 	DATA 	Keypress: a
162.0105 	DATA 	Keypress: n
162.4909 	DATA 	Keypress: a
163.6704 	EXP 	polygonColour: autoDraw = False
163.6704 	EXP 	polygonWhite: autoDraw = False
163.6704 	EXP 	imageObject: autoDraw = False
163.6704 	EXP 	polygonType: autoDraw = False
163.6704 	EXP 	textInput: autoDraw = False
163.6704 	EXP 	polygonColour: autoDraw = False
163.6704 	EXP 	polygonWhite: autoDraw = False
163.6704 	EXP 	imageObject: autoDraw = False
163.6704 	EXP 	polygonType: autoDraw = False
163.6704 	EXP 	textInput: autoDraw = False
163.6704 	EXP 	textBlankLoop: autoDraw = True
164.1688 	EXP 	New trial (rep=0, index=33): {'image': 'REPSWITCH1/PICTURE_517.png', 'correctAns': 'cuerda', 'respModal': 'type', 'frameColor': 'gold', 'repSwitch': 'nontarget', 'sequence': 1, 'target': 'NT', 'set': 2, 'block': 3, 'list': 2, 'exp_version': 2, 'stimulus': 'Stim4_Set2', 'baseline': 0, 'baseline_condition': None, 'trial_no': 34, 'psychopy_trial': 33, 'Column1': 34}
164.1735 	EXP 	textBlankLoop: autoDraw = False
164.1735 	EXP 	textBlankLoop: autoDraw = False
164.1735 	EXP 	textboxPause: autoDraw = False
164.1735 	EXP 	fixationITI: autoDraw = True
165.2671 	EXP 	fixationITI: autoDraw = False
165.2671 	EXP 	fixationITI: autoDraw = False
165.2671 	EXP 	polygonColour: fillColor = <psychopy.colors.Color: gold, alpha=1.0>
165.2671 	EXP 	polygonColour: borderColor = <psychopy.colors.Color: gold, alpha=1.0>
165.2671 	EXP 	imageObject: image = 'REPSWITCH1/PICTURE_517.png'
165.2671 	EXP 	polygonColour: autoDraw = True
165.2671 	EXP 	polygonWhite: autoDraw = True
165.2671 	EXP 	imageObject: autoDraw = True
165.2671 	EXP 	polygonType: autoDraw = True
165.2671 	EXP 	textInput: autoDraw = True
166.1877 	DATA 	Keypress: c
166.3785 	DATA 	Keypress: u
166.4924 	DATA 	Keypress: e
166.5867 	DATA 	Keypress: r
166.7619 	DATA 	Keypress: d
166.8589 	DATA 	Keypress: a
168.3029 	EXP 	polygonColour: autoDraw = False
168.3029 	EXP 	polygonWhite: autoDraw = False
168.3029 	EXP 	imageObject: autoDraw = False
168.3029 	EXP 	polygonType: autoDraw = False
168.3029 	EXP 	textInput: autoDraw = False
168.3029 	EXP 	polygonColour: autoDraw = False
168.3029 	EXP 	polygonWhite: autoDraw = False
168.3029 	EXP 	imageObject: autoDraw = False
168.3029 	EXP 	polygonType: autoDraw = False
168.3029 	EXP 	textInput: autoDraw = False
168.3029 	EXP 	textBlankLoop: autoDraw = True
168.8002 	EXP 	New trial (rep=0, index=34): {'image': 'REPSWITCH1/PICTURE_517.png', 'correctAns': 'cuerda', 'respModal': 'speak', 'frameColor': 'darkblue', 'repSwitch': 'switch', 'sequence': 2, 'target': 'T', 'set': 2, 'block': 3, 'list': 2, 'exp_version': 2, 'stimulus': 'Stim4_Set2', 'baseline': 0, 'baseline_condition': None, 'trial_no': 35, 'psychopy_trial': 34, 'Column1': 35}
168.8021 	EXP 	textBlankLoop: autoDraw = False
168.8021 	EXP 	textboxPause: autoDraw = False
168.8021 	EXP 	fixationITI: autoDraw = True
169.8878 	EXP 	fixationITI: autoDraw = False
169.8878 	EXP 	fixationITI: autoDraw = False
169.8878 	EXP 	polygonColour: fillColor = <psychopy.colors.Color: darkblue, alpha=1.0>
169.8878 	EXP 	polygonColour: borderColor = <psychopy.colors.Color: darkblue, alpha=1.0>
169.8878 	EXP 	imageObject: image = 'REPSWITCH1/PICTURE_517.png'
169.8878 	EXP 	polygonColour: autoDraw = True
169.8878 	EXP 	polygonWhite: autoDraw = True
169.8878 	EXP 	imageObject: autoDraw = True
169.8878 	EXP 	polygonType: autoDraw = True
169.8878 	EXP 	textInput: autoDraw = True
172.9119 	EXP 	polygonColour: autoDraw = False
172.9119 	EXP 	polygonWhite: autoDraw = False
172.9119 	EXP 	imageObject: autoDraw = False
172.9119 	EXP 	polygonType: autoDraw = False
172.9119 	EXP 	textInput: autoDraw = False
172.9119 	EXP 	polygonColour: autoDraw = False
172.9119 	EXP 	polygonWhite: autoDraw = False
172.9119 	EXP 	imageObject: autoDraw = False
172.9119 	EXP 	polygonType: autoDraw = False
172.9119 	EXP 	textInput: autoDraw = False
172.9119 	EXP 	textBlankLoop: autoDraw = True
173.4099 	EXP 	New trial (rep=0, index=35): {'image': 'REPSWITCH1/PICTURE_169.png', 'correctAns': 'espalda', 'respModal': 'speak', 'frameColor': 'darkblue', 'repSwitch': 'filler', 'sequence': 2, 'target': 'F', 'set': 2, 'block': 3, 'list': 2, 'exp_version': 2, 'stimulus': 'Stim8_Set1', 'baseline': 1, 'baseline_condition': 'repeat', 'trial_no': 36, 'psychopy_trial': 35, 'Column1': 36}
173.4117 	EXP 	textBlankLoop: autoDraw = False
173.4117 	EXP 	textBlankLoop: autoDraw = False
173.4117 	EXP 	textboxPause: autoDraw = False
173.4117 	EXP 	fixationITI: autoDraw = True
174.5280 	EXP 	fixationITI: autoDraw = False
174.5280 	EXP 	fixationITI: autoDraw = False
174.5280 	EXP 	polygonColour: fillColor = <psychopy.colors.Color: darkblue, alpha=1.0>
174.5280 	EXP 	polygonColour: borderColor = <psychopy.colors.Color: darkblue, alpha=1.0>
174.5280 	EXP 	imageObject: image = 'REPSWITCH1/PICTURE_169.png'
174.5280 	EXP 	polygonColour: autoDraw = True
174.5280 	EXP 	polygonWhite: autoDraw = True
174.5280 	EXP 	imageObject: autoDraw = True
174.5280 	EXP 	polygonType: autoDraw = True
174.5280 	EXP 	textInput: autoDraw = True
177.5634 	EXP 	polygonColour: autoDraw = False
177.5634 	EXP 	polygonWhite: autoDraw = False
177.5634 	EXP 	imageObject: autoDraw = False
177.5634 	EXP 	polygonType: autoDraw = False
177.5634 	EXP 	textInput: autoDraw = False
177.5634 	EXP 	polygonColour: autoDraw = False
177.5634 	EXP 	polygonWhite: autoDraw = False
177.5634 	EXP 	imageObject: autoDraw = False
177.5634 	EXP 	polygonType: autoDraw = False
177.5634 	EXP 	textInput: autoDraw = False
177.5634 	EXP 	textBlankLoop: autoDraw = True
178.0610 	EXP 	New trial (rep=0, index=36): {'image': 'REPSWITCH1/PICTURE_30.png', 'correctAns': 'granja', 'respModal': 'speak', 'frameColor': 'darkblue', 'repSwitch': 'nontarget', 'sequence': 2, 'target': 'NT', 'set': 2, 'block': 3, 'list': 2, 'exp_version': 2, 'stimulus': 'Stim5_Set2', 'baseline': 1, 'baseline_condition': 'repeat', 'trial_no': 37, 'psychopy_trial': 36, 'Column1': 37}
178.0630 	EXP 	textBlankLoop: autoDraw = False
178.0630 	EXP 	textboxPause: autoDraw = False
178.0630 	EXP 	fixationITI: autoDraw = True
179.0738 	EXP 	fixationITI: autoDraw = False
179.0738 	EXP 	fixationITI: autoDraw = False
179.0738 	EXP 	polygonColour: fillColor = <psychopy.colors.Color: darkblue, alpha=1.0>
179.0738 	EXP 	polygonColour: borderColor = <psychopy.colors.Color: darkblue, alpha=1.0>
179.0738 	EXP 	imageObject: image = 'REPSWITCH1/PICTURE_30.png'
179.0738 	EXP 	polygonColour: autoDraw = True
179.0738 	EXP 	polygonWhite: autoDraw = True
179.0738 	EXP 	imageObject: autoDraw = True
179.0738 	EXP 	polygonType: autoDraw = True
179.0738 	EXP 	textInput: autoDraw = True
182.0980 	EXP 	polygonColour: autoDraw = False
182.0980 	EXP 	polygonWhite: autoDraw = False
182.0980 	EXP 	imageObject: autoDraw = False
182.0980 	EXP 	polygonType: autoDraw = False
182.0980 	EXP 	textInput: autoDraw = False
182.0980 	EXP 	polygonColour: autoDraw = False
182.0980 	EXP 	polygonWhite: autoDraw = False
182.0980 	EXP 	imageObject: autoDraw = False
182.0980 	EXP 	polygonType: autoDraw = False
182.0980 	EXP 	textInput: autoDraw = False
182.0980 	EXP 	textBlankLoop: autoDraw = True
182.5958 	EXP 	New trial (rep=0, index=37): {'image': 'REPSWITCH1/PICTURE_30.png', 'correctAns': 'granja', 'respModal': 'type', 'frameColor': 'gold', 'repSwitch': 'switch', 'sequence': 1, 'target': 'T', 'set': 2, 'block': 3, 'list': 2, 'exp_version': 2, 'stimulus': 'Stim5_Set2', 'baseline': 0, 'baseline_condition': None, 'trial_no': 38, 'psychopy_trial': 37, 'Column1': 38}
182.5977 	EXP 	textBlankLoop: autoDraw = False
182.5977 	EXP 	textBlankLoop: autoDraw = False
182.5977 	EXP 	textboxPause: autoDraw = False
182.5977 	EXP 	fixationITI: autoDraw = True
183.7066 	EXP 	fixationITI: autoDraw = False
183.7066 	EXP 	fixationITI: autoDraw = False
183.7066 	EXP 	polygonColour: fillColor = <psychopy.colors.Color: gold, alpha=1.0>
183.7066 	EXP 	polygonColour: borderColor = <psychopy.colors.Color: gold, alpha=1.0>
183.7066 	EXP 	imageObject: image = 'REPSWITCH1/PICTURE_30.png'
183.7066 	EXP 	polygonColour: autoDraw = True
183.7066 	EXP 	polygonWhite: autoDraw = True
183.7066 	EXP 	imageObject: autoDraw = True
183.7066 	EXP 	polygonType: autoDraw = True
183.7066 	EXP 	textInput: autoDraw = True
184.4423 	DATA 	Keypress: g
184.5228 	DATA 	Keypress: r
184.8754 	DATA 	Keypress: a
185.1004 	DATA 	Keypress: n
185.2115 	DATA 	Keypress: j
185.3392 	DATA 	Keypress: a
186.7241 	EXP 	polygonColour: autoDraw = False
186.7241 	EXP 	polygonWhite: autoDraw = False
186.7241 	EXP 	imageObject: autoDraw = False
186.7241 	EXP 	polygonType: autoDraw = False
186.7241 	EXP 	textInput: autoDraw = False
186.7241 	EXP 	textBlankLoop: autoDraw = True
187.2221 	EXP 	New trial (rep=0, index=38): {'image': 'REPSWITCH1/PICTURE_128.png', 'correctAns': 'muñeca', 'respModal': 'type', 'frameColor': 'gold', 'repSwitch': 'filler', 'sequence': 1, 'target': 'F', 'set': 2, 'block': 3, 'list': 2, 'exp_version': 2, 'stimulus': 'Stim4_Set1', 'baseline': 1, 'baseline_condition': 'repeat', 'trial_no': 39, 'psychopy_trial': 38, 'Column1': 39}
187.2240 	EXP 	textBlankLoop: autoDraw = False
187.2240 	EXP 	textBlankLoop: autoDraw = False
187.2240 	EXP 	textboxPause: autoDraw = False
187.2240 	EXP 	fixationITI: autoDraw = True
188.3014 	EXP 	fixationITI: autoDraw = False
188.3014 	EXP 	fixationITI: autoDraw = False
188.3014 	EXP 	polygonColour: fillColor = <psychopy.colors.Color: gold, alpha=1.0>
188.3014 	EXP 	polygonColour: borderColor = <psychopy.colors.Color: gold, alpha=1.0>
188.3014 	EXP 	imageObject: image = 'REPSWITCH1/PICTURE_128.png'
188.3014 	EXP 	polygonColour: autoDraw = True
188.3014 	EXP 	polygonWhite: autoDraw = True
188.3014 	EXP 	imageObject: autoDraw = True
188.3014 	EXP 	polygonType: autoDraw = True
188.3014 	EXP 	textInput: autoDraw = True
189.2268 	DATA 	Keypress: m
189.4352 	DATA 	Keypress: u
189.9461 	DATA 	KeyPress: ñ
190.0904 	DATA 	Keypress: e
190.4264 	DATA 	Keypress: c
190.6514 	DATA 	Keypress: a
191.3255 	EXP 	polygonColour: autoDraw = False
191.3255 	EXP 	polygonWhite: autoDraw = False
191.3255 	EXP 	imageObject: autoDraw = False
191.3255 	EXP 	polygonType: autoDraw = False
191.3255 	EXP 	textInput: autoDraw = False
191.3255 	EXP 	polygonColour: autoDraw = False
191.3255 	EXP 	polygonWhite: autoDraw = False
191.3255 	EXP 	imageObject: autoDraw = False
191.3255 	EXP 	polygonType: autoDraw = False
191.3255 	EXP 	textInput: autoDraw = False
191.3255 	EXP 	textBlankLoop: autoDraw = True
191.8234 	EXP 	New trial (rep=0, index=39): {'image': 'REPSWITCH1/PICTURE_199.png', 'correctAns': 'falda', 'respModal': 'type', 'frameColor': 'gold', 'repSwitch': 'nontarget', 'sequence': 1, 'target': 'NT', 'set': 2, 'block': 3, 'list': 2, 'exp_version': 2, 'stimulus': 'Stim8_Set2', 'baseline': 0, 'baseline_condition': None, 'trial_no': 40, 'psychopy_trial': 39, 'Column1': 40}
191.8253 	EXP 	textBlankLoop: autoDraw = False
191.8253 	EXP 	textBlankLoop: autoDraw = False
191.8253 	EXP 	textboxPause: autoDraw = False
191.8253 	EXP 	fixationITI: autoDraw = True
192.8916 	EXP 	fixationITI: autoDraw = False
192.8916 	EXP 	fixationITI: autoDraw = False
192.8916 	EXP 	polygonColour: fillColor = <psychopy.colors.Color: gold, alpha=1.0>
192.8916 	EXP 	polygonColour: borderColor = <psychopy.colors.Color: gold, alpha=1.0>
192.8916 	EXP 	imageObject: image = 'REPSWITCH1/PICTURE_199.png'
192.8916 	EXP 	polygonColour: autoDraw = True
192.8916 	EXP 	polygonWhite: autoDraw = True
192.8916 	EXP 	imageObject: autoDraw = True
192.8916 	EXP 	polygonType: autoDraw = True
192.8916 	EXP 	textInput: autoDraw = True
193.7865 	DATA 	Keypress: f
193.8505 	DATA 	Keypress: a
193.9781 	DATA 	Keypress: l
194.1392 	DATA 	Keypress: d
194.1863 	DATA 	Keypress: a
195.9157 	EXP 	polygonColour: autoDraw = False
195.9157 	EXP 	polygonWhite: autoDraw = False
195.9157 	EXP 	imageObject: autoDraw = False
195.9157 	EXP 	polygonType: autoDraw = False
195.9157 	EXP 	textInput: autoDraw = False
195.9157 	EXP 	polygonColour: autoDraw = False
195.9157 	EXP 	polygonWhite: autoDraw = False
195.9157 	EXP 	imageObject: autoDraw = False
195.9157 	EXP 	polygonType: autoDraw = False
195.9157 	EXP 	textInput: autoDraw = False
195.9157 	EXP 	textBlankLoop: autoDraw = True
196.4137 	EXP 	New trial (rep=0, index=40): {'image': 'REPSWITCH1/PICTURE_199.png', 'correctAns': 'falda', 'respModal': 'speak', 'frameColor': 'darkblue', 'repSwitch': 'switch', 'sequence': 2, 'target': 'T', 'set': 2, 'block': 3, 'list': 2, 'exp_version': 2, 'stimulus': 'Stim8_Set2', 'baseline': 0, 'baseline_condition': None, 'trial_no': 41, 'psychopy_trial': 40, 'Column1': 41}
196.4155 	EXP 	textBlankLoop: autoDraw = False
196.4155 	EXP 	textBlankLoop: autoDraw = False
196.4155 	EXP 	textboxPause: autoDraw = False
196.4155 	EXP 	fixationITI: autoDraw = True
197.4318 	EXP 	fixationITI: autoDraw = False
197.4318 	EXP 	fixationITI: autoDraw = False
197.4318 	EXP 	polygonColour: fillColor = <psychopy.colors.Color: darkblue, alpha=1.0>
197.4318 	EXP 	polygonColour: borderColor = <psychopy.colors.Color: darkblue, alpha=1.0>
197.4318 	EXP 	imageObject: image = 'REPSWITCH1/PICTURE_199.png'
197.4318 	EXP 	polygonColour: autoDraw = True
197.4318 	EXP 	polygonWhite: autoDraw = True
197.4318 	EXP 	imageObject: autoDraw = True
197.4318 	EXP 	polygonType: autoDraw = True
197.4318 	EXP 	textInput: autoDraw = True
200.4561 	EXP 	polygonColour: autoDraw = False
200.4561 	EXP 	polygonWhite: autoDraw = False
200.4561 	EXP 	imageObject: autoDraw = False
200.4561 	EXP 	polygonType: autoDraw = False
200.4561 	EXP 	textInput: autoDraw = False
200.4561 	EXP 	polygonColour: autoDraw = False
200.4561 	EXP 	polygonWhite: autoDraw = False
200.4561 	EXP 	imageObject: autoDraw = False
200.4561 	EXP 	polygonType: autoDraw = False
200.4561 	EXP 	textInput: autoDraw = False
200.4561 	EXP 	textBlankLoop: autoDraw = True
200.9541 	EXP 	New trial (rep=0, index=41): {'image': 'REPSWITCH1/PICTURE_152.png', 'correctAns': 'caracol', 'respModal': 'speak', 'frameColor': 'darkblue', 'repSwitch': 'nontarget', 'sequence': 2, 'target': 'NT', 'set': 2, 'block': 3, 'list': 2, 'exp_version': 2, 'stimulus': 'Stim2_Set2', 'baseline': 1, 'baseline_condition': 'switch', 'trial_no': 42, 'psychopy_trial': 41, 'Column1': 42}
200.9591 	EXP 	textBlankLoop: autoDraw = False
200.9591 	EXP 	textboxPause: autoDraw = False
200.9591 	EXP 	fixationITI: autoDraw = True
201.9998 	EXP 	fixationITI: autoDraw = False
201.9998 	EXP 	fixationITI: autoDraw = False
201.9998 	EXP 	polygonColour: fillColor = <psychopy.colors.Color: darkblue, alpha=1.0>
201.9998 	EXP 	polygonColour: borderColor = <psychopy.colors.Color: darkblue, alpha=1.0>
201.9998 	EXP 	imageObject: image = 'REPSWITCH1/PICTURE_152.png'
201.9998 	EXP 	polygonColour: autoDraw = True
201.9998 	EXP 	polygonWhite: autoDraw = True
201.9998 	EXP 	imageObject: autoDraw = True
201.9998 	EXP 	polygonType: autoDraw = True
201.9998 	EXP 	textInput: autoDraw = True
205.0239 	EXP 	polygonColour: autoDraw = False
205.0239 	EXP 	polygonWhite: autoDraw = False
205.0239 	EXP 	imageObject: autoDraw = False
205.0239 	EXP 	polygonType: autoDraw = False
205.0239 	EXP 	textInput: autoDraw = False
205.0239 	EXP 	polygonColour: autoDraw = False
205.0239 	EXP 	polygonWhite: autoDraw = False
205.0239 	EXP 	imageObject: autoDraw = False
205.0239 	EXP 	polygonType: autoDraw = False
205.0239 	EXP 	textInput: autoDraw = False
205.0239 	EXP 	textBlankLoop: autoDraw = True
205.5217 	EXP 	New trial (rep=0, index=42): {'image': 'REPSWITCH1/PICTURE_152.png', 'correctAns': 'caracol', 'respModal': 'speak', 'frameColor': 'darkblue', 'repSwitch': 'repeat', 'sequence': 2, 'target': 'T', 'set': 2, 'block': 3, 'list': 2, 'exp_version': 2, 'stimulus': 'Stim2_Set2', 'baseline': 0, 'baseline_condition': None, 'trial_no': 43, 'psychopy_trial': 42, 'Column1': 43}
205.5237 	EXP 	textBlankLoop: autoDraw = False
205.5237 	EXP 	textboxPause: autoDraw = False
205.5237 	EXP 	fixationITI: autoDraw = True
206.6150 	EXP 	fixationITI: autoDraw = False
206.6150 	EXP 	fixationITI: autoDraw = False
206.6150 	EXP 	polygonColour: fillColor = <psychopy.colors.Color: darkblue, alpha=1.0>
206.6150 	EXP 	polygonColour: borderColor = <psychopy.colors.Color: darkblue, alpha=1.0>
206.6150 	EXP 	imageObject: image = 'REPSWITCH1/PICTURE_152.png'
206.6150 	EXP 	polygonColour: autoDraw = True
206.6150 	EXP 	polygonWhite: autoDraw = True
206.6150 	EXP 	imageObject: autoDraw = True
206.6150 	EXP 	polygonType: autoDraw = True
206.6150 	EXP 	textInput: autoDraw = True
209.6391 	EXP 	polygonColour: autoDraw = False
209.6391 	EXP 	polygonWhite: autoDraw = False
209.6391 	EXP 	imageObject: autoDraw = False
209.6391 	EXP 	polygonType: autoDraw = False
209.6391 	EXP 	textInput: autoDraw = False
209.6391 	EXP 	polygonColour: autoDraw = False
209.6391 	EXP 	polygonWhite: autoDraw = False
209.6391 	EXP 	imageObject: autoDraw = False
209.6391 	EXP 	polygonType: autoDraw = False
209.6391 	EXP 	textInput: autoDraw = False
209.6391 	EXP 	textBlankLoop: autoDraw = True
210.1372 	EXP 	New trial (rep=0, index=43): {'image': 'REPSWITCH1/PICTURE_381.png', 'correctAns': 'fresa', 'respModal': 'type', 'frameColor': 'gold', 'repSwitch': 'filler', 'sequence': 1, 'target': 'F', 'set': 2, 'block': 3, 'list': 2, 'exp_version': 2, 'stimulus': 'Stim2_Set1', 'baseline': 0, 'baseline_condition': None, 'trial_no': 44, 'psychopy_trial': 43, 'Column1': 44}
210.1389 	EXP 	textBlankLoop: autoDraw = False
210.1389 	EXP 	textBlankLoop: autoDraw = False
210.1389 	EXP 	textboxPause: autoDraw = False
210.1389 	EXP 	fixationITI: autoDraw = True
211.1580 	EXP 	fixationITI: autoDraw = False
211.1580 	EXP 	fixationITI: autoDraw = False
211.1580 	EXP 	polygonColour: fillColor = <psychopy.colors.Color: gold, alpha=1.0>
211.1580 	EXP 	polygonColour: borderColor = <psychopy.colors.Color: gold, alpha=1.0>
211.1580 	EXP 	imageObject: image = 'REPSWITCH1/PICTURE_381.png'
211.1580 	EXP 	polygonColour: autoDraw = True
211.1580 	EXP 	polygonWhite: autoDraw = True
211.1580 	EXP 	imageObject: autoDraw = True
211.1580 	EXP 	polygonType: autoDraw = True
211.1580 	EXP 	textInput: autoDraw = True
212.1223 	DATA 	Keypress: f
212.3169 	DATA 	Keypress: r
212.4278 	DATA 	Keypress: e
212.6832 	DATA 	Keypress: s
212.8414 	DATA 	Keypress: a
214.1966 	EXP 	polygonColour: autoDraw = False
214.1966 	EXP 	polygonWhite: autoDraw = False
214.1966 	EXP 	imageObject: autoDraw = False
214.1966 	EXP 	polygonType: autoDraw = False
214.1966 	EXP 	textInput: autoDraw = False
214.1966 	EXP 	polygonColour: autoDraw = False
214.1966 	EXP 	polygonWhite: autoDraw = False
214.1966 	EXP 	imageObject: autoDraw = False
214.1966 	EXP 	polygonType: autoDraw = False
214.1966 	EXP 	textInput: autoDraw = False
214.1966 	EXP 	textBlankLoop: autoDraw = True
214.6938 	EXP 	New trial (rep=0, index=44): {'image': 'REPSWITCH1/PICTURE_175.png', 'correctAns': 'pintor', 'respModal': 'speak', 'frameColor': 'darkblue', 'repSwitch': 'nontarget', 'sequence': 2, 'target': 'NT', 'set': 2, 'block': 3, 'list': 2, 'exp_version': 2, 'stimulus': 'Stim1_Set2', 'baseline': 1, 'baseline_condition': 'switch', 'trial_no': 45, 'psychopy_trial': 44, 'Column1': 45}
214.6958 	EXP 	textBlankLoop: autoDraw = False
214.6958 	EXP 	textboxPause: autoDraw = False
214.6958 	EXP 	fixationITI: autoDraw = True
215.7566 	EXP 	fixationITI: autoDraw = False
215.7566 	EXP 	fixationITI: autoDraw = False
215.7566 	EXP 	polygonColour: fillColor = <psychopy.colors.Color: darkblue, alpha=1.0>
215.7566 	EXP 	polygonColour: borderColor = <psychopy.colors.Color: darkblue, alpha=1.0>
215.7566 	EXP 	imageObject: image = 'REPSWITCH1/PICTURE_175.png'
215.7566 	EXP 	polygonColour: autoDraw = True
215.7566 	EXP 	polygonWhite: autoDraw = True
215.7566 	EXP 	imageObject: autoDraw = True
215.7566 	EXP 	polygonType: autoDraw = True
215.7566 	EXP 	textInput: autoDraw = True
218.7806 	EXP 	polygonColour: autoDraw = False
218.7806 	EXP 	polygonWhite: autoDraw = False
218.7806 	EXP 	imageObject: autoDraw = False
218.7806 	EXP 	polygonType: autoDraw = False
218.7806 	EXP 	textInput: autoDraw = False
218.7806 	EXP 	polygonColour: autoDraw = False
218.7806 	EXP 	polygonWhite: autoDraw = False
218.7806 	EXP 	imageObject: autoDraw = False
218.7806 	EXP 	polygonType: autoDraw = False
218.7806 	EXP 	textInput: autoDraw = False
218.7806 	EXP 	textBlankLoop: autoDraw = True
219.2786 	EXP 	New trial (rep=0, index=45): {'image': 'REPSWITCH1/PICTURE_175.png', 'correctAns': 'pintor', 'respModal': 'speak', 'frameColor': 'darkblue', 'repSwitch': 'repeat', 'sequence': 2, 'target': 'T', 'set': 2, 'block': 3, 'list': 2, 'exp_version': 2, 'stimulus': 'Stim1_Set2', 'baseline': 0, 'baseline_condition': None, 'trial_no': 46, 'psychopy_trial': 45, 'Column1': 46}
219.2804 	EXP 	textBlankLoop: autoDraw = False
219.2804 	EXP 	textBlankLoop: autoDraw = False
219.2804 	EXP 	textboxPause: autoDraw = False
219.2804 	EXP 	fixationITI: autoDraw = True
220.2940 	EXP 	fixationITI: autoDraw = False
220.2940 	EXP 	fixationITI: autoDraw = False
220.2940 	EXP 	polygonColour: fillColor = <psychopy.colors.Color: darkblue, alpha=1.0>
220.2940 	EXP 	polygonColour: borderColor = <psychopy.colors.Color: darkblue, alpha=1.0>
220.2940 	EXP 	imageObject: image = 'REPSWITCH1/PICTURE_175.png'
220.2940 	EXP 	polygonColour: autoDraw = True
220.2940 	EXP 	polygonWhite: autoDraw = True
220.2940 	EXP 	imageObject: autoDraw = True
220.2940 	EXP 	polygonType: autoDraw = True
220.2940 	EXP 	textInput: autoDraw = True
223.3182 	EXP 	polygonColour: autoDraw = False
223.3182 	EXP 	polygonWhite: autoDraw = False
223.3182 	EXP 	imageObject: autoDraw = False
223.3182 	EXP 	polygonType: autoDraw = False
223.3182 	EXP 	textInput: autoDraw = False
223.3182 	EXP 	polygonColour: autoDraw = False
223.3182 	EXP 	polygonWhite: autoDraw = False
223.3182 	EXP 	imageObject: autoDraw = False
223.3182 	EXP 	polygonType: autoDraw = False
223.3182 	EXP 	textInput: autoDraw = False
223.3182 	EXP 	textBlankLoop: autoDraw = True
223.8160 	EXP 	New trial (rep=0, index=46): {'image': 'REPSWITCH1/PICTURE_178.png', 'correctAns': 'puente', 'respModal': 'type', 'frameColor': 'gold', 'repSwitch': 'filler', 'sequence': 1, 'target': 'F', 'set': 2, 'block': 3, 'list': 2, 'exp_version': 2, 'stimulus': 'Stim1_Set1', 'baseline': 0, 'baseline_condition': None, 'trial_no': 47, 'psychopy_trial': 46, 'Column1': 47}
223.8179 	EXP 	textBlankLoop: autoDraw = False
223.8179 	EXP 	textBlankLoop: autoDraw = False
223.8179 	EXP 	textboxPause: autoDraw = False
223.8179 	EXP 	fixationITI: autoDraw = True
224.8485 	EXP 	fixationITI: autoDraw = False
224.8485 	EXP 	fixationITI: autoDraw = False
224.8485 	EXP 	polygonColour: fillColor = <psychopy.colors.Color: gold, alpha=1.0>
224.8485 	EXP 	polygonColour: borderColor = <psychopy.colors.Color: gold, alpha=1.0>
224.8485 	EXP 	imageObject: image = 'REPSWITCH1/PICTURE_178.png'
224.8485 	EXP 	polygonColour: autoDraw = True
224.8485 	EXP 	polygonWhite: autoDraw = True
224.8485 	EXP 	imageObject: autoDraw = True
224.8485 	EXP 	polygonType: autoDraw = True
224.8485 	EXP 	textInput: autoDraw = True
225.6264 	DATA 	Keypress: p
225.9152 	DATA 	Keypress: u
226.0094 	DATA 	Keypress: e
226.1873 	DATA 	Keypress: n
226.3316 	DATA 	Keypress: t
226.3788 	DATA 	Keypress: e
227.8693 	EXP 	polygonColour: autoDraw = False
227.8693 	EXP 	polygonWhite: autoDraw = False
227.8693 	EXP 	imageObject: autoDraw = False
227.8693 	EXP 	polygonType: autoDraw = False
227.8693 	EXP 	textInput: autoDraw = False
227.8693 	EXP 	textBlankLoop: autoDraw = True
228.3674 	EXP 	New trial (rep=0, index=47): {'image': 'REPSWITCH1/PICTURE_19.png', 'correctAns': 'pavo', 'respModal': 'speak', 'frameColor': 'darkblue', 'repSwitch': 'filler', 'sequence': 2, 'target': 'F', 'set': 2, 'block': 3, 'list': 2, 'exp_version': 2, 'stimulus': 'Stim5_Set1', 'baseline': 0, 'baseline_condition': None, 'trial_no': 48, 'psychopy_trial': 47, 'Column1': 48}
228.3692 	EXP 	textBlankLoop: autoDraw = False
228.3692 	EXP 	textBlankLoop: autoDraw = False
228.3692 	EXP 	textboxPause: autoDraw = False
228.3692 	EXP 	fixationITI: autoDraw = True
229.4862 	EXP 	fixationITI: autoDraw = False
229.4862 	EXP 	fixationITI: autoDraw = False
229.4862 	EXP 	polygonColour: fillColor = <psychopy.colors.Color: darkblue, alpha=1.0>
229.4862 	EXP 	polygonColour: borderColor = <psychopy.colors.Color: darkblue, alpha=1.0>
229.4862 	EXP 	imageObject: image = 'REPSWITCH1/PICTURE_19.png'
229.4862 	EXP 	polygonColour: autoDraw = True
229.4862 	EXP 	polygonWhite: autoDraw = True
229.4862 	EXP 	imageObject: autoDraw = True
229.4862 	EXP 	polygonType: autoDraw = True
229.4862 	EXP 	textInput: autoDraw = True
232.5039 	EXP 	polygonColour: autoDraw = False
232.5039 	EXP 	polygonWhite: autoDraw = False
232.5039 	EXP 	imageObject: autoDraw = False
232.5039 	EXP 	polygonType: autoDraw = False
232.5039 	EXP 	textInput: autoDraw = False
232.5039 	EXP 	textBlankLoop: autoDraw = True
233.0025 	EXP 	New trial (rep=0, index=48): {'image': 'REPSWITCH1/PICTURE_264.png', 'correctAns': 'mano', 'respModal': 'speak', 'frameColor': 'darkblue', 'repSwitch': 'nontarget', 'sequence': 2, 'target': 'NT', 'set': 2, 'block': 3, 'list': 2, 'exp_version': 2, 'stimulus': 'Stim3_Set2', 'baseline': 1, 'baseline_condition': 'repeat', 'trial_no': 49, 'psychopy_trial': 48, 'Column1': 49}
233.0065 	EXP 	textBlankLoop: autoDraw = False
233.0065 	EXP 	textBlankLoop: autoDraw = False
233.0065 	EXP 	textboxPause: autoDraw = False
233.0065 	EXP 	fixationITI: autoDraw = True
234.0619 	EXP 	fixationITI: autoDraw = False
234.0619 	EXP 	fixationITI: autoDraw = False
234.0619 	EXP 	polygonColour: fillColor = <psychopy.colors.Color: darkblue, alpha=1.0>
234.0619 	EXP 	polygonColour: borderColor = <psychopy.colors.Color: darkblue, alpha=1.0>
234.0619 	EXP 	imageObject: image = 'REPSWITCH1/PICTURE_264.png'
234.0619 	EXP 	polygonColour: autoDraw = True
234.0619 	EXP 	polygonWhite: autoDraw = True
234.0619 	EXP 	imageObject: autoDraw = True
234.0619 	EXP 	polygonType: autoDraw = True
234.0619 	EXP 	textInput: autoDraw = True
237.0977 	EXP 	polygonColour: autoDraw = False
237.0977 	EXP 	polygonWhite: autoDraw = False
237.0977 	EXP 	imageObject: autoDraw = False
237.0977 	EXP 	polygonType: autoDraw = False
237.0977 	EXP 	textInput: autoDraw = False
237.0977 	EXP 	polygonColour: autoDraw = False
237.0977 	EXP 	polygonWhite: autoDraw = False
237.0977 	EXP 	imageObject: autoDraw = False
237.0977 	EXP 	polygonType: autoDraw = False
237.0977 	EXP 	textInput: autoDraw = False
237.0977 	EXP 	textBlankLoop: autoDraw = True
237.5951 	EXP 	New trial (rep=0, index=49): {'image': 'REPSWITCH1/PICTURE_264.png', 'correctAns': 'mano', 'respModal': 'type', 'frameColor': 'gold', 'repSwitch': 'switch', 'sequence': 1, 'target': 'T', 'set': 2, 'block': 3, 'list': 2, 'exp_version': 2, 'stimulus': 'Stim3_Set2', 'baseline': 0, 'baseline_condition': None, 'trial_no': 50, 'psychopy_trial': 49, 'Column1': 50}
237.5968 	EXP 	textBlankLoop: autoDraw = False
237.5968 	EXP 	textboxPause: autoDraw = False
237.5968 	EXP 	fixationITI: autoDraw = True
238.6521 	EXP 	fixationITI: autoDraw = False
238.6521 	EXP 	fixationITI: autoDraw = False
238.6521 	EXP 	polygonColour: fillColor = <psychopy.colors.Color: gold, alpha=1.0>
238.6521 	EXP 	polygonColour: borderColor = <psychopy.colors.Color: gold, alpha=1.0>
238.6521 	EXP 	imageObject: image = 'REPSWITCH1/PICTURE_264.png'
238.6521 	EXP 	polygonColour: autoDraw = True
238.6521 	EXP 	polygonWhite: autoDraw = True
238.6521 	EXP 	imageObject: autoDraw = True
238.6521 	EXP 	polygonType: autoDraw = True
238.6521 	EXP 	textInput: autoDraw = True
239.8997 	DATA 	Keypress: m
239.9774 	DATA 	Keypress: a
240.1218 	DATA 	Keypress: n
240.7965 	DATA 	Keypress: o
241.6763 	EXP 	polygonColour: autoDraw = False
241.6763 	EXP 	polygonWhite: autoDraw = False
241.6763 	EXP 	imageObject: autoDraw = False
241.6763 	EXP 	polygonType: autoDraw = False
241.6763 	EXP 	textInput: autoDraw = False
241.6763 	EXP 	polygonColour: autoDraw = False
241.6763 	EXP 	polygonWhite: autoDraw = False
241.6763 	EXP 	imageObject: autoDraw = False
241.6763 	EXP 	polygonType: autoDraw = False
241.6763 	EXP 	textInput: autoDraw = False
241.6763 	EXP 	textBlankLoop: autoDraw = True
242.1740 	EXP 	New trial (rep=0, index=50): {'image': 'REPSWITCH1/PICTURE_446.png', 'correctAns': 'cerdo', 'respModal': 'type', 'frameColor': 'gold', 'repSwitch': 'filler', 'sequence': 1, 'target': 'F', 'set': 3, 'block': 3, 'list': 2, 'exp_version': 2, 'stimulus': 'Stim7_Set2', 'baseline': 0, 'baseline_condition': None, 'trial_no': 51, 'psychopy_trial': 50, 'Column1': 51}
242.1759 	EXP 	textBlankLoop: autoDraw = False
242.1759 	EXP 	textboxPause: autoDraw = False
242.1759 	EXP 	fixationITI: autoDraw = True
243.2589 	EXP 	fixationITI: autoDraw = False
243.2589 	EXP 	fixationITI: autoDraw = False
243.2589 	EXP 	polygonColour: fillColor = <psychopy.colors.Color: gold, alpha=1.0>
243.2589 	EXP 	polygonColour: borderColor = <psychopy.colors.Color: gold, alpha=1.0>
243.2589 	EXP 	imageObject: image = 'REPSWITCH1/PICTURE_446.png'
243.2589 	EXP 	polygonColour: autoDraw = True
243.2589 	EXP 	polygonWhite: autoDraw = True
243.2589 	EXP 	imageObject: autoDraw = True
243.2589 	EXP 	polygonType: autoDraw = True
243.2589 	EXP 	textInput: autoDraw = True
244.3316 	DATA 	Keypress: c
244.5536 	DATA 	Keypress: e
244.6675 	DATA 	Keypress: r
244.8897 	DATA 	Keypress: d
245.0033 	DATA 	Keypress: o
246.2829 	EXP 	polygonColour: autoDraw = False
246.2829 	EXP 	polygonWhite: autoDraw = False
246.2829 	EXP 	imageObject: autoDraw = False
246.2829 	EXP 	polygonType: autoDraw = False
246.2829 	EXP 	textInput: autoDraw = False
246.2829 	EXP 	polygonColour: autoDraw = False
246.2829 	EXP 	polygonWhite: autoDraw = False
246.2829 	EXP 	imageObject: autoDraw = False
246.2829 	EXP 	polygonType: autoDraw = False
246.2829 	EXP 	textInput: autoDraw = False
246.2829 	EXP 	textBlankLoop: autoDraw = True
246.7826 	EXP 	textBlankLoop: autoDraw = False
246.7826 	EXP 	textBlankLoop: autoDraw = False
246.7826 	EXP 	textboxPause: autoDraw = True
250.0443 	DATA 	Keypress: escape
250.3642 	EXP 	window1: mouseVisible = True
