14.2904 	EXP 	Created window1 = Window(allowGUI=True, allowStencil=False, autoLog=True, backendConf=UNKNOWN, bitsMode=UNKNOWN, blendMode='avg', bpc=(8, 8, 8), color=array([0, 0, 0]), colorSpace='rgb', depthBits=8, fullscr=<method-wrapper '__getattribute__' of attributeSetter object at 0x0000025762E3A730>, gamma=None, gammaErrorPolicy='raise', lms=UNKNOWN, monitor=<psychopy.monitors.calibTools.Monitor object at 0x0000025764DE5310>, multiSample=False, name='window1', numSamples=2, pos=(192, 108), screen=0, size=array([1536,  864]), stencilBits=0, stereo=False, units='height', useFBO=True, useRetina=False, viewOri=0.0, viewPos=None, viewScale=None, waitBlanking=True, winType='pyglet')
14.2905 	EXP 	window1: mouseVisible = True
14.2905 	EXP 	window1: mouseVisible = True
14.2905 	EXP 	window1: Attempting to measure frame rate of screen (0) ...
14.2905 	EXP 	window1: recordFrameIntervals = False
14.4564 	EXP 	window1: recordFrameIntervals = True
14.6396 	EXP 	Screen (0) actual frame rate measured at 60.04Hz
14.6396 	EXP 	window1: recordFrameIntervals = False
14.7582 	WARNING 	launchHubServer: If using the iohub mouse or eyetracker devices, fullScr should be True.
19.3567 	EXP 	Created textWelcome = TextStim(__class__=<class 'psychopy.visual.text.TextStim'>, alignHoriz=method-wrapper(...), alignText='center', alignVert=method-wrapper(...), anchorHoriz='center', anchorVert='center', antialias=True, autoDraw=False, autoLog=True, bold=False, color=array([1, 1, 1]), colorSpace='rgb', contrast=1.0, depth=0.0, flipHoriz=False, flipVert=False, font='Open Sans', fontFiles=[], height=0.04, italic=False, languageStyle='LTR', name='textWelcome', opacity=1.0, ori=0.0, pos=array([0., 0.]), rgb=UNKNOWN, text='¡Ahora vamos a comenzar con el experimento!', units='height', win=Window(...), wrapWidth=1)
19.3592 	EXP 	Created textBlank500 = TextStim(__class__=<class 'psychopy.visual.text.TextStim'>, alignHoriz=method-wrapper(...), alignText='center', alignVert=method-wrapper(...), anchorHoriz='center', anchorVert='center', antialias=True, autoDraw=False, autoLog=True, bold=False, color=array([1, 1, 1]), colorSpace='rgb', contrast=1.0, depth=0.0, flipHoriz=False, flipVert=False, font='Open Sans', fontFiles=[], height=0.05, italic=False, languageStyle='LTR', name='textBlank500', opacity=1.0, ori=0.0, pos=array([0., 0.]), rgb=UNKNOWN, text='', units='height', win=Window(...), wrapWidth=1)
20.2010 	EXP 	Created textBlank500 = TextStim(__class__=<class 'psychopy.visual.text.TextStim'>, alignHoriz=method-wrapper(...), alignText='center', alignVert=method-wrapper(...), anchorHoriz='center', anchorVert='center', antialias=True, autoDraw=False, autoLog=True, bold=False, color=array([1, 1, 1]), colorSpace='rgb', contrast=1.0, depth=0.0, flipHoriz=False, flipVert=False, font='Open Sans', fontFiles=[], height=0.05, italic=False, languageStyle='LTR', name='textBlank500', opacity=1.0, ori=0.0, pos=array([0., 0.]), rgb=UNKNOWN, text='', units='height', win=Window(...), wrapWidth=1)
20.2102 	EXP 	Created fixationITI = ShapeStim(__class__=<class 'psychopy.visual.shape.ShapeStim'>, anchor=('center', 'center'), autoDraw=False, autoLog=True, closeShape=True, color=method-wrapper(...), colorSpace='rgb', contrast=None, depth=0.0, fillColor=array([1, 1, 1]), fillColorSpace='rgb', fillRGB=array([1, 1, 1]), interpolate=True, lineColor=array([1, 1, 1]), lineColorSpace='rgb', lineRGB=array([1, 1, 1]), lineWidth=1.0, name='fixationITI', opacity=1.0, ori=0.0, pos=array([0., 0.]), size=array([0.1, 0.1]), units='height', vertices=ndarray(...), win=Window(...), windingRule=None)
20.2120 	EXP 	Created polygonColour = Rect(__class__=<class 'psychopy.visual.rect.Rect'>, anchor=('center', 'center'), autoDraw=False, autoLog=True, closeShape=True, color=method-wrapper(...), colorSpace='rgb', contrast=None, depth=0.0, fillColor=array([1, 1, 1]), fillColorSpace='rgb', fillRGB=array([1, 1, 1]), interpolate=True, lineColor=array([1, 1, 1]), lineColorSpace='rgb', lineRGB=array([1, 1, 1]), lineWidth=1.0, name='polygonColour', opacity=1.0, ori=0.0, pos=array([0., 0.]), size=array([0.55, 0.55]), units='height', vertices=ndarray(...), win=Window(...))
20.2140 	EXP 	Created polygonWhite = Rect(__class__=<class 'psychopy.visual.rect.Rect'>, anchor=('center', 'center'), autoDraw=False, autoLog=True, closeShape=True, color=method-wrapper(...), colorSpace='rgb', contrast=None, depth=-1.0, fillColor=array([1, 1, 1]), fillColorSpace='rgb', fillRGB=array([1, 1, 1]), interpolate=True, lineColor=array([1, 1, 1]), lineColorSpace='rgb', lineRGB=array([1, 1, 1]), lineWidth=1.0, name='polygonWhite', opacity=1.0, ori=0.0, pos=array([0., 0.]), size=array([0.5, 0.5]), units='height', vertices=ndarray(...), win=Window(...))
20.4153 	EXP 	Created imageObject = ImageStim(__class__=<class 'psychopy.visual.image.ImageStim'>, anchor=('center', 'center'), autoLog=True, color=array([1, 1, 1]), colorSpace='rgb', contrast=1.0, depth=-2.0, flipHoriz=False, flipVert=False, image='sin', interpolate=True, mask=None, maskParams=None, name='imageObject', opacity=1.0, ori=0.0, pos=array([0., 0.]), size=array([0.5, 0.5]), texRes=128.0, units='height', win=Window(...))
20.4166 	EXP 	Created polygonType = Rect(__class__=<class 'psychopy.visual.rect.Rect'>, anchor=('center', 'center'), autoDraw=False, autoLog=True, closeShape=True, color=method-wrapper(...), colorSpace='rgb', contrast=None, depth=-3.0, fillColor=array([0.9216, 0.9216, 0.9216]), fillColorSpace='rgb', fillRGB=array([0.9216, 0.9216, 0.9216]), interpolate=True, lineColor=array([0.9216, 0.9216, 0.9216]), lineColorSpace='rgb', lineRGB=array([0.9216, 0.9216, 0.9216]), lineWidth=1.0, name='polygonType', opacity=1.0, ori=0.0, pos=array([0., 0.]), size=array([0.3, 0.1]), units='height', vertices=ndarray(...), win=Window(...))
20.4172 	EXP 	Created textInput = TextStim(__class__=<class 'psychopy.visual.text.TextStim'>, alignHoriz=method-wrapper(...), alignText='center', alignVert=method-wrapper(...), anchorHoriz='center', anchorVert='center', antialias=True, autoDraw=False, autoLog=True, bold=False, color=array([-1., -1., -1.]), colorSpace='rgb', contrast=1.0, depth=-4.0, flipHoriz=False, flipVert=False, font='Open Sans', fontFiles=[], height=0.05, italic=False, languageStyle='LTR', name='textInput', opacity=1.0, ori=0.0, pos=array([0., 0.]), rgb=UNKNOWN, text='', units='height', win=Window(...), wrapWidth=1)
21.9371 	EXP 	Created textBlank500 = TextStim(__class__=<class 'psychopy.visual.text.TextStim'>, alignHoriz=method-wrapper(...), alignText='center', alignVert=method-wrapper(...), anchorHoriz='center', anchorVert='center', antialias=True, autoDraw=False, autoLog=True, bold=False, color=array([1, 1, 1]), colorSpace='rgb', contrast=1.0, depth=0.0, flipHoriz=False, flipVert=False, font='Open Sans', fontFiles=[], height=0.05, italic=False, languageStyle='LTR', name='textBlank500', opacity=1.0, ori=0.0, pos=array([0., 0.]), rgb=UNKNOWN, text='', units='height', win=Window(...), wrapWidth=1)
21.9586 	EXP 	Created textBlank500 = TextStim(__class__=<class 'psychopy.visual.text.TextStim'>, alignHoriz=method-wrapper(...), alignText='center', alignVert=method-wrapper(...), anchorHoriz='center', anchorVert='center', antialias=True, autoDraw=False, autoLog=True, bold=False, color=array([1, 1, 1]), colorSpace='rgb', contrast=1.0, depth=0.0, flipHoriz=False, flipVert=False, font='Open Sans', fontFiles=[], height=0.05, italic=False, languageStyle='LTR', name='textBlank500', opacity=1.0, ori=0.0, pos=array([0., 0.]), rgb=UNKNOWN, text='', units='height', win=Window(...), wrapWidth=1)
21.9944 	DATA 	Keypress: lwindows
22.0062 	EXP 	textboxInstrMain1: autoLog = True
22.0062 	EXP 	textboxInstrMain1_2: autoLog = True
22.0062 	EXP 	textboxInstrMain1_3: autoLog = True
22.0062 	EXP 	textboxInstrMain2: autoLog = True
22.0062 	EXP 	textboxInstrMain2_2: autoLog = True
22.0062 	EXP 	textboxInstrMain2_3: autoLog = True
22.0062 	EXP 	textboxInstrMain2_4: autoLog = True
22.0062 	EXP 	textboxInstrMain2_5: autoLog = True
22.0062 	EXP 	textboxInstrMain2_6: autoLog = True
22.0062 	EXP 	textboxInstrMain2_7: autoLog = True
22.0062 	EXP 	textboxInstrMain2_8: autoLog = True
22.0062 	EXP 	textboxInstrMain2_9: autoLog = True
22.0062 	EXP 	textboxInstrMain2_10: autoLog = True
22.0062 	EXP 	textboxInstrMain2_11: autoLog = True
22.0062 	EXP 	textboxInstrMain2_12: autoLog = True
22.0062 	EXP 	textboxPause: autoLog = True
22.0062 	EXP 	textboxGoodbye: autoLog = True
22.0062 	EXP 	textWelcome: autoDraw = True
24.5067 	EXP 	textWelcome: autoDraw = False
24.5067 	EXP 	textBlank500: autoDraw = True
25.0191 	EXP 	textBlank500: autoDraw = False
25.0191 	EXP 	textboxInstrMain1: autoDraw = True
25.0191 	EXP 	textboxInstrMain1_2: autoDraw = True
25.0191 	EXP 	textboxInstrMain1_3: autoDraw = True
26.5849 	EXP 	textboxInstrMain1: autoDraw = False
26.5849 	EXP 	textboxInstrMain1_2: autoDraw = False
26.5849 	EXP 	textboxInstrMain1_3: autoDraw = False
26.5849 	EXP 	textboxInstrMain2: autoDraw = True
26.5849 	EXP 	textboxInstrMain2_2: autoDraw = True
26.5849 	EXP 	textboxInstrMain2_3: autoDraw = True
26.5849 	EXP 	textboxInstrMain2_4: autoDraw = True
26.5849 	EXP 	textboxInstrMain2_5: autoDraw = True
26.5849 	EXP 	textboxInstrMain2_6: autoDraw = True
26.5849 	EXP 	textboxInstrMain2_7: autoDraw = True
26.5849 	EXP 	textboxInstrMain2_8: autoDraw = True
26.5849 	EXP 	textboxInstrMain2_9: autoDraw = True
26.5849 	EXP 	textboxInstrMain2_10: autoDraw = True
26.5849 	EXP 	textboxInstrMain2_11: autoDraw = True
26.5849 	EXP 	textboxInstrMain2_12: autoDraw = True
32.2832 	EXP 	textboxInstrMain2: autoDraw = False
32.2832 	EXP 	textboxInstrMain2_2: autoDraw = False
32.2832 	EXP 	textboxInstrMain2_3: autoDraw = False
32.2832 	EXP 	textboxInstrMain2_4: autoDraw = False
32.2832 	EXP 	textboxInstrMain2_5: autoDraw = False
32.2832 	EXP 	textboxInstrMain2_6: autoDraw = False
32.2832 	EXP 	textboxInstrMain2_7: autoDraw = False
32.2832 	EXP 	textboxInstrMain2_8: autoDraw = False
32.2832 	EXP 	textboxInstrMain2_9: autoDraw = False
32.2832 	EXP 	textboxInstrMain2_10: autoDraw = False
32.2832 	EXP 	textboxInstrMain2_11: autoDraw = False
32.2832 	EXP 	textboxInstrMain2_12: autoDraw = False
32.2832 	EXP 	textBlank500: autoDraw = True
33.0547 	EXP 	Imported repswitch.xlsx as conditions, 384 conditions, 11 params
33.0907 	EXP 	Created sequence: sequential, trialTypes=384, nReps=1, seed=None
33.0913 	EXP 	New trial (rep=0, index=0): {'image': 'REPSWITCH1/PICTURE_178.png', 'correctAns': 'puente', 'respModal': 'speak', 'frameColor': 'gold', 'repSwitch': 'nontarget', 'sequence': 2, 'target': 'NT', 'set': 1, 'stimulus': 'Stim1_Set1', 'order': 1, 'psychopy_order': 0}
33.1165 	EXP 	textBlank500: autoDraw = False
33.1165 	EXP 	fixationITI: autoDraw = True
34.7344 	EXP 	fixationITI: autoDraw = False
34.7344 	EXP 	fixationITI: autoDraw = False
34.7344 	EXP 	polygonColour: fillColor = <psychopy.colors.Color: gold, alpha=1.0>
34.7344 	EXP 	polygonColour: borderColor = <psychopy.colors.Color: gold, alpha=1.0>
34.7344 	EXP 	imageObject: image = 'REPSWITCH1/PICTURE_178.png'
34.7344 	EXP 	polygonColour: autoDraw = True
34.7344 	EXP 	polygonWhite: autoDraw = True
34.7344 	EXP 	imageObject: autoDraw = True
34.7344 	EXP 	polygonType: autoDraw = True
34.7344 	EXP 	textInput: autoDraw = True
34.7344 	EXP 	textInput: height = 0.05
34.7344 	EXP 	textInput: height = 0.05
34.7344 	EXP 	textInput: height = 0.05
34.7344 	EXP 	textInput: text = ''
38.2651 	EXP 	polygonColour: autoDraw = False
38.2651 	EXP 	polygonWhite: autoDraw = False
38.2651 	EXP 	imageObject: autoDraw = False
38.2651 	EXP 	polygonType: autoDraw = False
38.2651 	EXP 	textInput: autoDraw = False
38.2651 	EXP 	textBlank500: autoDraw = True
38.7425 	EXP 	New trial (rep=0, index=1): {'image': 'REPSWITCH1/PICTURE_178.png', 'correctAns': 'puente', 'respModal': 'speak', 'frameColor': 'gold', 'repSwitch': 'repeat', 'sequence': 2, 'target': 'T', 'set': 1, 'stimulus': 'Stim1_Set1', 'order': 2, 'psychopy_order': 1}
38.7556 	EXP 	textBlank500: autoDraw = False
38.7556 	EXP 	textboxPause: autoDraw = False
38.7556 	EXP 	fixationITI: autoDraw = True
39.9161 	EXP 	fixationITI: autoDraw = False
39.9161 	EXP 	fixationITI: autoDraw = False
39.9161 	EXP 	polygonColour: fillColor = <psychopy.colors.Color: gold, alpha=1.0>
39.9161 	EXP 	polygonColour: borderColor = <psychopy.colors.Color: gold, alpha=1.0>
39.9161 	EXP 	imageObject: image = 'REPSWITCH1/PICTURE_178.png'
39.9161 	EXP 	polygonColour: autoDraw = True
39.9161 	EXP 	polygonWhite: autoDraw = True
39.9161 	EXP 	imageObject: autoDraw = True
39.9161 	EXP 	polygonType: autoDraw = True
39.9161 	EXP 	textInput: autoDraw = True
42.9977 	EXP 	polygonColour: autoDraw = False
42.9977 	EXP 	polygonWhite: autoDraw = False
42.9977 	EXP 	imageObject: autoDraw = False
42.9977 	EXP 	polygonType: autoDraw = False
42.9977 	EXP 	textInput: autoDraw = False
42.9977 	EXP 	textBlank500: autoDraw = True
43.4887 	EXP 	New trial (rep=0, index=2): {'image': 'REPSWITCH1/PICTURE_319.png', 'correctAns': 'vaca', 'respModal': 'type', 'frameColor': 'darkblue', 'repSwitch': 'filler', 'sequence': 1, 'target': 'F', 'set': 1, 'stimulus': 'Stim1_Set4', 'order': 3, 'psychopy_order': 2}
43.5023 	EXP 	textBlank500: autoDraw = False
43.5023 	EXP 	textboxPause: autoDraw = False
43.5023 	EXP 	fixationITI: autoDraw = True
44.6985 	EXP 	fixationITI: autoDraw = False
44.6985 	EXP 	fixationITI: autoDraw = False
44.6985 	EXP 	polygonColour: fillColor = <psychopy.colors.Color: darkblue, alpha=1.0>
44.6985 	EXP 	polygonColour: borderColor = <psychopy.colors.Color: darkblue, alpha=1.0>
44.6985 	EXP 	imageObject: image = 'REPSWITCH1/PICTURE_319.png'
44.6985 	EXP 	polygonColour: autoDraw = True
44.6985 	EXP 	polygonWhite: autoDraw = True
44.6985 	EXP 	imageObject: autoDraw = True
44.6985 	EXP 	polygonType: autoDraw = True
44.6985 	EXP 	textInput: autoDraw = True
47.9167 	EXP 	polygonColour: autoDraw = False
47.9167 	EXP 	polygonWhite: autoDraw = False
47.9167 	EXP 	imageObject: autoDraw = False
47.9167 	EXP 	polygonType: autoDraw = False
47.9167 	EXP 	textInput: autoDraw = False
47.9167 	EXP 	textBlank500: autoDraw = True
48.4058 	EXP 	New trial (rep=0, index=3): {'image': 'REPSWITCH1/PICTURE_142.png', 'correctAns': 'vaso', 'respModal': 'speak', 'frameColor': 'gold', 'repSwitch': 'nontarget', 'sequence': 2, 'target': 'NT', 'set': 1, 'stimulus': 'Stim2_Set1', 'order': 4, 'psychopy_order': 3}
48.4197 	EXP 	textBlank500: autoDraw = False
48.4197 	EXP 	textboxPause: autoDraw = False
48.4197 	EXP 	fixationITI: autoDraw = True
49.9306 	EXP 	fixationITI: autoDraw = False
49.9306 	EXP 	fixationITI: autoDraw = False
49.9306 	EXP 	polygonColour: fillColor = <psychopy.colors.Color: gold, alpha=1.0>
49.9306 	EXP 	polygonColour: borderColor = <psychopy.colors.Color: gold, alpha=1.0>
49.9306 	EXP 	imageObject: image = 'REPSWITCH1/PICTURE_142.png'
49.9306 	EXP 	polygonColour: autoDraw = True
49.9306 	EXP 	polygonWhite: autoDraw = True
49.9306 	EXP 	imageObject: autoDraw = True
49.9306 	EXP 	polygonType: autoDraw = True
49.9306 	EXP 	textInput: autoDraw = True
53.1332 	EXP 	polygonColour: autoDraw = False
53.1332 	EXP 	polygonWhite: autoDraw = False
53.1332 	EXP 	imageObject: autoDraw = False
53.1332 	EXP 	polygonType: autoDraw = False
53.1332 	EXP 	textInput: autoDraw = False
53.1332 	EXP 	textBlank500: autoDraw = True
53.6235 	EXP 	New trial (rep=0, index=4): {'image': 'REPSWITCH1/PICTURE_142.png', 'correctAns': 'vaso', 'respModal': 'speak', 'frameColor': 'gold', 'repSwitch': 'repeat', 'sequence': 2, 'target': 'T', 'set': 1, 'stimulus': 'Stim2_Set1', 'order': 5, 'psychopy_order': 4}
53.6474 	EXP 	textBlank500: autoDraw = False
53.6474 	EXP 	textboxPause: autoDraw = False
53.6474 	EXP 	fixationITI: autoDraw = True
54.7797 	EXP 	fixationITI: autoDraw = False
54.7797 	EXP 	fixationITI: autoDraw = False
54.7797 	EXP 	polygonColour: fillColor = <psychopy.colors.Color: gold, alpha=1.0>
54.7797 	EXP 	polygonColour: borderColor = <psychopy.colors.Color: gold, alpha=1.0>
54.7797 	EXP 	imageObject: image = 'REPSWITCH1/PICTURE_142.png'
54.7797 	EXP 	polygonColour: autoDraw = True
54.7797 	EXP 	polygonWhite: autoDraw = True
54.7797 	EXP 	imageObject: autoDraw = True
54.7797 	EXP 	polygonType: autoDraw = True
54.7797 	EXP 	textInput: autoDraw = True
58.0441 	EXP 	polygonColour: autoDraw = False
58.0441 	EXP 	polygonWhite: autoDraw = False
58.0441 	EXP 	imageObject: autoDraw = False
58.0441 	EXP 	polygonType: autoDraw = False
58.0441 	EXP 	textInput: autoDraw = False
58.0441 	EXP 	textBlank500: autoDraw = True
58.5380 	EXP 	New trial (rep=0, index=5): {'image': 'REPSWITCH1/PICTURE_719.png', 'correctAns': 'baño', 'respModal': 'type', 'frameColor': 'darkblue', 'repSwitch': 'filler', 'sequence': 1, 'target': 'F', 'set': 1, 'stimulus': 'Stim2_Set4', 'order': 6, 'psychopy_order': 5}
58.5506 	EXP 	textBlank500: autoDraw = False
58.5506 	EXP 	textboxPause: autoDraw = False
58.5506 	EXP 	fixationITI: autoDraw = True
59.9309 	EXP 	fixationITI: autoDraw = False
59.9309 	EXP 	fixationITI: autoDraw = False
59.9309 	EXP 	polygonColour: fillColor = <psychopy.colors.Color: darkblue, alpha=1.0>
59.9309 	EXP 	polygonColour: borderColor = <psychopy.colors.Color: darkblue, alpha=1.0>
59.9309 	EXP 	imageObject: image = 'REPSWITCH1/PICTURE_719.png'
59.9309 	EXP 	polygonColour: autoDraw = True
59.9309 	EXP 	polygonWhite: autoDraw = True
59.9309 	EXP 	imageObject: autoDraw = True
59.9309 	EXP 	polygonType: autoDraw = True
59.9309 	EXP 	textInput: autoDraw = True
62.8126 	EXP 	polygonColour: autoDraw = False
62.8126 	EXP 	polygonWhite: autoDraw = False
62.8126 	EXP 	imageObject: autoDraw = False
62.8126 	EXP 	polygonType: autoDraw = False
62.8126 	EXP 	textInput: autoDraw = False
62.8126 	EXP 	textBlank500: autoDraw = True
63.3157 	EXP 	New trial (rep=0, index=6): {'image': 'REPSWITCH1/PICTURE_135.png', 'correctAns': 'traje', 'respModal': 'speak', 'frameColor': 'gold', 'repSwitch': 'nontarget', 'sequence': 2, 'target': 'NT', 'set': 1, 'stimulus': 'Stim3_Set1', 'order': 7, 'psychopy_order': 6}
63.3379 	EXP 	textBlank500: autoDraw = False
63.3379 	EXP 	textboxPause: autoDraw = False
63.3379 	EXP 	fixationITI: autoDraw = True
64.6640 	EXP 	fixationITI: autoDraw = False
64.6640 	EXP 	fixationITI: autoDraw = False
64.6640 	EXP 	polygonColour: fillColor = <psychopy.colors.Color: gold, alpha=1.0>
64.6640 	EXP 	polygonColour: borderColor = <psychopy.colors.Color: gold, alpha=1.0>
64.6640 	EXP 	imageObject: image = 'REPSWITCH1/PICTURE_135.png'
64.6640 	EXP 	polygonColour: autoDraw = True
64.6640 	EXP 	polygonWhite: autoDraw = True
64.6640 	EXP 	imageObject: autoDraw = True
64.6640 	EXP 	polygonType: autoDraw = True
64.6640 	EXP 	textInput: autoDraw = True
67.7611 	EXP 	polygonColour: autoDraw = False
67.7611 	EXP 	polygonWhite: autoDraw = False
67.7611 	EXP 	imageObject: autoDraw = False
67.7611 	EXP 	polygonType: autoDraw = False
67.7611 	EXP 	textInput: autoDraw = False
67.7611 	EXP 	textBlank500: autoDraw = True
68.2544 	EXP 	New trial (rep=0, index=7): {'image': 'REPSWITCH1/PICTURE_135.png', 'correctAns': 'traje', 'respModal': 'type', 'frameColor': 'darkblue', 'repSwitch': 'switch', 'sequence': 1, 'target': 'T', 'set': 1, 'stimulus': 'Stim3_Set1', 'order': 8, 'psychopy_order': 7}
68.2769 	EXP 	textBlank500: autoDraw = False
68.2769 	EXP 	textboxPause: autoDraw = False
68.2769 	EXP 	fixationITI: autoDraw = True
69.4293 	EXP 	fixationITI: autoDraw = False
69.4293 	EXP 	fixationITI: autoDraw = False
69.4293 	EXP 	polygonColour: fillColor = <psychopy.colors.Color: darkblue, alpha=1.0>
69.4293 	EXP 	polygonColour: borderColor = <psychopy.colors.Color: darkblue, alpha=1.0>
69.4293 	EXP 	imageObject: image = 'REPSWITCH1/PICTURE_135.png'
69.4293 	EXP 	polygonColour: autoDraw = True
69.4293 	EXP 	polygonWhite: autoDraw = True
69.4293 	EXP 	imageObject: autoDraw = True
69.4293 	EXP 	polygonType: autoDraw = True
69.4293 	EXP 	textInput: autoDraw = True
72.5931 	EXP 	polygonColour: autoDraw = False
72.5931 	EXP 	polygonWhite: autoDraw = False
72.5931 	EXP 	imageObject: autoDraw = False
72.5931 	EXP 	polygonType: autoDraw = False
72.5931 	EXP 	textInput: autoDraw = False
72.5931 	EXP 	polygonColour: autoDraw = False
72.5931 	EXP 	polygonWhite: autoDraw = False
72.5931 	EXP 	imageObject: autoDraw = False
72.5931 	EXP 	polygonType: autoDraw = False
72.5931 	EXP 	textInput: autoDraw = False
72.5931 	EXP 	textBlank500: autoDraw = True
73.0843 	EXP 	New trial (rep=0, index=8): {'image': 'REPSWITCH1/PICTURE_128.png', 'correctAns': 'muñeca', 'respModal': 'type', 'frameColor': 'darkblue', 'repSwitch': 'nontarget', 'sequence': 1, 'target': 'NT', 'set': 1, 'stimulus': 'Stim4_Set1', 'order': 9, 'psychopy_order': 8}
73.0997 	EXP 	textBlank500: autoDraw = False
73.0997 	EXP 	textBlank500: autoDraw = False
73.0997 	EXP 	textboxPause: autoDraw = False
73.0997 	EXP 	fixationITI: autoDraw = True
74.8942 	EXP 	fixationITI: autoDraw = False
74.8942 	EXP 	fixationITI: autoDraw = False
74.8942 	EXP 	polygonColour: fillColor = <psychopy.colors.Color: darkblue, alpha=1.0>
74.8942 	EXP 	polygonColour: borderColor = <psychopy.colors.Color: darkblue, alpha=1.0>
74.8942 	EXP 	imageObject: image = 'REPSWITCH1/PICTURE_128.png'
74.8942 	EXP 	polygonColour: autoDraw = True
74.8942 	EXP 	polygonWhite: autoDraw = True
74.8942 	EXP 	imageObject: autoDraw = True
74.8942 	EXP 	polygonType: autoDraw = True
74.8942 	EXP 	textInput: autoDraw = True
77.6748 	EXP 	polygonColour: autoDraw = False
77.6748 	EXP 	polygonWhite: autoDraw = False
77.6748 	EXP 	imageObject: autoDraw = False
77.6748 	EXP 	polygonType: autoDraw = False
77.6748 	EXP 	textInput: autoDraw = False
77.6748 	EXP 	textBlank500: autoDraw = True
78.1664 	EXP 	New trial (rep=0, index=9): {'image': 'REPSWITCH1/PICTURE_128.png', 'correctAns': 'muñeca', 'respModal': 'speak', 'frameColor': 'gold', 'repSwitch': 'switch', 'sequence': 2, 'target': 'T', 'set': 1, 'stimulus': 'Stim4_Set1', 'order': 10, 'psychopy_order': 9}
78.1796 	EXP 	textBlank500: autoDraw = False
78.1796 	EXP 	textboxPause: autoDraw = False
78.1796 	EXP 	fixationITI: autoDraw = True
79.4089 	EXP 	fixationITI: autoDraw = False
79.4089 	EXP 	fixationITI: autoDraw = False
79.4089 	EXP 	polygonColour: fillColor = <psychopy.colors.Color: gold, alpha=1.0>
79.4089 	EXP 	polygonColour: borderColor = <psychopy.colors.Color: gold, alpha=1.0>
79.4089 	EXP 	imageObject: image = 'REPSWITCH1/PICTURE_128.png'
79.4089 	EXP 	polygonColour: autoDraw = True
79.4089 	EXP 	polygonWhite: autoDraw = True
79.4089 	EXP 	imageObject: autoDraw = True
79.4089 	EXP 	polygonType: autoDraw = True
79.4089 	EXP 	textInput: autoDraw = True
82.5909 	EXP 	polygonColour: autoDraw = False
82.5909 	EXP 	polygonWhite: autoDraw = False
82.5909 	EXP 	imageObject: autoDraw = False
82.5909 	EXP 	polygonType: autoDraw = False
82.5909 	EXP 	textInput: autoDraw = False
82.5909 	EXP 	polygonColour: autoDraw = False
82.5909 	EXP 	polygonWhite: autoDraw = False
82.5909 	EXP 	imageObject: autoDraw = False
82.5909 	EXP 	polygonType: autoDraw = False
82.5909 	EXP 	textInput: autoDraw = False
82.5909 	EXP 	textBlank500: autoDraw = True
83.0810 	EXP 	New trial (rep=0, index=10): {'image': 'REPSWITCH1/PICTURE_8.png', 'correctAns': 'pierna', 'respModal': 'speak', 'frameColor': 'gold', 'repSwitch': 'filler', 'sequence': 2, 'target': 'F', 'set': 1, 'stimulus': 'Stim3_Set4', 'order': 11, 'psychopy_order': 10}
83.0955 	EXP 	textBlank500: autoDraw = False
83.0955 	EXP 	textBlank500: autoDraw = False
83.0955 	EXP 	textboxPause: autoDraw = False
83.0955 	EXP 	fixationITI: autoDraw = True
84.7133 	EXP 	fixationITI: autoDraw = False
84.7133 	EXP 	fixationITI: autoDraw = False
84.7133 	EXP 	polygonColour: fillColor = <psychopy.colors.Color: gold, alpha=1.0>
84.7133 	EXP 	polygonColour: borderColor = <psychopy.colors.Color: gold, alpha=1.0>
84.7133 	EXP 	imageObject: image = 'REPSWITCH1/PICTURE_8.png'
84.7133 	EXP 	polygonColour: autoDraw = True
84.7133 	EXP 	polygonWhite: autoDraw = True
84.7133 	EXP 	imageObject: autoDraw = True
84.7133 	EXP 	polygonType: autoDraw = True
84.7133 	EXP 	textInput: autoDraw = True
87.6227 	EXP 	polygonColour: autoDraw = False
87.6227 	EXP 	polygonWhite: autoDraw = False
87.6227 	EXP 	imageObject: autoDraw = False
87.6227 	EXP 	polygonType: autoDraw = False
87.6227 	EXP 	textInput: autoDraw = False
87.6227 	EXP 	textBlank500: autoDraw = True
88.1137 	EXP 	New trial (rep=0, index=11): {'image': 'REPSWITCH1/PICTURE_19.png', 'correctAns': 'pavo', 'respModal': 'speak', 'frameColor': 'gold', 'repSwitch': 'nontarget', 'sequence': 2, 'target': 'NT', 'set': 1, 'stimulus': 'Stim5_Set1', 'order': 12, 'psychopy_order': 11}
88.1267 	EXP 	textBlank500: autoDraw = False
88.1267 	EXP 	textboxPause: autoDraw = False
88.1267 	EXP 	fixationITI: autoDraw = True
89.3416 	EXP 	fixationITI: autoDraw = False
89.3416 	EXP 	fixationITI: autoDraw = False
89.3416 	EXP 	polygonColour: fillColor = <psychopy.colors.Color: gold, alpha=1.0>
89.3416 	EXP 	polygonColour: borderColor = <psychopy.colors.Color: gold, alpha=1.0>
89.3416 	EXP 	imageObject: image = 'REPSWITCH1/PICTURE_19.png'
89.3416 	EXP 	polygonColour: autoDraw = True
89.3416 	EXP 	polygonWhite: autoDraw = True
89.3416 	EXP 	imageObject: autoDraw = True
89.3416 	EXP 	polygonType: autoDraw = True
89.3416 	EXP 	textInput: autoDraw = True
92.4690 	EXP 	polygonColour: autoDraw = False
92.4690 	EXP 	polygonWhite: autoDraw = False
92.4690 	EXP 	imageObject: autoDraw = False
92.4690 	EXP 	polygonType: autoDraw = False
92.4690 	EXP 	textInput: autoDraw = False
92.4690 	EXP 	textBlank500: autoDraw = True
92.9581 	EXP 	New trial (rep=0, index=12): {'image': 'REPSWITCH1/PICTURE_19.png', 'correctAns': 'pavo', 'respModal': 'type', 'frameColor': 'darkblue', 'repSwitch': 'switch', 'sequence': 1, 'target': 'T', 'set': 1, 'stimulus': 'Stim5_Set1', 'order': 13, 'psychopy_order': 12}
92.9732 	EXP 	textBlank500: autoDraw = False
92.9732 	EXP 	textboxPause: autoDraw = False
92.9732 	EXP 	fixationITI: autoDraw = True
94.1198 	EXP 	fixationITI: autoDraw = False
94.1198 	EXP 	fixationITI: autoDraw = False
94.1198 	EXP 	polygonColour: fillColor = <psychopy.colors.Color: darkblue, alpha=1.0>
94.1198 	EXP 	polygonColour: borderColor = <psychopy.colors.Color: darkblue, alpha=1.0>
94.1198 	EXP 	imageObject: image = 'REPSWITCH1/PICTURE_19.png'
94.1198 	EXP 	polygonColour: autoDraw = True
94.1198 	EXP 	polygonWhite: autoDraw = True
94.1198 	EXP 	imageObject: autoDraw = True
94.1198 	EXP 	polygonType: autoDraw = True
94.1198 	EXP 	textInput: autoDraw = True
97.2680 	EXP 	polygonColour: autoDraw = False
97.2680 	EXP 	polygonWhite: autoDraw = False
97.2680 	EXP 	imageObject: autoDraw = False
97.2680 	EXP 	polygonType: autoDraw = False
97.2680 	EXP 	textInput: autoDraw = False
97.2680 	EXP 	polygonColour: autoDraw = False
97.2680 	EXP 	polygonWhite: autoDraw = False
97.2680 	EXP 	imageObject: autoDraw = False
97.2680 	EXP 	polygonType: autoDraw = False
97.2680 	EXP 	textInput: autoDraw = False
97.2680 	EXP 	textBlank500: autoDraw = True
97.7601 	EXP 	New trial (rep=0, index=13): {'image': 'REPSWITCH1/PICTURE_498.png', 'correctAns': 'taza', 'respModal': 'speak', 'frameColor': 'gold', 'repSwitch': 'filler', 'sequence': 2, 'target': 'F', 'set': 1, 'stimulus': 'Stim4_Set4', 'order': 14, 'psychopy_order': 13}
97.7742 	EXP 	textBlank500: autoDraw = False
97.7742 	EXP 	textboxPause: autoDraw = False
97.7742 	EXP 	fixationITI: autoDraw = True
99.0380 	EXP 	fixationITI: autoDraw = False
99.0380 	EXP 	fixationITI: autoDraw = False
99.0380 	EXP 	polygonColour: fillColor = <psychopy.colors.Color: gold, alpha=1.0>
99.0380 	EXP 	polygonColour: borderColor = <psychopy.colors.Color: gold, alpha=1.0>
99.0380 	EXP 	imageObject: image = 'REPSWITCH1/PICTURE_498.png'
99.0380 	EXP 	polygonColour: autoDraw = True
99.0380 	EXP 	polygonWhite: autoDraw = True
99.0380 	EXP 	imageObject: autoDraw = True
99.0380 	EXP 	polygonType: autoDraw = True
99.0380 	EXP 	textInput: autoDraw = True
101.9862 	EXP 	polygonColour: autoDraw = False
101.9862 	EXP 	polygonWhite: autoDraw = False
101.9862 	EXP 	imageObject: autoDraw = False
101.9862 	EXP 	polygonType: autoDraw = False
101.9862 	EXP 	textInput: autoDraw = False
101.9862 	EXP 	textBlank500: autoDraw = True
102.4747 	EXP 	New trial (rep=0, index=14): {'image': 'REPSWITCH1/PICTURE_16.png', 'correctAns': 'cazador', 'respModal': 'type', 'frameColor': 'darkblue', 'repSwitch': 'nontarget', 'sequence': 1, 'target': 'NT', 'set': 1, 'stimulus': 'Stim6_Set1', 'order': 15, 'psychopy_order': 14}
102.4903 	EXP 	textBlank500: autoDraw = False
102.4903 	EXP 	textboxPause: autoDraw = False
102.4903 	EXP 	fixationITI: autoDraw = True
103.8202 	EXP 	fixationITI: autoDraw = False
103.8202 	EXP 	fixationITI: autoDraw = False
103.8202 	EXP 	polygonColour: fillColor = <psychopy.colors.Color: darkblue, alpha=1.0>
103.8202 	EXP 	polygonColour: borderColor = <psychopy.colors.Color: darkblue, alpha=1.0>
103.8202 	EXP 	imageObject: image = 'REPSWITCH1/PICTURE_16.png'
103.8202 	EXP 	polygonColour: autoDraw = True
103.8202 	EXP 	polygonWhite: autoDraw = True
103.8202 	EXP 	imageObject: autoDraw = True
103.8202 	EXP 	polygonType: autoDraw = True
103.8202 	EXP 	textInput: autoDraw = True
106.9518 	EXP 	polygonColour: autoDraw = False
106.9518 	EXP 	polygonWhite: autoDraw = False
106.9518 	EXP 	imageObject: autoDraw = False
106.9518 	EXP 	polygonType: autoDraw = False
106.9518 	EXP 	textInput: autoDraw = False
106.9518 	EXP 	textBlank500: autoDraw = True
107.4422 	EXP 	New trial (rep=0, index=15): {'image': 'REPSWITCH1/PICTURE_16.png', 'correctAns': 'cazador', 'respModal': 'type', 'frameColor': 'darkblue', 'repSwitch': 'repeat', 'sequence': 1, 'target': 'T', 'set': 1, 'stimulus': 'Stim6_Set1', 'order': 16, 'psychopy_order': 15}
107.4565 	EXP 	textBlank500: autoDraw = False
107.4565 	EXP 	textBlank500: autoDraw = False
107.4565 	EXP 	textboxPause: autoDraw = False
107.4565 	EXP 	fixationITI: autoDraw = True
108.4861 	EXP 	fixationITI: autoDraw = False
108.4861 	EXP 	fixationITI: autoDraw = False
108.4861 	EXP 	polygonColour: fillColor = <psychopy.colors.Color: darkblue, alpha=1.0>
108.4861 	EXP 	polygonColour: borderColor = <psychopy.colors.Color: darkblue, alpha=1.0>
108.4861 	EXP 	imageObject: image = 'REPSWITCH1/PICTURE_16.png'
108.4861 	EXP 	polygonColour: autoDraw = True
108.4861 	EXP 	polygonWhite: autoDraw = True
108.4861 	EXP 	imageObject: autoDraw = True
108.4861 	EXP 	polygonType: autoDraw = True
108.4861 	EXP 	textInput: autoDraw = True
111.8505 	EXP 	polygonColour: autoDraw = False
111.8505 	EXP 	polygonWhite: autoDraw = False
111.8505 	EXP 	imageObject: autoDraw = False
111.8505 	EXP 	polygonType: autoDraw = False
111.8505 	EXP 	textInput: autoDraw = False
111.8505 	EXP 	polygonColour: autoDraw = False
111.8505 	EXP 	polygonWhite: autoDraw = False
111.8505 	EXP 	imageObject: autoDraw = False
111.8505 	EXP 	polygonType: autoDraw = False
111.8505 	EXP 	textInput: autoDraw = False
111.8505 	EXP 	textBlank500: autoDraw = True
112.3390 	EXP 	New trial (rep=0, index=16): {'image': 'REPSWITCH1/PICTURE_687.png', 'correctAns': 'camisa', 'respModal': 'speak', 'frameColor': 'gold', 'repSwitch': 'filler', 'sequence': 2, 'target': 'F', 'set': 1, 'stimulus': 'Stim5_Set4', 'order': 17, 'psychopy_order': 16}
112.3544 	EXP 	textBlank500: autoDraw = False
112.3544 	EXP 	textboxPause: autoDraw = False
112.3544 	EXP 	fixationITI: autoDraw = True
113.8007 	EXP 	fixationITI: autoDraw = False
113.8007 	EXP 	fixationITI: autoDraw = False
113.8007 	EXP 	polygonColour: fillColor = <psychopy.colors.Color: gold, alpha=1.0>
113.8007 	EXP 	polygonColour: borderColor = <psychopy.colors.Color: gold, alpha=1.0>
113.8007 	EXP 	imageObject: image = 'REPSWITCH1/PICTURE_687.png'
113.8007 	EXP 	polygonColour: autoDraw = True
113.8007 	EXP 	polygonWhite: autoDraw = True
113.8007 	EXP 	imageObject: autoDraw = True
113.8007 	EXP 	polygonType: autoDraw = True
113.8007 	EXP 	textInput: autoDraw = True
117.0321 	EXP 	polygonColour: autoDraw = False
117.0321 	EXP 	polygonWhite: autoDraw = False
117.0321 	EXP 	imageObject: autoDraw = False
117.0321 	EXP 	polygonType: autoDraw = False
117.0321 	EXP 	textInput: autoDraw = False
117.0321 	EXP 	textBlank500: autoDraw = True
117.5227 	EXP 	New trial (rep=0, index=17): {'image': 'REPSWITCH1/PICTURE_142.png', 'correctAns': 'vaso', 'respModal': 'type', 'frameColor': 'darkblue', 'repSwitch': 'nontarget', 'sequence': 1, 'target': 'NT', 'set': 1, 'stimulus': 'Stim7_Set1', 'order': 18, 'psychopy_order': 17}
117.5364 	EXP 	textBlank500: autoDraw = False
117.5364 	EXP 	textboxPause: autoDraw = False
117.5364 	EXP 	fixationITI: autoDraw = True
118.7330 	EXP 	fixationITI: autoDraw = False
118.7330 	EXP 	fixationITI: autoDraw = False
118.7330 	EXP 	polygonColour: fillColor = <psychopy.colors.Color: darkblue, alpha=1.0>
118.7330 	EXP 	polygonColour: borderColor = <psychopy.colors.Color: darkblue, alpha=1.0>
118.7330 	EXP 	imageObject: image = 'REPSWITCH1/PICTURE_142.png'
118.7330 	EXP 	polygonColour: autoDraw = True
118.7330 	EXP 	polygonWhite: autoDraw = True
118.7330 	EXP 	imageObject: autoDraw = True
118.7330 	EXP 	polygonType: autoDraw = True
118.7330 	EXP 	textInput: autoDraw = True
122.8812 	EXP 	polygonColour: autoDraw = False
122.8812 	EXP 	polygonWhite: autoDraw = False
122.8812 	EXP 	imageObject: autoDraw = False
122.8812 	EXP 	polygonType: autoDraw = False
122.8812 	EXP 	textInput: autoDraw = False
122.8812 	EXP 	polygonColour: autoDraw = False
122.8812 	EXP 	polygonWhite: autoDraw = False
122.8812 	EXP 	imageObject: autoDraw = False
122.8812 	EXP 	polygonType: autoDraw = False
122.8812 	EXP 	textInput: autoDraw = False
122.8812 	EXP 	textBlank500: autoDraw = True
123.3785 	EXP 	New trial (rep=0, index=18): {'image': 'REPSWITCH1/PICTURE_142.png', 'correctAns': 'vaso', 'respModal': 'type', 'frameColor': 'darkblue', 'repSwitch': 'repeat', 'sequence': 1, 'target': 'T', 'set': 1, 'stimulus': 'Stim7_Set1', 'order': 19, 'psychopy_order': 18}
123.4096 	EXP 	textBlank500: autoDraw = False
123.4096 	EXP 	textboxPause: autoDraw = False
123.4096 	EXP 	fixationITI: autoDraw = True
124.5491 	EXP 	fixationITI: autoDraw = False
124.5491 	EXP 	fixationITI: autoDraw = False
124.5491 	EXP 	polygonColour: fillColor = <psychopy.colors.Color: darkblue, alpha=1.0>
124.5491 	EXP 	polygonColour: borderColor = <psychopy.colors.Color: darkblue, alpha=1.0>
124.5491 	EXP 	imageObject: image = 'REPSWITCH1/PICTURE_142.png'
124.5491 	EXP 	polygonColour: autoDraw = True
124.5491 	EXP 	polygonWhite: autoDraw = True
124.5491 	EXP 	imageObject: autoDraw = True
124.5491 	EXP 	polygonType: autoDraw = True
124.5491 	EXP 	textInput: autoDraw = True
128.2172 	EXP 	window1: mouseVisible = True
