7.9353 	EXP 	Created window1 = Window(allowGUI=True, allowStencil=False, autoLog=True, backendConf=UNKNOWN, bitsMode=UNKNOWN, blendMode='avg', bpc=(8, 8, 8), color=array([0, 0, 0]), colorSpace='rgb', depthBits=8, fullscr=<method-wrapper '__getattribute__' of attributeSetter object at 0x0000019755A1F940>, gamma=None, gammaErrorPolicy='raise', lms=UNKNOWN, monitor=<psychopy.monitors.calibTools.Monitor object at 0x00000197579AA490>, multiSample=False, name='window1', numSamples=2, pos=(192, 108), screen=0, size=array([1536,  864]), stencilBits=0, stereo=False, units='height', useFBO=True, useRetina=False, viewOri=0.0, viewPos=None, viewScale=None, waitBlanking=True, winType='pyglet')
7.9355 	EXP 	window1: mouseVisible = True
7.9356 	EXP 	window1: mouseVisible = True
7.9356 	EXP 	window1: Attempting to measure frame rate of screen (0) ...
7.9356 	EXP 	window1: recordFrameIntervals = False
8.0996 	EXP 	window1: recordFrameIntervals = True
8.2831 	EXP 	Screen (0) actual frame rate measured at 59.90Hz
8.2831 	EXP 	window1: recordFrameIntervals = False
8.3446 	WARNING 	launchHubServer: If using the iohub mouse or eyetracker devices, fullScr should be True.
12.6344 	EXP 	Created fixationITI = ShapeStim(__class__=<class 'psychopy.visual.shape.ShapeStim'>, anchor=('center', 'center'), autoDraw=False, autoLog=True, closeShape=True, color=method-wrapper(...), colorSpace='rgb', contrast=None, depth=0.0, fillColor=array([1, 1, 1]), fillColorSpace='rgb', fillRGB=array([1, 1, 1]), interpolate=True, lineColor=array([1, 1, 1]), lineColorSpace='rgb', lineRGB=array([1, 1, 1]), lineWidth=1.0, name='fixationITI', opacity=1.0, ori=0.0, pos=array([0., 0.]), size=array([0.1, 0.1]), units='height', vertices=ndarray(...), win=Window(...), windingRule=None)
12.6358 	EXP 	Created polygonCol = Rect(__class__=<class 'psychopy.visual.rect.Rect'>, anchor=('center', 'center'), autoDraw=False, autoLog=True, closeShape=True, color=method-wrapper(...), colorSpace='rgb', contrast=None, depth=0.0, fillColor=array([1, 1, 1]), fillColorSpace='rgb', fillRGB=array([1, 1, 1]), interpolate=True, lineColor=array([1, 1, 1]), lineColorSpace='rgb', lineRGB=array([1, 1, 1]), lineWidth=1.0, name='polygonCol', opacity=1.0, ori=0.0, pos=array([0., 0.]), size=array([0.55, 0.55]), units='height', vertices=ndarray(...), win=Window(...))
12.6369 	EXP 	Created polygonWh = Rect(__class__=<class 'psychopy.visual.rect.Rect'>, anchor=('center', 'center'), autoDraw=False, autoLog=True, closeShape=True, color=method-wrapper(...), colorSpace='rgb', contrast=None, depth=-1.0, fillColor=array([1, 1, 1]), fillColorSpace='rgb', fillRGB=array([1, 1, 1]), interpolate=True, lineColor=array([1, 1, 1]), lineColorSpace='rgb', lineRGB=array([1, 1, 1]), lineWidth=1.0, name='polygonWh', opacity=1.0, ori=0.0, pos=array([0., 0.]), size=array([0.5, 0.5]), units='height', vertices=ndarray(...), win=Window(...))
12.7536 	EXP 	Created textCue = TextStim(__class__=<class 'psychopy.visual.text.TextStim'>, alignHoriz=method-wrapper(...), alignText='center', alignVert=method-wrapper(...), anchorHoriz='center', anchorVert='center', antialias=True, autoDraw=False, autoLog=True, bold=False, color=array([1, 1, 1]), colorSpace='rgb', contrast=1.0, depth=-2.0, flipHoriz=False, flipVert=False, font='Open Sans', fontFiles=[], height=0.05, italic=False, languageStyle='LTR', name='textCue', opacity=1.0, ori=0.0, pos=array([0.  , 0.35]), rgb=UNKNOWN, text='', units='height', win=Window(...), wrapWidth=1)
12.8117 	EXP 	Created imagePractice = ImageStim(__class__=<class 'psychopy.visual.image.ImageStim'>, anchor=('center', 'center'), autoLog=True, color=array([1, 1, 1]), colorSpace='rgb', contrast=1.0, depth=-3.0, flipHoriz=False, flipVert=False, image='sin', interpolate=True, mask=None, maskParams=None, name='imagePractice', opacity=1.0, ori=0.0, pos=array([0., 0.]), size=array([0.5, 0.5]), texRes=128.0, units='height', win=Window(...))
12.8134 	EXP 	Created polygonText = Rect(__class__=<class 'psychopy.visual.rect.Rect'>, anchor=('center', 'center'), autoDraw=False, autoLog=True, closeShape=True, color=method-wrapper(...), colorSpace='rgb', contrast=None, depth=-4.0, fillColor=array([0.9216, 0.9216, 0.9216]), fillColorSpace='rgb', fillRGB=array([0.9216, 0.9216, 0.9216]), interpolate=True, lineColor=array([0.9216, 0.9216, 0.9216]), lineColorSpace='rgb', lineRGB=array([0.9216, 0.9216, 0.9216]), lineWidth=1.0, name='polygonText', opacity=1.0, ori=0.0, pos=array([0., 0.]), size=array([0.2, 0.1]), units='height', vertices=ndarray(...), win=Window(...))
12.8140 	EXP 	Created textPractice = TextStim(__class__=<class 'psychopy.visual.text.TextStim'>, alignHoriz=method-wrapper(...), alignText='center', alignVert=method-wrapper(...), anchorHoriz='center', anchorVert='center', antialias=True, autoDraw=False, autoLog=True, bold=False, color=array([-1., -1., -1.]), colorSpace='rgb', contrast=1.0, depth=-5.0, flipHoriz=False, flipVert=False, font='Open Sans', fontFiles=[], height=0.05, italic=False, languageStyle='LTR', name='textPractice', opacity=1.0, ori=0.0, pos=array([0., 0.]), rgb=UNKNOWN, text='', units='height', win=Window(...), wrapWidth=1)
16.4864 	EXP 	Created textBlankLoop = TextStim(__class__=<class 'psychopy.visual.text.TextStim'>, alignHoriz=method-wrapper(...), alignText='center', alignVert=method-wrapper(...), anchorHoriz='center', anchorVert='center', antialias=True, autoDraw=False, autoLog=True, bold=False, color=array([1, 1, 1]), colorSpace='rgb', contrast=1.0, depth=0.0, flipHoriz=False, flipVert=False, font='Open Sans', fontFiles=[], height=0.05, italic=False, languageStyle='LTR', name='textBlankLoop', opacity=1.0, ori=0.0, pos=array([0., 0.]), rgb=UNKNOWN, text='', units='height', win=Window(...), wrapWidth=1)
16.6329 	EXP 	textboxInstr1: autoLog = True
16.6329 	EXP 	textboxInstr1_2: autoLog = True
16.6329 	EXP 	textboxInstr1_3: autoLog = True
16.6329 	EXP 	textboxInstr1_4: autoLog = True
16.6329 	EXP 	textboxInstr1_5: autoLog = True
16.6329 	EXP 	textboxInstr1_6: autoLog = True
16.6329 	EXP 	textboxInstr1_7: autoLog = True
16.6329 	EXP 	textboxInstr1_8: autoLog = True
16.6329 	EXP 	textboxInstr1_9: autoLog = True
16.6329 	EXP 	textboxInstr1_10: autoLog = True
16.6329 	EXP 	textboxInstr2: autoLog = True
16.6329 	EXP 	textboxInstr3: autoLog = True
16.6329 	EXP 	textboxInstrPractice: autoLog = True
16.6329 	EXP 	textboxInstrPractice_2: autoLog = True
16.6329 	EXP 	textboxInstrPractice_3: autoLog = True
16.6329 	EXP 	textboxInstrPractice_4: autoLog = True
16.6329 	EXP 	textboxInstrPractice_5: autoLog = True
16.6329 	EXP 	textboxInstrPractice_6: autoLog = True
16.6329 	EXP 	textboxInstrPractice_7: autoLog = True
16.6329 	EXP 	textboxInstrPractice_8: autoLog = True
16.6329 	EXP 	textboxInstrPractice_9: autoLog = True
16.6329 	EXP 	textboxInstrPractice_10: autoLog = True
16.6329 	EXP 	textboxInstrPractice_11: autoLog = True
16.6329 	EXP 	textboxInstrPractice_12: autoLog = True
16.6329 	EXP 	textboxInstrPractice_13: autoLog = True
16.6329 	EXP 	textboxInstrPractice_14: autoLog = True
16.6329 	EXP 	textboxInstrPractice_15: autoLog = True
16.6329 	EXP 	textboxInstrPractice_16: autoLog = True
16.6329 	EXP 	textboxInstrPractice_17: autoLog = True
16.6329 	EXP 	textboxEndPracrice: autoLog = True
16.6329 	EXP 	textboxInstr1: autoDraw = True
16.6329 	EXP 	textboxInstr1_2: autoDraw = True
16.6329 	EXP 	textboxInstr1_3: autoDraw = True
16.6329 	EXP 	textboxInstr1_4: autoDraw = True
16.6329 	EXP 	textboxInstr1_5: autoDraw = True
16.6329 	EXP 	textboxInstr1_6: autoDraw = True
16.6329 	EXP 	textboxInstr1_7: autoDraw = True
16.6329 	EXP 	textboxInstr1_8: autoDraw = True
16.6329 	EXP 	textboxInstr1_9: autoDraw = True
16.6329 	EXP 	textboxInstr1_10: autoDraw = True
19.5848 	DATA 	Keypress: space
19.5959 	EXP 	textboxInstr1: autoDraw = False
19.5959 	EXP 	textboxInstr1_2: autoDraw = False
19.5959 	EXP 	textboxInstr1_3: autoDraw = False
19.5959 	EXP 	textboxInstr1_4: autoDraw = False
19.5959 	EXP 	textboxInstr1_5: autoDraw = False
19.5959 	EXP 	textboxInstr1_6: autoDraw = False
19.5959 	EXP 	textboxInstr1_7: autoDraw = False
19.5959 	EXP 	textboxInstr1_8: autoDraw = False
19.5959 	EXP 	textboxInstr1_9: autoDraw = False
19.5959 	EXP 	textboxInstr1_10: autoDraw = False
19.5959 	EXP 	textboxInstr2: autoDraw = True
21.0340 	DATA 	Keypress: space
21.0458 	EXP 	textboxInstr2: autoDraw = False
21.0458 	EXP 	textboxInstr3: autoDraw = True
22.4483 	DATA 	Keypress: space
22.4611 	EXP 	textboxInstr3: autoDraw = False
22.4611 	EXP 	textboxInstrPractice: autoDraw = True
22.4611 	EXP 	textboxInstrPractice_2: autoDraw = True
22.4611 	EXP 	textboxInstrPractice_3: autoDraw = True
22.4611 	EXP 	textboxInstrPractice_4: autoDraw = True
22.4611 	EXP 	textboxInstrPractice_5: autoDraw = True
22.4611 	EXP 	textboxInstrPractice_6: autoDraw = True
22.4611 	EXP 	textboxInstrPractice_7: autoDraw = True
22.4611 	EXP 	textboxInstrPractice_8: autoDraw = True
22.4611 	EXP 	textboxInstrPractice_9: autoDraw = True
22.4611 	EXP 	textboxInstrPractice_10: autoDraw = True
22.4611 	EXP 	textboxInstrPractice_11: autoDraw = True
22.4611 	EXP 	textboxInstrPractice_12: autoDraw = True
22.4611 	EXP 	textboxInstrPractice_13: autoDraw = True
22.4611 	EXP 	textboxInstrPractice_14: autoDraw = True
22.4611 	EXP 	textboxInstrPractice_15: autoDraw = True
22.4611 	EXP 	textboxInstrPractice_16: autoDraw = True
22.4611 	EXP 	textboxInstrPractice_17: autoDraw = True
23.0811 	DATA 	Keypress: space
23.1071 	EXP 	Imported repswitch_practice1_version1.xlsx as conditions, 12 conditions, 4 params
23.1764 	EXP 	Created sequence: sequential, trialTypes=12, nReps=1, seed=None
23.1771 	EXP 	New trial (rep=0, index=0): {'image': 'REPSWITCH1_Practice/PICTURE_612.png', 'correctAns': 'rana', 'respModal': 'TECLEA', 'frameColor': 'darkblue'}
23.3602 	EXP 	textboxInstrPractice: autoDraw = False
23.3602 	EXP 	textboxInstrPractice_2: autoDraw = False
23.3602 	EXP 	textboxInstrPractice_3: autoDraw = False
23.3602 	EXP 	textboxInstrPractice_4: autoDraw = False
23.3602 	EXP 	textboxInstrPractice_5: autoDraw = False
23.3602 	EXP 	textboxInstrPractice_6: autoDraw = False
23.3602 	EXP 	textboxInstrPractice_7: autoDraw = False
23.3602 	EXP 	textboxInstrPractice_8: autoDraw = False
23.3602 	EXP 	textboxInstrPractice_9: autoDraw = False
23.3602 	EXP 	textboxInstrPractice_10: autoDraw = False
23.3602 	EXP 	textboxInstrPractice_11: autoDraw = False
23.3602 	EXP 	textboxInstrPractice_12: autoDraw = False
23.3602 	EXP 	textboxInstrPractice_13: autoDraw = False
23.3602 	EXP 	textboxInstrPractice_14: autoDraw = False
23.3602 	EXP 	textboxInstrPractice_15: autoDraw = False
23.3602 	EXP 	textboxInstrPractice_16: autoDraw = False
23.3602 	EXP 	textboxInstrPractice_17: autoDraw = False
23.3602 	EXP 	fixationITI: autoDraw = True
25.0440 	EXP 	fixationITI: autoDraw = False
25.0440 	EXP 	fixationITI: autoDraw = False
25.0440 	EXP 	polygonCol: fillColor = <psychopy.colors.Color: darkblue, alpha=1.0>
25.0440 	EXP 	polygonCol: borderColor = <psychopy.colors.Color: darkblue, alpha=1.0>
25.0440 	EXP 	textCue: foreColor = <psychopy.colors.Color: darkblue, alpha=1.0>
25.0440 	EXP 	imagePractice: image = 'REPSWITCH1_Practice/PICTURE_612.png'
25.0440 	EXP 	polygonCol: autoDraw = True
25.0440 	EXP 	polygonWh: autoDraw = True
25.0440 	EXP 	textCue: autoDraw = True
25.0440 	EXP 	imagePractice: autoDraw = True
25.0440 	EXP 	polygonText: autoDraw = True
25.0440 	EXP 	textPractice: autoDraw = True
25.0440 	EXP 	textPractice: height = 0.05
25.0440 	EXP 	textPractice: height = 0.05
25.0440 	EXP 	textPractice: height = 0.05
25.0440 	EXP 	textPractice: text = ''
28.7460 	EXP 	polygonCol: autoDraw = False
28.7460 	EXP 	polygonWh: autoDraw = False
28.7460 	EXP 	textCue: autoDraw = False
28.7460 	EXP 	imagePractice: autoDraw = False
28.7460 	EXP 	polygonText: autoDraw = False
28.7460 	EXP 	textPractice: autoDraw = False
28.7460 	EXP 	textBlankLoop: autoDraw = True
29.2443 	EXP 	New trial (rep=0, index=1): {'image': 'REPSWITCH1_Practice/PICTURE_599.png', 'correctAns': 'nube', 'respModal': 'HABLA', 'frameColor': 'gold'}
29.2605 	EXP 	textBlankLoop: autoDraw = False
29.2605 	EXP 	fixationITI: autoDraw = True
30.1452 	DATA 	Keypress: escape
31.6770 	EXP 	window1: mouseVisible = True
