12.0725 	EXP 	Created window1 = Window(allowGUI=True, allowStencil=False, autoLog=True, backendConf=UNKNOWN, bitsMode=UNKNOWN, blendMode='avg', bpc=(8, 8, 8), color=array([0, 0, 0]), colorSpace='rgb', depthBits=8, fullscr=<method-wrapper '__getattribute__' of attributeSetter object at 0x0000011562F88940>, gamma=None, gammaErrorPolicy='raise', lms=UNKNOWN, monitor=<psychopy.monitors.calibTools.Monitor object at 0x0000011564F134C0>, multiSample=False, name='window1', numSamples=2, pos=(192, 108), screen=0, size=array([1536,  864]), stencilBits=0, stereo=False, units='height', useFBO=True, useRetina=False, viewOri=0.0, viewPos=None, viewScale=None, waitBlanking=True, winType='pyglet')
12.0728 	EXP 	window1: mouseVisible = True
12.0729 	EXP 	window1: mouseVisible = True
12.0729 	EXP 	window1: Attempting to measure frame rate of screen (0) ...
12.0730 	EXP 	window1: recordFrameIntervals = False
12.2374 	EXP 	window1: recordFrameIntervals = True
12.4216 	EXP 	Screen (0) actual frame rate measured at 59.83Hz
12.4217 	EXP 	window1: recordFrameIntervals = False
12.4853 	WARNING 	launchHubServer: If using the iohub mouse or eyetracker devices, fullScr should be True.
15.8391 	EXP 	Created textWelcome = TextStim(__class__=<class 'psychopy.visual.text.TextStim'>, alignHoriz=method-wrapper(...), alignText='center', alignVert=method-wrapper(...), anchorHoriz='center', anchorVert='center', antialias=True, autoDraw=False, autoLog=True, bold=False, color=array([1, 1, 1]), colorSpace='rgb', contrast=1.0, depth=0.0, flipHoriz=False, flipVert=False, font='Open Sans', fontFiles=[], height=0.05, italic=False, languageStyle='LTR', name='textWelcome', opacity=1.0, ori=0.0, pos=array([0., 0.]), rgb=UNKNOWN, text='Welcome to the experiment!', units='height', win=Window(...), wrapWidth=1)
15.8413 	EXP 	Created textBlank500 = TextStim(__class__=<class 'psychopy.visual.text.TextStim'>, alignHoriz=method-wrapper(...), alignText='center', alignVert=method-wrapper(...), anchorHoriz='center', anchorVert='center', antialias=True, autoDraw=False, autoLog=True, bold=False, color=array([1, 1, 1]), colorSpace='rgb', contrast=1.0, depth=0.0, flipHoriz=False, flipVert=False, font='Open Sans', fontFiles=[], height=0.05, italic=False, languageStyle='LTR', name='textBlank500', opacity=1.0, ori=0.0, pos=array([0., 0.]), rgb=UNKNOWN, text='', units='height', win=Window(...), wrapWidth=1)
15.9133 	EXP 	Created textInstrFam = TextStim(__class__=<class 'psychopy.visual.text.TextStim'>, alignHoriz=method-wrapper(...), alignText='center', alignVert=method-wrapper(...), anchorHoriz='center', anchorVert='center', antialias=True, autoDraw=False, autoLog=True, bold=False, color=array([1, 1, 1]), colorSpace='rgb', contrast=1.0, depth=0.0, flipHoriz=False, flipVert=False, font='Open Sans', fontFiles=[], height=0.05, italic=False, languageStyle='LTR', name='textInstrFam', opacity=1.0, ori=0.0, pos=array([0., 0.]), rgb=UNKNOWN, text=str(...), units='height', win=Window(...), wrapWidth=1)
15.9164 	EXP 	Created textBlank500 = TextStim(__class__=<class 'psychopy.visual.text.TextStim'>, alignHoriz=method-wrapper(...), alignText='center', alignVert=method-wrapper(...), anchorHoriz='center', anchorVert='center', antialias=True, autoDraw=False, autoLog=True, bold=False, color=array([1, 1, 1]), colorSpace='rgb', contrast=1.0, depth=0.0, flipHoriz=False, flipVert=False, font='Open Sans', fontFiles=[], height=0.05, italic=False, languageStyle='LTR', name='textBlank500', opacity=1.0, ori=0.0, pos=array([0., 0.]), rgb=UNKNOWN, text='', units='height', win=Window(...), wrapWidth=1)
15.9218 	EXP 	Created fixationITI = ShapeStim(__class__=<class 'psychopy.visual.shape.ShapeStim'>, anchor=('center', 'center'), autoDraw=False, autoLog=True, closeShape=True, color=method-wrapper(...), colorSpace='rgb', contrast=None, depth=0.0, fillColor=array([1, 1, 1]), fillColorSpace='rgb', fillRGB=array([1, 1, 1]), interpolate=True, lineColor=array([1, 1, 1]), lineColorSpace='rgb', lineRGB=array([1, 1, 1]), lineWidth=1.0, name='fixationITI', opacity=1.0, ori=0.0, pos=array([0., 0.]), size=array([0.1, 0.1]), units='height', vertices=ndarray(...), win=Window(...), windingRule=None)
15.9256 	EXP 	Created polygonWhiteFam = Rect(__class__=<class 'psychopy.visual.rect.Rect'>, anchor=('center', 'center'), autoDraw=False, autoLog=True, closeShape=True, color=method-wrapper(...), colorSpace='rgb', contrast=None, depth=0.0, fillColor=array([1, 1, 1]), fillColorSpace='rgb', fillRGB=array([1, 1, 1]), interpolate=True, lineColor=array([1, 1, 1]), lineColorSpace='rgb', lineRGB=array([1, 1, 1]), lineWidth=1.0, name='polygonWhiteFam', opacity=1.0, ori=0.0, pos=array([0., 0.]), size=array([0.5, 0.5]), units='height', vertices=ndarray(...), win=Window(...))
15.9456 	EXP 	Created imageFam = ImageStim(__class__=<class 'psychopy.visual.image.ImageStim'>, anchor=('center', 'center'), autoLog=True, color=array([1, 1, 1]), colorSpace='rgb', contrast=1.0, depth=-1.0, flipHoriz=False, flipVert=False, image='sin', interpolate=True, mask=None, maskParams=None, name='imageFam', opacity=1.0, ori=0.0, pos=array([0., 0.]), size=array([0.5, 0.5]), texRes=128.0, units='height', win=Window(...))
15.9479 	EXP 	Created textFam = TextStim(__class__=<class 'psychopy.visual.text.TextStim'>, alignHoriz=method-wrapper(...), alignText='center', alignVert=method-wrapper(...), anchorHoriz='center', anchorVert='center', antialias=True, autoDraw=False, autoLog=True, bold=False, color=array([1., 1., 1.]), colorSpace='rgb', contrast=1.0, depth=-2.0, flipHoriz=False, flipVert=False, font='Open Sans', fontFiles=[], height=0.05, italic=False, languageStyle='LTR', name='textFam', opacity=1.0, ori=0.0, pos=array([0., 0.]), rgb=UNKNOWN, text='', units='height', win=Window(...), wrapWidth=1)
15.9502 	EXP 	Created textBlank500 = TextStim(__class__=<class 'psychopy.visual.text.TextStim'>, alignHoriz=method-wrapper(...), alignText='center', alignVert=method-wrapper(...), anchorHoriz='center', anchorVert='center', antialias=True, autoDraw=False, autoLog=True, bold=False, color=array([1, 1, 1]), colorSpace='rgb', contrast=1.0, depth=0.0, flipHoriz=False, flipVert=False, font='Open Sans', fontFiles=[], height=0.05, italic=False, languageStyle='LTR', name='textBlank500', opacity=1.0, ori=0.0, pos=array([0., 0.]), rgb=UNKNOWN, text='', units='height', win=Window(...), wrapWidth=1)
16.0176 	EXP 	Created textInstrPractice = TextStim(__class__=<class 'psychopy.visual.text.TextStim'>, alignHoriz=method-wrapper(...), alignText='center', alignVert=method-wrapper(...), anchorHoriz='center', anchorVert='center', antialias=True, autoDraw=False, autoLog=True, bold=False, color=array([1, 1, 1]), colorSpace='rgb', contrast=1.0, depth=0.0, flipHoriz=False, flipVert=False, font='Open Sans', fontFiles=[], height=0.05, italic=False, languageStyle='LTR', name='textInstrPractice', opacity=1.0, ori=0.0, pos=array([0., 0.]), rgb=UNKNOWN, text=str(...), units='height', win=Window(...), wrapWidth=1)
16.0199 	EXP 	Created textBlank500 = TextStim(__class__=<class 'psychopy.visual.text.TextStim'>, alignHoriz=method-wrapper(...), alignText='center', alignVert=method-wrapper(...), anchorHoriz='center', anchorVert='center', antialias=True, autoDraw=False, autoLog=True, bold=False, color=array([1, 1, 1]), colorSpace='rgb', contrast=1.0, depth=0.0, flipHoriz=False, flipVert=False, font='Open Sans', fontFiles=[], height=0.05, italic=False, languageStyle='LTR', name='textBlank500', opacity=1.0, ori=0.0, pos=array([0., 0.]), rgb=UNKNOWN, text='', units='height', win=Window(...), wrapWidth=1)
16.0232 	EXP 	Created fixationITI = ShapeStim(__class__=<class 'psychopy.visual.shape.ShapeStim'>, anchor=('center', 'center'), autoDraw=False, autoLog=True, closeShape=True, color=method-wrapper(...), colorSpace='rgb', contrast=None, depth=0.0, fillColor=array([1, 1, 1]), fillColorSpace='rgb', fillRGB=array([1, 1, 1]), interpolate=True, lineColor=array([1, 1, 1]), lineColorSpace='rgb', lineRGB=array([1, 1, 1]), lineWidth=1.0, name='fixationITI', opacity=1.0, ori=0.0, pos=array([0., 0.]), size=array([0.1, 0.1]), units='height', vertices=ndarray(...), win=Window(...), windingRule=None)
16.0262 	EXP 	Created polygonCol = Rect(__class__=<class 'psychopy.visual.rect.Rect'>, anchor=('center', 'center'), autoDraw=False, autoLog=True, closeShape=True, color=method-wrapper(...), colorSpace='rgb', contrast=None, depth=0.0, fillColor=array([1, 1, 1]), fillColorSpace='rgb', fillRGB=array([1, 1, 1]), interpolate=True, lineColor=array([1, 1, 1]), lineColorSpace='rgb', lineRGB=array([1, 1, 1]), lineWidth=1.0, name='polygonCol', opacity=1.0, ori=0.0, pos=array([0., 0.]), size=array([0.55, 0.55]), units='height', vertices=ndarray(...), win=Window(...))
16.0288 	EXP 	Created polygonWh = Rect(__class__=<class 'psychopy.visual.rect.Rect'>, anchor=('center', 'center'), autoDraw=False, autoLog=True, closeShape=True, color=method-wrapper(...), colorSpace='rgb', contrast=None, depth=-1.0, fillColor=array([1, 1, 1]), fillColorSpace='rgb', fillRGB=array([1, 1, 1]), interpolate=True, lineColor=array([1, 1, 1]), lineColorSpace='rgb', lineRGB=array([1, 1, 1]), lineWidth=1.0, name='polygonWh', opacity=1.0, ori=0.0, pos=array([0., 0.]), size=array([0.5, 0.5]), units='height', vertices=ndarray(...), win=Window(...))
16.0362 	EXP 	Created imagePractice = ImageStim(__class__=<class 'psychopy.visual.image.ImageStim'>, anchor=('center', 'center'), autoLog=True, color=array([1, 1, 1]), colorSpace='rgb', contrast=1.0, depth=-2.0, flipHoriz=False, flipVert=False, image='sin', interpolate=True, mask=None, maskParams=None, name='imagePractice', opacity=1.0, ori=0.0, pos=array([0., 0.]), size=array([0.5, 0.5]), texRes=128.0, units='height', win=Window(...))
16.0386 	EXP 	Created polygonText = Rect(__class__=<class 'psychopy.visual.rect.Rect'>, anchor=('center', 'center'), autoDraw=False, autoLog=True, closeShape=True, color=method-wrapper(...), colorSpace='rgb', contrast=None, depth=-3.0, fillColor=array([0.9216, 0.9216, 0.9216]), fillColorSpace='rgb', fillRGB=array([0.9216, 0.9216, 0.9216]), interpolate=True, lineColor=array([0.9216, 0.9216, 0.9216]), lineColorSpace='rgb', lineRGB=array([0.9216, 0.9216, 0.9216]), lineWidth=1.0, name='polygonText', opacity=1.0, ori=0.0, pos=array([0., 0.]), size=array([0.2, 0.1]), units='height', vertices=ndarray(...), win=Window(...))
16.0402 	EXP 	Created textPractice = TextStim(__class__=<class 'psychopy.visual.text.TextStim'>, alignHoriz=method-wrapper(...), alignText='center', alignVert=method-wrapper(...), anchorHoriz='center', anchorVert='center', antialias=True, autoDraw=False, autoLog=True, bold=False, color=array([-1., -1., -1.]), colorSpace='rgb', contrast=1.0, depth=-4.0, flipHoriz=False, flipVert=False, font='Open Sans', fontFiles=[], height=0.05, italic=False, languageStyle='LTR', name='textPractice', opacity=1.0, ori=0.0, pos=array([0., 0.]), rgb=UNKNOWN, text='', units='height', win=Window(...), wrapWidth=1)
16.0448 	EXP 	Created textBlank500 = TextStim(__class__=<class 'psychopy.visual.text.TextStim'>, alignHoriz=method-wrapper(...), alignText='center', alignVert=method-wrapper(...), anchorHoriz='center', anchorVert='center', antialias=True, autoDraw=False, autoLog=True, bold=False, color=array([1, 1, 1]), colorSpace='rgb', contrast=1.0, depth=0.0, flipHoriz=False, flipVert=False, font='Open Sans', fontFiles=[], height=0.05, italic=False, languageStyle='LTR', name='textBlank500', opacity=1.0, ori=0.0, pos=array([0., 0.]), rgb=UNKNOWN, text='', units='height', win=Window(...), wrapWidth=1)
16.1276 	EXP 	Created textInstrMain = TextStim(__class__=<class 'psychopy.visual.text.TextStim'>, alignHoriz=method-wrapper(...), alignText='center', alignVert=method-wrapper(...), anchorHoriz='center', anchorVert='center', antialias=True, autoDraw=False, autoLog=True, bold=False, color=array([1, 1, 1]), colorSpace='rgb', contrast=1.0, depth=0.0, flipHoriz=False, flipVert=False, font='Open Sans', fontFiles=[], height=0.05, italic=False, languageStyle='LTR', name='textInstrMain', opacity=1.0, ori=0.0, pos=array([0., 0.]), rgb=UNKNOWN, text=str(...), units='height', win=Window(...), wrapWidth=1)
16.1299 	EXP 	Created textBlank500 = TextStim(__class__=<class 'psychopy.visual.text.TextStim'>, alignHoriz=method-wrapper(...), alignText='center', alignVert=method-wrapper(...), anchorHoriz='center', anchorVert='center', antialias=True, autoDraw=False, autoLog=True, bold=False, color=array([1, 1, 1]), colorSpace='rgb', contrast=1.0, depth=0.0, flipHoriz=False, flipVert=False, font='Open Sans', fontFiles=[], height=0.05, italic=False, languageStyle='LTR', name='textBlank500', opacity=1.0, ori=0.0, pos=array([0., 0.]), rgb=UNKNOWN, text='', units='height', win=Window(...), wrapWidth=1)
16.1348 	EXP 	Created fixationITI = ShapeStim(__class__=<class 'psychopy.visual.shape.ShapeStim'>, anchor=('center', 'center'), autoDraw=False, autoLog=True, closeShape=True, color=method-wrapper(...), colorSpace='rgb', contrast=None, depth=0.0, fillColor=array([1, 1, 1]), fillColorSpace='rgb', fillRGB=array([1, 1, 1]), interpolate=True, lineColor=array([1, 1, 1]), lineColorSpace='rgb', lineRGB=array([1, 1, 1]), lineWidth=1.0, name='fixationITI', opacity=1.0, ori=0.0, pos=array([0., 0.]), size=array([0.1, 0.1]), units='height', vertices=ndarray(...), win=Window(...), windingRule=None)
16.1375 	EXP 	Created polygonColour = Rect(__class__=<class 'psychopy.visual.rect.Rect'>, anchor=('center', 'center'), autoDraw=False, autoLog=True, closeShape=True, color=method-wrapper(...), colorSpace='rgb', contrast=None, depth=-1.0, fillColor=array([1, 1, 1]), fillColorSpace='rgb', fillRGB=array([1, 1, 1]), interpolate=True, lineColor=array([1, 1, 1]), lineColorSpace='rgb', lineRGB=array([1, 1, 1]), lineWidth=1.0, name='polygonColour', opacity=1.0, ori=0.0, pos=array([0., 0.]), size=array([0.55, 0.55]), units='height', vertices=ndarray(...), win=Window(...))
16.1400 	EXP 	Created polygonWhite = Rect(__class__=<class 'psychopy.visual.rect.Rect'>, anchor=('center', 'center'), autoDraw=False, autoLog=True, closeShape=True, color=method-wrapper(...), colorSpace='rgb', contrast=None, depth=-2.0, fillColor=array([1, 1, 1]), fillColorSpace='rgb', fillRGB=array([1, 1, 1]), interpolate=True, lineColor=array([1, 1, 1]), lineColorSpace='rgb', lineRGB=array([1, 1, 1]), lineWidth=1.0, name='polygonWhite', opacity=1.0, ori=0.0, pos=array([0., 0.]), size=array([0.5, 0.5]), units='height', vertices=ndarray(...), win=Window(...))
16.1470 	EXP 	Created imageObject = ImageStim(__class__=<class 'psychopy.visual.image.ImageStim'>, anchor=('center', 'center'), autoLog=True, color=array([1, 1, 1]), colorSpace='rgb', contrast=1.0, depth=-3.0, flipHoriz=False, flipVert=False, image='sin', interpolate=True, mask=None, maskParams=None, name='imageObject', opacity=1.0, ori=0.0, pos=array([0., 0.]), size=array([0.5, 0.5]), texRes=128.0, units='height', win=Window(...))
16.1502 	EXP 	Created polygonType = Rect(__class__=<class 'psychopy.visual.rect.Rect'>, anchor=('center', 'center'), autoDraw=False, autoLog=True, closeShape=True, color=method-wrapper(...), colorSpace='rgb', contrast=None, depth=-4.0, fillColor=array([0.9216, 0.9216, 0.9216]), fillColorSpace='rgb', fillRGB=array([0.9216, 0.9216, 0.9216]), interpolate=True, lineColor=array([0.9216, 0.9216, 0.9216]), lineColorSpace='rgb', lineRGB=array([0.9216, 0.9216, 0.9216]), lineWidth=1.0, name='polygonType', opacity=1.0, ori=0.0, pos=array([0., 0.]), size=array([0.2, 0.1]), units='height', vertices=ndarray(...), win=Window(...))
16.1514 	EXP 	Created textInput = TextStim(__class__=<class 'psychopy.visual.text.TextStim'>, alignHoriz=method-wrapper(...), alignText='center', alignVert=method-wrapper(...), anchorHoriz='center', anchorVert='center', antialias=True, autoDraw=False, autoLog=True, bold=False, color=array([-1., -1., -1.]), colorSpace='rgb', contrast=1.0, depth=-5.0, flipHoriz=False, flipVert=False, font='Open Sans', fontFiles=[], height=0.05, italic=False, languageStyle='LTR', name='textInput', opacity=1.0, ori=0.0, pos=array([0., 0.]), rgb=UNKNOWN, text='', units='height', win=Window(...), wrapWidth=1)
16.1536 	EXP 	Created textBlank500 = TextStim(__class__=<class 'psychopy.visual.text.TextStim'>, alignHoriz=method-wrapper(...), alignText='center', alignVert=method-wrapper(...), anchorHoriz='center', anchorVert='center', antialias=True, autoDraw=False, autoLog=True, bold=False, color=array([1, 1, 1]), colorSpace='rgb', contrast=1.0, depth=0.0, flipHoriz=False, flipVert=False, font='Open Sans', fontFiles=[], height=0.05, italic=False, languageStyle='LTR', name='textBlank500', opacity=1.0, ori=0.0, pos=array([0., 0.]), rgb=UNKNOWN, text='', units='height', win=Window(...), wrapWidth=1)
16.2016 	EXP 	Created textDebrief = TextStim(__class__=<class 'psychopy.visual.text.TextStim'>, alignHoriz=method-wrapper(...), alignText='center', alignVert=method-wrapper(...), anchorHoriz='center', anchorVert='center', antialias=True, autoDraw=False, autoLog=True, bold=False, color=array([1, 1, 1]), colorSpace='rgb', contrast=1.0, depth=0.0, flipHoriz=False, flipVert=False, font='Open Sans', fontFiles=[], height=0.05, italic=False, languageStyle='LTR', name='textDebrief', opacity=1.0, ori=0.0, pos=array([0., 0.]), rgb=UNKNOWN, text=str(...), units='height', win=Window(...), wrapWidth=1)
16.2089 	EXP 	Created textGoodbye = TextStim(__class__=<class 'psychopy.visual.text.TextStim'>, alignHoriz=method-wrapper(...), alignText='center', alignVert=method-wrapper(...), anchorHoriz='center', anchorVert='center', antialias=True, autoDraw=False, autoLog=True, bold=False, color=array([1, 1, 1]), colorSpace='rgb', contrast=1.0, depth=0.0, flipHoriz=False, flipVert=False, font='Open Sans', fontFiles=[], height=0.05, italic=False, languageStyle='LTR', name='textGoodbye', opacity=1.0, ori=0.0, pos=array([0., 0.]), rgb=UNKNOWN, text='Thank you for participating!', units='height', win=Window(...), wrapWidth=1)
16.2258 	EXP 	textWelcome: autoDraw = True
18.2356 	EXP 	textWelcome: autoDraw = False
18.2356 	EXP 	textBlank500: autoDraw = True
18.7356 	EXP 	textBlank500: autoDraw = False
18.7356 	EXP 	textInstrFam: autoDraw = True
34.2048 	DATA 	Keypress: space
34.2321 	EXP 	textInstrFam: autoDraw = False
34.2321 	EXP 	textBlank500: autoDraw = True
34.7593 	EXP 	Imported repswitch_fam.xlsx as conditions, 32 conditions, 2 params
34.7625 	EXP 	Created sequence: sequential, trialTypes=32, nReps=1, seed=None
34.7633 	EXP 	New trial (rep=0, index=0): {'image': 'REPSWITCH1_Fam/PICTURE_128.png', 'correctAns': 'muñeca'}
34.7800 	EXP 	textBlank500: autoDraw = False
34.7800 	EXP 	textBlank500: autoDraw = False
34.7800 	EXP 	fixationITI: autoDraw = True
36.3139 	EXP 	fixationITI: autoDraw = False
36.3139 	EXP 	fixationITI: autoDraw = False
36.3139 	EXP 	imageFam: image = 'REPSWITCH1_Fam/PICTURE_128.png'
36.3139 	EXP 	polygonWhiteFam: autoDraw = True
36.3139 	EXP 	imageFam: autoDraw = True
40.3143 	EXP 	polygonWhiteFam: autoDraw = False
40.3143 	EXP 	imageFam: autoDraw = False
40.5289 	EXP 	textFam: autoDraw = True
43.5302 	EXP 	polygonWhiteFam: autoDraw = False
43.5302 	EXP 	imageFam: autoDraw = False
43.5302 	EXP 	textFam: autoDraw = False
43.5302 	EXP 	textBlank500: autoDraw = True
44.0145 	EXP 	New trial (rep=0, index=1): {'image': 'REPSWITCH1_Fam/PICTURE_142.png', 'correctAns': 'vaso'}
44.0303 	EXP 	textBlank500: autoDraw = False
44.0303 	EXP 	fixationITI: autoDraw = True
45.1957 	EXP 	fixationITI: autoDraw = False
45.1957 	EXP 	fixationITI: autoDraw = False
45.1957 	EXP 	imageFam: image = 'REPSWITCH1_Fam/PICTURE_142.png'
45.1957 	EXP 	polygonWhiteFam: autoDraw = True
45.1957 	EXP 	imageFam: autoDraw = True
49.1949 	EXP 	polygonWhiteFam: autoDraw = False
49.1949 	EXP 	imageFam: autoDraw = False
49.5771 	EXP 	textFam: autoDraw = True
52.5783 	EXP 	polygonWhiteFam: autoDraw = False
52.5783 	EXP 	imageFam: autoDraw = False
52.5783 	EXP 	textFam: autoDraw = False
52.5783 	EXP 	textBlank500: autoDraw = True
53.0644 	EXP 	New trial (rep=0, index=2): {'image': 'REPSWITCH1_Fam/PICTURE_152.png', 'correctAns': 'caracol'}
53.0786 	EXP 	textBlank500: autoDraw = False
53.0786 	EXP 	fixationITI: autoDraw = True
54.3432 	EXP 	fixationITI: autoDraw = False
54.3432 	EXP 	fixationITI: autoDraw = False
54.3432 	EXP 	imageFam: image = 'REPSWITCH1_Fam/PICTURE_152.png'
54.3432 	EXP 	polygonWhiteFam: autoDraw = True
54.3432 	EXP 	imageFam: autoDraw = True
58.3430 	EXP 	polygonWhiteFam: autoDraw = False
58.3430 	EXP 	imageFam: autoDraw = False
58.6423 	EXP 	textFam: autoDraw = True
61.6430 	EXP 	textFam: autoDraw = False
61.6430 	EXP 	polygonWhiteFam: autoDraw = False
61.6430 	EXP 	imageFam: autoDraw = False
61.6430 	EXP 	textFam: autoDraw = False
61.6430 	EXP 	textBlank500: autoDraw = True
62.1429 	EXP 	New trial (rep=0, index=3): {'image': 'REPSWITCH1_Fam/PICTURE_16.png', 'correctAns': 'cazador'}
62.1584 	EXP 	textBlank500: autoDraw = False
62.1584 	EXP 	fixationITI: autoDraw = True
63.3908 	EXP 	fixationITI: autoDraw = False
63.3908 	EXP 	fixationITI: autoDraw = False
63.3908 	EXP 	imageFam: image = 'REPSWITCH1_Fam/PICTURE_16.png'
63.3908 	EXP 	polygonWhiteFam: autoDraw = True
63.3908 	EXP 	imageFam: autoDraw = True
67.3911 	EXP 	polygonWhiteFam: autoDraw = False
67.3911 	EXP 	imageFam: autoDraw = False
67.7395 	EXP 	textFam: autoDraw = True
70.7411 	EXP 	polygonWhiteFam: autoDraw = False
70.7411 	EXP 	imageFam: autoDraw = False
70.7411 	EXP 	textFam: autoDraw = False
70.7411 	EXP 	textBlank500: autoDraw = True
71.2254 	EXP 	New trial (rep=0, index=4): {'image': 'REPSWITCH1_Fam/PICTURE_175.png', 'correctAns': 'pintor'}
71.2400 	EXP 	textBlank500: autoDraw = False
71.2400 	EXP 	fixationITI: autoDraw = True
72.4555 	EXP 	fixationITI: autoDraw = False
72.4555 	EXP 	fixationITI: autoDraw = False
72.4555 	EXP 	imageFam: image = 'REPSWITCH1_Fam/PICTURE_175.png'
72.4555 	EXP 	polygonWhiteFam: autoDraw = True
72.4555 	EXP 	imageFam: autoDraw = True
76.4562 	EXP 	polygonWhiteFam: autoDraw = False
76.4562 	EXP 	imageFam: autoDraw = False
76.8369 	EXP 	textFam: autoDraw = True
79.8373 	EXP 	polygonWhiteFam: autoDraw = False
79.8373 	EXP 	imageFam: autoDraw = False
79.8373 	EXP 	textFam: autoDraw = False
79.8373 	EXP 	textBlank500: autoDraw = True
80.3208 	EXP 	New trial (rep=0, index=5): {'image': 'REPSWITCH1_Fam/PICTURE_178.png', 'correctAns': 'puente'}
80.3370 	EXP 	textBlank500: autoDraw = False
80.3370 	EXP 	fixationITI: autoDraw = True
81.5366 	EXP 	fixationITI: autoDraw = False
81.5366 	EXP 	fixationITI: autoDraw = False
81.5366 	EXP 	imageFam: image = 'REPSWITCH1_Fam/PICTURE_178.png'
81.5366 	EXP 	polygonWhiteFam: autoDraw = True
81.5366 	EXP 	imageFam: autoDraw = True
85.5374 	EXP 	polygonWhiteFam: autoDraw = False
85.5374 	EXP 	imageFam: autoDraw = False
86.0017 	EXP 	textFam: autoDraw = True
89.0022 	EXP 	textFam: autoDraw = False
89.0022 	EXP 	polygonWhiteFam: autoDraw = False
89.0022 	EXP 	imageFam: autoDraw = False
89.0022 	EXP 	textFam: autoDraw = False
89.0022 	EXP 	textBlank500: autoDraw = True
89.4880 	EXP 	New trial (rep=0, index=6): {'image': 'REPSWITCH1_Fam/PICTURE_19.png', 'correctAns': 'pavo'}
89.5022 	EXP 	textBlank500: autoDraw = False
89.5022 	EXP 	textBlank500: autoDraw = False
89.5022 	EXP 	fixationITI: autoDraw = True
90.7012 	EXP 	fixationITI: autoDraw = False
90.7012 	EXP 	fixationITI: autoDraw = False
90.7012 	EXP 	imageFam: image = 'REPSWITCH1_Fam/PICTURE_19.png'
90.7012 	EXP 	polygonWhiteFam: autoDraw = True
90.7012 	EXP 	imageFam: autoDraw = True
94.7014 	EXP 	polygonWhiteFam: autoDraw = False
94.7014 	EXP 	imageFam: autoDraw = False
95.1659 	EXP 	textFam: autoDraw = True
98.1669 	EXP 	polygonWhiteFam: autoDraw = False
98.1669 	EXP 	imageFam: autoDraw = False
98.1669 	EXP 	textFam: autoDraw = False
98.1669 	EXP 	textBlank500: autoDraw = True
98.6515 	EXP 	New trial (rep=0, index=7): {'image': 'REPSWITCH1_Fam/PICTURE_199.png', 'correctAns': 'falda'}
98.6672 	EXP 	textBlank500: autoDraw = False
98.6672 	EXP 	fixationITI: autoDraw = True
99.7988 	EXP 	fixationITI: autoDraw = False
99.7988 	EXP 	fixationITI: autoDraw = False
99.7988 	EXP 	imageFam: image = 'REPSWITCH1_Fam/PICTURE_199.png'
99.7988 	EXP 	polygonWhiteFam: autoDraw = True
99.7988 	EXP 	imageFam: autoDraw = True
103.7990 	EXP 	polygonWhiteFam: autoDraw = False
103.7990 	EXP 	imageFam: autoDraw = False
104.2803 	EXP 	textFam: autoDraw = True
107.2814 	EXP 	polygonWhiteFam: autoDraw = False
107.2814 	EXP 	imageFam: autoDraw = False
107.2814 	EXP 	textFam: autoDraw = False
107.2814 	EXP 	textBlank500: autoDraw = True
107.7655 	EXP 	New trial (rep=0, index=8): {'image': 'REPSWITCH1_Fam/PICTURE_235.png', 'correctAns': 'aguja'}
107.7811 	EXP 	textBlank500: autoDraw = False
107.7811 	EXP 	fixationITI: autoDraw = True
108.9466 	EXP 	fixationITI: autoDraw = False
108.9466 	EXP 	fixationITI: autoDraw = False
108.9466 	EXP 	imageFam: image = 'REPSWITCH1_Fam/PICTURE_235.png'
108.9466 	EXP 	polygonWhiteFam: autoDraw = True
108.9466 	EXP 	imageFam: autoDraw = True
112.9471 	EXP 	polygonWhiteFam: autoDraw = False
112.9471 	EXP 	imageFam: autoDraw = False
113.3114 	EXP 	textFam: autoDraw = True
116.3121 	EXP 	polygonWhiteFam: autoDraw = False
116.3121 	EXP 	imageFam: autoDraw = False
116.3121 	EXP 	textFam: autoDraw = False
116.3121 	EXP 	textBlank500: autoDraw = True
116.7972 	EXP 	New trial (rep=0, index=9): {'image': 'REPSWITCH1_Fam/PICTURE_242.png', 'correctAns': 'cartero'}
116.8129 	EXP 	textBlank500: autoDraw = False
116.8129 	EXP 	fixationITI: autoDraw = True
118.1444 	EXP 	fixationITI: autoDraw = False
118.1444 	EXP 	fixationITI: autoDraw = False
118.1444 	EXP 	imageFam: image = 'REPSWITCH1_Fam/PICTURE_242.png'
118.1444 	EXP 	polygonWhiteFam: autoDraw = True
118.1444 	EXP 	imageFam: autoDraw = True
122.1442 	EXP 	polygonWhiteFam: autoDraw = False
122.1442 	EXP 	imageFam: autoDraw = False
122.6259 	EXP 	textFam: autoDraw = True
125.6267 	EXP 	polygonWhiteFam: autoDraw = False
125.6267 	EXP 	imageFam: autoDraw = False
125.6267 	EXP 	textFam: autoDraw = False
125.6267 	EXP 	textBlank500: autoDraw = True
126.1114 	EXP 	New trial (rep=0, index=10): {'image': 'REPSWITCH1_Fam/PICTURE_264.png', 'correctAns': 'mano'}
126.1271 	EXP 	textBlank500: autoDraw = False
126.1271 	EXP 	fixationITI: autoDraw = True
127.4755 	EXP 	fixationITI: autoDraw = False
127.4755 	EXP 	fixationITI: autoDraw = False
127.4755 	EXP 	imageFam: image = 'REPSWITCH1_Fam/PICTURE_264.png'
127.4755 	EXP 	polygonWhiteFam: autoDraw = True
127.4755 	EXP 	imageFam: autoDraw = True
131.4767 	EXP 	polygonWhiteFam: autoDraw = False
131.4767 	EXP 	imageFam: autoDraw = False
131.8571 	EXP 	textFam: autoDraw = True
134.8581 	EXP 	polygonWhiteFam: autoDraw = False
134.8581 	EXP 	imageFam: autoDraw = False
134.8581 	EXP 	textFam: autoDraw = False
134.8581 	EXP 	textBlank500: autoDraw = True
135.3439 	EXP 	New trial (rep=0, index=11): {'image': 'REPSWITCH1_Fam/PICTURE_271.png', 'correctAns': 'conejo'}
135.3583 	EXP 	textBlank500: autoDraw = False
135.3583 	EXP 	fixationITI: autoDraw = True
136.5732 	EXP 	fixationITI: autoDraw = False
136.5732 	EXP 	fixationITI: autoDraw = False
136.5732 	EXP 	imageFam: image = 'REPSWITCH1_Fam/PICTURE_271.png'
136.5732 	EXP 	polygonWhiteFam: autoDraw = True
136.5732 	EXP 	imageFam: autoDraw = True
140.5742 	EXP 	polygonWhiteFam: autoDraw = False
140.5742 	EXP 	imageFam: autoDraw = False
141.0216 	EXP 	textFam: autoDraw = True
144.0224 	EXP 	polygonWhiteFam: autoDraw = False
144.0224 	EXP 	imageFam: autoDraw = False
144.0224 	EXP 	textFam: autoDraw = False
144.0224 	EXP 	textBlank500: autoDraw = True
144.5072 	EXP 	New trial (rep=0, index=12): {'image': 'REPSWITCH1_Fam/PICTURE_30.png', 'correctAns': 'granja'}
144.5233 	EXP 	textBlank500: autoDraw = False
144.5233 	EXP 	fixationITI: autoDraw = True
145.8210 	EXP 	fixationITI: autoDraw = False
145.8210 	EXP 	fixationITI: autoDraw = False
145.8210 	EXP 	imageFam: image = 'REPSWITCH1_Fam/PICTURE_30.png'
145.8210 	EXP 	polygonWhiteFam: autoDraw = True
145.8210 	EXP 	imageFam: autoDraw = True
149.8251 	EXP 	polygonWhiteFam: autoDraw = False
149.8251 	EXP 	imageFam: autoDraw = False
150.1529 	EXP 	textFam: autoDraw = True
153.1535 	EXP 	polygonWhiteFam: autoDraw = False
153.1535 	EXP 	imageFam: autoDraw = False
153.1535 	EXP 	textFam: autoDraw = False
153.1535 	EXP 	textBlank500: autoDraw = True
153.6378 	EXP 	New trial (rep=0, index=13): {'image': 'REPSWITCH1_Fam/PICTURE_319.png', 'correctAns': 'vaca'}
153.6535 	EXP 	textBlank500: autoDraw = False
153.6535 	EXP 	fixationITI: autoDraw = True
154.8022 	EXP 	fixationITI: autoDraw = False
154.8022 	EXP 	fixationITI: autoDraw = False
154.8022 	EXP 	imageFam: image = 'REPSWITCH1_Fam/PICTURE_319.png'
154.8022 	EXP 	polygonWhiteFam: autoDraw = True
154.8022 	EXP 	imageFam: autoDraw = True
158.8022 	EXP 	polygonWhiteFam: autoDraw = False
158.8022 	EXP 	imageFam: autoDraw = False
159.2843 	EXP 	textFam: autoDraw = True
162.2854 	EXP 	polygonWhiteFam: autoDraw = False
162.2854 	EXP 	imageFam: autoDraw = False
162.2854 	EXP 	textFam: autoDraw = False
162.2854 	EXP 	textBlank500: autoDraw = True
162.7711 	EXP 	New trial (rep=0, index=14): {'image': 'REPSWITCH1_Fam/PICTURE_320.png', 'correctAns': 'iglesia'}
162.7848 	EXP 	textBlank500: autoDraw = False
162.7848 	EXP 	fixationITI: autoDraw = True
163.9001 	EXP 	fixationITI: autoDraw = False
163.9001 	EXP 	fixationITI: autoDraw = False
163.9001 	EXP 	imageFam: image = 'REPSWITCH1_Fam/PICTURE_320.png'
163.9001 	EXP 	polygonWhiteFam: autoDraw = True
163.9001 	EXP 	imageFam: autoDraw = True
167.9001 	EXP 	polygonWhiteFam: autoDraw = False
167.9001 	EXP 	imageFam: autoDraw = False
168.3650 	EXP 	textFam: autoDraw = True
171.3682 	EXP 	polygonWhiteFam: autoDraw = False
171.3682 	EXP 	imageFam: autoDraw = False
171.3682 	EXP 	textFam: autoDraw = False
171.3682 	EXP 	textBlank500: autoDraw = True
171.8524 	EXP 	New trial (rep=0, index=15): {'image': 'REPSWITCH1_Fam/PICTURE_354.png', 'correctAns': 'cabra'}
171.8663 	EXP 	textBlank500: autoDraw = False
171.8663 	EXP 	fixationITI: autoDraw = True
172.9650 	EXP 	fixationITI: autoDraw = False
172.9650 	EXP 	fixationITI: autoDraw = False
172.9650 	EXP 	imageFam: image = 'REPSWITCH1_Fam/PICTURE_354.png'
172.9650 	EXP 	polygonWhiteFam: autoDraw = True
172.9650 	EXP 	imageFam: autoDraw = True
176.9654 	EXP 	polygonWhiteFam: autoDraw = False
176.9654 	EXP 	imageFam: autoDraw = False
177.4129 	EXP 	textFam: autoDraw = True
180.4151 	EXP 	polygonWhiteFam: autoDraw = False
180.4151 	EXP 	imageFam: autoDraw = False
180.4151 	EXP 	textFam: autoDraw = False
180.4151 	EXP 	textBlank500: autoDraw = True
180.8997 	EXP 	New trial (rep=0, index=16): {'image': 'REPSWITCH1_Fam/PICTURE_377.png', 'correctAns': 'babero'}
180.9143 	EXP 	textBlank500: autoDraw = False
180.9143 	EXP 	fixationITI: autoDraw = True
182.0633 	EXP 	fixationITI: autoDraw = False
182.0633 	EXP 	fixationITI: autoDraw = False
182.0633 	EXP 	imageFam: image = 'REPSWITCH1_Fam/PICTURE_377.png'
182.0633 	EXP 	polygonWhiteFam: autoDraw = True
182.0633 	EXP 	imageFam: autoDraw = True
186.0628 	EXP 	polygonWhiteFam: autoDraw = False
186.0628 	EXP 	imageFam: autoDraw = False
186.5272 	EXP 	textFam: autoDraw = True
189.5272 	EXP 	polygonWhiteFam: autoDraw = False
189.5272 	EXP 	imageFam: autoDraw = False
189.5272 	EXP 	textFam: autoDraw = False
189.5272 	EXP 	textBlank500: autoDraw = True
190.0117 	EXP 	New trial (rep=0, index=17): {'image': 'REPSWITCH1_Fam/PICTURE_381.png', 'correctAns': 'fresa'}
190.0274 	EXP 	textBlank500: autoDraw = False
190.0274 	EXP 	fixationITI: autoDraw = True
191.3930 	EXP 	fixationITI: autoDraw = False
191.3930 	EXP 	fixationITI: autoDraw = False
191.3930 	EXP 	imageFam: image = 'REPSWITCH1_Fam/PICTURE_381.png'
191.3930 	EXP 	polygonWhiteFam: autoDraw = True
191.3930 	EXP 	imageFam: autoDraw = True
195.3936 	EXP 	polygonWhiteFam: autoDraw = False
195.3936 	EXP 	imageFam: autoDraw = False
195.7751 	EXP 	textFam: autoDraw = True
198.7796 	EXP 	polygonWhiteFam: autoDraw = False
198.7796 	EXP 	imageFam: autoDraw = False
198.7796 	EXP 	textFam: autoDraw = False
198.7796 	EXP 	textBlank500: autoDraw = True
199.2635 	EXP 	New trial (rep=0, index=18): {'image': 'REPSWITCH1_Fam/PICTURE_411.png', 'correctAns': 'puño'}
199.2793 	EXP 	textBlank500: autoDraw = False
199.2793 	EXP 	fixationITI: autoDraw = True
200.5914 	EXP 	fixationITI: autoDraw = False
200.5914 	EXP 	fixationITI: autoDraw = False
200.5914 	EXP 	imageFam: image = 'REPSWITCH1_Fam/PICTURE_411.png'
200.5914 	EXP 	polygonWhiteFam: autoDraw = True
200.5914 	EXP 	imageFam: autoDraw = True
204.5945 	EXP 	polygonWhiteFam: autoDraw = False
204.5945 	EXP 	imageFam: autoDraw = False
205.0398 	EXP 	textFam: autoDraw = True
208.0404 	EXP 	textFam: autoDraw = False
208.0404 	EXP 	polygonWhiteFam: autoDraw = False
208.0404 	EXP 	imageFam: autoDraw = False
208.0404 	EXP 	textFam: autoDraw = False
208.0404 	EXP 	textBlank500: autoDraw = True
208.5265 	EXP 	New trial (rep=0, index=19): {'image': 'REPSWITCH1_Fam/PICTURE_48.png', 'correctAns': 'bombero'}
208.5407 	EXP 	textBlank500: autoDraw = False
208.5407 	EXP 	textBlank500: autoDraw = False
208.5407 	EXP 	fixationITI: autoDraw = True
209.7222 	EXP 	fixationITI: autoDraw = False
209.7222 	EXP 	fixationITI: autoDraw = False
209.7222 	EXP 	imageFam: image = 'REPSWITCH1_Fam/PICTURE_48.png'
209.7222 	EXP 	polygonWhiteFam: autoDraw = True
209.7222 	EXP 	imageFam: autoDraw = True
211.0255 	EXP 	window1: mouseVisible = True
