7.4347 	EXP 	Created window1 = Window(allowGUI=True, allowStencil=False, autoLog=True, backendConf=UNKNOWN, bitsMode=UNKNOWN, blendMode='avg', bpc=(8, 8, 8), color=array([0, 0, 0]), colorSpace='rgb', depthBits=8, fullscr=<method-wrapper '__getattribute__' of attributeSetter object at 0x000001B5DE5A5970>, gamma=None, gammaErrorPolicy='raise', lms=UNKNOWN, monitor=<psychopy.monitors.calibTools.Monitor object at 0x000001B5E052A550>, multiSample=False, name='window1', numSamples=2, pos=(192, 108), screen=0, size=array([1536,  864]), stencilBits=0, stereo=False, units='height', useFBO=True, useRetina=False, viewOri=0.0, viewPos=None, viewScale=None, waitBlanking=True, winType='pyglet')
7.4350 	EXP 	window1: mouseVisible = True
7.4352 	EXP 	window1: mouseVisible = True
7.4352 	EXP 	window1: Attempting to measure frame rate of screen (0) ...
7.4353 	EXP 	window1: recordFrameIntervals = False
7.5992 	EXP 	window1: recordFrameIntervals = True
7.7828 	EXP 	Screen (0) actual frame rate measured at 60.01Hz
7.7828 	EXP 	window1: recordFrameIntervals = False
7.8143 	WARNING 	launchHubServer: If using the iohub mouse or eyetracker devices, fullScr should be True.
9.6032 	EXP 	Created textWelcome = TextStim(__class__=<class 'psychopy.visual.text.TextStim'>, alignHoriz=method-wrapper(...), alignText='center', alignVert=method-wrapper(...), anchorHoriz='center', anchorVert='center', antialias=True, autoDraw=False, autoLog=True, bold=False, color=array([1, 1, 1]), colorSpace='rgb', contrast=1.0, depth=0.0, flipHoriz=False, flipVert=False, font='Open Sans', fontFiles=[], height=0.05, italic=False, languageStyle='LTR', name='textWelcome', opacity=1.0, ori=0.0, pos=array([0., 0.]), rgb=UNKNOWN, text='Welcome to the experiment!', units='height', win=Window(...), wrapWidth=1)
9.6042 	EXP 	Created textBlank500 = TextStim(__class__=<class 'psychopy.visual.text.TextStim'>, alignHoriz=method-wrapper(...), alignText='center', alignVert=method-wrapper(...), anchorHoriz='center', anchorVert='center', antialias=True, autoDraw=False, autoLog=True, bold=False, color=array([1, 1, 1]), colorSpace='rgb', contrast=1.0, depth=0.0, flipHoriz=False, flipVert=False, font='Open Sans', fontFiles=[], height=0.05, italic=False, languageStyle='LTR', name='textBlank500', opacity=1.0, ori=0.0, pos=array([0., 0.]), rgb=UNKNOWN, text='', units='height', win=Window(...), wrapWidth=1)
9.6299 	EXP 	Created textInstructions = TextStim(__class__=<class 'psychopy.visual.text.TextStim'>, alignHoriz=method-wrapper(...), alignText='center', alignVert=method-wrapper(...), anchorHoriz='center', anchorVert='center', antialias=True, autoDraw=False, autoLog=True, bold=False, color=array([1, 1, 1]), colorSpace='rgb', contrast=1.0, depth=0.0, flipHoriz=False, flipVert=False, font='Open Sans', fontFiles=[], height=0.05, italic=False, languageStyle='LTR', name='textInstructions', opacity=1.0, ori=0.0, pos=array([0., 0.]), rgb=UNKNOWN, text=str(...), units='height', win=Window(...), wrapWidth=1)
9.6309 	EXP 	Created textBlank500 = TextStim(__class__=<class 'psychopy.visual.text.TextStim'>, alignHoriz=method-wrapper(...), alignText='center', alignVert=method-wrapper(...), anchorHoriz='center', anchorVert='center', antialias=True, autoDraw=False, autoLog=True, bold=False, color=array([1, 1, 1]), colorSpace='rgb', contrast=1.0, depth=0.0, flipHoriz=False, flipVert=False, font='Open Sans', fontFiles=[], height=0.05, italic=False, languageStyle='LTR', name='textBlank500', opacity=1.0, ori=0.0, pos=array([0., 0.]), rgb=UNKNOWN, text='', units='height', win=Window(...), wrapWidth=1)
9.6333 	EXP 	Created fixationITI = ShapeStim(__class__=<class 'psychopy.visual.shape.ShapeStim'>, anchor=('center', 'center'), autoDraw=False, autoLog=True, closeShape=True, color=method-wrapper(...), colorSpace='rgb', contrast=None, depth=0.0, fillColor=array([1, 1, 1]), fillColorSpace='rgb', fillRGB=array([1, 1, 1]), interpolate=True, lineColor=array([1, 1, 1]), lineColorSpace='rgb', lineRGB=array([1, 1, 1]), lineWidth=1.0, name='fixationITI', opacity=1.0, ori=0.0, pos=array([0., 0.]), size=array([0.1, 0.1]), units='height', vertices=ndarray(...), win=Window(...), windingRule=None)
9.6350 	EXP 	Created polygonColour = Rect(__class__=<class 'psychopy.visual.rect.Rect'>, anchor=('center', 'center'), autoDraw=False, autoLog=True, closeShape=True, color=method-wrapper(...), colorSpace='rgb', contrast=None, depth=0.0, fillColor=array([1, 1, 1]), fillColorSpace='rgb', fillRGB=array([1, 1, 1]), interpolate=True, lineColor=array([1, 1, 1]), lineColorSpace='rgb', lineRGB=array([1, 1, 1]), lineWidth=1.0, name='polygonColour', opacity=1.0, ori=0.0, pos=array([0., 0.]), size=array([0.55, 0.55]), units='height', vertices=ndarray(...), win=Window(...))
9.6361 	EXP 	Created polygonWhite = Rect(__class__=<class 'psychopy.visual.rect.Rect'>, anchor=('center', 'center'), autoDraw=False, autoLog=True, closeShape=True, color=method-wrapper(...), colorSpace='rgb', contrast=None, depth=-1.0, fillColor=array([1, 1, 1]), fillColorSpace='rgb', fillRGB=array([1, 1, 1]), interpolate=True, lineColor=array([1, 1, 1]), lineColorSpace='rgb', lineRGB=array([1, 1, 1]), lineWidth=1.0, name='polygonWhite', opacity=1.0, ori=0.0, pos=array([0., 0.]), size=array([0.5, 0.5]), units='height', vertices=ndarray(...), win=Window(...))
9.6452 	EXP 	Created imageObject = ImageStim(__class__=<class 'psychopy.visual.image.ImageStim'>, anchor=('center', 'center'), autoLog=True, color=array([1, 1, 1]), colorSpace='rgb', contrast=1.0, depth=-2.0, flipHoriz=False, flipVert=False, image='sin', interpolate=True, mask=None, maskParams=None, name='imageObject', opacity=1.0, ori=0.0, pos=array([0., 0.]), size=array([0.5, 0.5]), texRes=128.0, units='height', win=Window(...))
9.6457 	EXP 	Created textInput = TextStim(__class__=<class 'psychopy.visual.text.TextStim'>, alignHoriz=method-wrapper(...), alignText='center', alignVert=method-wrapper(...), anchorHoriz='center', anchorVert='center', antialias=True, autoDraw=False, autoLog=True, bold=False, color=array([1., 1., 1.]), colorSpace='rgb', contrast=1.0, depth=-3.0, flipHoriz=False, flipVert=False, font='Open Sans', fontFiles=[], height=0.05, italic=False, languageStyle='LTR', name='textInput', opacity=1.0, ori=0.0, pos=array([0., 0.]), rgb=UNKNOWN, text='', units='height', win=Window(...), wrapWidth=1)
10.9898 	EXP 	Created textBlank500 = TextStim(__class__=<class 'psychopy.visual.text.TextStim'>, alignHoriz=method-wrapper(...), alignText='center', alignVert=method-wrapper(...), anchorHoriz='center', anchorVert='center', antialias=True, autoDraw=False, autoLog=True, bold=False, color=array([1, 1, 1]), colorSpace='rgb', contrast=1.0, depth=0.0, flipHoriz=False, flipVert=False, font='Open Sans', fontFiles=[], height=0.05, italic=False, languageStyle='LTR', name='textBlank500', opacity=1.0, ori=0.0, pos=array([0., 0.]), rgb=UNKNOWN, text='', units='height', win=Window(...), wrapWidth=1)
10.9966 	EXP 	Created textGoodbye = TextStim(__class__=<class 'psychopy.visual.text.TextStim'>, alignHoriz=method-wrapper(...), alignText='center', alignVert=method-wrapper(...), anchorHoriz='center', anchorVert='center', antialias=True, autoDraw=False, autoLog=True, bold=False, color=array([1, 1, 1]), colorSpace='rgb', contrast=1.0, depth=0.0, flipHoriz=False, flipVert=False, font='Open Sans', fontFiles=[], height=0.05, italic=False, languageStyle='LTR', name='textGoodbye', opacity=1.0, ori=0.0, pos=array([0., 0.]), rgb=UNKNOWN, text='Thank you for participating!', units='height', win=Window(...), wrapWidth=1)
11.0178 	EXP 	textWelcome: autoDraw = True
12.0321 	DATA 	Keypress: space
13.0135 	EXP 	textWelcome: autoDraw = False
13.0135 	EXP 	textBlank500: autoDraw = True
13.5144 	EXP 	textBlank500: autoDraw = False
13.5144 	EXP 	textInstructions: autoDraw = True
13.9658 	DATA 	Keypress: space
13.9803 	EXP 	textInstructions: autoDraw = False
13.9803 	EXP 	textBlank500: autoDraw = True
14.4942 	EXP 	Imported repswitch.xlsx as conditions, 96 conditions, 8 params
14.4955 	EXP 	Created sequence: sequential, trialTypes=96, nReps=1, seed=None
14.4959 	EXP 	New trial (rep=0, index=0): {'image': 'REPSWITCH1/PICTURE_1.png', 'correctAns': 'ratón', 'respModal': 'speak', 'frameColour': 'yellow', 'repSwitch': 'nontarget', 'sequence': 2, 'target': 'NT', 'stimulus': 'Stim1_Set1'}
14.5125 	EXP 	textBlank500: autoDraw = False
14.5125 	EXP 	textBlank500: autoDraw = False
14.5125 	EXP 	fixationITI: autoDraw = True
15.5797 	EXP 	fixationITI: autoDraw = False
15.5797 	EXP 	fixationITI: autoDraw = False
15.5797 	EXP 	polygonColour: fillColor = <psychopy.colors.Color: yellow, alpha=1.0>
15.5797 	EXP 	polygonColour: borderColor = <psychopy.colors.Color: yellow, alpha=1.0>
15.5797 	EXP 	imageObject: image = 'REPSWITCH1/PICTURE_1.png'
15.5797 	EXP 	polygonColour: autoDraw = True
15.5797 	EXP 	polygonWhite: autoDraw = True
15.5797 	EXP 	imageObject: autoDraw = True
15.5797 	EXP 	textInput: autoDraw = True
15.5797 	EXP 	textInput: height = 0.05
15.5797 	EXP 	textInput: height = 0.05
15.5797 	EXP 	textInput: height = 0.05
15.5797 	EXP 	textInput: text = ''
15.9994 	DATA 	Keypress: r
16.0828 	DATA 	Keypress: a
16.2664 	DATA 	Keypress: t
16.2846 	DATA 	Keypress: o
16.4330 	DATA 	Keypress: n
17.3325 	DATA 	Keypress: quoteleft
18.5154 	DATA 	Keypress: escape
18.5625 	EXP 	polygonColour: autoDraw = False
18.5625 	EXP 	polygonWhite: autoDraw = False
18.5625 	EXP 	imageObject: autoDraw = False
18.5625 	EXP 	textInput: autoDraw = False
18.5625 	EXP 	textBlank500: autoDraw = True
19.0525 	EXP 	window1: mouseVisible = True
