6.7926 	EXP 	Created window1 = Window(allowGUI=True, allowStencil=False, autoLog=True, backendConf=UNKNOWN, bitsMode=UNKNOWN, blendMode='avg', bpc=(8, 8, 8), color=array([0, 0, 0]), colorSpace='rgb', depthBits=8, fullscr=<method-wrapper '__getattribute__' of attributeSetter object at 0x0000018686D188B0>, gamma=None, gammaErrorPolicy='raise', lms=UNKNOWN, monitor=<psychopy.monitors.calibTools.Monitor object at 0x0000018687CEC400>, multiSample=False, name='window1', numSamples=2, pos=(192, 108), screen=0, size=array([1536,  864]), stencilBits=0, stereo=False, units='height', useFBO=True, useRetina=False, viewOri=0.0, viewPos=None, viewScale=None, waitBlanking=True, winType='pyglet')
6.7929 	EXP 	window1: mouseVisible = True
6.7930 	EXP 	window1: mouseVisible = True
6.7930 	EXP 	window1: Attempting to measure frame rate of screen (0) ...
6.7931 	EXP 	window1: recordFrameIntervals = False
6.9579 	EXP 	window1: recordFrameIntervals = True
7.1411 	EXP 	Screen (0) actual frame rate measured at 60.11Hz
7.1412 	EXP 	window1: recordFrameIntervals = False
7.1710 	WARNING 	launchHubServer: If using the iohub mouse or eyetracker devices, fullScr should be True.
8.9584 	EXP 	Created textWelcome = TextStim(__class__=<class 'psychopy.visual.text.TextStim'>, alignHoriz=method-wrapper(...), alignText='center', alignVert=method-wrapper(...), anchorHoriz='center', anchorVert='center', antialias=True, autoDraw=False, autoLog=True, bold=False, color=array([1, 1, 1]), colorSpace='rgb', contrast=1.0, depth=0.0, flipHoriz=False, flipVert=False, font='Open Sans', fontFiles=[], height=0.05, italic=False, languageStyle='LTR', name='textWelcome', opacity=1.0, ori=0.0, pos=array([0., 0.]), rgb=UNKNOWN, text='Welcome to the experiment!', units='height', win=Window(...), wrapWidth=1)
8.9594 	EXP 	Created textBlank500 = TextStim(__class__=<class 'psychopy.visual.text.TextStim'>, alignHoriz=method-wrapper(...), alignText='center', alignVert=method-wrapper(...), anchorHoriz='center', anchorVert='center', antialias=True, autoDraw=False, autoLog=True, bold=False, color=array([1, 1, 1]), colorSpace='rgb', contrast=1.0, depth=0.0, flipHoriz=False, flipVert=False, font='Open Sans', fontFiles=[], height=0.05, italic=False, languageStyle='LTR', name='textBlank500', opacity=1.0, ori=0.0, pos=array([0., 0.]), rgb=UNKNOWN, text='', units='height', win=Window(...), wrapWidth=1)
8.9850 	EXP 	Created textInstructions = TextStim(__class__=<class 'psychopy.visual.text.TextStim'>, alignHoriz=method-wrapper(...), alignText='center', alignVert=method-wrapper(...), anchorHoriz='center', anchorVert='center', antialias=True, autoDraw=False, autoLog=True, bold=False, color=array([1, 1, 1]), colorSpace='rgb', contrast=1.0, depth=0.0, flipHoriz=False, flipVert=False, font='Open Sans', fontFiles=[], height=0.05, italic=False, languageStyle='LTR', name='textInstructions', opacity=1.0, ori=0.0, pos=array([0., 0.]), rgb=UNKNOWN, text=str(...), units='height', win=Window(...), wrapWidth=1)
8.9862 	EXP 	Created textBlank500 = TextStim(__class__=<class 'psychopy.visual.text.TextStim'>, alignHoriz=method-wrapper(...), alignText='center', alignVert=method-wrapper(...), anchorHoriz='center', anchorVert='center', antialias=True, autoDraw=False, autoLog=True, bold=False, color=array([1, 1, 1]), colorSpace='rgb', contrast=1.0, depth=0.0, flipHoriz=False, flipVert=False, font='Open Sans', fontFiles=[], height=0.05, italic=False, languageStyle='LTR', name='textBlank500', opacity=1.0, ori=0.0, pos=array([0., 0.]), rgb=UNKNOWN, text='', units='height', win=Window(...), wrapWidth=1)
8.9885 	EXP 	Created fixationITI = ShapeStim(__class__=<class 'psychopy.visual.shape.ShapeStim'>, anchor=('center', 'center'), autoDraw=False, autoLog=True, closeShape=True, color=method-wrapper(...), colorSpace='rgb', contrast=None, depth=0.0, fillColor=array([1, 1, 1]), fillColorSpace='rgb', fillRGB=array([1, 1, 1]), interpolate=True, lineColor=array([1, 1, 1]), lineColorSpace='rgb', lineRGB=array([1, 1, 1]), lineWidth=1.0, name='fixationITI', opacity=1.0, ori=0.0, pos=array([0., 0.]), size=array([0.1, 0.1]), units='height', vertices=ndarray(...), win=Window(...), windingRule=None)
8.9905 	EXP 	Created polygonColour = Rect(__class__=<class 'psychopy.visual.rect.Rect'>, anchor=('center', 'center'), autoDraw=False, autoLog=True, closeShape=True, color=method-wrapper(...), colorSpace='rgb', contrast=None, depth=0.0, fillColor=array([1, 1, 1]), fillColorSpace='rgb', fillRGB=array([1, 1, 1]), interpolate=True, lineColor=array([1, 1, 1]), lineColorSpace='rgb', lineRGB=array([1, 1, 1]), lineWidth=1.0, name='polygonColour', opacity=1.0, ori=0.0, pos=array([0., 0.]), size=array([0.55, 0.55]), units='height', vertices=ndarray(...), win=Window(...))
8.9916 	EXP 	Created polygonWhite = Rect(__class__=<class 'psychopy.visual.rect.Rect'>, anchor=('center', 'center'), autoDraw=False, autoLog=True, closeShape=True, color=method-wrapper(...), colorSpace='rgb', contrast=None, depth=-1.0, fillColor=array([1, 1, 1]), fillColorSpace='rgb', fillRGB=array([1, 1, 1]), interpolate=True, lineColor=array([1, 1, 1]), lineColorSpace='rgb', lineRGB=array([1, 1, 1]), lineWidth=1.0, name='polygonWhite', opacity=1.0, ori=0.0, pos=array([0., 0.]), size=array([0.5, 0.5]), units='height', vertices=ndarray(...), win=Window(...))
9.0008 	EXP 	Created imageObject = ImageStim(__class__=<class 'psychopy.visual.image.ImageStim'>, anchor=('center', 'center'), autoLog=True, color=array([1, 1, 1]), colorSpace='rgb', contrast=1.0, depth=-2.0, flipHoriz=False, flipVert=False, image='sin', interpolate=True, mask=None, maskParams=None, name='imageObject', opacity=1.0, ori=0.0, pos=array([0., 0.]), size=array([0.5, 0.5]), texRes=128.0, units='height', win=Window(...))
9.0014 	EXP 	Created textInput = TextStim(__class__=<class 'psychopy.visual.text.TextStim'>, alignHoriz=method-wrapper(...), alignText='center', alignVert=method-wrapper(...), anchorHoriz='center', anchorVert='center', antialias=True, autoDraw=False, autoLog=True, bold=False, color=array([-1., -1., -1.]), colorSpace='rgb', contrast=1.0, depth=-3.0, flipHoriz=False, flipVert=False, font='Open Sans', fontFiles=[], height=0.05, italic=False, languageStyle='LTR', name='textInput', opacity=1.0, ori=0.0, pos=array([0., 0.]), rgb=UNKNOWN, text='', units='height', win=Window(...), wrapWidth=1)
9.0025 	EXP 	Created polygonText = Rect(__class__=<class 'psychopy.visual.rect.Rect'>, anchor=('center', 'center'), autoDraw=False, autoLog=True, closeShape=True, color=method-wrapper(...), colorSpace='rgb', contrast=None, depth=-4.0, fillColor=array([1., 1., 1.]), fillColorSpace='rgb', fillRGB=array([1., 1., 1.]), interpolate=True, lineColor=array([1., 1., 1.]), lineColorSpace='rgb', lineRGB=array([1., 1., 1.]), lineWidth=1.0, name='polygonText', opacity=1.0, ori=0.0, pos=array([0., 0.]), size=array([0., 0.]), units='height', vertices=ndarray(...), win=Window(...))
10.3650 	EXP 	Created textBlank500 = TextStim(__class__=<class 'psychopy.visual.text.TextStim'>, alignHoriz=method-wrapper(...), alignText='center', alignVert=method-wrapper(...), anchorHoriz='center', anchorVert='center', antialias=True, autoDraw=False, autoLog=True, bold=False, color=array([1, 1, 1]), colorSpace='rgb', contrast=1.0, depth=0.0, flipHoriz=False, flipVert=False, font='Open Sans', fontFiles=[], height=0.05, italic=False, languageStyle='LTR', name='textBlank500', opacity=1.0, ori=0.0, pos=array([0., 0.]), rgb=UNKNOWN, text='', units='height', win=Window(...), wrapWidth=1)
10.3717 	EXP 	Created textGoodbye = TextStim(__class__=<class 'psychopy.visual.text.TextStim'>, alignHoriz=method-wrapper(...), alignText='center', alignVert=method-wrapper(...), anchorHoriz='center', anchorVert='center', antialias=True, autoDraw=False, autoLog=True, bold=False, color=array([1, 1, 1]), colorSpace='rgb', contrast=1.0, depth=0.0, flipHoriz=False, flipVert=False, font='Open Sans', fontFiles=[], height=0.05, italic=False, languageStyle='LTR', name='textGoodbye', opacity=1.0, ori=0.0, pos=array([0., 0.]), rgb=UNKNOWN, text='Thank you for participating!', units='height', win=Window(...), wrapWidth=1)
10.3952 	EXP 	textWelcome: autoDraw = True
12.3891 	EXP 	textWelcome: autoDraw = False
12.3891 	EXP 	textBlank500: autoDraw = True
12.8896 	EXP 	textBlank500: autoDraw = False
12.8896 	EXP 	textInstructions: autoDraw = True
13.5744 	DATA 	Keypress: space
13.5889 	EXP 	textInstructions: autoDraw = False
13.5889 	EXP 	textBlank500: autoDraw = True
14.1031 	EXP 	Imported repswitch.xlsx as conditions, 96 conditions, 8 params
14.1044 	EXP 	Created sequence: sequential, trialTypes=96, nReps=1, seed=None
14.1048 	EXP 	New trial (rep=0, index=0): {'image': 'REPSWITCH1/PICTURE_1.png', 'correctAns': 'ratón', 'respModal': 'speak', 'frameColour': 'yellow', 'repSwitch': 'nontarget', 'sequence': 2, 'target': 'NT', 'stimulus': 'Stim1_Set1'}
14.1207 	EXP 	textBlank500: autoDraw = False
14.1207 	EXP 	textBlank500: autoDraw = False
14.1207 	EXP 	fixationITI: autoDraw = True
15.4717 	EXP 	fixationITI: autoDraw = False
15.4717 	EXP 	fixationITI: autoDraw = False
15.4717 	EXP 	polygonColour: fillColor = <psychopy.colors.Color: yellow, alpha=1.0>
15.4717 	EXP 	polygonColour: borderColor = <psychopy.colors.Color: yellow, alpha=1.0>
15.4717 	EXP 	imageObject: image = 'REPSWITCH1/PICTURE_1.png'
15.4717 	EXP 	polygonColour: autoDraw = True
15.4717 	EXP 	polygonWhite: autoDraw = True
15.4717 	EXP 	imageObject: autoDraw = True
15.4717 	EXP 	textInput: autoDraw = True
15.4717 	EXP 	polygonText: autoDraw = True
15.4717 	EXP 	textInput: height = 0.05
15.4717 	EXP 	textInput: height = 0.05
15.4717 	EXP 	textInput: height = 0.05
15.4717 	EXP 	textInput: text = ''
15.8748 	DATA 	Keypress: r
15.9420 	DATA 	Keypress: a
16.1416 	DATA 	Keypress: t
16.2082 	DATA 	Keypress: o
16.3579 	DATA 	Keypress: n
17.0577 	DATA 	Keypress: return
18.4544 	EXP 	polygonColour: autoDraw = False
18.4544 	EXP 	polygonWhite: autoDraw = False
18.4544 	EXP 	imageObject: autoDraw = False
18.4544 	EXP 	textInput: autoDraw = False
18.4544 	EXP 	polygonText: autoDraw = False
18.4544 	EXP 	textBlank500: autoDraw = True
18.9379 	EXP 	New trial (rep=0, index=1): {'image': 'REPSWITCH1/PICTURE_1.png', 'correctAns': 'ratón', 'respModal': 'speak', 'frameColour': 'yellow', 'repSwitch': 'repeat', 'sequence': 2, 'target': 'T', 'stimulus': 'Stim1_Set1'}
18.9543 	EXP 	textBlank500: autoDraw = False
18.9543 	EXP 	fixationITI: autoDraw = True
20.0386 	EXP 	fixationITI: autoDraw = False
20.0386 	EXP 	fixationITI: autoDraw = False
20.0386 	EXP 	polygonColour: fillColor = <psychopy.colors.Color: yellow, alpha=1.0>
20.0386 	EXP 	polygonColour: borderColor = <psychopy.colors.Color: yellow, alpha=1.0>
20.0386 	EXP 	imageObject: image = 'REPSWITCH1/PICTURE_1.png'
20.0386 	EXP 	polygonColour: autoDraw = True
20.0386 	EXP 	polygonWhite: autoDraw = True
20.0386 	EXP 	imageObject: autoDraw = True
20.0386 	EXP 	textInput: autoDraw = True
20.0386 	EXP 	polygonText: autoDraw = True
20.8906 	DATA 	Keypress: r
21.0073 	DATA 	Keypress: a
21.1735 	DATA 	Keypress: t
21.2069 	DATA 	Keypress: o
21.3239 	DATA 	Keypress: n
21.6566 	DATA 	Keypress: quoteleft
23.0364 	EXP 	polygonColour: autoDraw = False
23.0364 	EXP 	polygonWhite: autoDraw = False
23.0364 	EXP 	imageObject: autoDraw = False
23.0364 	EXP 	textInput: autoDraw = False
23.0364 	EXP 	polygonText: autoDraw = False
23.0364 	EXP 	polygonColour: autoDraw = False
23.0364 	EXP 	polygonWhite: autoDraw = False
23.0364 	EXP 	imageObject: autoDraw = False
23.0364 	EXP 	textInput: autoDraw = False
23.0364 	EXP 	polygonText: autoDraw = False
23.0364 	EXP 	textBlank500: autoDraw = True
23.5208 	EXP 	New trial (rep=0, index=2): {'image': 'REPSWITCH1/PICTURE_599.png', 'correctAns': 'nube', 'respModal': 'type', 'frameColour': 'blue', 'repSwitch': 'filler', 'sequence': 1, 'target': 'F', 'stimulus': 'Stim1_Set3'}
23.5366 	EXP 	textBlank500: autoDraw = False
23.5366 	EXP 	textBlank500: autoDraw = False
23.5366 	EXP 	fixationITI: autoDraw = True
24.8025 	EXP 	fixationITI: autoDraw = False
24.8025 	EXP 	fixationITI: autoDraw = False
24.8025 	EXP 	polygonColour: fillColor = <psychopy.colors.Color: blue, alpha=1.0>
24.8025 	EXP 	polygonColour: borderColor = <psychopy.colors.Color: blue, alpha=1.0>
24.8025 	EXP 	imageObject: image = 'REPSWITCH1/PICTURE_599.png'
24.8025 	EXP 	polygonColour: autoDraw = True
24.8025 	EXP 	polygonWhite: autoDraw = True
24.8025 	EXP 	imageObject: autoDraw = True
24.8025 	EXP 	textInput: autoDraw = True
24.8025 	EXP 	polygonText: autoDraw = True
24.9226 	DATA 	Keypress: escape
25.4212 	EXP 	window1: mouseVisible = True
