93.5757 	EXP 	Created window1 = Window(allowGUI=True, allowStencil=False, autoLog=True, backendConf=UNKNOWN, bitsMode=UNKNOWN, blendMode='avg', bpc=(8, 8, 8), color=array([0, 0, 0]), colorSpace='rgb', depthBits=8, fullscr=<method-wrapper '__getattribute__' of attributeSetter object at 0x000001E795AB5940>, gamma=None, gammaErrorPolicy='raise', lms=UNKNOWN, monitor=<psychopy.monitors.calibTools.Monitor object at 0x000001E797A3A4C0>, multiSample=False, name='window1', numSamples=2, pos=(192, 108), screen=0, size=array([1536,  864]), stencilBits=0, stereo=False, units='height', useFBO=True, useRetina=False, viewOri=0.0, viewPos=None, viewScale=None, waitBlanking=True, winType='pyglet')
93.5758 	EXP 	window1: mouseVisible = True
93.5759 	EXP 	window1: mouseVisible = True
93.5760 	EXP 	window1: Attempting to measure frame rate of screen (0) ...
93.5760 	EXP 	window1: recordFrameIntervals = False
93.7404 	EXP 	window1: recordFrameIntervals = True
93.9232 	EXP 	Screen (0) actual frame rate measured at 60.58Hz
93.9233 	EXP 	window1: recordFrameIntervals = False
94.1595 	WARNING 	launchHubServer: If using the iohub mouse or eyetracker devices, fullScr should be True.
97.1667 	EXP 	Created textWelcome = TextStim(__class__=<class 'psychopy.visual.text.TextStim'>, alignHoriz=method-wrapper(...), alignText='center', alignVert=method-wrapper(...), anchorHoriz='center', anchorVert='center', antialias=True, autoDraw=False, autoLog=True, bold=False, color=array([1, 1, 1]), colorSpace='rgb', contrast=1.0, depth=0.0, flipHoriz=False, flipVert=False, font='Open Sans', fontFiles=[], height=0.05, italic=False, languageStyle='LTR', name='textWelcome', opacity=1.0, ori=0.0, pos=array([0., 0.]), rgb=UNKNOWN, text='Welcome to the experiment!', units='height', win=Window(...), wrapWidth=1)
97.1679 	EXP 	Created textBlank500 = TextStim(__class__=<class 'psychopy.visual.text.TextStim'>, alignHoriz=method-wrapper(...), alignText='center', alignVert=method-wrapper(...), anchorHoriz='center', anchorVert='center', antialias=True, autoDraw=False, autoLog=True, bold=False, color=array([1, 1, 1]), colorSpace='rgb', contrast=1.0, depth=0.0, flipHoriz=False, flipVert=False, font='Open Sans', fontFiles=[], height=0.05, italic=False, languageStyle='LTR', name='textBlank500', opacity=1.0, ori=0.0, pos=array([0., 0.]), rgb=UNKNOWN, text='', units='height', win=Window(...), wrapWidth=1)
97.1987 	EXP 	Created textInstructions = TextStim(__class__=<class 'psychopy.visual.text.TextStim'>, alignHoriz=method-wrapper(...), alignText='center', alignVert=method-wrapper(...), anchorHoriz='center', anchorVert='center', antialias=True, autoDraw=False, autoLog=True, bold=False, color=array([1, 1, 1]), colorSpace='rgb', contrast=1.0, depth=0.0, flipHoriz=False, flipVert=False, font='Open Sans', fontFiles=[], height=0.05, italic=False, languageStyle='LTR', name='textInstructions', opacity=1.0, ori=0.0, pos=array([0., 0.]), rgb=UNKNOWN, text=str(...), units='height', win=Window(...), wrapWidth=1)
97.2002 	EXP 	Created textBlank500 = TextStim(__class__=<class 'psychopy.visual.text.TextStim'>, alignHoriz=method-wrapper(...), alignText='center', alignVert=method-wrapper(...), anchorHoriz='center', anchorVert='center', antialias=True, autoDraw=False, autoLog=True, bold=False, color=array([1, 1, 1]), colorSpace='rgb', contrast=1.0, depth=0.0, flipHoriz=False, flipVert=False, font='Open Sans', fontFiles=[], height=0.05, italic=False, languageStyle='LTR', name='textBlank500', opacity=1.0, ori=0.0, pos=array([0., 0.]), rgb=UNKNOWN, text='', units='height', win=Window(...), wrapWidth=1)
97.2129 	EXP 	Created fixationITI = ShapeStim(__class__=<class 'psychopy.visual.shape.ShapeStim'>, anchor=('center', 'center'), autoDraw=False, autoLog=True, closeShape=True, color=method-wrapper(...), colorSpace='rgb', contrast=None, depth=0.0, fillColor=array([1, 1, 1]), fillColorSpace='rgb', fillRGB=array([1, 1, 1]), interpolate=True, lineColor=array([1, 1, 1]), lineColorSpace='rgb', lineRGB=array([1, 1, 1]), lineWidth=1.0, name='fixationITI', opacity=1.0, ori=0.0, pos=array([0., 0.]), size=array([0.1, 0.1]), units='height', vertices=ndarray(...), win=Window(...), windingRule=None)
97.2435 	EXP 	Created polygonColour = Rect(__class__=<class 'psychopy.visual.rect.Rect'>, anchor=('center', 'center'), autoDraw=False, autoLog=True, closeShape=True, color=method-wrapper(...), colorSpace='rgb', contrast=None, depth=0.0, fillColor=array([1, 1, 1]), fillColorSpace='rgb', fillRGB=array([1, 1, 1]), interpolate=True, lineColor=array([1, 1, 1]), lineColorSpace='rgb', lineRGB=array([1, 1, 1]), lineWidth=1.0, name='polygonColour', opacity=1.0, ori=0.0, pos=array([0., 0.]), size=array([0.55, 0.55]), units='height', vertices=ndarray(...), win=Window(...))
97.2446 	EXP 	Created polygonWhite = Rect(__class__=<class 'psychopy.visual.rect.Rect'>, anchor=('center', 'center'), autoDraw=False, autoLog=True, closeShape=True, color=method-wrapper(...), colorSpace='rgb', contrast=None, depth=-1.0, fillColor=array([1, 1, 1]), fillColorSpace='rgb', fillRGB=array([1, 1, 1]), interpolate=True, lineColor=array([1, 1, 1]), lineColorSpace='rgb', lineRGB=array([1, 1, 1]), lineWidth=1.0, name='polygonWhite', opacity=1.0, ori=0.0, pos=array([0., 0.]), size=array([0.5, 0.5]), units='height', vertices=ndarray(...), win=Window(...))
97.3101 	EXP 	Created imageObject = ImageStim(__class__=<class 'psychopy.visual.image.ImageStim'>, anchor=('center', 'center'), autoLog=True, color=array([1, 1, 1]), colorSpace='rgb', contrast=1.0, depth=-2.0, flipHoriz=False, flipVert=False, image='sin', interpolate=True, mask=None, maskParams=None, name='imageObject', opacity=1.0, ori=0.0, pos=array([0., 0.]), size=array([0.5, 0.5]), texRes=128.0, units='height', win=Window(...))
97.3107 	EXP 	Created textInput = TextStim(__class__=<class 'psychopy.visual.text.TextStim'>, alignHoriz=method-wrapper(...), alignText='center', alignVert=method-wrapper(...), anchorHoriz='center', anchorVert='center', antialias=True, autoDraw=False, autoLog=True, bold=False, color=array([-1., -1., -1.]), colorSpace='rgb', contrast=1.0, depth=-3.0, flipHoriz=False, flipVert=False, font='Open Sans', fontFiles=[], height=0.05, italic=False, languageStyle='LTR', name='textInput', opacity=1.0, ori=0.0, pos=array([0., 0.]), rgb=UNKNOWN, text='', units='height', win=Window(...), wrapWidth=1)
98.6608 	EXP 	Created textBlank500 = TextStim(__class__=<class 'psychopy.visual.text.TextStim'>, alignHoriz=method-wrapper(...), alignText='center', alignVert=method-wrapper(...), anchorHoriz='center', anchorVert='center', antialias=True, autoDraw=False, autoLog=True, bold=False, color=array([1, 1, 1]), colorSpace='rgb', contrast=1.0, depth=0.0, flipHoriz=False, flipVert=False, font='Open Sans', fontFiles=[], height=0.05, italic=False, languageStyle='LTR', name='textBlank500', opacity=1.0, ori=0.0, pos=array([0., 0.]), rgb=UNKNOWN, text='', units='height', win=Window(...), wrapWidth=1)
98.6703 	EXP 	Created textGoodbye = TextStim(__class__=<class 'psychopy.visual.text.TextStim'>, alignHoriz=method-wrapper(...), alignText='center', alignVert=method-wrapper(...), anchorHoriz='center', anchorVert='center', antialias=True, autoDraw=False, autoLog=True, bold=False, color=array([1, 1, 1]), colorSpace='rgb', contrast=1.0, depth=0.0, flipHoriz=False, flipVert=False, font='Open Sans', fontFiles=[], height=0.05, italic=False, languageStyle='LTR', name='textGoodbye', opacity=1.0, ori=0.0, pos=array([0., 0.]), rgb=UNKNOWN, text='Thank you for participating!', units='height', win=Window(...), wrapWidth=1)
98.7081 	EXP 	textWelcome: autoDraw = True
100.6874 	EXP 	textWelcome: autoDraw = False
100.6874 	EXP 	textBlank500: autoDraw = True
101.1879 	EXP 	textBlank500: autoDraw = False
101.1879 	EXP 	textInstructions: autoDraw = True
102.3889 	DATA 	Keypress: space
102.4033 	EXP 	textInstructions: autoDraw = False
102.4033 	EXP 	textBlank500: autoDraw = True
103.0334 	EXP 	Imported repswitch.xlsx as conditions, 96 conditions, 8 params
103.0549 	EXP 	Created sequence: sequential, trialTypes=96, nReps=1, seed=None
103.0553 	EXP 	New trial (rep=0, index=0): {'image': 'REPSWITCH1/PICTURE_1.png', 'correctAns': 'ratón', 'respModal': 'speak', 'frameColour': 'red', 'repSwitch': 'nontarget', 'sequence': 2, 'target': 'NT', 'stimulus': 'Stim1_Set1'}
103.0846 	EXP 	textBlank500: autoDraw = False
103.0846 	EXP 	textBlank500: autoDraw = False
103.0846 	EXP 	fixationITI: autoDraw = True
104.4024 	EXP 	fixationITI: autoDraw = False
104.4024 	EXP 	fixationITI: autoDraw = False
104.4024 	EXP 	polygonColour: fillColor = <psychopy.colors.Color: red, alpha=1.0>
104.4024 	EXP 	polygonColour: borderColor = <psychopy.colors.Color: red, alpha=1.0>
104.4024 	EXP 	imageObject: image = 'REPSWITCH1/PICTURE_1.png'
104.4024 	EXP 	polygonColour: autoDraw = True
104.4024 	EXP 	polygonWhite: autoDraw = True
104.4024 	EXP 	imageObject: autoDraw = True
104.4024 	EXP 	textInput: autoDraw = True
104.4024 	EXP 	textInput: height = 0.05
104.4024 	EXP 	textInput: height = 0.05
104.4024 	EXP 	textInput: height = 0.05
104.4024 	EXP 	textInput: text = ''
106.2723 	DATA 	Keypress: m
106.4221 	DATA 	Keypress: o
106.5240 	DATA 	Keypress: u
106.6223 	DATA 	Keypress: s
106.6724 	DATA 	Keypress: e
107.3507 	EXP 	polygonColour: autoDraw = False
107.3507 	EXP 	polygonWhite: autoDraw = False
107.3507 	EXP 	imageObject: autoDraw = False
107.3507 	EXP 	textInput: autoDraw = False
107.3507 	EXP 	textBlank500: autoDraw = True
107.8189 	EXP 	New trial (rep=0, index=1): {'image': 'REPSWITCH1/PICTURE_1.png', 'correctAns': 'ratón', 'respModal': 'speak', 'frameColour': 'red', 'repSwitch': 'repeat', 'sequence': 2, 'target': 'T', 'stimulus': 'Stim1_Set1'}
107.8356 	EXP 	textBlank500: autoDraw = False
107.8356 	EXP 	fixationITI: autoDraw = True
108.8693 	EXP 	fixationITI: autoDraw = False
108.8693 	EXP 	fixationITI: autoDraw = False
108.8693 	EXP 	polygonColour: fillColor = <psychopy.colors.Color: red, alpha=1.0>
108.8693 	EXP 	polygonColour: borderColor = <psychopy.colors.Color: red, alpha=1.0>
108.8693 	EXP 	imageObject: image = 'REPSWITCH1/PICTURE_1.png'
108.8693 	EXP 	polygonColour: autoDraw = True
108.8693 	EXP 	polygonWhite: autoDraw = True
108.8693 	EXP 	imageObject: autoDraw = True
108.8693 	EXP 	textInput: autoDraw = True
109.8712 	DATA 	Keypress: m
110.0211 	DATA 	Keypress: o
110.1383 	DATA 	Keypress: u
110.2211 	DATA 	Keypress: s
110.3215 	DATA 	Keypress: e
111.8830 	EXP 	polygonColour: autoDraw = False
111.8830 	EXP 	polygonWhite: autoDraw = False
111.8830 	EXP 	imageObject: autoDraw = False
111.8830 	EXP 	textInput: autoDraw = False
111.8830 	EXP 	polygonColour: autoDraw = False
111.8830 	EXP 	polygonWhite: autoDraw = False
111.8830 	EXP 	imageObject: autoDraw = False
111.8830 	EXP 	textInput: autoDraw = False
111.8830 	EXP 	textBlank500: autoDraw = True
112.3680 	EXP 	New trial (rep=0, index=2): {'image': 'REPSWITCH1/PICTURE_599.png', 'correctAns': 'nube', 'respModal': 'type', 'frameColour': 'blue', 'repSwitch': 'filler', 'sequence': 1, 'target': 'F', 'stimulus': 'Stim1_Set3'}
112.3841 	EXP 	textBlank500: autoDraw = False
112.3841 	EXP 	fixationITI: autoDraw = True
113.6503 	EXP 	fixationITI: autoDraw = False
113.6503 	EXP 	fixationITI: autoDraw = False
113.6503 	EXP 	polygonColour: fillColor = <psychopy.colors.Color: blue, alpha=1.0>
113.6503 	EXP 	polygonColour: borderColor = <psychopy.colors.Color: blue, alpha=1.0>
113.6503 	EXP 	imageObject: image = 'REPSWITCH1/PICTURE_599.png'
113.6503 	EXP 	polygonColour: autoDraw = True
113.6503 	EXP 	polygonWhite: autoDraw = True
113.6503 	EXP 	imageObject: autoDraw = True
113.6503 	EXP 	textInput: autoDraw = True
115.2539 	DATA 	Keypress: c
115.3541 	DATA 	Keypress: l
115.5201 	DATA 	Keypress: o
115.6033 	DATA 	Keypress: u
115.7034 	DATA 	Keypress: d
116.5652 	EXP 	polygonColour: autoDraw = False
116.5652 	EXP 	polygonWhite: autoDraw = False
116.5652 	EXP 	imageObject: autoDraw = False
116.5652 	EXP 	textInput: autoDraw = False
116.5652 	EXP 	textBlank500: autoDraw = True
117.0335 	EXP 	New trial (rep=0, index=3): {'image': 'REPSWITCH1/PICTURE_110.png', 'correctAns': 'mesa', 'respModal': 'speak', 'frameColour': 'red', 'repSwitch': 'nontarget', 'sequence': 2, 'target': 'NT', 'stimulus': 'Stim2_Set1'}
117.0499 	EXP 	textBlank500: autoDraw = False
117.0499 	EXP 	fixationITI: autoDraw = True
118.4323 	EXP 	fixationITI: autoDraw = False
118.4323 	EXP 	fixationITI: autoDraw = False
118.4323 	EXP 	polygonColour: fillColor = <psychopy.colors.Color: red, alpha=1.0>
118.4323 	EXP 	polygonColour: borderColor = <psychopy.colors.Color: red, alpha=1.0>
118.4323 	EXP 	imageObject: image = 'REPSWITCH1/PICTURE_110.png'
118.4323 	EXP 	polygonColour: autoDraw = True
118.4323 	EXP 	polygonWhite: autoDraw = True
118.4323 	EXP 	imageObject: autoDraw = True
118.4323 	EXP 	textInput: autoDraw = True
119.3028 	DATA 	Keypress: m
119.5022 	DATA 	Keypress: e
119.6690 	DATA 	Keypress: s
119.8359 	DATA 	Keypress: a
121.3473 	EXP 	polygonColour: autoDraw = False
121.3473 	EXP 	polygonWhite: autoDraw = False
121.3473 	EXP 	imageObject: autoDraw = False
121.3473 	EXP 	textInput: autoDraw = False
121.3473 	EXP 	textBlank500: autoDraw = True
121.8162 	EXP 	New trial (rep=0, index=4): {'image': 'REPSWITCH1/PICTURE_110.png', 'correctAns': 'mesa', 'respModal': 'speak', 'frameColour': 'red', 'repSwitch': 'repeat', 'sequence': 2, 'target': 'T', 'stimulus': 'Stim2_Set1'}
121.8322 	EXP 	textBlank500: autoDraw = False
121.8322 	EXP 	fixationITI: autoDraw = True
123.1659 	EXP 	fixationITI: autoDraw = False
123.1659 	EXP 	fixationITI: autoDraw = False
123.1659 	EXP 	polygonColour: fillColor = <psychopy.colors.Color: red, alpha=1.0>
123.1659 	EXP 	polygonColour: borderColor = <psychopy.colors.Color: red, alpha=1.0>
123.1659 	EXP 	imageObject: image = 'REPSWITCH1/PICTURE_110.png'
123.1659 	EXP 	polygonColour: autoDraw = True
123.1659 	EXP 	polygonWhite: autoDraw = True
123.1659 	EXP 	imageObject: autoDraw = True
123.1659 	EXP 	textInput: autoDraw = True
124.9013 	DATA 	Keypress: m
125.0012 	DATA 	Keypress: e
125.0677 	DATA 	Keypress: s
125.2018 	DATA 	Keypress: a
126.1797 	EXP 	polygonColour: autoDraw = False
126.1797 	EXP 	polygonWhite: autoDraw = False
126.1797 	EXP 	imageObject: autoDraw = False
126.1797 	EXP 	textInput: autoDraw = False
126.1797 	EXP 	textBlank500: autoDraw = True
126.6643 	EXP 	New trial (rep=0, index=5): {'image': 'REPSWITCH1/PICTURE_610.png', 'correctAns': 'miel', 'respModal': 'type', 'frameColour': 'blue', 'repSwitch': 'filler', 'sequence': 1, 'target': 'F', 'stimulus': 'Stim2_Set3'}
126.6810 	EXP 	textBlank500: autoDraw = False
126.6810 	EXP 	fixationITI: autoDraw = True
127.9136 	EXP 	fixationITI: autoDraw = False
127.9136 	EXP 	fixationITI: autoDraw = False
127.9136 	EXP 	polygonColour: fillColor = <psychopy.colors.Color: blue, alpha=1.0>
127.9136 	EXP 	polygonColour: borderColor = <psychopy.colors.Color: blue, alpha=1.0>
127.9136 	EXP 	imageObject: image = 'REPSWITCH1/PICTURE_610.png'
127.9136 	EXP 	polygonColour: autoDraw = True
127.9136 	EXP 	polygonWhite: autoDraw = True
127.9136 	EXP 	imageObject: autoDraw = True
127.9136 	EXP 	textInput: autoDraw = True
129.1834 	DATA 	Keypress: h
129.3172 	DATA 	Keypress: o
129.5003 	DATA 	Keypress: n
129.6172 	DATA 	Keypress: e
129.7504 	DATA 	Keypress: y
130.8451 	EXP 	polygonColour: autoDraw = False
130.8451 	EXP 	polygonWhite: autoDraw = False
130.8451 	EXP 	imageObject: autoDraw = False
130.8451 	EXP 	textInput: autoDraw = False
130.8451 	EXP 	textBlank500: autoDraw = True
131.3142 	EXP 	New trial (rep=0, index=6): {'image': 'REPSWITCH1/PICTURE_12.png', 'correctAns': 'sirena', 'respModal': 'speak', 'frameColour': 'red', 'repSwitch': 'nontarget', 'sequence': 2, 'target': 'NT', 'stimulus': 'Stim3_Set1'}
131.3300 	EXP 	textBlank500: autoDraw = False
131.3300 	EXP 	fixationITI: autoDraw = True
132.5290 	EXP 	fixationITI: autoDraw = False
132.5290 	EXP 	fixationITI: autoDraw = False
132.5290 	EXP 	polygonColour: fillColor = <psychopy.colors.Color: red, alpha=1.0>
132.5290 	EXP 	polygonColour: borderColor = <psychopy.colors.Color: red, alpha=1.0>
132.5290 	EXP 	imageObject: image = 'REPSWITCH1/PICTURE_12.png'
132.5290 	EXP 	polygonColour: autoDraw = True
132.5290 	EXP 	polygonWhite: autoDraw = True
132.5290 	EXP 	imageObject: autoDraw = True
132.5290 	EXP 	textInput: autoDraw = True
133.8491 	DATA 	Keypress: s
134.0326 	DATA 	Keypress: i
134.1990 	DATA 	Keypress: r
134.2820 	DATA 	Keypress: e
134.6821 	DATA 	Keypress: n
134.7656 	DATA 	Keypress: e
135.4436 	EXP 	polygonColour: autoDraw = False
135.4436 	EXP 	polygonWhite: autoDraw = False
135.4436 	EXP 	imageObject: autoDraw = False
135.4436 	EXP 	textInput: autoDraw = False
135.4436 	EXP 	textBlank500: autoDraw = True
135.9123 	EXP 	New trial (rep=0, index=7): {'image': 'REPSWITCH1/PICTURE_12.png', 'correctAns': 'sirena', 'respModal': 'type', 'frameColour': 'blue', 'repSwitch': 'switch', 'sequence': 1, 'target': 'T', 'stimulus': 'Stim3_Set1'}
135.9291 	EXP 	textBlank500: autoDraw = False
135.9291 	EXP 	fixationITI: autoDraw = True
137.1625 	EXP 	fixationITI: autoDraw = False
137.1625 	EXP 	fixationITI: autoDraw = False
137.1625 	EXP 	polygonColour: fillColor = <psychopy.colors.Color: blue, alpha=1.0>
137.1625 	EXP 	polygonColour: borderColor = <psychopy.colors.Color: blue, alpha=1.0>
137.1625 	EXP 	imageObject: image = 'REPSWITCH1/PICTURE_12.png'
137.1625 	EXP 	polygonColour: autoDraw = True
137.1625 	EXP 	polygonWhite: autoDraw = True
137.1625 	EXP 	imageObject: autoDraw = True
137.1625 	EXP 	textInput: autoDraw = True
138.4482 	DATA 	Keypress: s
138.5643 	DATA 	Keypress: i
138.6978 	DATA 	Keypress: r
138.7646 	DATA 	Keypress: e
138.8810 	DATA 	Keypress: n
138.9310 	DATA 	Keypress: e
140.1761 	EXP 	polygonColour: autoDraw = False
140.1761 	EXP 	polygonWhite: autoDraw = False
140.1761 	EXP 	imageObject: autoDraw = False
140.1761 	EXP 	textInput: autoDraw = False
140.1761 	EXP 	polygonColour: autoDraw = False
140.1761 	EXP 	polygonWhite: autoDraw = False
140.1761 	EXP 	imageObject: autoDraw = False
140.1761 	EXP 	textInput: autoDraw = False
140.1761 	EXP 	textBlank500: autoDraw = True
140.6614 	EXP 	New trial (rep=0, index=8): {'image': 'REPSWITCH1/PICTURE_128.png', 'correctAns': 'muñeca', 'respModal': 'type', 'frameColour': 'blue', 'repSwitch': 'nontarget', 'sequence': 1, 'target': 'NT', 'stimulus': 'Stim4_Set1'}
140.6780 	EXP 	textBlank500: autoDraw = False
140.6780 	EXP 	fixationITI: autoDraw = True
142.0605 	EXP 	fixationITI: autoDraw = False
142.0605 	EXP 	fixationITI: autoDraw = False
142.0605 	EXP 	polygonColour: fillColor = <psychopy.colors.Color: blue, alpha=1.0>
142.0605 	EXP 	polygonColour: borderColor = <psychopy.colors.Color: blue, alpha=1.0>
142.0605 	EXP 	imageObject: image = 'REPSWITCH1/PICTURE_128.png'
142.0605 	EXP 	polygonColour: autoDraw = True
142.0605 	EXP 	polygonWhite: autoDraw = True
142.0605 	EXP 	imageObject: autoDraw = True
142.0605 	EXP 	textInput: autoDraw = True
143.2633 	DATA 	Keypress: p
143.3975 	DATA 	Keypress: o
143.4799 	DATA 	Keypress: u
143.6798 	DATA 	Keypress: e
143.7475 	DATA 	Keypress: p
144.5967 	DATA 	Keypress: backspace
145.0583 	EXP 	polygonColour: autoDraw = False
145.0583 	EXP 	polygonWhite: autoDraw = False
145.0583 	EXP 	imageObject: autoDraw = False
145.0583 	EXP 	textInput: autoDraw = False
145.0583 	EXP 	textBlank500: autoDraw = True
145.2282 	DATA 	Keypress: backspace
145.5439 	EXP 	New trial (rep=0, index=9): {'image': 'REPSWITCH1/PICTURE_128.png', 'correctAns': 'muñeca', 'respModal': 'speak', 'frameColour': 'red', 'repSwitch': 'switch', 'sequence': 2, 'target': 'T', 'stimulus': 'Stim4_Set1'}
145.5598 	EXP 	textBlank500: autoDraw = False
145.5598 	EXP 	fixationITI: autoDraw = True
146.7102 	EXP 	fixationITI: autoDraw = False
146.7102 	EXP 	fixationITI: autoDraw = False
146.7102 	EXP 	polygonColour: fillColor = <psychopy.colors.Color: red, alpha=1.0>
146.7102 	EXP 	polygonColour: borderColor = <psychopy.colors.Color: red, alpha=1.0>
146.7102 	EXP 	imageObject: image = 'REPSWITCH1/PICTURE_128.png'
146.7102 	EXP 	polygonColour: autoDraw = True
146.7102 	EXP 	polygonWhite: autoDraw = True
146.7102 	EXP 	imageObject: autoDraw = True
146.7102 	EXP 	textInput: autoDraw = True
147.8453 	DATA 	Keypress: p
147.9626 	DATA 	Keypress: o
148.0955 	DATA 	Keypress: u
148.2622 	DATA 	Keypress: e
148.3620 	DATA 	Keypress: p
148.4621 	DATA 	Keypress: e
148.6118 	DATA 	Keypress: e
149.7238 	EXP 	polygonColour: autoDraw = False
149.7238 	EXP 	polygonWhite: autoDraw = False
149.7238 	EXP 	imageObject: autoDraw = False
149.7238 	EXP 	textInput: autoDraw = False
149.7238 	EXP 	textBlank500: autoDraw = True
150.2095 	EXP 	New trial (rep=0, index=10): {'image': 'REPSWITCH1/PICTURE_614.png', 'correctAns': 'reina', 'respModal': 'speak', 'frameColour': 'red', 'repSwitch': 'filler', 'sequence': 2, 'target': 'F', 'stimulus': 'Stim3_Set3'}
150.2257 	EXP 	textBlank500: autoDraw = False
150.2257 	EXP 	fixationITI: autoDraw = True
151.6075 	EXP 	fixationITI: autoDraw = False
151.6075 	EXP 	fixationITI: autoDraw = False
151.6075 	EXP 	polygonColour: fillColor = <psychopy.colors.Color: red, alpha=1.0>
151.6075 	EXP 	polygonColour: borderColor = <psychopy.colors.Color: red, alpha=1.0>
151.6075 	EXP 	imageObject: image = 'REPSWITCH1/PICTURE_614.png'
151.6075 	EXP 	polygonColour: autoDraw = True
151.6075 	EXP 	polygonWhite: autoDraw = True
151.6075 	EXP 	imageObject: autoDraw = True
151.6075 	EXP 	textInput: autoDraw = True
154.5056 	EXP 	polygonColour: autoDraw = False
154.5056 	EXP 	polygonWhite: autoDraw = False
154.5056 	EXP 	imageObject: autoDraw = False
154.5056 	EXP 	textInput: autoDraw = False
154.5056 	EXP 	textBlank500: autoDraw = True
154.9745 	EXP 	New trial (rep=0, index=11): {'image': 'REPSWITCH1/PICTURE_141.png', 'correctAns': 'girasol', 'respModal': 'speak', 'frameColour': 'red', 'repSwitch': 'nontarget', 'sequence': 2, 'target': 'NT', 'stimulus': 'Stim5_Set1'}
154.9913 	EXP 	textBlank500: autoDraw = False
154.9913 	EXP 	fixationITI: autoDraw = True
156.1735 	EXP 	fixationITI: autoDraw = False
156.1735 	EXP 	fixationITI: autoDraw = False
156.1735 	EXP 	polygonColour: fillColor = <psychopy.colors.Color: red, alpha=1.0>
156.1735 	EXP 	polygonColour: borderColor = <psychopy.colors.Color: red, alpha=1.0>
156.1735 	EXP 	imageObject: image = 'REPSWITCH1/PICTURE_141.png'
156.1735 	EXP 	polygonColour: autoDraw = True
156.1735 	EXP 	polygonWhite: autoDraw = True
156.1735 	EXP 	imageObject: autoDraw = True
156.1735 	EXP 	textInput: autoDraw = True
157.1772 	DATA 	Keypress: t
157.2771 	DATA 	Keypress: o
157.3124 	DATA 	Keypress: u
157.4268 	DATA 	Keypress: r
157.5775 	DATA 	Keypress: n
157.6266 	DATA 	Keypress: e
157.7942 	DATA 	Keypress: s
157.8767 	DATA 	Keypress: o
158.0441 	DATA 	Keypress: l
158.8767 	DATA 	Keypress: l
159.1713 	EXP 	polygonColour: autoDraw = False
159.1713 	EXP 	polygonWhite: autoDraw = False
159.1713 	EXP 	imageObject: autoDraw = False
159.1713 	EXP 	textInput: autoDraw = False
159.1713 	EXP 	textBlank500: autoDraw = True
159.6570 	EXP 	New trial (rep=0, index=12): {'image': 'REPSWITCH1/PICTURE_141.png', 'correctAns': 'girasol', 'respModal': 'type', 'frameColour': 'blue', 'repSwitch': 'switch', 'sequence': 1, 'target': 'T', 'stimulus': 'Stim5_Set1'}
159.6733 	EXP 	textBlank500: autoDraw = False
159.6733 	EXP 	fixationITI: autoDraw = True
160.8074 	EXP 	fixationITI: autoDraw = False
160.8074 	EXP 	fixationITI: autoDraw = False
160.8074 	EXP 	polygonColour: fillColor = <psychopy.colors.Color: blue, alpha=1.0>
160.8074 	EXP 	polygonColour: borderColor = <psychopy.colors.Color: blue, alpha=1.0>
160.8074 	EXP 	imageObject: image = 'REPSWITCH1/PICTURE_141.png'
160.8074 	EXP 	polygonColour: autoDraw = True
160.8074 	EXP 	polygonWhite: autoDraw = True
160.8074 	EXP 	imageObject: autoDraw = True
160.8074 	EXP 	textInput: autoDraw = True
161.5598 	DATA 	Keypress: t
161.6772 	DATA 	Keypress: o
161.7262 	DATA 	Keypress: u
161.8259 	DATA 	Keypress: r
161.9437 	DATA 	Keypress: n
162.0096 	DATA 	Keypress: e
162.1428 	DATA 	Keypress: l
162.6423 	DATA 	Keypress: backspace
162.7590 	DATA 	Keypress: s
162.8925 	DATA 	Keypress: o
163.0587 	DATA 	Keypress: l
163.5095 	DATA 	Keypress: l
163.8202 	EXP 	polygonColour: autoDraw = False
163.8202 	EXP 	polygonWhite: autoDraw = False
163.8202 	EXP 	imageObject: autoDraw = False
163.8202 	EXP 	textInput: autoDraw = False
163.8202 	EXP 	polygonColour: autoDraw = False
163.8202 	EXP 	polygonWhite: autoDraw = False
163.8202 	EXP 	imageObject: autoDraw = False
163.8202 	EXP 	textInput: autoDraw = False
163.8202 	EXP 	textBlank500: autoDraw = True
164.3059 	EXP 	New trial (rep=0, index=13): {'image': 'REPSWITCH1/PICTURE_631.png', 'correctAns': 'ladrón', 'respModal': 'speak', 'frameColour': 'red', 'repSwitch': 'filler', 'sequence': 2, 'target': 'F', 'stimulus': 'Stim4_Set3'}
164.3221 	EXP 	textBlank500: autoDraw = False
164.3221 	EXP 	fixationITI: autoDraw = True
165.4209 	EXP 	fixationITI: autoDraw = False
165.4209 	EXP 	fixationITI: autoDraw = False
165.4209 	EXP 	polygonColour: fillColor = <psychopy.colors.Color: red, alpha=1.0>
165.4209 	EXP 	polygonColour: borderColor = <psychopy.colors.Color: red, alpha=1.0>
165.4209 	EXP 	imageObject: image = 'REPSWITCH1/PICTURE_631.png'
165.4209 	EXP 	polygonColour: autoDraw = True
165.4209 	EXP 	polygonWhite: autoDraw = True
165.4209 	EXP 	imageObject: autoDraw = True
165.4209 	EXP 	textInput: autoDraw = True
168.1749 	DATA 	Keypress: l
168.4192 	EXP 	polygonColour: autoDraw = False
168.4192 	EXP 	polygonWhite: autoDraw = False
168.4192 	EXP 	imageObject: autoDraw = False
168.4192 	EXP 	textInput: autoDraw = False
168.4192 	EXP 	textBlank500: autoDraw = True
168.4386 	DATA 	Keypress: d
168.5728 	DATA 	Keypress: a
168.8880 	EXP 	New trial (rep=0, index=14): {'image': 'REPSWITCH1/PICTURE_16.png', 'correctAns': 'cazador', 'respModal': 'type', 'frameColour': 'blue', 'repSwitch': 'nontarget', 'sequence': 1, 'target': 'NT', 'stimulus': 'Stim6_Set1'}
168.9045 	EXP 	textBlank500: autoDraw = False
168.9045 	EXP 	fixationITI: autoDraw = True
170.2198 	EXP 	fixationITI: autoDraw = False
170.2198 	EXP 	fixationITI: autoDraw = False
170.2198 	EXP 	polygonColour: fillColor = <psychopy.colors.Color: blue, alpha=1.0>
170.2198 	EXP 	polygonColour: borderColor = <psychopy.colors.Color: blue, alpha=1.0>
170.2198 	EXP 	imageObject: image = 'REPSWITCH1/PICTURE_16.png'
170.2198 	EXP 	polygonColour: autoDraw = True
170.2198 	EXP 	polygonWhite: autoDraw = True
170.2198 	EXP 	imageObject: autoDraw = True
170.2198 	EXP 	textInput: autoDraw = True
170.6403 	DATA 	Keypress: l
170.7574 	DATA 	Keypress: a
170.8402 	DATA 	Keypress: d
171.0069 	DATA 	Keypress: r
171.0741 	DATA 	Keypress: o
171.3409 	DATA 	Keypress: n
171.5569 	DATA 	Keypress: n
171.8401 	DATA 	Keypress: l
172.2066 	DATA 	Keypress: k
172.3897 	DATA 	Keypress: k
172.5568 	DATA 	Keypress: k
172.7396 	DATA 	Keypress: k
172.9403 	DATA 	Keypress: k
173.2346 	EXP 	polygonColour: autoDraw = False
173.2346 	EXP 	polygonWhite: autoDraw = False
173.2346 	EXP 	imageObject: autoDraw = False
173.2346 	EXP 	textInput: autoDraw = False
173.2346 	EXP 	textBlank500: autoDraw = True
173.2713 	DATA 	Keypress: k
173.4215 	DATA 	Keypress: k
173.5714 	DATA 	Keypress: k
173.7041 	EXP 	New trial (rep=0, index=15): {'image': 'REPSWITCH1/PICTURE_16.png', 'correctAns': 'cazador', 'respModal': 'type', 'frameColour': 'blue', 'repSwitch': 'repeat', 'sequence': 1, 'target': 'T', 'stimulus': 'Stim6_Set1'}
173.7196 	EXP 	textBlank500: autoDraw = False
173.7196 	EXP 	fixationITI: autoDraw = True
173.7390 	DATA 	Keypress: k
174.8546 	EXP 	fixationITI: autoDraw = False
174.8546 	EXP 	fixationITI: autoDraw = False
174.8546 	EXP 	polygonColour: fillColor = <psychopy.colors.Color: blue, alpha=1.0>
174.8546 	EXP 	polygonColour: borderColor = <psychopy.colors.Color: blue, alpha=1.0>
174.8546 	EXP 	imageObject: image = 'REPSWITCH1/PICTURE_16.png'
174.8546 	EXP 	polygonColour: autoDraw = True
174.8546 	EXP 	polygonWhite: autoDraw = True
174.8546 	EXP 	imageObject: autoDraw = True
174.8546 	EXP 	textInput: autoDraw = True
177.8839 	EXP 	polygonColour: autoDraw = False
177.8839 	EXP 	polygonWhite: autoDraw = False
177.8839 	EXP 	imageObject: autoDraw = False
177.8839 	EXP 	textInput: autoDraw = False
177.8839 	EXP 	textBlank500: autoDraw = True
178.3521 	EXP 	New trial (rep=0, index=16): {'image': 'REPSWITCH1/PICTURE_66.png', 'correctAns': 'tejado', 'respModal': 'speak', 'frameColour': 'red', 'repSwitch': 'filler', 'sequence': 2, 'target': 'F', 'stimulus': 'Stim5_Set3'}
178.3687 	EXP 	textBlank500: autoDraw = False
178.3687 	EXP 	fixationITI: autoDraw = True
179.5678 	EXP 	fixationITI: autoDraw = False
179.5678 	EXP 	fixationITI: autoDraw = False
179.5678 	EXP 	polygonColour: fillColor = <psychopy.colors.Color: red, alpha=1.0>
179.5678 	EXP 	polygonColour: borderColor = <psychopy.colors.Color: red, alpha=1.0>
179.5678 	EXP 	imageObject: image = 'REPSWITCH1/PICTURE_66.png'
179.5678 	EXP 	polygonColour: autoDraw = True
179.5678 	EXP 	polygonWhite: autoDraw = True
179.5678 	EXP 	imageObject: autoDraw = True
179.5678 	EXP 	textInput: autoDraw = True
180.6386 	DATA 	Keypress: t
180.7555 	DATA 	Keypress: o
180.7886 	DATA 	Keypress: i
180.9221 	DATA 	Keypress: t
182.4996 	EXP 	polygonColour: autoDraw = False
182.4996 	EXP 	polygonWhite: autoDraw = False
182.4996 	EXP 	imageObject: autoDraw = False
182.4996 	EXP 	textInput: autoDraw = False
182.4996 	EXP 	textBlank500: autoDraw = True
182.9681 	EXP 	New trial (rep=0, index=17): {'image': 'REPSWITCH1/PICTURE_184.png', 'correctAns': 'bruja', 'respModal': 'type', 'frameColour': 'blue', 'repSwitch': 'nontarget', 'sequence': 1, 'target': 'NT', 'stimulus': 'Stim7_Set1'}
182.9847 	EXP 	textBlank500: autoDraw = False
182.9847 	EXP 	fixationITI: autoDraw = True
184.3166 	EXP 	fixationITI: autoDraw = False
184.3166 	EXP 	fixationITI: autoDraw = False
184.3166 	EXP 	polygonColour: fillColor = <psychopy.colors.Color: blue, alpha=1.0>
184.3166 	EXP 	polygonColour: borderColor = <psychopy.colors.Color: blue, alpha=1.0>
184.3166 	EXP 	imageObject: image = 'REPSWITCH1/PICTURE_184.png'
184.3166 	EXP 	polygonColour: autoDraw = True
184.3166 	EXP 	polygonWhite: autoDraw = True
184.3166 	EXP 	imageObject: autoDraw = True
184.3166 	EXP 	textInput: autoDraw = True
186.2043 	DATA 	Keypress: s
186.3030 	DATA 	Keypress: o
186.3865 	DATA 	Keypress: r
186.5865 	DATA 	Keypress: c
186.6532 	DATA 	Keypress: i
186.7368 	DATA 	Keypress: e
186.8366 	DATA 	Keypress: r
186.9032 	DATA 	Keypress: e
187.2317 	EXP 	polygonColour: autoDraw = False
187.2317 	EXP 	polygonWhite: autoDraw = False
187.2317 	EXP 	imageObject: autoDraw = False
187.2317 	EXP 	textInput: autoDraw = False
187.2317 	EXP 	textBlank500: autoDraw = True
187.7001 	EXP 	New trial (rep=0, index=18): {'image': 'REPSWITCH1/PICTURE_184.png', 'correctAns': 'bruja', 'respModal': 'type', 'frameColour': 'blue', 'repSwitch': 'repeat', 'sequence': 1, 'target': 'T', 'stimulus': 'Stim7_Set1'}
187.7168 	EXP 	textBlank500: autoDraw = False
187.7168 	EXP 	fixationITI: autoDraw = True
188.8342 	EXP 	fixationITI: autoDraw = False
188.8342 	EXP 	fixationITI: autoDraw = False
188.8342 	EXP 	polygonColour: fillColor = <psychopy.colors.Color: blue, alpha=1.0>
188.8342 	EXP 	polygonColour: borderColor = <psychopy.colors.Color: blue, alpha=1.0>
188.8342 	EXP 	imageObject: image = 'REPSWITCH1/PICTURE_184.png'
188.8342 	EXP 	polygonColour: autoDraw = True
188.8342 	EXP 	polygonWhite: autoDraw = True
188.8342 	EXP 	imageObject: autoDraw = True
188.8342 	EXP 	textInput: autoDraw = True
189.7192 	DATA 	Keypress: s
189.8020 	DATA 	Keypress: o
189.9191 	DATA 	Keypress: r
190.1195 	DATA 	Keypress: c
190.1856 	DATA 	Keypress: i
190.2524 	DATA 	Keypress: e
190.3523 	DATA 	Keypress: r
190.4191 	DATA 	Keypress: e
191.8473 	EXP 	polygonColour: autoDraw = False
191.8473 	EXP 	polygonWhite: autoDraw = False
191.8473 	EXP 	imageObject: autoDraw = False
191.8473 	EXP 	textInput: autoDraw = False
191.8473 	EXP 	polygonColour: autoDraw = False
191.8473 	EXP 	polygonWhite: autoDraw = False
191.8473 	EXP 	imageObject: autoDraw = False
191.8473 	EXP 	textInput: autoDraw = False
191.8473 	EXP 	textBlank500: autoDraw = True
192.3325 	EXP 	New trial (rep=0, index=19): {'image': 'REPSWITCH1/PICTURE_661.png', 'correctAns': 'cajón', 'respModal': 'speak', 'frameColour': 'red', 'repSwitch': 'filler', 'sequence': 2, 'target': 'F', 'stimulus': 'Stim6_Set3'}
192.3491 	EXP 	textBlank500: autoDraw = False
192.3491 	EXP 	fixationITI: autoDraw = True
193.4981 	EXP 	fixationITI: autoDraw = False
193.4981 	EXP 	fixationITI: autoDraw = False
193.4981 	EXP 	polygonColour: fillColor = <psychopy.colors.Color: red, alpha=1.0>
193.4981 	EXP 	polygonColour: borderColor = <psychopy.colors.Color: red, alpha=1.0>
193.4981 	EXP 	imageObject: image = 'REPSWITCH1/PICTURE_661.png'
193.4981 	EXP 	polygonColour: autoDraw = True
193.4981 	EXP 	polygonWhite: autoDraw = True
193.4981 	EXP 	imageObject: autoDraw = True
193.4981 	EXP 	textInput: autoDraw = True
194.8065 	DATA 	Keypress: t
194.8695 	DATA 	Keypress: i
194.9702 	DATA 	Keypress: r
195.0849 	DATA 	Keypress: o
195.1185 	DATA 	Keypress: i
195.2346 	DATA 	Keypress: r
196.5129 	EXP 	polygonColour: autoDraw = False
196.5129 	EXP 	polygonWhite: autoDraw = False
196.5129 	EXP 	imageObject: autoDraw = False
196.5129 	EXP 	textInput: autoDraw = False
196.5129 	EXP 	textBlank500: autoDraw = True
196.9817 	EXP 	New trial (rep=0, index=20): {'image': 'REPSWITCH1/PICTURE_199.png', 'correctAns': 'falda', 'respModal': 'type', 'frameColour': 'blue', 'repSwitch': 'nontarget', 'sequence': 1, 'target': 'NT', 'stimulus': 'Stim8_Set1'}
196.9975 	EXP 	textBlank500: autoDraw = False
196.9975 	EXP 	fixationITI: autoDraw = True
198.0800 	EXP 	fixationITI: autoDraw = False
198.0800 	EXP 	fixationITI: autoDraw = False
198.0800 	EXP 	polygonColour: fillColor = <psychopy.colors.Color: blue, alpha=1.0>
198.0800 	EXP 	polygonColour: borderColor = <psychopy.colors.Color: blue, alpha=1.0>
198.0800 	EXP 	imageObject: image = 'REPSWITCH1/PICTURE_199.png'
198.0800 	EXP 	polygonColour: autoDraw = True
198.0800 	EXP 	polygonWhite: autoDraw = True
198.0800 	EXP 	imageObject: autoDraw = True
198.0800 	EXP 	textInput: autoDraw = True
200.0664 	DATA 	Keypress: j
200.2332 	DATA 	Keypress: u
200.3167 	DATA 	Keypress: p
200.4667 	DATA 	Keypress: e
201.0950 	EXP 	polygonColour: autoDraw = False
201.0950 	EXP 	polygonWhite: autoDraw = False
201.0950 	EXP 	imageObject: autoDraw = False
201.0950 	EXP 	textInput: autoDraw = False
201.0950 	EXP 	textBlank500: autoDraw = True
201.5636 	EXP 	New trial (rep=0, index=21): {'image': 'REPSWITCH1/PICTURE_199.png', 'correctAns': 'falda', 'respModal': 'speak', 'frameColour': 'red', 'repSwitch': 'switch', 'sequence': 2, 'target': 'T', 'stimulus': 'Stim8_Set1'}
201.5802 	EXP 	textBlank500: autoDraw = False
201.5802 	EXP 	fixationITI: autoDraw = True
202.6982 	EXP 	fixationITI: autoDraw = False
202.6982 	EXP 	fixationITI: autoDraw = False
202.6982 	EXP 	polygonColour: fillColor = <psychopy.colors.Color: red, alpha=1.0>
202.6982 	EXP 	polygonColour: borderColor = <psychopy.colors.Color: red, alpha=1.0>
202.6982 	EXP 	imageObject: image = 'REPSWITCH1/PICTURE_199.png'
202.6982 	EXP 	polygonColour: autoDraw = True
202.6982 	EXP 	polygonWhite: autoDraw = True
202.6982 	EXP 	imageObject: autoDraw = True
202.6982 	EXP 	textInput: autoDraw = True
204.0325 	DATA 	Keypress: j
204.1989 	DATA 	Keypress: u
204.2824 	DATA 	Keypress: p
204.3988 	DATA 	Keypress: e
205.7274 	EXP 	polygonColour: autoDraw = False
205.7274 	EXP 	polygonWhite: autoDraw = False
205.7274 	EXP 	imageObject: autoDraw = False
205.7274 	EXP 	textInput: autoDraw = False
205.7274 	EXP 	textBlank500: autoDraw = True
206.1955 	EXP 	New trial (rep=0, index=22): {'image': 'REPSWITCH1/PICTURE_675.png', 'correctAns': 'molino', 'respModal': 'type', 'frameColour': 'blue', 'repSwitch': 'filler', 'sequence': 1, 'target': 'F', 'stimulus': 'Stim7_Set3'}
206.2127 	EXP 	textBlank500: autoDraw = False
206.2127 	EXP 	fixationITI: autoDraw = True
207.5446 	EXP 	fixationITI: autoDraw = False
207.5446 	EXP 	fixationITI: autoDraw = False
207.5446 	EXP 	polygonColour: fillColor = <psychopy.colors.Color: blue, alpha=1.0>
207.5446 	EXP 	polygonColour: borderColor = <psychopy.colors.Color: blue, alpha=1.0>
207.5446 	EXP 	imageObject: image = 'REPSWITCH1/PICTURE_675.png'
207.5446 	EXP 	polygonColour: autoDraw = True
207.5446 	EXP 	polygonWhite: autoDraw = True
207.5446 	EXP 	imageObject: autoDraw = True
207.5446 	EXP 	textInput: autoDraw = True
209.1148 	DATA 	Keypress: m
209.2809 	DATA 	Keypress: o
209.4146 	DATA 	Keypress: u
209.5309 	DATA 	Keypress: l
209.5978 	DATA 	Keypress: i
209.7643 	DATA 	Keypress: n
210.4435 	EXP 	polygonColour: autoDraw = False
210.4435 	EXP 	polygonWhite: autoDraw = False
210.4435 	EXP 	imageObject: autoDraw = False
210.4435 	EXP 	textInput: autoDraw = False
210.4435 	EXP 	textBlank500: autoDraw = True
210.9288 	EXP 	New trial (rep=0, index=23): {'image': 'REPSWITCH1/PICTURE_678.png', 'correctAns': 'cuerno', 'respModal': 'type', 'frameColour': 'blue', 'repSwitch': 'filler', 'sequence': 1, 'target': 'F', 'stimulus': 'Stim8_Set3'}
210.9449 	EXP 	textBlank500: autoDraw = False
210.9449 	EXP 	fixationITI: autoDraw = True
212.1604 	EXP 	fixationITI: autoDraw = False
212.1604 	EXP 	fixationITI: autoDraw = False
212.1604 	EXP 	polygonColour: fillColor = <psychopy.colors.Color: blue, alpha=1.0>
212.1604 	EXP 	polygonColour: borderColor = <psychopy.colors.Color: blue, alpha=1.0>
212.1604 	EXP 	imageObject: image = 'REPSWITCH1/PICTURE_678.png'
212.1604 	EXP 	polygonColour: autoDraw = True
212.1604 	EXP 	polygonWhite: autoDraw = True
212.1604 	EXP 	imageObject: autoDraw = True
212.1604 	EXP 	textInput: autoDraw = True
213.6137 	DATA 	Keypress: c
213.6972 	DATA 	Keypress: o
213.7965 	DATA 	Keypress: r
213.8798 	DATA 	Keypress: n
213.9633 	DATA 	Keypress: e
215.1751 	EXP 	polygonColour: autoDraw = False
215.1751 	EXP 	polygonWhite: autoDraw = False
215.1751 	EXP 	imageObject: autoDraw = False
215.1751 	EXP 	textInput: autoDraw = False
215.1751 	EXP 	textBlank500: autoDraw = True
215.6434 	EXP 	New trial (rep=0, index=24): {'image': 'REPSWITCH1/PICTURE_128.png', 'correctAns': 'muñeca', 'respModal': 'speak', 'frameColour': 'red', 'repSwitch': 'nontarget', 'sequence': 2, 'target': 'NT', 'stimulus': 'Stim4_Set1'}
215.6605 	EXP 	textBlank500: autoDraw = False
215.6605 	EXP 	fixationITI: autoDraw = True
216.7275 	EXP 	fixationITI: autoDraw = False
216.7275 	EXP 	fixationITI: autoDraw = False
216.7275 	EXP 	polygonColour: fillColor = <psychopy.colors.Color: red, alpha=1.0>
216.7275 	EXP 	polygonColour: borderColor = <psychopy.colors.Color: red, alpha=1.0>
216.7275 	EXP 	imageObject: image = 'REPSWITCH1/PICTURE_128.png'
216.7275 	EXP 	polygonColour: autoDraw = True
216.7275 	EXP 	polygonWhite: autoDraw = True
216.7275 	EXP 	imageObject: autoDraw = True
216.7275 	EXP 	textInput: autoDraw = True
217.7957 	DATA 	Keypress: p
217.8962 	DATA 	Keypress: o
218.0122 	DATA 	Keypress: u
218.1296 	DATA 	Keypress: e
218.2292 	DATA 	Keypress: p
218.4796 	DATA 	Keypress: e
218.6985 	DATA 	Keypress: e
219.7402 	EXP 	polygonColour: autoDraw = False
219.7402 	EXP 	polygonWhite: autoDraw = False
219.7402 	EXP 	imageObject: autoDraw = False
219.7402 	EXP 	textInput: autoDraw = False
219.7402 	EXP 	polygonColour: autoDraw = False
219.7402 	EXP 	polygonWhite: autoDraw = False
219.7402 	EXP 	imageObject: autoDraw = False
219.7402 	EXP 	textInput: autoDraw = False
219.7402 	EXP 	textBlank500: autoDraw = True
220.2271 	EXP 	New trial (rep=0, index=25): {'image': 'REPSWITCH1/PICTURE_128.png', 'correctAns': 'muñeca', 'respModal': 'speak', 'frameColour': 'red', 'repSwitch': 'repeat', 'sequence': 2, 'target': 'T', 'stimulus': 'Stim4_Set1'}
220.2429 	EXP 	textBlank500: autoDraw = False
220.2429 	EXP 	fixationITI: autoDraw = True
221.2937 	EXP 	fixationITI: autoDraw = False
221.2937 	EXP 	fixationITI: autoDraw = False
221.2937 	EXP 	polygonColour: fillColor = <psychopy.colors.Color: red, alpha=1.0>
221.2937 	EXP 	polygonColour: borderColor = <psychopy.colors.Color: red, alpha=1.0>
221.2937 	EXP 	imageObject: image = 'REPSWITCH1/PICTURE_128.png'
221.2937 	EXP 	polygonColour: autoDraw = True
221.2937 	EXP 	polygonWhite: autoDraw = True
221.2937 	EXP 	imageObject: autoDraw = True
221.2937 	EXP 	textInput: autoDraw = True
221.9954 	DATA 	Keypress: p
222.1283 	DATA 	Keypress: o
222.1788 	DATA 	Keypress: u
222.4443 	DATA 	Keypress: p
222.6789 	DATA 	Keypress: e
222.8283 	DATA 	Keypress: e
224.3230 	EXP 	polygonColour: autoDraw = False
224.3230 	EXP 	polygonWhite: autoDraw = False
224.3230 	EXP 	imageObject: autoDraw = False
224.3230 	EXP 	textInput: autoDraw = False
224.3230 	EXP 	textBlank500: autoDraw = True
224.7918 	EXP 	New trial (rep=0, index=26): {'image': 'REPSWITCH1/PICTURE_12.png', 'correctAns': 'sirena', 'respModal': 'speak', 'frameColour': 'red', 'repSwitch': 'nontarget', 'sequence': 2, 'target': 'NT', 'stimulus': 'Stim3_Set1'}
224.8075 	EXP 	textBlank500: autoDraw = False
224.8075 	EXP 	fixationITI: autoDraw = True
225.9596 	EXP 	fixationITI: autoDraw = False
225.9596 	EXP 	fixationITI: autoDraw = False
225.9596 	EXP 	polygonColour: fillColor = <psychopy.colors.Color: red, alpha=1.0>
225.9596 	EXP 	polygonColour: borderColor = <psychopy.colors.Color: red, alpha=1.0>
225.9596 	EXP 	imageObject: image = 'REPSWITCH1/PICTURE_12.png'
225.9596 	EXP 	polygonColour: autoDraw = True
225.9596 	EXP 	polygonWhite: autoDraw = True
225.9596 	EXP 	imageObject: autoDraw = True
225.9596 	EXP 	textInput: autoDraw = True
226.8102 	DATA 	Keypress: s
226.8941 	DATA 	Keypress: i
227.0106 	DATA 	Keypress: r
227.0605 	DATA 	Keypress: e
227.2269 	DATA 	Keypress: n
227.2769 	DATA 	Keypress: e
228.9887 	EXP 	polygonColour: autoDraw = False
228.9887 	EXP 	polygonWhite: autoDraw = False
228.9887 	EXP 	imageObject: autoDraw = False
228.9887 	EXP 	textInput: autoDraw = False
228.9887 	EXP 	textBlank500: autoDraw = True
229.4570 	EXP 	New trial (rep=0, index=27): {'image': 'REPSWITCH1/PICTURE_12.png', 'correctAns': 'sirena', 'respModal': 'speak', 'frameColour': 'red', 'repSwitch': 'repeat', 'sequence': 2, 'target': 'T', 'stimulus': 'Stim3_Set1'}
229.4736 	EXP 	textBlank500: autoDraw = False
229.4736 	EXP 	fixationITI: autoDraw = True
230.5744 	EXP 	fixationITI: autoDraw = False
230.5744 	EXP 	fixationITI: autoDraw = False
230.5744 	EXP 	polygonColour: fillColor = <psychopy.colors.Color: red, alpha=1.0>
230.5744 	EXP 	polygonColour: borderColor = <psychopy.colors.Color: red, alpha=1.0>
230.5744 	EXP 	imageObject: image = 'REPSWITCH1/PICTURE_12.png'
230.5744 	EXP 	polygonColour: autoDraw = True
230.5744 	EXP 	polygonWhite: autoDraw = True
230.5744 	EXP 	imageObject: autoDraw = True
230.5744 	EXP 	textInput: autoDraw = True
231.8420 	DATA 	Keypress: s
231.9592 	DATA 	Keypress: i
232.1093 	DATA 	Keypress: r
232.1587 	DATA 	Keypress: e
232.4589 	DATA 	Keypress: n
232.5423 	DATA 	Keypress: e
233.5873 	EXP 	polygonColour: autoDraw = False
233.5873 	EXP 	polygonWhite: autoDraw = False
233.5873 	EXP 	imageObject: autoDraw = False
233.5873 	EXP 	textInput: autoDraw = False
233.5873 	EXP 	textBlank500: autoDraw = True
234.0723 	EXP 	New trial (rep=0, index=28): {'image': 'REPSWITCH1/PICTURE_661.png', 'correctAns': 'cajón', 'respModal': 'type', 'frameColour': 'blue', 'repSwitch': 'filler', 'sequence': 1, 'target': 'F', 'stimulus': 'Stim6_Set3'}
234.0890 	EXP 	textBlank500: autoDraw = False
234.0890 	EXP 	fixationITI: autoDraw = True
235.2733 	EXP 	fixationITI: autoDraw = False
235.2733 	EXP 	fixationITI: autoDraw = False
235.2733 	EXP 	polygonColour: fillColor = <psychopy.colors.Color: blue, alpha=1.0>
235.2733 	EXP 	polygonColour: borderColor = <psychopy.colors.Color: blue, alpha=1.0>
235.2733 	EXP 	imageObject: image = 'REPSWITCH1/PICTURE_661.png'
235.2733 	EXP 	polygonColour: autoDraw = True
235.2733 	EXP 	polygonWhite: autoDraw = True
235.2733 	EXP 	imageObject: autoDraw = True
235.2733 	EXP 	textInput: autoDraw = True
236.2078 	DATA 	Keypress: t
236.2920 	DATA 	Keypress: i
236.5414 	DATA 	Keypress: r
236.6753 	DATA 	Keypress: o
236.6931 	DATA 	Keypress: i
236.8247 	DATA 	Keypress: r
238.3028 	EXP 	polygonColour: autoDraw = False
238.3028 	EXP 	polygonWhite: autoDraw = False
238.3028 	EXP 	imageObject: autoDraw = False
238.3028 	EXP 	textInput: autoDraw = False
238.3028 	EXP 	textBlank500: autoDraw = True
238.7720 	EXP 	New trial (rep=0, index=29): {'image': 'REPSWITCH1/PICTURE_631.png', 'correctAns': 'ladrón', 'respModal': 'type', 'frameColour': 'blue', 'repSwitch': 'filler', 'sequence': 1, 'target': 'F', 'stimulus': 'Stim4_Set3'}
238.7875 	EXP 	textBlank500: autoDraw = False
238.7875 	EXP 	fixationITI: autoDraw = True
240.1387 	EXP 	fixationITI: autoDraw = False
240.1387 	EXP 	fixationITI: autoDraw = False
240.1387 	EXP 	polygonColour: fillColor = <psychopy.colors.Color: blue, alpha=1.0>
240.1387 	EXP 	polygonColour: borderColor = <psychopy.colors.Color: blue, alpha=1.0>
240.1387 	EXP 	imageObject: image = 'REPSWITCH1/PICTURE_631.png'
240.1387 	EXP 	polygonColour: autoDraw = True
240.1387 	EXP 	polygonWhite: autoDraw = True
240.1387 	EXP 	imageObject: autoDraw = True
240.1387 	EXP 	textInput: autoDraw = True
243.1521 	EXP 	polygonColour: autoDraw = False
243.1521 	EXP 	polygonWhite: autoDraw = False
243.1521 	EXP 	imageObject: autoDraw = False
243.1521 	EXP 	textInput: autoDraw = False
243.1521 	EXP 	textBlank500: autoDraw = True
243.6367 	EXP 	New trial (rep=0, index=30): {'image': 'REPSWITCH1/PICTURE_16.png', 'correctAns': 'cazador', 'respModal': 'speak', 'frameColour': 'red', 'repSwitch': 'nontarget', 'sequence': 2, 'target': 'NT', 'stimulus': 'Stim6_Set1'}
243.6532 	EXP 	textBlank500: autoDraw = False
243.6532 	EXP 	fixationITI: autoDraw = True
244.7212 	EXP 	fixationITI: autoDraw = False
244.7212 	EXP 	fixationITI: autoDraw = False
244.7212 	EXP 	polygonColour: fillColor = <psychopy.colors.Color: red, alpha=1.0>
244.7212 	EXP 	polygonColour: borderColor = <psychopy.colors.Color: red, alpha=1.0>
244.7212 	EXP 	imageObject: image = 'REPSWITCH1/PICTURE_16.png'
244.7212 	EXP 	polygonColour: autoDraw = True
244.7212 	EXP 	polygonWhite: autoDraw = True
244.7212 	EXP 	imageObject: autoDraw = True
244.7212 	EXP 	textInput: autoDraw = True
245.4724 	DATA 	Keypress: escape
246.7079 	EXP 	window1: mouseVisible = True
