13.5238 	WARNING 	Couldn't measure a consistent frame rate!
  - Is your graphics card set to sync to vertical blank?
  - Are you running other processes on your computer?

13.5242 	EXP 	Created window1 = Window(allowGUI=True, allowStencil=False, autoLog=True, backendConf=UNKNOWN, bitsMode=UNKNOWN, blendMode='avg', bpc=(8, 8, 8), color=array([0, 0, 0]), colorSpace='rgb', depthBits=8, fullscr=<method-wrapper '__getattribute__' of attributeSetter object at 0x000001377D0A8C70>, gamma=None, gammaErrorPolicy='raise', lms=UNKNOWN, monitor=<psychopy.monitors.calibTools.Monitor object at 0x00000137002F2FA0>, multiSample=False, name='window1', numSamples=2, pos=(192, 108), screen=0, size=array([1536,  864]), stencilBits=0, stereo=False, units='height', useFBO=True, useRetina=False, viewOri=0.0, viewPos=None, viewScale=None, waitBlanking=True, winType='pyglet')
13.5243 	EXP 	window1: mouseVisible = True
13.5244 	EXP 	window1: mouseVisible = True
13.5244 	EXP 	window1: Attempting to measure frame rate of screen (0) ...
13.5244 	EXP 	window1: recordFrameIntervals = False
13.8300 	EXP 	window1: recordFrameIntervals = True
13.8923 	WARNING 	t of last frame was 27.48ms (=1/36)
13.9278 	WARNING 	t of last frame was 35.49ms (=1/28)
13.9548 	WARNING 	t of last frame was 27.01ms (=1/37)
13.9838 	WARNING 	t of last frame was 29.03ms (=1/34)
14.0146 	WARNING 	Multiple dropped frames have occurred - I'll stop bothering you about them!
16.9325 	WARNING 	Couldn't measure a consistent frame rate!
  - Is your graphics card set to sync to vertical blank?
  - Are you running other processes on your computer?

17.0403 	WARNING 	launchHubServer: If using the iohub mouse or eyetracker devices, fullScr should be True.
20.5716 	EXP 	Created textWelcome = TextStim(__class__=<class 'psychopy.visual.text.TextStim'>, alignHoriz=method-wrapper(...), alignText='center', alignVert=method-wrapper(...), anchorHoriz='center', anchorVert='center', antialias=True, autoDraw=False, autoLog=True, bold=False, color=array([1, 1, 1]), colorSpace='rgb', contrast=1.0, depth=0.0, flipHoriz=False, flipVert=False, font='Open Sans', fontFiles=[], height=0.05, italic=False, languageStyle='LTR', name='textWelcome', opacity=1.0, ori=0.0, pos=array([0., 0.]), rgb=UNKNOWN, text='Welcome to the experiment!', units='height', win=Window(...), wrapWidth=1)
20.5725 	EXP 	Created textBlank500 = TextStim(__class__=<class 'psychopy.visual.text.TextStim'>, alignHoriz=method-wrapper(...), alignText='center', alignVert=method-wrapper(...), anchorHoriz='center', anchorVert='center', antialias=True, autoDraw=False, autoLog=True, bold=False, color=array([1, 1, 1]), colorSpace='rgb', contrast=1.0, depth=0.0, flipHoriz=False, flipVert=False, font='Open Sans', fontFiles=[], height=0.05, italic=False, languageStyle='LTR', name='textBlank500', opacity=1.0, ori=0.0, pos=array([0., 0.]), rgb=UNKNOWN, text='', units='height', win=Window(...), wrapWidth=1)
20.6078 	EXP 	Created textInstructions = TextStim(__class__=<class 'psychopy.visual.text.TextStim'>, alignHoriz=method-wrapper(...), alignText='center', alignVert=method-wrapper(...), anchorHoriz='center', anchorVert='center', antialias=True, autoDraw=False, autoLog=True, bold=False, color=array([1, 1, 1]), colorSpace='rgb', contrast=1.0, depth=0.0, flipHoriz=False, flipVert=False, font='Open Sans', fontFiles=[], height=0.05, italic=False, languageStyle='LTR', name='textInstructions', opacity=1.0, ori=0.0, pos=array([0., 0.]), rgb=UNKNOWN, text=str(...), units='height', win=Window(...), wrapWidth=1)
20.6100 	EXP 	Created textBlank500 = TextStim(__class__=<class 'psychopy.visual.text.TextStim'>, alignHoriz=method-wrapper(...), alignText='center', alignVert=method-wrapper(...), anchorHoriz='center', anchorVert='center', antialias=True, autoDraw=False, autoLog=True, bold=False, color=array([1, 1, 1]), colorSpace='rgb', contrast=1.0, depth=0.0, flipHoriz=False, flipVert=False, font='Open Sans', fontFiles=[], height=0.05, italic=False, languageStyle='LTR', name='textBlank500', opacity=1.0, ori=0.0, pos=array([0., 0.]), rgb=UNKNOWN, text='', units='height', win=Window(...), wrapWidth=1)
20.6151 	EXP 	Created fixationITI = ShapeStim(__class__=<class 'psychopy.visual.shape.ShapeStim'>, anchor=('center', 'center'), autoDraw=False, autoLog=True, closeShape=True, color=method-wrapper(...), colorSpace='rgb', contrast=None, depth=0.0, fillColor=array([1, 1, 1]), fillColorSpace='rgb', fillRGB=array([1, 1, 1]), interpolate=True, lineColor=array([1, 1, 1]), lineColorSpace='rgb', lineRGB=array([1, 1, 1]), lineWidth=1.0, name='fixationITI', opacity=1.0, ori=0.0, pos=array([0., 0.]), size=array([0.1, 0.1]), units='height', vertices=ndarray(...), win=Window(...), windingRule=None)
20.6184 	EXP 	Created polygonColour = Rect(__class__=<class 'psychopy.visual.rect.Rect'>, anchor=('center', 'center'), autoDraw=False, autoLog=True, closeShape=True, color=method-wrapper(...), colorSpace='rgb', contrast=None, depth=0.0, fillColor=array([1, 1, 1]), fillColorSpace='rgb', fillRGB=array([1, 1, 1]), interpolate=True, lineColor=array([1, 1, 1]), lineColorSpace='rgb', lineRGB=array([1, 1, 1]), lineWidth=1.0, name='polygonColour', opacity=1.0, ori=0.0, pos=array([0., 0.]), size=array([0.55, 0.55]), units='height', vertices=ndarray(...), win=Window(...))
20.6209 	EXP 	Created polygonWhite = Rect(__class__=<class 'psychopy.visual.rect.Rect'>, anchor=('center', 'center'), autoDraw=False, autoLog=True, closeShape=True, color=method-wrapper(...), colorSpace='rgb', contrast=None, depth=-1.0, fillColor=array([1, 1, 1]), fillColorSpace='rgb', fillRGB=array([1, 1, 1]), interpolate=True, lineColor=array([1, 1, 1]), lineColorSpace='rgb', lineRGB=array([1, 1, 1]), lineWidth=1.0, name='polygonWhite', opacity=1.0, ori=0.0, pos=array([0., 0.]), size=array([0.5, 0.5]), units='height', vertices=ndarray(...), win=Window(...))
20.8199 	EXP 	Created imageObject = ImageStim(__class__=<class 'psychopy.visual.image.ImageStim'>, anchor=('center', 'center'), autoLog=True, color=array([1, 1, 1]), colorSpace='rgb', contrast=1.0, depth=-2.0, flipHoriz=False, flipVert=False, image='sin', interpolate=True, mask=None, maskParams=None, name='imageObject', opacity=1.0, ori=0.0, pos=array([0., 0.]), size=array([0.5, 0.5]), texRes=128.0, units='height', win=Window(...))
20.8332 	EXP 	Created textBlank500 = TextStim(__class__=<class 'psychopy.visual.text.TextStim'>, alignHoriz=method-wrapper(...), alignText='center', alignVert=method-wrapper(...), anchorHoriz='center', anchorVert='center', antialias=True, autoDraw=False, autoLog=True, bold=False, color=array([1, 1, 1]), colorSpace='rgb', contrast=1.0, depth=0.0, flipHoriz=False, flipVert=False, font='Open Sans', fontFiles=[], height=0.05, italic=False, languageStyle='LTR', name='textBlank500', opacity=1.0, ori=0.0, pos=array([0., 0.]), rgb=UNKNOWN, text='', units='height', win=Window(...), wrapWidth=1)
20.8390 	EXP 	Created textGoodbye = TextStim(__class__=<class 'psychopy.visual.text.TextStim'>, alignHoriz=method-wrapper(...), alignText='center', alignVert=method-wrapper(...), anchorHoriz='center', anchorVert='center', antialias=True, autoDraw=False, autoLog=True, bold=False, color=array([1, 1, 1]), colorSpace='rgb', contrast=1.0, depth=0.0, flipHoriz=False, flipVert=False, font='Open Sans', fontFiles=[], height=0.05, italic=False, languageStyle='LTR', name='textGoodbye', opacity=1.0, ori=0.0, pos=array([0., 0.]), rgb=UNKNOWN, text='Thank you for participating!', units='height', win=Window(...), wrapWidth=1)
20.9678 	EXP 	textbox: autoLog = True
20.9678 	EXP 	textWelcome: autoDraw = True
22.8735 	EXP 	textWelcome: autoDraw = False
22.8735 	EXP 	textBlank500: autoDraw = True
23.3949 	EXP 	textBlank500: autoDraw = False
23.3949 	EXP 	textInstructions: autoDraw = True
24.2689 	DATA 	Keypress: space
24.2974 	EXP 	textInstructions: autoDraw = False
24.2974 	EXP 	textBlank500: autoDraw = True
24.8720 	EXP 	Imported repswitch.xlsx as conditions, 96 conditions, 8 params
24.8750 	EXP 	Created sequence: sequential, trialTypes=96, nReps=1, seed=None
24.8755 	EXP 	New trial (rep=0, index=0): {'image': 'REPSWITCH1/PICTURE_1.png', 'correctAns': 'ratón', 'respModal': 'speak', 'frameColour': 'red', 'repSwitch': 'nontarget', 'sequence': 2, 'target': 'NT', 'stimulus': 'Stim1_Set1'}
25.0103 	EXP 	textBlank500: autoDraw = False
25.0103 	EXP 	fixationITI: autoDraw = True
26.7553 	EXP 	fixationITI: autoDraw = False
26.7553 	EXP 	fixationITI: autoDraw = False
26.7553 	EXP 	polygonColour: fillColor = <psychopy.colors.Color: red, alpha=1.0>
26.7553 	EXP 	imageObject: image = 'REPSWITCH1/PICTURE_1.png'
26.7553 	EXP 	polygonColour: autoDraw = True
26.7553 	EXP 	polygonWhite: autoDraw = True
26.7553 	EXP 	imageObject: autoDraw = True
26.7553 	EXP 	textbox: autoDraw = True
29.4128 	EXP 	polygonColour: autoDraw = False
29.4128 	EXP 	polygonWhite: autoDraw = False
29.4128 	EXP 	imageObject: autoDraw = False
29.4128 	EXP 	textbox: autoDraw = False
29.4128 	EXP 	textBlank500: autoDraw = True
29.8848 	EXP 	New trial (rep=0, index=1): {'image': 'REPSWITCH1/PICTURE_1.png', 'correctAns': 'ratón', 'respModal': 'speak', 'frameColour': 'red', 'repSwitch': 'repeat', 'sequence': 2, 'target': 'T', 'stimulus': 'Stim1_Set1'}
29.9202 	EXP 	textBlank500: autoDraw = False
29.9202 	EXP 	fixationITI: autoDraw = True
31.1515 	EXP 	fixationITI: autoDraw = False
31.1515 	EXP 	fixationITI: autoDraw = False
31.1515 	EXP 	polygonColour: fillColor = <psychopy.colors.Color: red, alpha=1.0>
31.1515 	EXP 	imageObject: image = 'REPSWITCH1/PICTURE_1.png'
31.1515 	EXP 	polygonColour: autoDraw = True
31.1515 	EXP 	polygonWhite: autoDraw = True
31.1515 	EXP 	imageObject: autoDraw = True
31.1515 	EXP 	textbox: autoDraw = True
34.1390 	EXP 	polygonColour: autoDraw = False
34.1390 	EXP 	polygonWhite: autoDraw = False
34.1390 	EXP 	imageObject: autoDraw = False
34.1390 	EXP 	textbox: autoDraw = False
34.1390 	EXP 	textBlank500: autoDraw = True
34.5971 	EXP 	New trial (rep=0, index=2): {'image': 'REPSWITCH1/PICTURE_599.png', 'correctAns': 'nube', 'respModal': 'type', 'frameColour': 'blue', 'repSwitch': 'filler', 'sequence': 1, 'target': 'F', 'stimulus': 'Stim1_Set3'}
34.6241 	EXP 	textBlank500: autoDraw = False
34.6241 	EXP 	fixationITI: autoDraw = True
35.9317 	EXP 	fixationITI: autoDraw = False
35.9317 	EXP 	fixationITI: autoDraw = False
35.9317 	EXP 	polygonColour: fillColor = <psychopy.colors.Color: blue, alpha=1.0>
35.9317 	EXP 	imageObject: image = 'REPSWITCH1/PICTURE_599.png'
35.9317 	EXP 	polygonColour: autoDraw = True
35.9317 	EXP 	polygonWhite: autoDraw = True
35.9317 	EXP 	imageObject: autoDraw = True
35.9317 	EXP 	textbox: autoDraw = True
38.9378 	EXP 	polygonColour: autoDraw = False
38.9378 	EXP 	polygonWhite: autoDraw = False
38.9378 	EXP 	imageObject: autoDraw = False
38.9378 	EXP 	textbox: autoDraw = False
38.9378 	EXP 	textBlank500: autoDraw = True
39.3852 	EXP 	New trial (rep=0, index=3): {'image': 'REPSWITCH1/PICTURE_110.png', 'correctAns': 'mesa', 'respModal': 'speak', 'frameColour': 'red', 'repSwitch': 'nontarget', 'sequence': 2, 'target': 'NT', 'stimulus': 'Stim2_Set1'}
39.4173 	EXP 	textBlank500: autoDraw = False
39.4173 	EXP 	fixationITI: autoDraw = True
40.6499 	EXP 	fixationITI: autoDraw = False
40.6499 	EXP 	fixationITI: autoDraw = False
40.6499 	EXP 	polygonColour: fillColor = <psychopy.colors.Color: red, alpha=1.0>
40.6499 	EXP 	imageObject: image = 'REPSWITCH1/PICTURE_110.png'
40.6499 	EXP 	polygonColour: autoDraw = True
40.6499 	EXP 	polygonWhite: autoDraw = True
40.6499 	EXP 	imageObject: autoDraw = True
40.6499 	EXP 	textbox: autoDraw = True
43.6172 	EXP 	polygonColour: autoDraw = False
43.6172 	EXP 	polygonWhite: autoDraw = False
43.6172 	EXP 	imageObject: autoDraw = False
43.6172 	EXP 	textbox: autoDraw = False
43.6172 	EXP 	textBlank500: autoDraw = True
44.0822 	EXP 	New trial (rep=0, index=4): {'image': 'REPSWITCH1/PICTURE_110.png', 'correctAns': 'mesa', 'respModal': 'speak', 'frameColour': 'red', 'repSwitch': 'repeat', 'sequence': 2, 'target': 'T', 'stimulus': 'Stim2_Set1'}
44.1178 	EXP 	textBlank500: autoDraw = False
44.1178 	EXP 	fixationITI: autoDraw = True
45.3793 	EXP 	fixationITI: autoDraw = False
45.3793 	EXP 	fixationITI: autoDraw = False
45.3793 	EXP 	polygonColour: fillColor = <psychopy.colors.Color: red, alpha=1.0>
45.3793 	EXP 	imageObject: image = 'REPSWITCH1/PICTURE_110.png'
45.3793 	EXP 	polygonColour: autoDraw = True
45.3793 	EXP 	polygonWhite: autoDraw = True
45.3793 	EXP 	imageObject: autoDraw = True
45.3793 	EXP 	textbox: autoDraw = True
48.3668 	EXP 	polygonColour: autoDraw = False
48.3668 	EXP 	polygonWhite: autoDraw = False
48.3668 	EXP 	imageObject: autoDraw = False
48.3668 	EXP 	textbox: autoDraw = False
48.3668 	EXP 	textBlank500: autoDraw = True
48.8398 	EXP 	New trial (rep=0, index=5): {'image': 'REPSWITCH1/PICTURE_610.png', 'correctAns': 'miel', 'respModal': 'type', 'frameColour': 'blue', 'repSwitch': 'filler', 'sequence': 1, 'target': 'F', 'stimulus': 'Stim2_Set3'}
48.8709 	EXP 	textBlank500: autoDraw = False
48.8709 	EXP 	fixationITI: autoDraw = True
50.1060 	EXP 	fixationITI: autoDraw = False
50.1060 	EXP 	fixationITI: autoDraw = False
50.1060 	EXP 	polygonColour: fillColor = <psychopy.colors.Color: blue, alpha=1.0>
50.1060 	EXP 	imageObject: image = 'REPSWITCH1/PICTURE_610.png'
50.1060 	EXP 	polygonColour: autoDraw = True
50.1060 	EXP 	polygonWhite: autoDraw = True
50.1060 	EXP 	imageObject: autoDraw = True
50.1060 	EXP 	textbox: autoDraw = True
52.6655 	DATA 	Keypress: escape
53.5420 	EXP 	window1: mouseVisible = True
