12.2532 	EXP 	Created window1 = Window(allowGUI=True, allowStencil=False, autoLog=True, backendConf=UNKNOWN, bitsMode=UNKNOWN, blendMode='avg', bpc=(8, 8, 8), color=array([0, 0, 0]), colorSpace='rgb', depthBits=8, fullscr=<method-wrapper '__getattribute__' of attributeSetter object at 0x000001ED180B6970>, gamma=None, gammaErrorPolicy='raise', lms=UNKNOWN, monitor=<psychopy.monitors.calibTools.Monitor object at 0x000001ED1A03D520>, multiSample=False, name='window1', numSamples=2, pos=(192, 108), screen=0, size=array([1536,  864]), stencilBits=0, stereo=False, units='height', useFBO=True, useRetina=False, viewOri=0.0, viewPos=None, viewScale=None, waitBlanking=True, winType='pyglet')
12.2534 	EXP 	window1: mouseVisible = True
12.2536 	EXP 	window1: mouseVisible = True
12.2536 	EXP 	window1: Attempting to measure frame rate of screen (0) ...
12.2536 	EXP 	window1: recordFrameIntervals = False
12.4184 	EXP 	window1: recordFrameIntervals = True
12.6015 	EXP 	Screen (0) actual frame rate measured at 60.39Hz
12.6016 	EXP 	window1: recordFrameIntervals = False
12.6291 	WARNING 	launchHubServer: If using the iohub mouse or eyetracker devices, fullScr should be True.
15.5524 	EXP 	Created textWelcome = TextStim(__class__=<class 'psychopy.visual.text.TextStim'>, alignHoriz=method-wrapper(...), alignText='center', alignVert=method-wrapper(...), anchorHoriz='center', anchorVert='center', antialias=True, autoDraw=False, autoLog=True, bold=False, color=array([1, 1, 1]), colorSpace='rgb', contrast=1.0, depth=0.0, flipHoriz=False, flipVert=False, font='Open Sans', fontFiles=[], height=0.05, italic=False, languageStyle='LTR', name='textWelcome', opacity=1.0, ori=0.0, pos=array([0., 0.]), rgb=UNKNOWN, text='Welcome to the experiment!', units='height', win=Window(...), wrapWidth=1)
15.5545 	EXP 	Created textBlank500 = TextStim(__class__=<class 'psychopy.visual.text.TextStim'>, alignHoriz=method-wrapper(...), alignText='center', alignVert=method-wrapper(...), anchorHoriz='center', anchorVert='center', antialias=True, autoDraw=False, autoLog=True, bold=False, color=array([1, 1, 1]), colorSpace='rgb', contrast=1.0, depth=0.0, flipHoriz=False, flipVert=False, font='Open Sans', fontFiles=[], height=0.05, italic=False, languageStyle='LTR', name='textBlank500', opacity=1.0, ori=0.0, pos=array([0., 0.]), rgb=UNKNOWN, text='', units='height', win=Window(...), wrapWidth=1)
15.6068 	EXP 	Created textInstructions = TextStim(__class__=<class 'psychopy.visual.text.TextStim'>, alignHoriz=method-wrapper(...), alignText='center', alignVert=method-wrapper(...), anchorHoriz='center', anchorVert='center', antialias=True, autoDraw=False, autoLog=True, bold=False, color=array([1, 1, 1]), colorSpace='rgb', contrast=1.0, depth=0.0, flipHoriz=False, flipVert=False, font='Open Sans', fontFiles=[], height=0.05, italic=False, languageStyle='LTR', name='textInstructions', opacity=1.0, ori=0.0, pos=array([0., 0.]), rgb=UNKNOWN, text=str(...), units='height', win=Window(...), wrapWidth=1)
15.6091 	EXP 	Created textBlank500 = TextStim(__class__=<class 'psychopy.visual.text.TextStim'>, alignHoriz=method-wrapper(...), alignText='center', alignVert=method-wrapper(...), anchorHoriz='center', anchorVert='center', antialias=True, autoDraw=False, autoLog=True, bold=False, color=array([1, 1, 1]), colorSpace='rgb', contrast=1.0, depth=0.0, flipHoriz=False, flipVert=False, font='Open Sans', fontFiles=[], height=0.05, italic=False, languageStyle='LTR', name='textBlank500', opacity=1.0, ori=0.0, pos=array([0., 0.]), rgb=UNKNOWN, text='', units='height', win=Window(...), wrapWidth=1)
15.6140 	EXP 	Created fixationITI = ShapeStim(__class__=<class 'psychopy.visual.shape.ShapeStim'>, anchor=('center', 'center'), autoDraw=False, autoLog=True, closeShape=True, color=method-wrapper(...), colorSpace='rgb', contrast=None, depth=0.0, fillColor=array([1, 1, 1]), fillColorSpace='rgb', fillRGB=array([1, 1, 1]), interpolate=True, lineColor=array([1, 1, 1]), lineColorSpace='rgb', lineRGB=array([1, 1, 1]), lineWidth=1.0, name='fixationITI', opacity=1.0, ori=0.0, pos=array([0., 0.]), size=array([0.1, 0.1]), units='height', vertices=ndarray(...), win=Window(...), windingRule=None)
15.6172 	EXP 	Created polygonColour = Rect(__class__=<class 'psychopy.visual.rect.Rect'>, anchor=('center', 'center'), autoDraw=False, autoLog=True, closeShape=True, color=method-wrapper(...), colorSpace='rgb', contrast=None, depth=0.0, fillColor=array([1, 1, 1]), fillColorSpace='rgb', fillRGB=array([1, 1, 1]), interpolate=True, lineColor=array([1, 1, 1]), lineColorSpace='rgb', lineRGB=array([1, 1, 1]), lineWidth=1.0, name='polygonColour', opacity=1.0, ori=0.0, pos=array([0., 0.]), size=array([0.55, 0.55]), units='height', vertices=ndarray(...), win=Window(...))
15.6194 	EXP 	Created polygonWhite = Rect(__class__=<class 'psychopy.visual.rect.Rect'>, anchor=('center', 'center'), autoDraw=False, autoLog=True, closeShape=True, color=method-wrapper(...), colorSpace='rgb', contrast=None, depth=-1.0, fillColor=array([1, 1, 1]), fillColorSpace='rgb', fillRGB=array([1, 1, 1]), interpolate=True, lineColor=array([1, 1, 1]), lineColorSpace='rgb', lineRGB=array([1, 1, 1]), lineWidth=1.0, name='polygonWhite', opacity=1.0, ori=0.0, pos=array([0., 0.]), size=array([0.5, 0.5]), units='height', vertices=ndarray(...), win=Window(...))
15.6397 	EXP 	Created imageObject = ImageStim(__class__=<class 'psychopy.visual.image.ImageStim'>, anchor=('center', 'center'), autoLog=True, color=array([1, 1, 1]), colorSpace='rgb', contrast=1.0, depth=-2.0, flipHoriz=False, flipVert=False, image='sin', interpolate=True, mask=None, maskParams=None, name='imageObject', opacity=1.0, ori=0.0, pos=array([0., 0.]), size=array([0.5, 0.5]), texRes=128.0, units='height', win=Window(...))
15.6420 	EXP 	Created polygon = Rect(__class__=<class 'psychopy.visual.rect.Rect'>, anchor=('center', 'center'), autoDraw=False, autoLog=True, closeShape=True, color=method-wrapper(...), colorSpace='rgb', contrast=None, depth=-3.0, fillColor=array([1.    , 0.7882, 0.5373]), fillColorSpace='rgb', fillRGB=array([1.    , 0.7882, 0.5373]), interpolate=True, lineColor=array([1.    , 0.7882, 0.5373]), lineColorSpace='rgb', lineRGB=array([1.    , 0.7882, 0.5373]), lineWidth=1.0, name='polygon', opacity=1.0, ori=0.0, pos=array([0., 0.]), size=array([0.5, 0.5]), units='height', vertices=ndarray(...), win=Window(...))
15.6431 	EXP 	Created textInput = TextStim(__class__=<class 'psychopy.visual.text.TextStim'>, alignHoriz=method-wrapper(...), alignText='center', alignVert=method-wrapper(...), anchorHoriz='center', anchorVert='center', antialias=True, autoDraw=False, autoLog=True, bold=False, color=array([-1., -1., -1.]), colorSpace='rgb', contrast=1.0, depth=-4.0, flipHoriz=False, flipVert=False, font='Open Sans', fontFiles=[], height=0.05, italic=False, languageStyle='LTR', name='textInput', opacity=1.0, ori=0.0, pos=array([0., 0.]), rgb=UNKNOWN, text='', units='height', win=Window(...), wrapWidth=1)
17.0480 	EXP 	Created textBlank500 = TextStim(__class__=<class 'psychopy.visual.text.TextStim'>, alignHoriz=method-wrapper(...), alignText='center', alignVert=method-wrapper(...), anchorHoriz='center', anchorVert='center', antialias=True, autoDraw=False, autoLog=True, bold=False, color=array([1, 1, 1]), colorSpace='rgb', contrast=1.0, depth=0.0, flipHoriz=False, flipVert=False, font='Open Sans', fontFiles=[], height=0.05, italic=False, languageStyle='LTR', name='textBlank500', opacity=1.0, ori=0.0, pos=array([0., 0.]), rgb=UNKNOWN, text='', units='height', win=Window(...), wrapWidth=1)
17.0691 	EXP 	Created textGoodbye = TextStim(__class__=<class 'psychopy.visual.text.TextStim'>, alignHoriz=method-wrapper(...), alignText='center', alignVert=method-wrapper(...), anchorHoriz='center', anchorVert='center', antialias=True, autoDraw=False, autoLog=True, bold=False, color=array([1, 1, 1]), colorSpace='rgb', contrast=1.0, depth=0.0, flipHoriz=False, flipVert=False, font='Open Sans', fontFiles=[], height=0.05, italic=False, languageStyle='LTR', name='textGoodbye', opacity=1.0, ori=0.0, pos=array([0., 0.]), rgb=UNKNOWN, text='Thank you for participating!', units='height', win=Window(...), wrapWidth=1)
17.0981 	EXP 	textWelcome: autoDraw = True
19.1001 	EXP 	textWelcome: autoDraw = False
19.1001 	EXP 	textBlank500: autoDraw = True
19.6005 	EXP 	textBlank500: autoDraw = False
19.6005 	EXP 	textInstructions: autoDraw = True
20.3898 	DATA 	Keypress: space
20.4001 	EXP 	textInstructions: autoDraw = False
20.4001 	EXP 	textBlank500: autoDraw = True
21.0079 	EXP 	Imported repswitch.xlsx as conditions, 96 conditions, 8 params
21.0119 	EXP 	Created sequence: sequential, trialTypes=96, nReps=1, seed=None
21.0127 	EXP 	New trial (rep=0, index=0): {'image': 'REPSWITCH1/PICTURE_1.png', 'correctAns': 'ratón', 'respModal': 'speak', 'frameColour': 'yellow', 'repSwitch': 'nontarget', 'sequence': 2, 'target': 'NT', 'stimulus': 'Stim1_Set1'}
21.0311 	EXP 	textBlank500: autoDraw = False
21.0311 	EXP 	textBlank500: autoDraw = False
21.0311 	EXP 	fixationITI: autoDraw = True
22.5496 	EXP 	fixationITI: autoDraw = False
22.5496 	EXP 	fixationITI: autoDraw = False
22.5496 	EXP 	polygonColour: fillColor = <psychopy.colors.Color: yellow, alpha=1.0>
22.5496 	EXP 	polygonColour: borderColor = <psychopy.colors.Color: yellow, alpha=1.0>
22.5496 	EXP 	imageObject: image = 'REPSWITCH1/PICTURE_1.png'
22.5496 	EXP 	polygonColour: autoDraw = True
22.5496 	EXP 	polygonWhite: autoDraw = True
22.5496 	EXP 	imageObject: autoDraw = True
22.5496 	EXP 	polygon: autoDraw = True
22.5496 	EXP 	textInput: autoDraw = True
22.5496 	EXP 	textInput: height = 0.05
22.5496 	EXP 	textInput: height = 0.05
22.5496 	EXP 	textInput: height = 0.05
22.5496 	EXP 	textInput: text = ''
25.3305 	EXP 	polygonColour: autoDraw = False
25.3305 	EXP 	polygonWhite: autoDraw = False
25.3305 	EXP 	imageObject: autoDraw = False
25.3305 	EXP 	polygon: autoDraw = False
25.3305 	EXP 	textInput: autoDraw = False
25.3305 	EXP 	textBlank500: autoDraw = True
25.7673 	EXP 	New trial (rep=0, index=1): {'image': 'REPSWITCH1/PICTURE_1.png', 'correctAns': 'ratón', 'respModal': 'speak', 'frameColour': 'yellow', 'repSwitch': 'repeat', 'sequence': 2, 'target': 'T', 'stimulus': 'Stim1_Set1'}
25.7828 	EXP 	textBlank500: autoDraw = False
25.7828 	EXP 	fixationITI: autoDraw = True
26.9317 	EXP 	fixationITI: autoDraw = False
26.9317 	EXP 	fixationITI: autoDraw = False
26.9317 	EXP 	polygonColour: fillColor = <psychopy.colors.Color: yellow, alpha=1.0>
26.9317 	EXP 	polygonColour: borderColor = <psychopy.colors.Color: yellow, alpha=1.0>
26.9317 	EXP 	imageObject: image = 'REPSWITCH1/PICTURE_1.png'
26.9317 	EXP 	polygonColour: autoDraw = True
26.9317 	EXP 	polygonWhite: autoDraw = True
26.9317 	EXP 	imageObject: autoDraw = True
26.9317 	EXP 	polygon: autoDraw = True
26.9317 	EXP 	textInput: autoDraw = True
28.0603 	DATA 	Keypress: l
28.1580 	DATA 	Keypress: k
28.2562 	DATA 	Keypress: l
28.3592 	DATA 	Keypress: k
28.4568 	DATA 	Keypress: l
28.5407 	DATA 	Keypress: k
28.6078 	DATA 	Keypress: p
28.7058 	DATA 	Keypress: k
28.8229 	DATA 	Keypress: l
28.8714 	DATA 	Keypress: escape
28.9379 	DATA 	Keypress: k
28.9836 	DATA 	Keypress: l
30.0566 	EXP 	window1: mouseVisible = True
