7.0882 	EXP 	Created window1 = Window(allowGUI=True, allowStencil=False, autoLog=True, backendConf=UNKNOWN, bitsMode=UNKNOWN, blendMode='avg', bpc=(8, 8, 8), color=array([0, 0, 0]), colorSpace='rgb', depthBits=8, fullscr=<method-wrapper '__getattribute__' of attributeSetter object at 0x000001DC76F28910>, gamma=None, gammaErrorPolicy='raise', lms=UNKNOWN, monitor=<psychopy.monitors.calibTools.Monitor object at 0x000001DC78EAD460>, multiSample=False, name='window1', numSamples=2, pos=(192, 108), screen=0, size=array([1536,  864]), stencilBits=0, stereo=False, units='height', useFBO=True, useRetina=False, viewOri=0.0, viewPos=None, viewScale=None, waitBlanking=True, winType='pyglet')
7.0884 	EXP 	window1: mouseVisible = True
7.0885 	EXP 	window1: mouseVisible = True
7.0886 	EXP 	window1: Attempting to measure frame rate of screen (0) ...
7.0886 	EXP 	window1: recordFrameIntervals = False
7.2527 	EXP 	window1: recordFrameIntervals = True
7.3441 	WARNING 	t of last frame was 24.36ms (=1/41)
7.3754 	WARNING 	t of last frame was 23.11ms (=1/43)
7.5534 	EXP 	Screen (0) actual frame rate measured at 59.96Hz
7.5534 	EXP 	window1: recordFrameIntervals = False
7.5808 	WARNING 	launchHubServer: If using the iohub mouse or eyetracker devices, fullScr should be True.
9.4947 	EXP 	Created textWelcome = TextStim(__class__=<class 'psychopy.visual.text.TextStim'>, alignHoriz=method-wrapper(...), alignText='center', alignVert=method-wrapper(...), anchorHoriz='center', anchorVert='center', antialias=True, autoDraw=False, autoLog=True, bold=False, color=array([1, 1, 1]), colorSpace='rgb', contrast=1.0, depth=0.0, flipHoriz=False, flipVert=False, font='Open Sans', fontFiles=[], height=0.05, italic=False, languageStyle='LTR', name='textWelcome', opacity=1.0, ori=0.0, pos=array([0., 0.]), rgb=UNKNOWN, text='Welcome to the experiment!', units='height', win=Window(...), wrapWidth=1)
9.4957 	EXP 	Created textBlank500 = TextStim(__class__=<class 'psychopy.visual.text.TextStim'>, alignHoriz=method-wrapper(...), alignText='center', alignVert=method-wrapper(...), anchorHoriz='center', anchorVert='center', antialias=True, autoDraw=False, autoLog=True, bold=False, color=array([1, 1, 1]), colorSpace='rgb', contrast=1.0, depth=0.0, flipHoriz=False, flipVert=False, font='Open Sans', fontFiles=[], height=0.05, italic=False, languageStyle='LTR', name='textBlank500', opacity=1.0, ori=0.0, pos=array([0., 0.]), rgb=UNKNOWN, text='', units='height', win=Window(...), wrapWidth=1)
9.5220 	EXP 	Created textInstructions = TextStim(__class__=<class 'psychopy.visual.text.TextStim'>, alignHoriz=method-wrapper(...), alignText='center', alignVert=method-wrapper(...), anchorHoriz='center', anchorVert='center', antialias=True, autoDraw=False, autoLog=True, bold=False, color=array([1, 1, 1]), colorSpace='rgb', contrast=1.0, depth=0.0, flipHoriz=False, flipVert=False, font='Open Sans', fontFiles=[], height=0.05, italic=False, languageStyle='LTR', name='textInstructions', opacity=1.0, ori=0.0, pos=array([0., 0.]), rgb=UNKNOWN, text=str(...), units='height', win=Window(...), wrapWidth=1)
9.5230 	EXP 	Created textBlank500 = TextStim(__class__=<class 'psychopy.visual.text.TextStim'>, alignHoriz=method-wrapper(...), alignText='center', alignVert=method-wrapper(...), anchorHoriz='center', anchorVert='center', antialias=True, autoDraw=False, autoLog=True, bold=False, color=array([1, 1, 1]), colorSpace='rgb', contrast=1.0, depth=0.0, flipHoriz=False, flipVert=False, font='Open Sans', fontFiles=[], height=0.05, italic=False, languageStyle='LTR', name='textBlank500', opacity=1.0, ori=0.0, pos=array([0., 0.]), rgb=UNKNOWN, text='', units='height', win=Window(...), wrapWidth=1)
9.5254 	EXP 	Created fixationITI = ShapeStim(__class__=<class 'psychopy.visual.shape.ShapeStim'>, anchor=('center', 'center'), autoDraw=False, autoLog=True, closeShape=True, color=method-wrapper(...), colorSpace='rgb', contrast=None, depth=0.0, fillColor=array([1, 1, 1]), fillColorSpace='rgb', fillRGB=array([1, 1, 1]), interpolate=True, lineColor=array([1, 1, 1]), lineColorSpace='rgb', lineRGB=array([1, 1, 1]), lineWidth=1.0, name='fixationITI', opacity=1.0, ori=0.0, pos=array([0., 0.]), size=array([0.1, 0.1]), units='height', vertices=ndarray(...), win=Window(...), windingRule=None)
9.5271 	EXP 	Created polygonType = Rect(__class__=<class 'psychopy.visual.rect.Rect'>, anchor=('center', 'center'), autoDraw=False, autoLog=True, closeShape=True, color=method-wrapper(...), colorSpace='rgb', contrast=None, depth=0.0, fillColor=array([0.9216, 0.9216, 0.9216]), fillColorSpace='rgb', fillRGB=array([0.9216, 0.9216, 0.9216]), interpolate=True, lineColor=array([0.9216, 0.9216, 0.9216]), lineColorSpace='rgb', lineRGB=array([0.9216, 0.9216, 0.9216]), lineWidth=1.0, name='polygonType', opacity=1.0, ori=0.0, pos=array([0., 0.]), size=array([0.2, 0.1]), units='height', vertices=ndarray(...), win=Window(...))
9.5282 	EXP 	Created polygonColour = Rect(__class__=<class 'psychopy.visual.rect.Rect'>, anchor=('center', 'center'), autoDraw=False, autoLog=True, closeShape=True, color=method-wrapper(...), colorSpace='rgb', contrast=None, depth=-1.0, fillColor=array([1, 1, 1]), fillColorSpace='rgb', fillRGB=array([1, 1, 1]), interpolate=True, lineColor=array([1, 1, 1]), lineColorSpace='rgb', lineRGB=array([1, 1, 1]), lineWidth=1.0, name='polygonColour', opacity=1.0, ori=0.0, pos=array([0., 0.]), size=array([0.55, 0.55]), units='height', vertices=ndarray(...), win=Window(...))
9.5293 	EXP 	Created polygonWhite = Rect(__class__=<class 'psychopy.visual.rect.Rect'>, anchor=('center', 'center'), autoDraw=False, autoLog=True, closeShape=True, color=method-wrapper(...), colorSpace='rgb', contrast=None, depth=-2.0, fillColor=array([1, 1, 1]), fillColorSpace='rgb', fillRGB=array([1, 1, 1]), interpolate=True, lineColor=array([1, 1, 1]), lineColorSpace='rgb', lineRGB=array([1, 1, 1]), lineWidth=1.0, name='polygonWhite', opacity=1.0, ori=0.0, pos=array([0., 0.]), size=array([0.5, 0.5]), units='height', vertices=ndarray(...), win=Window(...))
9.5389 	EXP 	Created imageObject = ImageStim(__class__=<class 'psychopy.visual.image.ImageStim'>, anchor=('center', 'center'), autoLog=True, color=array([1, 1, 1]), colorSpace='rgb', contrast=1.0, depth=-3.0, flipHoriz=False, flipVert=False, image='sin', interpolate=True, mask=None, maskParams=None, name='imageObject', opacity=1.0, ori=0.0, pos=array([0., 0.]), size=array([0.5, 0.5]), texRes=128.0, units='height', win=Window(...))
9.5395 	EXP 	Created textInput = TextStim(__class__=<class 'psychopy.visual.text.TextStim'>, alignHoriz=method-wrapper(...), alignText='center', alignVert=method-wrapper(...), anchorHoriz='center', anchorVert='center', antialias=True, autoDraw=False, autoLog=True, bold=False, color=array([-1., -1., -1.]), colorSpace='rgb', contrast=1.0, depth=-4.0, flipHoriz=False, flipVert=False, font='Open Sans', fontFiles=[], height=0.05, italic=False, languageStyle='LTR', name='textInput', opacity=1.0, ori=0.0, pos=array([0., 0.]), rgb=UNKNOWN, text='', units='height', win=Window(...), wrapWidth=1)
10.8825 	EXP 	Created textBlank500 = TextStim(__class__=<class 'psychopy.visual.text.TextStim'>, alignHoriz=method-wrapper(...), alignText='center', alignVert=method-wrapper(...), anchorHoriz='center', anchorVert='center', antialias=True, autoDraw=False, autoLog=True, bold=False, color=array([1, 1, 1]), colorSpace='rgb', contrast=1.0, depth=0.0, flipHoriz=False, flipVert=False, font='Open Sans', fontFiles=[], height=0.05, italic=False, languageStyle='LTR', name='textBlank500', opacity=1.0, ori=0.0, pos=array([0., 0.]), rgb=UNKNOWN, text='', units='height', win=Window(...), wrapWidth=1)
10.8919 	EXP 	Created textGoodbye = TextStim(__class__=<class 'psychopy.visual.text.TextStim'>, alignHoriz=method-wrapper(...), alignText='center', alignVert=method-wrapper(...), anchorHoriz='center', anchorVert='center', antialias=True, autoDraw=False, autoLog=True, bold=False, color=array([1, 1, 1]), colorSpace='rgb', contrast=1.0, depth=0.0, flipHoriz=False, flipVert=False, font='Open Sans', fontFiles=[], height=0.05, italic=False, languageStyle='LTR', name='textGoodbye', opacity=1.0, ori=0.0, pos=array([0., 0.]), rgb=UNKNOWN, text='Thank you for participating!', units='height', win=Window(...), wrapWidth=1)
10.9060 	EXP 	textWelcome: autoDraw = True
12.9182 	EXP 	textWelcome: autoDraw = False
12.9182 	EXP 	textBlank500: autoDraw = True
13.4180 	EXP 	textBlank500: autoDraw = False
13.4180 	EXP 	textInstructions: autoDraw = True
14.3528 	DATA 	Keypress: space
14.3674 	EXP 	textInstructions: autoDraw = False
14.3674 	EXP 	textBlank500: autoDraw = True
14.8840 	EXP 	Imported repswitch.xlsx as conditions, 96 conditions, 8 params
14.8853 	EXP 	Created sequence: sequential, trialTypes=96, nReps=1, seed=None
14.8857 	EXP 	New trial (rep=0, index=0): {'image': 'REPSWITCH1/PICTURE_1.png', 'correctAns': 'ratón', 'respModal': 'speak', 'frameColour': 'yellow', 'repSwitch': 'nontarget', 'sequence': 2, 'target': 'NT', 'stimulus': 'Stim1_Set1'}
14.8985 	EXP 	textBlank500: autoDraw = False
14.8985 	EXP 	textBlank500: autoDraw = False
14.8985 	EXP 	fixationITI: autoDraw = True
16.1163 	EXP 	fixationITI: autoDraw = False
16.1163 	EXP 	fixationITI: autoDraw = False
16.1163 	EXP 	polygonColour: fillColor = <psychopy.colors.Color: yellow, alpha=1.0>
16.1163 	EXP 	polygonColour: borderColor = <psychopy.colors.Color: yellow, alpha=1.0>
16.1163 	EXP 	imageObject: image = 'REPSWITCH1/PICTURE_1.png'
16.1163 	EXP 	polygonType: autoDraw = True
16.1163 	EXP 	polygonColour: autoDraw = True
16.1163 	EXP 	polygonWhite: autoDraw = True
16.1163 	EXP 	imageObject: autoDraw = True
16.1163 	EXP 	textInput: autoDraw = True
16.1163 	EXP 	textInput: height = 0.05
16.1163 	EXP 	textInput: height = 0.05
16.1163 	EXP 	textInput: height = 0.05
16.1163 	EXP 	textInput: text = ''
16.4532 	DATA 	Keypress: m
16.6199 	DATA 	Keypress: o
16.7865 	DATA 	Keypress: u
16.8199 	DATA 	Keypress: s
16.9535 	DATA 	Keypress: e
19.1146 	EXP 	polygonType: autoDraw = False
19.1146 	EXP 	polygonColour: autoDraw = False
19.1146 	EXP 	polygonWhite: autoDraw = False
19.1146 	EXP 	imageObject: autoDraw = False
19.1146 	EXP 	textInput: autoDraw = False
19.1146 	EXP 	textBlank500: autoDraw = True
19.5665 	EXP 	New trial (rep=0, index=1): {'image': 'REPSWITCH1/PICTURE_1.png', 'correctAns': 'ratón', 'respModal': 'speak', 'frameColour': 'yellow', 'repSwitch': 'repeat', 'sequence': 2, 'target': 'T', 'stimulus': 'Stim1_Set1'}
19.5826 	EXP 	textBlank500: autoDraw = False
19.5826 	EXP 	fixationITI: autoDraw = True
20.6501 	EXP 	fixationITI: autoDraw = False
20.6501 	EXP 	fixationITI: autoDraw = False
20.6501 	EXP 	polygonColour: fillColor = <psychopy.colors.Color: yellow, alpha=1.0>
20.6501 	EXP 	polygonColour: borderColor = <psychopy.colors.Color: yellow, alpha=1.0>
20.6501 	EXP 	imageObject: image = 'REPSWITCH1/PICTURE_1.png'
20.6501 	EXP 	polygonType: autoDraw = True
20.6501 	EXP 	polygonColour: autoDraw = True
20.6501 	EXP 	polygonWhite: autoDraw = True
20.6501 	EXP 	imageObject: autoDraw = True
20.6501 	EXP 	textInput: autoDraw = True
20.9854 	DATA 	Keypress: r
21.0857 	DATA 	Keypress: a
21.2354 	DATA 	Keypress: o
21.2540 	DATA 	Keypress: t
21.3688 	DATA 	Keypress: n
22.6686 	DATA 	Keypress: escape
23.4755 	EXP 	window1: mouseVisible = True
