8.6832 	EXP 	Created window1 = Window(allowGUI=True, allowStencil=False, autoLog=True, backendConf=UNKNOWN, bitsMode=UNKNOWN, blendMode='avg', bpc=(8, 8, 8), color=array([0, 0, 0]), colorSpace='rgb', depthBits=8, fullscr=<method-wrapper '__getattribute__' of attributeSetter object at 0x000002E8DEC98910>, gamma=None, gammaErrorPolicy='raise', lms=UNKNOWN, monitor=<psychopy.monitors.calibTools.Monitor object at 0x000002E8E0C1D490>, multiSample=False, name='window1', numSamples=2, pos=(192, 108), screen=0, size=array([1536,  864]), stencilBits=0, stereo=False, units='height', useFBO=True, useRetina=False, viewOri=0.0, viewPos=None, viewScale=None, waitBlanking=True, winType='pyglet')
8.6834 	EXP 	window1: mouseVisible = True
8.6836 	EXP 	window1: mouseVisible = True
8.6836 	EXP 	window1: Attempting to measure frame rate of screen (0) ...
8.6836 	EXP 	window1: recordFrameIntervals = False
8.8488 	EXP 	window1: recordFrameIntervals = True
9.0317 	EXP 	Screen (0) actual frame rate measured at 60.15Hz
9.0317 	EXP 	window1: recordFrameIntervals = False
9.0651 	WARNING 	launchHubServer: If using the iohub mouse or eyetracker devices, fullScr should be True.
10.8616 	EXP 	Created textWelcome = TextStim(__class__=<class 'psychopy.visual.text.TextStim'>, alignHoriz=method-wrapper(...), alignText='center', alignVert=method-wrapper(...), anchorHoriz='center', anchorVert='center', antialias=True, autoDraw=False, autoLog=True, bold=False, color=array([1, 1, 1]), colorSpace='rgb', contrast=1.0, depth=0.0, flipHoriz=False, flipVert=False, font='Open Sans', fontFiles=[], height=0.05, italic=False, languageStyle='LTR', name='textWelcome', opacity=1.0, ori=0.0, pos=array([0., 0.]), rgb=UNKNOWN, text='Welcome to the experiment!', units='height', win=Window(...), wrapWidth=1)
10.8626 	EXP 	Created textBlank500 = TextStim(__class__=<class 'psychopy.visual.text.TextStim'>, alignHoriz=method-wrapper(...), alignText='center', alignVert=method-wrapper(...), anchorHoriz='center', anchorVert='center', antialias=True, autoDraw=False, autoLog=True, bold=False, color=array([1, 1, 1]), colorSpace='rgb', contrast=1.0, depth=0.0, flipHoriz=False, flipVert=False, font='Open Sans', fontFiles=[], height=0.05, italic=False, languageStyle='LTR', name='textBlank500', opacity=1.0, ori=0.0, pos=array([0., 0.]), rgb=UNKNOWN, text='', units='height', win=Window(...), wrapWidth=1)
10.8896 	EXP 	Created textInstructions = TextStim(__class__=<class 'psychopy.visual.text.TextStim'>, alignHoriz=method-wrapper(...), alignText='center', alignVert=method-wrapper(...), anchorHoriz='center', anchorVert='center', antialias=True, autoDraw=False, autoLog=True, bold=False, color=array([1, 1, 1]), colorSpace='rgb', contrast=1.0, depth=0.0, flipHoriz=False, flipVert=False, font='Open Sans', fontFiles=[], height=0.05, italic=False, languageStyle='LTR', name='textInstructions', opacity=1.0, ori=0.0, pos=array([0., 0.]), rgb=UNKNOWN, text=str(...), units='height', win=Window(...), wrapWidth=1)
10.8906 	EXP 	Created textBlank500 = TextStim(__class__=<class 'psychopy.visual.text.TextStim'>, alignHoriz=method-wrapper(...), alignText='center', alignVert=method-wrapper(...), anchorHoriz='center', anchorVert='center', antialias=True, autoDraw=False, autoLog=True, bold=False, color=array([1, 1, 1]), colorSpace='rgb', contrast=1.0, depth=0.0, flipHoriz=False, flipVert=False, font='Open Sans', fontFiles=[], height=0.05, italic=False, languageStyle='LTR', name='textBlank500', opacity=1.0, ori=0.0, pos=array([0., 0.]), rgb=UNKNOWN, text='', units='height', win=Window(...), wrapWidth=1)
10.8934 	EXP 	Created fixationITI = ShapeStim(__class__=<class 'psychopy.visual.shape.ShapeStim'>, anchor=('center', 'center'), autoDraw=False, autoLog=True, closeShape=True, color=method-wrapper(...), colorSpace='rgb', contrast=None, depth=0.0, fillColor=array([1, 1, 1]), fillColorSpace='rgb', fillRGB=array([1, 1, 1]), interpolate=True, lineColor=array([1, 1, 1]), lineColorSpace='rgb', lineRGB=array([1, 1, 1]), lineWidth=1.0, name='fixationITI', opacity=1.0, ori=0.0, pos=array([0., 0.]), size=array([0.1, 0.1]), units='height', vertices=ndarray(...), win=Window(...), windingRule=None)
10.8955 	EXP 	Created polygonColour = Rect(__class__=<class 'psychopy.visual.rect.Rect'>, anchor=('center', 'center'), autoDraw=False, autoLog=True, closeShape=True, color=method-wrapper(...), colorSpace='rgb', contrast=None, depth=0.0, fillColor=array([1, 1, 1]), fillColorSpace='rgb', fillRGB=array([1, 1, 1]), interpolate=True, lineColor=array([1, 1, 1]), lineColorSpace='rgb', lineRGB=array([1, 1, 1]), lineWidth=1.0, name='polygonColour', opacity=1.0, ori=0.0, pos=array([0., 0.]), size=array([0.55, 0.55]), units='height', vertices=ndarray(...), win=Window(...))
10.8968 	EXP 	Created polygonWhite = Rect(__class__=<class 'psychopy.visual.rect.Rect'>, anchor=('center', 'center'), autoDraw=False, autoLog=True, closeShape=True, color=method-wrapper(...), colorSpace='rgb', contrast=None, depth=-1.0, fillColor=array([1, 1, 1]), fillColorSpace='rgb', fillRGB=array([1, 1, 1]), interpolate=True, lineColor=array([1, 1, 1]), lineColorSpace='rgb', lineRGB=array([1, 1, 1]), lineWidth=1.0, name='polygonWhite', opacity=1.0, ori=0.0, pos=array([0., 0.]), size=array([0.5, 0.5]), units='height', vertices=ndarray(...), win=Window(...))
10.9056 	EXP 	Created imageObject = ImageStim(__class__=<class 'psychopy.visual.image.ImageStim'>, anchor=('center', 'center'), autoLog=True, color=array([1, 1, 1]), colorSpace='rgb', contrast=1.0, depth=-2.0, flipHoriz=False, flipVert=False, image='sin', interpolate=True, mask=None, maskParams=None, name='imageObject', opacity=1.0, ori=0.0, pos=array([0., 0.]), size=array([0.5, 0.5]), texRes=128.0, units='height', win=Window(...))
10.9067 	EXP 	Created polygonText = Rect(__class__=<class 'psychopy.visual.rect.Rect'>, anchor=('center', 'center'), autoDraw=False, autoLog=True, closeShape=True, color=method-wrapper(...), colorSpace='rgb', contrast=None, depth=-3.0, fillColor=array([1, 1, 1]), fillColorSpace='rgb', fillRGB=array([1, 1, 1]), interpolate=True, lineColor=array([1, 1, 1]), lineColorSpace='rgb', lineRGB=array([1, 1, 1]), lineWidth=1.0, name='polygonText', opacity=1.0, ori=0.0, pos=array([0., 0.]), size=array([0., 0.]), units='height', vertices=ndarray(...), win=Window(...))
10.9072 	EXP 	Created textInput = TextStim(__class__=<class 'psychopy.visual.text.TextStim'>, alignHoriz=method-wrapper(...), alignText='center', alignVert=method-wrapper(...), anchorHoriz='center', anchorVert='center', antialias=True, autoDraw=False, autoLog=True, bold=False, color=array([-1., -1., -1.]), colorSpace='rgb', contrast=1.0, depth=-4.0, flipHoriz=False, flipVert=False, font='Open Sans', fontFiles=[], height=0.05, italic=False, languageStyle='LTR', name='textInput', opacity=1.0, ori=0.0, pos=array([0., 0.]), rgb=UNKNOWN, text='', units='height', win=Window(...), wrapWidth=1)
12.1795 	EXP 	Created textBlank500 = TextStim(__class__=<class 'psychopy.visual.text.TextStim'>, alignHoriz=method-wrapper(...), alignText='center', alignVert=method-wrapper(...), anchorHoriz='center', anchorVert='center', antialias=True, autoDraw=False, autoLog=True, bold=False, color=array([1, 1, 1]), colorSpace='rgb', contrast=1.0, depth=0.0, flipHoriz=False, flipVert=False, font='Open Sans', fontFiles=[], height=0.05, italic=False, languageStyle='LTR', name='textBlank500', opacity=1.0, ori=0.0, pos=array([0., 0.]), rgb=UNKNOWN, text='', units='height', win=Window(...), wrapWidth=1)
12.1854 	EXP 	Created textGoodbye = TextStim(__class__=<class 'psychopy.visual.text.TextStim'>, alignHoriz=method-wrapper(...), alignText='center', alignVert=method-wrapper(...), anchorHoriz='center', anchorVert='center', antialias=True, autoDraw=False, autoLog=True, bold=False, color=array([1, 1, 1]), colorSpace='rgb', contrast=1.0, depth=0.0, flipHoriz=False, flipVert=False, font='Open Sans', fontFiles=[], height=0.05, italic=False, languageStyle='LTR', name='textGoodbye', opacity=1.0, ori=0.0, pos=array([0., 0.]), rgb=UNKNOWN, text='Thank you for participating!', units='height', win=Window(...), wrapWidth=1)
12.1988 	EXP 	textWelcome: autoDraw = True
14.2130 	EXP 	textWelcome: autoDraw = False
14.2130 	EXP 	textBlank500: autoDraw = True
14.7133 	EXP 	textBlank500: autoDraw = False
14.7133 	EXP 	textInstructions: autoDraw = True
15.3649 	DATA 	Keypress: space
15.3795 	EXP 	textInstructions: autoDraw = False
15.3795 	EXP 	textBlank500: autoDraw = True
15.8975 	EXP 	Imported repswitch.xlsx as conditions, 96 conditions, 8 params
15.8989 	EXP 	Created sequence: sequential, trialTypes=96, nReps=1, seed=None
15.8992 	EXP 	New trial (rep=0, index=0): {'image': 'REPSWITCH1/PICTURE_1.png', 'correctAns': 'ratón', 'respModal': 'speak', 'frameColour': 'yellow', 'repSwitch': 'nontarget', 'sequence': 2, 'target': 'NT', 'stimulus': 'Stim1_Set1'}
15.9112 	EXP 	textBlank500: autoDraw = False
15.9112 	EXP 	textBlank500: autoDraw = False
15.9112 	EXP 	fixationITI: autoDraw = True
17.3120 	EXP 	fixationITI: autoDraw = False
17.3120 	EXP 	fixationITI: autoDraw = False
17.3120 	EXP 	polygonColour: fillColor = <psychopy.colors.Color: yellow, alpha=1.0>
17.3120 	EXP 	polygonColour: borderColor = <psychopy.colors.Color: yellow, alpha=1.0>
17.3120 	EXP 	imageObject: image = 'REPSWITCH1/PICTURE_1.png'
17.3120 	EXP 	polygonColour: autoDraw = True
17.3120 	EXP 	polygonWhite: autoDraw = True
17.3120 	EXP 	imageObject: autoDraw = True
17.3120 	EXP 	polygonText: autoDraw = True
17.3120 	EXP 	textInput: autoDraw = True
17.3120 	EXP 	textInput: height = 0.05
17.3120 	EXP 	textInput: height = 0.05
17.3120 	EXP 	textInput: height = 0.05
17.3120 	EXP 	textInput: text = ''
19.0647 	DATA 	Keypress: m
19.3301 	DATA 	Keypress: o
19.4481 	DATA 	Keypress: u
19.5811 	DATA 	Keypress: s
19.6649 	DATA 	Keypress: e
20.0811 	DATA 	Keypress: return
20.2945 	EXP 	polygonColour: autoDraw = False
20.2945 	EXP 	polygonWhite: autoDraw = False
20.2945 	EXP 	imageObject: autoDraw = False
20.2945 	EXP 	polygonText: autoDraw = False
20.2945 	EXP 	textInput: autoDraw = False
20.2945 	EXP 	textBlank500: autoDraw = True
20.7782 	EXP 	New trial (rep=0, index=1): {'image': 'REPSWITCH1/PICTURE_1.png', 'correctAns': 'ratón', 'respModal': 'speak', 'frameColour': 'yellow', 'repSwitch': 'repeat', 'sequence': 2, 'target': 'T', 'stimulus': 'Stim1_Set1'}
20.7949 	EXP 	textBlank500: autoDraw = False
20.7949 	EXP 	fixationITI: autoDraw = True
21.9121 	EXP 	fixationITI: autoDraw = False
21.9121 	EXP 	fixationITI: autoDraw = False
21.9121 	EXP 	polygonColour: fillColor = <psychopy.colors.Color: yellow, alpha=1.0>
21.9121 	EXP 	polygonColour: borderColor = <psychopy.colors.Color: yellow, alpha=1.0>
21.9121 	EXP 	imageObject: image = 'REPSWITCH1/PICTURE_1.png'
21.9121 	EXP 	polygonColour: autoDraw = True
21.9121 	EXP 	polygonWhite: autoDraw = True
21.9121 	EXP 	imageObject: autoDraw = True
21.9121 	EXP 	polygonText: autoDraw = True
21.9121 	EXP 	textInput: autoDraw = True
22.6138 	DATA 	Keypress: m
22.8140 	DATA 	Keypress: o
22.9143 	DATA 	Keypress: s
22.9145 	DATA 	Keypress: u
23.0804 	DATA 	Keypress: e
24.0799 	DATA 	Keypress: return
24.9102 	EXP 	polygonColour: autoDraw = False
24.9102 	EXP 	polygonWhite: autoDraw = False
24.9102 	EXP 	imageObject: autoDraw = False
24.9102 	EXP 	polygonText: autoDraw = False
24.9102 	EXP 	textInput: autoDraw = False
24.9102 	EXP 	polygonColour: autoDraw = False
24.9102 	EXP 	polygonWhite: autoDraw = False
24.9102 	EXP 	imageObject: autoDraw = False
24.9102 	EXP 	polygonText: autoDraw = False
24.9102 	EXP 	textInput: autoDraw = False
24.9102 	EXP 	textBlank500: autoDraw = True
25.3947 	EXP 	New trial (rep=0, index=2): {'image': 'REPSWITCH1/PICTURE_599.png', 'correctAns': 'nube', 'respModal': 'type', 'frameColour': 'blue', 'repSwitch': 'filler', 'sequence': 1, 'target': 'F', 'stimulus': 'Stim1_Set3'}
25.4104 	EXP 	textBlank500: autoDraw = False
25.4104 	EXP 	textBlank500: autoDraw = False
25.4104 	EXP 	fixationITI: autoDraw = True
25.8784 	DATA 	Keypress: escape
26.2833 	EXP 	window1: mouseVisible = True
