12.8861 	EXP 	Created window1 = Window(allowGUI=True, allowStencil=False, autoLog=True, backendConf=UNKNOWN, bitsMode=UNKNOWN, blendMode='avg', bpc=(8, 8, 8), color=array([0, 0, 0]), colorSpace='rgb', depthBits=8, fullscr=<method-wrapper '__getattribute__' of attributeSetter object at 0x00000242E6DC7820>, gamma=None, gammaErrorPolicy='raise', lms=UNKNOWN, monitor=<psychopy.monitors.calibTools.Monitor object at 0x00000242E8D4A3D0>, multiSample=False, name='window1', numSamples=2, pos=(192, 108), screen=0, size=array([1536,  864]), stencilBits=0, stereo=False, units='height', useFBO=True, useRetina=False, viewOri=0.0, viewPos=None, viewScale=None, waitBlanking=True, winType='pyglet')
12.8864 	EXP 	window1: mouseVisible = True
12.8865 	EXP 	window1: mouseVisible = True
12.8866 	EXP 	window1: Attempting to measure frame rate of screen (0) ...
12.8866 	EXP 	window1: recordFrameIntervals = False
13.0514 	EXP 	window1: recordFrameIntervals = True
13.2352 	EXP 	Screen (0) actual frame rate measured at 59.99Hz
13.2352 	EXP 	window1: recordFrameIntervals = False
13.2985 	WARNING 	launchHubServer: If using the iohub mouse or eyetracker devices, fullScr should be True.
16.7124 	EXP 	Created textWelcome = TextStim(__class__=<class 'psychopy.visual.text.TextStim'>, alignHoriz=method-wrapper(...), alignText='center', alignVert=method-wrapper(...), anchorHoriz='center', anchorVert='center', antialias=True, autoDraw=False, autoLog=True, bold=False, color=array([1, 1, 1]), colorSpace='rgb', contrast=1.0, depth=0.0, flipHoriz=False, flipVert=False, font='Open Sans', fontFiles=[], height=0.05, italic=False, languageStyle='LTR', name='textWelcome', opacity=1.0, ori=0.0, pos=array([0., 0.]), rgb=UNKNOWN, text='Welcome to the experiment!', units='height', win=Window(...), wrapWidth=1)
16.7150 	EXP 	Created textBlank500 = TextStim(__class__=<class 'psychopy.visual.text.TextStim'>, alignHoriz=method-wrapper(...), alignText='center', alignVert=method-wrapper(...), anchorHoriz='center', anchorVert='center', antialias=True, autoDraw=False, autoLog=True, bold=False, color=array([1, 1, 1]), colorSpace='rgb', contrast=1.0, depth=0.0, flipHoriz=False, flipVert=False, font='Open Sans', fontFiles=[], height=0.05, italic=False, languageStyle='LTR', name='textBlank500', opacity=1.0, ori=0.0, pos=array([0., 0.]), rgb=UNKNOWN, text='', units='height', win=Window(...), wrapWidth=1)
16.7728 	EXP 	Created textInstructions = TextStim(__class__=<class 'psychopy.visual.text.TextStim'>, alignHoriz=method-wrapper(...), alignText='center', alignVert=method-wrapper(...), anchorHoriz='center', anchorVert='center', antialias=True, autoDraw=False, autoLog=True, bold=False, color=array([1, 1, 1]), colorSpace='rgb', contrast=1.0, depth=0.0, flipHoriz=False, flipVert=False, font='Open Sans', fontFiles=[], height=0.05, italic=False, languageStyle='LTR', name='textInstructions', opacity=1.0, ori=0.0, pos=array([0., 0.]), rgb=UNKNOWN, text=str(...), units='height', win=Window(...), wrapWidth=1)
16.7753 	EXP 	Created textBlank500 = TextStim(__class__=<class 'psychopy.visual.text.TextStim'>, alignHoriz=method-wrapper(...), alignText='center', alignVert=method-wrapper(...), anchorHoriz='center', anchorVert='center', antialias=True, autoDraw=False, autoLog=True, bold=False, color=array([1, 1, 1]), colorSpace='rgb', contrast=1.0, depth=0.0, flipHoriz=False, flipVert=False, font='Open Sans', fontFiles=[], height=0.05, italic=False, languageStyle='LTR', name='textBlank500', opacity=1.0, ori=0.0, pos=array([0., 0.]), rgb=UNKNOWN, text='', units='height', win=Window(...), wrapWidth=1)
16.7809 	EXP 	Created fixationITI = ShapeStim(__class__=<class 'psychopy.visual.shape.ShapeStim'>, anchor=('center', 'center'), autoDraw=False, autoLog=True, closeShape=True, color=method-wrapper(...), colorSpace='rgb', contrast=None, depth=0.0, fillColor=array([1, 1, 1]), fillColorSpace='rgb', fillRGB=array([1, 1, 1]), interpolate=True, lineColor=array([1, 1, 1]), lineColorSpace='rgb', lineRGB=array([1, 1, 1]), lineWidth=1.0, name='fixationITI', opacity=1.0, ori=0.0, pos=array([0., 0.]), size=array([0.1, 0.1]), units='height', vertices=ndarray(...), win=Window(...), windingRule=None)
16.8005 	EXP 	Created imageObject = ImageStim(__class__=<class 'psychopy.visual.image.ImageStim'>, anchor=('center', 'center'), autoLog=True, color=array([1, 1, 1]), colorSpace='rgb', contrast=1.0, depth=0.0, flipHoriz=False, flipVert=False, image='sin', interpolate=True, mask=None, maskParams=None, name='imageObject', opacity=1.0, ori=0.0, pos=array([0., 0.]), size=array([0.5, 0.5]), texRes=128.0, units='height', win=Window(...))
16.8328 	EXP 	Created textBlank500 = TextStim(__class__=<class 'psychopy.visual.text.TextStim'>, alignHoriz=method-wrapper(...), alignText='center', alignVert=method-wrapper(...), anchorHoriz='center', anchorVert='center', antialias=True, autoDraw=False, autoLog=True, bold=False, color=array([1, 1, 1]), colorSpace='rgb', contrast=1.0, depth=0.0, flipHoriz=False, flipVert=False, font='Open Sans', fontFiles=[], height=0.05, italic=False, languageStyle='LTR', name='textBlank500', opacity=1.0, ori=0.0, pos=array([0., 0.]), rgb=UNKNOWN, text='', units='height', win=Window(...), wrapWidth=1)
16.8425 	EXP 	Created textGoodbye = TextStim(__class__=<class 'psychopy.visual.text.TextStim'>, alignHoriz=method-wrapper(...), alignText='center', alignVert=method-wrapper(...), anchorHoriz='center', anchorVert='center', antialias=True, autoDraw=False, autoLog=True, bold=False, color=array([1, 1, 1]), colorSpace='rgb', contrast=1.0, depth=0.0, flipHoriz=False, flipVert=False, font='Open Sans', fontFiles=[], height=0.05, italic=False, languageStyle='LTR', name='textGoodbye', opacity=1.0, ori=0.0, pos=array([0., 0.]), rgb=UNKNOWN, text='Thank you for participating!', units='height', win=Window(...), wrapWidth=1)
16.8728 	EXP 	textboxType: autoLog = True
16.8728 	EXP 	textWelcome: autoDraw = True
18.8681 	EXP 	textWelcome: autoDraw = False
18.8681 	EXP 	textBlank500: autoDraw = True
19.3670 	EXP 	textBlank500: autoDraw = False
19.3670 	EXP 	textInstructions: autoDraw = True
20.4056 	DATA 	Keypress: space
20.4658 	EXP 	textInstructions: autoDraw = False
20.4658 	EXP 	textBlank500: autoDraw = True
21.0320 	EXP 	Imported repswitch.xlsx as conditions, 96 conditions, 8 params
21.0364 	EXP 	Created sequence: sequential, trialTypes=96, nReps=1, seed=None
21.0375 	EXP 	New trial (rep=0, index=0): {'image': 'REPSWITCH1/PICTURE_1.png', 'typedAns': None, 'correctAns': 'ratón', 'respModal': 'speak', 'repSwitch': 'nontarget', 'sequence': 2, 'target': 'NT', 'stimulus': 'Stim1_Set1'}
21.0474 	EXP 	textBlank500: autoDraw = False
21.0474 	EXP 	fixationITI: autoDraw = True
22.3965 	EXP 	fixationITI: autoDraw = False
22.3965 	EXP 	fixationITI: autoDraw = False
22.3965 	EXP 	imageObject: image = 'REPSWITCH1/PICTURE_1.png'
22.3965 	EXP 	imageObject: autoDraw = True
22.3965 	EXP 	textboxType: autoDraw = True
23.1604 	DATA 	Keypress: r
23.2585 	DATA 	Keypress: a
23.3732 	DATA 	Keypress: t
23.4411 	DATA 	Keypress: o
23.5752 	DATA 	Keypress: n
24.4998 	DATA 	Keypress: return
25.2646 	EXP 	imageObject: autoDraw = False
25.2646 	EXP 	textboxType: autoDraw = False
25.2646 	EXP 	textBlank500: autoDraw = True
25.7494 	EXP 	New trial (rep=0, index=1): {'image': 'REPSWITCH1/PICTURE_1.png', 'typedAns': None, 'correctAns': 'ratón', 'respModal': 'speak', 'repSwitch': 'repeat', 'sequence': 2, 'target': 'T', 'stimulus': 'Stim1_Set1'}
25.7649 	EXP 	textBlank500: autoDraw = False
25.7649 	EXP 	fixationITI: autoDraw = True
27.2635 	EXP 	fixationITI: autoDraw = False
27.2635 	EXP 	fixationITI: autoDraw = False
27.2635 	EXP 	imageObject: image = 'REPSWITCH1/PICTURE_1.png'
27.2635 	EXP 	imageObject: autoDraw = True
27.2635 	EXP 	textboxType: autoDraw = True
28.1588 	DATA 	Keypress: r
28.2545 	DATA 	Keypress: a
28.4212 	DATA 	Keypress: t
28.4547 	DATA 	Keypress: o
28.5710 	DATA 	Keypress: n
30.2654 	EXP 	imageObject: autoDraw = False
30.2654 	EXP 	textboxType: autoDraw = False
30.2654 	EXP 	textBlank500: autoDraw = True
30.7480 	EXP 	New trial (rep=0, index=2): {'image': 'REPSWITCH1/PICTURE_599.png', 'typedAns': None, 'correctAns': 'nube', 'respModal': 'type', 'repSwitch': 'filler', 'sequence': 1, 'target': 'F', 'stimulus': 'Stim1_Set3'}
30.7639 	EXP 	textBlank500: autoDraw = False
30.7639 	EXP 	fixationITI: autoDraw = True
31.8124 	EXP 	fixationITI: autoDraw = False
31.8124 	EXP 	fixationITI: autoDraw = False
31.8124 	EXP 	imageObject: image = 'REPSWITCH1/PICTURE_599.png'
31.8124 	EXP 	imageObject: autoDraw = True
31.8124 	EXP 	textboxType: autoDraw = True
32.8857 	DATA 	Keypress: n
33.0698 	DATA 	Keypress: u
33.3706 	DATA 	Keypress: v
33.7214 	DATA 	Keypress: backspace
33.7924 	DATA 	Keypress: b
34.0559 	DATA 	Keypress: e
34.8129 	EXP 	imageObject: autoDraw = False
34.8129 	EXP 	textboxType: autoDraw = False
34.8129 	EXP 	textBlank500: autoDraw = True
34.8829 	DATA 	Keypress: escape
35.7726 	EXP 	window1: mouseVisible = True
