Scenario - caja.sce
Logfile written - 11/28/2023 16:58:22

Subject	Trial	Event Type	Code	Time	TTime	Uncertainty	Duration	Uncertainty	ReqTime	ReqDur	Stim Type	Pair Index

150104	1	Response	98	78567	68498	1
150104	3	Sound	snd_gafas	82656	8	212			0		other	0
150104	3	Key Input	70	94817	12169	1
150104	3	Key Input	65	97907	15259	1
150104	3	Key Input	68	100307	17658	1
150104	3	Key Input	65	101486	18838	1
150104	3	Key Input	83	102966	20318	1
150104	3	Text Input	FADAS	112648	30000	0
150104	5	Sound	snd_lobo	116750	0	1			0		other	0
150104	5	Key Input	76	128217	11467	1
150104	5	Key Input	79	131367	14617	1
150104	5	Key Input	74	134687	17937	1
150104	5	Key Input	79	138277	21527	1
150104	5	Text Input	LOJO	146750	30000	0
150104	7	Sound	snd_fresa	150852	0	1			0		other	0
150104	7	Key Input	68	164447	13595	1
150104	7	Key Input	69	167717	16865	1
150104	7	Key Input	87	169166	18314	1
150104	7	Key Input	65	173896	23044	1
150104	7	Text Input	DEWA	180852	30000	0
150104	9	Sound	snd_abeja	184954	0	1			0		other	0
150104	9	Key Input	65	194606	9653	1
150104	9	Key Input	66	197396	12443	1
150104	9	Key Input	87	201916	16963	1
150104	9	Key Input	74	203446	18493	1
150104	9	Key Input	65	205576	20623	1
150104	9	Text Input	ABWJA	214953	30000	0
150104	11	Sound	snd_novia	219055	0	1			0		other	0
150104	11	Key Input	78	231086	12031	1
150104	11	Key Input	79	233836	14781	1
150104	11	Key Input	86	236517	17462	1
150104	11	Key Input	73	238476	19421	1
150104	11	Key Input	65	239716	20661	1
150104	11	Text Input	NOVIA	249055	30000	0
150104	13	Sound	snd_hada	253157	0	1			0		other	0
150104	13	Key Input	72	278507	25350	1
150104	13	Key Input	65	280006	26850	1
150104	13	Key Input	68	280706	27550	1
150104	13	Key Input	65	282036	28880	1
150104	13	Text Input	HADA	283157	30000	0
150104	15	Sound	snd_naranja	287259	0	1			0		other	0
150104	15	Key Input	78	296897	9638	1
150104	15	Key Input	65	299416	12158	1
150104	15	Key Input	82	301386	14128	1
150104	15	Key Input	65	305416	18158	1
150104	15	Key Input	78	306947	19688	1
150104	15	Key Input	74	308656	21398	1
150104	15	Key Input	65	309536	22278	1
150104	15	Text Input	NARANJA	317258	30000	0
150104	17	Sound	snd_foca	321430	0	1			0		other	0
150104	17	Key Input	68	333127	11697	1
150104	17	Key Input	79	337056	15627	1
150104	17	Key Input	67	339126	17697	1
150104	17	Key Input	65	339936	18507	1
150104	17	Text Input	DOCA	351430	30000	0
150104	19	Sound	snd_tortuga	355601	0	1			0		other	0
150104	19	Key Input	82	365036	9436	1
150104	19	Key Input	79	367066	11465	1
150104	19	Key Input	69	369606	14006	1
150104	19	Key Input	82	374627	19026	1
150104	19	Key Input	85	376936	21336	1
150104	19	Key Input	72	379116	23516	1
150104	19	Key Input	65	380926	25326	1
150104	19	Text Input	ROERUHA	385601	30000	0
150104	21	Sound	snd_cafetera	389772	0	1			0		other	0
150104	21	Key Input	88	401026	11254	1
150104	21	Key Input	65	401836	12064	1
150104	21	Key Input	70	404386	14615	1
150104	21	Key Input	69	406026	16255	1
150104	21	Key Input	82	408986	19215	1
150104	21	Key Input	69	412296	22524	1
150104	21	Key Input	82	413186	23415	1
150104	21	Key Input	65	415476	25704	1
150104	21	Text Input	XAFERERA	419772	30000	0
150104	23	Sound	snd_cepillo	423943	0	1			0		other	0
150104	23	Key Input	67	434397	10454	1
150104	23	Key Input	69	437236	13293	1
150104	23	Key Input	79	441356	17413	1
150104	23	Key Input	73	445406	21463	1
150104	23	Key Input	75	450716	26773	1
150104	23	Key Input	75	452026	28083	1
150104	23	Text Input	CEOIKK	453943	30000	0
150104	25	Sound	snd_caramelo	458045	0	1			0		other	0
150104	25	Key Input	67	469326	11281	1
150104	25	Key Input	65	470835	12791	1
150104	25	Key Input	82	472186	14141	1
150104	25	Key Input	69	473746	15701	1
150104	25	Key Input	77	476516	18471	1
150104	25	Key Input	69	478316	20272	1
150104	25	Key Input	76	480976	22932	1
150104	25	Key Input	79	483146	25101	1
150104	25	Text Input	CAREMELO	488045	30000	0
150104	27	Sound	snd_pollo	492147	0	1			0		other	0
150104	27	Key Input	80	503116	10970	1
150104	27	Key Input	73	508226	16080	1
150104	27	Key Input	76	514997	22850	1
150104	27	Key Input	76	516666	24520	1
150104	27	Key Input	79	518706	26560	1
150104	27	Text Input	PILLO	522146	30000	0
150104	29	Sound	snd_persiana	526387	0	1			0		other	0
150104	29	Key Input	80	541936	15549	1
150104	29	Key Input	69	543686	17299	1
150104	29	Key Input	82	544406	18019	1
150104	29	Key Input	83	546927	20540	1
150104	29	Key Input	73	548606	22219	1
150104	29	Key Input	65	550535	24148	1
150104	29	Key Input	78	551826	25439	1
150104	29	Key Input	65	552866	26479	1
150104	29	Text Input	PERSIANA	556387	30000	0
150104	31	Sound	snd_columpio	560489	0	1			0		other	0
150104	31	Key Input	67	570016	9528	1
150104	31	Key Input	79	571116	10628	1
150104	31	Key Input	76	573796	13308	1
150104	31	Key Input	85	577386	16897	1
150104	31	Key Input	77	580446	19958	1
150104	31	Key Input	80	582906	22418	1
150104	31	Key Input	73	585245	24757	1
150104	31	Key Input	79	586907	26418	1
150104	31	Text Input	COLUMPIO	590489	30000	0
150104	33	Sound	snd_cartera	594730	0	1			0		other	0
150104	33	Key Input	67	602306	7577	1
150104	33	Key Input	65	603026	8297	1
150104	33	Key Input	82	607476	12746	1
150104	33	Key Input	84	611836	17107	1
150104	33	Key Input	69	613146	18417	1
150104	33	Key Input	82	614306	19577	1
150104	33	Key Input	65	616316	21587	1
150104	33	Text Input	CARTERA	624729	30000	0
150104	35	Sound	snd_carpeta	628831	0	1			0		other	0
150104	35	Key Input	67	636407	7576	1
150104	35	Key Input	65	637256	8425	1
150104	35	Key Input	82	641607	12776	1
150104	35	Key Input	80	645736	16905	1
150104	35	Key Input	69	647486	18655	1
150104	35	Key Input	84	648586	19755	1
150104	35	Key Input	69	649876	21045	1
150104	35	Key Input	65	652556	23725	1
150104	35	Text Input	CARPETEA	658831	30000	0
150104	37	Sound	snd_humo	662933	0	1			0		other	0
150104	37	Key Input	72	675136	12204	1
150104	37	Key Input	85	677106	14174	1
150104	37	Key Input	77	679986	17053	1
150104	37	Key Input	79	682686	19754	1
150104	37	Text Input	HUMO	692933	30000	0
150104	39	Sound	snd_sangre	697035	0	1			0		other	0
150104	39	Key Input	83	709126	12092	1
150104	39	Key Input	65	710636	13602	1
150104	39	Key Input	78	712586	15552	1
150104	39	Key Input	71	717566	20532	1
150104	39	Key Input	82	720326	23292	1
150104	39	Key Input	69	721556	24522	1
150104	39	Text Input	SANGRE	727034	30000	0
150104	41	Sound	snd_dinero	731136	0	1			0		other	0
150104	41	Key Input	68	742266	11130	1
150104	41	Key Input	73	744716	13580	1
150104	41	Key Input	78	747616	16480	1
150104	41	Key Input	69	749046	17910	1
150104	41	Key Input	82	749676	18540	1
150104	41	Key Input	79	751006	19870	1
150104	41	Text Input	DINERO	761136	30000	0
150104	43	Sound	snd_labio	765307	0	1			0		other	0
150104	43	Key Input	76	775146	9839	1
150104	43	Key Input	65	776256	10949	1
150104	43	Key Input	66	779636	14329	1
150104	43	Key Input	73	781846	16539	1
150104	43	Key Input	79	783776	18469	1
150104	43	Text Input	LABIO	795307	30000	0
150104	45	Sound	snd_paja	799409	0	1			0		other	0
150104	45	Key Input	80	807996	8587	1
150104	45	Key Input	65	811046	11637	1
150104	45	Key Input	74	813376	13967	1
150104	45	Key Input	65	815126	15717	1
150104	45	Text Input	PAJA	829409	30000	0
150104	47	Sound	snd_pistola	833511	0	1			0		other	0
150104	47	Key Input	80	847526	14016	1
150104	47	Key Input	73	850276	16766	1
150104	47	Key Input	83	853226	19716	1
150104	47	Key Input	84	856006	22496	1
150104	47	Key Input	79	857886	24375	1
150104	47	Key Input	76	862666	29155	1
150104	47	Text Input	PISTOL	863511	30000	0
150104	49	Sound	snd_regadera	867613	0	1			0		other	0
150104	49	Key Input	82	877616	10004	1
150104	49	Key Input	69	878726	11113	1
150104	49	Key Input	71	883556	15943	1
150104	49	Key Input	65	885156	17543	1
150104	49	Key Input	67	886486	18874	1
150104	49	Key Input	161	891396	23783	1
150104	49	Key Input	68	892506	24893	1
150104	49	Key Input	69	893376	25763	1
150104	49	Key Input	82	894616	27003	1
150104	49	Key Input	65	896535	28923	1
150104	49	Text Input	REGAC¡DERA	897612	30000	0
150104	51	Sound	snd_cresta	901714	0	1			0		other	0
150104	51	Key Input	67	912966	11252	1
150104	51	Key Input	82	915686	13972	1
150104	51	Key Input	69	916736	15022	1
150104	51	Key Input	65	922766	21052	1
150104	51	Key Input	84	925516	23802	1
150104	51	Text Input	CREAT	931714	30000	0
150104	53	Sound	snd_huella	935816	0	1			0		other	0
150104	53	Key Input	72	950176	14360	1
150104	53	Key Input	85	952345	16529	1
150104	53	Key Input	69	954346	18530	1
150104	53	Key Input	76	957706	21890	1
150104	53	Key Input	76	959375	23560	1
150104	53	Key Input	65	960386	24570	1
150104	53	Text Input	HUELLA	965816	30000	0
150104	55	Sound	snd_taza	969918	0	1			0		other	0
150104	55	Key Input	84	980656	10738	1
150104	55	Key Input	65	983326	13409	1
150104	55	Key Input	90	985445	15528	1
150104	55	Key Input	65	987226	17308	1
150104	55	Text Input	TAZA	999917	30000	0
150104	57	Sound	snd_pimiento	1004019	0	1			0		other	0
150104	57	Key Input	80	1015716	11697	1
150104	57	Key Input	73	1021685	17666	1
150104	57	Key Input	77	1025546	21526	1
150104	57	Key Input	73	1028116	24097	1
150104	57	Key Input	69	1029745	25726	1
150104	57	Key Input	78	1031175	27156	1
150104	57	Key Input	84	1032075	28056	1
150104	57	Key Input	79	1033576	29557	1
150104	57	Text Input	PIMIENTO	1034019	30000	0
150104	59	Sound	snd_cereza	1038121	0	1			0		other	0
150104	59	Key Input	67	1049906	11785	1
150104	59	Key Input	69	1051866	13745	1
150104	59	Key Input	82	1053016	14895	1
150104	59	Key Input	69	1054416	16295	1
150104	59	Key Input	90	1056895	18774	1
150104	59	Key Input	65	1058486	20365	1
150104	59	Text Input	CEREZA	1068121	30000	0
150104	61	Sound	snd_molino	1072223	0	1			0		other	0
150104	61	Key Input	77	1083026	10804	1
150104	61	Key Input	48	1088316	16094	1
150104	61	Key Input	76	1091246	19024	1
150104	61	Key Input	73	1098975	26753	1
150104	61	Text Input	M0LI	1102222	30000	0

Visual picture detection failed over to using scan line information only at the following times:
type	time	timeout	presentation
fail	37914.5	34.725	72
restore	38092.8	0	73
fail	61188.4	34.725	141
restore	61314.8	0	142
fail	64994.5	34.725	154
restore	65255.8	0	155
fail	81107.7	34.725	193
restore	81337.7	0	194


Event Type	Code	Type	Response	RT	RT Uncertainty	Time	Uncertainty	Duration	Uncertainty	ReqTime	ReqDur

Sound	snd_gafas	other				82656	212			0
Sound	snd_lobo	other				116750	1			0
Sound	snd_fresa	other				150852	1			0
Sound	snd_abeja	other				184954	1			0
Sound	snd_novia	other				219055	1			0
Sound	snd_hada	other				253157	1			0
Sound	snd_naranja	other				287259	1			0
Sound	snd_foca	other				321430	1			0
Sound	snd_tortuga	other				355601	1			0
Sound	snd_cafetera	other				389772	1			0
Sound	snd_cepillo	other				423943	1			0
Sound	snd_caramelo	other				458045	1			0
Sound	snd_pollo	other				492147	1			0
Sound	snd_persiana	other				526387	1			0
Sound	snd_columpio	other				560489	1			0
Sound	snd_cartera	other				594730	1			0
Sound	snd_carpeta	other				628831	1			0
Sound	snd_humo	other				662933	1			0
Sound	snd_sangre	other				697035	1			0
Sound	snd_dinero	other				731136	1			0
Sound	snd_labio	other				765307	1			0
Sound	snd_paja	other				799409	1			0
Sound	snd_pistola	other				833511	1			0
Sound	snd_regadera	other				867613	1			0
Sound	snd_cresta	other				901714	1			0
Sound	snd_huella	other				935816	1			0
Sound	snd_taza	other				969918	1			0
Sound	snd_pimiento	other				1004019	1			0
Sound	snd_cereza	other				1038121	1			0
Sound	snd_molino	other				1072223	1			0
