Scenario - caja_training.sce
Logfile written - 11/30/2023 13:35:49

Subject	Trial	Event Type	Code	Time	TTime	Uncertainty	Duration	Uncertainty	ReqTime	ReqDur	Stim Type	Pair Index

190102	1	Response	98	133485	123416	1
190102	3	Sound	snd_pulpo	137663	8	230			0		other	0
190102	3	Key Input	79	148875	11220	1
190102	3	Key Input	69	152465	14810	1
190102	3	Key Input	76	153504	15849	1
190102	3	Key Input	79	163755	26100	1
190102	3	Text Input	OELO	167656	30000	0
190102	5	Sound	snd_pulpo	171758	0	1			0		other	0
190102	5	Key Input	79	182185	10428	1
190102	5	Key Input	73	185255	13498	1
190102	5	Key Input	82	190275	18518	1
190102	5	Key Input	80	193015	21258	1
190102	5	Key Input	73	197235	25478	1
190102	5	Text Input	OIRPI	201757	30000	0
190102	7	Sound	snd_mono	205859	0	1			0		other	0
190102	7	Key Input	77	213795	7936	1
190102	7	Key Input	73	217904	12046	1
190102	7	Key Input	78	220985	15126	1
190102	7	Key Input	73	225085	19226	1
190102	7	Text Input	MINI	235859	30000	0
190102	9	Sound	snd_casa	239961	0	1			0		other	0
190102	9	Key Input	66	249415	9455	1
190102	9	Key Input	83	251885	11924	1
190102	9	Key Input	68	254505	14545	1
190102	9	Key Input	70	263515	23554	1
190102	9	Key Input	83	263695	23734	1
190102	9	Text Input	BSDFS	269961	30000	0
190102	11	Sound	snd_mono	274063	0	1			0		other	0
190102	11	Key Input	77	281715	7653	1
190102	11	Key Input	73	285095	11033	1
190102	11	Key Input	78	289005	14943	1
190102	11	Key Input	73	291305	17243	1
190102	11	Text Input	MINI	304062	30000	0
190102	13	Sound	snd_puente	308234	0	1			0		other	0
190102	13	Key Input	75	322355	14122	1
190102	13	Key Input	52	325925	17692	1
190102	13	Key Input	69	326254	18021	1
190102	13	Key Input	85	328424	20191	1
190102	13	Key Input	78	332505	24272	1
190102	13	Text Input	K4EUN	338233	30000	0
190102	15	Sound	snd_casa	342335	0	1			0		other	0
190102	15	Key Input	66	353055	10720	1
190102	15	Key Input	65	356495	14159	1
190102	15	Key Input	83	360585	18250	1
190102	15	Key Input	65	362295	19960	1
190102	15	Text Input	BASA	372335	30000	0
190102	17	Sound	snd_puente	376437	0	1			0		other	0
190102	17	Key Input	79	386795	10358	1
190102	17	Key Input	85	391805	15368	1
190102	17	Key Input	69	394054	17618	1
190102	17	Key Input	78	394945	18508	1
190102	17	Key Input	84	400975	24538	1
190102	17	Key Input	69	401875	25438	1
190102	17	Text Input	OUENTE	406437	30000	0
190102	19	Response	98	583585	173047	1


Event Type	Code	Type	Response	RT	RT Uncertainty	Time	Uncertainty	Duration	Uncertainty	ReqTime	ReqDur

Sound	snd_pulpo	other				137663	230			0
Sound	snd_pulpo	other				171758	1			0
Sound	snd_mono	other				205859	1			0
Sound	snd_casa	other				239961	1			0
Sound	snd_mono	other				274063	1			0
Sound	snd_puente	other				308234	1			0
Sound	snd_casa	other				342335	1			0
Sound	snd_puente	other				376437	1			0
