Scenario - caja.sce
Logfile written - 12/01/2023 12:09:54

Subject	Trial	Event Type	Code	Time	TTime	Uncertainty	Duration	Uncertainty	ReqTime	ReqDur	Stim Type	Pair Index

210103	1	Response	98	31810	21533	1
210103	3	Sound	snd_pistola	35983	7	207			0		other	0
210103	3	Key Input	80	47851	11875	1
210103	3	Key Input	73	49811	13835	1
210103	3	Key Input	83	51281	15305	1
210103	3	Key Input	84	53071	17095	1
210103	3	Key Input	79	53651	17675	1
210103	3	Key Input	76	55791	19815	1
210103	3	Key Input	65	56700	20724	1
210103	3	Text Input	PISTOLA	65976	30000	0
210103	5	Sound	snd_cafetera	70147	0	1			0		other	0
210103	5	Key Input	67	78281	8134	1
210103	5	Key Input	65	79971	9824	1
210103	5	Key Input	70	83331	13184	1
210103	5	Key Input	69	84651	14504	1
210103	5	Key Input	84	86091	15944	1
210103	5	Key Input	69	87211	17064	1
210103	5	Key Input	82	88311	18164	1
210103	5	Key Input	65	89370	19224	1
210103	5	Text Input	CAFETERA	100147	30000	0
210103	7	Sound	snd_lobo	104387	0	1			0		other	0
210103	7	Key Input	76	112130	7743	1
210103	7	Key Input	79	114741	10354	1
210103	7	Key Input	66	117170	12783	1
210103	7	Key Input	79	118280	13893	1
210103	7	Text Input	LOBO	134387	30000	0
210103	9	Sound	snd_regadera	138559	0	1			0		other	0
210103	9	Key Input	82	149011	10453	1
210103	9	Key Input	69	150221	11662	1
210103	9	Key Input	71	154151	15592	1
210103	9	Key Input	65	154791	16232	1
210103	9	Key Input	68	157261	18702	1
210103	9	Key Input	69	159160	20602	1
210103	9	Key Input	82	160040	21482	1
210103	9	Key Input	65	161270	22712	1
210103	9	Text Input	REGADERA	168558	30000	0
210103	11	Sound	snd_huella	172730	0	1			0		other	0
210103	11	Key Input	72	183281	10552	1
210103	11	Key Input	85	186200	13470	1
210103	11	Key Input	69	187800	15070	1
210103	11	Key Input	76	189070	16340	1
210103	11	Key Input	76	190830	18100	1
210103	11	Key Input	65	191900	19170	1
210103	11	Text Input	HUELLA	202730	30000	0
210103	13	Sound	snd_foca	206901	0	1			0		other	0
210103	13	Key Input	70	214710	7810	1
210103	13	Key Input	79	217840	10939	1
210103	13	Key Input	67	219100	12199	1
210103	13	Key Input	65	220250	13349	1
210103	13	Text Input	FOCA	236901	30000	0
210103	15	Sound	snd_abeja	241211	0	1			0		other	0
210103	15	Key Input	65	252720	11510	1
210103	15	Key Input	66	255010	13799	1
210103	15	Key Input	69	256850	15639	1
210103	15	Key Input	65	259680	18469	1
210103	15	Key Input	161	264231	23020	1
210103	15	Key Input	8	264231	23020	1
210103	15	Key Input	74	268710	27500	1
210103	15	Key Input	65	269790	28580	1
210103	15	Text Input	ABEAJA	271211	30000	0
210103	17	Sound	snd_cartera	275660	0	1			0		other	0
210103	17	Key Input	67	286931	11271	1
210103	17	Key Input	65	288170	12511	1
210103	17	Key Input	82	290180	14521	1
210103	17	Key Input	84	293510	17851	1
210103	17	Key Input	69	293980	18321	1
210103	17	Key Input	82	295770	20111	1
210103	17	Key Input	65	296570	20911	1
210103	17	Text Input	CARTERA	305660	30000	0
210103	19	Sound	snd_fresa	310253	283	1			0		other	0
210103	19	Key Input	70	322251	12281	1
210103	19	Key Input	82	325300	15331	1
210103	19	Key Input	69	326060	16091	1
210103	19	Key Input	83	329170	19201	1
210103	19	Key Input	65	330240	20271	1
210103	19	Text Input	FRESA	339970	30000	0
210103	21	Sound	snd_cereza	344141	0	1			0		other	0
210103	21	Key Input	67	356631	12490	1
210103	21	Key Input	69	359520	15380	1
210103	21	Key Input	82	360700	16560	1
210103	21	Key Input	69	361551	17410	1
210103	21	Key Input	90	366720	22580	1
210103	21	Key Input	65	369180	25040	1
210103	21	Text Input	CEREZA	374141	30000	0
210103	23	Sound	snd_caramelo	378312	0	1			0		other	0
210103	23	Key Input	67	388841	10529	1
210103	23	Key Input	65	390480	12168	1
210103	23	Key Input	82	392690	14378	1
210103	23	Key Input	65	393840	15528	1
210103	23	Key Input	77	395810	17498	1
210103	23	Key Input	69	396860	18548	1
210103	23	Key Input	76	398250	19938	1
210103	23	Key Input	79	400530	22218	1
210103	23	Text Input	CARAMELO	408312	30000	0
210103	25	Sound	snd_cresta	412483	0	1			0		other	0
210103	25	Key Input	67	422640	10157	1
210103	25	Key Input	82	426540	14057	1
210103	25	Key Input	69	427520	15037	1
210103	25	Key Input	84	429990	17507	1
210103	25	Key Input	65	430780	18297	1
210103	25	Text Input	CRETA	442483	30000	0
210103	27	Sound	snd_taza	446655	0	1			0		other	0
210103	27	Key Input	84	457011	10356	1
210103	27	Key Input	65	458440	11786	1
210103	27	Key Input	90	461460	14805	1
210103	27	Key Input	65	464160	17505	1
210103	27	Text Input	TAZA	476654	30000	0
210103	29	Sound	snd_gafas	480826	0	1			0		other	0
210103	29	Key Input	71	492501	11675	1
210103	29	Key Input	65	494010	13185	1
210103	29	Key Input	70	496630	15805	1
210103	29	Key Input	65	497890	17065	1
210103	29	Key Input	83	498970	18145	1
210103	29	Text Input	GAFAS	510826	30000	0
210103	31	Sound	snd_humo	514997	0	1			0		other	0
210103	31	Key Input	72	524721	9724	1
210103	31	Key Input	85	527910	12913	1
210103	31	Key Input	77	531670	16674	1
210103	31	Key Input	79	532770	17774	1
210103	31	Text Input	HUMO	544997	30000	0
210103	33	Sound	snd_labio	549168	0	1			0		other	0
210103	33	Key Input	76	560761	11593	1
210103	33	Key Input	65	562560	13392	1
210103	33	Key Input	66	563971	14803	1
210103	33	Key Input	73	567450	18283	1
210103	33	Key Input	79	568610	19442	1
210103	33	Text Input	LABIO	579168	30000	0
210103	35	Sound	snd_cepillo	583339	0	1			0		other	0
210103	35	Key Input	67	594401	11062	1
210103	35	Key Input	69	596140	12801	1
210103	35	Key Input	80	597770	14431	1
210103	35	Key Input	73	599200	15861	1
210103	35	Key Input	76	602069	18731	1
210103	35	Key Input	76	603889	20550	1
210103	35	Key Input	79	606069	22731	1
210103	35	Text Input	CEPILLO	613339	30000	0
210103	37	Sound	snd_dinero	617510	0	1			0		other	0
210103	37	Key Input	68	629231	11720	1
210103	37	Key Input	73	630760	13250	1
210103	37	Key Input	78	632311	14801	1
210103	37	Key Input	69	633790	16280	1
210103	37	Key Input	82	634730	17220	1
210103	37	Key Input	79	635890	18380	1
210103	37	Text Input	DINERO	647510	30000	0
210103	39	Sound	snd_columpio	651682	0	1			0		other	0
210103	39	Key Input	67	664760	13079	1
210103	39	Key Input	79	667050	15369	1
210103	39	Key Input	76	669380	17699	1
210103	39	Key Input	85	671881	20199	1
210103	39	Key Input	77	675310	23629	1
210103	39	Key Input	80	677880	26199	1
210103	39	Key Input	73	680460	28779	1
210103	39	Key Input	79	681580	29899	1
210103	39	Text Input	COLUMPIO	681681	30000	0
210103	41	Sound	snd_persiana	685853	0	1			0		other	0
210103	41	Key Input	80	697401	11548	1
210103	41	Key Input	69	698550	12697	1
210103	41	Key Input	82	699390	13538	1
210103	41	Key Input	83	701770	15917	1
210103	41	Key Input	73	702790	16938	1
210103	41	Key Input	65	704020	18167	1
210103	41	Key Input	78	704680	18827	1
210103	41	Key Input	65	705830	19977	1
210103	41	Text Input	PERSIANA	715852	30000	0
210103	43	Sound	snd_hada	720024	0	1			0		other	0
210103	43	Key Input	72	731790	11767	1
210103	43	Key Input	65	732990	12967	1
210103	43	Key Input	66	734480	14457	1
210103	43	Key Input	65	735420	15397	1
210103	43	Text Input	HABA	750024	30000	0
210103	45	Sound	snd_pimiento	754195	0	1			0		other	0
210103	45	Key Input	80	766140	11945	1
210103	45	Key Input	73	768131	13936	1
210103	45	Key Input	77	769760	15565	1
210103	45	Key Input	73	770700	16505	1
210103	45	Key Input	69	771960	17765	1
210103	45	Key Input	78	772820	18625	1
210103	45	Key Input	84	774520	20325	1
210103	45	Key Input	79	775230	21035	1
210103	45	Text Input	PIMIENTO	784195	30000	0
210103	47	Sound	snd_novia	788366	0	1			0		other	0
210103	47	Key Input	78	799070	10704	1
210103	47	Key Input	79	801490	13124	1
210103	47	Key Input	86	802900	14534	1
210103	47	Key Input	73	804200	15834	1
210103	47	Key Input	65	805320	16954	1
210103	47	Text Input	NOVIA	818366	30000	0
210103	49	Sound	snd_naranja	822537	0	1			0		other	0
210103	49	Key Input	78	831470	8933	1
210103	49	Key Input	65	832900	10363	1
210103	49	Key Input	82	834190	11653	1
210103	49	Key Input	65	835320	12783	1
210103	49	Key Input	78	836480	13943	1
210103	49	Key Input	74	840610	18073	1
210103	49	Key Input	65	841429	18892	1
210103	49	Text Input	NARANJA	852537	30000	0
210103	51	Sound	snd_pollo	856708	0	1			0		other	0
210103	51	Key Input	80	865390	8682	1
210103	51	Key Input	79	866670	9962	1
210103	51	Key Input	76	869259	12551	1
210103	51	Key Input	76	871120	14411	1
210103	51	Key Input	79	873070	16362	1
210103	51	Text Input	POLLO	886708	30000	0
210103	53	Sound	snd_paja	890880	0	1			0		other	0
210103	53	Key Input	80	899910	9031	1
210103	53	Key Input	65	901330	10450	1
210103	53	Key Input	74	902480	11600	1
210103	53	Key Input	65	903600	12721	1
210103	53	Text Input	PAJA	920879	30000	0
210103	55	Sound	snd_carpeta	925051	0	1			0		other	0
210103	55	Key Input	67	935050	10000	1
210103	55	Key Input	65	936690	11640	1
210103	55	Key Input	82	938410	13360	1
210103	55	Key Input	80	941580	16530	1
210103	55	Key Input	69	942550	17500	1
210103	55	Key Input	84	943550	18500	1
210103	55	Key Input	65	944569	19519	1
210103	55	Text Input	CARPETA	955051	30000	0
210103	57	Sound	snd_molino	959222	0	1			0		other	0
210103	57	Key Input	77	973160	13939	1
210103	57	Key Input	79	974630	15408	1
210103	57	Key Input	76	977380	18158	1
210103	57	Key Input	73	978370	19148	1
210103	57	Key Input	78	981840	22619	1
210103	57	Key Input	79	982660	23439	1
210103	57	Text Input	MOLINO	989222	30000	0
210103	59	Sound	snd_sangre	993393	0	1			0		other	0
210103	59	Key Input	83	1003110	9718	1
210103	59	Key Input	65	1005110	11717	1
210103	59	Key Input	78	1006650	13258	1
210103	59	Key Input	71	1008429	15037	1
210103	59	Key Input	82	1011379	17986	1
210103	59	Key Input	69	1012150	18757	1
210103	59	Text Input	SANGRE	1023393	30000	0
210103	61	Sound	snd_tortuga	1027634	0	1			0		other	0
210103	61	Key Input	84	1037751	10117	1
210103	61	Key Input	79	1039179	11546	1
210103	61	Key Input	82	1040579	12946	1
210103	61	Key Input	84	1043009	15375	1
210103	61	Key Input	85	1045099	17466	1
210103	61	Key Input	71	1047230	19596	1
210103	61	Key Input	65	1048080	20446	1
210103	61	Text Input	TORTUGA	1057633	30000	0

Visual picture detection failed over to using scan line information only at the following times:
type	time	timeout	presentation
fail	30997	34.725	79
restore	31097.3	0	80


Event Type	Code	Type	Response	RT	RT Uncertainty	Time	Uncertainty	Duration	Uncertainty	ReqTime	ReqDur

Sound	snd_pistola	other				35983	207			0
Sound	snd_cafetera	other				70147	1			0
Sound	snd_lobo	other				104387	1			0
Sound	snd_regadera	other				138559	1			0
Sound	snd_huella	other				172730	1			0
Sound	snd_foca	other				206901	1			0
Sound	snd_abeja	other				241211	1			0
Sound	snd_cartera	other				275660	1			0
Sound	snd_fresa	other				310253	1			0
Sound	snd_cereza	other				344141	1			0
Sound	snd_caramelo	other				378312	1			0
Sound	snd_cresta	other				412483	1			0
Sound	snd_taza	other				446655	1			0
Sound	snd_gafas	other				480826	1			0
Sound	snd_humo	other				514997	1			0
Sound	snd_labio	other				549168	1			0
Sound	snd_cepillo	other				583339	1			0
Sound	snd_dinero	other				617510	1			0
Sound	snd_columpio	other				651682	1			0
Sound	snd_persiana	other				685853	1			0
Sound	snd_hada	other				720024	1			0
Sound	snd_pimiento	other				754195	1			0
Sound	snd_novia	other				788366	1			0
Sound	snd_naranja	other				822537	1			0
Sound	snd_pollo	other				856708	1			0
Sound	snd_paja	other				890880	1			0
Sound	snd_carpeta	other				925051	1			0
Sound	snd_molino	other				959222	1			0
Sound	snd_sangre	other				993393	1			0
Sound	snd_tortuga	other				1027634	1			0
