Scenario - caja.sce
Logfile written - 12/01/2023 13:59:54

Subject	Trial	Event Type	Code	Time	TTime	Uncertainty	Duration	Uncertainty	ReqTime	ReqDur	Stim Type	Pair Index

220203	1	Response	98	72830	62761	1
220203	3	Sound	snd_tortuga	76892	8	205			0		other	0
220203	3	Key Input	84	87259	10376	1
220203	3	Key Input	79	88369	11485	1
220203	3	Key Input	82	89289	12405	1
220203	3	Key Input	84	90929	14045	1
220203	3	Key Input	85	93009	16125	1
220203	3	Key Input	71	96849	19965	1
220203	3	Key Input	65	98929	22045	1
220203	3	Text Input	TORTUGA	106884	30000	0
220203	5	Sound	snd_dinero	111124	0	1			0		other	0
220203	5	Key Input	68	121939	10815	1
220203	5	Key Input	73	123499	12375	1
220203	5	Key Input	78	123969	12845	1
220203	5	Key Input	69	125219	14095	1
220203	5	Key Input	82	126059	14935	1
220203	5	Key Input	79	126879	15755	1
220203	5	Text Input	DINERO	141124	30000	0
220203	7	Sound	snd_lobo	145226	0	1			0		other	0
220203	7	Key Input	76	153730	8504	1
220203	7	Key Input	79	156289	11063	1
220203	7	Key Input	66	157990	12764	1
220203	7	Key Input	79	158719	13493	1
220203	7	Text Input	LOBO	175226	30000	0
220203	9	Sound	snd_humo	179328	0	1			0		other	0
220203	9	Key Input	72	189809	10482	1
220203	9	Key Input	85	190889	11561	1
220203	9	Key Input	77	193009	13681	1
220203	9	Key Input	79	193859	14531	1
220203	9	Text Input	HUMO	209328	30000	0
220203	11	Sound	snd_pollo	213430	0	1			0		other	0
220203	11	Key Input	80	220710	7281	1
220203	11	Key Input	79	224980	11550	1
220203	11	Key Input	76	226940	13510	1
220203	11	Key Input	76	228180	14750	1
220203	11	Key Input	79	229630	16200	1
220203	11	Text Input	POLLO	243429	30000	0
220203	13	Sound	snd_huella	247531	0	1			0		other	0
220203	13	Key Input	72	257130	9599	1
220203	13	Key Input	85	257859	10328	1
220203	13	Key Input	69	259000	11469	1
220203	13	Key Input	76	260410	12879	1
220203	13	Key Input	76	261700	14169	1
220203	13	Key Input	65	262449	14919	1
220203	13	Text Input	HUELLA	277531	30000	0
220203	15	Sound	snd_carpeta	281633	0	1			0		other	0
220203	15	Key Input	67	289110	7477	1
220203	15	Key Input	65	289630	7997	1
220203	15	Key Input	82	292149	10517	1
220203	15	Key Input	80	294500	12867	1
220203	15	Key Input	69	295560	13927	1
220203	15	Key Input	84	297140	15507	1
220203	15	Key Input	65	298330	16697	1
220203	15	Text Input	CARPETA	311633	30000	0
220203	17	Sound	snd_molino	315804	0	1			0		other	0
220203	17	Key Input	77	325550	9746	1
220203	17	Key Input	79	326819	11015	1
220203	17	Key Input	76	328479	12675	1
220203	17	Key Input	73	330009	14205	1
220203	17	Key Input	78	331350	15546	1
220203	17	Key Input	79	332259	16455	1
220203	17	Text Input	MOLINO	345804	30000	0
220203	19	Sound	snd_persiana	349906	0	1			0		other	0
220203	19	Key Input	80	358649	8744	1
220203	19	Key Input	69	359459	9553	1
220203	19	Key Input	82	360419	10513	1
220203	19	Key Input	83	362189	12283	1
220203	19	Key Input	73	363159	13253	1
220203	19	Key Input	65	364569	14663	1
220203	19	Key Input	78	365639	15733	1
220203	19	Key Input	65	366659	16753	1
220203	19	Text Input	PERSIANA	379906	30000	0
220203	21	Sound	snd_columpio	384007	0	1			0		other	0
220203	21	Key Input	67	391699	7692	1
220203	21	Key Input	79	392738	8731	1
220203	21	Key Input	76	396299	12292	1
220203	21	Key Input	73	401749	17742	1
220203	21	Key Input	77	404549	20542	1
220203	21	Key Input	80	407328	23321	1
220203	21	Key Input	79	410409	26402	1
220203	21	Key Input	80	411809	27802	1
220203	21	Text Input	COLIMPOP	414007	30000	0
220203	23	Sound	snd_pistola	418109	0	1			0		other	0
220203	23	Key Input	80	429629	11520	1
220203	23	Key Input	73	431209	13100	1
220203	23	Key Input	83	432439	14330	1
220203	23	Key Input	84	434359	16250	1
220203	23	Key Input	79	434958	16849	1
220203	23	Key Input	76	436639	18530	1
220203	23	Key Input	65	437379	19270	1
220203	23	Text Input	PISTOLA	448109	30000	0
220203	25	Sound	snd_taza	452211	0	1			0		other	0
220203	25	Key Input	65	461439	9228	1
220203	25	Key Input	8	467739	15528	1
220203	25	Key Input	84	470009	17798	1
220203	25	Key Input	65	471149	18938	1
220203	25	Key Input	90	473589	21378	1
220203	25	Key Input	65	474389	22178	1
220203	25	Text Input	TAZA	482211	30000	0
220203	27	Sound	snd_labio	486313	0	1			0		other	0
220203	27	Key Input	76	494370	8057	1
220203	27	Key Input	65	494989	8677	1
220203	27	Key Input	66	497269	10957	1
220203	27	Key Input	73	498059	11747	1
220203	27	Key Input	79	498859	12547	1
220203	27	Text Input	LABIO	516312	30000	0
220203	29	Sound	snd_hada	520414	0	1			0		other	0
220203	29	Key Input	72	530190	9776	1
220203	29	Key Input	65	531129	10715	1
220203	29	Key Input	68	532399	11985	1
220203	29	Key Input	65	533549	13136	1
220203	29	Text Input	HADA	550414	30000	0
220203	31	Sound	snd_paja	554794	0	1			0		other	0
220203	31	Key Input	80	562780	7986	1
220203	31	Key Input	65	564229	9436	1
220203	31	Key Input	74	565409	10616	1
220203	31	Key Input	65	567149	12356	1
220203	31	Text Input	PAJA	584794	30000	0
220203	33	Sound	snd_naranja	588965	0	1			0		other	0
220203	33	Key Input	78	596030	7065	1
220203	33	Key Input	65	597000	8035	1
220203	33	Key Input	82	598789	9825	1
220203	33	Key Input	65	599529	10565	1
220203	33	Key Input	78	600979	12015	1
220203	33	Key Input	65	603529	14565	1
220203	33	Key Input	8	608669	19705	1
220203	33	Key Input	74	610899	21935	1
220203	33	Key Input	65	612239	23275	1
220203	33	Text Input	NARANJA	618965	30000	0
220203	35	Sound	snd_gafas	623067	0	1			0		other	0
220203	35	Key Input	71	633309	10243	1
220203	35	Key Input	65	634479	11413	1
220203	35	Key Input	70	637109	14043	1
220203	35	Key Input	65	637849	14783	1
220203	35	Key Input	83	639099	16033	1
220203	35	Text Input	GAFAS	653066	30000	0
220203	37	Sound	snd_abeja	657238	0	1			0		other	0
220203	37	Key Input	65	667180	9942	1
220203	37	Key Input	66	669050	11812	1
220203	37	Key Input	69	670399	13162	1
220203	37	Key Input	74	671869	14632	1
220203	37	Key Input	65	672779	15542	1
220203	37	Text Input	ABEJA	687238	30000	0
220203	39	Sound	snd_cepillo	691340	0	1			0		other	0
220203	39	Key Input	67	700270	8930	1
220203	39	Key Input	69	701908	10569	1
220203	39	Key Input	80	702469	11130	1
220203	39	Key Input	73	704049	12710	1
220203	39	Key Input	76	706269	14930	1
220203	39	Key Input	76	707549	16209	1
220203	39	Key Input	79	709079	17740	1
220203	39	Text Input	CEPILLO	721339	30000	0
220203	41	Sound	snd_pimiento	725441	0	1			0		other	0
220203	41	Key Input	80	736339	10899	1
220203	41	Key Input	73	737659	12218	1
220203	41	Key Input	77	739989	14548	1
220203	41	Key Input	73	741130	15689	1
220203	41	Key Input	69	742449	17008	1
220203	41	Key Input	78	744059	18618	1
220203	41	Key Input	84	745249	19808	1
220203	41	Key Input	79	746189	20748	1
220203	41	Text Input	PIMIENTO	755441	30000	0
220203	43	Sound	snd_novia	759543	0	1			0		other	0
220203	43	Key Input	78	768050	8507	1
220203	43	Key Input	79	769239	9696	1
220203	43	Key Input	86	772869	13326	1
220203	43	Key Input	73	773779	14236	1
220203	43	Key Input	65	777129	17586	1
220203	43	Text Input	NOVIA	789543	30000	0
220203	45	Sound	snd_regadera	793645	0	1			0		other	0
220203	45	Key Input	82	802719	9075	1
220203	45	Key Input	69	803149	9504	1
220203	45	Key Input	71	809459	15814	1
220203	45	Key Input	65	811279	17634	1
220203	45	Key Input	68	814659	21014	1
220203	45	Key Input	69	816429	22784	1
220203	45	Key Input	82	818379	24734	1
220203	45	Key Input	65	820019	26374	1
220203	45	Text Input	REGADERA	823644	30000	0
220203	47	Sound	snd_cereza	827746	0	1			0		other	0
220203	47	Key Input	67	836739	8993	1
220203	47	Key Input	69	838789	11043	1
220203	47	Key Input	82	840459	12713	1
220203	47	Key Input	69	841319	13573	1
220203	47	Key Input	90	844119	16373	1
220203	47	Key Input	65	845278	17532	1
220203	47	Text Input	CEREZA	857746	30000	0
220203	49	Sound	snd_sangre	861848	0	1			0		other	0
220203	49	Key Input	83	871049	9201	1
220203	49	Key Input	65	871849	10001	1
220203	49	Key Input	78	873158	11311	1
220203	49	Key Input	71	874869	13021	1
220203	49	Key Input	82	877139	15291	1
220203	49	Key Input	69	877659	15811	1
220203	49	Text Input	SANGRE	891848	30000	0
220203	51	Sound	snd_caramelo	895950	0	1			0		other	0
220203	51	Key Input	67	903920	7970	1
220203	51	Key Input	65	904739	8789	1
220203	51	Key Input	82	907159	11209	1
220203	51	Key Input	65	907989	12039	1
220203	51	Key Input	77	909989	14039	1
220203	51	Key Input	69	911699	15749	1
220203	51	Key Input	76	912899	16949	1
220203	51	Key Input	79	914649	18700	1
220203	51	Text Input	CARAMELO	925949	30000	0
220203	53	Sound	snd_cafetera	930121	0	1			0		other	0
220203	53	Key Input	67	938079	7959	1
220203	53	Key Input	65	938519	8399	1
220203	53	Key Input	70	942139	12019	1
220203	53	Key Input	69	944499	14379	1
220203	53	Key Input	84	946738	16618	1
220203	53	Key Input	69	947779	17658	1
220203	53	Key Input	82	949299	19178	1
220203	53	Key Input	65	950999	20879	1
220203	53	Text Input	CAFETERA	960121	30000	0
220203	55	Sound	snd_cartera	964223	0	1			0		other	0
220203	55	Key Input	67	970829	6607	1
220203	55	Key Input	65	971399	7177	1
220203	55	Key Input	82	974029	9807	1
220203	55	Key Input	84	976199	11977	1
220203	55	Key Input	69	977199	12977	1
220203	55	Key Input	82	978609	14387	1
220203	55	Key Input	65	979439	15217	1
220203	55	Text Input	CARTERA	994222	30000	0
220203	57	Sound	snd_fresa	998602	0	1			0		other	0
220203	57	Key Input	70	1007409	8808	1
220203	57	Key Input	82	1009509	10907	1
220203	57	Key Input	69	1010019	11417	1
220203	57	Key Input	83	1012189	13587	1
220203	57	Key Input	65	1012778	14176	1
220203	57	Text Input	FRESA	1028602	30000	0
220203	59	Sound	snd_foca	1032704	0	1			0		other	0
220203	59	Key Input	70	1042049	9346	1
220203	59	Key Input	79	1046079	13376	1
220203	59	Key Input	67	1047829	15126	1
220203	59	Key Input	65	1051459	18756	1
220203	59	Text Input	FOCA	1062703	30000	0
220203	61	Sound	snd_cresta	1066944	0	1			0		other	0
220203	61	Key Input	84	1075669	8725	1
220203	61	Key Input	82	1077219	10275	1
220203	61	Key Input	69	1078509	11565	1
220203	61	Key Input	83	1081149	14205	1
220203	61	Key Input	80	1084049	17105	1
220203	61	Key Input	65	1085309	18365	1
220203	61	Text Input	TRESPA	1096944	30000	0


Event Type	Code	Type	Response	RT	RT Uncertainty	Time	Uncertainty	Duration	Uncertainty	ReqTime	ReqDur

Sound	snd_tortuga	other				76892	205			0
Sound	snd_dinero	other				111124	1			0
Sound	snd_lobo	other				145226	1			0
Sound	snd_humo	other				179328	1			0
Sound	snd_pollo	other				213430	1			0
Sound	snd_huella	other				247531	1			0
Sound	snd_carpeta	other				281633	1			0
Sound	snd_molino	other				315804	1			0
Sound	snd_persiana	other				349906	1			0
Sound	snd_columpio	other				384007	1			0
Sound	snd_pistola	other				418109	1			0
Sound	snd_taza	other				452211	1			0
Sound	snd_labio	other				486313	1			0
Sound	snd_hada	other				520414	1			0
Sound	snd_paja	other				554794	1			0
Sound	snd_naranja	other				588965	1			0
Sound	snd_gafas	other				623067	1			0
Sound	snd_abeja	other				657238	1			0
Sound	snd_cepillo	other				691340	1			0
Sound	snd_pimiento	other				725441	1			0
Sound	snd_novia	other				759543	1			0
Sound	snd_regadera	other				793645	1			0
Sound	snd_cereza	other				827746	1			0
Sound	snd_sangre	other				861848	1			0
Sound	snd_caramelo	other				895950	1			0
Sound	snd_cafetera	other				930121	1			0
Sound	snd_cartera	other				964223	1			0
Sound	snd_fresa	other				998602	1			0
Sound	snd_foca	other				1032704	1			0
Sound	snd_cresta	other				1066944	1			0
