Scenario - caja.sce
Logfile written - 12/05/2023 12:08:47

Subject	Trial	Event Type	Code	Time	TTime	Uncertainty	Duration	Uncertainty	ReqTime	ReqDur	Stim Type	Pair Index

300203	1	Response	98	62379	52310	1
300203	3	Sound	snd_pistola	66473	7	205			0		other	0
300203	3	Key Input	80	77879	11413	1
300203	3	Key Input	73	79419	12953	1
300203	3	Key Input	83	81928	15463	1
300203	3	Key Input	84	85449	18983	1
300203	3	Key Input	79	87279	20813	1
300203	3	Key Input	76	89209	22743	1
300203	3	Key Input	65	90269	23803	1
300203	3	Text Input	PISTOLA	96466	30000	0
300203	5	Sound	snd_sangre	100568	0	1			0		other	0
300203	5	Key Input	83	108828	8261	1
300203	5	Key Input	65	109918	9351	1
300203	5	Key Input	78	111277	10710	1
300203	5	Key Input	71	113068	12501	1
300203	5	Key Input	82	115197	14630	1
300203	5	Key Input	69	116478	15911	1
300203	5	Text Input	SANGRE	130567	30000	0
300203	7	Sound	snd_tortuga	134669	0	1			0		other	0
300203	7	Key Input	84	142228	7559	1
300203	7	Key Input	79	143889	9220	1
300203	7	Key Input	82	145428	10759	1
300203	7	Key Input	84	148638	13969	1
300203	7	Key Input	85	149718	15049	1
300203	7	Key Input	71	153738	19069	1
300203	7	Key Input	65	156828	22159	1
300203	7	Text Input	TORTUGA	164669	30000	0
300203	9	Sound	snd_taza	168771	0	1			0		other	0
300203	9	Key Input	84	175628	6858	1
300203	9	Key Input	65	177027	8257	1
300203	9	Key Input	90	179338	10567	1
300203	9	Key Input	65	181238	12467	1
300203	9	Text Input	TAZA	198771	30000	0
300203	11	Sound	snd_cereza	202873	0	1			0		other	0
300203	11	Key Input	67	211977	9105	1
300203	11	Key Input	69	213768	10896	1
300203	11	Key Input	82	215018	12145	1
300203	11	Key Input	69	216848	13976	1
300203	11	Key Input	90	219728	16855	1
300203	11	Key Input	65	221828	18956	1
300203	11	Text Input	CEREZA	232872	30000	0
300203	13	Sound	snd_caramelo	236974	0	1			0		other	0
300203	13	Key Input	67	243688	6714	1
300203	13	Key Input	67	244448	7474	1
300203	13	Key Input	65	246989	10015	1
300203	13	Key Input	8	250458	13484	1
300203	13	Key Input	8	252478	15504	1
300203	13	Key Input	65	253518	16544	1
300203	13	Key Input	82	255319	18345	1
300203	13	Key Input	65	256699	19725	1
300203	13	Key Input	77	258449	21475	1
300203	13	Key Input	69	259699	22725	1
300203	13	Key Input	76	261638	24664	1
300203	13	Key Input	79	263478	26504	1
300203	13	Text Input	CARAMELO	266974	30000	0
300203	15	Sound	snd_molino	271076	0	1			0		other	0
300203	15	Key Input	77	279339	8263	1
300203	15	Key Input	79	281109	10033	1
300203	15	Key Input	78	281779	10703	1
300203	15	Key Input	76	285009	13933	1
300203	15	Key Input	8	288278	17202	1
300203	15	Key Input	8	289928	18852	1
300203	15	Key Input	76	291988	20912	1
300203	15	Key Input	73	293148	22072	1
300203	15	Key Input	78	294308	23232	1
300203	15	Key Input	79	295448	24372	1
300203	15	Text Input	MOLINO	301076	30000	0
300203	17	Sound	snd_paja	305247	0	1			0		other	0
300203	17	Key Input	80	311948	6701	1
300203	17	Key Input	65	312478	7231	1
300203	17	Key Input	74	314198	8951	1
300203	17	Key Input	65	315398	10151	1
300203	17	Text Input	PAJA	335247	30000	0
300203	19	Sound	snd_labio	339349	1	1			0		other	0
300203	19	Key Input	76	348268	8920	1
300203	19	Key Input	65	349208	9859	1
300203	19	Key Input	66	351299	11950	1
300203	19	Key Input	73	352548	13199	1
300203	19	Key Input	79	353478	14129	1
300203	19	Text Input	LABIO	369349	30000	0
300203	21	Sound	snd_pimiento	373451	0	1			0		other	0
300203	21	Key Input	80	383308	9858	1
300203	21	Key Input	73	385088	11638	1
300203	21	Key Input	77	387488	14038	1
300203	21	Key Input	73	388558	15108	1
300203	21	Key Input	78	390448	16998	1
300203	21	Key Input	69	392048	18598	1
300203	21	Key Input	8	395148	21698	1
300203	21	Key Input	8	396768	23318	1
300203	21	Key Input	69	397849	24398	1
300203	21	Key Input	78	398758	25308	1
300203	21	Key Input	84	399968	26518	1
300203	21	Key Input	79	400709	27258	1
300203	21	Text Input	PIMIENTO	403450	30000	0
300203	23	Sound	snd_naranja	407622	0	1			0		other	0
300203	23	Key Input	78	414889	7267	1
300203	23	Key Input	65	415988	8367	1
300203	23	Key Input	82	418938	11317	1
300203	23	Key Input	65	420359	12737	1
300203	23	Key Input	74	422708	15086	1
300203	23	Key Input	8	427378	19757	1
300203	23	Key Input	78	429248	21627	1
300203	23	Key Input	74	431008	23387	1
300203	23	Key Input	65	432178	24557	1
300203	23	Text Input	NARANJA	437622	30000	0
300203	25	Sound	snd_huella	441723	0	1			0		other	0
300203	25	Key Input	72	449819	8095	1
300203	25	Key Input	85	451788	10065	1
300203	25	Key Input	69	453348	11625	1
300203	25	Key Input	76	454648	12925	1
300203	25	Key Input	76	456518	14795	1
300203	25	Key Input	65	457708	15985	1
300203	25	Text Input	HUELLA	471723	30000	0
300203	27	Sound	snd_hada	475825	0	1			0		other	0
300203	27	Key Input	72	486049	10224	1
300203	27	Key Input	65	487148	11324	1
300203	27	Key Input	68	489488	13664	1
300203	27	Key Input	65	490558	14734	1
300203	27	Text Input	HADA	505825	30000	0
300203	29	Sound	snd_gafas	509996	0	1			0		other	0
300203	29	Key Input	71	521459	11463	1
300203	29	Key Input	65	524818	14822	1
300203	29	Key Input	70	527009	17013	1
300203	29	Key Input	65	528318	18322	1
300203	29	Key Input	83	529578	19583	1
300203	29	Text Input	GAFAS	539996	30000	0
300203	31	Sound	snd_cartera	544098	0	1			0		other	0
300203	31	Key Input	67	553199	9101	1
300203	31	Key Input	65	555048	10951	1
300203	31	Key Input	82	556178	12080	1
300203	31	Key Input	84	558308	14211	1
300203	31	Key Input	69	559288	15191	1
300203	31	Key Input	82	560478	16381	1
300203	31	Key Input	65	561968	17871	1
300203	31	Text Input	CARTERA	574098	30000	0
300203	33	Sound	snd_cafetera	578200	0	1			0		other	0
300203	33	Key Input	67	585789	7589	1
300203	33	Key Input	65	587439	9239	1
300203	33	Key Input	70	589118	10919	1
300203	33	Key Input	69	591058	12859	1
300203	33	Key Input	84	593328	15129	1
300203	33	Key Input	69	595208	17008	1
300203	33	Key Input	82	595808	17608	1
300203	33	Key Input	65	597648	19449	1
300203	33	Text Input	CAFETERA	608199	30000	0
300203	35	Sound	snd_persiana	612301	0	1			0		other	0
300203	35	Key Input	80	621418	9117	1
300203	35	Key Input	69	622358	10056	1
300203	35	Key Input	82	623728	11427	1
300203	35	Key Input	83	626498	14197	1
300203	35	Key Input	73	629648	17347	1
300203	35	Key Input	65	630828	18527	1
300203	35	Key Input	78	633188	20887	1
300203	35	Key Input	65	634359	22058	1
300203	35	Text Input	PERSIANA	642301	30000	0
300203	37	Sound	snd_abeja	646403	0	1			0		other	0
300203	37	Key Input	65	655588	9186	1
300203	37	Key Input	66	657907	11504	1
300203	37	Key Input	69	659868	13465	1
300203	37	Key Input	74	662138	15736	1
300203	37	Key Input	65	663128	16725	1
300203	37	Text Input	ABEJA	676403	30000	0
300203	39	Sound	snd_foca	680505	0	1			0		other	0
300203	39	Key Input	70	689259	8754	1
300203	39	Key Input	79	691128	10624	1
300203	39	Key Input	67	692448	11944	1
300203	39	Key Input	65	693748	13244	1
300203	39	Text Input	FOCA	710505	30000	0
300203	41	Sound	snd_cresta	714676	0	1			0		other	0
300203	41	Key Input	67	721529	6853	1
300203	41	Key Input	82	723758	9082	1
300203	41	Key Input	69	724748	10073	1
300203	41	Key Input	83	726118	11443	1
300203	41	Key Input	84	727598	12923	1
300203	41	Key Input	65	728658	13983	1
300203	41	Text Input	CRESTA	744676	30000	0
300203	43	Sound	snd_novia	748778	0	1			0		other	0
300203	43	Key Input	78	757218	8441	1
300203	43	Key Input	79	758578	9801	1
300203	43	Key Input	86	761388	12611	1
300203	43	Key Input	73	764178	15401	1
300203	43	Key Input	65	765408	16631	1
300203	43	Text Input	NOVIA	778777	30000	0
300203	45	Sound	snd_humo	782949	0	1			0		other	0
300203	45	Key Input	72	789478	6530	1
300203	45	Key Input	85	791488	8540	1
300203	45	Key Input	77	794428	11479	1
300203	45	Key Input	79	795878	12930	1
300203	45	Text Input	HUMO	812949	30000	0
300203	47	Sound	snd_cepillo	817120	0	1			0		other	0
300203	47	Key Input	67	824649	7529	1
300203	47	Key Input	69	826248	9129	1
300203	47	Key Input	80	828838	11719	1
300203	47	Key Input	73	830388	13268	1
300203	47	Key Input	76	833378	16258	1
300203	47	Key Input	76	835378	18258	1
300203	47	Key Input	79	837288	20168	1
300203	47	Text Input	CEPILLO	847120	30000	0
300203	49	Sound	snd_dinero	851222	0	1			0		other	0
300203	49	Key Input	68	858808	7587	1
300203	49	Key Input	73	859928	8707	1
300203	49	Key Input	78	860818	9596	1
300203	49	Key Input	69	861878	10656	1
300203	49	Key Input	82	863038	11816	1
300203	49	Key Input	79	863299	12077	1
300203	49	Text Input	DINERO	881221	30000	0
300203	51	Sound	snd_regadera	885323	0	1			0		other	0
300203	51	Key Input	82	894378	9055	1
300203	51	Key Input	69	896698	11376	1
300203	51	Key Input	71	899258	13935	1
300203	51	Key Input	65	901298	15975	1
300203	51	Key Input	68	903978	18655	1
300203	51	Key Input	69	905878	20555	1
300203	51	Key Input	82	907008	21686	1
300203	51	Key Input	65	908518	23195	1
300203	51	Text Input	REGADERA	915323	30000	0
300203	53	Sound	snd_lobo	919425	0	1			0		other	0
300203	53	Key Input	76	926978	7553	1
300203	53	Key Input	79	929218	9793	1
300203	53	Key Input	66	930878	11453	1
300203	53	Key Input	79	932318	12893	1
300203	53	Text Input	LOBO	949425	30000	0
300203	55	Sound	snd_pollo	953666	0	1			0		other	0
300203	55	Key Input	80	961138	7473	1
300203	55	Key Input	79	962718	9052	1
300203	55	Key Input	76	965158	11492	1
300203	55	Key Input	76	967018	13352	1
300203	55	Key Input	79	968927	15262	1
300203	55	Text Input	POLLO	983665	30000	0
300203	57	Sound	snd_columpio	987767	0	1			0		other	0
300203	57	Key Input	67	997638	9871	1
300203	57	Key Input	79	999358	11591	1
300203	57	Key Input	76	1001467	13701	1
300203	57	Key Input	85	1002398	14631	1
300203	57	Key Input	77	1005068	17301	1
300203	57	Key Input	80	1010728	22961	1
300203	57	Key Input	73	1012358	24591	1
300203	57	Key Input	79	1013578	25811	1
300203	57	Text Input	COLUMPIO	1017767	30000	0
300203	59	Sound	snd_fresa	1021869	0	1			0		other	0
300203	59	Key Input	70	1029108	7240	1
300203	59	Key Input	82	1031528	9659	1
300203	59	Key Input	69	1032678	10809	1
300203	59	Key Input	83	1034158	12290	1
300203	59	Key Input	65	1035678	13810	1
300203	59	Text Input	FRESA	1051869	30000	0
300203	61	Sound	snd_carpeta	1056040	0	1			0		other	0
300203	61	Key Input	67	1063328	7289	1
300203	61	Key Input	65	1065078	9038	1
300203	61	Key Input	82	1066128	10088	1
300203	61	Key Input	80	1069088	13048	1
300203	61	Key Input	69	1069818	13778	1
300203	61	Key Input	84	1071388	15348	1
300203	61	Key Input	65	1072798	16758	1
300203	61	Text Input	CARPETA	1086040	30000	0


Event Type	Code	Type	Response	RT	RT Uncertainty	Time	Uncertainty	Duration	Uncertainty	ReqTime	ReqDur

Sound	snd_pistola	other				66473	205			0
Sound	snd_sangre	other				100568	1			0
Sound	snd_tortuga	other				134669	1			0
Sound	snd_taza	other				168771	1			0
Sound	snd_cereza	other				202873	1			0
Sound	snd_caramelo	other				236974	1			0
Sound	snd_molino	other				271076	1			0
Sound	snd_paja	other				305247	1			0
Sound	snd_labio	other				339349	1			0
Sound	snd_pimiento	other				373451	1			0
Sound	snd_naranja	other				407622	1			0
Sound	snd_huella	other				441723	1			0
Sound	snd_hada	other				475825	1			0
Sound	snd_gafas	other				509996	1			0
Sound	snd_cartera	other				544098	1			0
Sound	snd_cafetera	other				578200	1			0
Sound	snd_persiana	other				612301	1			0
Sound	snd_abeja	other				646403	1			0
Sound	snd_foca	other				680505	1			0
Sound	snd_cresta	other				714676	1			0
Sound	snd_novia	other				748778	1			0
Sound	snd_humo	other				782949	1			0
Sound	snd_cepillo	other				817120	1			0
Sound	snd_dinero	other				851222	1			0
Sound	snd_regadera	other				885323	1			0
Sound	snd_lobo	other				919425	1			0
Sound	snd_pollo	other				953666	1			0
Sound	snd_columpio	other				987767	1			0
Sound	snd_fresa	other				1021869	1			0
Sound	snd_carpeta	other				1056040	1			0
