Scenario - caja.sce
Logfile written - 12/13/2023 10:24:16

Subject	Trial	Event Type	Code	Time	TTime	Uncertainty	Duration	Uncertainty	ReqTime	ReqDur	Stim Type	Pair Index

370103	1	Response	98	32967	22897	1
370103	3	Sound	snd_foca	37094	7	206			0		other	0
370103	3	Key Input	68	46737	9650	1
370103	3	Key Input	79	48617	11530	1
370103	3	Key Input	8	52237	15150	1
370103	3	Key Input	8	55886	18800	1
370103	3	Key Input	70	57366	20280	1
370103	3	Key Input	79	58576	21490	1
370103	3	Key Input	67	60476	23390	1
370103	3	Key Input	65	61186	24100	1
370103	3	Text Input	FOCA	67087	30000	0
370103	5	Sound	snd_cartera	71258	0	1			0		other	0
370103	5	Key Input	67	79527	8269	1
370103	5	Key Input	65	80426	9168	1
370103	5	Key Input	82	82896	11638	1
370103	5	Key Input	84	84876	13618	1
370103	5	Key Input	69	86776	15518	1
370103	5	Key Input	82	88016	16758	1
370103	5	Key Input	65	89396	18138	1
370103	5	Text Input	CARTERA	101258	30000	0
370103	7	Sound	snd_caramelo	105499	0	1			0		other	0
370103	7	Key Input	67	112657	7158	1
370103	7	Key Input	65	114187	8688	1
370103	7	Key Input	82	116486	10988	1
370103	7	Key Input	65	117556	12058	1
370103	7	Key Input	77	118536	13038	1
370103	7	Key Input	69	120366	14868	1
370103	7	Key Input	76	120657	15158	1
370103	7	Key Input	79	122586	17088	1
370103	7	Text Input	CARAMELO	135499	30000	0
370103	9	Sound	snd_cafetera	139670	0	1			0		other	0
370103	9	Key Input	67	147717	8047	1
370103	9	Key Input	65	148916	9247	1
370103	9	Key Input	71	154306	14637	1
370103	9	Key Input	8	158706	19037	1
370103	9	Key Input	70	159956	20286	1
370103	9	Key Input	69	160826	21157	1
370103	9	Key Input	84	162816	23147	1
370103	9	Key Input	69	164276	24607	1
370103	9	Key Input	82	165086	25417	1
370103	9	Key Input	65	166966	27297	1
370103	9	Text Input	CAFETERA	169670	30000	0
370103	11	Sound	snd_pistola	173911	0	1			0		other	0
370103	11	Key Input	80	182347	8436	1
370103	11	Key Input	73	183597	9686	1
370103	11	Key Input	83	186417	12506	1
370103	11	Key Input	84	187426	13516	1
370103	11	Key Input	79	188446	14536	1
370103	11	Key Input	76	190346	16436	1
370103	11	Key Input	65	191326	17415	1
370103	11	Text Input	PISTOLA	203910	30000	0
370103	13	Sound	snd_pimiento	208151	0	1			0		other	0
370103	13	Key Input	80	218937	10786	1
370103	13	Key Input	73	221106	12955	1
370103	13	Key Input	77	224296	16145	1
370103	13	Key Input	73	225956	17805	1
370103	13	Key Input	69	227256	19106	1
370103	13	Key Input	78	228116	19965	1
370103	13	Key Input	84	229126	20975	1
370103	13	Key Input	79	230846	22695	1
370103	13	Text Input	PIMIENTO	238151	30000	0
370103	15	Sound	snd_cereza	242322	0	1			0		other	0
370103	15	Key Input	67	252637	10315	1
370103	15	Key Input	69	254996	12674	1
370103	15	Key Input	82	256536	14214	1
370103	15	Key Input	69	257896	15574	1
370103	15	Key Input	90	264306	21984	1
370103	15	Key Input	65	269186	26864	1
370103	15	Text Input	CEREZA	272322	30000	0
370103	17	Sound	snd_tortuga	276563	0	1			0		other	0
370103	17	Key Input	84	284547	7984	1
370103	17	Key Input	79	286146	9584	1
370103	17	Key Input	82	287916	11354	1
370103	17	Key Input	84	290166	13604	1
370103	17	Key Input	85	294187	17624	1
370103	17	Key Input	71	295026	18464	1
370103	17	Key Input	65	298136	21574	1
370103	17	Text Input	TORTUGA	306563	30000	0
370103	19	Sound	snd_cresta	310804	0	1			0		other	0
370103	19	Key Input	67	320617	9814	1
370103	19	Key Input	82	323536	12733	1
370103	19	Key Input	69	324166	13363	1
370103	19	Key Input	80	326046	15243	1
370103	19	Key Input	8	329957	19153	1
370103	19	Key Input	83	331296	20493	1
370103	19	Key Input	80	331876	21073	1
370103	19	Key Input	65	333426	22623	1
370103	19	Text Input	CRESPA	340803	30000	0
370103	21	Sound	snd_humo	345044	0	1			0		other	0
370103	21	Key Input	72	357247	12203	1
370103	21	Key Input	85	358726	13683	1
370103	21	Key Input	77	362376	17333	1
370103	21	Key Input	79	363666	18622	1
370103	21	Text Input	HUMO	375044	30000	0
370103	23	Sound	snd_persiana	379215	0	1			0		other	0
370103	23	Key Input	80	390076	10861	1
370103	23	Key Input	69	391046	11831	1
370103	23	Key Input	82	391957	12742	1
370103	23	Key Input	83	393936	14721	1
370103	23	Key Input	73	396876	17661	1
370103	23	Key Input	65	398516	19301	1
370103	23	Key Input	78	399286	20071	1
370103	23	Key Input	65	400396	21181	1
370103	23	Text Input	PERSIANA	409215	30000	0
370103	25	Sound	snd_molino	413386	0	1			0		other	0
370103	25	Key Input	77	422696	9310	1
370103	25	Key Input	73	426786	13400	1
370103	25	Key Input	8	432306	18920	1
370103	25	Key Input	79	434055	20669	1
370103	25	Key Input	76	436065	22679	1
370103	25	Key Input	73	438496	25110	1
370103	25	Key Input	78	440176	26789	1
370103	25	Key Input	79	441676	28290	1
370103	25	Text Input	MOLINO	443386	30000	0
370103	27	Sound	snd_pollo	447627	0	1			0		other	0
370103	27	Key Input	80	454396	6770	1
370103	27	Key Input	79	455426	7800	1
370103	27	Key Input	76	457426	9799	1
370103	27	Key Input	76	458716	11090	1
370103	27	Key Input	79	460335	12708	1
370103	27	Text Input	POLLO	477627	30000	0
370103	29	Sound	snd_novia	481868	0	1			0		other	0
370103	29	Key Input	78	489947	8079	1
370103	29	Key Input	79	490646	8779	1
370103	29	Key Input	66	493586	11719	1
370103	29	Key Input	8	498266	16398	1
370103	29	Key Input	86	499275	17408	1
370103	29	Key Input	73	500485	18618	1
370103	29	Key Input	65	501606	19739	1
370103	29	Text Input	NOVIA	511867	30000	0
370103	31	Sound	snd_hada	516039	0	1			0		other	0
370103	31	Key Input	72	524686	8648	1
370103	31	Key Input	65	525976	9938	1
370103	31	Key Input	70	527856	11818	1
370103	31	Key Input	65	529446	13407	1
370103	31	Key Input	8	532936	16897	1
370103	31	Key Input	8	534296	18258	1
370103	31	Key Input	68	534936	18897	1
370103	31	Key Input	65	536246	20208	1
370103	31	Text Input	HADA	546039	30000	0
370103	33	Sound	snd_dinero	550210	0	1			0		other	0
370103	33	Key Input	68	559248	9038	1
370103	33	Key Input	73	560796	10586	1
370103	33	Key Input	78	561695	11486	1
370103	33	Key Input	69	563126	12917	1
370103	33	Key Input	82	563756	13547	1
370103	33	Key Input	79	564856	14646	1
370103	33	Text Input	DINERO	580210	30000	0
370103	35	Sound	snd_cepillo	584381	0	1			0		other	0
370103	35	Key Input	67	592196	7815	1
370103	35	Key Input	69	593996	9615	1
370103	35	Key Input	80	594776	10395	1
370103	35	Key Input	73	596206	11825	1
370103	35	Key Input	76	598396	14015	1
370103	35	Key Input	76	599936	15555	1
370103	35	Key Input	79	601326	16945	1
370103	35	Text Input	CEPILLO	614381	30000	0
370103	37	Sound	snd_naranja	618552	0	1			0		other	0
370103	37	Key Input	78	626066	7515	1
370103	37	Key Input	65	627576	9024	1
370103	37	Key Input	82	628606	10054	1
370103	37	Key Input	65	630106	11554	1
370103	37	Key Input	78	630926	12374	1
370103	37	Key Input	74	631876	13324	1
370103	37	Key Input	65	633916	15364	1
370103	37	Text Input	NARANJA	648552	30000	0
370103	39	Sound	snd_carpeta	652793	0	1			0		other	0
370103	39	Key Input	67	659307	6514	1
370103	39	Key Input	65	659956	7164	1
370103	39	Key Input	82	662286	9494	1
370103	39	Key Input	80	663856	11064	1
370103	39	Key Input	69	666166	13374	1
370103	39	Key Input	84	667006	14214	1
370103	39	Key Input	65	668496	15704	1
370103	39	Text Input	CARPETA	682793	30000	0
370103	41	Sound	snd_taza	687103	0	1			0		other	0
370103	41	Key Input	84	693966	6864	1
370103	41	Key Input	65	695066	7964	1
370103	41	Key Input	90	697726	10623	1
370103	41	Key Input	65	699786	12684	1
370103	41	Text Input	TAZA	717103	30000	0
370103	43	Sound	snd_columpio	721274	0	1			0		other	0
370103	43	Key Input	67	729156	7882	1
370103	43	Key Input	76	733016	11742	1
370103	43	Key Input	8	736246	14972	1
370103	43	Key Input	79	737886	16612	1
370103	43	Key Input	76	739626	18352	1
370103	43	Key Input	85	741446	20172	1
370103	43	Key Input	77	743597	22323	1
370103	43	Key Input	80	745466	24192	1
370103	43	Key Input	73	748936	27663	1
370103	43	Key Input	79	750535	29262	1
370103	43	Text Input	COLUMPIO	751274	30000	0
370103	45	Sound	snd_huella	755515	0	1			0		other	0
370103	45	Key Input	72	764406	8892	1
370103	45	Key Input	85	765256	9742	1
370103	45	Key Input	69	766896	11382	1
370103	45	Key Input	76	768176	12662	1
370103	45	Key Input	76	769806	14292	1
370103	45	Key Input	65	770106	14592	1
370103	45	Text Input	HUELLA	785514	30000	0
370103	47	Sound	snd_gafas	789686	0	1			0		other	0
370103	47	Key Input	71	797996	8311	1
370103	47	Key Input	70	798016	8331	1
370103	47	Key Input	65	799696	10011	1
370103	47	Key Input	8	803236	13551	1
370103	47	Key Input	8	804546	14861	1
370103	47	Key Input	65	805586	15901	1
370103	47	Key Input	70	806686	17001	1
370103	47	Key Input	65	808656	18971	1
370103	47	Key Input	83	810246	20561	1
370103	47	Text Input	GAFAS	819686	30000	0
370103	49	Sound	snd_fresa	823926	0	1			0		other	0
370103	49	Key Input	70	832156	8230	1
370103	49	Key Input	82	834526	10600	1
370103	49	Key Input	69	835306	11380	1
370103	49	Key Input	83	837486	13560	1
370103	49	Key Input	65	838336	14410	1
370103	49	Text Input	FRESA	853926	30000	0
370103	51	Sound	snd_lobo	858167	0	1			0		other	0
370103	51	Key Input	76	865926	7760	1
370103	51	Key Input	79	868206	10040	1
370103	51	Key Input	66	871256	13089	1
370103	51	Key Input	79	872526	14359	1
370103	51	Text Input	LOBO	888167	30000	0
370103	53	Sound	snd_sangre	892338	0	1			0		other	0
370103	53	Key Input	83	899596	7259	1
370103	53	Key Input	65	900546	8208	1
370103	53	Key Input	78	903176	10838	1
370103	53	Key Input	71	904646	12308	1
370103	53	Key Input	82	907146	14808	1
370103	53	Key Input	69	908056	15719	1
370103	53	Text Input	SANGRE	922338	30000	0
370103	55	Sound	snd_regadera	926579	0	1			0		other	0
370103	55	Key Input	82	935356	8777	1
370103	55	Key Input	69	937286	10708	1
370103	55	Key Input	71	939675	13097	1
370103	55	Key Input	65	942066	15488	1
370103	55	Key Input	68	949316	22738	1
370103	55	Key Input	69	950846	24268	1
370103	55	Key Input	82	951686	25107	1
370103	55	Key Input	65	954666	28087	1
370103	55	Text Input	REGADERA	956579	30000	0
370103	57	Sound	snd_labio	960750	0	1			0		other	0
370103	57	Key Input	65	969506	8757	1
370103	57	Key Input	8	973696	12946	1
370103	57	Key Input	76	975546	14796	1
370103	57	Key Input	65	977056	16306	1
370103	57	Key Input	66	978246	17496	1
370103	57	Key Input	73	980926	20176	1
370103	57	Key Input	79	981656	20906	1
370103	57	Text Input	LABIO	990750	30000	0
370103	59	Sound	snd_abeja	994990	0	1			0		other	0
370103	59	Key Input	65	1003396	8406	1
370103	59	Key Input	66	1011135	16145	1
370103	59	Key Input	69	1013056	18066	1
370103	59	Key Input	74	1014756	19766	1
370103	59	Key Input	65	1018656	23666	1
370103	59	Text Input	ABEJA	1024990	30000	0
370103	61	Sound	snd_paja	1029231	0	1			0		other	0
370103	61	Key Input	80	1036376	7145	1
370103	61	Key Input	65	1038115	8885	1
370103	61	Key Input	74	1039936	10705	1
370103	61	Key Input	65	1041356	12125	1
370103	61	Text Input	PAJA	1059231	30000	0

Visual picture detection failed over to using scan line information only at the following times:
type	time	timeout	presentation
fail	97373.7	34.725	275
restore	97554.7	0	276


Event Type	Code	Type	Response	RT	RT Uncertainty	Time	Uncertainty	Duration	Uncertainty	ReqTime	ReqDur

Sound	snd_foca	other				37094	206			0
Sound	snd_cartera	other				71258	1			0
Sound	snd_caramelo	other				105499	1			0
Sound	snd_cafetera	other				139670	1			0
Sound	snd_pistola	other				173911	1			0
Sound	snd_pimiento	other				208151	1			0
Sound	snd_cereza	other				242322	1			0
Sound	snd_tortuga	other				276563	1			0
Sound	snd_cresta	other				310804	1			0
Sound	snd_humo	other				345044	1			0
Sound	snd_persiana	other				379215	1			0
Sound	snd_molino	other				413386	1			0
Sound	snd_pollo	other				447627	1			0
Sound	snd_novia	other				481868	1			0
Sound	snd_hada	other				516039	1			0
Sound	snd_dinero	other				550210	1			0
Sound	snd_cepillo	other				584381	1			0
Sound	snd_naranja	other				618552	1			0
Sound	snd_carpeta	other				652793	1			0
Sound	snd_taza	other				687103	1			0
Sound	snd_columpio	other				721274	1			0
Sound	snd_huella	other				755515	1			0
Sound	snd_gafas	other				789686	1			0
Sound	snd_fresa	other				823926	1			0
Sound	snd_lobo	other				858167	1			0
Sound	snd_sangre	other				892338	1			0
Sound	snd_regadera	other				926579	1			0
Sound	snd_labio	other				960750	1			0
Sound	snd_abeja	other				994990	1			0
Sound	snd_paja	other				1029231	1			0
