Scenario - caja.sce
Logfile written - 12/13/2023 11:46:27

Subject	Trial	Event Type	Code	Time	TTime	Uncertainty	Duration	Uncertainty	ReqTime	ReqDur	Stim Type	Pair Index

380203	1	Response	98	50264	40195	1
380203	3	Sound	snd_cafetera	54318	7	209			0		other	0
380203	3	Key Input	67	69264	14953	1
380203	3	Key Input	65	72654	18343	1
380203	3	Key Input	83	72713	18402	1
380203	3	Key Input	68	76084	21773	1
380203	3	Key Input	69	78324	24013	1
380203	3	Key Input	53	81784	27473	1
380203	3	Key Input	69	82994	28683	1
380203	3	Text Input	CASDE5E	84311	30000	0
380203	5	Sound	snd_gafas	88413	0	1			0		other	0
380203	5	Key Input	84	97484	9071	1
380203	5	Key Input	65	99204	10791	1
380203	5	Key Input	82	100764	12351	1
380203	5	Key Input	84	100774	12361	1
380203	5	Key Input	65	101964	13551	1
380203	5	Key Input	83	104014	15601	1
380203	5	Key Input	68	104014	15601	1
380203	5	Text Input	TARTASD	118413	30000	0
380203	7	Sound	snd_columpio	122584	0	1			0		other	0
380203	7	Key Input	68	132723	10139	1
380203	7	Key Input	80	135124	12540	1
380203	7	Key Input	80	136084	13500	1
380203	7	Key Input	48	136084	13500	1
380203	7	Key Input	209	142704	20120	1
380203	7	Key Input	73	145644	23060	1
380203	7	Key Input	75	147374	24790	1
380203	7	Text Input	DPP0ÑIK	152584	30000	0
380203	9	Sound	snd_molino	156686	0	1			0		other	0
380203	9	Key Input	76	167614	10928	1
380203	9	Key Input	48	171153	14468	1
380203	9	Key Input	48	172073	15388	1
380203	9	Key Input	75	175093	18408	1
380203	9	Key Input	80	177943	21258	1
380203	9	Key Input	80	179243	22557	1
380203	9	Key Input	57	181713	25028	1
380203	9	Key Input	48	181793	25108	1
380203	9	Key Input	75	183824	27139	1
380203	9	Text Input	L00KPP90K	186686	30000	0
380203	11	Sound	snd_pimiento	190788	0	1			0		other	0
380203	11	Key Input	80	202764	11976	1
380203	11	Key Input	57	206303	15516	1
380203	11	Key Input	75	209804	19016	1
380203	11	Key Input	57	215033	24246	1
380203	11	Key Input	51	217083	26296	1
380203	11	Key Input	52	219654	28867	1
380203	11	Text Input	P9K934	220787	30000	0
380203	13	Sound	snd_naranja	224889	0	1			0		other	0
380203	13	Key Input	74	232934	8045	1
380203	13	Key Input	65	239694	14805	1
380203	13	Key Input	53	242224	17335	1
380203	13	Key Input	74	244864	19975	1
380203	13	Key Input	74	245054	20165	1
380203	13	Key Input	85	247414	22525	1
380203	13	Key Input	81	250514	25625	1
380203	13	Text Input	JA5JJUQ	254889	30000	0
380203	15	Sound	snd_dinero	258991	0	1			0		other	0
380203	15	Key Input	69	268424	9433	1
380203	15	Key Input	57	270574	11583	1
380203	15	Key Input	74	272943	13953	1
380203	15	Key Input	51	274714	15723	1
380203	15	Key Input	52	277443	18452	1
380203	15	Key Input	48	278984	19993	1
380203	15	Text Input	E9J340	288991	30000	0
380203	17	Sound	snd_labio	293162	0	1			0		other	0
380203	17	Key Input	76	302094	8932	1
380203	17	Key Input	65	304134	10972	1
380203	17	Key Input	66	308984	15822	1
380203	17	Key Input	72	309194	16032	1
380203	17	Key Input	48	316344	23182	1
380203	17	Key Input	79	316363	23201	1
380203	17	Text Input	LABH0O	323162	30000	0
380203	19	Sound	snd_caramelo	327264	0	1			0		other	0
380203	19	Key Input	83	335423	8160	1
380203	19	Key Input	65	338783	11520	1
380203	19	Key Input	52	341784	14520	1
380203	19	Key Input	69	341863	14599	1
380203	19	Key Input	65	344253	16989	1
380203	19	Key Input	75	346613	19349	1
380203	19	Key Input	69	349433	22170	1
380203	19	Key Input	79	349493	22229	1
380203	19	Key Input	79	350153	22889	1
380203	19	Key Input	79	351653	24389	1
380203	19	Text Input	SA4EAKEOOO	357264	30000	0
380203	21	Sound	snd_persiana	361366	0	1			0		other	0
380203	21	Key Input	80	370603	9238	1
380203	21	Key Input	48	370873	9507	1
380203	21	Key Input	80	371323	9958	1
380203	21	Key Input	48	371324	9959	1
380203	21	Key Input	83	383923	22558	1
380203	21	Key Input	73	385683	24317	1
380203	21	Key Input	74	387103	25738	1
380203	21	Key Input	65	388193	26828	1
380203	21	Key Input	78	389694	28328	1
380203	21	Key Input	32	390273	28908	1
380203	21	Response	98	390273	28908	1
380203	21	Key Input	65	391153	29788	1
380203	21	Text Input	P0P0SIJAN A	391365	30000	0
380203	23	Sound	snd_humo	395467	0	1			0		other	0
380203	23	Key Input	72	403324	7857	1
380203	23	Key Input	85	405674	10207	1
380203	23	Key Input	74	407554	12087	1
380203	23	Key Input	74	408234	12767	1
380203	23	Key Input	73	409654	14187	1
380203	23	Text Input	HUJJI	425467	30000	0
380203	25	Sound	snd_carpeta	429569	0	1			0		other	0
380203	25	Key Input	90	447434	17865	1
380203	25	Key Input	80	452304	22735	1
380203	25	Key Input	48	453044	23475	1
380203	25	Key Input	80	453064	23495	1
380203	25	Key Input	48	453065	23496	1
380203	25	Key Input	80	453514	23945	1
380203	25	Key Input	81	454024	24455	1
380203	25	Key Input	51	456514	26945	1
380203	25	Key Input	54	457614	28045	1
380203	25	Key Input	65	459044	29475	1
380203	25	Text Input	ZP0P0PQ36A	459569	30000	0
380203	27	Sound	snd_cereza	463671	0	1			0		other	0
380203	27	Key Input	67	475914	12244	1
380203	27	Key Input	69	479104	15433	1
380203	27	Key Input	82	481554	17883	1
380203	27	Key Input	87	483864	20193	1
380203	27	Key Input	90	486084	22413	1
380203	27	Key Input	65	488104	24433	1
380203	27	Text Input	CERWZA	493670	30000	0
380203	29	Sound	snd_cartera	497772	0	1			0		other	0
380203	29	Key Input	88	505904	8132	1
380203	29	Key Input	65	508204	10432	1
380203	29	Key Input	52	511274	13502	1
380203	29	Key Input	82	517974	20202	1
380203	29	Key Input	87	525284	27512	1
380203	29	Key Input	65	525334	27562	1
380203	29	Text Input	XA4RWA	527772	30000	0
380203	31	Sound	snd_novia	531874	0	1			0		other	0
380203	31	Key Input	74	540154	8280	1
380203	31	Key Input	79	542574	10700	1
380203	31	Key Input	57	543614	11740	1
380203	31	Key Input	71	544434	12560	1
380203	31	Key Input	70	544444	12570	1
380203	31	Key Input	85	546074	14200	1
380203	31	Key Input	73	546293	14419	1
380203	31	Key Input	65	560964	29090	1
380203	31	Text Input	JO9GFUIA	561874	30000	0
380203	33	Sound	snd_regadera	566045	0	1			0		other	0
380203	33	Key Input	82	584394	18349	1
380203	33	Key Input	69	587043	20998	1
380203	33	Key Input	71	588614	22569	1
380203	33	Key Input	65	590034	23989	1
380203	33	Key Input	68	593084	27039	1
380203	33	Key Input	69	595274	29229	1
380203	33	Text Input	REGADE	596045	30000	0
380203	35	Sound	snd_paja	600216	0	1			0		other	0
380203	35	Key Input	79	606424	6208	1
380203	35	Key Input	80	606524	6308	1
380203	35	Key Input	65	608453	8237	1
380203	35	Key Input	75	609444	9227	1
380203	35	Key Input	65	613894	13678	1
380203	35	Text Input	OPAKA	630216	30000	0
380203	37	Sound	snd_taza	634318	0	1			0		other	0
380203	37	Key Input	84	644894	10576	1
380203	37	Key Input	84	646243	11925	1
380203	37	Key Input	65	646653	12335	1
380203	37	Key Input	90	648994	14676	1
380203	37	Key Input	65	651144	16826	1
380203	37	Text Input	TTAZA	664318	30000	0
380203	39	Sound	snd_fresa	668559	0	1			0		other	0
380203	39	Key Input	70	677474	8916	1
380203	39	Key Input	84	680524	11965	1
380203	39	Key Input	82	685624	17065	1
380203	39	Key Input	69	687924	19365	1
380203	39	Key Input	83	689954	21395	1
380203	39	Key Input	83	691544	22986	1
380203	39	Key Input	65	694034	25475	1
380203	39	Text Input	FTRESSA	698558	30000	0
380203	41	Sound	snd_sangre	702660	0	1			0		other	0
380203	41	Key Input	68	714214	11554	1
380203	41	Key Input	65	716404	13744	1
380203	41	Key Input	78	717493	14833	1
380203	41	Key Input	66	717524	14864	1
380203	41	Key Input	68	719144	16484	1
380203	41	Key Input	84	721694	19034	1
380203	41	Key Input	69	723644	20984	1
380203	41	Text Input	DANBDTE	732660	30000	0
380203	43	Sound	snd_lobo	736762	0	1			0		other	0
380203	43	Key Input	76	744093	7332	1
380203	43	Key Input	79	747093	10331	1
380203	43	Key Input	32	751004	14242	1
380203	43	Response	98	751004	14242	1
380203	43	Key Input	78	751004	14242	1
380203	43	Key Input	77	752994	16232	1
380203	43	Key Input	48	753074	16312	1
380203	43	Text Input	LO NM0	766762	30000	0
380203	45	Sound	snd_hada	770864	0	1			0		other	0
380203	45	Key Input	71	779143	8280	1
380203	45	Key Input	65	780303	9439	1
380203	45	Key Input	83	782964	12100	1
380203	45	Key Input	68	782994	12130	1
380203	45	Key Input	65	784564	13700	1
380203	45	Text Input	GASDA	800864	30000	0
380203	47	Sound	snd_cepillo	804965	0	1			0		other	0
380203	47	Key Input	67	813183	8218	1
380203	47	Key Input	69	816153	11188	1
380203	47	Key Input	80	817903	12938	1
380203	47	Key Input	48	818794	13829	1
380203	47	Key Input	73	819954	14988	1
380203	47	Key Input	75	822934	17968	1
380203	47	Key Input	75	825014	20049	1
380203	47	Key Input	79	830133	25168	1
380203	47	Key Input	73	830143	25178	1
380203	47	Text Input	CEP0IKKOI	834965	30000	0
380203	49	Sound	snd_foca	839067	0	1			0		other	0
380203	49	Key Input	70	851913	12846	1
380203	49	Key Input	70	852663	13596	1
380203	49	Key Input	73	854903	15836	1
380203	49	Key Input	88	859174	20107	1
380203	49	Key Input	65	861573	22506	1
380203	49	Text Input	FFIXA	869067	30000	0
380203	51	Sound	snd_huella	873169	0	1			0		other	0
380203	51	Key Input	72	881224	8055	1
380203	51	Key Input	85	883954	10785	1
380203	51	Key Input	69	885744	12575	1
380203	51	Key Input	76	888754	15585	1
380203	51	Key Input	79	889123	15955	1
380203	51	Key Input	76	890223	17055	1
380203	51	Key Input	65	891403	18234	1
380203	51	Text Input	HUELOLA	903169	30000	0
380203	53	Sound	snd_tortuga	907271	0	1			0		other	0
380203	53	Key Input	84	916904	9634	1
380203	53	Key Input	79	918783	11512	1
380203	53	Key Input	82	920784	13513	1
380203	53	Key Input	85	924974	17703	1
380203	53	Key Input	82	929654	22383	1
380203	53	Key Input	71	933004	25734	1
380203	53	Key Input	65	934174	26903	1
380203	53	Text Input	TORURGA	937270	30000	0
380203	55	Sound	snd_cresta	941442	0	1			0		other	0
380203	55	Key Input	67	950564	9122	1
380203	55	Key Input	82	954184	12742	1
380203	55	Key Input	69	956463	15022	1
380203	55	Key Input	83	958293	16852	1
380203	55	Key Input	89	959833	18392	1
380203	55	Key Input	84	959863	18422	1
380203	55	Key Input	65	960983	19542	1
380203	55	Text Input	CRESYTA	971441	30000	0
380203	57	Sound	snd_pistola	975543	0	1			0		other	0
380203	57	Key Input	80	988274	12731	1
380203	57	Key Input	79	991254	15711	1
380203	57	Key Input	68	993944	18401	1
380203	57	Key Input	84	997673	22130	1
380203	57	Key Input	79	999103	23560	1
380203	57	Key Input	84	999104	23560	1
380203	57	Key Input	76	1000363	24820	1
380203	57	Key Input	65	1002153	26610	1
380203	57	Text Input	PODTOTLA	1005543	30000	0
380203	59	Sound	snd_abeja	1009645	0	1			0		other	0
380203	59	Key Input	65	1018754	9109	1
380203	59	Key Input	66	1020183	10539	1
380203	59	Key Input	69	1022273	12629	1
380203	59	Key Input	74	1022423	12778	1
380203	59	Key Input	65	1027173	17529	1
380203	59	Text Input	ABEJA	1039645	30000	0
380203	61	Sound	snd_pollo	1043747	0	1			0		other	0
380203	61	Key Input	80	1049814	6067	1
380203	61	Key Input	79	1052733	8987	1
380203	61	Key Input	76	1055303	11557	1
380203	61	Key Input	76	1057304	13557	1
380203	61	Key Input	76	1058994	15247	1
380203	61	Key Input	79	1061153	17407	1
380203	61	Text Input	POLLLO	1073747	30000	0

Visual picture detection failed over to using scan line information only at the following times:
type	time	timeout	presentation
fail	40824.6	34.725	114
restore	40965.6	0	115


Event Type	Code	Type	Response	RT	RT Uncertainty	Time	Uncertainty	Duration	Uncertainty	ReqTime	ReqDur

Sound	snd_cafetera	other				54318	209			0
Sound	snd_gafas	other				88413	1			0
Sound	snd_columpio	other				122584	1			0
Sound	snd_molino	other				156686	1			0
Sound	snd_pimiento	other				190788	1			0
Sound	snd_naranja	other				224889	1			0
Sound	snd_dinero	other				258991	1			0
Sound	snd_labio	other				293162	1			0
Sound	snd_caramelo	other				327264	1			0
Sound	snd_persiana	other				361366	1			0
Sound	snd_humo	other				395467	1			0
Sound	snd_carpeta	other				429569	1			0
Sound	snd_cereza	other				463671	1			0
Sound	snd_cartera	other				497772	1			0
Sound	snd_novia	other				531874	1			0
Sound	snd_regadera	other				566045	1			0
Sound	snd_paja	other				600216	1			0
Sound	snd_taza	other				634318	1			0
Sound	snd_fresa	other				668559	1			0
Sound	snd_sangre	other				702660	1			0
Sound	snd_lobo	other				736762	1			0
Sound	snd_hada	other				770864	1			0
Sound	snd_cepillo	other				804965	1			0
Sound	snd_foca	other				839067	1			0
Sound	snd_huella	other				873169	1			0
Sound	snd_tortuga	other				907271	1			0
Sound	snd_cresta	other				941442	1			0
Sound	snd_pistola	other				975543	1			0
Sound	snd_abeja	other				1009645	1			0
Sound	snd_pollo	other				1043747	1			0
