Scenario - caja.sce
Logfile written - 12/13/2023 15:32:53

Subject	Trial	Event Type	Code	Time	TTime	Uncertainty	Duration	Uncertainty	ReqTime	ReqDur	Stim Type	Pair Index

390104	1	Response	98	90385	80315	1
390104	3	Sound	snd_cereza	94463	8	212			0		other	0
390104	3	Key Input	67	102255	7799	1
390104	3	Key Input	69	104114	9659	1
390104	3	Key Input	82	104814	10359	1
390104	3	Key Input	69	105885	11429	1
390104	3	Key Input	90	109294	14839	1
390104	3	Key Input	65	111234	16779	1
390104	3	Text Input	CEREZA	124455	30000	0
390104	5	Sound	snd_pollo	128557	0	1			0		other	0
390104	5	Key Input	80	134905	6348	1
390104	5	Key Input	79	135754	7197	1
390104	5	Key Input	76	137764	9207	1
390104	5	Key Input	76	138964	10407	1
390104	5	Key Input	79	140554	11997	1
390104	5	Text Input	POLLO	158557	30000	0
390104	7	Sound	snd_humo	162659	0	1			0		other	0
390104	7	Key Input	72	169484	6826	1
390104	7	Key Input	85	170774	8115	1
390104	7	Key Input	77	172904	10246	1
390104	7	Key Input	79	174354	11696	1
390104	7	Text Input	HUMO	192659	30000	0
390104	9	Sound	snd_persiana	196761	0	1			0		other	0
390104	9	Key Input	80	205555	8794	1
390104	9	Key Input	69	207174	10414	1
390104	9	Key Input	82	207654	10894	1
390104	9	Key Input	83	209314	12553	1
390104	9	Key Input	73	210114	13353	1
390104	9	Key Input	65	211474	14713	1
390104	9	Key Input	78	212334	15573	1
390104	9	Key Input	65	214734	17974	1
390104	9	Text Input	PERSIANA	226760	30000	0
390104	11	Sound	snd_pistola	230862	0	1			0		other	0
390104	11	Key Input	80	241314	10452	1
390104	11	Key Input	73	242294	11432	1
390104	11	Key Input	83	243934	13072	1
390104	11	Key Input	84	244934	14072	1
390104	11	Key Input	79	245984	15122	1
390104	11	Key Input	76	247424	16562	1
390104	11	Key Input	65	248114	17252	1
390104	11	Text Input	PISTOLA	260862	30000	0
390104	13	Sound	snd_tortuga	264964	0	1			0		other	0
390104	13	Key Input	84	272105	7141	1
390104	13	Key Input	79	273214	8251	1
390104	13	Key Input	82	274544	9581	1
390104	13	Key Input	84	276364	11401	1
390104	13	Key Input	85	277404	12441	1
390104	13	Key Input	71	279164	14201	1
390104	13	Key Input	65	280154	15191	1
390104	13	Text Input	TORTUGA	294964	30000	0
390104	15	Sound	snd_dinero	299135	0	1			0		other	0
390104	15	Key Input	68	307745	8610	1
390104	15	Key Input	73	309804	10669	1
390104	15	Key Input	78	310674	11539	1
390104	15	Key Input	69	311904	12769	1
390104	15	Key Input	82	312624	13489	1
390104	15	Key Input	79	313664	14529	1
390104	15	Text Input	DINERO	329135	30000	0
390104	17	Sound	snd_hada	333237	0	1			0		other	0
390104	17	Key Input	72	343065	9828	1
390104	17	Key Input	65	343714	10478	1
390104	17	Key Input	68	345284	12048	1
390104	17	Key Input	65	346124	12888	1
390104	17	Text Input	HADA	363237	30000	0
390104	19	Sound	snd_cafetera	367339	1	1			0		other	0
390104	19	Key Input	67	374225	6886	1
390104	19	Key Input	65	375264	7926	1
390104	19	Key Input	70	376734	9396	1
390104	19	Key Input	69	378224	10886	1
390104	19	Key Input	84	380254	12916	1
390104	19	Key Input	69	381254	13916	1
390104	19	Key Input	82	382054	14716	1
390104	19	Key Input	65	382944	15606	1
390104	19	Text Input	CAFETERA	397338	30000	0
390104	21	Sound	snd_carpeta	401440	0	1			0		other	0
390104	21	Key Input	67	407714	6274	1
390104	21	Key Input	65	409094	7654	1
390104	21	Key Input	82	409804	8364	1
390104	21	Key Input	80	411023	9583	1
390104	21	Key Input	69	412324	10884	1
390104	21	Key Input	84	413804	12364	1
390104	21	Key Input	65	414004	12564	1
390104	21	Text Input	CARPETA	431440	30000	0
390104	23	Sound	snd_abeja	435542	0	1			0		other	0
390104	23	Key Input	65	443664	8123	1
390104	23	Key Input	66	445834	10292	1
390104	23	Key Input	69	447774	12232	1
390104	23	Key Input	74	448964	13422	1
390104	23	Key Input	65	449854	14313	1
390104	23	Text Input	ABEJA	465542	30000	0
390104	25	Sound	snd_paja	469644	0	1			0		other	0
390104	25	Key Input	80	475394	5751	1
390104	25	Key Input	65	476034	6391	1
390104	25	Key Input	74	477643	8000	1
390104	25	Key Input	65	478404	8760	1
390104	25	Text Input	PAJA	499643	30000	0
390104	27	Sound	snd_regadera	503745	0	1			0		other	0
390104	27	Key Input	82	512104	8359	1
390104	27	Key Input	69	513065	9320	1
390104	27	Key Input	71	514463	10718	1
390104	27	Key Input	65	516823	13078	1
390104	27	Key Input	68	518994	15249	1
390104	27	Key Input	69	520764	17019	1
390104	27	Key Input	82	521354	17609	1
390104	27	Key Input	65	522334	18589	1
390104	27	Text Input	REGADERA	533745	30000	0
390104	29	Sound	snd_novia	537847	0	1			0		other	0
390104	29	Key Input	78	546524	8677	1
390104	29	Key Input	79	546924	9077	1
390104	29	Key Input	86	547874	10027	1
390104	29	Key Input	73	549294	11447	1
390104	29	Key Input	65	549943	12097	1
390104	29	Text Input	NOVIA	567847	30000	0
390104	31	Sound	snd_taza	571949	0	1			0		other	0
390104	31	Key Input	84	578024	6076	1
390104	31	Key Input	65	578774	6825	1
390104	31	Key Input	90	580844	8895	1
390104	31	Key Input	65	582713	10765	1
390104	31	Text Input	TAZA	601949	30000	0
390104	33	Sound	snd_sangre	606050	0	1			0		other	0
390104	33	Key Input	83	612894	6844	1
390104	33	Key Input	65	613414	7363	1
390104	33	Key Input	78	615613	9563	1
390104	33	Key Input	71	616864	10813	1
390104	33	Key Input	82	618474	12423	1
390104	33	Key Input	69	619243	13193	1
390104	33	Text Input	SANGRE	636050	30000	0
390104	35	Sound	snd_foca	640152	0	1			0		other	0
390104	35	Key Input	70	648024	7872	1
390104	35	Key Input	79	649204	9052	1
390104	35	Key Input	67	650534	10382	1
390104	35	Key Input	65	651524	11372	1
390104	35	Text Input	FOCA	670152	30000	0
390104	37	Sound	snd_lobo	674254	0	1			0		other	0
390104	37	Key Input	76	680414	6160	1
390104	37	Key Input	79	682104	7851	1
390104	37	Key Input	66	683294	9041	1
390104	37	Key Input	79	683994	9741	1
390104	37	Text Input	LOBO	704254	30000	0
390104	39	Sound	snd_caramelo	708356	0	1			0		other	0
390104	39	Key Input	67	714324	5969	1
390104	39	Key Input	65	715614	7258	1
390104	39	Key Input	82	716714	8358	1
390104	39	Key Input	65	717564	9208	1
390104	39	Key Input	77	719264	10908	1
390104	39	Key Input	69	720304	11949	1
390104	39	Key Input	76	721234	12878	1
390104	39	Key Input	79	722754	14398	1
390104	39	Text Input	CARAMELO	738355	30000	0
390104	41	Sound	snd_gafas	742457	0	1			0		other	0
390104	41	Key Input	71	749684	7227	1
390104	41	Key Input	65	750554	8097	1
390104	41	Key Input	70	752693	10236	1
390104	41	Key Input	65	753554	11097	1
390104	41	Key Input	83	754323	11867	1
390104	41	Text Input	GAFAS	772457	30000	0
390104	43	Sound	snd_labio	776559	0	1			0		other	0
390104	43	Key Input	76	784174	7615	1
390104	43	Key Input	65	784433	7875	1
390104	43	Key Input	66	786974	10415	1
390104	43	Key Input	73	787924	11365	1
390104	43	Key Input	79	788474	11915	1
390104	43	Text Input	LABIO	806559	30000	0
390104	45	Sound	snd_molino	810661	0	1			0		other	0
390104	45	Key Input	77	819064	8404	1
390104	45	Key Input	79	819784	9123	1
390104	45	Key Input	76	821933	11273	1
390104	45	Key Input	73	822623	11963	1
390104	45	Key Input	78	823513	12853	1
390104	45	Key Input	79	824893	14233	1
390104	45	Text Input	MOLINO	840660	30000	0
390104	47	Sound	snd_cepillo	844762	0	1			0		other	0
390104	47	Key Input	67	852333	7571	1
390104	47	Key Input	69	854084	9321	1
390104	47	Key Input	80	854853	10091	1
390104	47	Key Input	73	855763	11001	1
390104	47	Key Input	76	857583	12821	1
390104	47	Key Input	76	859003	14241	1
390104	47	Key Input	79	860173	15411	1
390104	47	Text Input	CEPILLO	874762	30000	0
390104	49	Sound	snd_huella	878864	0	1			0		other	0
390104	49	Key Input	72	890233	11369	1
390104	49	Key Input	85	890864	12000	1
390104	49	Key Input	69	891893	13030	1
390104	49	Key Input	76	893323	14460	1
390104	49	Key Input	76	894213	15350	1
390104	49	Key Input	65	895933	17070	1
390104	49	Text Input	HUELLA	908864	30000	0
390104	51	Sound	snd_fresa	913035	0	1			0		other	0
390104	51	Key Input	70	920294	7259	1
390104	51	Key Input	82	922534	9499	1
390104	51	Key Input	69	923064	10029	1
390104	51	Key Input	83	923924	10889	1
390104	51	Key Input	65	924654	11619	1
390104	51	Text Input	FRESA	943035	30000	0
390104	53	Sound	snd_columpio	947137	0	1			0		other	0
390104	53	Key Input	67	954004	6867	1
390104	53	Key Input	79	955503	8367	1
390104	53	Key Input	76	957213	10077	1
390104	53	Key Input	85	957953	10816	1
390104	53	Key Input	77	959863	12727	1
390104	53	Key Input	80	962923	15786	1
390104	53	Key Input	73	965344	18207	1
390104	53	Key Input	79	966943	19807	1
390104	53	Text Input	COLUMPIO	977137	30000	0
390104	55	Sound	snd_cresta	981308	0	1			0		other	0
390104	55	Key Input	67	994344	13036	1
390104	55	Key Input	82	995793	14486	1
390104	55	Key Input	69	996573	15266	1
390104	55	Key Input	83	997533	16226	1
390104	55	Key Input	84	998523	17216	1
390104	55	Key Input	65	999183	17876	1
390104	55	Text Input	CRESTA	1011308	30000	0
390104	57	Sound	snd_pimiento	1015410	0	1			0		other	0
390104	57	Key Input	80	1026834	11424	1
390104	57	Key Input	73	1027684	12275	1
390104	57	Key Input	77	1029244	13834	1
390104	57	Key Input	73	1030104	14695	1
390104	57	Key Input	69	1031983	16574	1
390104	57	Key Input	78	1032394	16984	1
390104	57	Key Input	84	1033634	18224	1
390104	57	Key Input	79	1034514	19104	1
390104	57	Text Input	PIMIENTO	1045410	30000	0
390104	59	Sound	snd_naranja	1049511	0	1			0		other	0
390104	59	Key Input	78	1055744	6233	1
390104	59	Key Input	65	1056824	7313	1
390104	59	Key Input	82	1057903	8392	1
390104	59	Key Input	65	1058764	9253	1
390104	59	Key Input	78	1059924	10413	1
390104	59	Key Input	74	1061814	12303	1
390104	59	Key Input	65	1062534	13023	1
390104	59	Text Input	NARANJA	1079511	30000	0
390104	61	Sound	snd_cartera	1083613	0	1			0		other	0
390104	61	Key Input	67	1090354	6742	1
390104	61	Key Input	65	1092084	8471	1
390104	61	Key Input	82	1092514	8901	1
390104	61	Key Input	84	1095334	11721	1
390104	61	Key Input	69	1095704	12091	1
390104	61	Key Input	82	1097734	14121	1
390104	61	Key Input	65	1098334	14721	1
390104	61	Text Input	CARTERA	1113613	30000	0


Event Type	Code	Type	Response	RT	RT Uncertainty	Time	Uncertainty	Duration	Uncertainty	ReqTime	ReqDur

Sound	snd_cereza	other				94463	212			0
Sound	snd_pollo	other				128557	1			0
Sound	snd_humo	other				162659	1			0
Sound	snd_persiana	other				196761	1			0
Sound	snd_pistola	other				230862	1			0
Sound	snd_tortuga	other				264964	1			0
Sound	snd_dinero	other				299135	1			0
Sound	snd_hada	other				333237	1			0
Sound	snd_cafetera	other				367339	1			0
Sound	snd_carpeta	other				401440	1			0
Sound	snd_abeja	other				435542	1			0
Sound	snd_paja	other				469644	1			0
Sound	snd_regadera	other				503745	1			0
Sound	snd_novia	other				537847	1			0
Sound	snd_taza	other				571949	1			0
Sound	snd_sangre	other				606050	1			0
Sound	snd_foca	other				640152	1			0
Sound	snd_lobo	other				674254	1			0
Sound	snd_caramelo	other				708356	1			0
Sound	snd_gafas	other				742457	1			0
Sound	snd_labio	other				776559	1			0
Sound	snd_molino	other				810661	1			0
Sound	snd_cepillo	other				844762	1			0
Sound	snd_huella	other				878864	1			0
Sound	snd_fresa	other				913035	1			0
Sound	snd_columpio	other				947137	1			0
Sound	snd_cresta	other				981308	1			0
Sound	snd_pimiento	other				1015410	1			0
Sound	snd_naranja	other				1049511	1			0
Sound	snd_cartera	other				1083613	1			0
