Scenario - caja.sce
Logfile written - 12/13/2023 18:28:55

Subject	Trial	Event Type	Code	Time	TTime	Uncertainty	Duration	Uncertainty	ReqTime	ReqDur	Stim Type	Pair Index

400204	1	Response	98	32478	22409	1
400204	3	Sound	snd_foca	36539	8	207			0		other	0
400204	3	Key Input	70	43748	7217	1
400204	3	Key Input	79	44598	8067	1
400204	3	Key Input	67	45878	9347	1
400204	3	Key Input	65	48728	12197	1
400204	3	Text Input	FOCA	66531	30000	0
400204	5	Sound	snd_molino	70633	0	1			0		other	0
400204	5	Key Input	77	78058	7425	1
400204	5	Key Input	79	79678	9045	1
400204	5	Key Input	76	81698	11065	1
400204	5	Key Input	73	83048	12415	1
400204	5	Key Input	78	84608	13975	1
400204	5	Key Input	79	85718	15085	1
400204	5	Text Input	MOLINO	100633	30000	0
400204	7	Sound	snd_carpeta	104735	0	1			0		other	0
400204	7	Key Input	67	110718	5984	1
400204	7	Key Input	65	112318	7584	1
400204	7	Key Input	82	114508	9774	1
400204	7	Key Input	80	116458	11724	1
400204	7	Key Input	69	117888	13154	1
400204	7	Key Input	84	119668	14934	1
400204	7	Key Input	65	120958	16224	1
400204	7	Text Input	CARPETA	134735	30000	0
400204	9	Sound	snd_fresa	138836	0	1			0		other	0
400204	9	Key Input	70	145539	6702	1
400204	9	Key Input	82	147528	8692	1
400204	9	Key Input	69	148328	9492	1
400204	9	Key Input	83	151588	12752	1
400204	9	Key Input	65	153198	14362	1
400204	9	Key Input	65	153338	14502	1
400204	9	Key Input	8	160028	21191	1
400204	9	Text Input	FRESA	168836	30000	0
400204	11	Sound	snd_cafetera	173008	0	1			0		other	0
400204	11	Key Input	67	179098	6091	1
400204	11	Key Input	65	181098	8091	1
400204	11	Key Input	70	182628	9621	1
400204	11	Key Input	69	183828	10821	1
400204	11	Key Input	84	185638	12631	1
400204	11	Key Input	69	186658	13651	1
400204	11	Key Input	82	187498	14491	1
400204	11	Key Input	65	189528	16520	1
400204	11	Text Input	CAFETERA	203007	30000	0
400204	13	Sound	snd_persiana	207109	0	1			0		other	0
400204	13	Key Input	80	215118	8009	1
400204	13	Key Input	69	216158	9049	1
400204	13	Key Input	82	216777	9668	1
400204	13	Key Input	83	218667	11558	1
400204	13	Key Input	73	219798	12689	1
400204	13	Key Input	65	221547	14438	1
400204	13	Key Input	78	223007	15898	1
400204	13	Key Input	65	226797	19688	1
400204	13	Text Input	PERSIANA	237109	30000	0
400204	15	Sound	snd_regadera	241280	0	1			0		other	0
400204	15	Key Input	82	249308	8028	1
400204	15	Key Input	69	249978	8698	1
400204	15	Key Input	71	251848	10568	1
400204	15	Key Input	65	252838	11558	1
400204	15	Key Input	68	254508	13228	1
400204	15	Key Input	69	256158	14878	1
400204	15	Key Input	82	256948	15668	1
400204	15	Key Input	65	258018	16738	1
400204	15	Text Input	REGADERA	271280	30000	0
400204	17	Sound	snd_gafas	275521	0	1			0		other	0
400204	17	Key Input	71	282728	7208	1
400204	17	Key Input	65	283878	8357	1
400204	17	Key Input	70	285307	9787	1
400204	17	Key Input	65	286348	10827	1
400204	17	Key Input	83	287387	11867	1
400204	17	Text Input	GAFAS	305521	30000	0
400204	19	Sound	snd_labio	309692	0	1			0		other	0
400204	19	Key Input	76	316588	6896	1
400204	19	Key Input	65	317458	7766	1
400204	19	Key Input	66	319138	9446	1
400204	19	Key Input	73	319988	10296	1
400204	19	Key Input	79	320788	11096	1
400204	19	Text Input	LABIO	339692	30000	0
400204	21	Sound	snd_pimiento	343794	0	1			0		other	0
400204	21	Key Input	80	352398	8605	1
400204	21	Key Input	73	353998	10205	1
400204	21	Key Input	77	356088	12294	1
400204	21	Key Input	73	357038	13244	1
400204	21	Key Input	69	358418	14624	1
400204	21	Key Input	78	359238	15444	1
400204	21	Key Input	84	360658	16864	1
400204	21	Key Input	79	361598	17804	1
400204	21	Text Input	PIMIENTO	373794	30000	0
400204	23	Sound	snd_novia	377896	0	1			0		other	0
400204	23	Key Input	78	384738	6843	1
400204	23	Key Input	79	385768	7873	1
400204	23	Key Input	86	387418	9523	1
400204	23	Key Input	73	388547	10652	1
400204	23	Key Input	65	389517	11622	1
400204	23	Text Input	NOVIA	407895	30000	0
400204	25	Sound	snd_caramelo	411997	0	1			0		other	0
400204	25	Key Input	67	417218	5221	1
400204	25	Key Input	65	418137	6140	1
400204	25	Key Input	82	419678	7681	1
400204	25	Key Input	65	420508	8511	1
400204	25	Key Input	77	422408	10411	1
400204	25	Key Input	69	423177	11180	1
400204	25	Key Input	76	425178	13181	1
400204	25	Key Input	79	426998	15001	1
400204	25	Text Input	CARAMELO	441997	30000	0
400204	27	Sound	snd_columpio	446099	0	1			0		other	0
400204	27	Key Input	67	451528	5429	1
400204	27	Key Input	79	452677	6579	1
400204	27	Key Input	76	455088	8989	1
400204	27	Key Input	85	456728	10629	1
400204	27	Key Input	77	458658	12559	1
400204	27	Key Input	80	459868	13769	1
400204	27	Key Input	73	463378	17279	1
400204	27	Key Input	79	464377	18278	1
400204	27	Text Input	COLUMPIO	476099	30000	0
400204	29	Sound	snd_huella	480201	0	1			0		other	0
400204	29	Key Input	72	491567	11367	1
400204	29	Key Input	85	493268	13067	1
400204	29	Key Input	69	493988	13787	1
400204	29	Key Input	76	495298	15097	1
400204	29	Key Input	76	496817	16617	1
400204	29	Key Input	65	497588	17388	1
400204	29	Text Input	HUELLA	510200	30000	0
400204	31	Sound	snd_pistola	514302	0	1			0		other	0
400204	31	Key Input	72	522018	7716	1
400204	31	Key Input	8	525808	11506	1
400204	31	Key Input	80	528508	14206	1
400204	31	Key Input	73	529978	15676	1
400204	31	Key Input	83	530968	16666	1
400204	31	Key Input	84	532828	18526	1
400204	31	Key Input	79	533988	19686	1
400204	31	Key Input	76	535707	21405	1
400204	31	Key Input	65	538818	24516	1
400204	31	Text Input	PISTOLA	544302	30000	0
400204	33	Sound	snd_cereza	548404	0	1			0		other	0
400204	33	Key Input	67	556198	7794	1
400204	33	Key Input	69	557667	9264	1
400204	33	Key Input	82	558377	9973	1
400204	33	Key Input	69	559358	10954	1
400204	33	Key Input	90	561948	13544	1
400204	33	Key Input	65	563557	15153	1
400204	33	Text Input	CEREZA	578404	30000	0
400204	35	Sound	snd_cresta	582645	0	1			0		other	0
400204	35	Key Input	67	588168	5523	1
400204	35	Key Input	82	590317	7673	1
400204	35	Key Input	69	591157	8513	1
400204	35	Key Input	83	591868	9223	1
400204	35	Key Input	84	593467	10823	1
400204	35	Key Input	65	594457	11813	1
400204	35	Text Input	CRESTA	612644	30000	0
400204	37	Sound	snd_taza	616746	0	1			0		other	0
400204	37	Key Input	84	622378	5632	1
400204	37	Key Input	65	623107	6361	1
400204	37	Key Input	90	625167	8421	1
400204	37	Key Input	65	626647	9901	1
400204	37	Text Input	TAZA	646746	30000	0
400204	39	Sound	snd_lobo	650848	0	1			0		other	0
400204	39	Key Input	76	657517	6670	1
400204	39	Key Input	79	659197	8349	1
400204	39	Key Input	66	659527	8679	1
400204	39	Key Input	79	661217	10369	1
400204	39	Text Input	LOBO	680848	30000	0
400204	41	Sound	snd_hada	684950	0	1			0		other	0
400204	41	Key Input	72	691648	6699	1
400204	41	Key Input	65	692468	7518	1
400204	41	Key Input	68	694018	9068	1
400204	41	Key Input	65	695028	10078	1
400204	41	Text Input	HADA	714950	30000	0
400204	43	Sound	snd_naranja	719052	0	1			0		other	0
400204	43	Key Input	78	725088	6037	1
400204	43	Key Input	65	725778	6727	1
400204	43	Key Input	82	726668	7617	1
400204	43	Key Input	82	727508	8457	1
400204	43	Key Input	82	727538	8487	1
400204	43	Key Input	65	727778	8727	1
400204	43	Key Input	78	729118	10066	1
400204	43	Key Input	8	733498	14447	1
400204	43	Key Input	8	735098	16047	1
400204	43	Key Input	8	736978	17927	1
400204	43	Key Input	8	740588	21537	1
400204	43	Key Input	65	742388	23337	1
400204	43	Key Input	78	743267	24216	1
400204	43	Key Input	74	747558	28507	1
400204	43	Key Input	65	748738	29687	1
400204	43	Text Input	NARANJA	749051	30000	0
400204	45	Sound	snd_cartera	753153	0	1			0		other	0
400204	45	Key Input	67	759097	5945	1
400204	45	Key Input	65	760777	7624	1
400204	45	Key Input	82	761498	8345	1
400204	45	Key Input	84	763318	10165	1
400204	45	Key Input	69	764188	11035	1
400204	45	Key Input	82	765197	12045	1
400204	45	Key Input	65	766688	13535	1
400204	45	Text Input	CARTERA	783153	30000	0
400204	47	Sound	snd_tortuga	787324	0	1			0		other	0
400204	47	Key Input	84	793268	5944	1
400204	47	Key Input	82	795158	7834	1
400204	47	Key Input	8	798757	11433	1
400204	47	Key Input	79	800628	13304	1
400204	47	Key Input	82	801228	13904	1
400204	47	Key Input	84	803978	16654	1
400204	47	Key Input	85	805598	18274	1
400204	47	Key Input	82	806788	19464	1
400204	47	Key Input	8	810128	22804	1
400204	47	Key Input	71	810678	23354	1
400204	47	Key Input	65	811478	24154	1
400204	47	Text Input	TORTUGA	817324	30000	0
400204	49	Sound	snd_paja	821704	0	1			0		other	0
400204	49	Key Input	80	828028	6325	1
400204	49	Key Input	65	828998	7294	1
400204	49	Key Input	74	829868	8164	1
400204	49	Key Input	65	830848	9144	1
400204	49	Text Input	PAJA	851704	30000	0
400204	51	Sound	snd_humo	855944	0	1			0		other	0
400204	51	Key Input	72	862088	6144	1
400204	51	Key Input	85	863808	7864	1
400204	51	Key Input	77	865827	9883	1
400204	51	Key Input	79	866858	10914	1
400204	51	Text Input	HUMO	885944	30000	0
400204	53	Sound	snd_pollo	890046	0	1			0		other	0
400204	53	Key Input	80	895378	5332	1
400204	53	Key Input	79	897087	7041	1
400204	53	Key Input	76	899347	9301	1
400204	53	Key Input	76	900897	10851	1
400204	53	Key Input	79	902837	12791	1
400204	53	Text Input	POLLO	920046	30000	0
400204	55	Sound	snd_cepillo	924148	0	1			0		other	0
400204	55	Key Input	67	930578	6430	1
400204	55	Key Input	69	931807	7660	1
400204	55	Key Input	80	933638	9490	1
400204	55	Key Input	73	935108	10960	1
400204	55	Key Input	76	936937	12789	1
400204	55	Key Input	76	938498	14350	1
400204	55	Key Input	79	940168	16020	1
400204	55	Text Input	CEPILLO	954148	30000	0
400204	57	Sound	snd_abeja	958527	0	1			0		other	0
400204	57	Key Input	65	966958	8431	1
400204	57	Key Input	66	968438	9911	1
400204	57	Key Input	69	970038	11511	1
400204	57	Key Input	74	971088	12561	1
400204	57	Key Input	65	972107	13580	1
400204	57	Text Input	ABEJA	988527	30000	0
400204	59	Sound	snd_dinero	992629	0	1			0		other	0
400204	59	Key Input	68	1000108	7479	1
400204	59	Key Input	73	1001068	8439	1
400204	59	Key Input	78	1002498	9869	1
400204	59	Key Input	69	1003218	10589	1
400204	59	Key Input	82	1004057	11429	1
400204	59	Key Input	79	1004867	12239	1
400204	59	Text Input	DINERO	1022629	30000	0
400204	61	Sound	snd_sangre	1027009	0	1			0		other	0
400204	61	Key Input	83	1033338	6330	1
400204	61	Key Input	65	1034228	7219	1
400204	61	Key Input	78	1035667	8659	1
400204	61	Key Input	71	1036708	9699	1
400204	61	Key Input	82	1038268	11259	1
400204	61	Key Input	69	1038977	11969	1
400204	61	Text Input	SANGRE	1057008	30000	0

Visual picture detection failed over to using scan line information only at the following times:
type	time	timeout	presentation
fail	105701	34.725	288
restore	106101	0	289


Event Type	Code	Type	Response	RT	RT Uncertainty	Time	Uncertainty	Duration	Uncertainty	ReqTime	ReqDur

Sound	snd_foca	other				36539	207			0
Sound	snd_molino	other				70633	1			0
Sound	snd_carpeta	other				104735	1			0
Sound	snd_fresa	other				138836	1			0
Sound	snd_cafetera	other				173008	1			0
Sound	snd_persiana	other				207109	1			0
Sound	snd_regadera	other				241280	1			0
Sound	snd_gafas	other				275521	1			0
Sound	snd_labio	other				309692	1			0
Sound	snd_pimiento	other				343794	1			0
Sound	snd_novia	other				377896	1			0
Sound	snd_caramelo	other				411997	1			0
Sound	snd_columpio	other				446099	1			0
Sound	snd_huella	other				480201	1			0
Sound	snd_pistola	other				514302	1			0
Sound	snd_cereza	other				548404	1			0
Sound	snd_cresta	other				582645	1			0
Sound	snd_taza	other				616746	1			0
Sound	snd_lobo	other				650848	1			0
Sound	snd_hada	other				684950	1			0
Sound	snd_naranja	other				719052	1			0
Sound	snd_cartera	other				753153	1			0
Sound	snd_tortuga	other				787324	1			0
Sound	snd_paja	other				821704	1			0
Sound	snd_humo	other				855944	1			0
Sound	snd_pollo	other				890046	1			0
Sound	snd_cepillo	other				924148	1			0
Sound	snd_abeja	other				958527	1			0
Sound	snd_dinero	other				992629	1			0
Sound	snd_sangre	other				1027009	1			0
