Scenario - caja.sce
Logfile written - 01/16/2024 16:24:13

Subject	Trial	Event Type	Code	Time	TTime	Uncertainty	Duration	Uncertainty	ReqTime	ReqDur	Stim Type	Pair Index

420201	1	Response	98	58038	47969	1
420201	3	Sound	snd_novia	62167	8	210			0		other	0
420201	3	Key Input	78	75178	13019	1
420201	3	Key Input	85	80398	18239	1
420201	3	Key Input	86	86258	24098	1
420201	3	Key Input	85	89578	27418	1
420201	3	Text Input	NUVU	92160	30000	0
420201	5	Sound	snd_dinero	96331	0	1			0		other	0
420201	5	Key Input	70	111418	15087	1
420201	5	Key Input	85	114808	18477	1
420201	5	Key Input	66	117567	21237	1
420201	5	Key Input	82	119798	23467	1
420201	5	Key Input	73	124598	28268	1
420201	5	Text Input	FUBRI	126331	30000	0
420201	7	Sound	snd_fresa	130502	0	1			0		other	0
420201	7	Key Input	70	142258	11756	1
420201	7	Key Input	82	147217	16716	1
420201	7	Key Input	69	150398	19896	1
420201	7	Key Input	65	156168	25666	1
420201	7	Text Input	FREA	160502	30000	0
420201	9	Sound	snd_humo	164673	0	1			0		other	0
420201	9	Key Input	71	174978	10305	1
420201	9	Key Input	89	178628	13955	1
420201	9	Key Input	78	182588	17915	1
420201	9	Key Input	73	185028	20355	1
420201	9	Text Input	GYNI	194673	30000	0
420201	11	Sound	snd_cartera	198844	0	1			0		other	0
420201	11	Key Input	67	210499	11655	1
420201	11	Key Input	65	213328	14484	1
420201	11	Key Input	69	217948	19104	1
420201	11	Key Input	82	221268	22424	1
420201	11	Key Input	69	223638	24794	1
420201	11	Text Input	CAERE	228844	30000	0
420201	13	Sound	snd_hada	233154	0	1			0		other	0
420201	13	Key Input	71	244449	11294	1
420201	13	Key Input	65	246457	13303	1
420201	13	Key Input	68	251228	18074	1
420201	13	Key Input	65	253878	20724	1
420201	13	Text Input	GADA	263154	30000	0
420201	15	Sound	snd_paja	267325	0	1			0		other	0
420201	15	Key Input	80	279028	11703	1
420201	15	Key Input	65	282078	14753	1
420201	15	Key Input	70	289508	22183	1
420201	15	Key Input	65	292828	25503	1
420201	15	Text Input	PAFA	297325	30000	0
420201	17	Sound	snd_sangre	301497	0	1			0		other	0
420201	17	Key Input	83	316008	14512	1
420201	17	Key Input	65	318468	16972	1
420201	17	Key Input	78	323308	21812	1
420201	17	Key Input	32	323328	21832	1
420201	17	Response	98	323328	21832	1
420201	17	Key Input	71	328128	26632	1
420201	17	Key Input	82	329988	28492	1
420201	17	Text Input	SAN GR	331496	30000	0
420201	19	Sound	snd_caramelo	335668	0	1			0		other	0
420201	19	Key Input	67	349048	13381	1
420201	19	Key Input	65	350618	14950	1
420201	19	Key Input	82	353868	18200	1
420201	19	Key Input	65	355798	20130	1
420201	19	Key Input	77	359638	23970	1
420201	19	Key Input	69	361778	26111	1
420201	19	Key Input	76	364608	28940	1
420201	19	Text Input	CARAMEL	365668	30000	0
420201	21	Sound	snd_pimiento	369839	0	1			0		other	0
420201	21	Key Input	80	383888	14050	1
420201	21	Key Input	73	387658	17819	1
420201	21	Key Input	77	390968	21129	1
420201	21	Key Input	73	392887	23049	1
420201	21	Key Input	69	398268	28429	1
420201	21	Text Input	PIMIE	399839	30000	0
420201	23	Sound	snd_lobo	404010	0	1			0		other	0
420201	23	Key Input	79	405808	1798	1
420201	23	Key Input	209	415698	11688	1
420201	23	Key Input	79	420988	16978	1
420201	23	Key Input	77	423578	19568	1
420201	23	Key Input	79	425428	21418	1
420201	23	Text Input	OÑOMO	434010	30000	0
420201	25	Sound	snd_huella	438181	0	1			0		other	0
420201	25	Key Input	72	447268	9087	1
420201	25	Key Input	85	449798	11617	1
420201	25	Key Input	82	451508	13327	1
420201	25	Key Input	76	456178	17997	1
420201	25	Key Input	76	457498	19317	1
420201	25	Key Input	65	458738	20557	1
420201	25	Text Input	HURLLA	468181	30000	0
420201	27	Sound	snd_labio	472352	0	1			0		other	0
420201	27	Key Input	76	483078	10726	1
420201	27	Key Input	65	484928	12576	1
420201	27	Key Input	78	489448	17096	1
420201	27	Key Input	73	493548	21196	1
420201	27	Key Input	79	499418	27066	1
420201	27	Text Input	LANIO	502352	30000	0
420201	29	Sound	snd_carpeta	506523	0	1			0		other	0
420201	29	Key Input	67	521818	15295	1
420201	29	Key Input	65	525168	18645	1
420201	29	Key Input	82	529998	23475	1
420201	29	Text Input	CAR	536523	30000	0
420201	31	Sound	snd_persiana	540695	0	1			0		other	0
420201	31	Key Input	80	557918	17224	1
420201	31	Key Input	69	560697	20003	1
420201	31	Key Input	65	563118	22424	1
420201	31	Key Input	82	563418	22723	1
420201	31	Key Input	68	569408	28714	1
420201	31	Text Input	PEARD	570694	30000	0
420201	33	Sound	snd_cereza	574866	0	1			0		other	0
420201	33	Key Input	67	589978	15112	1
420201	33	Key Input	82	593728	18862	1
420201	33	Key Input	84	596458	21592	1
420201	33	Key Input	82	598648	23782	1
420201	33	Text Input	CRTR	604866	30000	0
420201	35	Sound	snd_gafas	609037	0	1			0		other	0
420201	35	Key Input	71	623247	14211	1
420201	35	Key Input	83	624747	15711	1
420201	35	Key Input	70	628507	19471	1
420201	35	Key Input	83	630496	21460	1
420201	35	Key Input	68	633857	24821	1
420201	35	Text Input	GSFSD	639037	30000	0
420201	37	Sound	snd_abeja	643208	0	1			0		other	0
420201	37	Key Input	65	654727	11520	1
420201	37	Key Input	86	660347	17139	1
420201	37	Key Input	82	663187	19980	1
420201	37	Key Input	74	668846	25639	1
420201	37	Key Input	83	671097	27890	1
420201	37	Text Input	AVRJS	673208	30000	0
420201	39	Sound	snd_molino	677379	0	1			0		other	0
420201	39	Key Input	44	688897	11518	1
420201	39	Key Input	79	692737	15358	1
420201	39	Key Input	209	698057	20679	1
420201	39	Key Input	79	700957	23578	1
420201	39	Key Input	78	704317	26938	1
420201	39	Key Input	79	706807	29428	1
420201	39	Text Input	,OÑONO	707379	30000	0
420201	41	Sound	snd_cafetera	711550	0	1			0		other	0
420201	41	Key Input	88	724937	13387	1
420201	41	Key Input	65	727287	15737	1
420201	41	Key Input	68	733498	21948	1
420201	41	Key Input	69	735857	24307	1
420201	41	Key Input	82	741057	29507	1
420201	41	Text Input	XADER	741550	30000	0
420201	43	Sound	snd_cepillo	745721	0	1			0		other	0
420201	43	Key Input	86	757228	11506	1
420201	43	Key Input	68	761187	15466	1
420201	43	Key Input	210	770247	24526	1
420201	43	Key Input	76	773457	27736	1
420201	43	Key Input	76	774988	29267	1
420201	43	Text Input	VDÒLL	775721	30000	0
420201	45	Sound	snd_regadera	779893	0	1			0		other	0
420201	45	Key Input	72	799658	19766	1
420201	45	Key Input	70	802048	22155	1
420201	45	Key Input	68	807028	27135	1
420201	45	Text Input	HFD	809892	30000	0
420201	47	Sound	snd_naranja	814064	0	1			0		other	0
420201	47	Key Input	67	827097	13034	1
420201	47	Key Input	90	828978	14914	1
420201	47	Key Input	82	837528	23464	1
420201	47	Key Input	90	839558	25494	1
420201	47	Key Input	66	841888	27824	1
420201	47	Key Input	32	841928	27864	1
420201	47	Response	98	841928	27864	1
420201	47	Text Input	CZRZB 	844063	30000	0
420201	49	Sound	snd_pollo	848235	0	1			0		other	0
420201	49	Key Input	80	862098	13863	1
420201	49	Key Input	79	864918	16683	1
420201	49	Key Input	76	868418	20183	1
420201	49	Key Input	76	870008	21773	1
420201	49	Key Input	79	871587	23352	1
420201	49	Text Input	POLLO	878235	30000	0
420201	51	Sound	snd_foca	882475	0	1			0		other	0
420201	51	Key Input	86	895188	12713	1
420201	51	Key Input	79	898888	16413	1
420201	51	Key Input	32	907057	24582	1
420201	51	Response	98	907057	24582	1
420201	51	Key Input	90	910517	28042	1
420201	51	Text Input	VO Z	912475	30000	0
420201	53	Sound	snd_columpio	916646	0	1			0		other	0
420201	53	Key Input	67	925537	8891	1
420201	53	Key Input	79	927897	11251	1
420201	53	Key Input	76	930857	14211	1
420201	53	Key Input	73	933597	16951	1
420201	53	Key Input	77	936557	19911	1
420201	53	Key Input	80	941737	25091	1
420201	53	Text Input	COLIMP	946646	30000	0
420201	55	Sound	snd_taza	950818	0	1			0		other	0
420201	55	Key Input	82	963177	12360	1
420201	55	Key Input	90	964847	14030	1
420201	55	Key Input	90	971547	20730	1
420201	55	Text Input	RZZ	980817	30000	0
420201	57	Sound	snd_pistola	984989	0	1			0		other	0
420201	57	Key Input	79	1001908	16919	1
420201	57	Key Input	73	1005358	20369	1
420201	57	Key Input	68	1008468	23479	1
420201	57	Key Input	84	1011327	26339	1
420201	57	Key Input	85	1013868	28879	1
420201	57	Text Input	OIDTU	1014989	30000	0
420201	59	Sound	snd_cresta	1019160	0	1			0		other	0
420201	59	Key Input	67	1032007	12847	1
420201	59	Key Input	82	1035077	15918	1
420201	59	Key Input	69	1038428	19268	1
420201	59	Key Input	88	1042438	23278	1
420201	59	Key Input	82	1046717	27558	1
420201	59	Key Input	90	1048528	29368	1
420201	59	Text Input	CREXRZ	1049160	30000	0
420201	61	Sound	snd_tortuga	1053331	0	1			0		other	0
420201	61	Key Input	84	1069128	15797	1
420201	61	Key Input	73	1073007	19676	1
420201	61	Key Input	82	1077907	24576	1
420201	61	Text Input	TIR	1083331	30000	0

Visual picture detection failed over to using scan line information only at the following times:
type	time	timeout	presentation
fail	28955	34.725	51
restore	29283	0	52


Event Type	Code	Type	Response	RT	RT Uncertainty	Time	Uncertainty	Duration	Uncertainty	ReqTime	ReqDur

Sound	snd_novia	other				62167	210			0
Sound	snd_dinero	other				96331	1			0
Sound	snd_fresa	other				130502	1			0
Sound	snd_humo	other				164673	1			0
Sound	snd_cartera	other				198844	1			0
Sound	snd_hada	other				233154	1			0
Sound	snd_paja	other				267325	1			0
Sound	snd_sangre	other				301497	1			0
Sound	snd_caramelo	other				335668	1			0
Sound	snd_pimiento	other				369839	1			0
Sound	snd_lobo	other				404010	1			0
Sound	snd_huella	other				438181	1			0
Sound	snd_labio	other				472352	1			0
Sound	snd_carpeta	other				506523	1			0
Sound	snd_persiana	other				540695	1			0
Sound	snd_cereza	other				574866	1			0
Sound	snd_gafas	other				609037	1			0
Sound	snd_abeja	other				643208	1			0
Sound	snd_molino	other				677379	1			0
Sound	snd_cafetera	other				711550	1			0
Sound	snd_cepillo	other				745721	1			0
Sound	snd_regadera	other				779893	1			0
Sound	snd_naranja	other				814064	1			0
Sound	snd_pollo	other				848235	1			0
Sound	snd_foca	other				882475	1			0
Sound	snd_columpio	other				916646	1			0
Sound	snd_taza	other				950818	1			0
Sound	snd_pistola	other				984989	1			0
Sound	snd_cresta	other				1019160	1			0
Sound	snd_tortuga	other				1053331	1			0
