Scenario - caja.sce
Logfile written - 01/19/2024 15:45:48

Subject	Trial	Event Type	Code	Time	TTime	Uncertainty	Duration	Uncertainty	ReqTime	ReqDur	Stim Type	Pair Index

440202	1	Response	98	34267	24198	1
440202	3	Sound	snd_fresa	38414	8	211			0		other	0
440202	3	Key Input	70	48147	9741	1
440202	3	Key Input	82	52337	13931	1
440202	3	Key Input	69	55177	16771	1
440202	3	Key Input	68	58087	19681	1
440202	3	Key Input	83	60766	22360	1
440202	3	Text Input	FREDS	68406	30000	0
440202	5	Sound	snd_cereza	72578	0	1			0		other	0
440202	5	Key Input	67	86317	13740	1
440202	5	Key Input	69	89717	17139	1
440202	5	Key Input	82	92827	20250	1
440202	5	Key Input	69	95727	23150	1
440202	5	Text Input	CERE	102577	30000	0
440202	7	Sound	snd_labio	106749	0	1			0		other	0
440202	7	Key Input	76	115477	8728	1
440202	7	Key Input	83	117467	10719	1
440202	7	Key Input	74	120137	13389	1
440202	7	Key Input	79	122577	15829	1
440202	7	Key Input	80	124827	18079	1
440202	7	Text Input	LSJOP	136748	30000	0
440202	9	Sound	snd_pimiento	140920	0	1			0		other	0
440202	9	Key Input	80	152357	11438	1
440202	9	Key Input	73	155927	15007	1
440202	9	Key Input	82	158307	17387	1
440202	9	Key Input	84	158317	17397	1
440202	9	Key Input	77	159147	18227	1
440202	9	Key Input	85	164577	23657	1
440202	9	Key Input	82	165527	24607	1
440202	9	Key Input	79	169677	28757	1
440202	9	Text Input	PIRTMURO	170920	30000	0
440202	11	Sound	snd_cepillo	175091	0	1			0		other	0
440202	11	Key Input	86	184957	9866	1
440202	11	Key Input	82	187887	12796	1
440202	11	Key Input	210	201097	26007	1
440202	11	Key Input	73	204727	29636	1
440202	11	Text Input	VRÒI	205091	30000	0
440202	13	Sound	snd_regadera	209262	0	1			0		other	0
440202	13	Key Input	84	221227	11965	1
440202	13	Key Input	82	223327	14065	1
440202	13	Key Input	71	228827	19565	1
440202	13	Key Input	83	233247	23985	1
440202	13	Key Input	70	237387	28125	1
440202	13	Text Input	TRGSF	239262	30000	0
440202	15	Sound	snd_huella	243433	0	1			0		other	0
440202	15	Key Input	74	254987	11554	1
440202	15	Key Input	79	261367	17934	1
440202	15	Key Input	82	270467	27034	1
440202	15	Text Input	JOR	273433	30000	0
440202	17	Sound	snd_lobo	277604	0	1			0		other	0
440202	17	Key Input	209	288917	11313	1
440202	17	Key Input	80	296417	18813	1
440202	17	Key Input	74	300957	23353	1
440202	17	Key Input	79	303857	26253	1
440202	17	Text Input	ÑPJO	307604	30000	0
440202	19	Sound	snd_novia	311775	0	1			0		other	0
440202	19	Key Input	77	323737	11962	1
440202	19	Key Input	79	327537	15762	1
440202	19	Key Input	78	333567	21792	1
440202	19	Key Input	79	340017	28242	1
440202	19	Key Input	65	341547	29772	1
440202	19	Text Input	MONOA	341775	30000	0
440202	21	Sound	snd_taza	345946	0	1			0		other	0
440202	21	Key Input	54	363026	17081	1
440202	21	Key Input	65	365087	19141	1
440202	21	Key Input	90	369547	23601	1
440202	21	Key Input	65	372207	26261	1
440202	21	Text Input	6AZA	375946	30000	0
440202	23	Sound	snd_foca	380117	0	1			0		other	0
440202	23	Key Input	84	395927	15810	1
440202	23	Key Input	48	403277	23160	1
440202	23	Key Input	71	406277	26160	1
440202	23	Text Input	T0G	410117	30000	0
440202	25	Sound	snd_tortuga	414288	0	1			0		other	0
440202	25	Key Input	54	428277	13989	1
440202	25	Key Input	48	434076	19788	1
440202	25	Key Input	53	435996	21708	1
440202	25	Key Input	55	438916	24628	1
440202	25	Key Input	72	442946	28658	1
440202	25	Key Input	74	442946	28658	1
440202	25	Text Input	6057HJ	444288	30000	0
440202	27	Sound	snd_naranja	448459	0	1			0		other	0
440202	27	Key Input	77	459817	11358	1
440202	27	Key Input	87	463387	14928	1
440202	27	Key Input	89	469286	20827	1
440202	27	Key Input	87	470816	22357	1
440202	27	Key Input	78	476707	28248	1
440202	27	Text Input	MWYWN	478459	30000	0
440202	29	Sound	snd_columpio	482630	0	1			0		other	0
440202	29	Key Input	70	496447	13817	1
440202	29	Key Input	80	504487	21857	1
440202	29	Key Input	80	507967	25337	1
440202	29	Text Input	FPP	512630	30000	0
440202	31	Sound	snd_caramelo	516801	0	1			0		other	0
440202	31	Key Input	70	530107	13306	1
440202	31	Key Input	68	535967	19166	1
440202	31	Key Input	83	541667	24866	1
440202	31	Text Input	FDS	546801	30000	0
440202	33	Sound	snd_paja	550972	0	1			0		other	0
440202	33	Key Input	80	574577	23605	1
440202	33	Text Input	P	580972	30000	0
440202	35	Sound	snd_cresta	585144	0	1			0		other	0
440202	35	Key Input	86	602717	17574	1
440202	35	Key Input	84	607807	22664	1
440202	35	Key Input	82	609837	24694	1
440202	35	Key Input	68	612246	27103	1
440202	35	Key Input	89	613727	28583	1
440202	35	Key Input	83	615027	29883	1
440202	35	Text Input	VTRDYS	615143	30000	0
440202	37	Sound	snd_carpeta	619315	0	1			0		other	0
440202	37	Key Input	67	630127	10813	1
440202	37	Key Input	83	632697	13382	1
440202	37	Key Input	84	636447	17132	1
440202	37	Key Input	80	642987	23672	1
440202	37	Key Input	82	644187	24872	1
440202	37	Key Input	89	647527	28212	1
440202	37	Key Input	83	648237	28923	1
440202	37	Text Input	CSTPRYS	649314	30000	0
440202	39	Sound	snd_hada	653555	0	1			0		other	0
440202	39	Key Input	85	664617	11062	1
440202	39	Key Input	83	667016	13461	1
440202	39	Key Input	84	669906	16351	1
440202	39	Key Input	83	671387	17832	1
440202	39	Text Input	USTS	683555	30000	0
440202	41	Sound	snd_gafas	687726	0	1			0		other	0
440202	41	Key Input	72	699176	11450	1
440202	41	Key Input	83	703986	16260	1
440202	41	Key Input	70	707036	19310	1
440202	41	Key Input	83	708736	21010	1
440202	41	Key Input	68	711576	23850	1
440202	41	Text Input	HSFSD	717726	30000	0
440202	43	Sound	snd_cafetera	721897	0	1			0		other	0
440202	43	Key Input	67	732877	10980	1
440202	43	Key Input	83	737016	15119	1
440202	43	Key Input	84	743906	22009	1
440202	43	Key Input	82	746045	24148	1
440202	43	Key Input	53	749056	27159	1
440202	43	Key Input	82	750836	28939	1
440202	43	Text Input	CSTR5R	751897	30000	0
440202	45	Sound	snd_abeja	756068	0	1			0		other	0
440202	45	Key Input	65	770726	14658	1
440202	45	Key Input	66	773516	17448	1
440202	45	Key Input	69	782886	26818	1
440202	45	Key Input	85	785686	29618	1
440202	45	Text Input	ABEU	786068	30000	0
440202	47	Sound	snd_sangre	790239	0	1			0		other	0
440202	47	Key Input	83	801276	11037	1
440202	47	Key Input	65	804836	14597	1
440202	47	Key Input	78	809126	18887	1
440202	47	Key Input	77	809295	19056	1
440202	47	Key Input	84	814616	24377	1
440202	47	Key Input	69	816816	26577	1
440202	47	Text Input	SANMTE	820239	30000	0
440202	49	Sound	snd_pollo	824549	0	1			0		other	0
440202	49	Key Input	80	834006	9457	1
440202	49	Key Input	79	838476	13927	1
440202	49	Key Input	76	842516	17967	1
440202	49	Key Input	76	844276	19727	1
440202	49	Key Input	79	846135	21586	1
440202	49	Text Input	POLLO	854549	30000	0
440202	51	Sound	snd_pistola	858720	0	1			0		other	0
440202	51	Key Input	80	873017	14297	1
440202	51	Key Input	73	881197	22477	1
440202	51	Key Input	68	883437	24717	1
440202	51	Key Input	84	888116	29396	1
440202	51	Key Input	89	888116	29396	1
440202	51	Text Input	PIDTY	888720	30000	0
440202	53	Sound	snd_humo	892961	0	1			0		other	0
440202	53	Key Input	71	908457	15496	1
440202	53	Key Input	73	915036	22076	1
440202	53	Text Input	GI	922961	30000	0
440202	55	Sound	snd_cartera	927132	0	1			0		other	0
440202	55	Key Input	67	941056	13924	1
440202	55	Key Input	65	944905	17774	1
440202	55	Key Input	82	949356	22225	1
440202	55	Key Input	84	952346	25215	1
440202	55	Key Input	69	953856	26725	1
440202	55	Key Input	82	956006	28874	1
440202	55	Key Input	65	956917	29785	1
440202	55	Text Input	CARTERA	957132	30000	0
440202	57	Sound	snd_persiana	961303	0	1			0		other	0
440202	57	Key Input	79	975417	14114	1
440202	57	Key Input	80	981376	20073	1
440202	57	Key Input	69	983476	22174	1
440202	57	Key Input	84	987136	25833	1
440202	57	Key Input	68	990835	29533	1
440202	57	Text Input	OPETD	991303	30000	0
440202	59	Sound	snd_dinero	995474	0	1			0		other	0
440202	59	Key Input	70	1007006	11532	1
440202	59	Key Input	73	1021056	25583	1
440202	59	Text Input	FI	1025474	30000	0
440202	61	Sound	snd_molino	1029784	0	1			0		other	0
440202	61	Key Input	82	1030966	1182	1
440202	61	Key Input	77	1045377	15593	1
440202	61	Key Input	79	1055145	25361	1
440202	61	Text Input	RMO	1059784	30000	0

Visual picture detection failed over to using scan line information only at the following times:
type	time	timeout	presentation
fail	74606.7	34.725	158
restore	74905.7	0	159


Event Type	Code	Type	Response	RT	RT Uncertainty	Time	Uncertainty	Duration	Uncertainty	ReqTime	ReqDur

Sound	snd_fresa	other				38414	211			0
Sound	snd_cereza	other				72578	1			0
Sound	snd_labio	other				106749	1			0
Sound	snd_pimiento	other				140920	1			0
Sound	snd_cepillo	other				175091	1			0
Sound	snd_regadera	other				209262	1			0
Sound	snd_huella	other				243433	1			0
Sound	snd_lobo	other				277604	1			0
Sound	snd_novia	other				311775	1			0
Sound	snd_taza	other				345946	1			0
Sound	snd_foca	other				380117	1			0
Sound	snd_tortuga	other				414288	1			0
Sound	snd_naranja	other				448459	1			0
Sound	snd_columpio	other				482630	1			0
Sound	snd_caramelo	other				516801	1			0
Sound	snd_paja	other				550972	1			0
Sound	snd_cresta	other				585144	1			0
Sound	snd_carpeta	other				619315	1			0
Sound	snd_hada	other				653555	1			0
Sound	snd_gafas	other				687726	1			0
Sound	snd_cafetera	other				721897	1			0
Sound	snd_abeja	other				756068	1			0
Sound	snd_sangre	other				790239	1			0
Sound	snd_pollo	other				824549	1			0
Sound	snd_pistola	other				858720	1			0
Sound	snd_humo	other				892961	1			0
Sound	snd_cartera	other				927132	1			0
Sound	snd_persiana	other				961303	1			0
Sound	snd_dinero	other				995474	1			0
Sound	snd_molino	other				1029784	1			0
