Scenario - caja.sce
Logfile written - 09/28/2023 11:35:19

Subject	Trial	Event Type	Code	Time	TTime	Uncertainty	Duration	Uncertainty	ReqTime	ReqDur	Stim Type	Pair Index

000101	1	Response	98	61320	51251	1
000101	3	Sound	snd_carpeta	65739	315	227			0		other	0
000101	3	Key Input	88	77479	12055	1
000101	3	Key Input	83	80039	14616	1
000101	3	Key Input	73	82439	17016	1
000101	3	Key Input	69	82598	17174	1
000101	3	Key Input	82	84679	19255	1
000101	3	Key Input	82	87079	21655	1
000101	3	Key Input	69	88999	23576	1
000101	3	Key Input	89	89478	24055	1
000101	3	Text Input	XSIERREY	95424	30000	0
000101	5	Sound	snd_sangre	99528	5	1			0		other	0
000101	5	Key Input	83	119879	20356	1
000101	5	Key Input	65	122119	22597	1
000101	5	Key Input	78	122279	22756	1
000101	5	Key Input	71	124999	25477	1
000101	5	Key Input	69	127399	27877	1
000101	5	Text Input	SANGE	129523	30000	0
000101	7	Sound	snd_gafas	133931	304	1			0		other	0
000101	7	Key Input	71	145320	11693	1
000101	7	Key Input	83	146759	13132	1
000101	7	Key Input	68	149319	15692	1
000101	7	Key Input	70	151079	17452	1
000101	7	Key Input	83	152519	18892	1
000101	7	Key Input	83	155559	21932	1
000101	7	Text Input	GSDFSS	163627	30000	0
000101	9	Sound	snd_regadera	167802	11	1			0		other	0
000101	9	Key Input	82	181320	13529	1
000101	9	Key Input	69	183879	16089	1
000101	9	Key Input	71	188359	20569	1
000101	9	Key Input	83	190119	22329	1
000101	9	Key Input	74	193799	26009	1
000101	9	Key Input	68	195559	27768	1
000101	9	Text Input	REGSJD	197791	30000	0
000101	11	Sound	snd_paja	201970	6	1			0		other	0
000101	11	Key Input	79	215880	13915	1
000101	11	Key Input	83	217639	15675	1
000101	11	Key Input	72	219719	17755	1
000101	11	Key Input	68	221479	19515	1
000101	11	Key Input	71	222119	20155	1
000101	11	Key Input	83	223879	21915	1
000101	11	Text Input	OSHDGS	231964	30000	0
000101	13	Sound	snd_lobo	236142	3	1			0		other	0
000101	13	Key Input	74	256520	20380	1
000101	13	Key Input	83	257639	21500	1
000101	13	Key Input	72	259079	22940	1
000101	13	Key Input	83	260359	24220	1
000101	13	Key Input	71	261799	25660	1
000101	13	Text Input	JSHSG	266139	30000	0
000101	15	Sound	snd_dinero	270312	6	1			0		other	0
000101	15	Key Input	68	291240	20933	1
000101	15	Key Input	85	292199	21893	1
000101	15	Key Input	66	297319	27013	1
000101	15	Key Input	69	298919	28613	1
000101	15	Text Input	DUBE	300307	30000	0
000101	17	Sound	snd_huella	304484	6	1			0		other	0
000101	17	Key Input	71	317479	13001	1
000101	17	Key Input	69	320519	16041	1
000101	17	Key Input	89	320676	16199	3
000101	17	Key Input	75	325319	20842	1
000101	17	Key Input	75	327559	23082	1
000101	17	Key Input	83	328678	24201	1
000101	17	Text Input	GEYKKS	334477	30000	0
000101	19	Sound	snd_molino	338587	8	1			0		other	0
000101	19	Key Input	78	349800	11220	1
000101	19	Key Input	75	352359	13780	1
000101	19	Key Input	73	352359	13780	1
000101	19	Key Input	75	354599	16020	1
000101	19	Key Input	73	356999	18419	1
000101	19	Key Input	72	359239	20659	1
000101	19	Key Input	69	360039	21460	1
000101	19	Text Input	NKIKIHE	368579	30000	0
000101	21	Sound	snd_cafetera	372830	7	1			0		other	0
000101	21	Key Input	68	389799	16977	1
000101	21	Key Input	65	395399	22577	1
000101	21	Key Input	69	402759	29937	1
000101	21	Text Input	DAE	402822	30000	0
000101	23	Sound	snd_cepillo	406997	6	1			0		other	0
000101	23	Key Input	68	417160	10169	1
000101	23	Key Input	70	417319	10328	1
000101	23	Key Input	70	418279	11287	1
000101	23	Key Input	73	420198	13207	1
000101	23	Key Input	69	421319	14327	1
000101	23	Key Input	72	423239	16247	1
000101	23	Key Input	87	424839	17847	1
000101	23	Key Input	75	427719	20728	1
000101	23	Key Input	73	430919	23928	1
000101	23	Text Input	DFFIEHWKI	436991	30000	0
000101	25	Sound	snd_humo	441100	7	1			0		other	0
000101	25	Key Input	85	450119	9027	1
000101	25	Key Input	74	450279	9187	1
000101	25	Key Input	69	452519	11426	1
000101	25	Key Input	85	453959	12866	1
000101	25	Key Input	72	454119	13026	1
000101	25	Key Input	69	455399	14306	1
000101	25	Key Input	85	456359	15266	1
000101	25	Key Input	69	457639	16546	1
000101	25	Text Input	UJEUHEUE	471093	30000	0
000101	27	Sound	snd_cereza	475269	4	1			0		other	0
000101	27	Key Input	88	492039	16774	1
000101	27	Key Input	69	496039	20774	1
000101	27	Key Input	83	502439	27174	1
000101	27	Key Input	65	502599	27334	1
000101	27	Key Input	69	504519	29254	1
000101	27	Text Input	XESAE	505265	30000	0
000101	29	Sound	snd_pimiento	509511	6	1			0		other	0
000101	29	Key Input	79	522279	12774	1
000101	29	Key Input	85	524998	15493	1
000101	29	Key Input	66	527719	18214	1
000101	29	Key Input	85	532359	22854	1
000101	29	Key Input	69	533159	23654	1
000101	29	Key Input	82	535719	26213	1
000101	29	Key Input	85	536678	27173	1
000101	29	Key Input	85	538599	29094	1
000101	29	Text Input	OUBUERUU	539506	30000	0
000101	31	Sound	snd_pistola	543683	7	1			0		other	0
000101	31	Key Input	73	558279	14604	1
000101	31	Key Input	85	563079	19403	1
000101	31	Key Input	83	567399	23724	1
000101	31	Key Input	82	572199	28524	1
000101	31	Text Input	IUSR	573676	30000	0
000101	33	Sound	snd_naranja	577853	6	1			0		other	0
000101	33	Key Input	86	586759	8911	1
000101	33	Key Input	65	588039	10191	1
000101	33	Key Input	82	590759	12911	1
000101	33	Key Input	65	593479	15631	1
000101	33	Key Input	66	597159	19311	1
000101	33	Key Input	72	599879	22031	1
000101	33	Key Input	72	601638	23791	1
000101	33	Key Input	65	603398	25551	1
000101	33	Text Input	VARABHHA	607848	30000	0
000101	35	Sound	snd_cartera	611954	6	1			0		other	0
000101	35	Key Input	83	626279	14331	1
000101	35	Key Input	65	630119	18171	1
000101	35	Key Input	69	633799	21851	1
000101	35	Key Input	87	636839	24891	1
000101	35	Key Input	71	639399	27451	1
000101	35	Key Input	87	639879	27931	1
000101	35	Key Input	87	641639	29691	1
000101	35	Text Input	SAEWGWW	641948	30000	0
000101	37	Sound	snd_tortuga	646125	4	1			0		other	0
000101	37	Key Input	84	663239	17119	1
000101	37	Key Input	73	667398	21278	1
000101	37	Key Input	69	670759	24638	1
000101	37	Key Input	69	673959	27838	1
000101	37	Text Input	TIEE	676121	30000	0
000101	39	Sound	snd_cresta	680530	304	1			0		other	0
000101	39	Key Input	9	698119	17893	1
000101	39	Key Input	79	698919	18693	1
000101	39	Key Input	9	703559	23333	1
000101	39	Key Input	74	703718	23492	1
000101	39	Key Input	87	706439	26213	1
000101	39	Key Input	79	707879	27653	1
000101	39	Key Input	73	708035	27809	5
000101	39	Key Input	83	709319	29093	1
000101	39	Key Input	73	709959	29733	1
000101	39	Text Input	&#9;O&#9;JWOISI	710226	30000	0
000101	41	Sound	snd_caramelo	714329	6	1			0		other	0
000101	41	Key Input	83	727719	13396	1
000101	41	Key Input	65	730599	16276	1
000101	41	Key Input	69	732039	17716	1
000101	41	Key Input	82	732198	17876	1
000101	41	Key Input	65	733799	19476	1
000101	41	Key Input	84	735239	20916	1
000101	41	Key Input	65	736359	22036	1
000101	41	Key Input	72	737479	23156	1
000101	41	Key Input	74	739239	24916	1
000101	41	Key Input	87	740039	25716	1
000101	41	Text Input	SAERATAHJW	744323	30000	0
000101	43	Sound	snd_abeja	748499	7	1			0		other	0
000101	43	Key Input	65	765480	16988	1
000101	43	Key Input	86	767720	19228	1
000101	43	Key Input	70	772038	23547	1
000101	43	Key Input	87	773158	24666	1
000101	43	Key Input	72	775239	26747	1
000101	43	Key Input	65	776839	28347	1
000101	43	Text Input	AVFWHA	778492	30000	0
000101	45	Sound	snd_foca	782672	7	1			0		other	0
000101	45	Key Input	70	793960	11295	1
000101	45	Key Input	85	797159	14494	1
000101	45	Key Input	67	802599	19934	1
000101	45	Key Input	65	805479	22815	1
000101	45	Text Input	FUCA	812665	30000	0
000101	47	Sound	snd_hada	816844	8	1			0		other	0
000101	47	Key Input	65	831079	14243	1
000101	47	Key Input	32	836199	19363	1
000101	47	Response	98	836199	19363	1
000101	47	Key Input	86	841158	24323	1
000101	47	Key Input	65	844038	27202	1
000101	47	Text Input	A VA	846836	30000	0
000101	49	Sound	snd_taza	851246	304	1			0		other	0
000101	49	Key Input	69	866918	15976	1
000101	49	Key Input	65	879719	28776	1
000101	49	Text Input	EA	880943	30000	0
000101	51	Sound	snd_columpio	885115	7	1			0		other	0
000101	51	Key Input	68	897638	12529	1
000101	51	Key Input	67	903717	18609	1
000101	51	Key Input	88	903875	18766	4
000101	51	Key Input	85	908358	23249	1
000101	51	Key Input	70	911558	26449	1
000101	51	Text Input	DCXUF	915109	30000	0
000101	53	Sound	snd_novia	919218	4	1			0		other	0
000101	53	Key Input	66	929319	10105	1
000101	53	Key Input	85	934439	15225	1
000101	53	Key Input	73	934759	15545	1
000101	53	Key Input	88	937958	18744	1
000101	53	Key Input	73	939239	20024	1
000101	53	Key Input	65	942759	23545	1
000101	53	Text Input	BUIXIA	949214	30000	0
000101	55	Sound	snd_persiana	953387	2	1			0		other	0
000101	55	Key Input	79	965799	12414	1
000101	55	Key Input	69	968839	15454	1
000101	55	Key Input	82	972519	19133	1
000101	55	Key Input	83	978279	24893	1
000101	55	Key Input	73	979719	26333	1
000101	55	Key Input	65	981799	28413	1
000101	55	Text Input	OERSIA	983385	30000	0
000101	57	Sound	snd_pollo	987558	4	1			0		other	0
000101	57	Key Input	79	995719	8165	1
000101	57	Key Input	73	998438	10884	1
000101	57	Key Input	80	1005319	17765	1
000101	57	Key Input	79	1011399	23846	1
000101	57	Key Input	76	1015078	27524	1
000101	57	Text Input	OIPOL	1017554	30000	0
000101	59	Sound	snd_fresa	1021732	8	1			0		other	0
000101	59	Key Input	70	1034919	13195	1
000101	59	Key Input	82	1038599	16875	1
000101	59	Key Input	69	1042918	21194	1
000101	59	Key Input	65	1049959	28235	1
000101	59	Text Input	FREA	1051724	30000	0
000101	61	Sound	snd_labio	1056199	369	1			0		other	0
000101	61	Key Input	75	1069319	13488	1
000101	61	Key Input	72	1075078	19248	1
000101	61	Key Input	76	1079878	24048	1
000101	61	Text Input	KHL	1085830	30000	0

Visual picture detection failed over to using scan line information only at the following times:
type	time	timeout	presentation
fail	6132.59	34.725	2
restore	6536.56	0	3
fail	6542.37	34.725	3
restore	6644.72	0	4
fail	7750.86	34.725	5
restore	8004.08	0	6
fail	8709.31	34.725	10
restore	8900.29	0	11
fail	8903.78	34.725	11
restore	8948.16	0	12


Event Type	Code	Type	Response	RT	RT Uncertainty	Time	Uncertainty	Duration	Uncertainty	ReqTime	ReqDur

Sound	snd_carpeta	other				65739	227			0
Sound	snd_sangre	other				99528	1			0
Sound	snd_gafas	other				133931	1			0
Sound	snd_regadera	other				167802	1			0
Sound	snd_paja	other				201970	1			0
Sound	snd_lobo	other				236142	1			0
Sound	snd_dinero	other				270312	1			0
Sound	snd_huella	other				304484	1			0
Sound	snd_molino	other				338587	1			0
Sound	snd_cafetera	other				372830	1			0
Sound	snd_cepillo	other				406997	1			0
Sound	snd_humo	other				441100	1			0
Sound	snd_cereza	other				475269	1			0
Sound	snd_pimiento	other				509511	1			0
Sound	snd_pistola	other				543683	1			0
Sound	snd_naranja	other				577853	1			0
Sound	snd_cartera	other				611954	1			0
Sound	snd_tortuga	other				646125	1			0
Sound	snd_cresta	other				680530	1			0
Sound	snd_caramelo	other				714329	1			0
Sound	snd_abeja	other				748499	1			0
Sound	snd_foca	other				782672	1			0
Sound	snd_hada	other				816844	1			0
Sound	snd_taza	other				851246	1			0
Sound	snd_columpio	other				885115	1			0
Sound	snd_novia	other				919218	1			0
Sound	snd_persiana	other				953387	1			0
Sound	snd_pollo	other				987558	1			0
Sound	snd_fresa	other				1021732	1			0
Sound	snd_labio	other				1056199	1			0
