Scenario - caja.sce
Logfile written - 11/10/2023 17:32:14

Subject	Trial	Event Type	Code	Time	TTime	Uncertainty	Duration	Uncertainty	ReqTime	ReqDur	Stim Type	Pair Index

03.01.02	1	Response	98	31349	21211	1
03.01.02	3	Sound	snd_sangre	35427	7	206			0		other	0
03.01.02	3	Key Input	83	47249	11829	1
03.01.02	3	Key Input	65	48689	13269	1
03.01.02	3	Key Input	74	50869	15449	1
03.01.02	3	Key Input	70	57298	21878	1
03.01.02	3	Key Input	82	62029	26609	1
03.01.02	3	Key Input	69	63729	28309	1
03.01.02	3	Text Input	SAJFRE	65420	30000	0
03.01.02	5	Sound	snd_persiana	69522	0	1			0		other	0
03.01.02	5	Key Input	80	82349	12828	1
03.01.02	5	Key Input	69	84539	15018	1
03.01.02	5	Key Input	82	85479	15957	1
03.01.02	5	Key Input	83	90449	20928	1
03.01.02	5	Key Input	73	93719	24198	1
03.01.02	5	Key Input	65	96628	27107	1
03.01.02	5	Key Input	78	98649	29127	1
03.01.02	5	Text Input	PERSIAN	99522	30000	0
03.01.02	7	Sound	snd_humo	103623	0	1			0		other	0
03.01.02	7	Key Input	72	114139	10515	1
03.01.02	7	Key Input	85	116349	12726	1
03.01.02	7	Key Input	77	121439	17816	1
03.01.02	7	Key Input	79	122549	18926	1
03.01.02	7	Text Input	HUMO	133623	30000	0
03.01.02	9	Sound	snd_cartera	137725	0	1			0		other	0
03.01.02	9	Key Input	67	145769	8044	1
03.01.02	9	Key Input	65	147199	9474	1
03.01.02	9	Key Input	82	151589	13864	1
03.01.02	9	Key Input	84	155459	17734	1
03.01.02	9	Key Input	69	156709	18984	1
03.01.02	9	Key Input	82	161768	24044	1
03.01.02	9	Key Input	65	164489	26764	1
03.01.02	9	Text Input	CARTERA	167725	30000	0
03.01.02	11	Sound	snd_molino	171827	0	1			0		other	0
03.01.02	11	Key Input	77	182109	10283	1
03.01.02	11	Key Input	79	185919	14093	1
03.01.02	11	Key Input	75	190749	18922	1
03.01.02	11	Key Input	85	195329	23502	1
03.01.02	11	Key Input	78	198508	26682	1
03.01.02	11	Key Input	79	199769	27943	1
03.01.02	11	Text Input	MOKUNO	201827	30000	0
03.01.02	13	Sound	snd_abeja	205929	0	1			0		other	0
03.01.02	13	Key Input	65	216039	10111	1
03.01.02	13	Key Input	66	219169	13241	1
03.01.02	13	Key Input	69	221209	15281	1
03.01.02	13	Key Input	74	223899	17971	1
03.01.02	13	Key Input	65	224899	18971	1
03.01.02	13	Text Input	ABEJA	235928	30000	0
03.01.02	15	Sound	snd_gafas	240030	0	1			0		other	0
03.01.02	15	Key Input	72	250849	10819	1
03.01.02	15	Key Input	65	251809	11779	1
03.01.02	15	Key Input	71	255269	15239	1
03.01.02	15	Key Input	65	256709	16679	1
03.01.02	15	Key Input	83	257769	17739	1
03.01.02	15	Text Input	HAGAS	270030	30000	0
03.01.02	17	Sound	snd_cresta	274201	0	1			0		other	0
03.01.02	17	Key Input	67	285440	11239	1
03.01.02	17	Key Input	82	289649	15448	1
03.01.02	17	Key Input	69	291009	16808	1
03.01.02	17	Key Input	83	293699	19498	1
03.01.02	17	Key Input	82	296709	22508	1
03.01.02	17	Key Input	65	298149	23948	1
03.01.02	17	Text Input	CRESRA	304201	30000	0
03.01.02	19	Sound	snd_caramelo	308303	0	1			0		other	0
03.01.02	19	Key Input	67	317969	9666	1
03.01.02	19	Key Input	65	319970	11667	1
03.01.02	19	Key Input	69	323459	15156	1
03.01.02	19	Key Input	82	323459	15156	1
03.01.02	19	Key Input	65	324279	15976	1
03.01.02	19	Key Input	78	330699	22396	1
03.01.02	19	Key Input	69	332079	23776	1
03.01.02	19	Key Input	75	334189	25886	1
03.01.02	19	Key Input	73	335829	27526	1
03.01.02	19	Text Input	CAERANEKI	338303	30000	0
03.01.02	21	Sound	snd_naranja	342405	0	1			0		other	0
03.01.02	21	Key Input	66	351490	9085	1
03.01.02	21	Key Input	65	352669	10265	1
03.01.02	21	Key Input	82	356389	13985	1
03.01.02	21	Key Input	65	357819	15415	1
03.01.02	21	Key Input	78	359979	17575	1
03.01.02	21	Key Input	74	362959	20555	1
03.01.02	21	Key Input	65	364199	21795	1
03.01.02	21	Text Input	BARANJA	372404	30000	0
03.01.02	23	Sound	snd_taza	376506	0	1			0		other	0
03.01.02	23	Key Input	84	388579	12073	1
03.01.02	23	Key Input	65	390379	13873	1
03.01.02	23	Key Input	65	404319	27813	1
03.01.02	23	Key Input	90	405909	29403	1
03.01.02	23	Text Input	TAAZ	406506	30000	0
03.01.02	25	Sound	snd_huella	410608	0	1			0		other	0
03.01.02	25	Key Input	72	420509	9901	1
03.01.02	25	Key Input	85	422389	11781	1
03.01.02	25	Key Input	69	424249	13641	1
03.01.02	25	Key Input	76	428529	17921	1
03.01.02	25	Key Input	76	430289	19681	1
03.01.02	25	Key Input	65	431789	21181	1
03.01.02	25	Text Input	HUELLA	440608	30000	0
03.01.02	27	Sound	snd_pollo	444710	0	1			0		other	0
03.01.02	27	Key Input	76	455789	11080	1
03.01.02	27	Key Input	73	461239	16530	1
03.01.02	27	Key Input	76	467039	22330	1
03.01.02	27	Key Input	76	469379	24670	1
03.01.02	27	Key Input	79	473749	29040	1
03.01.02	27	Text Input	LILLO	474710	30000	0
03.01.02	29	Sound	snd_carpeta	478811	0	1			0		other	0
03.01.02	29	Key Input	67	487699	8888	1
03.01.02	29	Key Input	65	489009	10198	1
03.01.02	29	Key Input	82	493539	14728	1
03.01.02	29	Key Input	80	498779	19968	1
03.01.02	29	Key Input	69	500649	21838	1
03.01.02	29	Key Input	84	504179	25368	1
03.01.02	29	Key Input	65	505919	27108	1
03.01.02	29	Text Input	CARPETA	508811	30000	0
03.01.02	31	Sound	snd_hada	512983	0	1			0		other	0
03.01.02	31	Key Input	74	526219	13237	1
03.01.02	31	Key Input	65	527679	14697	1
03.01.02	31	Key Input	68	531409	18427	1
03.01.02	31	Key Input	65	532259	19277	1
03.01.02	31	Text Input	JADA	542982	30000	0
03.01.02	33	Sound	snd_fresa	547084	0	1			0		other	0
03.01.02	33	Key Input	70	558249	11165	1
03.01.02	33	Key Input	82	563109	16025	1
03.01.02	33	Key Input	69	564339	17255	1
03.01.02	33	Key Input	83	568499	21415	1
03.01.02	33	Key Input	65	569489	22405	1
03.01.02	33	Text Input	FRESA	577084	30000	0
03.01.02	35	Sound	snd_labio	581186	0	1			0		other	0
03.01.02	35	Key Input	75	594940	13754	1
03.01.02	35	Key Input	65	596689	15503	1
03.01.02	35	Key Input	72	603719	22533	1
03.01.02	35	Key Input	73	606109	24923	1
03.01.02	35	Key Input	57	607489	26303	1
03.01.02	35	Key Input	79	608649	27463	1
03.01.02	35	Text Input	KAHI9O	611186	30000	0
03.01.02	37	Sound	snd_tortuga	615288	0	1			0		other	0
03.01.02	37	Key Input	84	624929	9641	1
03.01.02	37	Key Input	79	626789	11502	1
03.01.02	37	Key Input	82	629339	14052	1
03.01.02	37	Key Input	84	634899	19612	1
03.01.02	37	Key Input	73	636189	20902	1
03.01.02	37	Key Input	70	641138	25851	1
03.01.02	37	Key Input	65	642069	26782	1
03.01.02	37	Text Input	TORTIFA	645287	30000	0
03.01.02	39	Sound	snd_paja	649389	0	1			0		other	0
03.01.02	39	Key Input	80	660749	11360	1
03.01.02	39	Key Input	65	665029	15640	1
03.01.02	39	Key Input	74	670479	21090	1
03.01.02	39	Key Input	65	671819	22430	1
03.01.02	39	Text Input	PAJA	679389	30000	0
03.01.02	41	Sound	snd_columpio	683561	0	1			0		other	0
03.01.02	41	Key Input	67	694829	11269	1
03.01.02	41	Key Input	79	698069	14509	1
03.01.02	41	Key Input	76	702339	18779	1
03.01.02	41	Key Input	85	705189	21628	1
03.01.02	41	Key Input	77	711299	27739	1
03.01.02	41	Text Input	COLUM	713560	30000	0
03.01.02	43	Sound	snd_cepillo	717732	0	1			0		other	0
03.01.02	43	Key Input	67	726389	8658	1
03.01.02	43	Key Input	69	728629	10898	1
03.01.02	43	Key Input	80	730389	12658	1
03.01.02	43	Key Input	73	732199	14468	1
03.01.02	43	Key Input	76	735469	17738	1
03.01.02	43	Key Input	76	736829	19098	1
03.01.02	43	Key Input	79	738469	20738	1
03.01.02	43	Text Input	CEPILLO	747731	30000	0
03.01.02	45	Sound	snd_foca	751903	0	1			0		other	0
03.01.02	45	Key Input	68	760799	8897	1
03.01.02	45	Key Input	79	764179	12277	1
03.01.02	45	Key Input	67	766179	14276	1
03.01.02	45	Key Input	65	767069	15166	1
03.01.02	45	Text Input	DOCA	781903	30000	0
03.01.02	47	Sound	snd_cafetera	786004	0	1			0		other	0
03.01.02	47	Key Input	67	794379	8375	1
03.01.02	47	Key Input	65	795289	9285	1
03.01.02	47	Key Input	70	799618	13614	1
03.01.02	47	Key Input	69	802519	16515	1
03.01.02	47	Key Input	84	806789	20785	1
03.01.02	47	Key Input	69	807939	21935	1
03.01.02	47	Key Input	82	810499	24495	1
03.01.02	47	Key Input	65	811828	25824	1
03.01.02	47	Text Input	CAFETERA	816004	30000	0
03.01.02	49	Sound	snd_pistola	820176	0	1			0		other	0
03.01.02	49	Key Input	79	829819	9644	1
03.01.02	49	Key Input	85	835159	14984	1
03.01.02	49	Key Input	83	836749	16574	1
03.01.02	49	Key Input	84	840009	19834	1
03.01.02	49	Key Input	79	841069	20894	1
03.01.02	49	Key Input	76	843619	23444	1
03.01.02	49	Key Input	65	844679	24504	1
03.01.02	49	Text Input	OUSTOLA	850175	30000	0
03.01.02	51	Sound	snd_pimiento	854347	0	1			0		other	0
03.01.02	51	Key Input	80	865229	10883	1
03.01.02	51	Key Input	73	868999	14652	1
03.01.02	51	Key Input	75	874079	19732	1
03.01.02	51	Key Input	73	877649	23303	1
03.01.02	51	Key Input	69	879689	25342	1
03.01.02	51	Key Input	74	881769	27422	1
03.01.02	51	Key Input	79	882949	28603	1
03.01.02	51	Key Input	84	883399	29052	1
03.01.02	51	Text Input	PIKIEJOT	884346	30000	0
03.01.02	53	Sound	snd_regadera	888448	0	1			0		other	0
03.01.02	53	Key Input	82	897209	8761	1
03.01.02	53	Key Input	69	898609	10161	1
03.01.02	53	Key Input	70	903969	15520	1
03.01.02	53	Key Input	65	904969	16521	1
03.01.02	53	Key Input	82	909969	21521	1
03.01.02	53	Key Input	69	915319	26871	1
03.01.02	53	Key Input	82	916809	28361	1
03.01.02	53	Text Input	REFARER	918448	30000	0
03.01.02	55	Sound	snd_novia	922550	0	1			0		other	0
03.01.02	55	Key Input	77	933559	11009	1
03.01.02	55	Key Input	79	937199	14649	1
03.01.02	55	Key Input	32	943879	21329	1
03.01.02	55	Response	98	943879	21329	1
03.01.02	55	Key Input	73	945539	22989	1
03.01.02	55	Key Input	65	945939	23389	1
03.01.02	55	Text Input	MO IA	952550	30000	0
03.01.02	57	Sound	snd_lobo	956652	0	1			0		other	0
03.01.02	57	Key Input	76	969399	12748	1
03.01.02	57	Key Input	79	972278	15627	1
03.01.02	57	Key Input	79	973629	16977	1
03.01.02	57	Key Input	79	977919	21267	1
03.01.02	57	Key Input	72	978529	21877	1
03.01.02	57	Text Input	LOOOH	986652	30000	0
03.01.02	59	Sound	snd_dinero	990754	0	1			0		other	0
03.01.02	59	Key Input	68	998169	7416	1
03.01.02	59	Key Input	73	1000559	9806	1
03.01.02	59	Key Input	74	1004679	13926	1
03.01.02	59	Key Input	69	1006569	15816	1
03.01.02	59	Key Input	82	1008049	17296	1
03.01.02	59	Key Input	80	1009799	19046	1
03.01.02	59	Text Input	DIJERP	1020753	30000	0
03.01.02	61	Sound	snd_cereza	1024855	0	1			0		other	0
03.01.02	61	Key Input	67	1034759	9904	1
03.01.02	61	Key Input	69	1037709	12854	1
03.01.02	61	Key Input	82	1039969	15114	1
03.01.02	61	Key Input	69	1040989	16134	1
03.01.02	61	Key Input	90	1045309	20454	1
03.01.02	61	Key Input	65	1047739	22884	1
03.01.02	61	Text Input	CEREZA	1054855	30000	0


Event Type	Code	Type	Response	RT	RT Uncertainty	Time	Uncertainty	Duration	Uncertainty	ReqTime	ReqDur

Sound	snd_sangre	other				35427	206			0
Sound	snd_persiana	other				69522	1			0
Sound	snd_humo	other				103623	1			0
Sound	snd_cartera	other				137725	1			0
Sound	snd_molino	other				171827	1			0
Sound	snd_abeja	other				205929	1			0
Sound	snd_gafas	other				240030	1			0
Sound	snd_cresta	other				274201	1			0
Sound	snd_caramelo	other				308303	1			0
Sound	snd_naranja	other				342405	1			0
Sound	snd_taza	other				376506	1			0
Sound	snd_huella	other				410608	1			0
Sound	snd_pollo	other				444710	1			0
Sound	snd_carpeta	other				478811	1			0
Sound	snd_hada	other				512983	1			0
Sound	snd_fresa	other				547084	1			0
Sound	snd_labio	other				581186	1			0
Sound	snd_tortuga	other				615288	1			0
Sound	snd_paja	other				649389	1			0
Sound	snd_columpio	other				683561	1			0
Sound	snd_cepillo	other				717732	1			0
Sound	snd_foca	other				751903	1			0
Sound	snd_cafetera	other				786004	1			0
Sound	snd_pistola	other				820176	1			0
Sound	snd_pimiento	other				854347	1			0
Sound	snd_regadera	other				888448	1			0
Sound	snd_novia	other				922550	1			0
Sound	snd_lobo	other				956652	1			0
Sound	snd_dinero	other				990754	1			0
Sound	snd_cereza	other				1024855	1			0
