Scenario - caja.sce
Logfile written - 11/16/2023 14:31:15

Subject	Trial	Event Type	Code	Time	TTime	Uncertainty	Duration	Uncertainty	ReqTime	ReqDur	Stim Type	Pair Index

 050103	1	Response	98	45619	35550	1
 050103	3	Sound	snd_gafas	49734	7	204			0		other	0
 050103	3	Key Input	71	62299	12572	1
 050103	3	Key Input	65	65569	15842	1
 050103	3	Key Input	70	70868	21141	1
 050103	3	Key Input	65	73579	23852	1
 050103	3	Key Input	83	75758	26031	1
 050103	3	Text Input	GAFAS	79727	30000	0
 050103	5	Sound	snd_regadera	83829	0	1			0		other	0
 050103	5	Key Input	84	100189	16360	1
 050103	5	Key Input	8	107179	23350	1
 050103	5	Key Input	82	109869	26040	1
 050103	5	Key Input	69	113189	29360	1
 050103	5	Text Input	RE	113829	30000	0
 050103	7	Sound	snd_sangre	118000	0	1			0		other	0
 050103	7	Key Input	83	125958	7958	1
 050103	7	Key Input	65	128489	10489	1
 050103	7	Key Input	77	133269	15269	1
 050103	7	Key Input	77	134199	16199	1
 050103	7	Key Input	71	142598	24598	1
 050103	7	Key Input	84	145049	27049	1
 050103	7	Key Input	69	146369	28369	1
 050103	7	Text Input	SAMMGTE	148000	30000	0
 050103	9	Sound	snd_humo	152102	0	1			0		other	0
 050103	9	Key Input	72	161069	8967	1
 050103	9	Key Input	73	167149	15047	1
 050103	9	Key Input	77	175039	22937	1
 050103	9	Key Input	79	177078	24977	1
 050103	9	Text Input	HIMO	182102	30000	0
 050103	11	Sound	snd_cresta	186204	0	1			0		other	0
 050103	11	Key Input	67	195788	9584	1
 050103	11	Key Input	84	201959	15755	1
 050103	11	Key Input	69	204058	17855	1
 050103	11	Key Input	83	209979	23775	1
 050103	11	Key Input	80	211919	25715	1
 050103	11	Key Input	65	213579	27375	1
 050103	11	Text Input	CTESPA	216204	30000	0
 050103	13	Sound	snd_cepillo	220305	0	1			0		other	0
 050103	13	Key Input	67	228278	7973	1
 050103	13	Key Input	69	230818	10513	1
 050103	13	Key Input	80	233299	12994	1
 050103	13	Key Input	73	237488	17183	1
 050103	13	Key Input	76	241568	21263	1
 050103	13	Key Input	76	243198	22893	1
 050103	13	Key Input	79	245288	24983	1
 050103	13	Text Input	CEPILLO	250305	30000	0
 050103	15	Sound	snd_carpeta	254407	0	1			0		other	0
 050103	15	Key Input	67	262099	7692	1
 050103	15	Key Input	65	265208	10801	1
 050103	15	Key Input	82	268879	14472	1
 050103	15	Key Input	80	272489	18082	1
 050103	15	Key Input	69	275209	20802	1
 050103	15	Key Input	89	278368	23962	1
 050103	15	Key Input	65	283498	29092	1
 050103	15	Text Input	CARPEYA	284407	30000	0
 050103	17	Sound	snd_pimiento	288509	1	1			0		other	0
 050103	17	Key Input	79	301449	12941	1
 050103	17	Key Input	8	307629	19120	1
 050103	17	Key Input	80	311469	22960	1
 050103	17	Key Input	73	315119	26610	1
 050103	17	Text Input	PI	318509	30000	0
 050103	19	Sound	snd_labio	322610	0	1			0		other	0
 050103	19	Key Input	76	340749	18139	1
 050103	19	Key Input	65	343249	20639	1
 050103	19	Key Input	66	348919	26309	1
 050103	19	Text Input	LAB	352610	30000	0
 050103	21	Sound	snd_dinero	356712	0	1			0		other	0
 050103	21	Key Input	68	367669	10957	1
 050103	21	Key Input	73	369349	12637	1
 050103	21	Key Input	77	372758	16047	1
 050103	21	Key Input	69	375809	19097	1
 050103	21	Key Input	82	378849	22137	1
 050103	21	Key Input	79	380539	23827	1
 050103	21	Text Input	DIMERO	386712	30000	0
 050103	23	Sound	snd_pollo	390814	0	1			0		other	0
 050103	23	Key Input	80	397879	7065	1
 050103	23	Key Input	79	400719	9905	1
 050103	23	Key Input	76	405169	14355	1
 050103	23	Key Input	76	408399	17585	1
 050103	23	Key Input	79	415249	24435	1
 050103	23	Text Input	POLLO	420814	30000	0
 050103	25	Sound	snd_cafetera	424916	0	1			0		other	0
 050103	25	Key Input	67	433899	8984	1
 050103	25	Key Input	65	437739	12824	1
 050103	25	Key Input	71	440779	15864	1
 050103	25	Key Input	69	445119	20204	1
 050103	25	Key Input	84	448379	23464	1
 050103	25	Key Input	69	451189	26273	1
 050103	25	Key Input	82	452839	27924	1
 050103	25	Key Input	65	454528	29613	1
 050103	25	Text Input	CAGETERA	454915	30000	0
 050103	27	Sound	snd_columpio	459017	0	1			0		other	0
 050103	27	Key Input	67	467348	8332	1
 050103	27	Key Input	79	470308	11291	1
 050103	27	Key Input	76	473428	14411	1
 050103	27	Key Input	85	476698	17681	1
 050103	27	Key Input	77	479938	20921	1
 050103	27	Key Input	80	483598	24581	1
 050103	27	Key Input	73	485678	26661	1
 050103	27	Key Input	79	487448	28431	1
 050103	27	Text Input	COLUMPIO	489017	30000	0
 050103	29	Sound	snd_persiana	493119	0	1			0		other	0
 050103	29	Key Input	80	501328	8210	1
 050103	29	Key Input	69	503498	10380	1
 050103	29	Key Input	82	507478	14360	1
 050103	29	Key Input	83	510518	17400	1
 050103	29	Key Input	73	513088	19970	1
 050103	29	Key Input	73	514178	21060	1
 050103	29	Key Input	78	520508	27390	1
 050103	29	Key Input	65	521598	28479	1
 050103	29	Text Input	PERSIINA	523119	30000	0
 050103	31	Sound	snd_hada	527290	0	1			0		other	0
 050103	31	Key Input	72	536908	9619	1
 050103	31	Key Input	65	539458	12168	1
 050103	31	Key Input	78	544618	17328	1
 050103	31	Key Input	65	546648	19358	1
 050103	31	Text Input	HANA	557290	30000	0
 050103	33	Sound	snd_fresa	561392	0	1			0		other	0
 050103	33	Key Input	68	571978	10587	1
 050103	33	Key Input	8	577638	16247	1
 050103	33	Key Input	70	579018	17627	1
 050103	33	Key Input	69	581968	20576	1
 050103	33	Key Input	8	588699	27307	1
 050103	33	Key Input	82	590329	28937	1
 050103	33	Text Input	FR	591391	30000	0
 050103	35	Sound	snd_huella	595493	0	1			0		other	0
 050103	35	Key Input	72	605729	10236	1
 050103	35	Key Input	85	608739	13246	1
 050103	35	Key Input	69	613028	17535	1
 050103	35	Key Input	76	614749	19256	1
 050103	35	Key Input	76	616609	21116	1
 050103	35	Key Input	65	617599	22106	1
 050103	35	Text Input	HUELLA	625493	30000	0
 050103	37	Sound	snd_molino	629665	0	1			0		other	0
 050103	37	Key Input	77	642379	12715	1
 050103	37	Key Input	79	645259	15594	1
 050103	37	Key Input	76	648509	18844	1
 050103	37	Key Input	85	654109	24445	1
 050103	37	Key Input	78	659428	29764	1
 050103	37	Text Input	MOLUN	659664	30000	0
 050103	39	Sound	snd_lobo	663766	1	1			0		other	0
 050103	39	Key Input	76	672948	9183	1
 050103	39	Key Input	79	675409	11643	1
 050103	39	Key Input	67	685299	21533	1
 050103	39	Key Input	86	690809	27043	1
 050103	39	Text Input	LOCV	693766	30000	0
 050103	41	Sound	snd_tortuga	697868	0	1			0		other	0
 050103	41	Key Input	82	710948	13081	1
 050103	41	Key Input	79	713609	15741	1
 050103	41	Key Input	8	718239	20371	1
 050103	41	Key Input	8	721179	23311	1
 050103	41	Key Input	84	722639	24771	1
 050103	41	Key Input	79	724919	27051	1
 050103	41	Text Input	TO	727868	30000	0
 050103	43	Sound	snd_foca	731970	0	1			0		other	0
 050103	43	Key Input	70	743968	11999	1
 050103	43	Key Input	79	747399	15430	1
 050103	43	Key Input	79	748479	16510	1
 050103	43	Key Input	86	752749	20779	1
 050103	43	Key Input	65	754359	22390	1
 050103	43	Text Input	FOOVA	761969	30000	0
 050103	45	Sound	snd_cartera	766210	0	1			0		other	0
 050103	45	Key Input	86	774199	7989	1
 050103	45	Key Input	65	776249	10039	1
 050103	45	Key Input	84	779929	13719	1
 050103	45	Key Input	89	785029	18819	1
 050103	45	Key Input	69	787389	21179	1
 050103	45	Key Input	84	789779	23569	1
 050103	45	Key Input	65	792929	26719	1
 050103	45	Text Input	VATYETA	796210	30000	0
 050103	47	Sound	snd_abeja	800312	0	1			0		other	0
 050103	47	Key Input	65	810469	10157	1
 050103	47	Key Input	66	817739	17427	1
 050103	47	Key Input	69	821579	21267	1
 050103	47	Key Input	74	824779	24467	1
 050103	47	Key Input	65	826849	26537	1
 050103	47	Text Input	ABEJA	830312	30000	0
 050103	49	Sound	snd_naranja	834691	0	1			0		other	0
 050103	49	Key Input	78	843169	8478	1
 050103	49	Key Input	65	845349	10658	1
 050103	49	Key Input	82	850959	16268	1
 050103	49	Key Input	78	855339	20648	1
 050103	49	Key Input	65	857029	22338	1
 050103	49	Key Input	72	862599	27908	1
 050103	49	Text Input	NARNAH	864691	30000	0
 050103	51	Sound	snd_cereza	868793	0	1			0		other	0
 050103	51	Key Input	86	881959	13167	1
 050103	51	Key Input	69	884299	15506	1
 050103	51	Key Input	82	891209	22416	1
 050103	51	Key Input	69	894017	25225	1
 050103	51	Key Input	90	897359	28566	1
 050103	51	Text Input	VEREZ	898793	30000	0
 050103	53	Sound	snd_pistola	902895	0	1			0		other	0
 050103	53	Key Input	79	912169	9274	1
 050103	53	Key Input	8	919178	16284	1
 050103	53	Key Input	80	924649	21754	1
 050103	53	Key Input	73	927959	25064	1
 050103	53	Key Input	83	929899	27004	1
 050103	53	Text Input	PIS	932894	30000	0
 050103	55	Sound	snd_novia	936996	0	1			0		other	0
 050103	55	Key Input	78	945869	8873	1
 050103	55	Key Input	79	949558	12562	1
 050103	55	Key Input	86	956569	19573	1
 050103	55	Key Input	73	959189	22192	1
 050103	55	Key Input	65	961659	24663	1
 050103	55	Text Input	NOVIA	966996	30000	0
 050103	57	Sound	snd_paja	971424	326	1			0		other	0
 050103	57	Key Input	80	978779	7681	1
 050103	57	Key Input	65	980968	9871	1
 050103	57	Key Input	74	985239	14141	1
 050103	57	Key Input	65	986938	15841	1
 050103	57	Text Input	PAJA	1001098	30000	0
 050103	59	Sound	snd_caramelo	1005477	0	1			0		other	0
 050103	59	Key Input	86	1013269	7792	1
 050103	59	Key Input	65	1015339	9861	1
 050103	59	Key Input	84	1018838	13361	1
 050103	59	Key Input	82	1018879	13401	1
 050103	59	Key Input	161	1034359	28882	1
 050103	59	Text Input	VATR¡	1035477	30000	0
 050103	61	Sound	snd_taza	1039579	0	1			0		other	0
 050103	61	Key Input	84	1049118	9539	1
 050103	61	Key Input	65	1051868	12289	1
 050103	61	Key Input	90	1054268	14689	1
 050103	61	Key Input	65	1056928	17349	1
 050103	61	Text Input	TAZA	1069579	30000	0

Visual picture detection failed over to using scan line information only at the following times:
type	time	timeout	presentation
fail	77426.6	34.725	186
restore	77625	0	187
fail	97109.8	34.725	235
restore	97210.1	0	236


Event Type	Code	Type	Response	RT	RT Uncertainty	Time	Uncertainty	Duration	Uncertainty	ReqTime	ReqDur

Sound	snd_gafas	other				49734	204			0
Sound	snd_regadera	other				83829	1			0
Sound	snd_sangre	other				118000	1			0
Sound	snd_humo	other				152102	1			0
Sound	snd_cresta	other				186204	1			0
Sound	snd_cepillo	other				220305	1			0
Sound	snd_carpeta	other				254407	1			0
Sound	snd_pimiento	other				288509	1			0
Sound	snd_labio	other				322610	1			0
Sound	snd_dinero	other				356712	1			0
Sound	snd_pollo	other				390814	1			0
Sound	snd_cafetera	other				424916	1			0
Sound	snd_columpio	other				459017	1			0
Sound	snd_persiana	other				493119	1			0
Sound	snd_hada	other				527290	1			0
Sound	snd_fresa	other				561392	1			0
Sound	snd_huella	other				595493	1			0
Sound	snd_molino	other				629665	1			0
Sound	snd_lobo	other				663766	1			0
Sound	snd_tortuga	other				697868	1			0
Sound	snd_foca	other				731970	1			0
Sound	snd_cartera	other				766210	1			0
Sound	snd_abeja	other				800312	1			0
Sound	snd_naranja	other				834691	1			0
Sound	snd_cereza	other				868793	1			0
Sound	snd_pistola	other				902895	1			0
Sound	snd_novia	other				936996	1			0
Sound	snd_paja	other				971424	1			0
Sound	snd_caramelo	other				1005477	1			0
Sound	snd_taza	other				1039579	1			0
