Scenario - caja.sce
Logfile written - 11/21/2023 12:56:00

Subject	Trial	Event Type	Code	Time	TTime	Uncertainty	Duration	Uncertainty	ReqTime	ReqDur	Stim Type	Pair Index

080204	1	Response	98	45849	35779	1
080204	3	Sound	snd_cereza	50013	8	211			0		other	0
080204	3	Key Input	86	63738	13733	1
080204	3	Key Input	8	68749	18744	1
080204	3	Key Input	67	69798	19793	1
080204	3	Key Input	69	72498	22493	1
080204	3	Key Input	82	73918	23913	1
080204	3	Key Input	69	75318	25313	1
080204	3	Key Input	90	79059	29054	1
080204	3	Text Input	CEREZ	80005	30000	0
080204	5	Sound	snd_tortuga	84177	0	1			0		other	0
080204	5	Key Input	84	95168	10992	1
080204	5	Key Input	79	97368	13192	1
080204	5	Key Input	82	98898	14722	1
080204	5	Key Input	84	103808	19632	1
080204	5	Key Input	73	107599	23423	1
080204	5	Key Input	71	110658	26482	1
080204	5	Key Input	65	112208	28032	1
080204	5	Text Input	TORTIGA	114176	30000	0
080204	7	Sound	snd_labio	118348	0	1			0		other	0
080204	7	Key Input	76	126588	8241	1
080204	7	Key Input	65	128168	9821	1
080204	7	Key Input	66	129828	11481	1
080204	7	Key Input	73	132008	13661	1
080204	7	Key Input	79	133198	14851	1
080204	7	Text Input	LABIO	148347	30000	0
080204	9	Sound	snd_abeja	152519	0	1			0		other	0
080204	9	Key Input	65	162598	10080	1
080204	9	Key Input	66	164368	11849	1
080204	9	Key Input	69	166098	13579	1
080204	9	Key Input	74	168278	15759	1
080204	9	Key Input	65	169978	17460	1
080204	9	Text Input	ABEJA	182519	30000	0
080204	11	Sound	snd_persiana	186690	0	1			0		other	0
080204	11	Key Input	80	200388	13699	1
080204	11	Key Input	69	203528	16839	1
080204	11	Key Input	82	204898	18209	1
080204	11	Key Input	83	208228	21539	1
080204	11	Key Input	73	209699	23009	1
080204	11	Key Input	65	211268	24578	1
080204	11	Key Input	78	212388	25698	1
080204	11	Key Input	65	213528	26838	1
080204	11	Text Input	PERSIANA	216690	30000	0
080204	13	Sound	snd_gafas	220861	0	1			0		other	0
080204	13	Key Input	71	231238	10378	1
080204	13	Key Input	65	233318	12458	1
080204	13	Key Input	68	238178	17317	1
080204	13	Key Input	65	239118	18257	1
080204	13	Key Input	83	240888	20027	1
080204	13	Key Input	8	244458	23598	1
080204	13	Key Input	8	246208	25348	1
080204	13	Key Input	8	247458	26598	1
080204	13	Key Input	70	248298	27438	1
080204	13	Key Input	65	249278	28418	1
080204	13	Key Input	83	250278	29418	1
080204	13	Text Input	GAFAS	250861	30000	0
080204	15	Sound	snd_carpeta	255032	0	1			0		other	0
080204	15	Key Input	67	263789	8757	1
080204	15	Key Input	65	264968	9936	1
080204	15	Key Input	82	268018	12986	1
080204	15	Key Input	80	271138	16106	1
080204	15	Key Input	69	273078	18046	1
080204	15	Key Input	84	274688	19656	1
080204	15	Key Input	65	278588	23557	1
080204	15	Text Input	CARPETA	285032	30000	0
080204	17	Sound	snd_dinero	289273	0	1			0		other	0
080204	17	Key Input	68	297388	8116	1
080204	17	Key Input	73	298788	9516	1
080204	17	Key Input	78	299998	10725	1
080204	17	Key Input	69	301378	12106	1
080204	17	Key Input	82	302868	13595	1
080204	17	Key Input	80	304968	15695	1
080204	17	Key Input	8	310498	21225	1
080204	17	Key Input	73	312158	22885	1
080204	17	Text Input	DINERI	319273	30000	0
080204	19	Sound	snd_pistola	323444	0	1			0		other	0
080204	19	Key Input	80	342028	18584	1
080204	19	Key Input	73	344588	21144	1
080204	19	Key Input	83	346138	22694	1
080204	19	Key Input	84	348397	24953	1
080204	19	Key Input	80	351308	27864	1
080204	19	Text Input	PISTP	353444	30000	0
080204	21	Sound	snd_taza	357615	0	1			0		other	0
080204	21	Key Input	89	367259	9644	1
080204	21	Key Input	84	367278	9664	1
080204	21	Key Input	65	368408	10793	1
080204	21	Key Input	90	370569	12954	1
080204	21	Key Input	65	372788	15173	1
080204	21	Text Input	YTAZA	387615	30000	0
080204	23	Sound	snd_foca	391786	0	1			0		other	0
080204	23	Key Input	70	401688	9902	1
080204	23	Key Input	79	404838	13052	1
080204	23	Key Input	67	407158	15372	1
080204	23	Key Input	65	408357	16572	1
080204	23	Text Input	FOCA	421786	30000	0
080204	25	Sound	snd_caramelo	426166	0	1			0		other	0
080204	25	Key Input	67	435299	9133	1
080204	25	Key Input	65	436628	10462	1
080204	25	Key Input	82	438888	12723	1
080204	25	Key Input	65	440118	13953	1
080204	25	Key Input	77	443578	17412	1
080204	25	Key Input	69	445418	19253	1
080204	25	Key Input	76	448889	22723	1
080204	25	Key Input	79	452188	26023	1
080204	25	Text Input	CARAMELO	456166	30000	0
080204	27	Sound	snd_cafetera	460337	0	1			0		other	0
080204	27	Key Input	67	475538	15202	1
080204	27	Key Input	65	476808	16472	1
080204	27	Key Input	70	479108	18772	1
080204	27	Key Input	69	480988	20652	1
080204	27	Key Input	84	483318	22982	1
080204	27	Key Input	69	484508	24172	1
080204	27	Key Input	82	485738	25401	1
080204	27	Key Input	65	488488	28151	1
080204	27	Text Input	CAFETERA	490337	30000	0
080204	29	Sound	snd_sangre	494508	0	1			0		other	0
080204	29	Key Input	83	506808	12301	1
080204	29	Key Input	65	507948	13441	1
080204	29	Key Input	66	511578	17071	1
080204	29	Key Input	80	516908	22400	1
080204	29	Key Input	8	520888	26380	1
080204	29	Key Input	70	522668	28160	1
080204	29	Key Input	69	524308	29801	1
080204	29	Text Input	SABFE	524508	30000	0
080204	31	Sound	snd_pollo	528679	0	1			0		other	0
080204	31	Key Input	80	541428	12749	1
080204	31	Key Input	79	551489	22810	1
080204	31	Key Input	76	554718	26039	1
080204	31	Key Input	76	556188	27509	1
080204	31	Text Input	POLL	558679	30000	0
080204	33	Sound	snd_humo	562850	0	1			0		other	0
080204	33	Key Input	72	573238	10388	1
080204	33	Key Input	73	574798	11948	1
080204	33	Key Input	77	578048	15198	1
080204	33	Key Input	79	579378	16528	1
080204	33	Text Input	HIMO	592850	30000	0
080204	35	Sound	snd_columpio	597022	0	1			0		other	0
080204	35	Key Input	67	607899	10877	1
080204	35	Key Input	79	611078	14057	1
080204	35	Key Input	76	614198	17177	1
080204	35	Key Input	73	618518	21497	1
080204	35	Key Input	77	622548	25527	1
080204	35	Key Input	80	624188	27167	1
080204	35	Key Input	73	626608	29587	1
080204	35	Text Input	COLIMPI	627021	30000	0
080204	37	Sound	snd_lobo	631193	0	1			0		other	0
080204	37	Key Input	76	639208	8016	1
080204	37	Key Input	79	641208	10015	1
080204	37	Key Input	66	645488	14296	1
080204	37	Key Input	78	645508	14316	1
080204	37	Key Input	80	650978	19785	1
080204	37	Text Input	LOBNP	661192	30000	0
080204	39	Sound	snd_molino	665364	0	1			0		other	0
080204	39	Key Input	77	675459	10095	1
080204	39	Key Input	80	678338	12975	1
080204	39	Key Input	209	683768	18405	1
080204	39	Key Input	73	686258	20895	1
080204	39	Key Input	78	688298	22935	1
080204	39	Key Input	80	690038	24675	1
080204	39	Text Input	MPÑINP	695363	30000	0
080204	41	Sound	snd_hada	699535	0	1			0		other	0
080204	41	Key Input	72	709888	10354	1
080204	41	Key Input	65	712728	13194	1
080204	41	Key Input	70	715088	15554	1
080204	41	Key Input	65	716618	17084	1
080204	41	Key Input	8	719918	20384	1
080204	41	Key Input	8	721658	22124	1
080204	41	Key Input	68	721878	22344	1
080204	41	Key Input	65	722858	23323	1
080204	41	Text Input	HADA	729535	30000	0
080204	43	Sound	snd_naranja	733775	0	1			0		other	0
080204	43	Key Input	78	742648	8873	1
080204	43	Key Input	65	745338	11563	1
080204	43	Key Input	82	747618	13843	1
080204	43	Key Input	65	748808	15033	1
080204	43	Key Input	78	752768	18993	1
080204	43	Key Input	74	759228	25453	1
080204	43	Key Input	65	762078	28303	1
080204	43	Text Input	NARANJA	763775	30000	0
080204	45	Sound	snd_regadera	767947	0	1			0		other	0
080204	45	Key Input	82	778098	10152	1
080204	45	Key Input	69	779398	11452	1
080204	45	Key Input	71	782428	14481	1
080204	45	Key Input	90	791568	23622	1
080204	45	Key Input	70	796218	28272	1
080204	45	Key Input	69	797607	29661	1
080204	45	Text Input	REGZFE	797946	30000	0
080204	47	Sound	snd_paja	802118	0	1			0		other	0
080204	47	Key Input	79	821157	19040	1
080204	47	Key Input	80	826068	23950	1
080204	47	Key Input	65	830048	27930	1
080204	47	Text Input	OPA	832118	30000	0
080204	49	Sound	snd_cartera	836289	0	1			0		other	0
080204	49	Key Input	67	849578	13289	1
080204	49	Key Input	65	853078	16789	1
080204	49	Key Input	82	856877	20589	1
080204	49	Key Input	84	859858	23569	1
080204	49	Key Input	69	861538	25249	1
080204	49	Key Input	82	863307	27019	1
080204	49	Key Input	90	865568	29279	1
080204	49	Text Input	CARTERZ	866289	30000	0
080204	51	Sound	snd_cresta	870460	0	1			0		other	0
080204	51	Key Input	67	880638	10178	1
080204	51	Key Input	82	884377	13918	1
080204	51	Key Input	69	886437	15978	1
080204	51	Key Input	83	890948	20488	1
080204	51	Key Input	84	893597	23138	1
080204	51	Key Input	65	895808	25348	1
080204	51	Text Input	CRESTA	900460	30000	0
080204	53	Sound	snd_huella	904631	0	1			0		other	0
080204	53	Key Input	71	916138	11508	1
080204	53	Key Input	85	917838	13207	1
080204	53	Key Input	69	919718	15087	1
080204	53	Key Input	75	923858	19227	1
080204	53	Key Input	75	925768	21137	1
080204	53	Key Input	65	927528	22897	1
080204	53	Text Input	GUEKKA	934631	30000	0
080204	55	Sound	snd_pimiento	938802	0	1			0		other	0
080204	55	Key Input	73	958018	19216	1
080204	55	Key Input	77	960908	22106	1
080204	55	Key Input	73	962248	23446	1
080204	55	Key Input	69	965168	26366	1
080204	55	Key Input	52	965178	26376	1
080204	55	Key Input	78	966678	27876	1
080204	55	Key Input	84	968458	29656	1
080204	55	Text Input	IMIE4NT	968802	30000	0
080204	57	Sound	snd_cepillo	973043	0	1			0		other	0
080204	57	Key Input	67	981818	8776	1
080204	57	Key Input	69	983908	10865	1
080204	57	Key Input	43	997478	24436	1
080204	57	Key Input	43	1001508	28465	1
080204	57	Text Input	CE++	1003043	30000	0
080204	59	Sound	snd_fresa	1007214	0	1			0		other	0
080204	59	Key Input	209	1011058	3845	1
080204	59	Key Input	70	1021168	13954	1
080204	59	Key Input	82	1023898	16684	1
080204	59	Key Input	69	1024008	16794	1
080204	59	Key Input	83	1027018	19804	1
080204	59	Key Input	65	1029078	21864	1
080204	59	Text Input	ÑFRESA	1037214	30000	0
080204	61	Sound	snd_novia	1041385	0	1			0		other	0
080204	61	Key Input	78	1052018	10633	1
080204	61	Key Input	79	1054698	13313	1
080204	61	Key Input	86	1058178	16793	1
080204	61	Key Input	73	1060628	19243	1
080204	61	Key Input	79	1063048	21663	1
080204	61	Key Input	83	1066908	25523	1
080204	61	Text Input	NOVIOS	1071385	30000	0


Event Type	Code	Type	Response	RT	RT Uncertainty	Time	Uncertainty	Duration	Uncertainty	ReqTime	ReqDur

Sound	snd_cereza	other				50013	211			0
Sound	snd_tortuga	other				84177	1			0
Sound	snd_labio	other				118348	1			0
Sound	snd_abeja	other				152519	1			0
Sound	snd_persiana	other				186690	1			0
Sound	snd_gafas	other				220861	1			0
Sound	snd_carpeta	other				255032	1			0
Sound	snd_dinero	other				289273	1			0
Sound	snd_pistola	other				323444	1			0
Sound	snd_taza	other				357615	1			0
Sound	snd_foca	other				391786	1			0
Sound	snd_caramelo	other				426166	1			0
Sound	snd_cafetera	other				460337	1			0
Sound	snd_sangre	other				494508	1			0
Sound	snd_pollo	other				528679	1			0
Sound	snd_humo	other				562850	1			0
Sound	snd_columpio	other				597022	1			0
Sound	snd_lobo	other				631193	1			0
Sound	snd_molino	other				665364	1			0
Sound	snd_hada	other				699535	1			0
Sound	snd_naranja	other				733775	1			0
Sound	snd_regadera	other				767947	1			0
Sound	snd_paja	other				802118	1			0
Sound	snd_cartera	other				836289	1			0
Sound	snd_cresta	other				870460	1			0
Sound	snd_huella	other				904631	1			0
Sound	snd_pimiento	other				938802	1			0
Sound	snd_cepillo	other				973043	1			0
Sound	snd_fresa	other				1007214	1			0
Sound	snd_novia	other				1041385	1			0
