Scenario - caja.sce
Logfile written - 11/27/2023 13:07:02

Subject	Trial	Event Type	Code	Time	TTime	Uncertainty	Duration	Uncertainty	ReqTime	ReqDur	Stim Type	Pair Index

110102	1	Response	98	75447	65378	1
110102	3	Sound	snd_gafas	79600	8	211			0		other	0
110102	3	Key Input	71	90498	10906	1
110102	3	Key Input	65	92807	13215	1
110102	3	Key Input	68	96967	17375	1
110102	3	Key Input	65	100567	20975	1
110102	3	Key Input	83	104067	24475	1
110102	3	Text Input	GADAS	109592	30000	0
110102	5	Sound	snd_lobo	113764	0	1			0		other	0
110102	5	Key Input	76	122208	8444	1
110102	5	Key Input	79	125607	11844	1
110102	5	Key Input	66	129977	16214	1
110102	5	Key Input	79	133037	19274	1
110102	5	Text Input	LOBO	143764	30000	0
110102	7	Sound	snd_labio	147935	0	1			0		other	0
110102	7	Key Input	76	156458	8523	1
110102	7	Key Input	65	158427	10493	1
110102	7	Key Input	66	161127	13193	1
110102	7	Key Input	85	165287	17353	1
110102	7	Key Input	73	167137	19203	1
110102	7	Text Input	LABUI	177935	30000	0
110102	9	Sound	snd_dinero	182106	0	1			0		other	0
110102	9	Key Input	68	190498	8392	1
110102	9	Key Input	85	193227	11122	1
110102	9	Key Input	78	199337	17232	1
110102	9	Key Input	69	202237	20132	1
110102	9	Key Input	82	206857	24752	1
110102	9	Key Input	73	208747	26641	1
110102	9	Text Input	DUNERI	212106	30000	0
110102	11	Sound	snd_persiana	216347	0	1			0		other	0
110102	11	Key Input	79	226878	10531	1
110102	11	Key Input	69	230237	13891	1
110102	11	Key Input	82	232617	16271	1
110102	11	Key Input	83	240397	24051	1
110102	11	Key Input	68	240437	24091	1
110102	11	Key Input	73	241687	25341	1
110102	11	Key Input	71	244077	27731	1
110102	11	Key Input	72	244277	27931	1
110102	11	Key Input	65	244797	28451	1
110102	11	Text Input	OERSDIGHA	246346	30000	0
110102	13	Sound	snd_cresta	250518	0	1			0		other	0
110102	13	Key Input	67	259587	9070	1
110102	13	Key Input	82	262637	12120	1
110102	13	Key Input	69	264857	14340	1
110102	13	Key Input	83	270258	19740	1
110102	13	Key Input	79	272507	21990	1
110102	13	Key Input	65	273667	23150	1
110102	13	Text Input	CRESOA	280518	30000	0
110102	15	Sound	snd_pimiento	284758	0	1			0		other	0
110102	15	Key Input	80	295147	10389	1
110102	15	Key Input	73	298157	13399	1
110102	15	Key Input	77	304597	19839	1
110102	15	Key Input	77	305617	20859	1
110102	15	Key Input	73	309187	24429	1
110102	15	Key Input	69	311107	26349	1
110102	15	Key Input	78	314437	29679	1
110102	15	Text Input	PIMMIEN	314758	30000	0
110102	17	Sound	snd_carpeta	318930	0	1			0		other	0
110102	17	Key Input	67	327197	8268	1
110102	17	Key Input	65	330468	11538	1
110102	17	Key Input	82	333647	14717	1
110102	17	Key Input	80	336947	18017	1
110102	17	Key Input	69	339127	20197	1
110102	17	Key Input	84	343657	24727	1
110102	17	Key Input	65	345577	26647	1
110102	17	Text Input	CARPETA	348929	30000	0
110102	19	Sound	snd_hada	353101	0	1			0		other	0
110102	19	Key Input	72	362137	9037	1
110102	19	Key Input	65	363777	10677	1
110102	19	Key Input	68	365937	12837	1
110102	19	Key Input	65	368017	14917	1
110102	19	Text Input	HADA	383101	30000	0
110102	21	Sound	snd_cafetera	387341	0	1			0		other	0
110102	21	Key Input	86	396947	9606	1
110102	21	Key Input	65	399037	11696	1
110102	21	Key Input	68	404317	16976	1
110102	21	Key Input	69	408307	20966	1
110102	21	Key Input	89	414037	26696	1
110102	21	Key Input	69	415627	28286	1
110102	21	Key Input	82	417327	29986	1
110102	21	Text Input	VADEYER	417341	30000	0
110102	23	Sound	snd_cartera	421512	0	1			0		other	0
110102	23	Key Input	67	429767	8255	1
110102	23	Key Input	65	431667	10155	1
110102	23	Key Input	82	434377	12865	1
110102	23	Key Input	89	436717	15205	1
110102	23	Key Input	69	442337	20825	1
110102	23	Key Input	82	445937	24425	1
110102	23	Key Input	65	448067	26555	1
110102	23	Text Input	CARYERA	451512	30000	0
110102	25	Sound	snd_caramelo	455684	0	1			0		other	0
110102	25	Key Input	67	465217	9534	1
110102	25	Key Input	65	467137	11454	1
110102	25	Key Input	82	469087	13404	1
110102	25	Key Input	65	471047	15364	1
110102	25	Key Input	75	477257	21574	1
110102	25	Key Input	69	479307	23623	1
110102	25	Key Input	76	482477	26793	1
110102	25	Key Input	79	485327	29644	1
110102	25	Text Input	CARAKELO	485683	30000	0
110102	27	Sound	snd_paja	489855	0	1			0		other	0
110102	27	Key Input	80	497387	7533	1
110102	27	Key Input	65	499267	9413	1
110102	27	Key Input	75	506227	16373	1
110102	27	Key Input	65	508147	18293	1
110102	27	Text Input	PAKA	519855	30000	0
110102	29	Sound	snd_pollo	524165	0	1			0		other	0
110102	29	Key Input	80	530217	6053	1
110102	29	Key Input	73	536347	12183	1
110102	29	Key Input	76	539937	15772	1
110102	29	Key Input	76	541617	17453	1
110102	29	Key Input	73	544027	19863	1
110102	29	Text Input	PILLI	554165	30000	0
110102	31	Sound	snd_cepillo	558336	0	1			0		other	0
110102	31	Key Input	67	566257	7922	1
110102	31	Key Input	69	569087	10752	1
110102	31	Key Input	80	571577	13242	1
110102	31	Key Input	73	574787	16451	1
110102	31	Key Input	76	578277	19941	1
110102	31	Key Input	76	580427	22091	1
110102	31	Key Input	79	582876	24541	1
110102	31	Text Input	CEPILLO	588336	30000	0
110102	33	Sound	snd_cereza	592507	0	1			0		other	0
110102	33	Key Input	67	601777	9270	1
110102	33	Key Input	69	604607	12100	1
110102	33	Key Input	82	606537	14030	1
110102	33	Key Input	69	608367	15860	1
110102	33	Key Input	90	612607	20100	1
110102	33	Key Input	65	616136	23630	1
110102	33	Text Input	CEREZA	622507	30000	0
110102	35	Sound	snd_naranja	626956	0	1			0		other	0
110102	35	Key Input	72	637287	10332	1
110102	35	Key Input	65	640716	13761	1
110102	35	Key Input	82	647277	20322	1
110102	35	Key Input	65	649257	22301	1
110102	35	Key Input	78	652487	25531	1
110102	35	Text Input	HARAN	656956	30000	0
110102	37	Sound	snd_foca	661127	0	1			0		other	0
110102	37	Key Input	70	671497	10370	1
110102	37	Key Input	80	674377	13250	1
110102	37	Key Input	68	681107	19981	1
110102	37	Key Input	65	684077	22950	1
110102	37	Text Input	FPDA	691127	30000	0
110102	39	Sound	snd_taza	695298	0	1			0		other	0
110102	39	Key Input	54	704677	9379	1
110102	39	Key Input	65	708147	12849	1
110102	39	Key Input	90	715997	20699	1
110102	39	Key Input	65	719106	23808	1
110102	39	Text Input	6AZA	725298	30000	0
110102	41	Sound	snd_molino	729470	0	1			0		other	0
110102	41	Key Input	77	739587	10118	1
110102	41	Key Input	73	742066	12597	1
110102	41	Key Input	76	746127	16658	1
110102	41	Key Input	73	750297	20828	1
110102	41	Key Input	66	754477	25008	1
110102	41	Key Input	79	756397	26928	1
110102	41	Text Input	MILIBO	759469	30000	0
110102	43	Sound	snd_tortuga	763641	0	1			0		other	0
110102	43	Key Input	82	773677	10037	1
110102	43	Key Input	73	776847	13207	1
110102	43	Key Input	82	781027	17387	1
110102	43	Key Input	84	785767	22127	1
110102	43	Key Input	85	787507	23867	1
110102	43	Key Input	70	790727	27086	1
110102	43	Key Input	65	792746	29106	1
110102	43	Text Input	RIRTUFA	793640	30000	0
110102	45	Sound	snd_humo	797812	0	1			0		other	0
110102	45	Key Input	72	804717	6905	1
110102	45	Key Input	85	807556	9745	1
110102	45	Key Input	75	812586	14775	1
110102	45	Key Input	79	819657	21845	1
110102	45	Text Input	HUKO	827812	30000	0
110102	47	Sound	snd_fresa	831983	0	1			0		other	0
110102	47	Key Input	70	840777	8794	1
110102	47	Key Input	82	843907	11924	1
110102	47	Key Input	69	846476	14494	1
110102	47	Key Input	83	849206	17224	1
110102	47	Key Input	65	851376	19394	1
110102	47	Text Input	FRESA	861983	30000	0
110102	49	Sound	snd_pistola	866154	0	1			0		other	0
110102	49	Key Input	72	874507	8353	1
110102	49	Key Input	85	880486	14333	1
110102	49	Key Input	83	884026	17873	1
110102	49	Key Input	80	888186	22033	1
110102	49	Text Input	HUSP	896154	30000	0
110102	51	Sound	snd_columpio	900325	0	1			0		other	0
110102	51	Key Input	67	910207	9882	1
110102	51	Key Input	79	911907	11582	1
110102	51	Key Input	76	917688	17363	1
110102	51	Key Input	85	920197	19872	1
110102	51	Key Input	78	923587	23262	1
110102	51	Key Input	79	929597	29272	1
110102	51	Text Input	COLUNO	930325	30000	0
110102	53	Sound	snd_novia	934496	0	1			0		other	0
110102	53	Key Input	78	942957	8461	1
110102	53	Key Input	73	945627	11131	1
110102	53	Key Input	86	949327	14831	1
110102	53	Key Input	85	952177	17681	1
110102	53	Key Input	73	955227	20730	1
110102	53	Text Input	NIVUI	964496	30000	0
110102	55	Sound	snd_regadera	968668	0	1			0		other	0
110102	55	Key Input	82	979467	10800	1
110102	55	Key Input	69	981607	12939	1
110102	55	Key Input	71	983846	15179	1
110102	55	Key Input	65	986006	17339	1
110102	55	Key Input	68	988836	20169	1
110102	55	Key Input	69	990646	21979	1
110102	55	Key Input	82	992567	23899	1
110102	55	Key Input	65	995636	26969	1
110102	55	Text Input	REGADERA	998667	30000	0
110102	57	Sound	snd_sangre	1002839	0	1			0		other	0
110102	57	Key Input	83	1011567	8729	1
110102	57	Key Input	65	1013687	10848	1
110102	57	Key Input	78	1015847	13008	1
110102	57	Key Input	70	1021397	18559	1
110102	57	Key Input	82	1025717	22879	1
110102	57	Key Input	69	1027637	24799	1
110102	57	Key Input	65	1029787	26949	1
110102	57	Text Input	SANFREA	1032838	30000	0
110102	59	Sound	snd_huella	1037010	0	1			0		other	0
110102	59	Key Input	71	1046417	9407	1
110102	59	Key Input	89	1048446	11437	1
110102	59	Key Input	69	1050636	13627	1
110102	59	Key Input	74	1053787	16777	1
110102	59	Key Input	74	1055947	18937	1
110102	59	Key Input	65	1057737	20727	1
110102	59	Text Input	GYEJJA	1067010	30000	0
110102	61	Sound	snd_abeja	1071181	0	1			0		other	0
110102	61	Key Input	65	1080617	9437	1
110102	61	Key Input	66	1085357	14176	1
110102	61	Key Input	69	1088667	17486	1
110102	61	Key Input	74	1095957	24776	1
110102	61	Key Input	65	1098457	27276	1
110102	61	Text Input	ABEJA	1101181	30000	0


Event Type	Code	Type	Response	RT	RT Uncertainty	Time	Uncertainty	Duration	Uncertainty	ReqTime	ReqDur

Sound	snd_gafas	other				79600	211			0
Sound	snd_lobo	other				113764	1			0
Sound	snd_labio	other				147935	1			0
Sound	snd_dinero	other				182106	1			0
Sound	snd_persiana	other				216347	1			0
Sound	snd_cresta	other				250518	1			0
Sound	snd_pimiento	other				284758	1			0
Sound	snd_carpeta	other				318930	1			0
Sound	snd_hada	other				353101	1			0
Sound	snd_cafetera	other				387341	1			0
Sound	snd_cartera	other				421512	1			0
Sound	snd_caramelo	other				455684	1			0
Sound	snd_paja	other				489855	1			0
Sound	snd_pollo	other				524165	1			0
Sound	snd_cepillo	other				558336	1			0
Sound	snd_cereza	other				592507	1			0
Sound	snd_naranja	other				626956	1			0
Sound	snd_foca	other				661127	1			0
Sound	snd_taza	other				695298	1			0
Sound	snd_molino	other				729470	1			0
Sound	snd_tortuga	other				763641	1			0
Sound	snd_humo	other				797812	1			0
Sound	snd_fresa	other				831983	1			0
Sound	snd_pistola	other				866154	1			0
Sound	snd_columpio	other				900325	1			0
Sound	snd_novia	other				934496	1			0
Sound	snd_regadera	other				968668	1			0
Sound	snd_sangre	other				1002839	1			0
Sound	snd_huella	other				1037010	1			0
Sound	snd_abeja	other				1071181	1			0
