Scenario - caja.sce
Logfile written - 11/27/2023 14:28:57

Subject	Trial	Event Type	Code	Time	TTime	Uncertainty	Duration	Uncertainty	ReqTime	ReqDur	Stim Type	Pair Index

120202	1	Response	98	34061	23992	1
120202	3	Sound	snd_pollo	38136	7	209			0		other	0
120202	3	Key Input	80	46921	8793	1
120202	3	Key Input	79	50941	12813	1
120202	3	Key Input	76	54121	15993	1
120202	3	Key Input	76	55862	17733	1
120202	3	Key Input	79	58041	19913	1
120202	3	Text Input	POLLO	68129	30000	0
120202	5	Sound	snd_dinero	72231	0	1			0		other	0
120202	5	Key Input	70	84901	12671	1
120202	5	Key Input	73	88861	16631	1
120202	5	Key Input	72	94191	21961	1
120202	5	Key Input	69	96391	24161	1
120202	5	Key Input	82	99271	27041	1
120202	5	Key Input	79	101191	28961	1
120202	5	Text Input	FIHERO	102230	30000	0
120202	7	Sound	snd_paja	106332	0	1			0		other	0
120202	7	Key Input	80	113031	6699	1
120202	7	Key Input	65	117021	10689	1
120202	7	Key Input	74	120051	13719	1
120202	7	Key Input	65	122681	16349	1
120202	7	Text Input	PAJA	136332	30000	0
120202	9	Sound	snd_taza	140434	0	1			0		other	0
120202	9	Key Input	82	150271	9837	1
120202	9	Key Input	65	152790	12357	1
120202	9	Key Input	90	158351	17918	1
120202	9	Key Input	65	160971	20538	1
120202	9	Text Input	RAZA	170434	30000	0
120202	11	Sound	snd_gafas	174536	0	1			0		other	0
120202	11	Key Input	72	187581	13046	1
120202	11	Key Input	65	193031	18496	1
120202	11	Key Input	68	197621	23086	1
120202	11	Key Input	65	201821	27286	1
120202	11	Key Input	83	204181	29646	1
120202	11	Text Input	HADAS	204535	30000	0
120202	13	Sound	snd_humo	208707	0	1			0		other	0
120202	13	Key Input	72	218431	9725	1
120202	13	Key Input	85	222121	13415	1
120202	13	Key Input	75	229111	20405	1
120202	13	Key Input	79	233241	24535	1
120202	13	Text Input	HUKO	238707	30000	0
120202	15	Sound	snd_tortuga	242878	0	1			0		other	0
120202	15	Key Input	84	252271	9394	1
120202	15	Key Input	79	255701	12823	1
120202	15	Key Input	82	258801	15923	1
120202	15	Key Input	84	262091	19213	1
120202	15	Key Input	85	265140	22263	1
120202	15	Key Input	65	271011	28133	1
120202	15	Text Input	TORTUA	272878	30000	0
120202	17	Sound	snd_naranja	276980	0	1			0		other	0
120202	17	Key Input	78	286680	9701	1
120202	17	Key Input	65	289700	12721	1
120202	17	Key Input	82	296851	19871	1
120202	17	Key Input	65	301210	24231	1
120202	17	Key Input	78	304361	27381	1
120202	17	Text Input	NARAN	306979	30000	0
120202	19	Sound	snd_sangre	311081	0	1			0		other	0
120202	19	Key Input	83	321681	10600	1
120202	19	Key Input	65	324001	12919	1
120202	19	Key Input	78	325631	14550	1
120202	19	Key Input	70	329620	18539	1
120202	19	Key Input	82	335941	24860	1
120202	19	Key Input	69	337870	26789	1
120202	19	Text Input	SANFRE	341081	30000	0
120202	21	Sound	snd_cartera	345183	0	1			0		other	0
120202	21	Key Input	67	354891	9708	1
120202	21	Key Input	65	358390	13208	1
120202	21	Key Input	82	362351	17168	1
120202	21	Key Input	84	366601	21418	1
120202	21	Key Input	69	368220	23038	1
120202	21	Key Input	82	369861	24678	1
120202	21	Key Input	65	372161	26978	1
120202	21	Text Input	CARTERA	375183	30000	0
120202	23	Sound	snd_carpeta	379285	0	1			0		other	0
120202	23	Key Input	88	390181	10897	1
120202	23	Key Input	67	398791	19507	1
120202	23	Key Input	65	401200	21916	1
120202	23	Key Input	82	404551	25267	1
120202	23	Key Input	79	407721	28436	1
120202	23	Key Input	69	409010	29726	1
120202	23	Text Input	XCAROE	409284	30000	0
120202	25	Sound	snd_cepillo	413386	0	1			0		other	0
120202	25	Key Input	86	424301	10915	1
120202	25	Key Input	69	429521	16135	1
120202	25	Key Input	80	432551	19165	1
120202	25	Key Input	73	436061	22675	1
120202	25	Key Input	76	439481	26095	1
120202	25	Key Input	76	441231	27845	1
120202	25	Text Input	VEPILL	443386	30000	0
120202	27	Sound	snd_fresa	447488	0	1			0		other	0
120202	27	Key Input	71	457461	9973	1
120202	27	Key Input	84	461170	13683	1
120202	27	Key Input	82	463781	16293	1
120202	27	Key Input	68	467241	19753	1
120202	27	Key Input	83	469800	22313	1
120202	27	Text Input	GTRDS	477488	30000	0
120202	29	Sound	snd_regadera	481590	0	1			0		other	0
120202	29	Key Input	82	490991	9401	1
120202	29	Key Input	69	496450	14861	1
120202	29	Key Input	69	497390	15801	1
120202	29	Key Input	71	500760	19171	1
120202	29	Key Input	65	503060	21471	1
120202	29	Key Input	70	506470	24881	1
120202	29	Key Input	69	508750	27161	1
120202	29	Key Input	82	508770	27181	1
120202	29	Key Input	84	510460	28871	1
120202	29	Text Input	REEGAFERT	511590	30000	0
120202	31	Sound	snd_cereza	515692	0	1			0		other	0
120202	31	Key Input	86	524871	9180	1
120202	31	Key Input	69	532121	16430	1
120202	31	Key Input	82	534091	18400	1
120202	31	Key Input	69	535781	20090	1
120202	31	Key Input	90	539371	23679	1
120202	31	Key Input	65	541921	26230	1
120202	31	Text Input	VEREZA	545691	30000	0
120202	33	Sound	snd_caramelo	549793	0	1			0		other	0
120202	33	Key Input	67	557451	7658	1
120202	33	Key Input	65	561060	11267	1
120202	33	Key Input	82	565360	15568	1
120202	33	Key Input	65	568001	18208	1
120202	33	Key Input	78	573601	23808	1
120202	33	Key Input	69	575431	25638	1
120202	33	Key Input	75	578060	28267	1
120202	33	Text Input	CARANEK	579793	30000	0
120202	35	Sound	snd_pistola	583895	0	1			0		other	0
120202	35	Key Input	80	599560	15666	1
120202	35	Key Input	73	603390	19496	1
120202	35	Key Input	88	608460	24566	1
120202	35	Key Input	71	612050	28156	1
120202	35	Text Input	PIXG	613895	30000	0
120202	37	Sound	snd_labio	617997	0	1			0		other	0
120202	37	Key Input	76	627171	9175	1
120202	37	Key Input	90	629940	11944	1
120202	37	Key Input	66	633260	15264	1
120202	37	Key Input	73	637300	19304	1
120202	37	Key Input	79	640400	22404	1
120202	37	Text Input	LZBIO	647996	30000	0
120202	39	Sound	snd_hada	652098	0	1			0		other	0
120202	39	Key Input	71	661691	9593	1
120202	39	Key Input	65	665251	13153	1
120202	39	Key Input	68	669910	17812	1
120202	39	Key Input	83	673020	20922	1
120202	39	Key Input	83	674290	22192	1
120202	39	Text Input	GADSS	682098	30000	0
120202	41	Sound	snd_abeja	686200	0	1			0		other	0
120202	41	Key Input	65	697670	11471	1
120202	41	Key Input	66	700830	14631	1
120202	41	Key Input	69	703430	17231	1
120202	41	Key Input	74	708150	21950	1
120202	41	Key Input	65	710300	24101	1
120202	41	Text Input	ABEJA	716200	30000	0
120202	43	Sound	snd_columpio	720302	0	1			0		other	0
120202	43	Key Input	67	729841	9539	1
120202	43	Key Input	79	732340	12039	1
120202	43	Key Input	76	735150	14849	1
120202	43	Key Input	85	738590	18289	1
120202	43	Key Input	75	743270	22969	1
120202	43	Key Input	74	746040	25739	1
120202	43	Text Input	COLUKJ	750301	30000	0
120202	45	Sound	snd_cresta	754403	0	1			0		other	0
120202	45	Key Input	67	762481	8078	1
120202	45	Key Input	68	769671	15268	1
120202	45	Key Input	87	783461	29058	1
120202	45	Text Input	CDW	784403	30000	0
120202	47	Sound	snd_foca	788505	0	1			0		other	0
120202	47	Key Input	67	798421	9916	1
120202	47	Key Input	79	802901	14396	1
120202	47	Key Input	32	805621	17116	1
120202	47	Response	98	805621	17116	1
120202	47	Key Input	90	810321	21816	1
120202	47	Text Input	CO Z	818505	30000	0
120202	49	Sound	snd_huella	822607	0	1			0		other	0
120202	49	Key Input	72	833231	10625	1
120202	49	Key Input	85	837131	14524	1
120202	49	Key Input	82	840361	17754	1
120202	49	Key Input	79	843851	21245	1
120202	49	Key Input	79	845421	22814	1
120202	49	Key Input	65	847901	25295	1
120202	49	Text Input	HUROOA	852607	30000	0
120202	51	Sound	snd_persiana	856778	0	1			0		other	0
120202	51	Key Input	80	868311	11533	1
120202	51	Key Input	69	873501	16723	1
120202	51	Key Input	82	878581	21803	1
120202	51	Key Input	68	882281	25503	1
120202	51	Key Input	73	885211	28433	1
120202	51	Key Input	83	886491	29713	1
120202	51	Text Input	PERDIS	886778	30000	0
120202	53	Sound	snd_cafetera	890880	0	1			0		other	0
120202	53	Key Input	67	901571	10692	1
120202	53	Key Input	83	906211	15331	1
120202	53	Key Input	74	909461	18582	1
120202	53	Key Input	82	914101	23221	1
120202	53	Key Input	84	919491	28611	1
120202	53	Text Input	CSJRT	920879	30000	0
120202	55	Sound	snd_novia	925051	0	1			0		other	0
120202	55	Key Input	77	936251	11200	1
120202	55	Key Input	80	944371	19321	1
120202	55	Key Input	66	948041	22990	1
120202	55	Key Input	73	950721	25670	1
120202	55	Key Input	83	953351	28300	1
120202	55	Text Input	MPBIS	955051	30000	0
120202	57	Sound	snd_pimiento	959152	0	1			0		other	0
120202	57	Key Input	80	970660	11508	1
120202	57	Key Input	73	975970	16818	1
120202	57	Key Input	75	980820	21668	1
120202	57	Key Input	57	987671	28519	1
120202	57	Text Input	PIK9	989152	30000	0
120202	59	Sound	snd_molino	993254	0	1			0		other	0
120202	59	Key Input	77	1002861	9607	1
120202	59	Key Input	80	1007180	13926	1
120202	59	Key Input	76	1014161	20907	1
120202	59	Key Input	73	1019271	26017	1
120202	59	Text Input	MPLI	1023254	30000	0
120202	61	Sound	snd_lobo	1027356	0	1			0		other	0
120202	61	Key Input	76	1035931	8575	1
120202	61	Key Input	79	1039881	12525	1
120202	61	Key Input	86	1043980	16625	1
120202	61	Key Input	79	1045901	18545	1
120202	61	Text Input	LOVO	1057356	30000	0


Event Type	Code	Type	Response	RT	RT Uncertainty	Time	Uncertainty	Duration	Uncertainty	ReqTime	ReqDur

Sound	snd_pollo	other				38136	209			0
Sound	snd_dinero	other				72231	1			0
Sound	snd_paja	other				106332	1			0
Sound	snd_taza	other				140434	1			0
Sound	snd_gafas	other				174536	1			0
Sound	snd_humo	other				208707	1			0
Sound	snd_tortuga	other				242878	1			0
Sound	snd_naranja	other				276980	1			0
Sound	snd_sangre	other				311081	1			0
Sound	snd_cartera	other				345183	1			0
Sound	snd_carpeta	other				379285	1			0
Sound	snd_cepillo	other				413386	1			0
Sound	snd_fresa	other				447488	1			0
Sound	snd_regadera	other				481590	1			0
Sound	snd_cereza	other				515692	1			0
Sound	snd_caramelo	other				549793	1			0
Sound	snd_pistola	other				583895	1			0
Sound	snd_labio	other				617997	1			0
Sound	snd_hada	other				652098	1			0
Sound	snd_abeja	other				686200	1			0
Sound	snd_columpio	other				720302	1			0
Sound	snd_cresta	other				754403	1			0
Sound	snd_foca	other				788505	1			0
Sound	snd_huella	other				822607	1			0
Sound	snd_persiana	other				856778	1			0
Sound	snd_cafetera	other				890880	1			0
Sound	snd_novia	other				925051	1			0
Sound	snd_pimiento	other				959152	1			0
Sound	snd_molino	other				993254	1			0
Sound	snd_lobo	other				1027356	1			0
