Scenario - caja.sce
Logfile written - 11/30/2023 16:35:06

Subject	Trial	Event Type	Code	Time	TTime	Uncertainty	Duration	Uncertainty	ReqTime	ReqDur	Stim Type	Pair Index

200202	1	Response	98	38064	27994	1
200202	3	Sound	snd_huella	42164	7	204			0		other	0
200202	3	Key Input	72	57184	15028	1
200202	3	Key Input	85	67773	25617	1
200202	3	Key Input	69	70573	28416	1
200202	3	Text Input	HUE	72157	30000	0
200202	5	Sound	snd_persiana	76259	0	1			0		other	0
200202	5	Key Input	80	87014	10755	1
200202	5	Key Input	87	89643	13385	1
200202	5	Key Input	69	92823	16565	1
200202	5	Key Input	82	92833	16575	1
200202	5	Key Input	73	97073	20815	1
200202	5	Key Input	83	98713	22455	1
200202	5	Text Input	PWERIS	106259	30000	0
200202	7	Sound	snd_carpeta	110361	0	1			0		other	0
200202	7	Key Input	67	119843	9483	1
200202	7	Key Input	65	125733	15373	1
200202	7	Key Input	69	130343	19983	1
200202	7	Key Input	79	133813	23453	1
200202	7	Key Input	87	135283	24923	1
200202	7	Key Input	69	137963	27603	1
200202	7	Text Input	CAEOWE	140360	30000	0
200202	9	Sound	snd_cartera	144462	0	1			0		other	0
200202	9	Key Input	67	155284	10822	1
200202	9	Key Input	65	160383	15922	1
200202	9	Key Input	82	165943	21482	1
200202	9	Key Input	84	169533	25072	1
200202	9	Key Input	87	171093	26631	1
200202	9	Key Input	69	173573	29111	1
200202	9	Text Input	CARTWE	174462	30000	0
200202	11	Sound	snd_dinero	178564	0	1			0		other	0
200202	11	Key Input	68	187793	9230	1
200202	11	Key Input	85	189433	10870	1
200202	11	Key Input	66	192993	14430	1
200202	11	Key Input	69	195413	16850	1
200202	11	Key Input	82	197183	18620	1
200202	11	Key Input	73	201223	22660	1
200202	11	Text Input	DUBERI	208564	30000	0
200202	13	Sound	snd_hada	212805	0	1			0		other	0
200202	13	Key Input	72	222443	9639	1
200202	13	Key Input	65	223823	11019	1
200202	13	Key Input	68	226773	13969	1
200202	13	Key Input	65	228973	16169	1
200202	13	Text Input	HADA	242804	30000	0
200202	15	Sound	snd_sangre	246906	0	1			0		other	0
200202	15	Key Input	83	255173	8267	1
200202	15	Key Input	65	257703	10797	1
200202	15	Key Input	66	260934	14028	1
200202	15	Key Input	71	267494	20588	1
200202	15	Key Input	82	270404	23498	1
200202	15	Key Input	69	272434	25528	1
200202	15	Text Input	SABGRE	276906	30000	0
200202	17	Sound	snd_paja	281077	0	1			0		other	0
200202	17	Key Input	48	296474	15397	1
200202	17	Key Input	80	305804	24727	1
200202	17	Key Input	65	308074	26997	1
200202	17	Text Input	0PA	311077	30000	0
200202	19	Sound	snd_pimiento	315179	0	1			0		other	0
200202	19	Key Input	80	335254	20075	1
200202	19	Key Input	73	339784	24605	1
200202	19	Text Input	PI	345179	30000	0
200202	21	Sound	snd_caramelo	349281	0	1			0		other	0
200202	21	Key Input	52	350864	1584	1
200202	21	Key Input	67	361374	12094	1
200202	21	Key Input	65	366173	16893	1
200202	21	Key Input	82	369653	20373	1
200202	21	Key Input	65	371443	22163	1
200202	21	Key Input	77	377843	28563	1
200202	21	Text Input	4CARAM	379280	30000	0
200202	23	Sound	snd_regadera	383382	0	1			0		other	0
200202	23	Key Input	82	393673	10291	1
200202	23	Key Input	51	396813	13431	1
200202	23	Key Input	71	403503	20121	1
200202	23	Key Input	65	405823	22441	1
200202	23	Key Input	68	410734	27352	1
200202	23	Text Input	R3GAD	413382	30000	0
200202	25	Sound	snd_tortuga	417484	0	1			0		other	0
200202	25	Key Input	84	426743	9260	1
200202	25	Key Input	73	428773	11289	1
200202	25	Key Input	79	441103	23620	1
200202	25	Key Input	82	444903	27420	1
200202	25	Text Input	TIOR	447484	30000	0
200202	27	Sound	snd_pollo	451586	0	1			0		other	0
200202	27	Key Input	80	462004	10419	1
200202	27	Key Input	79	464643	13058	1
200202	27	Key Input	76	467484	15898	1
200202	27	Key Input	76	469154	17568	1
200202	27	Key Input	79	470804	19218	1
200202	27	Text Input	POLLO	481586	30000	0
200202	29	Sound	snd_labio	485687	0	1			0		other	0
200202	29	Key Input	76	493974	8287	1
200202	29	Key Input	65	496254	10567	1
200202	29	Key Input	86	501614	15927	1
200202	29	Key Input	73	505334	19647	1
200202	29	Key Input	79	511514	25827	1
200202	29	Text Input	LAVIO	515687	30000	0
200202	31	Sound	snd_molino	519859	0	1			0		other	0
200202	31	Key Input	77	531264	11406	1
200202	31	Key Input	79	535544	15685	1
200202	31	Key Input	76	539204	19345	1
200202	31	Key Input	56	543374	23515	1
200202	31	Text Input	MOL8	549858	30000	0
200202	33	Sound	snd_cresta	554030	0	1			0		other	0
200202	33	Key Input	67	563624	9594	1
200202	33	Key Input	82	567694	13665	1
200202	33	Key Input	69	571004	16974	1
200202	33	Key Input	83	573834	19804	1
200202	33	Key Input	84	575664	21634	1
200202	33	Key Input	65	576784	22754	1
200202	33	Text Input	CRESTA	584030	30000	0
200202	35	Sound	snd_abeja	588131	0	1			0		other	0
200202	35	Key Input	65	595874	7743	1
200202	35	Key Input	66	598574	10443	1
200202	35	Key Input	69	601834	13703	1
200202	35	Key Input	72	604603	16472	1
200202	35	Key Input	65	606603	18472	1
200202	35	Text Input	ABEHA	618131	30000	0
200202	37	Sound	snd_cepillo	622233	0	1			0		other	0
200202	37	Key Input	67	630533	8301	1
200202	37	Key Input	69	633643	11410	1
200202	37	Key Input	80	640833	18600	1
200202	37	Key Input	73	647233	25000	1
200202	37	Key Input	76	650103	27870	1
200202	37	Key Input	76	651773	29540	1
200202	37	Text Input	CEPILL	652233	30000	0
200202	39	Sound	snd_pistola	656335	0	1			0		other	0
200202	39	Key Input	80	665713	9379	1
200202	39	Key Input	73	673154	16820	1
200202	39	Key Input	83	678333	21999	1
200202	39	Key Input	84	682574	26239	1
200202	39	Key Input	79	684843	28509	1
200202	39	Text Input	PISTO	686335	30000	0
200202	41	Sound	snd_foca	690436	0	1			0		other	0
200202	41	Key Input	70	700123	9687	1
200202	41	Key Input	73	706073	15637	1
200202	41	Key Input	86	707513	17077	1
200202	41	Key Input	8	718123	27687	1
200202	41	Text Input	FI	720436	30000	0
200202	43	Sound	snd_novia	724538	0	1			0		other	0
200202	43	Key Input	78	734033	9496	1
200202	43	Key Input	79	737303	12765	1
200202	43	Key Input	86	742752	18214	1
200202	43	Key Input	73	745573	21035	1
200202	43	Key Input	65	750213	25675	1
200202	43	Text Input	NOVIA	754538	30000	0
200202	45	Sound	snd_taza	758640	0	1			0		other	0
200202	45	Key Input	84	767923	9284	1
200202	45	Key Input	65	769293	10653	1
200202	45	Key Input	90	772242	13603	1
200202	45	Key Input	65	775123	16483	1
200202	45	Text Input	TAZA	788640	30000	0
200202	47	Sound	snd_gafas	792742	0	1			0		other	0
200202	47	Key Input	71	801443	8701	1
200202	47	Key Input	65	803713	10972	1
200202	47	Key Input	70	806013	13272	1
200202	47	Key Input	65	807923	15182	1
200202	47	Key Input	83	809373	16632	1
200202	47	Text Input	GAFAS	822741	30000	0
200202	49	Sound	snd_cereza	826843	0	1			0		other	0
200202	49	Key Input	67	835933	9090	1
200202	49	Key Input	69	839553	12710	1
200202	49	Key Input	84	843613	16770	1
200202	49	Key Input	69	845383	18540	1
200202	49	Key Input	88	853493	26650	1
200202	49	Text Input	CETEX	856843	30000	0
200202	51	Sound	snd_cafetera	860945	0	1			0		other	0
200202	51	Key Input	67	874183	13238	1
200202	51	Key Input	65	875943	14998	1
200202	51	Key Input	71	880863	19918	1
200202	51	Key Input	69	882914	21969	1
200202	51	Key Input	82	886643	25698	1
200202	51	Text Input	CAGER	890945	30000	0
200202	53	Sound	snd_naranja	895116	0	1			0		other	0
200202	53	Key Input	78	905374	10258	1
200202	53	Key Input	65	907343	12227	1
200202	53	Key Input	82	912254	17138	1
200202	53	Key Input	65	914623	19507	1
200202	53	Key Input	78	920594	25478	1
200202	53	Key Input	72	923664	28548	1
200202	53	Text Input	NARANH	925116	30000	0
200202	55	Sound	snd_fresa	929218	0	1			0		other	0
200202	55	Key Input	71	943884	14666	1
200202	55	Key Input	8	959044	29826	1
200202	57	Sound	snd_lobo	963319	0	1			0		other	0
200202	57	Key Input	209	976564	13245	1
200202	57	Key Input	8	987804	24484	1
200202	59	Sound	snd_columpio	997421	0	1			0		other	0
200202	59	Key Input	32	1008814	11393	1
200202	59	Response	98	1008814	11393	1
200202	59	Key Input	86	1018024	20603	1
200202	59	Text Input	 V	1027421	30000	0
200202	61	Sound	snd_humo	1031592	0	1			0		other	0
200202	61	Key Input	72	1042544	10952	1
200202	61	Key Input	56	1047423	15831	1
200202	61	Key Input	77	1053453	21862	1
200202	61	Key Input	79	1057763	26171	1
200202	61	Key Input	48	1057793	26202	1
200202	61	Text Input	H8MO0	1061592	30000	0


Event Type	Code	Type	Response	RT	RT Uncertainty	Time	Uncertainty	Duration	Uncertainty	ReqTime	ReqDur

Sound	snd_huella	other				42164	204			0
Sound	snd_persiana	other				76259	1			0
Sound	snd_carpeta	other				110361	1			0
Sound	snd_cartera	other				144462	1			0
Sound	snd_dinero	other				178564	1			0
Sound	snd_hada	other				212805	1			0
Sound	snd_sangre	other				246906	1			0
Sound	snd_paja	other				281077	1			0
Sound	snd_pimiento	other				315179	1			0
Sound	snd_caramelo	other				349281	1			0
Sound	snd_regadera	other				383382	1			0
Sound	snd_tortuga	other				417484	1			0
Sound	snd_pollo	other				451586	1			0
Sound	snd_labio	other				485687	1			0
Sound	snd_molino	other				519859	1			0
Sound	snd_cresta	other				554030	1			0
Sound	snd_abeja	other				588131	1			0
Sound	snd_cepillo	other				622233	1			0
Sound	snd_pistola	other				656335	1			0
Sound	snd_foca	other				690436	1			0
Sound	snd_novia	other				724538	1			0
Sound	snd_taza	other				758640	1			0
Sound	snd_gafas	other				792742	1			0
Sound	snd_cereza	other				826843	1			0
Sound	snd_cafetera	other				860945	1			0
Sound	snd_naranja	other				895116	1			0
Sound	snd_fresa	other				929218	1			0
Sound	snd_lobo	other				963319	1			0
Sound	snd_columpio	other				997421	1			0
Sound	snd_humo	other				1031592	1			0
